[2024-09-17T18:28:25.863+0000] {processor.py:186} INFO - Started process (PID=33) to work on /home/airflow/.local/lib/python3.12/site-packages/airflow/example_dags/example_local_kubernetes_executor.py
[2024-09-17T18:28:25.889+0000] {processor.py:914} INFO - Processing file /home/airflow/.local/lib/python3.12/site-packages/airflow/example_dags/example_local_kubernetes_executor.py for tasks to queue
[2024-09-17T18:28:25.903+0000] {logging_mixin.py:190} INFO - [2024-09-17T18:28:25.902+0000] {dagbag.py:587} INFO - Filling up the DagBag from /home/airflow/.local/lib/python3.12/site-packages/airflow/example_dags/example_local_kubernetes_executor.py
[2024-09-17T18:28:25.923+0000] {processor.py:925} INFO - DAG(s) 'example_local_kubernetes_executor' retrieved from /home/airflow/.local/lib/python3.12/site-packages/airflow/example_dags/example_local_kubernetes_executor.py
[2024-09-17T18:28:26.112+0000] {logging_mixin.py:190} INFO - [2024-09-17T18:28:26.112+0000] {dag.py:3229} INFO - Sync 1 DAGs
[2024-09-17T18:28:26.142+0000] {logging_mixin.py:190} INFO - [2024-09-17T18:28:26.142+0000] {dag.py:4156} INFO - Setting next_dagrun for example_local_kubernetes_executor to None, run_after=None
[2024-09-17T18:28:26.253+0000] {processor.py:208} INFO - Processing /home/airflow/.local/lib/python3.12/site-packages/airflow/example_dags/example_local_kubernetes_executor.py took 0.402 seconds
[2024-09-17T18:28:56.612+0000] {processor.py:186} INFO - Started process (PID=96) to work on /home/airflow/.local/lib/python3.12/site-packages/airflow/example_dags/example_local_kubernetes_executor.py
[2024-09-17T18:28:56.614+0000] {processor.py:914} INFO - Processing file /home/airflow/.local/lib/python3.12/site-packages/airflow/example_dags/example_local_kubernetes_executor.py for tasks to queue
[2024-09-17T18:28:56.615+0000] {logging_mixin.py:190} INFO - [2024-09-17T18:28:56.615+0000] {dagbag.py:587} INFO - Filling up the DagBag from /home/airflow/.local/lib/python3.12/site-packages/airflow/example_dags/example_local_kubernetes_executor.py
[2024-09-17T18:28:56.623+0000] {processor.py:925} INFO - DAG(s) 'example_local_kubernetes_executor' retrieved from /home/airflow/.local/lib/python3.12/site-packages/airflow/example_dags/example_local_kubernetes_executor.py
[2024-09-17T18:28:56.643+0000] {logging_mixin.py:190} INFO - [2024-09-17T18:28:56.643+0000] {dag.py:3229} INFO - Sync 1 DAGs
[2024-09-17T18:28:56.656+0000] {logging_mixin.py:190} INFO - [2024-09-17T18:28:56.656+0000] {dag.py:4156} INFO - Setting next_dagrun for example_local_kubernetes_executor to None, run_after=None
[2024-09-17T18:28:56.704+0000] {processor.py:208} INFO - Processing /home/airflow/.local/lib/python3.12/site-packages/airflow/example_dags/example_local_kubernetes_executor.py took 0.096 seconds
[2024-09-17T18:29:27.592+0000] {processor.py:186} INFO - Started process (PID=159) to work on /home/airflow/.local/lib/python3.12/site-packages/airflow/example_dags/example_local_kubernetes_executor.py
[2024-09-17T18:29:27.594+0000] {processor.py:914} INFO - Processing file /home/airflow/.local/lib/python3.12/site-packages/airflow/example_dags/example_local_kubernetes_executor.py for tasks to queue
[2024-09-17T18:29:27.596+0000] {logging_mixin.py:190} INFO - [2024-09-17T18:29:27.596+0000] {dagbag.py:587} INFO - Filling up the DagBag from /home/airflow/.local/lib/python3.12/site-packages/airflow/example_dags/example_local_kubernetes_executor.py
[2024-09-17T18:29:27.604+0000] {processor.py:925} INFO - DAG(s) 'example_local_kubernetes_executor' retrieved from /home/airflow/.local/lib/python3.12/site-packages/airflow/example_dags/example_local_kubernetes_executor.py
[2024-09-17T18:29:27.628+0000] {logging_mixin.py:190} INFO - [2024-09-17T18:29:27.628+0000] {dag.py:3229} INFO - Sync 1 DAGs
[2024-09-17T18:29:27.639+0000] {logging_mixin.py:190} INFO - [2024-09-17T18:29:27.639+0000] {dag.py:4156} INFO - Setting next_dagrun for example_local_kubernetes_executor to None, run_after=None
[2024-09-17T18:29:27.659+0000] {processor.py:208} INFO - Processing /home/airflow/.local/lib/python3.12/site-packages/airflow/example_dags/example_local_kubernetes_executor.py took 0.070 seconds
[2024-09-17T18:29:58.568+0000] {processor.py:186} INFO - Started process (PID=222) to work on /home/airflow/.local/lib/python3.12/site-packages/airflow/example_dags/example_local_kubernetes_executor.py
[2024-09-17T18:29:58.570+0000] {processor.py:914} INFO - Processing file /home/airflow/.local/lib/python3.12/site-packages/airflow/example_dags/example_local_kubernetes_executor.py for tasks to queue
[2024-09-17T18:29:58.572+0000] {logging_mixin.py:190} INFO - [2024-09-17T18:29:58.572+0000] {dagbag.py:587} INFO - Filling up the DagBag from /home/airflow/.local/lib/python3.12/site-packages/airflow/example_dags/example_local_kubernetes_executor.py
[2024-09-17T18:29:58.582+0000] {processor.py:925} INFO - DAG(s) 'example_local_kubernetes_executor' retrieved from /home/airflow/.local/lib/python3.12/site-packages/airflow/example_dags/example_local_kubernetes_executor.py
[2024-09-17T18:29:58.622+0000] {logging_mixin.py:190} INFO - [2024-09-17T18:29:58.622+0000] {dag.py:3229} INFO - Sync 1 DAGs
[2024-09-17T18:29:58.635+0000] {logging_mixin.py:190} INFO - [2024-09-17T18:29:58.635+0000] {dag.py:4156} INFO - Setting next_dagrun for example_local_kubernetes_executor to None, run_after=None
[2024-09-17T18:29:58.650+0000] {processor.py:208} INFO - Processing /home/airflow/.local/lib/python3.12/site-packages/airflow/example_dags/example_local_kubernetes_executor.py took 0.088 seconds
[2024-09-17T18:30:28.936+0000] {processor.py:186} INFO - Started process (PID=285) to work on /home/airflow/.local/lib/python3.12/site-packages/airflow/example_dags/example_local_kubernetes_executor.py
[2024-09-17T18:30:28.939+0000] {processor.py:914} INFO - Processing file /home/airflow/.local/lib/python3.12/site-packages/airflow/example_dags/example_local_kubernetes_executor.py for tasks to queue
[2024-09-17T18:30:28.941+0000] {logging_mixin.py:190} INFO - [2024-09-17T18:30:28.941+0000] {dagbag.py:587} INFO - Filling up the DagBag from /home/airflow/.local/lib/python3.12/site-packages/airflow/example_dags/example_local_kubernetes_executor.py
[2024-09-17T18:30:28.950+0000] {processor.py:925} INFO - DAG(s) 'example_local_kubernetes_executor' retrieved from /home/airflow/.local/lib/python3.12/site-packages/airflow/example_dags/example_local_kubernetes_executor.py
[2024-09-17T18:30:28.982+0000] {logging_mixin.py:190} INFO - [2024-09-17T18:30:28.982+0000] {dag.py:3229} INFO - Sync 1 DAGs
[2024-09-17T18:30:28.992+0000] {logging_mixin.py:190} INFO - [2024-09-17T18:30:28.992+0000] {dag.py:4156} INFO - Setting next_dagrun for example_local_kubernetes_executor to None, run_after=None
[2024-09-17T18:30:29.003+0000] {processor.py:208} INFO - Processing /home/airflow/.local/lib/python3.12/site-packages/airflow/example_dags/example_local_kubernetes_executor.py took 0.072 seconds
[2024-09-17T18:30:59.166+0000] {processor.py:186} INFO - Started process (PID=348) to work on /home/airflow/.local/lib/python3.12/site-packages/airflow/example_dags/example_local_kubernetes_executor.py
[2024-09-17T18:30:59.168+0000] {processor.py:914} INFO - Processing file /home/airflow/.local/lib/python3.12/site-packages/airflow/example_dags/example_local_kubernetes_executor.py for tasks to queue
[2024-09-17T18:30:59.170+0000] {logging_mixin.py:190} INFO - [2024-09-17T18:30:59.169+0000] {dagbag.py:587} INFO - Filling up the DagBag from /home/airflow/.local/lib/python3.12/site-packages/airflow/example_dags/example_local_kubernetes_executor.py
[2024-09-17T18:30:59.176+0000] {processor.py:925} INFO - DAG(s) 'example_local_kubernetes_executor' retrieved from /home/airflow/.local/lib/python3.12/site-packages/airflow/example_dags/example_local_kubernetes_executor.py
[2024-09-17T18:30:59.197+0000] {logging_mixin.py:190} INFO - [2024-09-17T18:30:59.197+0000] {dag.py:3229} INFO - Sync 1 DAGs
[2024-09-17T18:30:59.205+0000] {logging_mixin.py:190} INFO - [2024-09-17T18:30:59.205+0000] {dag.py:4156} INFO - Setting next_dagrun for example_local_kubernetes_executor to None, run_after=None
[2024-09-17T18:30:59.216+0000] {processor.py:208} INFO - Processing /home/airflow/.local/lib/python3.12/site-packages/airflow/example_dags/example_local_kubernetes_executor.py took 0.053 seconds
[2024-09-17T18:31:29.881+0000] {processor.py:186} INFO - Started process (PID=410) to work on /home/airflow/.local/lib/python3.12/site-packages/airflow/example_dags/example_local_kubernetes_executor.py
[2024-09-17T18:31:29.882+0000] {processor.py:914} INFO - Processing file /home/airflow/.local/lib/python3.12/site-packages/airflow/example_dags/example_local_kubernetes_executor.py for tasks to queue
[2024-09-17T18:31:29.885+0000] {logging_mixin.py:190} INFO - [2024-09-17T18:31:29.884+0000] {dagbag.py:587} INFO - Filling up the DagBag from /home/airflow/.local/lib/python3.12/site-packages/airflow/example_dags/example_local_kubernetes_executor.py
[2024-09-17T18:31:29.896+0000] {processor.py:925} INFO - DAG(s) 'example_local_kubernetes_executor' retrieved from /home/airflow/.local/lib/python3.12/site-packages/airflow/example_dags/example_local_kubernetes_executor.py
[2024-09-17T18:31:29.922+0000] {logging_mixin.py:190} INFO - [2024-09-17T18:31:29.922+0000] {dag.py:3229} INFO - Sync 1 DAGs
[2024-09-17T18:31:29.932+0000] {logging_mixin.py:190} INFO - [2024-09-17T18:31:29.932+0000] {dag.py:4156} INFO - Setting next_dagrun for example_local_kubernetes_executor to None, run_after=None
[2024-09-17T18:31:29.947+0000] {processor.py:208} INFO - Processing /home/airflow/.local/lib/python3.12/site-packages/airflow/example_dags/example_local_kubernetes_executor.py took 0.070 seconds
[2024-09-17T18:32:00.764+0000] {processor.py:186} INFO - Started process (PID=473) to work on /home/airflow/.local/lib/python3.12/site-packages/airflow/example_dags/example_local_kubernetes_executor.py
[2024-09-17T18:32:00.766+0000] {processor.py:914} INFO - Processing file /home/airflow/.local/lib/python3.12/site-packages/airflow/example_dags/example_local_kubernetes_executor.py for tasks to queue
[2024-09-17T18:32:00.767+0000] {logging_mixin.py:190} INFO - [2024-09-17T18:32:00.767+0000] {dagbag.py:587} INFO - Filling up the DagBag from /home/airflow/.local/lib/python3.12/site-packages/airflow/example_dags/example_local_kubernetes_executor.py
[2024-09-17T18:32:00.774+0000] {processor.py:925} INFO - DAG(s) 'example_local_kubernetes_executor' retrieved from /home/airflow/.local/lib/python3.12/site-packages/airflow/example_dags/example_local_kubernetes_executor.py
[2024-09-17T18:32:00.795+0000] {logging_mixin.py:190} INFO - [2024-09-17T18:32:00.795+0000] {dag.py:3229} INFO - Sync 1 DAGs
[2024-09-17T18:32:00.804+0000] {logging_mixin.py:190} INFO - [2024-09-17T18:32:00.804+0000] {dag.py:4156} INFO - Setting next_dagrun for example_local_kubernetes_executor to None, run_after=None
[2024-09-17T18:32:00.814+0000] {processor.py:208} INFO - Processing /home/airflow/.local/lib/python3.12/site-packages/airflow/example_dags/example_local_kubernetes_executor.py took 0.054 seconds
[2024-09-17T18:32:31.695+0000] {processor.py:186} INFO - Started process (PID=536) to work on /home/airflow/.local/lib/python3.12/site-packages/airflow/example_dags/example_local_kubernetes_executor.py
[2024-09-17T18:32:31.697+0000] {processor.py:914} INFO - Processing file /home/airflow/.local/lib/python3.12/site-packages/airflow/example_dags/example_local_kubernetes_executor.py for tasks to queue
[2024-09-17T18:32:31.700+0000] {logging_mixin.py:190} INFO - [2024-09-17T18:32:31.700+0000] {dagbag.py:587} INFO - Filling up the DagBag from /home/airflow/.local/lib/python3.12/site-packages/airflow/example_dags/example_local_kubernetes_executor.py
[2024-09-17T18:32:31.708+0000] {processor.py:925} INFO - DAG(s) 'example_local_kubernetes_executor' retrieved from /home/airflow/.local/lib/python3.12/site-packages/airflow/example_dags/example_local_kubernetes_executor.py
[2024-09-17T18:32:31.746+0000] {logging_mixin.py:190} INFO - [2024-09-17T18:32:31.745+0000] {dag.py:3229} INFO - Sync 1 DAGs
[2024-09-17T18:32:31.757+0000] {logging_mixin.py:190} INFO - [2024-09-17T18:32:31.757+0000] {dag.py:4156} INFO - Setting next_dagrun for example_local_kubernetes_executor to None, run_after=None
[2024-09-17T18:32:31.776+0000] {processor.py:208} INFO - Processing /home/airflow/.local/lib/python3.12/site-packages/airflow/example_dags/example_local_kubernetes_executor.py took 0.087 seconds
