[2024-09-17T18:28:27.937+0000] {processor.py:186} INFO - Started process (PID=40) to work on /home/airflow/.local/lib/python3.12/site-packages/airflow/example_dags/example_dataset_alias.py
[2024-09-17T18:28:27.939+0000] {processor.py:914} INFO - Processing file /home/airflow/.local/lib/python3.12/site-packages/airflow/example_dags/example_dataset_alias.py for tasks to queue
[2024-09-17T18:28:27.944+0000] {logging_mixin.py:190} INFO - [2024-09-17T18:28:27.944+0000] {dagbag.py:587} INFO - Filling up the DagBag from /home/airflow/.local/lib/python3.12/site-packages/airflow/example_dags/example_dataset_alias.py
[2024-09-17T18:28:28.270+0000] {processor.py:925} INFO - DAG(s) 'dataset_s3_bucket_producer', 'dataset_alias_example_alias_consumer', 'dataset_s3_bucket_consumer', 'dataset_alias_example_alias_producer' retrieved from /home/airflow/.local/lib/python3.12/site-packages/airflow/example_dags/example_dataset_alias.py
[2024-09-17T18:28:28.461+0000] {logging_mixin.py:190} INFO - [2024-09-17T18:28:28.461+0000] {dag.py:3229} INFO - Sync 4 DAGs
[2024-09-17T18:28:28.479+0000] {logging_mixin.py:190} INFO - [2024-09-17T18:28:28.479+0000] {dag.py:4156} INFO - Setting next_dagrun for dataset_alias_example_alias_consumer to None, run_after=None
[2024-09-17T18:28:28.481+0000] {logging_mixin.py:190} INFO - [2024-09-17T18:28:28.481+0000] {dag.py:4156} INFO - Setting next_dagrun for dataset_alias_example_alias_producer to None, run_after=None
[2024-09-17T18:28:28.482+0000] {logging_mixin.py:190} INFO - [2024-09-17T18:28:28.482+0000] {dag.py:4156} INFO - Setting next_dagrun for dataset_s3_bucket_consumer to None, run_after=None
[2024-09-17T18:28:28.483+0000] {logging_mixin.py:190} INFO - [2024-09-17T18:28:28.483+0000] {dag.py:4156} INFO - Setting next_dagrun for dataset_s3_bucket_producer to None, run_after=None
[2024-09-17T18:28:28.497+0000] {processor.py:208} INFO - Processing /home/airflow/.local/lib/python3.12/site-packages/airflow/example_dags/example_dataset_alias.py took 0.568 seconds
[2024-09-17T18:28:59.093+0000] {processor.py:186} INFO - Started process (PID=103) to work on /home/airflow/.local/lib/python3.12/site-packages/airflow/example_dags/example_dataset_alias.py
[2024-09-17T18:28:59.095+0000] {processor.py:914} INFO - Processing file /home/airflow/.local/lib/python3.12/site-packages/airflow/example_dags/example_dataset_alias.py for tasks to queue
[2024-09-17T18:28:59.099+0000] {logging_mixin.py:190} INFO - [2024-09-17T18:28:59.099+0000] {dagbag.py:587} INFO - Filling up the DagBag from /home/airflow/.local/lib/python3.12/site-packages/airflow/example_dags/example_dataset_alias.py
[2024-09-17T18:28:59.209+0000] {processor.py:925} INFO - DAG(s) 'dataset_alias_example_alias_consumer', 'dataset_s3_bucket_producer', 'dataset_alias_example_alias_producer', 'dataset_s3_bucket_consumer' retrieved from /home/airflow/.local/lib/python3.12/site-packages/airflow/example_dags/example_dataset_alias.py
[2024-09-17T18:28:59.222+0000] {logging_mixin.py:190} INFO - [2024-09-17T18:28:59.222+0000] {dag.py:3229} INFO - Sync 4 DAGs
[2024-09-17T18:28:59.236+0000] {logging_mixin.py:190} INFO - [2024-09-17T18:28:59.236+0000] {dag.py:4156} INFO - Setting next_dagrun for dataset_alias_example_alias_consumer to None, run_after=None
[2024-09-17T18:28:59.239+0000] {logging_mixin.py:190} INFO - [2024-09-17T18:28:59.239+0000] {dag.py:4156} INFO - Setting next_dagrun for dataset_alias_example_alias_producer to None, run_after=None
[2024-09-17T18:28:59.240+0000] {logging_mixin.py:190} INFO - [2024-09-17T18:28:59.240+0000] {dag.py:4156} INFO - Setting next_dagrun for dataset_s3_bucket_consumer to None, run_after=None
[2024-09-17T18:28:59.241+0000] {logging_mixin.py:190} INFO - [2024-09-17T18:28:59.241+0000] {dag.py:4156} INFO - Setting next_dagrun for dataset_s3_bucket_producer to None, run_after=None
[2024-09-17T18:28:59.255+0000] {processor.py:208} INFO - Processing /home/airflow/.local/lib/python3.12/site-packages/airflow/example_dags/example_dataset_alias.py took 0.169 seconds
[2024-09-17T18:29:30.111+0000] {processor.py:186} INFO - Started process (PID=166) to work on /home/airflow/.local/lib/python3.12/site-packages/airflow/example_dags/example_dataset_alias.py
[2024-09-17T18:29:30.116+0000] {processor.py:914} INFO - Processing file /home/airflow/.local/lib/python3.12/site-packages/airflow/example_dags/example_dataset_alias.py for tasks to queue
[2024-09-17T18:29:30.119+0000] {logging_mixin.py:190} INFO - [2024-09-17T18:29:30.119+0000] {dagbag.py:587} INFO - Filling up the DagBag from /home/airflow/.local/lib/python3.12/site-packages/airflow/example_dags/example_dataset_alias.py
[2024-09-17T18:29:30.218+0000] {processor.py:925} INFO - DAG(s) 'dataset_s3_bucket_consumer', 'dataset_alias_example_alias_consumer', 'dataset_alias_example_alias_producer', 'dataset_s3_bucket_producer' retrieved from /home/airflow/.local/lib/python3.12/site-packages/airflow/example_dags/example_dataset_alias.py
[2024-09-17T18:29:30.232+0000] {logging_mixin.py:190} INFO - [2024-09-17T18:29:30.232+0000] {dag.py:3229} INFO - Sync 4 DAGs
[2024-09-17T18:29:30.245+0000] {logging_mixin.py:190} INFO - [2024-09-17T18:29:30.245+0000] {dag.py:4156} INFO - Setting next_dagrun for dataset_alias_example_alias_consumer to None, run_after=None
[2024-09-17T18:29:30.248+0000] {logging_mixin.py:190} INFO - [2024-09-17T18:29:30.248+0000] {dag.py:4156} INFO - Setting next_dagrun for dataset_alias_example_alias_producer to None, run_after=None
[2024-09-17T18:29:30.249+0000] {logging_mixin.py:190} INFO - [2024-09-17T18:29:30.249+0000] {dag.py:4156} INFO - Setting next_dagrun for dataset_s3_bucket_consumer to None, run_after=None
[2024-09-17T18:29:30.250+0000] {logging_mixin.py:190} INFO - [2024-09-17T18:29:30.250+0000] {dag.py:4156} INFO - Setting next_dagrun for dataset_s3_bucket_producer to None, run_after=None
[2024-09-17T18:29:30.268+0000] {processor.py:208} INFO - Processing /home/airflow/.local/lib/python3.12/site-packages/airflow/example_dags/example_dataset_alias.py took 0.170 seconds
[2024-09-17T18:30:01.161+0000] {processor.py:186} INFO - Started process (PID=229) to work on /home/airflow/.local/lib/python3.12/site-packages/airflow/example_dags/example_dataset_alias.py
[2024-09-17T18:30:01.165+0000] {processor.py:914} INFO - Processing file /home/airflow/.local/lib/python3.12/site-packages/airflow/example_dags/example_dataset_alias.py for tasks to queue
[2024-09-17T18:30:01.168+0000] {logging_mixin.py:190} INFO - [2024-09-17T18:30:01.167+0000] {dagbag.py:587} INFO - Filling up the DagBag from /home/airflow/.local/lib/python3.12/site-packages/airflow/example_dags/example_dataset_alias.py
[2024-09-17T18:30:01.465+0000] {processor.py:925} INFO - DAG(s) 'dataset_s3_bucket_consumer', 'dataset_s3_bucket_producer', 'dataset_alias_example_alias_producer', 'dataset_alias_example_alias_consumer' retrieved from /home/airflow/.local/lib/python3.12/site-packages/airflow/example_dags/example_dataset_alias.py
[2024-09-17T18:30:01.488+0000] {logging_mixin.py:190} INFO - [2024-09-17T18:30:01.488+0000] {dag.py:3229} INFO - Sync 4 DAGs
[2024-09-17T18:30:01.512+0000] {logging_mixin.py:190} INFO - [2024-09-17T18:30:01.510+0000] {dag.py:4156} INFO - Setting next_dagrun for dataset_alias_example_alias_consumer to None, run_after=None
[2024-09-17T18:30:01.520+0000] {logging_mixin.py:190} INFO - [2024-09-17T18:30:01.520+0000] {dag.py:4156} INFO - Setting next_dagrun for dataset_alias_example_alias_producer to None, run_after=None
[2024-09-17T18:30:01.523+0000] {logging_mixin.py:190} INFO - [2024-09-17T18:30:01.523+0000] {dag.py:4156} INFO - Setting next_dagrun for dataset_s3_bucket_consumer to None, run_after=None
[2024-09-17T18:30:01.530+0000] {logging_mixin.py:190} INFO - [2024-09-17T18:30:01.529+0000] {dag.py:4156} INFO - Setting next_dagrun for dataset_s3_bucket_producer to None, run_after=None
[2024-09-17T18:30:01.556+0000] {processor.py:208} INFO - Processing /home/airflow/.local/lib/python3.12/site-packages/airflow/example_dags/example_dataset_alias.py took 0.417 seconds
[2024-09-17T18:30:32.483+0000] {processor.py:186} INFO - Started process (PID=293) to work on /home/airflow/.local/lib/python3.12/site-packages/airflow/example_dags/example_dataset_alias.py
[2024-09-17T18:30:32.486+0000] {processor.py:914} INFO - Processing file /home/airflow/.local/lib/python3.12/site-packages/airflow/example_dags/example_dataset_alias.py for tasks to queue
[2024-09-17T18:30:32.489+0000] {logging_mixin.py:190} INFO - [2024-09-17T18:30:32.489+0000] {dagbag.py:587} INFO - Filling up the DagBag from /home/airflow/.local/lib/python3.12/site-packages/airflow/example_dags/example_dataset_alias.py
[2024-09-17T18:30:32.604+0000] {processor.py:925} INFO - DAG(s) 'dataset_s3_bucket_producer', 'dataset_alias_example_alias_producer', 'dataset_s3_bucket_consumer', 'dataset_alias_example_alias_consumer' retrieved from /home/airflow/.local/lib/python3.12/site-packages/airflow/example_dags/example_dataset_alias.py
[2024-09-17T18:30:32.617+0000] {logging_mixin.py:190} INFO - [2024-09-17T18:30:32.617+0000] {dag.py:3229} INFO - Sync 4 DAGs
[2024-09-17T18:30:32.631+0000] {logging_mixin.py:190} INFO - [2024-09-17T18:30:32.631+0000] {dag.py:4156} INFO - Setting next_dagrun for dataset_alias_example_alias_consumer to None, run_after=None
[2024-09-17T18:30:32.633+0000] {logging_mixin.py:190} INFO - [2024-09-17T18:30:32.633+0000] {dag.py:4156} INFO - Setting next_dagrun for dataset_alias_example_alias_producer to None, run_after=None
[2024-09-17T18:30:32.635+0000] {logging_mixin.py:190} INFO - [2024-09-17T18:30:32.634+0000] {dag.py:4156} INFO - Setting next_dagrun for dataset_s3_bucket_consumer to None, run_after=None
[2024-09-17T18:30:32.636+0000] {logging_mixin.py:190} INFO - [2024-09-17T18:30:32.636+0000] {dag.py:4156} INFO - Setting next_dagrun for dataset_s3_bucket_producer to None, run_after=None
[2024-09-17T18:30:32.651+0000] {processor.py:208} INFO - Processing /home/airflow/.local/lib/python3.12/site-packages/airflow/example_dags/example_dataset_alias.py took 0.176 seconds
[2024-09-17T18:31:02.751+0000] {processor.py:186} INFO - Started process (PID=358) to work on /home/airflow/.local/lib/python3.12/site-packages/airflow/example_dags/example_dataset_alias.py
[2024-09-17T18:31:02.754+0000] {processor.py:914} INFO - Processing file /home/airflow/.local/lib/python3.12/site-packages/airflow/example_dags/example_dataset_alias.py for tasks to queue
[2024-09-17T18:31:02.758+0000] {logging_mixin.py:190} INFO - [2024-09-17T18:31:02.758+0000] {dagbag.py:587} INFO - Filling up the DagBag from /home/airflow/.local/lib/python3.12/site-packages/airflow/example_dags/example_dataset_alias.py
[2024-09-17T18:31:02.854+0000] {processor.py:925} INFO - DAG(s) 'dataset_s3_bucket_consumer', 'dataset_alias_example_alias_consumer', 'dataset_alias_example_alias_producer', 'dataset_s3_bucket_producer' retrieved from /home/airflow/.local/lib/python3.12/site-packages/airflow/example_dags/example_dataset_alias.py
[2024-09-17T18:31:02.866+0000] {logging_mixin.py:190} INFO - [2024-09-17T18:31:02.865+0000] {dag.py:3229} INFO - Sync 4 DAGs
[2024-09-17T18:31:02.879+0000] {logging_mixin.py:190} INFO - [2024-09-17T18:31:02.879+0000] {dag.py:4156} INFO - Setting next_dagrun for dataset_alias_example_alias_consumer to None, run_after=None
[2024-09-17T18:31:02.882+0000] {logging_mixin.py:190} INFO - [2024-09-17T18:31:02.882+0000] {dag.py:4156} INFO - Setting next_dagrun for dataset_alias_example_alias_producer to None, run_after=None
[2024-09-17T18:31:02.883+0000] {logging_mixin.py:190} INFO - [2024-09-17T18:31:02.883+0000] {dag.py:4156} INFO - Setting next_dagrun for dataset_s3_bucket_consumer to None, run_after=None
[2024-09-17T18:31:02.884+0000] {logging_mixin.py:190} INFO - [2024-09-17T18:31:02.884+0000] {dag.py:4156} INFO - Setting next_dagrun for dataset_s3_bucket_producer to None, run_after=None
[2024-09-17T18:31:02.896+0000] {processor.py:208} INFO - Processing /home/airflow/.local/lib/python3.12/site-packages/airflow/example_dags/example_dataset_alias.py took 0.149 seconds
[2024-09-17T18:31:33.393+0000] {processor.py:186} INFO - Started process (PID=418) to work on /home/airflow/.local/lib/python3.12/site-packages/airflow/example_dags/example_dataset_alias.py
[2024-09-17T18:31:33.398+0000] {processor.py:914} INFO - Processing file /home/airflow/.local/lib/python3.12/site-packages/airflow/example_dags/example_dataset_alias.py for tasks to queue
[2024-09-17T18:31:33.403+0000] {logging_mixin.py:190} INFO - [2024-09-17T18:31:33.402+0000] {dagbag.py:587} INFO - Filling up the DagBag from /home/airflow/.local/lib/python3.12/site-packages/airflow/example_dags/example_dataset_alias.py
[2024-09-17T18:31:33.691+0000] {processor.py:925} INFO - DAG(s) 'dataset_alias_example_alias_consumer', 'dataset_s3_bucket_producer', 'dataset_alias_example_alias_producer', 'dataset_s3_bucket_consumer' retrieved from /home/airflow/.local/lib/python3.12/site-packages/airflow/example_dags/example_dataset_alias.py
[2024-09-17T18:31:33.706+0000] {logging_mixin.py:190} INFO - [2024-09-17T18:31:33.706+0000] {dag.py:3229} INFO - Sync 4 DAGs
[2024-09-17T18:31:33.725+0000] {logging_mixin.py:190} INFO - [2024-09-17T18:31:33.725+0000] {dag.py:4156} INFO - Setting next_dagrun for dataset_alias_example_alias_consumer to None, run_after=None
[2024-09-17T18:31:33.728+0000] {logging_mixin.py:190} INFO - [2024-09-17T18:31:33.728+0000] {dag.py:4156} INFO - Setting next_dagrun for dataset_alias_example_alias_producer to None, run_after=None
[2024-09-17T18:31:33.729+0000] {logging_mixin.py:190} INFO - [2024-09-17T18:31:33.729+0000] {dag.py:4156} INFO - Setting next_dagrun for dataset_s3_bucket_consumer to None, run_after=None
[2024-09-17T18:31:33.731+0000] {logging_mixin.py:190} INFO - [2024-09-17T18:31:33.730+0000] {dag.py:4156} INFO - Setting next_dagrun for dataset_s3_bucket_producer to None, run_after=None
[2024-09-17T18:31:33.743+0000] {processor.py:208} INFO - Processing /home/airflow/.local/lib/python3.12/site-packages/airflow/example_dags/example_dataset_alias.py took 0.362 seconds
[2024-09-17T18:32:04.411+0000] {processor.py:186} INFO - Started process (PID=481) to work on /home/airflow/.local/lib/python3.12/site-packages/airflow/example_dags/example_dataset_alias.py
[2024-09-17T18:32:04.414+0000] {processor.py:914} INFO - Processing file /home/airflow/.local/lib/python3.12/site-packages/airflow/example_dags/example_dataset_alias.py for tasks to queue
[2024-09-17T18:32:04.418+0000] {logging_mixin.py:190} INFO - [2024-09-17T18:32:04.417+0000] {dagbag.py:587} INFO - Filling up the DagBag from /home/airflow/.local/lib/python3.12/site-packages/airflow/example_dags/example_dataset_alias.py
[2024-09-17T18:32:04.712+0000] {processor.py:925} INFO - DAG(s) 'dataset_alias_example_alias_consumer', 'dataset_s3_bucket_consumer', 'dataset_s3_bucket_producer', 'dataset_alias_example_alias_producer' retrieved from /home/airflow/.local/lib/python3.12/site-packages/airflow/example_dags/example_dataset_alias.py
[2024-09-17T18:32:04.732+0000] {logging_mixin.py:190} INFO - [2024-09-17T18:32:04.732+0000] {dag.py:3229} INFO - Sync 4 DAGs
[2024-09-17T18:32:04.757+0000] {logging_mixin.py:190} INFO - [2024-09-17T18:32:04.756+0000] {dag.py:4156} INFO - Setting next_dagrun for dataset_alias_example_alias_consumer to None, run_after=None
[2024-09-17T18:32:04.760+0000] {logging_mixin.py:190} INFO - [2024-09-17T18:32:04.760+0000] {dag.py:4156} INFO - Setting next_dagrun for dataset_alias_example_alias_producer to None, run_after=None
[2024-09-17T18:32:04.763+0000] {logging_mixin.py:190} INFO - [2024-09-17T18:32:04.763+0000] {dag.py:4156} INFO - Setting next_dagrun for dataset_s3_bucket_consumer to None, run_after=None
[2024-09-17T18:32:04.765+0000] {logging_mixin.py:190} INFO - [2024-09-17T18:32:04.765+0000] {dag.py:4156} INFO - Setting next_dagrun for dataset_s3_bucket_producer to None, run_after=None
[2024-09-17T18:32:04.798+0000] {processor.py:208} INFO - Processing /home/airflow/.local/lib/python3.12/site-packages/airflow/example_dags/example_dataset_alias.py took 0.395 seconds
[2024-09-17T18:32:35.262+0000] {processor.py:186} INFO - Started process (PID=544) to work on /home/airflow/.local/lib/python3.12/site-packages/airflow/example_dags/example_dataset_alias.py
[2024-09-17T18:32:35.265+0000] {processor.py:914} INFO - Processing file /home/airflow/.local/lib/python3.12/site-packages/airflow/example_dags/example_dataset_alias.py for tasks to queue
[2024-09-17T18:32:35.270+0000] {logging_mixin.py:190} INFO - [2024-09-17T18:32:35.270+0000] {dagbag.py:587} INFO - Filling up the DagBag from /home/airflow/.local/lib/python3.12/site-packages/airflow/example_dags/example_dataset_alias.py
[2024-09-17T18:32:35.390+0000] {processor.py:925} INFO - DAG(s) 'dataset_s3_bucket_producer', 'dataset_alias_example_alias_producer', 'dataset_s3_bucket_consumer', 'dataset_alias_example_alias_consumer' retrieved from /home/airflow/.local/lib/python3.12/site-packages/airflow/example_dags/example_dataset_alias.py
[2024-09-17T18:32:35.404+0000] {logging_mixin.py:190} INFO - [2024-09-17T18:32:35.404+0000] {dag.py:3229} INFO - Sync 4 DAGs
[2024-09-17T18:32:35.420+0000] {logging_mixin.py:190} INFO - [2024-09-17T18:32:35.419+0000] {dag.py:4156} INFO - Setting next_dagrun for dataset_alias_example_alias_consumer to None, run_after=None
[2024-09-17T18:32:35.423+0000] {logging_mixin.py:190} INFO - [2024-09-17T18:32:35.423+0000] {dag.py:4156} INFO - Setting next_dagrun for dataset_alias_example_alias_producer to None, run_after=None
[2024-09-17T18:32:35.425+0000] {logging_mixin.py:190} INFO - [2024-09-17T18:32:35.424+0000] {dag.py:4156} INFO - Setting next_dagrun for dataset_s3_bucket_consumer to None, run_after=None
[2024-09-17T18:32:35.426+0000] {logging_mixin.py:190} INFO - [2024-09-17T18:32:35.425+0000] {dag.py:4156} INFO - Setting next_dagrun for dataset_s3_bucket_producer to None, run_after=None
[2024-09-17T18:32:35.438+0000] {processor.py:208} INFO - Processing /home/airflow/.local/lib/python3.12/site-packages/airflow/example_dags/example_dataset_alias.py took 0.185 seconds
