[2024-09-17T18:28:28.984+0000] {processor.py:186} INFO - Started process (PID=47) to work on /home/airflow/.local/lib/python3.12/site-packages/airflow/example_dags/example_python_decorator.py
[2024-09-17T18:28:28.985+0000] {processor.py:914} INFO - Processing file /home/airflow/.local/lib/python3.12/site-packages/airflow/example_dags/example_python_decorator.py for tasks to queue
[2024-09-17T18:28:28.988+0000] {logging_mixin.py:190} INFO - [2024-09-17T18:28:28.988+0000] {dagbag.py:587} INFO - Filling up the DagBag from /home/airflow/.local/lib/python3.12/site-packages/airflow/example_dags/example_python_decorator.py
[2024-09-17T18:28:29.003+0000] {processor.py:925} INFO - DAG(s) 'example_python_decorator' retrieved from /home/airflow/.local/lib/python3.12/site-packages/airflow/example_dags/example_python_decorator.py
[2024-09-17T18:28:29.077+0000] {logging_mixin.py:190} INFO - [2024-09-17T18:28:29.077+0000] {dag.py:3229} INFO - Sync 1 DAGs
[2024-09-17T18:28:29.085+0000] {logging_mixin.py:190} INFO - [2024-09-17T18:28:29.085+0000] {dag.py:4156} INFO - Setting next_dagrun for example_python_decorator to None, run_after=None
[2024-09-17T18:28:29.099+0000] {processor.py:208} INFO - Processing /home/airflow/.local/lib/python3.12/site-packages/airflow/example_dags/example_python_decorator.py took 0.119 seconds
[2024-09-17T18:28:59.423+0000] {processor.py:186} INFO - Started process (PID=110) to work on /home/airflow/.local/lib/python3.12/site-packages/airflow/example_dags/example_python_decorator.py
[2024-09-17T18:28:59.429+0000] {processor.py:914} INFO - Processing file /home/airflow/.local/lib/python3.12/site-packages/airflow/example_dags/example_python_decorator.py for tasks to queue
[2024-09-17T18:28:59.434+0000] {logging_mixin.py:190} INFO - [2024-09-17T18:28:59.434+0000] {dagbag.py:587} INFO - Filling up the DagBag from /home/airflow/.local/lib/python3.12/site-packages/airflow/example_dags/example_python_decorator.py
[2024-09-17T18:28:59.446+0000] {processor.py:925} INFO - DAG(s) 'example_python_decorator' retrieved from /home/airflow/.local/lib/python3.12/site-packages/airflow/example_dags/example_python_decorator.py
[2024-09-17T18:28:59.460+0000] {logging_mixin.py:190} INFO - [2024-09-17T18:28:59.459+0000] {dag.py:3229} INFO - Sync 1 DAGs
[2024-09-17T18:28:59.472+0000] {logging_mixin.py:190} INFO - [2024-09-17T18:28:59.472+0000] {dag.py:4156} INFO - Setting next_dagrun for example_python_decorator to None, run_after=None
[2024-09-17T18:28:59.488+0000] {processor.py:208} INFO - Processing /home/airflow/.local/lib/python3.12/site-packages/airflow/example_dags/example_python_decorator.py took 0.069 seconds
[2024-09-17T18:29:30.424+0000] {processor.py:186} INFO - Started process (PID=173) to work on /home/airflow/.local/lib/python3.12/site-packages/airflow/example_dags/example_python_decorator.py
[2024-09-17T18:29:30.426+0000] {processor.py:914} INFO - Processing file /home/airflow/.local/lib/python3.12/site-packages/airflow/example_dags/example_python_decorator.py for tasks to queue
[2024-09-17T18:29:30.427+0000] {logging_mixin.py:190} INFO - [2024-09-17T18:29:30.427+0000] {dagbag.py:587} INFO - Filling up the DagBag from /home/airflow/.local/lib/python3.12/site-packages/airflow/example_dags/example_python_decorator.py
[2024-09-17T18:29:30.435+0000] {processor.py:925} INFO - DAG(s) 'example_python_decorator' retrieved from /home/airflow/.local/lib/python3.12/site-packages/airflow/example_dags/example_python_decorator.py
[2024-09-17T18:29:30.448+0000] {logging_mixin.py:190} INFO - [2024-09-17T18:29:30.448+0000] {dag.py:3229} INFO - Sync 1 DAGs
[2024-09-17T18:29:30.455+0000] {logging_mixin.py:190} INFO - [2024-09-17T18:29:30.455+0000] {dag.py:4156} INFO - Setting next_dagrun for example_python_decorator to None, run_after=None
[2024-09-17T18:29:30.466+0000] {processor.py:208} INFO - Processing /home/airflow/.local/lib/python3.12/site-packages/airflow/example_dags/example_python_decorator.py took 0.045 seconds
[2024-09-17T18:30:02.502+0000] {processor.py:186} INFO - Started process (PID=236) to work on /home/airflow/.local/lib/python3.12/site-packages/airflow/example_dags/example_python_decorator.py
[2024-09-17T18:30:02.515+0000] {processor.py:914} INFO - Processing file /home/airflow/.local/lib/python3.12/site-packages/airflow/example_dags/example_python_decorator.py for tasks to queue
[2024-09-17T18:30:02.532+0000] {logging_mixin.py:190} INFO - [2024-09-17T18:30:02.530+0000] {dagbag.py:587} INFO - Filling up the DagBag from /home/airflow/.local/lib/python3.12/site-packages/airflow/example_dags/example_python_decorator.py
[2024-09-17T18:30:02.582+0000] {processor.py:925} INFO - DAG(s) 'example_python_decorator' retrieved from /home/airflow/.local/lib/python3.12/site-packages/airflow/example_dags/example_python_decorator.py
[2024-09-17T18:30:02.653+0000] {logging_mixin.py:190} INFO - [2024-09-17T18:30:02.653+0000] {dag.py:3229} INFO - Sync 1 DAGs
[2024-09-17T18:30:02.681+0000] {logging_mixin.py:190} INFO - [2024-09-17T18:30:02.680+0000] {dag.py:4156} INFO - Setting next_dagrun for example_python_decorator to None, run_after=None
[2024-09-17T18:30:02.698+0000] {processor.py:208} INFO - Processing /home/airflow/.local/lib/python3.12/site-packages/airflow/example_dags/example_python_decorator.py took 0.236 seconds
[2024-09-17T18:30:32.743+0000] {processor.py:186} INFO - Started process (PID=299) to work on /home/airflow/.local/lib/python3.12/site-packages/airflow/example_dags/example_python_decorator.py
[2024-09-17T18:30:32.744+0000] {processor.py:914} INFO - Processing file /home/airflow/.local/lib/python3.12/site-packages/airflow/example_dags/example_python_decorator.py for tasks to queue
[2024-09-17T18:30:32.746+0000] {logging_mixin.py:190} INFO - [2024-09-17T18:30:32.746+0000] {dagbag.py:587} INFO - Filling up the DagBag from /home/airflow/.local/lib/python3.12/site-packages/airflow/example_dags/example_python_decorator.py
[2024-09-17T18:30:32.754+0000] {processor.py:925} INFO - DAG(s) 'example_python_decorator' retrieved from /home/airflow/.local/lib/python3.12/site-packages/airflow/example_dags/example_python_decorator.py
[2024-09-17T18:30:32.766+0000] {logging_mixin.py:190} INFO - [2024-09-17T18:30:32.766+0000] {dag.py:3229} INFO - Sync 1 DAGs
[2024-09-17T18:30:32.775+0000] {logging_mixin.py:190} INFO - [2024-09-17T18:30:32.774+0000] {dag.py:4156} INFO - Setting next_dagrun for example_python_decorator to None, run_after=None
[2024-09-17T18:30:32.784+0000] {processor.py:208} INFO - Processing /home/airflow/.local/lib/python3.12/site-packages/airflow/example_dags/example_python_decorator.py took 0.044 seconds
[2024-09-17T18:31:02.915+0000] {processor.py:186} INFO - Started process (PID=362) to work on /home/airflow/.local/lib/python3.12/site-packages/airflow/example_dags/example_python_decorator.py
[2024-09-17T18:31:02.917+0000] {processor.py:914} INFO - Processing file /home/airflow/.local/lib/python3.12/site-packages/airflow/example_dags/example_python_decorator.py for tasks to queue
[2024-09-17T18:31:02.918+0000] {logging_mixin.py:190} INFO - [2024-09-17T18:31:02.918+0000] {dagbag.py:587} INFO - Filling up the DagBag from /home/airflow/.local/lib/python3.12/site-packages/airflow/example_dags/example_python_decorator.py
[2024-09-17T18:31:02.926+0000] {processor.py:925} INFO - DAG(s) 'example_python_decorator' retrieved from /home/airflow/.local/lib/python3.12/site-packages/airflow/example_dags/example_python_decorator.py
[2024-09-17T18:31:02.941+0000] {logging_mixin.py:190} INFO - [2024-09-17T18:31:02.940+0000] {dag.py:3229} INFO - Sync 1 DAGs
[2024-09-17T18:31:02.949+0000] {logging_mixin.py:190} INFO - [2024-09-17T18:31:02.949+0000] {dag.py:4156} INFO - Setting next_dagrun for example_python_decorator to None, run_after=None
[2024-09-17T18:31:02.959+0000] {processor.py:208} INFO - Processing /home/airflow/.local/lib/python3.12/site-packages/airflow/example_dags/example_python_decorator.py took 0.047 seconds
[2024-09-17T18:31:33.871+0000] {processor.py:186} INFO - Started process (PID=424) to work on /home/airflow/.local/lib/python3.12/site-packages/airflow/example_dags/example_python_decorator.py
[2024-09-17T18:31:33.872+0000] {processor.py:914} INFO - Processing file /home/airflow/.local/lib/python3.12/site-packages/airflow/example_dags/example_python_decorator.py for tasks to queue
[2024-09-17T18:31:33.875+0000] {logging_mixin.py:190} INFO - [2024-09-17T18:31:33.875+0000] {dagbag.py:587} INFO - Filling up the DagBag from /home/airflow/.local/lib/python3.12/site-packages/airflow/example_dags/example_python_decorator.py
[2024-09-17T18:31:33.884+0000] {processor.py:925} INFO - DAG(s) 'example_python_decorator' retrieved from /home/airflow/.local/lib/python3.12/site-packages/airflow/example_dags/example_python_decorator.py
[2024-09-17T18:31:33.898+0000] {logging_mixin.py:190} INFO - [2024-09-17T18:31:33.898+0000] {dag.py:3229} INFO - Sync 1 DAGs
[2024-09-17T18:31:33.907+0000] {logging_mixin.py:190} INFO - [2024-09-17T18:31:33.907+0000] {dag.py:4156} INFO - Setting next_dagrun for example_python_decorator to None, run_after=None
[2024-09-17T18:31:33.917+0000] {processor.py:208} INFO - Processing /home/airflow/.local/lib/python3.12/site-packages/airflow/example_dags/example_python_decorator.py took 0.051 seconds
[2024-09-17T18:32:05.035+0000] {processor.py:186} INFO - Started process (PID=487) to work on /home/airflow/.local/lib/python3.12/site-packages/airflow/example_dags/example_python_decorator.py
[2024-09-17T18:32:05.038+0000] {processor.py:914} INFO - Processing file /home/airflow/.local/lib/python3.12/site-packages/airflow/example_dags/example_python_decorator.py for tasks to queue
[2024-09-17T18:32:05.041+0000] {logging_mixin.py:190} INFO - [2024-09-17T18:32:05.041+0000] {dagbag.py:587} INFO - Filling up the DagBag from /home/airflow/.local/lib/python3.12/site-packages/airflow/example_dags/example_python_decorator.py
[2024-09-17T18:32:05.102+0000] {processor.py:925} INFO - DAG(s) 'example_python_decorator' retrieved from /home/airflow/.local/lib/python3.12/site-packages/airflow/example_dags/example_python_decorator.py
[2024-09-17T18:32:05.146+0000] {logging_mixin.py:190} INFO - [2024-09-17T18:32:05.145+0000] {dag.py:3229} INFO - Sync 1 DAGs
[2024-09-17T18:32:05.162+0000] {logging_mixin.py:190} INFO - [2024-09-17T18:32:05.162+0000] {dag.py:4156} INFO - Setting next_dagrun for example_python_decorator to None, run_after=None
[2024-09-17T18:32:05.194+0000] {processor.py:208} INFO - Processing /home/airflow/.local/lib/python3.12/site-packages/airflow/example_dags/example_python_decorator.py took 0.164 seconds
[2024-09-17T18:32:35.568+0000] {processor.py:186} INFO - Started process (PID=550) to work on /home/airflow/.local/lib/python3.12/site-packages/airflow/example_dags/example_python_decorator.py
[2024-09-17T18:32:35.570+0000] {processor.py:914} INFO - Processing file /home/airflow/.local/lib/python3.12/site-packages/airflow/example_dags/example_python_decorator.py for tasks to queue
[2024-09-17T18:32:35.572+0000] {logging_mixin.py:190} INFO - [2024-09-17T18:32:35.571+0000] {dagbag.py:587} INFO - Filling up the DagBag from /home/airflow/.local/lib/python3.12/site-packages/airflow/example_dags/example_python_decorator.py
[2024-09-17T18:32:35.579+0000] {processor.py:925} INFO - DAG(s) 'example_python_decorator' retrieved from /home/airflow/.local/lib/python3.12/site-packages/airflow/example_dags/example_python_decorator.py
[2024-09-17T18:32:35.592+0000] {logging_mixin.py:190} INFO - [2024-09-17T18:32:35.592+0000] {dag.py:3229} INFO - Sync 1 DAGs
[2024-09-17T18:32:35.600+0000] {logging_mixin.py:190} INFO - [2024-09-17T18:32:35.600+0000] {dag.py:4156} INFO - Setting next_dagrun for example_python_decorator to None, run_after=None
[2024-09-17T18:32:35.611+0000] {processor.py:208} INFO - Processing /home/airflow/.local/lib/python3.12/site-packages/airflow/example_dags/example_python_decorator.py took 0.046 seconds
