[2024-09-17T18:28:29.923+0000] {processor.py:186} INFO - Started process (PID=60) to work on /home/airflow/.local/lib/python3.12/site-packages/airflow/example_dags/example_external_task_marker_dag.py
[2024-09-17T18:28:29.925+0000] {processor.py:914} INFO - Processing file /home/airflow/.local/lib/python3.12/site-packages/airflow/example_dags/example_external_task_marker_dag.py for tasks to queue
[2024-09-17T18:28:29.929+0000] {logging_mixin.py:190} INFO - [2024-09-17T18:28:29.928+0000] {dagbag.py:587} INFO - Filling up the DagBag from /home/airflow/.local/lib/python3.12/site-packages/airflow/example_dags/example_external_task_marker_dag.py
[2024-09-17T18:28:29.939+0000] {processor.py:925} INFO - DAG(s) 'example_external_task_marker_parent', 'example_external_task_marker_child' retrieved from /home/airflow/.local/lib/python3.12/site-packages/airflow/example_dags/example_external_task_marker_dag.py
[2024-09-17T18:28:30.077+0000] {logging_mixin.py:190} INFO - [2024-09-17T18:28:30.076+0000] {dag.py:3229} INFO - Sync 2 DAGs
[2024-09-17T18:28:30.092+0000] {logging_mixin.py:190} INFO - [2024-09-17T18:28:30.092+0000] {dag.py:4156} INFO - Setting next_dagrun for example_external_task_marker_child to None, run_after=None
[2024-09-17T18:28:30.096+0000] {logging_mixin.py:190} INFO - [2024-09-17T18:28:30.096+0000] {dag.py:4156} INFO - Setting next_dagrun for example_external_task_marker_parent to None, run_after=None
[2024-09-17T18:28:30.111+0000] {processor.py:208} INFO - Processing /home/airflow/.local/lib/python3.12/site-packages/airflow/example_dags/example_external_task_marker_dag.py took 0.194 seconds
[2024-09-17T18:29:00.967+0000] {processor.py:186} INFO - Started process (PID=123) to work on /home/airflow/.local/lib/python3.12/site-packages/airflow/example_dags/example_external_task_marker_dag.py
[2024-09-17T18:29:00.969+0000] {processor.py:914} INFO - Processing file /home/airflow/.local/lib/python3.12/site-packages/airflow/example_dags/example_external_task_marker_dag.py for tasks to queue
[2024-09-17T18:29:00.971+0000] {logging_mixin.py:190} INFO - [2024-09-17T18:29:00.971+0000] {dagbag.py:587} INFO - Filling up the DagBag from /home/airflow/.local/lib/python3.12/site-packages/airflow/example_dags/example_external_task_marker_dag.py
[2024-09-17T18:29:00.975+0000] {processor.py:925} INFO - DAG(s) 'example_external_task_marker_parent', 'example_external_task_marker_child' retrieved from /home/airflow/.local/lib/python3.12/site-packages/airflow/example_dags/example_external_task_marker_dag.py
[2024-09-17T18:29:00.988+0000] {logging_mixin.py:190} INFO - [2024-09-17T18:29:00.988+0000] {dag.py:3229} INFO - Sync 2 DAGs
[2024-09-17T18:29:00.996+0000] {logging_mixin.py:190} INFO - [2024-09-17T18:29:00.996+0000] {dag.py:4156} INFO - Setting next_dagrun for example_external_task_marker_child to None, run_after=None
[2024-09-17T18:29:01.001+0000] {logging_mixin.py:190} INFO - [2024-09-17T18:29:01.001+0000] {dag.py:4156} INFO - Setting next_dagrun for example_external_task_marker_parent to None, run_after=None
[2024-09-17T18:29:01.009+0000] {processor.py:208} INFO - Processing /home/airflow/.local/lib/python3.12/site-packages/airflow/example_dags/example_external_task_marker_dag.py took 0.045 seconds
[2024-09-17T18:29:32.000+0000] {processor.py:186} INFO - Started process (PID=186) to work on /home/airflow/.local/lib/python3.12/site-packages/airflow/example_dags/example_external_task_marker_dag.py
[2024-09-17T18:29:32.001+0000] {processor.py:914} INFO - Processing file /home/airflow/.local/lib/python3.12/site-packages/airflow/example_dags/example_external_task_marker_dag.py for tasks to queue
[2024-09-17T18:29:32.010+0000] {logging_mixin.py:190} INFO - [2024-09-17T18:29:32.010+0000] {dagbag.py:587} INFO - Filling up the DagBag from /home/airflow/.local/lib/python3.12/site-packages/airflow/example_dags/example_external_task_marker_dag.py
[2024-09-17T18:29:32.144+0000] {processor.py:925} INFO - DAG(s) 'example_external_task_marker_child', 'example_external_task_marker_parent' retrieved from /home/airflow/.local/lib/python3.12/site-packages/airflow/example_dags/example_external_task_marker_dag.py
[2024-09-17T18:29:32.189+0000] {logging_mixin.py:190} INFO - [2024-09-17T18:29:32.188+0000] {dag.py:3229} INFO - Sync 2 DAGs
[2024-09-17T18:29:32.216+0000] {logging_mixin.py:190} INFO - [2024-09-17T18:29:32.216+0000] {dag.py:4156} INFO - Setting next_dagrun for example_external_task_marker_child to None, run_after=None
[2024-09-17T18:29:32.221+0000] {logging_mixin.py:190} INFO - [2024-09-17T18:29:32.221+0000] {dag.py:4156} INFO - Setting next_dagrun for example_external_task_marker_parent to None, run_after=None
[2024-09-17T18:29:32.251+0000] {processor.py:208} INFO - Processing /home/airflow/.local/lib/python3.12/site-packages/airflow/example_dags/example_external_task_marker_dag.py took 0.254 seconds
[2024-09-17T18:30:03.227+0000] {processor.py:186} INFO - Started process (PID=249) to work on /home/airflow/.local/lib/python3.12/site-packages/airflow/example_dags/example_external_task_marker_dag.py
[2024-09-17T18:30:03.228+0000] {processor.py:914} INFO - Processing file /home/airflow/.local/lib/python3.12/site-packages/airflow/example_dags/example_external_task_marker_dag.py for tasks to queue
[2024-09-17T18:30:03.230+0000] {logging_mixin.py:190} INFO - [2024-09-17T18:30:03.229+0000] {dagbag.py:587} INFO - Filling up the DagBag from /home/airflow/.local/lib/python3.12/site-packages/airflow/example_dags/example_external_task_marker_dag.py
[2024-09-17T18:30:03.235+0000] {processor.py:925} INFO - DAG(s) 'example_external_task_marker_child', 'example_external_task_marker_parent' retrieved from /home/airflow/.local/lib/python3.12/site-packages/airflow/example_dags/example_external_task_marker_dag.py
[2024-09-17T18:30:03.248+0000] {logging_mixin.py:190} INFO - [2024-09-17T18:30:03.248+0000] {dag.py:3229} INFO - Sync 2 DAGs
[2024-09-17T18:30:03.256+0000] {logging_mixin.py:190} INFO - [2024-09-17T18:30:03.256+0000] {dag.py:4156} INFO - Setting next_dagrun for example_external_task_marker_child to None, run_after=None
[2024-09-17T18:30:03.260+0000] {logging_mixin.py:190} INFO - [2024-09-17T18:30:03.260+0000] {dag.py:4156} INFO - Setting next_dagrun for example_external_task_marker_parent to None, run_after=None
[2024-09-17T18:30:03.270+0000] {processor.py:208} INFO - Processing /home/airflow/.local/lib/python3.12/site-packages/airflow/example_dags/example_external_task_marker_dag.py took 0.047 seconds
[2024-09-17T18:30:33.384+0000] {processor.py:186} INFO - Started process (PID=312) to work on /home/airflow/.local/lib/python3.12/site-packages/airflow/example_dags/example_external_task_marker_dag.py
[2024-09-17T18:30:33.385+0000] {processor.py:914} INFO - Processing file /home/airflow/.local/lib/python3.12/site-packages/airflow/example_dags/example_external_task_marker_dag.py for tasks to queue
[2024-09-17T18:30:33.387+0000] {logging_mixin.py:190} INFO - [2024-09-17T18:30:33.387+0000] {dagbag.py:587} INFO - Filling up the DagBag from /home/airflow/.local/lib/python3.12/site-packages/airflow/example_dags/example_external_task_marker_dag.py
[2024-09-17T18:30:33.391+0000] {processor.py:925} INFO - DAG(s) 'example_external_task_marker_parent', 'example_external_task_marker_child' retrieved from /home/airflow/.local/lib/python3.12/site-packages/airflow/example_dags/example_external_task_marker_dag.py
[2024-09-17T18:30:33.403+0000] {logging_mixin.py:190} INFO - [2024-09-17T18:30:33.403+0000] {dag.py:3229} INFO - Sync 2 DAGs
[2024-09-17T18:30:33.410+0000] {logging_mixin.py:190} INFO - [2024-09-17T18:30:33.410+0000] {dag.py:4156} INFO - Setting next_dagrun for example_external_task_marker_child to None, run_after=None
[2024-09-17T18:30:33.413+0000] {logging_mixin.py:190} INFO - [2024-09-17T18:30:33.413+0000] {dag.py:4156} INFO - Setting next_dagrun for example_external_task_marker_parent to None, run_after=None
[2024-09-17T18:30:33.422+0000] {processor.py:208} INFO - Processing /home/airflow/.local/lib/python3.12/site-packages/airflow/example_dags/example_external_task_marker_dag.py took 0.041 seconds
[2024-09-17T18:31:03.443+0000] {processor.py:186} INFO - Started process (PID=375) to work on /home/airflow/.local/lib/python3.12/site-packages/airflow/example_dags/example_external_task_marker_dag.py
[2024-09-17T18:31:03.446+0000] {processor.py:914} INFO - Processing file /home/airflow/.local/lib/python3.12/site-packages/airflow/example_dags/example_external_task_marker_dag.py for tasks to queue
[2024-09-17T18:31:03.448+0000] {logging_mixin.py:190} INFO - [2024-09-17T18:31:03.448+0000] {dagbag.py:587} INFO - Filling up the DagBag from /home/airflow/.local/lib/python3.12/site-packages/airflow/example_dags/example_external_task_marker_dag.py
[2024-09-17T18:31:03.453+0000] {processor.py:925} INFO - DAG(s) 'example_external_task_marker_parent', 'example_external_task_marker_child' retrieved from /home/airflow/.local/lib/python3.12/site-packages/airflow/example_dags/example_external_task_marker_dag.py
[2024-09-17T18:31:03.466+0000] {logging_mixin.py:190} INFO - [2024-09-17T18:31:03.466+0000] {dag.py:3229} INFO - Sync 2 DAGs
[2024-09-17T18:31:03.475+0000] {logging_mixin.py:190} INFO - [2024-09-17T18:31:03.474+0000] {dag.py:4156} INFO - Setting next_dagrun for example_external_task_marker_child to None, run_after=None
[2024-09-17T18:31:03.477+0000] {logging_mixin.py:190} INFO - [2024-09-17T18:31:03.477+0000] {dag.py:4156} INFO - Setting next_dagrun for example_external_task_marker_parent to None, run_after=None
[2024-09-17T18:31:03.486+0000] {processor.py:208} INFO - Processing /home/airflow/.local/lib/python3.12/site-packages/airflow/example_dags/example_external_task_marker_dag.py took 0.045 seconds
[2024-09-17T18:31:34.700+0000] {processor.py:186} INFO - Started process (PID=437) to work on /home/airflow/.local/lib/python3.12/site-packages/airflow/example_dags/example_external_task_marker_dag.py
[2024-09-17T18:31:34.702+0000] {processor.py:914} INFO - Processing file /home/airflow/.local/lib/python3.12/site-packages/airflow/example_dags/example_external_task_marker_dag.py for tasks to queue
[2024-09-17T18:31:34.704+0000] {logging_mixin.py:190} INFO - [2024-09-17T18:31:34.704+0000] {dagbag.py:587} INFO - Filling up the DagBag from /home/airflow/.local/lib/python3.12/site-packages/airflow/example_dags/example_external_task_marker_dag.py
[2024-09-17T18:31:34.710+0000] {processor.py:925} INFO - DAG(s) 'example_external_task_marker_parent', 'example_external_task_marker_child' retrieved from /home/airflow/.local/lib/python3.12/site-packages/airflow/example_dags/example_external_task_marker_dag.py
[2024-09-17T18:31:34.723+0000] {logging_mixin.py:190} INFO - [2024-09-17T18:31:34.723+0000] {dag.py:3229} INFO - Sync 2 DAGs
[2024-09-17T18:31:34.735+0000] {logging_mixin.py:190} INFO - [2024-09-17T18:31:34.735+0000] {dag.py:4156} INFO - Setting next_dagrun for example_external_task_marker_child to None, run_after=None
[2024-09-17T18:31:34.741+0000] {logging_mixin.py:190} INFO - [2024-09-17T18:31:34.740+0000] {dag.py:4156} INFO - Setting next_dagrun for example_external_task_marker_parent to None, run_after=None
[2024-09-17T18:31:34.755+0000] {processor.py:208} INFO - Processing /home/airflow/.local/lib/python3.12/site-packages/airflow/example_dags/example_external_task_marker_dag.py took 0.060 seconds
[2024-09-17T18:32:05.902+0000] {processor.py:186} INFO - Started process (PID=500) to work on /home/airflow/.local/lib/python3.12/site-packages/airflow/example_dags/example_external_task_marker_dag.py
[2024-09-17T18:32:05.907+0000] {processor.py:914} INFO - Processing file /home/airflow/.local/lib/python3.12/site-packages/airflow/example_dags/example_external_task_marker_dag.py for tasks to queue
[2024-09-17T18:32:05.917+0000] {logging_mixin.py:190} INFO - [2024-09-17T18:32:05.916+0000] {dagbag.py:587} INFO - Filling up the DagBag from /home/airflow/.local/lib/python3.12/site-packages/airflow/example_dags/example_external_task_marker_dag.py
[2024-09-17T18:32:05.928+0000] {processor.py:925} INFO - DAG(s) 'example_external_task_marker_child', 'example_external_task_marker_parent' retrieved from /home/airflow/.local/lib/python3.12/site-packages/airflow/example_dags/example_external_task_marker_dag.py
[2024-09-17T18:32:05.949+0000] {logging_mixin.py:190} INFO - [2024-09-17T18:32:05.949+0000] {dag.py:3229} INFO - Sync 2 DAGs
[2024-09-17T18:32:05.963+0000] {logging_mixin.py:190} INFO - [2024-09-17T18:32:05.963+0000] {dag.py:4156} INFO - Setting next_dagrun for example_external_task_marker_child to None, run_after=None
[2024-09-17T18:32:05.968+0000] {logging_mixin.py:190} INFO - [2024-09-17T18:32:05.968+0000] {dag.py:4156} INFO - Setting next_dagrun for example_external_task_marker_parent to None, run_after=None
[2024-09-17T18:32:05.981+0000] {processor.py:208} INFO - Processing /home/airflow/.local/lib/python3.12/site-packages/airflow/example_dags/example_external_task_marker_dag.py took 0.102 seconds
[2024-09-17T18:32:36.099+0000] {processor.py:186} INFO - Started process (PID=563) to work on /home/airflow/.local/lib/python3.12/site-packages/airflow/example_dags/example_external_task_marker_dag.py
[2024-09-17T18:32:36.101+0000] {processor.py:914} INFO - Processing file /home/airflow/.local/lib/python3.12/site-packages/airflow/example_dags/example_external_task_marker_dag.py for tasks to queue
[2024-09-17T18:32:36.103+0000] {logging_mixin.py:190} INFO - [2024-09-17T18:32:36.103+0000] {dagbag.py:587} INFO - Filling up the DagBag from /home/airflow/.local/lib/python3.12/site-packages/airflow/example_dags/example_external_task_marker_dag.py
[2024-09-17T18:32:36.108+0000] {processor.py:925} INFO - DAG(s) 'example_external_task_marker_child', 'example_external_task_marker_parent' retrieved from /home/airflow/.local/lib/python3.12/site-packages/airflow/example_dags/example_external_task_marker_dag.py
[2024-09-17T18:32:36.123+0000] {logging_mixin.py:190} INFO - [2024-09-17T18:32:36.123+0000] {dag.py:3229} INFO - Sync 2 DAGs
[2024-09-17T18:32:36.132+0000] {logging_mixin.py:190} INFO - [2024-09-17T18:32:36.132+0000] {dag.py:4156} INFO - Setting next_dagrun for example_external_task_marker_child to None, run_after=None
[2024-09-17T18:32:36.136+0000] {logging_mixin.py:190} INFO - [2024-09-17T18:32:36.135+0000] {dag.py:4156} INFO - Setting next_dagrun for example_external_task_marker_parent to None, run_after=None
[2024-09-17T18:32:36.145+0000] {processor.py:208} INFO - Processing /home/airflow/.local/lib/python3.12/site-packages/airflow/example_dags/example_external_task_marker_dag.py took 0.050 seconds
