[2024-09-17T18:28:31.286+0000] {processor.py:186} INFO - Started process (PID=76) to work on /home/airflow/.local/lib/python3.12/site-packages/airflow/example_dags/example_latest_only_with_trigger.py
[2024-09-17T18:28:31.288+0000] {processor.py:914} INFO - Processing file /home/airflow/.local/lib/python3.12/site-packages/airflow/example_dags/example_latest_only_with_trigger.py for tasks to queue
[2024-09-17T18:28:31.289+0000] {logging_mixin.py:190} INFO - [2024-09-17T18:28:31.289+0000] {dagbag.py:587} INFO - Filling up the DagBag from /home/airflow/.local/lib/python3.12/site-packages/airflow/example_dags/example_latest_only_with_trigger.py
[2024-09-17T18:28:31.294+0000] {processor.py:925} INFO - DAG(s) 'latest_only_with_trigger' retrieved from /home/airflow/.local/lib/python3.12/site-packages/airflow/example_dags/example_latest_only_with_trigger.py
[2024-09-17T18:28:31.358+0000] {logging_mixin.py:190} INFO - [2024-09-17T18:28:31.358+0000] {dag.py:3229} INFO - Sync 1 DAGs
[2024-09-17T18:28:31.371+0000] {logging_mixin.py:190} INFO - [2024-09-17T18:28:31.371+0000] {dag.py:4156} INFO - Setting next_dagrun for latest_only_with_trigger to 2024-09-17 12:00:00+00:00, run_after=2024-09-17 16:00:00+00:00
[2024-09-17T18:28:31.382+0000] {processor.py:208} INFO - Processing /home/airflow/.local/lib/python3.12/site-packages/airflow/example_dags/example_latest_only_with_trigger.py took 0.099 seconds
[2024-09-17T18:29:01.621+0000] {processor.py:186} INFO - Started process (PID=139) to work on /home/airflow/.local/lib/python3.12/site-packages/airflow/example_dags/example_latest_only_with_trigger.py
[2024-09-17T18:29:01.622+0000] {processor.py:914} INFO - Processing file /home/airflow/.local/lib/python3.12/site-packages/airflow/example_dags/example_latest_only_with_trigger.py for tasks to queue
[2024-09-17T18:29:01.624+0000] {logging_mixin.py:190} INFO - [2024-09-17T18:29:01.624+0000] {dagbag.py:587} INFO - Filling up the DagBag from /home/airflow/.local/lib/python3.12/site-packages/airflow/example_dags/example_latest_only_with_trigger.py
[2024-09-17T18:29:01.629+0000] {processor.py:925} INFO - DAG(s) 'latest_only_with_trigger' retrieved from /home/airflow/.local/lib/python3.12/site-packages/airflow/example_dags/example_latest_only_with_trigger.py
[2024-09-17T18:29:01.641+0000] {logging_mixin.py:190} INFO - [2024-09-17T18:29:01.641+0000] {dag.py:3229} INFO - Sync 1 DAGs
[2024-09-17T18:29:01.653+0000] {logging_mixin.py:190} INFO - [2024-09-17T18:29:01.653+0000] {dag.py:4156} INFO - Setting next_dagrun for latest_only_with_trigger to 2024-09-17 12:00:00+00:00, run_after=2024-09-17 16:00:00+00:00
[2024-09-17T18:29:01.663+0000] {processor.py:208} INFO - Processing /home/airflow/.local/lib/python3.12/site-packages/airflow/example_dags/example_latest_only_with_trigger.py took 0.046 seconds
[2024-09-17T18:29:33.070+0000] {processor.py:186} INFO - Started process (PID=202) to work on /home/airflow/.local/lib/python3.12/site-packages/airflow/example_dags/example_latest_only_with_trigger.py
[2024-09-17T18:29:33.072+0000] {processor.py:914} INFO - Processing file /home/airflow/.local/lib/python3.12/site-packages/airflow/example_dags/example_latest_only_with_trigger.py for tasks to queue
[2024-09-17T18:29:33.074+0000] {logging_mixin.py:190} INFO - [2024-09-17T18:29:33.073+0000] {dagbag.py:587} INFO - Filling up the DagBag from /home/airflow/.local/lib/python3.12/site-packages/airflow/example_dags/example_latest_only_with_trigger.py
[2024-09-17T18:29:33.078+0000] {processor.py:925} INFO - DAG(s) 'latest_only_with_trigger' retrieved from /home/airflow/.local/lib/python3.12/site-packages/airflow/example_dags/example_latest_only_with_trigger.py
[2024-09-17T18:29:33.090+0000] {logging_mixin.py:190} INFO - [2024-09-17T18:29:33.090+0000] {dag.py:3229} INFO - Sync 1 DAGs
[2024-09-17T18:29:33.107+0000] {logging_mixin.py:190} INFO - [2024-09-17T18:29:33.107+0000] {dag.py:4156} INFO - Setting next_dagrun for latest_only_with_trigger to 2024-09-17 12:00:00+00:00, run_after=2024-09-17 16:00:00+00:00
[2024-09-17T18:29:33.117+0000] {processor.py:208} INFO - Processing /home/airflow/.local/lib/python3.12/site-packages/airflow/example_dags/example_latest_only_with_trigger.py took 0.050 seconds
[2024-09-17T18:30:03.987+0000] {processor.py:186} INFO - Started process (PID=265) to work on /home/airflow/.local/lib/python3.12/site-packages/airflow/example_dags/example_latest_only_with_trigger.py
[2024-09-17T18:30:03.989+0000] {processor.py:914} INFO - Processing file /home/airflow/.local/lib/python3.12/site-packages/airflow/example_dags/example_latest_only_with_trigger.py for tasks to queue
[2024-09-17T18:30:03.991+0000] {logging_mixin.py:190} INFO - [2024-09-17T18:30:03.991+0000] {dagbag.py:587} INFO - Filling up the DagBag from /home/airflow/.local/lib/python3.12/site-packages/airflow/example_dags/example_latest_only_with_trigger.py
[2024-09-17T18:30:03.998+0000] {processor.py:925} INFO - DAG(s) 'latest_only_with_trigger' retrieved from /home/airflow/.local/lib/python3.12/site-packages/airflow/example_dags/example_latest_only_with_trigger.py
[2024-09-17T18:30:04.011+0000] {logging_mixin.py:190} INFO - [2024-09-17T18:30:04.011+0000] {dag.py:3229} INFO - Sync 1 DAGs
[2024-09-17T18:30:04.027+0000] {logging_mixin.py:190} INFO - [2024-09-17T18:30:04.026+0000] {dag.py:4156} INFO - Setting next_dagrun for latest_only_with_trigger to 2024-09-17 12:00:00+00:00, run_after=2024-09-17 16:00:00+00:00
[2024-09-17T18:30:04.042+0000] {processor.py:208} INFO - Processing /home/airflow/.local/lib/python3.12/site-packages/airflow/example_dags/example_latest_only_with_trigger.py took 0.059 seconds
[2024-09-17T18:30:35.059+0000] {processor.py:186} INFO - Started process (PID=328) to work on /home/airflow/.local/lib/python3.12/site-packages/airflow/example_dags/example_latest_only_with_trigger.py
[2024-09-17T18:30:35.061+0000] {processor.py:914} INFO - Processing file /home/airflow/.local/lib/python3.12/site-packages/airflow/example_dags/example_latest_only_with_trigger.py for tasks to queue
[2024-09-17T18:30:35.063+0000] {logging_mixin.py:190} INFO - [2024-09-17T18:30:35.062+0000] {dagbag.py:587} INFO - Filling up the DagBag from /home/airflow/.local/lib/python3.12/site-packages/airflow/example_dags/example_latest_only_with_trigger.py
[2024-09-17T18:30:35.068+0000] {processor.py:925} INFO - DAG(s) 'latest_only_with_trigger' retrieved from /home/airflow/.local/lib/python3.12/site-packages/airflow/example_dags/example_latest_only_with_trigger.py
[2024-09-17T18:30:35.083+0000] {logging_mixin.py:190} INFO - [2024-09-17T18:30:35.082+0000] {dag.py:3229} INFO - Sync 1 DAGs
[2024-09-17T18:30:35.098+0000] {logging_mixin.py:190} INFO - [2024-09-17T18:30:35.098+0000] {dag.py:4156} INFO - Setting next_dagrun for latest_only_with_trigger to 2024-09-17 12:00:00+00:00, run_after=2024-09-17 16:00:00+00:00
[2024-09-17T18:30:35.110+0000] {processor.py:208} INFO - Processing /home/airflow/.local/lib/python3.12/site-packages/airflow/example_dags/example_latest_only_with_trigger.py took 0.054 seconds
[2024-09-17T18:31:06.091+0000] {processor.py:186} INFO - Started process (PID=391) to work on /home/airflow/.local/lib/python3.12/site-packages/airflow/example_dags/example_latest_only_with_trigger.py
[2024-09-17T18:31:06.092+0000] {processor.py:914} INFO - Processing file /home/airflow/.local/lib/python3.12/site-packages/airflow/example_dags/example_latest_only_with_trigger.py for tasks to queue
[2024-09-17T18:31:06.094+0000] {logging_mixin.py:190} INFO - [2024-09-17T18:31:06.093+0000] {dagbag.py:587} INFO - Filling up the DagBag from /home/airflow/.local/lib/python3.12/site-packages/airflow/example_dags/example_latest_only_with_trigger.py
[2024-09-17T18:31:06.098+0000] {processor.py:925} INFO - DAG(s) 'latest_only_with_trigger' retrieved from /home/airflow/.local/lib/python3.12/site-packages/airflow/example_dags/example_latest_only_with_trigger.py
[2024-09-17T18:31:06.111+0000] {logging_mixin.py:190} INFO - [2024-09-17T18:31:06.111+0000] {dag.py:3229} INFO - Sync 1 DAGs
[2024-09-17T18:31:06.125+0000] {logging_mixin.py:190} INFO - [2024-09-17T18:31:06.125+0000] {dag.py:4156} INFO - Setting next_dagrun for latest_only_with_trigger to 2024-09-17 12:00:00+00:00, run_after=2024-09-17 16:00:00+00:00
[2024-09-17T18:31:06.136+0000] {processor.py:208} INFO - Processing /home/airflow/.local/lib/python3.12/site-packages/airflow/example_dags/example_latest_only_with_trigger.py took 0.048 seconds
[2024-09-17T18:31:36.786+0000] {processor.py:186} INFO - Started process (PID=453) to work on /home/airflow/.local/lib/python3.12/site-packages/airflow/example_dags/example_latest_only_with_trigger.py
[2024-09-17T18:31:36.791+0000] {processor.py:914} INFO - Processing file /home/airflow/.local/lib/python3.12/site-packages/airflow/example_dags/example_latest_only_with_trigger.py for tasks to queue
[2024-09-17T18:31:36.796+0000] {logging_mixin.py:190} INFO - [2024-09-17T18:31:36.796+0000] {dagbag.py:587} INFO - Filling up the DagBag from /home/airflow/.local/lib/python3.12/site-packages/airflow/example_dags/example_latest_only_with_trigger.py
[2024-09-17T18:31:36.816+0000] {processor.py:925} INFO - DAG(s) 'latest_only_with_trigger' retrieved from /home/airflow/.local/lib/python3.12/site-packages/airflow/example_dags/example_latest_only_with_trigger.py
[2024-09-17T18:31:36.835+0000] {logging_mixin.py:190} INFO - [2024-09-17T18:31:36.835+0000] {dag.py:3229} INFO - Sync 1 DAGs
[2024-09-17T18:31:36.852+0000] {logging_mixin.py:190} INFO - [2024-09-17T18:31:36.852+0000] {dag.py:4156} INFO - Setting next_dagrun for latest_only_with_trigger to 2024-09-17 12:00:00+00:00, run_after=2024-09-17 16:00:00+00:00
[2024-09-17T18:31:36.865+0000] {processor.py:208} INFO - Processing /home/airflow/.local/lib/python3.12/site-packages/airflow/example_dags/example_latest_only_with_trigger.py took 0.086 seconds
[2024-09-17T18:32:07.684+0000] {processor.py:186} INFO - Started process (PID=516) to work on /home/airflow/.local/lib/python3.12/site-packages/airflow/example_dags/example_latest_only_with_trigger.py
[2024-09-17T18:32:07.686+0000] {processor.py:914} INFO - Processing file /home/airflow/.local/lib/python3.12/site-packages/airflow/example_dags/example_latest_only_with_trigger.py for tasks to queue
[2024-09-17T18:32:07.687+0000] {logging_mixin.py:190} INFO - [2024-09-17T18:32:07.687+0000] {dagbag.py:587} INFO - Filling up the DagBag from /home/airflow/.local/lib/python3.12/site-packages/airflow/example_dags/example_latest_only_with_trigger.py
[2024-09-17T18:32:07.692+0000] {processor.py:925} INFO - DAG(s) 'latest_only_with_trigger' retrieved from /home/airflow/.local/lib/python3.12/site-packages/airflow/example_dags/example_latest_only_with_trigger.py
[2024-09-17T18:32:07.704+0000] {logging_mixin.py:190} INFO - [2024-09-17T18:32:07.704+0000] {dag.py:3229} INFO - Sync 1 DAGs
[2024-09-17T18:32:07.718+0000] {logging_mixin.py:190} INFO - [2024-09-17T18:32:07.718+0000] {dag.py:4156} INFO - Setting next_dagrun for latest_only_with_trigger to 2024-09-17 12:00:00+00:00, run_after=2024-09-17 16:00:00+00:00
[2024-09-17T18:32:07.730+0000] {processor.py:208} INFO - Processing /home/airflow/.local/lib/python3.12/site-packages/airflow/example_dags/example_latest_only_with_trigger.py took 0.049 seconds
[2024-09-17T18:32:37.894+0000] {processor.py:186} INFO - Started process (PID=579) to work on /home/airflow/.local/lib/python3.12/site-packages/airflow/example_dags/example_latest_only_with_trigger.py
[2024-09-17T18:32:37.895+0000] {processor.py:914} INFO - Processing file /home/airflow/.local/lib/python3.12/site-packages/airflow/example_dags/example_latest_only_with_trigger.py for tasks to queue
[2024-09-17T18:32:37.896+0000] {logging_mixin.py:190} INFO - [2024-09-17T18:32:37.896+0000] {dagbag.py:587} INFO - Filling up the DagBag from /home/airflow/.local/lib/python3.12/site-packages/airflow/example_dags/example_latest_only_with_trigger.py
[2024-09-17T18:32:37.901+0000] {processor.py:925} INFO - DAG(s) 'latest_only_with_trigger' retrieved from /home/airflow/.local/lib/python3.12/site-packages/airflow/example_dags/example_latest_only_with_trigger.py
[2024-09-17T18:32:37.912+0000] {logging_mixin.py:190} INFO - [2024-09-17T18:32:37.912+0000] {dag.py:3229} INFO - Sync 1 DAGs
[2024-09-17T18:32:37.925+0000] {logging_mixin.py:190} INFO - [2024-09-17T18:32:37.925+0000] {dag.py:4156} INFO - Setting next_dagrun for latest_only_with_trigger to 2024-09-17 12:00:00+00:00, run_after=2024-09-17 16:00:00+00:00
[2024-09-17T18:32:37.937+0000] {processor.py:208} INFO - Processing /home/airflow/.local/lib/python3.12/site-packages/airflow/example_dags/example_latest_only_with_trigger.py took 0.046 seconds
