[2024-09-17T18:28:30.869+0000] {processor.py:186} INFO - Started process (PID=70) to work on /home/airflow/.local/lib/python3.12/site-packages/airflow/example_dags/example_python_operator.py
[2024-09-17T18:28:30.870+0000] {processor.py:914} INFO - Processing file /home/airflow/.local/lib/python3.12/site-packages/airflow/example_dags/example_python_operator.py for tasks to queue
[2024-09-17T18:28:30.872+0000] {logging_mixin.py:190} INFO - [2024-09-17T18:28:30.872+0000] {dagbag.py:587} INFO - Filling up the DagBag from /home/airflow/.local/lib/python3.12/site-packages/airflow/example_dags/example_python_operator.py
[2024-09-17T18:28:30.880+0000] {processor.py:925} INFO - DAG(s) 'example_python_operator' retrieved from /home/airflow/.local/lib/python3.12/site-packages/airflow/example_dags/example_python_operator.py
[2024-09-17T18:28:30.957+0000] {logging_mixin.py:190} INFO - [2024-09-17T18:28:30.956+0000] {dag.py:3229} INFO - Sync 1 DAGs
[2024-09-17T18:28:30.965+0000] {logging_mixin.py:190} INFO - [2024-09-17T18:28:30.965+0000] {dag.py:4156} INFO - Setting next_dagrun for example_python_operator to None, run_after=None
[2024-09-17T18:28:30.977+0000] {processor.py:208} INFO - Processing /home/airflow/.local/lib/python3.12/site-packages/airflow/example_dags/example_python_operator.py took 0.112 seconds
[2024-09-17T18:29:01.414+0000] {processor.py:186} INFO - Started process (PID=133) to work on /home/airflow/.local/lib/python3.12/site-packages/airflow/example_dags/example_python_operator.py
[2024-09-17T18:29:01.416+0000] {processor.py:914} INFO - Processing file /home/airflow/.local/lib/python3.12/site-packages/airflow/example_dags/example_python_operator.py for tasks to queue
[2024-09-17T18:29:01.419+0000] {logging_mixin.py:190} INFO - [2024-09-17T18:29:01.419+0000] {dagbag.py:587} INFO - Filling up the DagBag from /home/airflow/.local/lib/python3.12/site-packages/airflow/example_dags/example_python_operator.py
[2024-09-17T18:29:01.428+0000] {processor.py:925} INFO - DAG(s) 'example_python_operator' retrieved from /home/airflow/.local/lib/python3.12/site-packages/airflow/example_dags/example_python_operator.py
[2024-09-17T18:29:01.444+0000] {logging_mixin.py:190} INFO - [2024-09-17T18:29:01.444+0000] {dag.py:3229} INFO - Sync 1 DAGs
[2024-09-17T18:29:01.455+0000] {logging_mixin.py:190} INFO - [2024-09-17T18:29:01.455+0000] {dag.py:4156} INFO - Setting next_dagrun for example_python_operator to None, run_after=None
[2024-09-17T18:29:01.467+0000] {processor.py:208} INFO - Processing /home/airflow/.local/lib/python3.12/site-packages/airflow/example_dags/example_python_operator.py took 0.058 seconds
[2024-09-17T18:29:32.868+0000] {processor.py:186} INFO - Started process (PID=196) to work on /home/airflow/.local/lib/python3.12/site-packages/airflow/example_dags/example_python_operator.py
[2024-09-17T18:29:32.869+0000] {processor.py:914} INFO - Processing file /home/airflow/.local/lib/python3.12/site-packages/airflow/example_dags/example_python_operator.py for tasks to queue
[2024-09-17T18:29:32.871+0000] {logging_mixin.py:190} INFO - [2024-09-17T18:29:32.871+0000] {dagbag.py:587} INFO - Filling up the DagBag from /home/airflow/.local/lib/python3.12/site-packages/airflow/example_dags/example_python_operator.py
[2024-09-17T18:29:32.878+0000] {processor.py:925} INFO - DAG(s) 'example_python_operator' retrieved from /home/airflow/.local/lib/python3.12/site-packages/airflow/example_dags/example_python_operator.py
[2024-09-17T18:29:32.894+0000] {logging_mixin.py:190} INFO - [2024-09-17T18:29:32.894+0000] {dag.py:3229} INFO - Sync 1 DAGs
[2024-09-17T18:29:32.902+0000] {logging_mixin.py:190} INFO - [2024-09-17T18:29:32.902+0000] {dag.py:4156} INFO - Setting next_dagrun for example_python_operator to None, run_after=None
[2024-09-17T18:29:32.913+0000] {processor.py:208} INFO - Processing /home/airflow/.local/lib/python3.12/site-packages/airflow/example_dags/example_python_operator.py took 0.048 seconds
[2024-09-17T18:30:03.766+0000] {processor.py:186} INFO - Started process (PID=259) to work on /home/airflow/.local/lib/python3.12/site-packages/airflow/example_dags/example_python_operator.py
[2024-09-17T18:30:03.769+0000] {processor.py:914} INFO - Processing file /home/airflow/.local/lib/python3.12/site-packages/airflow/example_dags/example_python_operator.py for tasks to queue
[2024-09-17T18:30:03.772+0000] {logging_mixin.py:190} INFO - [2024-09-17T18:30:03.771+0000] {dagbag.py:587} INFO - Filling up the DagBag from /home/airflow/.local/lib/python3.12/site-packages/airflow/example_dags/example_python_operator.py
[2024-09-17T18:30:03.781+0000] {processor.py:925} INFO - DAG(s) 'example_python_operator' retrieved from /home/airflow/.local/lib/python3.12/site-packages/airflow/example_dags/example_python_operator.py
[2024-09-17T18:30:03.798+0000] {logging_mixin.py:190} INFO - [2024-09-17T18:30:03.798+0000] {dag.py:3229} INFO - Sync 1 DAGs
[2024-09-17T18:30:03.810+0000] {logging_mixin.py:190} INFO - [2024-09-17T18:30:03.810+0000] {dag.py:4156} INFO - Setting next_dagrun for example_python_operator to None, run_after=None
[2024-09-17T18:30:03.822+0000] {processor.py:208} INFO - Processing /home/airflow/.local/lib/python3.12/site-packages/airflow/example_dags/example_python_operator.py took 0.061 seconds
[2024-09-17T18:30:34.850+0000] {processor.py:186} INFO - Started process (PID=322) to work on /home/airflow/.local/lib/python3.12/site-packages/airflow/example_dags/example_python_operator.py
[2024-09-17T18:30:34.852+0000] {processor.py:914} INFO - Processing file /home/airflow/.local/lib/python3.12/site-packages/airflow/example_dags/example_python_operator.py for tasks to queue
[2024-09-17T18:30:34.853+0000] {logging_mixin.py:190} INFO - [2024-09-17T18:30:34.853+0000] {dagbag.py:587} INFO - Filling up the DagBag from /home/airflow/.local/lib/python3.12/site-packages/airflow/example_dags/example_python_operator.py
[2024-09-17T18:30:34.860+0000] {processor.py:925} INFO - DAG(s) 'example_python_operator' retrieved from /home/airflow/.local/lib/python3.12/site-packages/airflow/example_dags/example_python_operator.py
[2024-09-17T18:30:34.875+0000] {logging_mixin.py:190} INFO - [2024-09-17T18:30:34.875+0000] {dag.py:3229} INFO - Sync 1 DAGs
[2024-09-17T18:30:34.883+0000] {logging_mixin.py:190} INFO - [2024-09-17T18:30:34.883+0000] {dag.py:4156} INFO - Setting next_dagrun for example_python_operator to None, run_after=None
[2024-09-17T18:30:34.893+0000] {processor.py:208} INFO - Processing /home/airflow/.local/lib/python3.12/site-packages/airflow/example_dags/example_python_operator.py took 0.046 seconds
[2024-09-17T18:31:05.898+0000] {processor.py:186} INFO - Started process (PID=385) to work on /home/airflow/.local/lib/python3.12/site-packages/airflow/example_dags/example_python_operator.py
[2024-09-17T18:31:05.900+0000] {processor.py:914} INFO - Processing file /home/airflow/.local/lib/python3.12/site-packages/airflow/example_dags/example_python_operator.py for tasks to queue
[2024-09-17T18:31:05.901+0000] {logging_mixin.py:190} INFO - [2024-09-17T18:31:05.901+0000] {dagbag.py:587} INFO - Filling up the DagBag from /home/airflow/.local/lib/python3.12/site-packages/airflow/example_dags/example_python_operator.py
[2024-09-17T18:31:05.910+0000] {processor.py:925} INFO - DAG(s) 'example_python_operator' retrieved from /home/airflow/.local/lib/python3.12/site-packages/airflow/example_dags/example_python_operator.py
[2024-09-17T18:31:05.925+0000] {logging_mixin.py:190} INFO - [2024-09-17T18:31:05.925+0000] {dag.py:3229} INFO - Sync 1 DAGs
[2024-09-17T18:31:05.933+0000] {logging_mixin.py:190} INFO - [2024-09-17T18:31:05.933+0000] {dag.py:4156} INFO - Setting next_dagrun for example_python_operator to None, run_after=None
[2024-09-17T18:31:05.943+0000] {processor.py:208} INFO - Processing /home/airflow/.local/lib/python3.12/site-packages/airflow/example_dags/example_python_operator.py took 0.048 seconds
[2024-09-17T18:31:36.409+0000] {processor.py:186} INFO - Started process (PID=447) to work on /home/airflow/.local/lib/python3.12/site-packages/airflow/example_dags/example_python_operator.py
[2024-09-17T18:31:36.411+0000] {processor.py:914} INFO - Processing file /home/airflow/.local/lib/python3.12/site-packages/airflow/example_dags/example_python_operator.py for tasks to queue
[2024-09-17T18:31:36.415+0000] {logging_mixin.py:190} INFO - [2024-09-17T18:31:36.415+0000] {dagbag.py:587} INFO - Filling up the DagBag from /home/airflow/.local/lib/python3.12/site-packages/airflow/example_dags/example_python_operator.py
[2024-09-17T18:31:36.431+0000] {processor.py:925} INFO - DAG(s) 'example_python_operator' retrieved from /home/airflow/.local/lib/python3.12/site-packages/airflow/example_dags/example_python_operator.py
[2024-09-17T18:31:36.454+0000] {logging_mixin.py:190} INFO - [2024-09-17T18:31:36.454+0000] {dag.py:3229} INFO - Sync 1 DAGs
[2024-09-17T18:31:36.482+0000] {logging_mixin.py:190} INFO - [2024-09-17T18:31:36.482+0000] {dag.py:4156} INFO - Setting next_dagrun for example_python_operator to None, run_after=None
[2024-09-17T18:31:36.520+0000] {processor.py:208} INFO - Processing /home/airflow/.local/lib/python3.12/site-packages/airflow/example_dags/example_python_operator.py took 0.138 seconds
[2024-09-17T18:32:07.414+0000] {processor.py:186} INFO - Started process (PID=510) to work on /home/airflow/.local/lib/python3.12/site-packages/airflow/example_dags/example_python_operator.py
[2024-09-17T18:32:07.416+0000] {processor.py:914} INFO - Processing file /home/airflow/.local/lib/python3.12/site-packages/airflow/example_dags/example_python_operator.py for tasks to queue
[2024-09-17T18:32:07.418+0000] {logging_mixin.py:190} INFO - [2024-09-17T18:32:07.418+0000] {dagbag.py:587} INFO - Filling up the DagBag from /home/airflow/.local/lib/python3.12/site-packages/airflow/example_dags/example_python_operator.py
[2024-09-17T18:32:07.427+0000] {processor.py:925} INFO - DAG(s) 'example_python_operator' retrieved from /home/airflow/.local/lib/python3.12/site-packages/airflow/example_dags/example_python_operator.py
[2024-09-17T18:32:07.445+0000] {logging_mixin.py:190} INFO - [2024-09-17T18:32:07.445+0000] {dag.py:3229} INFO - Sync 1 DAGs
[2024-09-17T18:32:07.454+0000] {logging_mixin.py:190} INFO - [2024-09-17T18:32:07.454+0000] {dag.py:4156} INFO - Setting next_dagrun for example_python_operator to None, run_after=None
[2024-09-17T18:32:07.467+0000] {processor.py:208} INFO - Processing /home/airflow/.local/lib/python3.12/site-packages/airflow/example_dags/example_python_operator.py took 0.057 seconds
[2024-09-17T18:32:37.536+0000] {processor.py:186} INFO - Started process (PID=572) to work on /home/airflow/.local/lib/python3.12/site-packages/airflow/example_dags/example_python_operator.py
[2024-09-17T18:32:37.538+0000] {processor.py:914} INFO - Processing file /home/airflow/.local/lib/python3.12/site-packages/airflow/example_dags/example_python_operator.py for tasks to queue
[2024-09-17T18:32:37.541+0000] {logging_mixin.py:190} INFO - [2024-09-17T18:32:37.541+0000] {dagbag.py:587} INFO - Filling up the DagBag from /home/airflow/.local/lib/python3.12/site-packages/airflow/example_dags/example_python_operator.py
[2024-09-17T18:32:37.554+0000] {processor.py:925} INFO - DAG(s) 'example_python_operator' retrieved from /home/airflow/.local/lib/python3.12/site-packages/airflow/example_dags/example_python_operator.py
[2024-09-17T18:32:37.572+0000] {logging_mixin.py:190} INFO - [2024-09-17T18:32:37.572+0000] {dag.py:3229} INFO - Sync 1 DAGs
[2024-09-17T18:32:37.584+0000] {logging_mixin.py:190} INFO - [2024-09-17T18:32:37.584+0000] {dag.py:4156} INFO - Setting next_dagrun for example_python_operator to None, run_after=None
[2024-09-17T18:32:37.601+0000] {processor.py:208} INFO - Processing /home/airflow/.local/lib/python3.12/site-packages/airflow/example_dags/example_python_operator.py took 0.071 seconds
