[2024-09-17T18:28:30.142+0000] {processor.py:186} INFO - Started process (PID=62) to work on /home/airflow/.local/lib/python3.12/site-packages/airflow/example_dags/example_kubernetes_executor.py
[2024-09-17T18:28:30.144+0000] {processor.py:914} INFO - Processing file /home/airflow/.local/lib/python3.12/site-packages/airflow/example_dags/example_kubernetes_executor.py for tasks to queue
[2024-09-17T18:28:30.145+0000] {logging_mixin.py:190} INFO - [2024-09-17T18:28:30.145+0000] {dagbag.py:587} INFO - Filling up the DagBag from /home/airflow/.local/lib/python3.12/site-packages/airflow/example_dags/example_kubernetes_executor.py
[2024-09-17T18:28:30.183+0000] {processor.py:925} INFO - DAG(s) 'example_kubernetes_executor' retrieved from /home/airflow/.local/lib/python3.12/site-packages/airflow/example_dags/example_kubernetes_executor.py
[2024-09-17T18:28:30.307+0000] {logging_mixin.py:190} INFO - [2024-09-17T18:28:30.307+0000] {dag.py:3229} INFO - Sync 1 DAGs
[2024-09-17T18:28:30.318+0000] {logging_mixin.py:190} INFO - [2024-09-17T18:28:30.318+0000] {dag.py:4156} INFO - Setting next_dagrun for example_kubernetes_executor to None, run_after=None
[2024-09-17T18:28:30.330+0000] {processor.py:208} INFO - Processing /home/airflow/.local/lib/python3.12/site-packages/airflow/example_dags/example_kubernetes_executor.py took 0.192 seconds
[2024-09-17T18:29:01.039+0000] {processor.py:186} INFO - Started process (PID=125) to work on /home/airflow/.local/lib/python3.12/site-packages/airflow/example_dags/example_kubernetes_executor.py
[2024-09-17T18:29:01.041+0000] {processor.py:914} INFO - Processing file /home/airflow/.local/lib/python3.12/site-packages/airflow/example_dags/example_kubernetes_executor.py for tasks to queue
[2024-09-17T18:29:01.045+0000] {logging_mixin.py:190} INFO - [2024-09-17T18:29:01.044+0000] {dagbag.py:587} INFO - Filling up the DagBag from /home/airflow/.local/lib/python3.12/site-packages/airflow/example_dags/example_kubernetes_executor.py
[2024-09-17T18:29:01.056+0000] {processor.py:925} INFO - DAG(s) 'example_kubernetes_executor' retrieved from /home/airflow/.local/lib/python3.12/site-packages/airflow/example_dags/example_kubernetes_executor.py
[2024-09-17T18:29:01.082+0000] {logging_mixin.py:190} INFO - [2024-09-17T18:29:01.082+0000] {dag.py:3229} INFO - Sync 1 DAGs
[2024-09-17T18:29:01.097+0000] {logging_mixin.py:190} INFO - [2024-09-17T18:29:01.097+0000] {dag.py:4156} INFO - Setting next_dagrun for example_kubernetes_executor to None, run_after=None
[2024-09-17T18:29:01.117+0000] {processor.py:208} INFO - Processing /home/airflow/.local/lib/python3.12/site-packages/airflow/example_dags/example_kubernetes_executor.py took 0.081 seconds
[2024-09-17T18:29:32.328+0000] {processor.py:186} INFO - Started process (PID=188) to work on /home/airflow/.local/lib/python3.12/site-packages/airflow/example_dags/example_kubernetes_executor.py
[2024-09-17T18:29:32.345+0000] {processor.py:914} INFO - Processing file /home/airflow/.local/lib/python3.12/site-packages/airflow/example_dags/example_kubernetes_executor.py for tasks to queue
[2024-09-17T18:29:32.351+0000] {logging_mixin.py:190} INFO - [2024-09-17T18:29:32.351+0000] {dagbag.py:587} INFO - Filling up the DagBag from /home/airflow/.local/lib/python3.12/site-packages/airflow/example_dags/example_kubernetes_executor.py
[2024-09-17T18:29:32.370+0000] {processor.py:925} INFO - DAG(s) 'example_kubernetes_executor' retrieved from /home/airflow/.local/lib/python3.12/site-packages/airflow/example_dags/example_kubernetes_executor.py
[2024-09-17T18:29:32.406+0000] {logging_mixin.py:190} INFO - [2024-09-17T18:29:32.406+0000] {dag.py:3229} INFO - Sync 1 DAGs
[2024-09-17T18:29:32.422+0000] {logging_mixin.py:190} INFO - [2024-09-17T18:29:32.422+0000] {dag.py:4156} INFO - Setting next_dagrun for example_kubernetes_executor to None, run_after=None
[2024-09-17T18:29:32.450+0000] {processor.py:208} INFO - Processing /home/airflow/.local/lib/python3.12/site-packages/airflow/example_dags/example_kubernetes_executor.py took 0.146 seconds
[2024-09-17T18:30:03.296+0000] {processor.py:186} INFO - Started process (PID=251) to work on /home/airflow/.local/lib/python3.12/site-packages/airflow/example_dags/example_kubernetes_executor.py
[2024-09-17T18:30:03.299+0000] {processor.py:914} INFO - Processing file /home/airflow/.local/lib/python3.12/site-packages/airflow/example_dags/example_kubernetes_executor.py for tasks to queue
[2024-09-17T18:30:03.302+0000] {logging_mixin.py:190} INFO - [2024-09-17T18:30:03.301+0000] {dagbag.py:587} INFO - Filling up the DagBag from /home/airflow/.local/lib/python3.12/site-packages/airflow/example_dags/example_kubernetes_executor.py
[2024-09-17T18:30:03.376+0000] {processor.py:925} INFO - DAG(s) 'example_kubernetes_executor' retrieved from /home/airflow/.local/lib/python3.12/site-packages/airflow/example_dags/example_kubernetes_executor.py
[2024-09-17T18:30:03.412+0000] {logging_mixin.py:190} INFO - [2024-09-17T18:30:03.412+0000] {dag.py:3229} INFO - Sync 1 DAGs
[2024-09-17T18:30:03.423+0000] {logging_mixin.py:190} INFO - [2024-09-17T18:30:03.422+0000] {dag.py:4156} INFO - Setting next_dagrun for example_kubernetes_executor to None, run_after=None
[2024-09-17T18:30:03.438+0000] {processor.py:208} INFO - Processing /home/airflow/.local/lib/python3.12/site-packages/airflow/example_dags/example_kubernetes_executor.py took 0.149 seconds
[2024-09-17T18:30:33.493+0000] {processor.py:186} INFO - Started process (PID=314) to work on /home/airflow/.local/lib/python3.12/site-packages/airflow/example_dags/example_kubernetes_executor.py
[2024-09-17T18:30:33.494+0000] {processor.py:914} INFO - Processing file /home/airflow/.local/lib/python3.12/site-packages/airflow/example_dags/example_kubernetes_executor.py for tasks to queue
[2024-09-17T18:30:33.496+0000] {logging_mixin.py:190} INFO - [2024-09-17T18:30:33.496+0000] {dagbag.py:587} INFO - Filling up the DagBag from /home/airflow/.local/lib/python3.12/site-packages/airflow/example_dags/example_kubernetes_executor.py
[2024-09-17T18:30:33.503+0000] {processor.py:925} INFO - DAG(s) 'example_kubernetes_executor' retrieved from /home/airflow/.local/lib/python3.12/site-packages/airflow/example_dags/example_kubernetes_executor.py
[2024-09-17T18:30:33.522+0000] {logging_mixin.py:190} INFO - [2024-09-17T18:30:33.522+0000] {dag.py:3229} INFO - Sync 1 DAGs
[2024-09-17T18:30:33.529+0000] {logging_mixin.py:190} INFO - [2024-09-17T18:30:33.529+0000] {dag.py:4156} INFO - Setting next_dagrun for example_kubernetes_executor to None, run_after=None
[2024-09-17T18:30:33.538+0000] {processor.py:208} INFO - Processing /home/airflow/.local/lib/python3.12/site-packages/airflow/example_dags/example_kubernetes_executor.py took 0.048 seconds
[2024-09-17T18:31:04.555+0000] {processor.py:186} INFO - Started process (PID=377) to work on /home/airflow/.local/lib/python3.12/site-packages/airflow/example_dags/example_kubernetes_executor.py
[2024-09-17T18:31:04.559+0000] {processor.py:914} INFO - Processing file /home/airflow/.local/lib/python3.12/site-packages/airflow/example_dags/example_kubernetes_executor.py for tasks to queue
[2024-09-17T18:31:04.561+0000] {logging_mixin.py:190} INFO - [2024-09-17T18:31:04.561+0000] {dagbag.py:587} INFO - Filling up the DagBag from /home/airflow/.local/lib/python3.12/site-packages/airflow/example_dags/example_kubernetes_executor.py
[2024-09-17T18:31:04.575+0000] {processor.py:925} INFO - DAG(s) 'example_kubernetes_executor' retrieved from /home/airflow/.local/lib/python3.12/site-packages/airflow/example_dags/example_kubernetes_executor.py
[2024-09-17T18:31:04.597+0000] {logging_mixin.py:190} INFO - [2024-09-17T18:31:04.597+0000] {dag.py:3229} INFO - Sync 1 DAGs
[2024-09-17T18:31:04.605+0000] {logging_mixin.py:190} INFO - [2024-09-17T18:31:04.605+0000] {dag.py:4156} INFO - Setting next_dagrun for example_kubernetes_executor to None, run_after=None
[2024-09-17T18:31:04.616+0000] {processor.py:208} INFO - Processing /home/airflow/.local/lib/python3.12/site-packages/airflow/example_dags/example_kubernetes_executor.py took 0.069 seconds
[2024-09-17T18:31:34.786+0000] {processor.py:186} INFO - Started process (PID=439) to work on /home/airflow/.local/lib/python3.12/site-packages/airflow/example_dags/example_kubernetes_executor.py
[2024-09-17T18:31:34.790+0000] {processor.py:914} INFO - Processing file /home/airflow/.local/lib/python3.12/site-packages/airflow/example_dags/example_kubernetes_executor.py for tasks to queue
[2024-09-17T18:31:34.794+0000] {logging_mixin.py:190} INFO - [2024-09-17T18:31:34.794+0000] {dagbag.py:587} INFO - Filling up the DagBag from /home/airflow/.local/lib/python3.12/site-packages/airflow/example_dags/example_kubernetes_executor.py
[2024-09-17T18:31:34.804+0000] {processor.py:925} INFO - DAG(s) 'example_kubernetes_executor' retrieved from /home/airflow/.local/lib/python3.12/site-packages/airflow/example_dags/example_kubernetes_executor.py
[2024-09-17T18:31:34.828+0000] {logging_mixin.py:190} INFO - [2024-09-17T18:31:34.828+0000] {dag.py:3229} INFO - Sync 1 DAGs
[2024-09-17T18:31:34.837+0000] {logging_mixin.py:190} INFO - [2024-09-17T18:31:34.837+0000] {dag.py:4156} INFO - Setting next_dagrun for example_kubernetes_executor to None, run_after=None
[2024-09-17T18:31:34.854+0000] {processor.py:208} INFO - Processing /home/airflow/.local/lib/python3.12/site-packages/airflow/example_dags/example_kubernetes_executor.py took 0.073 seconds
[2024-09-17T18:32:06.010+0000] {processor.py:186} INFO - Started process (PID=502) to work on /home/airflow/.local/lib/python3.12/site-packages/airflow/example_dags/example_kubernetes_executor.py
[2024-09-17T18:32:06.014+0000] {processor.py:914} INFO - Processing file /home/airflow/.local/lib/python3.12/site-packages/airflow/example_dags/example_kubernetes_executor.py for tasks to queue
[2024-09-17T18:32:06.016+0000] {logging_mixin.py:190} INFO - [2024-09-17T18:32:06.015+0000] {dagbag.py:587} INFO - Filling up the DagBag from /home/airflow/.local/lib/python3.12/site-packages/airflow/example_dags/example_kubernetes_executor.py
[2024-09-17T18:32:06.027+0000] {processor.py:925} INFO - DAG(s) 'example_kubernetes_executor' retrieved from /home/airflow/.local/lib/python3.12/site-packages/airflow/example_dags/example_kubernetes_executor.py
[2024-09-17T18:32:06.055+0000] {logging_mixin.py:190} INFO - [2024-09-17T18:32:06.055+0000] {dag.py:3229} INFO - Sync 1 DAGs
[2024-09-17T18:32:06.065+0000] {logging_mixin.py:190} INFO - [2024-09-17T18:32:06.064+0000] {dag.py:4156} INFO - Setting next_dagrun for example_kubernetes_executor to None, run_after=None
[2024-09-17T18:32:06.079+0000] {processor.py:208} INFO - Processing /home/airflow/.local/lib/python3.12/site-packages/airflow/example_dags/example_kubernetes_executor.py took 0.074 seconds
[2024-09-17T18:32:36.174+0000] {processor.py:186} INFO - Started process (PID=565) to work on /home/airflow/.local/lib/python3.12/site-packages/airflow/example_dags/example_kubernetes_executor.py
[2024-09-17T18:32:36.177+0000] {processor.py:914} INFO - Processing file /home/airflow/.local/lib/python3.12/site-packages/airflow/example_dags/example_kubernetes_executor.py for tasks to queue
[2024-09-17T18:32:36.180+0000] {logging_mixin.py:190} INFO - [2024-09-17T18:32:36.180+0000] {dagbag.py:587} INFO - Filling up the DagBag from /home/airflow/.local/lib/python3.12/site-packages/airflow/example_dags/example_kubernetes_executor.py
[2024-09-17T18:32:36.191+0000] {processor.py:925} INFO - DAG(s) 'example_kubernetes_executor' retrieved from /home/airflow/.local/lib/python3.12/site-packages/airflow/example_dags/example_kubernetes_executor.py
[2024-09-17T18:32:36.215+0000] {logging_mixin.py:190} INFO - [2024-09-17T18:32:36.215+0000] {dag.py:3229} INFO - Sync 1 DAGs
[2024-09-17T18:32:36.226+0000] {logging_mixin.py:190} INFO - [2024-09-17T18:32:36.225+0000] {dag.py:4156} INFO - Setting next_dagrun for example_kubernetes_executor to None, run_after=None
[2024-09-17T18:32:36.242+0000] {processor.py:208} INFO - Processing /home/airflow/.local/lib/python3.12/site-packages/airflow/example_dags/example_kubernetes_executor.py took 0.071 seconds
