[2024-09-17T18:28:31.001+0000] {processor.py:186} INFO - Started process (PID=72) to work on /home/airflow/.local/lib/python3.12/site-packages/airflow/example_dags/example_branch_operator.py
[2024-09-17T18:28:31.003+0000] {processor.py:914} INFO - Processing file /home/airflow/.local/lib/python3.12/site-packages/airflow/example_dags/example_branch_operator.py for tasks to queue
[2024-09-17T18:28:31.004+0000] {logging_mixin.py:190} INFO - [2024-09-17T18:28:31.004+0000] {dagbag.py:587} INFO - Filling up the DagBag from /home/airflow/.local/lib/python3.12/site-packages/airflow/example_dags/example_branch_operator.py
[2024-09-17T18:28:31.016+0000] {processor.py:925} INFO - DAG(s) 'example_branch_operator' retrieved from /home/airflow/.local/lib/python3.12/site-packages/airflow/example_dags/example_branch_operator.py
[2024-09-17T18:28:31.104+0000] {logging_mixin.py:190} INFO - [2024-09-17T18:28:31.104+0000] {dag.py:3229} INFO - Sync 1 DAGs
[2024-09-17T18:28:31.117+0000] {logging_mixin.py:190} INFO - [2024-09-17T18:28:31.117+0000] {dag.py:4156} INFO - Setting next_dagrun for example_branch_operator to 2024-09-16 00:00:00+00:00, run_after=2024-09-17 00:00:00+00:00
[2024-09-17T18:28:31.129+0000] {processor.py:208} INFO - Processing /home/airflow/.local/lib/python3.12/site-packages/airflow/example_dags/example_branch_operator.py took 0.132 seconds
[2024-09-17T18:29:01.489+0000] {processor.py:186} INFO - Started process (PID=135) to work on /home/airflow/.local/lib/python3.12/site-packages/airflow/example_dags/example_branch_operator.py
[2024-09-17T18:29:01.490+0000] {processor.py:914} INFO - Processing file /home/airflow/.local/lib/python3.12/site-packages/airflow/example_dags/example_branch_operator.py for tasks to queue
[2024-09-17T18:29:01.492+0000] {logging_mixin.py:190} INFO - [2024-09-17T18:29:01.492+0000] {dagbag.py:587} INFO - Filling up the DagBag from /home/airflow/.local/lib/python3.12/site-packages/airflow/example_dags/example_branch_operator.py
[2024-09-17T18:29:01.502+0000] {processor.py:925} INFO - DAG(s) 'example_branch_operator' retrieved from /home/airflow/.local/lib/python3.12/site-packages/airflow/example_dags/example_branch_operator.py
[2024-09-17T18:29:01.519+0000] {logging_mixin.py:190} INFO - [2024-09-17T18:29:01.519+0000] {dag.py:3229} INFO - Sync 1 DAGs
[2024-09-17T18:29:01.532+0000] {logging_mixin.py:190} INFO - [2024-09-17T18:29:01.532+0000] {dag.py:4156} INFO - Setting next_dagrun for example_branch_operator to 2024-09-16 00:00:00+00:00, run_after=2024-09-17 00:00:00+00:00
[2024-09-17T18:29:01.543+0000] {processor.py:208} INFO - Processing /home/airflow/.local/lib/python3.12/site-packages/airflow/example_dags/example_branch_operator.py took 0.058 seconds
[2024-09-17T18:29:32.940+0000] {processor.py:186} INFO - Started process (PID=198) to work on /home/airflow/.local/lib/python3.12/site-packages/airflow/example_dags/example_branch_operator.py
[2024-09-17T18:29:32.941+0000] {processor.py:914} INFO - Processing file /home/airflow/.local/lib/python3.12/site-packages/airflow/example_dags/example_branch_operator.py for tasks to queue
[2024-09-17T18:29:32.942+0000] {logging_mixin.py:190} INFO - [2024-09-17T18:29:32.942+0000] {dagbag.py:587} INFO - Filling up the DagBag from /home/airflow/.local/lib/python3.12/site-packages/airflow/example_dags/example_branch_operator.py
[2024-09-17T18:29:32.952+0000] {processor.py:925} INFO - DAG(s) 'example_branch_operator' retrieved from /home/airflow/.local/lib/python3.12/site-packages/airflow/example_dags/example_branch_operator.py
[2024-09-17T18:29:32.970+0000] {logging_mixin.py:190} INFO - [2024-09-17T18:29:32.970+0000] {dag.py:3229} INFO - Sync 1 DAGs
[2024-09-17T18:29:32.983+0000] {logging_mixin.py:190} INFO - [2024-09-17T18:29:32.983+0000] {dag.py:4156} INFO - Setting next_dagrun for example_branch_operator to 2024-09-16 00:00:00+00:00, run_after=2024-09-17 00:00:00+00:00
[2024-09-17T18:29:32.993+0000] {processor.py:208} INFO - Processing /home/airflow/.local/lib/python3.12/site-packages/airflow/example_dags/example_branch_operator.py took 0.058 seconds
[2024-09-17T18:30:03.843+0000] {processor.py:186} INFO - Started process (PID=261) to work on /home/airflow/.local/lib/python3.12/site-packages/airflow/example_dags/example_branch_operator.py
[2024-09-17T18:30:03.845+0000] {processor.py:914} INFO - Processing file /home/airflow/.local/lib/python3.12/site-packages/airflow/example_dags/example_branch_operator.py for tasks to queue
[2024-09-17T18:30:03.847+0000] {logging_mixin.py:190} INFO - [2024-09-17T18:30:03.847+0000] {dagbag.py:587} INFO - Filling up the DagBag from /home/airflow/.local/lib/python3.12/site-packages/airflow/example_dags/example_branch_operator.py
[2024-09-17T18:30:03.858+0000] {processor.py:925} INFO - DAG(s) 'example_branch_operator' retrieved from /home/airflow/.local/lib/python3.12/site-packages/airflow/example_dags/example_branch_operator.py
[2024-09-17T18:30:03.875+0000] {logging_mixin.py:190} INFO - [2024-09-17T18:30:03.875+0000] {dag.py:3229} INFO - Sync 1 DAGs
[2024-09-17T18:30:03.891+0000] {logging_mixin.py:190} INFO - [2024-09-17T18:30:03.891+0000] {dag.py:4156} INFO - Setting next_dagrun for example_branch_operator to 2024-09-16 00:00:00+00:00, run_after=2024-09-17 00:00:00+00:00
[2024-09-17T18:30:03.903+0000] {processor.py:208} INFO - Processing /home/airflow/.local/lib/python3.12/site-packages/airflow/example_dags/example_branch_operator.py took 0.064 seconds
[2024-09-17T18:30:34.911+0000] {processor.py:186} INFO - Started process (PID=324) to work on /home/airflow/.local/lib/python3.12/site-packages/airflow/example_dags/example_branch_operator.py
[2024-09-17T18:30:34.913+0000] {processor.py:914} INFO - Processing file /home/airflow/.local/lib/python3.12/site-packages/airflow/example_dags/example_branch_operator.py for tasks to queue
[2024-09-17T18:30:34.914+0000] {logging_mixin.py:190} INFO - [2024-09-17T18:30:34.914+0000] {dagbag.py:587} INFO - Filling up the DagBag from /home/airflow/.local/lib/python3.12/site-packages/airflow/example_dags/example_branch_operator.py
[2024-09-17T18:30:34.925+0000] {processor.py:925} INFO - DAG(s) 'example_branch_operator' retrieved from /home/airflow/.local/lib/python3.12/site-packages/airflow/example_dags/example_branch_operator.py
[2024-09-17T18:30:34.941+0000] {logging_mixin.py:190} INFO - [2024-09-17T18:30:34.941+0000] {dag.py:3229} INFO - Sync 1 DAGs
[2024-09-17T18:30:34.955+0000] {logging_mixin.py:190} INFO - [2024-09-17T18:30:34.955+0000] {dag.py:4156} INFO - Setting next_dagrun for example_branch_operator to 2024-09-16 00:00:00+00:00, run_after=2024-09-17 00:00:00+00:00
[2024-09-17T18:30:34.970+0000] {processor.py:208} INFO - Processing /home/airflow/.local/lib/python3.12/site-packages/airflow/example_dags/example_branch_operator.py took 0.062 seconds
[2024-09-17T18:31:05.961+0000] {processor.py:186} INFO - Started process (PID=387) to work on /home/airflow/.local/lib/python3.12/site-packages/airflow/example_dags/example_branch_operator.py
[2024-09-17T18:31:05.962+0000] {processor.py:914} INFO - Processing file /home/airflow/.local/lib/python3.12/site-packages/airflow/example_dags/example_branch_operator.py for tasks to queue
[2024-09-17T18:31:05.964+0000] {logging_mixin.py:190} INFO - [2024-09-17T18:31:05.964+0000] {dagbag.py:587} INFO - Filling up the DagBag from /home/airflow/.local/lib/python3.12/site-packages/airflow/example_dags/example_branch_operator.py
[2024-09-17T18:31:05.974+0000] {processor.py:925} INFO - DAG(s) 'example_branch_operator' retrieved from /home/airflow/.local/lib/python3.12/site-packages/airflow/example_dags/example_branch_operator.py
[2024-09-17T18:31:05.989+0000] {logging_mixin.py:190} INFO - [2024-09-17T18:31:05.989+0000] {dag.py:3229} INFO - Sync 1 DAGs
[2024-09-17T18:31:06.003+0000] {logging_mixin.py:190} INFO - [2024-09-17T18:31:06.003+0000] {dag.py:4156} INFO - Setting next_dagrun for example_branch_operator to 2024-09-16 00:00:00+00:00, run_after=2024-09-17 00:00:00+00:00
[2024-09-17T18:31:06.017+0000] {processor.py:208} INFO - Processing /home/airflow/.local/lib/python3.12/site-packages/airflow/example_dags/example_branch_operator.py took 0.059 seconds
[2024-09-17T18:31:36.561+0000] {processor.py:186} INFO - Started process (PID=449) to work on /home/airflow/.local/lib/python3.12/site-packages/airflow/example_dags/example_branch_operator.py
[2024-09-17T18:31:36.563+0000] {processor.py:914} INFO - Processing file /home/airflow/.local/lib/python3.12/site-packages/airflow/example_dags/example_branch_operator.py for tasks to queue
[2024-09-17T18:31:36.565+0000] {logging_mixin.py:190} INFO - [2024-09-17T18:31:36.565+0000] {dagbag.py:587} INFO - Filling up the DagBag from /home/airflow/.local/lib/python3.12/site-packages/airflow/example_dags/example_branch_operator.py
[2024-09-17T18:31:36.579+0000] {processor.py:925} INFO - DAG(s) 'example_branch_operator' retrieved from /home/airflow/.local/lib/python3.12/site-packages/airflow/example_dags/example_branch_operator.py
[2024-09-17T18:31:36.598+0000] {logging_mixin.py:190} INFO - [2024-09-17T18:31:36.598+0000] {dag.py:3229} INFO - Sync 1 DAGs
[2024-09-17T18:31:36.615+0000] {logging_mixin.py:190} INFO - [2024-09-17T18:31:36.614+0000] {dag.py:4156} INFO - Setting next_dagrun for example_branch_operator to 2024-09-16 00:00:00+00:00, run_after=2024-09-17 00:00:00+00:00
[2024-09-17T18:31:36.639+0000] {processor.py:208} INFO - Processing /home/airflow/.local/lib/python3.12/site-packages/airflow/example_dags/example_branch_operator.py took 0.082 seconds
[2024-09-17T18:32:07.541+0000] {processor.py:186} INFO - Started process (PID=512) to work on /home/airflow/.local/lib/python3.12/site-packages/airflow/example_dags/example_branch_operator.py
[2024-09-17T18:32:07.543+0000] {processor.py:914} INFO - Processing file /home/airflow/.local/lib/python3.12/site-packages/airflow/example_dags/example_branch_operator.py for tasks to queue
[2024-09-17T18:32:07.544+0000] {logging_mixin.py:190} INFO - [2024-09-17T18:32:07.544+0000] {dagbag.py:587} INFO - Filling up the DagBag from /home/airflow/.local/lib/python3.12/site-packages/airflow/example_dags/example_branch_operator.py
[2024-09-17T18:32:07.558+0000] {processor.py:925} INFO - DAG(s) 'example_branch_operator' retrieved from /home/airflow/.local/lib/python3.12/site-packages/airflow/example_dags/example_branch_operator.py
[2024-09-17T18:32:07.574+0000] {logging_mixin.py:190} INFO - [2024-09-17T18:32:07.574+0000] {dag.py:3229} INFO - Sync 1 DAGs
[2024-09-17T18:32:07.588+0000] {logging_mixin.py:190} INFO - [2024-09-17T18:32:07.588+0000] {dag.py:4156} INFO - Setting next_dagrun for example_branch_operator to 2024-09-16 00:00:00+00:00, run_after=2024-09-17 00:00:00+00:00
[2024-09-17T18:32:07.598+0000] {processor.py:208} INFO - Processing /home/airflow/.local/lib/python3.12/site-packages/airflow/example_dags/example_branch_operator.py took 0.061 seconds
[2024-09-17T18:32:37.695+0000] {processor.py:186} INFO - Started process (PID=575) to work on /home/airflow/.local/lib/python3.12/site-packages/airflow/example_dags/example_branch_operator.py
[2024-09-17T18:32:37.697+0000] {processor.py:914} INFO - Processing file /home/airflow/.local/lib/python3.12/site-packages/airflow/example_dags/example_branch_operator.py for tasks to queue
[2024-09-17T18:32:37.698+0000] {logging_mixin.py:190} INFO - [2024-09-17T18:32:37.698+0000] {dagbag.py:587} INFO - Filling up the DagBag from /home/airflow/.local/lib/python3.12/site-packages/airflow/example_dags/example_branch_operator.py
[2024-09-17T18:32:37.709+0000] {processor.py:925} INFO - DAG(s) 'example_branch_operator' retrieved from /home/airflow/.local/lib/python3.12/site-packages/airflow/example_dags/example_branch_operator.py
[2024-09-17T18:32:37.730+0000] {logging_mixin.py:190} INFO - [2024-09-17T18:32:37.730+0000] {dag.py:3229} INFO - Sync 1 DAGs
[2024-09-17T18:32:37.747+0000] {logging_mixin.py:190} INFO - [2024-09-17T18:32:37.747+0000] {dag.py:4156} INFO - Setting next_dagrun for example_branch_operator to 2024-09-16 00:00:00+00:00, run_after=2024-09-17 00:00:00+00:00
[2024-09-17T18:32:37.764+0000] {processor.py:208} INFO - Processing /home/airflow/.local/lib/python3.12/site-packages/airflow/example_dags/example_branch_operator.py took 0.072 seconds
