[2024-09-17T18:28:31.358+0000] {processor.py:186} INFO - Started process (PID=77) to work on /home/airflow/.local/lib/python3.12/site-packages/airflow/example_dags/example_xcomargs.py
[2024-09-17T18:28:31.359+0000] {processor.py:914} INFO - Processing file /home/airflow/.local/lib/python3.12/site-packages/airflow/example_dags/example_xcomargs.py for tasks to queue
[2024-09-17T18:28:31.361+0000] {logging_mixin.py:190} INFO - [2024-09-17T18:28:31.361+0000] {dagbag.py:587} INFO - Filling up the DagBag from /home/airflow/.local/lib/python3.12/site-packages/airflow/example_dags/example_xcomargs.py
[2024-09-17T18:28:31.368+0000] {processor.py:925} INFO - DAG(s) 'example_xcom_args_with_operators', 'example_xcom_args' retrieved from /home/airflow/.local/lib/python3.12/site-packages/airflow/example_dags/example_xcomargs.py
[2024-09-17T18:28:31.441+0000] {logging_mixin.py:190} INFO - [2024-09-17T18:28:31.440+0000] {dag.py:3229} INFO - Sync 2 DAGs
[2024-09-17T18:28:31.449+0000] {logging_mixin.py:190} INFO - [2024-09-17T18:28:31.449+0000] {dag.py:4156} INFO - Setting next_dagrun for example_xcom_args to None, run_after=None
[2024-09-17T18:28:31.452+0000] {logging_mixin.py:190} INFO - [2024-09-17T18:28:31.452+0000] {dag.py:4156} INFO - Setting next_dagrun for example_xcom_args_with_operators to None, run_after=None
[2024-09-17T18:28:31.466+0000] {processor.py:208} INFO - Processing /home/airflow/.local/lib/python3.12/site-packages/airflow/example_dags/example_xcomargs.py took 0.111 seconds
[2024-09-17T18:29:01.675+0000] {processor.py:186} INFO - Started process (PID=140) to work on /home/airflow/.local/lib/python3.12/site-packages/airflow/example_dags/example_xcomargs.py
[2024-09-17T18:29:01.676+0000] {processor.py:914} INFO - Processing file /home/airflow/.local/lib/python3.12/site-packages/airflow/example_dags/example_xcomargs.py for tasks to queue
[2024-09-17T18:29:01.678+0000] {logging_mixin.py:190} INFO - [2024-09-17T18:29:01.678+0000] {dagbag.py:587} INFO - Filling up the DagBag from /home/airflow/.local/lib/python3.12/site-packages/airflow/example_dags/example_xcomargs.py
[2024-09-17T18:29:01.684+0000] {processor.py:925} INFO - DAG(s) 'example_xcom_args_with_operators', 'example_xcom_args' retrieved from /home/airflow/.local/lib/python3.12/site-packages/airflow/example_dags/example_xcomargs.py
[2024-09-17T18:29:01.701+0000] {logging_mixin.py:190} INFO - [2024-09-17T18:29:01.700+0000] {dag.py:3229} INFO - Sync 2 DAGs
[2024-09-17T18:29:01.712+0000] {logging_mixin.py:190} INFO - [2024-09-17T18:29:01.711+0000] {dag.py:4156} INFO - Setting next_dagrun for example_xcom_args to None, run_after=None
[2024-09-17T18:29:01.715+0000] {logging_mixin.py:190} INFO - [2024-09-17T18:29:01.715+0000] {dag.py:4156} INFO - Setting next_dagrun for example_xcom_args_with_operators to None, run_after=None
[2024-09-17T18:29:01.726+0000] {processor.py:208} INFO - Processing /home/airflow/.local/lib/python3.12/site-packages/airflow/example_dags/example_xcomargs.py took 0.055 seconds
[2024-09-17T18:29:33.130+0000] {processor.py:186} INFO - Started process (PID=203) to work on /home/airflow/.local/lib/python3.12/site-packages/airflow/example_dags/example_xcomargs.py
[2024-09-17T18:29:33.132+0000] {processor.py:914} INFO - Processing file /home/airflow/.local/lib/python3.12/site-packages/airflow/example_dags/example_xcomargs.py for tasks to queue
[2024-09-17T18:29:33.134+0000] {logging_mixin.py:190} INFO - [2024-09-17T18:29:33.134+0000] {dagbag.py:587} INFO - Filling up the DagBag from /home/airflow/.local/lib/python3.12/site-packages/airflow/example_dags/example_xcomargs.py
[2024-09-17T18:29:33.143+0000] {processor.py:925} INFO - DAG(s) 'example_xcom_args_with_operators', 'example_xcom_args' retrieved from /home/airflow/.local/lib/python3.12/site-packages/airflow/example_dags/example_xcomargs.py
[2024-09-17T18:29:33.157+0000] {logging_mixin.py:190} INFO - [2024-09-17T18:29:33.157+0000] {dag.py:3229} INFO - Sync 2 DAGs
[2024-09-17T18:29:33.166+0000] {logging_mixin.py:190} INFO - [2024-09-17T18:29:33.166+0000] {dag.py:4156} INFO - Setting next_dagrun for example_xcom_args to None, run_after=None
[2024-09-17T18:29:33.169+0000] {logging_mixin.py:190} INFO - [2024-09-17T18:29:33.169+0000] {dag.py:4156} INFO - Setting next_dagrun for example_xcom_args_with_operators to None, run_after=None
[2024-09-17T18:29:33.178+0000] {processor.py:208} INFO - Processing /home/airflow/.local/lib/python3.12/site-packages/airflow/example_dags/example_xcomargs.py took 0.051 seconds
[2024-09-17T18:30:04.023+0000] {processor.py:186} INFO - Started process (PID=266) to work on /home/airflow/.local/lib/python3.12/site-packages/airflow/example_dags/example_xcomargs.py
[2024-09-17T18:30:04.026+0000] {processor.py:914} INFO - Processing file /home/airflow/.local/lib/python3.12/site-packages/airflow/example_dags/example_xcomargs.py for tasks to queue
[2024-09-17T18:30:04.030+0000] {logging_mixin.py:190} INFO - [2024-09-17T18:30:04.030+0000] {dagbag.py:587} INFO - Filling up the DagBag from /home/airflow/.local/lib/python3.12/site-packages/airflow/example_dags/example_xcomargs.py
[2024-09-17T18:30:04.038+0000] {processor.py:925} INFO - DAG(s) 'example_xcom_args', 'example_xcom_args_with_operators' retrieved from /home/airflow/.local/lib/python3.12/site-packages/airflow/example_dags/example_xcomargs.py
[2024-09-17T18:30:04.056+0000] {logging_mixin.py:190} INFO - [2024-09-17T18:30:04.056+0000] {dag.py:3229} INFO - Sync 2 DAGs
[2024-09-17T18:30:04.066+0000] {logging_mixin.py:190} INFO - [2024-09-17T18:30:04.066+0000] {dag.py:4156} INFO - Setting next_dagrun for example_xcom_args to None, run_after=None
[2024-09-17T18:30:04.069+0000] {logging_mixin.py:190} INFO - [2024-09-17T18:30:04.069+0000] {dag.py:4156} INFO - Setting next_dagrun for example_xcom_args_with_operators to None, run_after=None
[2024-09-17T18:30:04.079+0000] {processor.py:208} INFO - Processing /home/airflow/.local/lib/python3.12/site-packages/airflow/example_dags/example_xcomargs.py took 0.060 seconds
[2024-09-17T18:30:35.088+0000] {processor.py:186} INFO - Started process (PID=329) to work on /home/airflow/.local/lib/python3.12/site-packages/airflow/example_dags/example_xcomargs.py
[2024-09-17T18:30:35.089+0000] {processor.py:914} INFO - Processing file /home/airflow/.local/lib/python3.12/site-packages/airflow/example_dags/example_xcomargs.py for tasks to queue
[2024-09-17T18:30:35.091+0000] {logging_mixin.py:190} INFO - [2024-09-17T18:30:35.091+0000] {dagbag.py:587} INFO - Filling up the DagBag from /home/airflow/.local/lib/python3.12/site-packages/airflow/example_dags/example_xcomargs.py
[2024-09-17T18:30:35.098+0000] {processor.py:925} INFO - DAG(s) 'example_xcom_args', 'example_xcom_args_with_operators' retrieved from /home/airflow/.local/lib/python3.12/site-packages/airflow/example_dags/example_xcomargs.py
[2024-09-17T18:30:35.113+0000] {logging_mixin.py:190} INFO - [2024-09-17T18:30:35.112+0000] {dag.py:3229} INFO - Sync 2 DAGs
[2024-09-17T18:30:35.121+0000] {logging_mixin.py:190} INFO - [2024-09-17T18:30:35.121+0000] {dag.py:4156} INFO - Setting next_dagrun for example_xcom_args to None, run_after=None
[2024-09-17T18:30:35.125+0000] {logging_mixin.py:190} INFO - [2024-09-17T18:30:35.125+0000] {dag.py:4156} INFO - Setting next_dagrun for example_xcom_args_with_operators to None, run_after=None
[2024-09-17T18:30:35.135+0000] {processor.py:208} INFO - Processing /home/airflow/.local/lib/python3.12/site-packages/airflow/example_dags/example_xcomargs.py took 0.051 seconds
[2024-09-17T18:31:06.116+0000] {processor.py:186} INFO - Started process (PID=392) to work on /home/airflow/.local/lib/python3.12/site-packages/airflow/example_dags/example_xcomargs.py
[2024-09-17T18:31:06.117+0000] {processor.py:914} INFO - Processing file /home/airflow/.local/lib/python3.12/site-packages/airflow/example_dags/example_xcomargs.py for tasks to queue
[2024-09-17T18:31:06.119+0000] {logging_mixin.py:190} INFO - [2024-09-17T18:31:06.119+0000] {dagbag.py:587} INFO - Filling up the DagBag from /home/airflow/.local/lib/python3.12/site-packages/airflow/example_dags/example_xcomargs.py
[2024-09-17T18:31:06.125+0000] {processor.py:925} INFO - DAG(s) 'example_xcom_args_with_operators', 'example_xcom_args' retrieved from /home/airflow/.local/lib/python3.12/site-packages/airflow/example_dags/example_xcomargs.py
[2024-09-17T18:31:06.138+0000] {logging_mixin.py:190} INFO - [2024-09-17T18:31:06.138+0000] {dag.py:3229} INFO - Sync 2 DAGs
[2024-09-17T18:31:06.146+0000] {logging_mixin.py:190} INFO - [2024-09-17T18:31:06.146+0000] {dag.py:4156} INFO - Setting next_dagrun for example_xcom_args to None, run_after=None
[2024-09-17T18:31:06.149+0000] {logging_mixin.py:190} INFO - [2024-09-17T18:31:06.149+0000] {dag.py:4156} INFO - Setting next_dagrun for example_xcom_args_with_operators to None, run_after=None
[2024-09-17T18:31:06.158+0000] {processor.py:208} INFO - Processing /home/airflow/.local/lib/python3.12/site-packages/airflow/example_dags/example_xcomargs.py took 0.045 seconds
[2024-09-17T18:31:36.841+0000] {processor.py:186} INFO - Started process (PID=454) to work on /home/airflow/.local/lib/python3.12/site-packages/airflow/example_dags/example_xcomargs.py
[2024-09-17T18:31:36.843+0000] {processor.py:914} INFO - Processing file /home/airflow/.local/lib/python3.12/site-packages/airflow/example_dags/example_xcomargs.py for tasks to queue
[2024-09-17T18:31:36.846+0000] {logging_mixin.py:190} INFO - [2024-09-17T18:31:36.845+0000] {dagbag.py:587} INFO - Filling up the DagBag from /home/airflow/.local/lib/python3.12/site-packages/airflow/example_dags/example_xcomargs.py
[2024-09-17T18:31:36.855+0000] {processor.py:925} INFO - DAG(s) 'example_xcom_args_with_operators', 'example_xcom_args' retrieved from /home/airflow/.local/lib/python3.12/site-packages/airflow/example_dags/example_xcomargs.py
[2024-09-17T18:31:36.870+0000] {logging_mixin.py:190} INFO - [2024-09-17T18:31:36.870+0000] {dag.py:3229} INFO - Sync 2 DAGs
[2024-09-17T18:31:36.881+0000] {logging_mixin.py:190} INFO - [2024-09-17T18:31:36.881+0000] {dag.py:4156} INFO - Setting next_dagrun for example_xcom_args to None, run_after=None
[2024-09-17T18:31:36.884+0000] {logging_mixin.py:190} INFO - [2024-09-17T18:31:36.883+0000] {dag.py:4156} INFO - Setting next_dagrun for example_xcom_args_with_operators to None, run_after=None
[2024-09-17T18:31:36.894+0000] {processor.py:208} INFO - Processing /home/airflow/.local/lib/python3.12/site-packages/airflow/example_dags/example_xcomargs.py took 0.057 seconds
[2024-09-17T18:32:07.748+0000] {processor.py:186} INFO - Started process (PID=517) to work on /home/airflow/.local/lib/python3.12/site-packages/airflow/example_dags/example_xcomargs.py
[2024-09-17T18:32:07.749+0000] {processor.py:914} INFO - Processing file /home/airflow/.local/lib/python3.12/site-packages/airflow/example_dags/example_xcomargs.py for tasks to queue
[2024-09-17T18:32:07.751+0000] {logging_mixin.py:190} INFO - [2024-09-17T18:32:07.751+0000] {dagbag.py:587} INFO - Filling up the DagBag from /home/airflow/.local/lib/python3.12/site-packages/airflow/example_dags/example_xcomargs.py
[2024-09-17T18:32:07.756+0000] {processor.py:925} INFO - DAG(s) 'example_xcom_args', 'example_xcom_args_with_operators' retrieved from /home/airflow/.local/lib/python3.12/site-packages/airflow/example_dags/example_xcomargs.py
[2024-09-17T18:32:07.769+0000] {logging_mixin.py:190} INFO - [2024-09-17T18:32:07.769+0000] {dag.py:3229} INFO - Sync 2 DAGs
[2024-09-17T18:32:07.776+0000] {logging_mixin.py:190} INFO - [2024-09-17T18:32:07.776+0000] {dag.py:4156} INFO - Setting next_dagrun for example_xcom_args to None, run_after=None
[2024-09-17T18:32:07.779+0000] {logging_mixin.py:190} INFO - [2024-09-17T18:32:07.779+0000] {dag.py:4156} INFO - Setting next_dagrun for example_xcom_args_with_operators to None, run_after=None
[2024-09-17T18:32:07.787+0000] {processor.py:208} INFO - Processing /home/airflow/.local/lib/python3.12/site-packages/airflow/example_dags/example_xcomargs.py took 0.042 seconds
[2024-09-17T18:32:37.953+0000] {processor.py:186} INFO - Started process (PID=580) to work on /home/airflow/.local/lib/python3.12/site-packages/airflow/example_dags/example_xcomargs.py
[2024-09-17T18:32:37.954+0000] {processor.py:914} INFO - Processing file /home/airflow/.local/lib/python3.12/site-packages/airflow/example_dags/example_xcomargs.py for tasks to queue
[2024-09-17T18:32:37.956+0000] {logging_mixin.py:190} INFO - [2024-09-17T18:32:37.956+0000] {dagbag.py:587} INFO - Filling up the DagBag from /home/airflow/.local/lib/python3.12/site-packages/airflow/example_dags/example_xcomargs.py
[2024-09-17T18:32:37.962+0000] {processor.py:925} INFO - DAG(s) 'example_xcom_args_with_operators', 'example_xcom_args' retrieved from /home/airflow/.local/lib/python3.12/site-packages/airflow/example_dags/example_xcomargs.py
[2024-09-17T18:32:37.976+0000] {logging_mixin.py:190} INFO - [2024-09-17T18:32:37.975+0000] {dag.py:3229} INFO - Sync 2 DAGs
[2024-09-17T18:32:37.983+0000] {logging_mixin.py:190} INFO - [2024-09-17T18:32:37.983+0000] {dag.py:4156} INFO - Setting next_dagrun for example_xcom_args to None, run_after=None
[2024-09-17T18:32:37.986+0000] {logging_mixin.py:190} INFO - [2024-09-17T18:32:37.986+0000] {dag.py:4156} INFO - Setting next_dagrun for example_xcom_args_with_operators to None, run_after=None
[2024-09-17T18:32:37.994+0000] {processor.py:208} INFO - Processing /home/airflow/.local/lib/python3.12/site-packages/airflow/example_dags/example_xcomargs.py took 0.044 seconds
