[2024-09-17T18:28:26.705+0000] {processor.py:186} INFO - Started process (PID=36) to work on /home/airflow/.local/lib/python3.12/site-packages/airflow/example_dags/example_datasets.py
[2024-09-17T18:28:26.707+0000] {processor.py:914} INFO - Processing file /home/airflow/.local/lib/python3.12/site-packages/airflow/example_dags/example_datasets.py for tasks to queue
[2024-09-17T18:28:26.711+0000] {logging_mixin.py:190} INFO - [2024-09-17T18:28:26.710+0000] {dagbag.py:587} INFO - Filling up the DagBag from /home/airflow/.local/lib/python3.12/site-packages/airflow/example_dags/example_datasets.py
[2024-09-17T18:28:27.259+0000] {processor.py:925} INFO - DAG(s) 'consume_1_and_2_with_dataset_expressions', 'dataset_consumes_1', 'consume_1_or_both_2_and_3_with_dataset_expressions', 'dataset_consumes_unknown_never_scheduled', 'consume_1_or_2_with_dataset_expressions', 'dataset_consumes_1_and_2', 'dataset_consumes_1_never_scheduled', 'dataset_produces_2', 'dataset_produces_1', 'conditional_dataset_and_time_based_timetable' retrieved from /home/airflow/.local/lib/python3.12/site-packages/airflow/example_dags/example_datasets.py
[2024-09-17T18:28:27.589+0000] {logging_mixin.py:190} INFO - [2024-09-17T18:28:27.589+0000] {dag.py:3229} INFO - Sync 10 DAGs
[2024-09-17T18:28:27.618+0000] {logging_mixin.py:190} INFO - [2024-09-17T18:28:27.618+0000] {dag.py:4156} INFO - Setting next_dagrun for conditional_dataset_and_time_based_timetable to 2024-09-11 01:00:00+00:00, run_after=2024-09-11 01:00:00+00:00
[2024-09-17T18:28:27.626+0000] {logging_mixin.py:190} INFO - [2024-09-17T18:28:27.626+0000] {dag.py:4156} INFO - Setting next_dagrun for consume_1_and_2_with_dataset_expressions to None, run_after=None
[2024-09-17T18:28:27.630+0000] {logging_mixin.py:190} INFO - [2024-09-17T18:28:27.630+0000] {dag.py:4156} INFO - Setting next_dagrun for consume_1_or_2_with_dataset_expressions to None, run_after=None
[2024-09-17T18:28:27.635+0000] {logging_mixin.py:190} INFO - [2024-09-17T18:28:27.634+0000] {dag.py:4156} INFO - Setting next_dagrun for consume_1_or_both_2_and_3_with_dataset_expressions to None, run_after=None
[2024-09-17T18:28:27.639+0000] {logging_mixin.py:190} INFO - [2024-09-17T18:28:27.639+0000] {dag.py:4156} INFO - Setting next_dagrun for dataset_consumes_1 to None, run_after=None
[2024-09-17T18:28:27.641+0000] {logging_mixin.py:190} INFO - [2024-09-17T18:28:27.641+0000] {dag.py:4156} INFO - Setting next_dagrun for dataset_consumes_1_and_2 to None, run_after=None
[2024-09-17T18:28:27.645+0000] {logging_mixin.py:190} INFO - [2024-09-17T18:28:27.645+0000] {dag.py:4156} INFO - Setting next_dagrun for dataset_consumes_1_never_scheduled to None, run_after=None
[2024-09-17T18:28:27.648+0000] {logging_mixin.py:190} INFO - [2024-09-17T18:28:27.648+0000] {dag.py:4156} INFO - Setting next_dagrun for dataset_consumes_unknown_never_scheduled to None, run_after=None
[2024-09-17T18:28:27.652+0000] {logging_mixin.py:190} INFO - [2024-09-17T18:28:27.652+0000] {dag.py:4156} INFO - Setting next_dagrun for dataset_produces_1 to 2024-09-17 00:00:00+00:00, run_after=2024-09-18 00:00:00+00:00
[2024-09-17T18:28:27.655+0000] {logging_mixin.py:190} INFO - [2024-09-17T18:28:27.654+0000] {dag.py:4156} INFO - Setting next_dagrun for dataset_produces_2 to None, run_after=None
[2024-09-17T18:28:27.733+0000] {processor.py:208} INFO - Processing /home/airflow/.local/lib/python3.12/site-packages/airflow/example_dags/example_datasets.py took 1.034 seconds
[2024-09-17T18:28:57.847+0000] {processor.py:186} INFO - Started process (PID=99) to work on /home/airflow/.local/lib/python3.12/site-packages/airflow/example_dags/example_datasets.py
[2024-09-17T18:28:57.849+0000] {processor.py:914} INFO - Processing file /home/airflow/.local/lib/python3.12/site-packages/airflow/example_dags/example_datasets.py for tasks to queue
[2024-09-17T18:28:57.852+0000] {logging_mixin.py:190} INFO - [2024-09-17T18:28:57.852+0000] {dagbag.py:587} INFO - Filling up the DagBag from /home/airflow/.local/lib/python3.12/site-packages/airflow/example_dags/example_datasets.py
[2024-09-17T18:28:57.958+0000] {processor.py:925} INFO - DAG(s) 'dataset_produces_1', 'dataset_consumes_1_and_2', 'consume_1_or_2_with_dataset_expressions', 'consume_1_or_both_2_and_3_with_dataset_expressions', 'dataset_consumes_unknown_never_scheduled', 'conditional_dataset_and_time_based_timetable', 'dataset_consumes_1_never_scheduled', 'dataset_consumes_1', 'consume_1_and_2_with_dataset_expressions', 'dataset_produces_2' retrieved from /home/airflow/.local/lib/python3.12/site-packages/airflow/example_dags/example_datasets.py
[2024-09-17T18:28:57.983+0000] {logging_mixin.py:190} INFO - [2024-09-17T18:28:57.982+0000] {dag.py:3229} INFO - Sync 10 DAGs
[2024-09-17T18:28:58.001+0000] {logging_mixin.py:190} INFO - [2024-09-17T18:28:58.001+0000] {dag.py:4156} INFO - Setting next_dagrun for conditional_dataset_and_time_based_timetable to 2024-09-11 01:00:00+00:00, run_after=2024-09-11 01:00:00+00:00
[2024-09-17T18:28:58.005+0000] {logging_mixin.py:190} INFO - [2024-09-17T18:28:58.004+0000] {dag.py:4156} INFO - Setting next_dagrun for consume_1_and_2_with_dataset_expressions to None, run_after=None
[2024-09-17T18:28:58.007+0000] {logging_mixin.py:190} INFO - [2024-09-17T18:28:58.006+0000] {dag.py:4156} INFO - Setting next_dagrun for consume_1_or_2_with_dataset_expressions to None, run_after=None
[2024-09-17T18:28:58.008+0000] {logging_mixin.py:190} INFO - [2024-09-17T18:28:58.008+0000] {dag.py:4156} INFO - Setting next_dagrun for consume_1_or_both_2_and_3_with_dataset_expressions to None, run_after=None
[2024-09-17T18:28:58.010+0000] {logging_mixin.py:190} INFO - [2024-09-17T18:28:58.010+0000] {dag.py:4156} INFO - Setting next_dagrun for dataset_consumes_1 to None, run_after=None
[2024-09-17T18:28:58.011+0000] {logging_mixin.py:190} INFO - [2024-09-17T18:28:58.011+0000] {dag.py:4156} INFO - Setting next_dagrun for dataset_consumes_1_and_2 to None, run_after=None
[2024-09-17T18:28:58.013+0000] {logging_mixin.py:190} INFO - [2024-09-17T18:28:58.013+0000] {dag.py:4156} INFO - Setting next_dagrun for dataset_consumes_1_never_scheduled to None, run_after=None
[2024-09-17T18:28:58.014+0000] {logging_mixin.py:190} INFO - [2024-09-17T18:28:58.014+0000] {dag.py:4156} INFO - Setting next_dagrun for dataset_consumes_unknown_never_scheduled to None, run_after=None
[2024-09-17T18:28:58.016+0000] {logging_mixin.py:190} INFO - [2024-09-17T18:28:58.016+0000] {dag.py:4156} INFO - Setting next_dagrun for dataset_produces_1 to 2024-09-17 00:00:00+00:00, run_after=2024-09-18 00:00:00+00:00
[2024-09-17T18:28:58.017+0000] {logging_mixin.py:190} INFO - [2024-09-17T18:28:58.017+0000] {dag.py:4156} INFO - Setting next_dagrun for dataset_produces_2 to None, run_after=None
[2024-09-17T18:28:58.036+0000] {processor.py:208} INFO - Processing /home/airflow/.local/lib/python3.12/site-packages/airflow/example_dags/example_datasets.py took 0.201 seconds
[2024-09-17T18:29:28.810+0000] {processor.py:186} INFO - Started process (PID=162) to work on /home/airflow/.local/lib/python3.12/site-packages/airflow/example_dags/example_datasets.py
[2024-09-17T18:29:28.812+0000] {processor.py:914} INFO - Processing file /home/airflow/.local/lib/python3.12/site-packages/airflow/example_dags/example_datasets.py for tasks to queue
[2024-09-17T18:29:28.814+0000] {logging_mixin.py:190} INFO - [2024-09-17T18:29:28.814+0000] {dagbag.py:587} INFO - Filling up the DagBag from /home/airflow/.local/lib/python3.12/site-packages/airflow/example_dags/example_datasets.py
[2024-09-17T18:29:28.948+0000] {processor.py:925} INFO - DAG(s) 'dataset_consumes_1_and_2', 'dataset_consumes_1', 'consume_1_or_2_with_dataset_expressions', 'dataset_consumes_unknown_never_scheduled', 'dataset_produces_2', 'consume_1_or_both_2_and_3_with_dataset_expressions', 'conditional_dataset_and_time_based_timetable', 'dataset_consumes_1_never_scheduled', 'consume_1_and_2_with_dataset_expressions', 'dataset_produces_1' retrieved from /home/airflow/.local/lib/python3.12/site-packages/airflow/example_dags/example_datasets.py
[2024-09-17T18:29:29.031+0000] {logging_mixin.py:190} INFO - [2024-09-17T18:29:29.030+0000] {dag.py:3229} INFO - Sync 10 DAGs
[2024-09-17T18:29:29.042+0000] {logging_mixin.py:190} INFO - [2024-09-17T18:29:29.042+0000] {dag.py:3252} INFO - Creating ORM DAG for dataset_produces_1
[2024-09-17T18:29:29.050+0000] {logging_mixin.py:190} INFO - [2024-09-17T18:29:29.050+0000] {dag.py:4156} INFO - Setting next_dagrun for conditional_dataset_and_time_based_timetable to 2024-09-11 01:00:00+00:00, run_after=2024-09-11 01:00:00+00:00
[2024-09-17T18:29:29.053+0000] {logging_mixin.py:190} INFO - [2024-09-17T18:29:29.053+0000] {dag.py:4156} INFO - Setting next_dagrun for consume_1_and_2_with_dataset_expressions to None, run_after=None
[2024-09-17T18:29:29.054+0000] {logging_mixin.py:190} INFO - [2024-09-17T18:29:29.054+0000] {dag.py:4156} INFO - Setting next_dagrun for consume_1_or_2_with_dataset_expressions to None, run_after=None
[2024-09-17T18:29:29.055+0000] {logging_mixin.py:190} INFO - [2024-09-17T18:29:29.055+0000] {dag.py:4156} INFO - Setting next_dagrun for consume_1_or_both_2_and_3_with_dataset_expressions to None, run_after=None
[2024-09-17T18:29:29.057+0000] {logging_mixin.py:190} INFO - [2024-09-17T18:29:29.057+0000] {dag.py:4156} INFO - Setting next_dagrun for dataset_consumes_1 to None, run_after=None
[2024-09-17T18:29:29.058+0000] {logging_mixin.py:190} INFO - [2024-09-17T18:29:29.058+0000] {dag.py:4156} INFO - Setting next_dagrun for dataset_consumes_1_and_2 to None, run_after=None
[2024-09-17T18:29:29.060+0000] {logging_mixin.py:190} INFO - [2024-09-17T18:29:29.060+0000] {dag.py:4156} INFO - Setting next_dagrun for dataset_consumes_1_never_scheduled to None, run_after=None
[2024-09-17T18:29:29.062+0000] {logging_mixin.py:190} INFO - [2024-09-17T18:29:29.062+0000] {dag.py:4156} INFO - Setting next_dagrun for dataset_consumes_unknown_never_scheduled to None, run_after=None
[2024-09-17T18:29:29.065+0000] {logging_mixin.py:190} INFO - [2024-09-17T18:29:29.065+0000] {dag.py:4156} INFO - Setting next_dagrun for dataset_produces_1 to 2024-09-16 00:00:00+00:00, run_after=2024-09-17 00:00:00+00:00
[2024-09-17T18:29:29.069+0000] {logging_mixin.py:190} INFO - [2024-09-17T18:29:29.068+0000] {dag.py:4156} INFO - Setting next_dagrun for dataset_produces_2 to None, run_after=None
[2024-09-17T18:29:29.101+0000] {processor.py:208} INFO - Processing /home/airflow/.local/lib/python3.12/site-packages/airflow/example_dags/example_datasets.py took 0.298 seconds
[2024-09-17T18:29:59.814+0000] {processor.py:186} INFO - Started process (PID=225) to work on /home/airflow/.local/lib/python3.12/site-packages/airflow/example_dags/example_datasets.py
[2024-09-17T18:29:59.817+0000] {processor.py:914} INFO - Processing file /home/airflow/.local/lib/python3.12/site-packages/airflow/example_dags/example_datasets.py for tasks to queue
[2024-09-17T18:29:59.821+0000] {logging_mixin.py:190} INFO - [2024-09-17T18:29:59.821+0000] {dagbag.py:587} INFO - Filling up the DagBag from /home/airflow/.local/lib/python3.12/site-packages/airflow/example_dags/example_datasets.py
[2024-09-17T18:30:00.000+0000] {processor.py:925} INFO - DAG(s) 'consume_1_or_both_2_and_3_with_dataset_expressions', 'dataset_consumes_1', 'consume_1_and_2_with_dataset_expressions', 'conditional_dataset_and_time_based_timetable', 'dataset_consumes_1_never_scheduled', 'dataset_produces_1', 'consume_1_or_2_with_dataset_expressions', 'dataset_consumes_unknown_never_scheduled', 'dataset_produces_2', 'dataset_consumes_1_and_2' retrieved from /home/airflow/.local/lib/python3.12/site-packages/airflow/example_dags/example_datasets.py
[2024-09-17T18:30:00.044+0000] {logging_mixin.py:190} INFO - [2024-09-17T18:30:00.044+0000] {dag.py:3229} INFO - Sync 10 DAGs
[2024-09-17T18:30:00.061+0000] {logging_mixin.py:190} INFO - [2024-09-17T18:30:00.061+0000] {dag.py:4156} INFO - Setting next_dagrun for conditional_dataset_and_time_based_timetable to 2024-09-11 01:00:00+00:00, run_after=2024-09-11 01:00:00+00:00
[2024-09-17T18:30:00.064+0000] {logging_mixin.py:190} INFO - [2024-09-17T18:30:00.064+0000] {dag.py:4156} INFO - Setting next_dagrun for consume_1_and_2_with_dataset_expressions to None, run_after=None
[2024-09-17T18:30:00.067+0000] {logging_mixin.py:190} INFO - [2024-09-17T18:30:00.067+0000] {dag.py:4156} INFO - Setting next_dagrun for consume_1_or_2_with_dataset_expressions to None, run_after=None
[2024-09-17T18:30:00.069+0000] {logging_mixin.py:190} INFO - [2024-09-17T18:30:00.068+0000] {dag.py:4156} INFO - Setting next_dagrun for consume_1_or_both_2_and_3_with_dataset_expressions to None, run_after=None
[2024-09-17T18:30:00.070+0000] {logging_mixin.py:190} INFO - [2024-09-17T18:30:00.070+0000] {dag.py:4156} INFO - Setting next_dagrun for dataset_consumes_1 to None, run_after=None
[2024-09-17T18:30:00.071+0000] {logging_mixin.py:190} INFO - [2024-09-17T18:30:00.071+0000] {dag.py:4156} INFO - Setting next_dagrun for dataset_consumes_1_and_2 to None, run_after=None
[2024-09-17T18:30:00.073+0000] {logging_mixin.py:190} INFO - [2024-09-17T18:30:00.072+0000] {dag.py:4156} INFO - Setting next_dagrun for dataset_consumes_1_never_scheduled to None, run_after=None
[2024-09-17T18:30:00.074+0000] {logging_mixin.py:190} INFO - [2024-09-17T18:30:00.074+0000] {dag.py:4156} INFO - Setting next_dagrun for dataset_consumes_unknown_never_scheduled to None, run_after=None
[2024-09-17T18:30:00.076+0000] {logging_mixin.py:190} INFO - [2024-09-17T18:30:00.076+0000] {dag.py:4156} INFO - Setting next_dagrun for dataset_produces_1 to 2024-09-16 00:00:00+00:00, run_after=2024-09-17 00:00:00+00:00
[2024-09-17T18:30:00.078+0000] {logging_mixin.py:190} INFO - [2024-09-17T18:30:00.078+0000] {dag.py:4156} INFO - Setting next_dagrun for dataset_produces_2 to None, run_after=None
[2024-09-17T18:30:00.103+0000] {processor.py:208} INFO - Processing /home/airflow/.local/lib/python3.12/site-packages/airflow/example_dags/example_datasets.py took 0.298 seconds
[2024-09-17T18:30:30.172+0000] {processor.py:186} INFO - Started process (PID=290) to work on /home/airflow/.local/lib/python3.12/site-packages/airflow/example_dags/example_datasets.py
[2024-09-17T18:30:30.173+0000] {processor.py:914} INFO - Processing file /home/airflow/.local/lib/python3.12/site-packages/airflow/example_dags/example_datasets.py for tasks to queue
[2024-09-17T18:30:30.175+0000] {logging_mixin.py:190} INFO - [2024-09-17T18:30:30.174+0000] {dagbag.py:587} INFO - Filling up the DagBag from /home/airflow/.local/lib/python3.12/site-packages/airflow/example_dags/example_datasets.py
[2024-09-17T18:30:30.263+0000] {processor.py:925} INFO - DAG(s) 'dataset_consumes_unknown_never_scheduled', 'consume_1_or_both_2_and_3_with_dataset_expressions', 'dataset_consumes_1', 'dataset_consumes_1_and_2', 'dataset_produces_2', 'dataset_consumes_1_never_scheduled', 'consume_1_or_2_with_dataset_expressions', 'conditional_dataset_and_time_based_timetable', 'dataset_produces_1', 'consume_1_and_2_with_dataset_expressions' retrieved from /home/airflow/.local/lib/python3.12/site-packages/airflow/example_dags/example_datasets.py
[2024-09-17T18:30:30.283+0000] {logging_mixin.py:190} INFO - [2024-09-17T18:30:30.283+0000] {dag.py:3229} INFO - Sync 10 DAGs
[2024-09-17T18:30:30.299+0000] {logging_mixin.py:190} INFO - [2024-09-17T18:30:30.298+0000] {dag.py:4156} INFO - Setting next_dagrun for conditional_dataset_and_time_based_timetable to 2024-09-11 01:00:00+00:00, run_after=2024-09-11 01:00:00+00:00
[2024-09-17T18:30:30.302+0000] {logging_mixin.py:190} INFO - [2024-09-17T18:30:30.302+0000] {dag.py:4156} INFO - Setting next_dagrun for consume_1_and_2_with_dataset_expressions to None, run_after=None
[2024-09-17T18:30:30.303+0000] {logging_mixin.py:190} INFO - [2024-09-17T18:30:30.303+0000] {dag.py:4156} INFO - Setting next_dagrun for consume_1_or_2_with_dataset_expressions to None, run_after=None
[2024-09-17T18:30:30.304+0000] {logging_mixin.py:190} INFO - [2024-09-17T18:30:30.304+0000] {dag.py:4156} INFO - Setting next_dagrun for consume_1_or_both_2_and_3_with_dataset_expressions to None, run_after=None
[2024-09-17T18:30:30.305+0000] {logging_mixin.py:190} INFO - [2024-09-17T18:30:30.305+0000] {dag.py:4156} INFO - Setting next_dagrun for dataset_consumes_1 to None, run_after=None
[2024-09-17T18:30:30.307+0000] {logging_mixin.py:190} INFO - [2024-09-17T18:30:30.306+0000] {dag.py:4156} INFO - Setting next_dagrun for dataset_consumes_1_and_2 to None, run_after=None
[2024-09-17T18:30:30.309+0000] {logging_mixin.py:190} INFO - [2024-09-17T18:30:30.309+0000] {dag.py:4156} INFO - Setting next_dagrun for dataset_consumes_1_never_scheduled to None, run_after=None
[2024-09-17T18:30:30.310+0000] {logging_mixin.py:190} INFO - [2024-09-17T18:30:30.310+0000] {dag.py:4156} INFO - Setting next_dagrun for dataset_consumes_unknown_never_scheduled to None, run_after=None
[2024-09-17T18:30:30.311+0000] {logging_mixin.py:190} INFO - [2024-09-17T18:30:30.311+0000] {dag.py:4156} INFO - Setting next_dagrun for dataset_produces_1 to 2024-09-16 00:00:00+00:00, run_after=2024-09-17 00:00:00+00:00
[2024-09-17T18:30:30.313+0000] {logging_mixin.py:190} INFO - [2024-09-17T18:30:30.313+0000] {dag.py:4156} INFO - Setting next_dagrun for dataset_produces_2 to None, run_after=None
[2024-09-17T18:30:30.329+0000] {processor.py:208} INFO - Processing /home/airflow/.local/lib/python3.12/site-packages/airflow/example_dags/example_datasets.py took 0.160 seconds
[2024-09-17T18:31:00.361+0000] {processor.py:186} INFO - Started process (PID=353) to work on /home/airflow/.local/lib/python3.12/site-packages/airflow/example_dags/example_datasets.py
[2024-09-17T18:31:00.363+0000] {processor.py:914} INFO - Processing file /home/airflow/.local/lib/python3.12/site-packages/airflow/example_dags/example_datasets.py for tasks to queue
[2024-09-17T18:31:00.365+0000] {logging_mixin.py:190} INFO - [2024-09-17T18:31:00.364+0000] {dagbag.py:587} INFO - Filling up the DagBag from /home/airflow/.local/lib/python3.12/site-packages/airflow/example_dags/example_datasets.py
[2024-09-17T18:31:00.477+0000] {processor.py:925} INFO - DAG(s) 'dataset_consumes_1_and_2', 'dataset_consumes_unknown_never_scheduled', 'conditional_dataset_and_time_based_timetable', 'consume_1_or_both_2_and_3_with_dataset_expressions', 'dataset_produces_1', 'dataset_consumes_1_never_scheduled', 'consume_1_and_2_with_dataset_expressions', 'dataset_consumes_1', 'dataset_produces_2', 'consume_1_or_2_with_dataset_expressions' retrieved from /home/airflow/.local/lib/python3.12/site-packages/airflow/example_dags/example_datasets.py
[2024-09-17T18:31:00.500+0000] {logging_mixin.py:190} INFO - [2024-09-17T18:31:00.500+0000] {dag.py:3229} INFO - Sync 10 DAGs
[2024-09-17T18:31:00.516+0000] {logging_mixin.py:190} INFO - [2024-09-17T18:31:00.516+0000] {dag.py:4156} INFO - Setting next_dagrun for conditional_dataset_and_time_based_timetable to 2024-09-11 01:00:00+00:00, run_after=2024-09-11 01:00:00+00:00
[2024-09-17T18:31:00.518+0000] {logging_mixin.py:190} INFO - [2024-09-17T18:31:00.518+0000] {dag.py:4156} INFO - Setting next_dagrun for consume_1_and_2_with_dataset_expressions to None, run_after=None
[2024-09-17T18:31:00.520+0000] {logging_mixin.py:190} INFO - [2024-09-17T18:31:00.520+0000] {dag.py:4156} INFO - Setting next_dagrun for consume_1_or_2_with_dataset_expressions to None, run_after=None
[2024-09-17T18:31:00.521+0000] {logging_mixin.py:190} INFO - [2024-09-17T18:31:00.521+0000] {dag.py:4156} INFO - Setting next_dagrun for consume_1_or_both_2_and_3_with_dataset_expressions to None, run_after=None
[2024-09-17T18:31:00.522+0000] {logging_mixin.py:190} INFO - [2024-09-17T18:31:00.522+0000] {dag.py:4156} INFO - Setting next_dagrun for dataset_consumes_1 to None, run_after=None
[2024-09-17T18:31:00.523+0000] {logging_mixin.py:190} INFO - [2024-09-17T18:31:00.523+0000] {dag.py:4156} INFO - Setting next_dagrun for dataset_consumes_1_and_2 to None, run_after=None
[2024-09-17T18:31:00.525+0000] {logging_mixin.py:190} INFO - [2024-09-17T18:31:00.525+0000] {dag.py:4156} INFO - Setting next_dagrun for dataset_consumes_1_never_scheduled to None, run_after=None
[2024-09-17T18:31:00.526+0000] {logging_mixin.py:190} INFO - [2024-09-17T18:31:00.526+0000] {dag.py:4156} INFO - Setting next_dagrun for dataset_consumes_unknown_never_scheduled to None, run_after=None
[2024-09-17T18:31:00.528+0000] {logging_mixin.py:190} INFO - [2024-09-17T18:31:00.528+0000] {dag.py:4156} INFO - Setting next_dagrun for dataset_produces_1 to 2024-09-16 00:00:00+00:00, run_after=2024-09-17 00:00:00+00:00
[2024-09-17T18:31:00.530+0000] {logging_mixin.py:190} INFO - [2024-09-17T18:31:00.530+0000] {dag.py:4156} INFO - Setting next_dagrun for dataset_produces_2 to None, run_after=None
[2024-09-17T18:31:00.546+0000] {processor.py:208} INFO - Processing /home/airflow/.local/lib/python3.12/site-packages/airflow/example_dags/example_datasets.py took 0.189 seconds
[2024-09-17T18:31:31.027+0000] {processor.py:186} INFO - Started process (PID=413) to work on /home/airflow/.local/lib/python3.12/site-packages/airflow/example_dags/example_datasets.py
[2024-09-17T18:31:31.029+0000] {processor.py:914} INFO - Processing file /home/airflow/.local/lib/python3.12/site-packages/airflow/example_dags/example_datasets.py for tasks to queue
[2024-09-17T18:31:31.033+0000] {logging_mixin.py:190} INFO - [2024-09-17T18:31:31.033+0000] {dagbag.py:587} INFO - Filling up the DagBag from /home/airflow/.local/lib/python3.12/site-packages/airflow/example_dags/example_datasets.py
[2024-09-17T18:31:31.170+0000] {processor.py:925} INFO - DAG(s) 'dataset_consumes_unknown_never_scheduled', 'dataset_produces_2', 'consume_1_or_both_2_and_3_with_dataset_expressions', 'dataset_consumes_1_never_scheduled', 'dataset_consumes_1_and_2', 'dataset_consumes_1', 'consume_1_and_2_with_dataset_expressions', 'conditional_dataset_and_time_based_timetable', 'dataset_produces_1', 'consume_1_or_2_with_dataset_expressions' retrieved from /home/airflow/.local/lib/python3.12/site-packages/airflow/example_dags/example_datasets.py
[2024-09-17T18:31:31.201+0000] {logging_mixin.py:190} INFO - [2024-09-17T18:31:31.201+0000] {dag.py:3229} INFO - Sync 10 DAGs
[2024-09-17T18:31:31.221+0000] {logging_mixin.py:190} INFO - [2024-09-17T18:31:31.221+0000] {dag.py:4156} INFO - Setting next_dagrun for conditional_dataset_and_time_based_timetable to 2024-09-11 01:00:00+00:00, run_after=2024-09-11 01:00:00+00:00
[2024-09-17T18:31:31.224+0000] {logging_mixin.py:190} INFO - [2024-09-17T18:31:31.224+0000] {dag.py:4156} INFO - Setting next_dagrun for consume_1_and_2_with_dataset_expressions to None, run_after=None
[2024-09-17T18:31:31.226+0000] {logging_mixin.py:190} INFO - [2024-09-17T18:31:31.226+0000] {dag.py:4156} INFO - Setting next_dagrun for consume_1_or_2_with_dataset_expressions to None, run_after=None
[2024-09-17T18:31:31.230+0000] {logging_mixin.py:190} INFO - [2024-09-17T18:31:31.229+0000] {dag.py:4156} INFO - Setting next_dagrun for consume_1_or_both_2_and_3_with_dataset_expressions to None, run_after=None
[2024-09-17T18:31:31.234+0000] {logging_mixin.py:190} INFO - [2024-09-17T18:31:31.233+0000] {dag.py:4156} INFO - Setting next_dagrun for dataset_consumes_1 to None, run_after=None
[2024-09-17T18:31:31.236+0000] {logging_mixin.py:190} INFO - [2024-09-17T18:31:31.236+0000] {dag.py:4156} INFO - Setting next_dagrun for dataset_consumes_1_and_2 to None, run_after=None
[2024-09-17T18:31:31.239+0000] {logging_mixin.py:190} INFO - [2024-09-17T18:31:31.239+0000] {dag.py:4156} INFO - Setting next_dagrun for dataset_consumes_1_never_scheduled to None, run_after=None
[2024-09-17T18:31:31.243+0000] {logging_mixin.py:190} INFO - [2024-09-17T18:31:31.243+0000] {dag.py:4156} INFO - Setting next_dagrun for dataset_consumes_unknown_never_scheduled to None, run_after=None
[2024-09-17T18:31:31.246+0000] {logging_mixin.py:190} INFO - [2024-09-17T18:31:31.246+0000] {dag.py:4156} INFO - Setting next_dagrun for dataset_produces_1 to 2024-09-16 00:00:00+00:00, run_after=2024-09-17 00:00:00+00:00
[2024-09-17T18:31:31.249+0000] {logging_mixin.py:190} INFO - [2024-09-17T18:31:31.248+0000] {dag.py:4156} INFO - Setting next_dagrun for dataset_produces_2 to None, run_after=None
[2024-09-17T18:31:31.281+0000] {processor.py:208} INFO - Processing /home/airflow/.local/lib/python3.12/site-packages/airflow/example_dags/example_datasets.py took 0.259 seconds
[2024-09-17T18:32:02.000+0000] {processor.py:186} INFO - Started process (PID=476) to work on /home/airflow/.local/lib/python3.12/site-packages/airflow/example_dags/example_datasets.py
[2024-09-17T18:32:02.005+0000] {processor.py:914} INFO - Processing file /home/airflow/.local/lib/python3.12/site-packages/airflow/example_dags/example_datasets.py for tasks to queue
[2024-09-17T18:32:02.008+0000] {logging_mixin.py:190} INFO - [2024-09-17T18:32:02.007+0000] {dagbag.py:587} INFO - Filling up the DagBag from /home/airflow/.local/lib/python3.12/site-packages/airflow/example_dags/example_datasets.py
[2024-09-17T18:32:02.192+0000] {processor.py:925} INFO - DAG(s) 'dataset_consumes_unknown_never_scheduled', 'dataset_consumes_1_never_scheduled', 'dataset_consumes_1_and_2', 'consume_1_and_2_with_dataset_expressions', 'dataset_produces_1', 'dataset_produces_2', 'conditional_dataset_and_time_based_timetable', 'dataset_consumes_1', 'consume_1_or_both_2_and_3_with_dataset_expressions', 'consume_1_or_2_with_dataset_expressions' retrieved from /home/airflow/.local/lib/python3.12/site-packages/airflow/example_dags/example_datasets.py
[2024-09-17T18:32:02.231+0000] {logging_mixin.py:190} INFO - [2024-09-17T18:32:02.230+0000] {dag.py:3229} INFO - Sync 10 DAGs
[2024-09-17T18:32:02.252+0000] {logging_mixin.py:190} INFO - [2024-09-17T18:32:02.251+0000] {dag.py:4156} INFO - Setting next_dagrun for conditional_dataset_and_time_based_timetable to 2024-09-11 01:00:00+00:00, run_after=2024-09-11 01:00:00+00:00
[2024-09-17T18:32:02.254+0000] {logging_mixin.py:190} INFO - [2024-09-17T18:32:02.254+0000] {dag.py:4156} INFO - Setting next_dagrun for consume_1_and_2_with_dataset_expressions to None, run_after=None
[2024-09-17T18:32:02.256+0000] {logging_mixin.py:190} INFO - [2024-09-17T18:32:02.256+0000] {dag.py:4156} INFO - Setting next_dagrun for consume_1_or_2_with_dataset_expressions to None, run_after=None
[2024-09-17T18:32:02.257+0000] {logging_mixin.py:190} INFO - [2024-09-17T18:32:02.257+0000] {dag.py:4156} INFO - Setting next_dagrun for consume_1_or_both_2_and_3_with_dataset_expressions to None, run_after=None
[2024-09-17T18:32:02.258+0000] {logging_mixin.py:190} INFO - [2024-09-17T18:32:02.258+0000] {dag.py:4156} INFO - Setting next_dagrun for dataset_consumes_1 to None, run_after=None
[2024-09-17T18:32:02.259+0000] {logging_mixin.py:190} INFO - [2024-09-17T18:32:02.259+0000] {dag.py:4156} INFO - Setting next_dagrun for dataset_consumes_1_and_2 to None, run_after=None
[2024-09-17T18:32:02.260+0000] {logging_mixin.py:190} INFO - [2024-09-17T18:32:02.260+0000] {dag.py:4156} INFO - Setting next_dagrun for dataset_consumes_1_never_scheduled to None, run_after=None
[2024-09-17T18:32:02.261+0000] {logging_mixin.py:190} INFO - [2024-09-17T18:32:02.261+0000] {dag.py:4156} INFO - Setting next_dagrun for dataset_consumes_unknown_never_scheduled to None, run_after=None
[2024-09-17T18:32:02.263+0000] {logging_mixin.py:190} INFO - [2024-09-17T18:32:02.263+0000] {dag.py:4156} INFO - Setting next_dagrun for dataset_produces_1 to 2024-09-16 00:00:00+00:00, run_after=2024-09-17 00:00:00+00:00
[2024-09-17T18:32:02.264+0000] {logging_mixin.py:190} INFO - [2024-09-17T18:32:02.264+0000] {dag.py:4156} INFO - Setting next_dagrun for dataset_produces_2 to None, run_after=None
[2024-09-17T18:32:02.289+0000] {processor.py:208} INFO - Processing /home/airflow/.local/lib/python3.12/site-packages/airflow/example_dags/example_datasets.py took 0.327 seconds
[2024-09-17T18:32:32.914+0000] {processor.py:186} INFO - Started process (PID=539) to work on /home/airflow/.local/lib/python3.12/site-packages/airflow/example_dags/example_datasets.py
[2024-09-17T18:32:32.917+0000] {processor.py:914} INFO - Processing file /home/airflow/.local/lib/python3.12/site-packages/airflow/example_dags/example_datasets.py for tasks to queue
[2024-09-17T18:32:32.921+0000] {logging_mixin.py:190} INFO - [2024-09-17T18:32:32.921+0000] {dagbag.py:587} INFO - Filling up the DagBag from /home/airflow/.local/lib/python3.12/site-packages/airflow/example_dags/example_datasets.py
[2024-09-17T18:32:33.075+0000] {processor.py:925} INFO - DAG(s) 'consume_1_or_2_with_dataset_expressions', 'dataset_consumes_1_never_scheduled', 'conditional_dataset_and_time_based_timetable', 'consume_1_and_2_with_dataset_expressions', 'dataset_consumes_unknown_never_scheduled', 'dataset_produces_2', 'consume_1_or_both_2_and_3_with_dataset_expressions', 'dataset_consumes_1_and_2', 'dataset_produces_1', 'dataset_consumes_1' retrieved from /home/airflow/.local/lib/python3.12/site-packages/airflow/example_dags/example_datasets.py
[2024-09-17T18:32:33.104+0000] {logging_mixin.py:190} INFO - [2024-09-17T18:32:33.104+0000] {dag.py:3229} INFO - Sync 10 DAGs
[2024-09-17T18:32:33.122+0000] {logging_mixin.py:190} INFO - [2024-09-17T18:32:33.122+0000] {dag.py:4156} INFO - Setting next_dagrun for conditional_dataset_and_time_based_timetable to 2024-09-11 01:00:00+00:00, run_after=2024-09-11 01:00:00+00:00
[2024-09-17T18:32:33.125+0000] {logging_mixin.py:190} INFO - [2024-09-17T18:32:33.125+0000] {dag.py:4156} INFO - Setting next_dagrun for consume_1_and_2_with_dataset_expressions to None, run_after=None
[2024-09-17T18:32:33.126+0000] {logging_mixin.py:190} INFO - [2024-09-17T18:32:33.126+0000] {dag.py:4156} INFO - Setting next_dagrun for consume_1_or_2_with_dataset_expressions to None, run_after=None
[2024-09-17T18:32:33.127+0000] {logging_mixin.py:190} INFO - [2024-09-17T18:32:33.127+0000] {dag.py:4156} INFO - Setting next_dagrun for consume_1_or_both_2_and_3_with_dataset_expressions to None, run_after=None
[2024-09-17T18:32:33.129+0000] {logging_mixin.py:190} INFO - [2024-09-17T18:32:33.129+0000] {dag.py:4156} INFO - Setting next_dagrun for dataset_consumes_1 to None, run_after=None
[2024-09-17T18:32:33.130+0000] {logging_mixin.py:190} INFO - [2024-09-17T18:32:33.130+0000] {dag.py:4156} INFO - Setting next_dagrun for dataset_consumes_1_and_2 to None, run_after=None
[2024-09-17T18:32:33.132+0000] {logging_mixin.py:190} INFO - [2024-09-17T18:32:33.132+0000] {dag.py:4156} INFO - Setting next_dagrun for dataset_consumes_1_never_scheduled to None, run_after=None
[2024-09-17T18:32:33.134+0000] {logging_mixin.py:190} INFO - [2024-09-17T18:32:33.134+0000] {dag.py:4156} INFO - Setting next_dagrun for dataset_consumes_unknown_never_scheduled to None, run_after=None
[2024-09-17T18:32:33.136+0000] {logging_mixin.py:190} INFO - [2024-09-17T18:32:33.136+0000] {dag.py:4156} INFO - Setting next_dagrun for dataset_produces_1 to 2024-09-16 00:00:00+00:00, run_after=2024-09-17 00:00:00+00:00
[2024-09-17T18:32:33.139+0000] {logging_mixin.py:190} INFO - [2024-09-17T18:32:33.139+0000] {dag.py:4156} INFO - Setting next_dagrun for dataset_produces_2 to None, run_after=None
[2024-09-17T18:32:33.168+0000] {processor.py:208} INFO - Processing /home/airflow/.local/lib/python3.12/site-packages/airflow/example_dags/example_datasets.py took 0.264 seconds
