[2024-09-17T18:28:30.238+0000] {processor.py:186} INFO - Started process (PID=63) to work on /home/airflow/.local/lib/python3.12/site-packages/airflow/example_dags/example_workday_timetable.py
[2024-09-17T18:28:30.240+0000] {processor.py:914} INFO - Processing file /home/airflow/.local/lib/python3.12/site-packages/airflow/example_dags/example_workday_timetable.py for tasks to queue
[2024-09-17T18:28:30.242+0000] {logging_mixin.py:190} INFO - [2024-09-17T18:28:30.242+0000] {dagbag.py:587} INFO - Filling up the DagBag from /home/airflow/.local/lib/python3.12/site-packages/airflow/example_dags/example_workday_timetable.py
[2024-09-17T18:28:30.249+0000] {processor.py:925} INFO - DAG(s) 'example_workday_timetable' retrieved from /home/airflow/.local/lib/python3.12/site-packages/airflow/example_dags/example_workday_timetable.py
[2024-09-17T18:28:30.331+0000] {logging_mixin.py:190} INFO - [2024-09-17T18:28:30.331+0000] {dag.py:3229} INFO - Sync 1 DAGs
[2024-09-17T18:28:30.397+0000] {logging_mixin.py:190} INFO - [2024-09-17T18:28:30.397+0000] {dag.py:4156} INFO - Setting next_dagrun for example_workday_timetable to 2021-01-04 00:00:00+00:00, run_after=2021-01-05 00:00:00+00:00
[2024-09-17T18:28:30.413+0000] {processor.py:208} INFO - Processing /home/airflow/.local/lib/python3.12/site-packages/airflow/example_dags/example_workday_timetable.py took 0.179 seconds
[2024-09-17T18:29:01.101+0000] {processor.py:186} INFO - Started process (PID=126) to work on /home/airflow/.local/lib/python3.12/site-packages/airflow/example_dags/example_workday_timetable.py
[2024-09-17T18:29:01.105+0000] {processor.py:914} INFO - Processing file /home/airflow/.local/lib/python3.12/site-packages/airflow/example_dags/example_workday_timetable.py for tasks to queue
[2024-09-17T18:29:01.110+0000] {logging_mixin.py:190} INFO - [2024-09-17T18:29:01.110+0000] {dagbag.py:587} INFO - Filling up the DagBag from /home/airflow/.local/lib/python3.12/site-packages/airflow/example_dags/example_workday_timetable.py
[2024-09-17T18:29:01.115+0000] {processor.py:925} INFO - DAG(s) 'example_workday_timetable' retrieved from /home/airflow/.local/lib/python3.12/site-packages/airflow/example_dags/example_workday_timetable.py
[2024-09-17T18:29:01.132+0000] {logging_mixin.py:190} INFO - [2024-09-17T18:29:01.131+0000] {dag.py:3229} INFO - Sync 1 DAGs
[2024-09-17T18:29:01.189+0000] {logging_mixin.py:190} INFO - [2024-09-17T18:29:01.188+0000] {dag.py:4156} INFO - Setting next_dagrun for example_workday_timetable to 2021-01-04 00:00:00+00:00, run_after=2021-01-05 00:00:00+00:00
[2024-09-17T18:29:01.208+0000] {processor.py:208} INFO - Processing /home/airflow/.local/lib/python3.12/site-packages/airflow/example_dags/example_workday_timetable.py took 0.112 seconds
[2024-09-17T18:29:32.329+0000] {processor.py:186} INFO - Started process (PID=189) to work on /home/airflow/.local/lib/python3.12/site-packages/airflow/example_dags/example_workday_timetable.py
[2024-09-17T18:29:32.345+0000] {processor.py:914} INFO - Processing file /home/airflow/.local/lib/python3.12/site-packages/airflow/example_dags/example_workday_timetable.py for tasks to queue
[2024-09-17T18:29:32.350+0000] {logging_mixin.py:190} INFO - [2024-09-17T18:29:32.350+0000] {dagbag.py:587} INFO - Filling up the DagBag from /home/airflow/.local/lib/python3.12/site-packages/airflow/example_dags/example_workday_timetable.py
[2024-09-17T18:29:32.360+0000] {processor.py:925} INFO - DAG(s) 'example_workday_timetable' retrieved from /home/airflow/.local/lib/python3.12/site-packages/airflow/example_dags/example_workday_timetable.py
[2024-09-17T18:29:32.390+0000] {logging_mixin.py:190} INFO - [2024-09-17T18:29:32.389+0000] {dag.py:3229} INFO - Sync 1 DAGs
[2024-09-17T18:29:32.483+0000] {logging_mixin.py:190} INFO - [2024-09-17T18:29:32.483+0000] {dag.py:4156} INFO - Setting next_dagrun for example_workday_timetable to 2021-01-04 00:00:00+00:00, run_after=2021-01-05 00:00:00+00:00
[2024-09-17T18:29:32.517+0000] {processor.py:208} INFO - Processing /home/airflow/.local/lib/python3.12/site-packages/airflow/example_dags/example_workday_timetable.py took 0.207 seconds
[2024-09-17T18:30:03.428+0000] {processor.py:186} INFO - Started process (PID=252) to work on /home/airflow/.local/lib/python3.12/site-packages/airflow/example_dags/example_workday_timetable.py
[2024-09-17T18:30:03.430+0000] {processor.py:914} INFO - Processing file /home/airflow/.local/lib/python3.12/site-packages/airflow/example_dags/example_workday_timetable.py for tasks to queue
[2024-09-17T18:30:03.433+0000] {logging_mixin.py:190} INFO - [2024-09-17T18:30:03.432+0000] {dagbag.py:587} INFO - Filling up the DagBag from /home/airflow/.local/lib/python3.12/site-packages/airflow/example_dags/example_workday_timetable.py
[2024-09-17T18:30:03.437+0000] {processor.py:925} INFO - DAG(s) 'example_workday_timetable' retrieved from /home/airflow/.local/lib/python3.12/site-packages/airflow/example_dags/example_workday_timetable.py
[2024-09-17T18:30:03.452+0000] {logging_mixin.py:190} INFO - [2024-09-17T18:30:03.452+0000] {dag.py:3229} INFO - Sync 1 DAGs
[2024-09-17T18:30:03.493+0000] {logging_mixin.py:190} INFO - [2024-09-17T18:30:03.493+0000] {dag.py:4156} INFO - Setting next_dagrun for example_workday_timetable to 2021-01-04 00:00:00+00:00, run_after=2021-01-05 00:00:00+00:00
[2024-09-17T18:30:03.502+0000] {processor.py:208} INFO - Processing /home/airflow/.local/lib/python3.12/site-packages/airflow/example_dags/example_workday_timetable.py took 0.079 seconds
[2024-09-17T18:30:33.555+0000] {processor.py:186} INFO - Started process (PID=315) to work on /home/airflow/.local/lib/python3.12/site-packages/airflow/example_dags/example_workday_timetable.py
[2024-09-17T18:30:33.557+0000] {processor.py:914} INFO - Processing file /home/airflow/.local/lib/python3.12/site-packages/airflow/example_dags/example_workday_timetable.py for tasks to queue
[2024-09-17T18:30:33.559+0000] {logging_mixin.py:190} INFO - [2024-09-17T18:30:33.558+0000] {dagbag.py:587} INFO - Filling up the DagBag from /home/airflow/.local/lib/python3.12/site-packages/airflow/example_dags/example_workday_timetable.py
[2024-09-17T18:30:33.562+0000] {processor.py:925} INFO - DAG(s) 'example_workday_timetable' retrieved from /home/airflow/.local/lib/python3.12/site-packages/airflow/example_dags/example_workday_timetable.py
[2024-09-17T18:30:33.574+0000] {logging_mixin.py:190} INFO - [2024-09-17T18:30:33.574+0000] {dag.py:3229} INFO - Sync 1 DAGs
[2024-09-17T18:30:33.611+0000] {logging_mixin.py:190} INFO - [2024-09-17T18:30:33.611+0000] {dag.py:4156} INFO - Setting next_dagrun for example_workday_timetable to 2021-01-04 00:00:00+00:00, run_after=2021-01-05 00:00:00+00:00
[2024-09-17T18:30:33.621+0000] {processor.py:208} INFO - Processing /home/airflow/.local/lib/python3.12/site-packages/airflow/example_dags/example_workday_timetable.py took 0.069 seconds
[2024-09-17T18:31:04.555+0000] {processor.py:186} INFO - Started process (PID=378) to work on /home/airflow/.local/lib/python3.12/site-packages/airflow/example_dags/example_workday_timetable.py
[2024-09-17T18:31:04.558+0000] {processor.py:914} INFO - Processing file /home/airflow/.local/lib/python3.12/site-packages/airflow/example_dags/example_workday_timetable.py for tasks to queue
[2024-09-17T18:31:04.561+0000] {logging_mixin.py:190} INFO - [2024-09-17T18:31:04.561+0000] {dagbag.py:587} INFO - Filling up the DagBag from /home/airflow/.local/lib/python3.12/site-packages/airflow/example_dags/example_workday_timetable.py
[2024-09-17T18:31:04.567+0000] {processor.py:925} INFO - DAG(s) 'example_workday_timetable' retrieved from /home/airflow/.local/lib/python3.12/site-packages/airflow/example_dags/example_workday_timetable.py
[2024-09-17T18:31:04.584+0000] {logging_mixin.py:190} INFO - [2024-09-17T18:31:04.584+0000] {dag.py:3229} INFO - Sync 1 DAGs
[2024-09-17T18:31:04.628+0000] {logging_mixin.py:190} INFO - [2024-09-17T18:31:04.628+0000] {dag.py:4156} INFO - Setting next_dagrun for example_workday_timetable to 2021-01-04 00:00:00+00:00, run_after=2021-01-05 00:00:00+00:00
[2024-09-17T18:31:04.640+0000] {processor.py:208} INFO - Processing /home/airflow/.local/lib/python3.12/site-packages/airflow/example_dags/example_workday_timetable.py took 0.090 seconds
[2024-09-17T18:31:34.832+0000] {processor.py:186} INFO - Started process (PID=440) to work on /home/airflow/.local/lib/python3.12/site-packages/airflow/example_dags/example_workday_timetable.py
[2024-09-17T18:31:34.833+0000] {processor.py:914} INFO - Processing file /home/airflow/.local/lib/python3.12/site-packages/airflow/example_dags/example_workday_timetable.py for tasks to queue
[2024-09-17T18:31:34.835+0000] {logging_mixin.py:190} INFO - [2024-09-17T18:31:34.835+0000] {dagbag.py:587} INFO - Filling up the DagBag from /home/airflow/.local/lib/python3.12/site-packages/airflow/example_dags/example_workday_timetable.py
[2024-09-17T18:31:34.843+0000] {processor.py:925} INFO - DAG(s) 'example_workday_timetable' retrieved from /home/airflow/.local/lib/python3.12/site-packages/airflow/example_dags/example_workday_timetable.py
[2024-09-17T18:31:34.864+0000] {logging_mixin.py:190} INFO - [2024-09-17T18:31:34.863+0000] {dag.py:3229} INFO - Sync 1 DAGs
[2024-09-17T18:31:34.909+0000] {logging_mixin.py:190} INFO - [2024-09-17T18:31:34.909+0000] {dag.py:4156} INFO - Setting next_dagrun for example_workday_timetable to 2021-01-04 00:00:00+00:00, run_after=2021-01-05 00:00:00+00:00
[2024-09-17T18:31:34.924+0000] {processor.py:208} INFO - Processing /home/airflow/.local/lib/python3.12/site-packages/airflow/example_dags/example_workday_timetable.py took 0.096 seconds
[2024-09-17T18:32:06.032+0000] {processor.py:186} INFO - Started process (PID=503) to work on /home/airflow/.local/lib/python3.12/site-packages/airflow/example_dags/example_workday_timetable.py
[2024-09-17T18:32:06.035+0000] {processor.py:914} INFO - Processing file /home/airflow/.local/lib/python3.12/site-packages/airflow/example_dags/example_workday_timetable.py for tasks to queue
[2024-09-17T18:32:06.037+0000] {logging_mixin.py:190} INFO - [2024-09-17T18:32:06.037+0000] {dagbag.py:587} INFO - Filling up the DagBag from /home/airflow/.local/lib/python3.12/site-packages/airflow/example_dags/example_workday_timetable.py
[2024-09-17T18:32:06.041+0000] {processor.py:925} INFO - DAG(s) 'example_workday_timetable' retrieved from /home/airflow/.local/lib/python3.12/site-packages/airflow/example_dags/example_workday_timetable.py
[2024-09-17T18:32:06.055+0000] {logging_mixin.py:190} INFO - [2024-09-17T18:32:06.055+0000] {dag.py:3229} INFO - Sync 1 DAGs
[2024-09-17T18:32:06.139+0000] {logging_mixin.py:190} INFO - [2024-09-17T18:32:06.138+0000] {dag.py:4156} INFO - Setting next_dagrun for example_workday_timetable to 2021-01-04 00:00:00+00:00, run_after=2021-01-05 00:00:00+00:00
[2024-09-17T18:32:06.154+0000] {processor.py:208} INFO - Processing /home/airflow/.local/lib/python3.12/site-packages/airflow/example_dags/example_workday_timetable.py took 0.127 seconds
[2024-09-17T18:32:36.262+0000] {processor.py:186} INFO - Started process (PID=566) to work on /home/airflow/.local/lib/python3.12/site-packages/airflow/example_dags/example_workday_timetable.py
[2024-09-17T18:32:36.264+0000] {processor.py:914} INFO - Processing file /home/airflow/.local/lib/python3.12/site-packages/airflow/example_dags/example_workday_timetable.py for tasks to queue
[2024-09-17T18:32:36.267+0000] {logging_mixin.py:190} INFO - [2024-09-17T18:32:36.266+0000] {dagbag.py:587} INFO - Filling up the DagBag from /home/airflow/.local/lib/python3.12/site-packages/airflow/example_dags/example_workday_timetable.py
[2024-09-17T18:32:36.271+0000] {processor.py:925} INFO - DAG(s) 'example_workday_timetable' retrieved from /home/airflow/.local/lib/python3.12/site-packages/airflow/example_dags/example_workday_timetable.py
[2024-09-17T18:32:36.285+0000] {logging_mixin.py:190} INFO - [2024-09-17T18:32:36.285+0000] {dag.py:3229} INFO - Sync 1 DAGs
[2024-09-17T18:32:36.329+0000] {logging_mixin.py:190} INFO - [2024-09-17T18:32:36.329+0000] {dag.py:4156} INFO - Setting next_dagrun for example_workday_timetable to 2021-01-04 00:00:00+00:00, run_after=2021-01-05 00:00:00+00:00
[2024-09-17T18:32:36.341+0000] {processor.py:208} INFO - Processing /home/airflow/.local/lib/python3.12/site-packages/airflow/example_dags/example_workday_timetable.py took 0.083 seconds
