[2024-09-17T18:28:29.322+0000] {processor.py:186} INFO - Started process (PID=52) to work on /home/airflow/.local/lib/python3.12/site-packages/airflow/example_dags/example_subdag_operator.py
[2024-09-17T18:28:29.324+0000] {processor.py:914} INFO - Processing file /home/airflow/.local/lib/python3.12/site-packages/airflow/example_dags/example_subdag_operator.py for tasks to queue
[2024-09-17T18:28:29.328+0000] {logging_mixin.py:190} INFO - [2024-09-17T18:28:29.328+0000] {dagbag.py:587} INFO - Filling up the DagBag from /home/airflow/.local/lib/python3.12/site-packages/airflow/example_dags/example_subdag_operator.py
[2024-09-17T18:28:29.346+0000] {processor.py:925} INFO - DAG(s) 'example_subdag_operator.section-1', 'example_subdag_operator.section-2', 'example_subdag_operator' retrieved from /home/airflow/.local/lib/python3.12/site-packages/airflow/example_dags/example_subdag_operator.py
[2024-09-17T18:28:29.406+0000] {logging_mixin.py:190} INFO - [2024-09-17T18:28:29.405+0000] {dag.py:3229} INFO - Sync 3 DAGs
[2024-09-17T18:28:29.422+0000] {logging_mixin.py:190} INFO - [2024-09-17T18:28:29.422+0000] {dag.py:4156} INFO - Setting next_dagrun for example_subdag_operator to 2022-01-01 00:00:00+00:00, run_after=2022-01-01 00:00:00+00:00
[2024-09-17T18:28:29.424+0000] {logging_mixin.py:190} INFO - [2024-09-17T18:28:29.424+0000] {dag.py:4156} INFO - Setting next_dagrun for example_subdag_operator.section-1 to None, run_after=None
[2024-09-17T18:28:29.426+0000] {logging_mixin.py:190} INFO - [2024-09-17T18:28:29.426+0000] {dag.py:4156} INFO - Setting next_dagrun for example_subdag_operator.section-2 to None, run_after=None
[2024-09-17T18:28:29.433+0000] {logging_mixin.py:190} INFO - [2024-09-17T18:28:29.433+0000] {dag.py:3229} INFO - Sync 2 DAGs
[2024-09-17T18:28:29.438+0000] {logging_mixin.py:190} INFO - [2024-09-17T18:28:29.437+0000] {dag.py:4156} INFO - Setting next_dagrun for example_subdag_operator.section-1 to None, run_after=None
[2024-09-17T18:28:29.439+0000] {logging_mixin.py:190} INFO - [2024-09-17T18:28:29.438+0000] {dag.py:4156} INFO - Setting next_dagrun for example_subdag_operator.section-2 to None, run_after=None
[2024-09-17T18:28:29.446+0000] {processor.py:208} INFO - Processing /home/airflow/.local/lib/python3.12/site-packages/airflow/example_dags/example_subdag_operator.py took 0.128 seconds
[2024-09-17T18:28:59.615+0000] {processor.py:186} INFO - Started process (PID=115) to work on /home/airflow/.local/lib/python3.12/site-packages/airflow/example_dags/example_subdag_operator.py
[2024-09-17T18:28:59.616+0000] {processor.py:914} INFO - Processing file /home/airflow/.local/lib/python3.12/site-packages/airflow/example_dags/example_subdag_operator.py for tasks to queue
[2024-09-17T18:28:59.618+0000] {logging_mixin.py:190} INFO - [2024-09-17T18:28:59.617+0000] {dagbag.py:587} INFO - Filling up the DagBag from /home/airflow/.local/lib/python3.12/site-packages/airflow/example_dags/example_subdag_operator.py
[2024-09-17T18:28:59.633+0000] {processor.py:925} INFO - DAG(s) 'example_subdag_operator.section-1', 'example_subdag_operator.section-2', 'example_subdag_operator' retrieved from /home/airflow/.local/lib/python3.12/site-packages/airflow/example_dags/example_subdag_operator.py
[2024-09-17T18:28:59.644+0000] {logging_mixin.py:190} INFO - [2024-09-17T18:28:59.643+0000] {dag.py:3229} INFO - Sync 3 DAGs
[2024-09-17T18:28:59.658+0000] {logging_mixin.py:190} INFO - [2024-09-17T18:28:59.657+0000] {dag.py:4156} INFO - Setting next_dagrun for example_subdag_operator to 2022-01-01 00:00:00+00:00, run_after=2022-01-01 00:00:00+00:00
[2024-09-17T18:28:59.661+0000] {logging_mixin.py:190} INFO - [2024-09-17T18:28:59.661+0000] {dag.py:4156} INFO - Setting next_dagrun for example_subdag_operator.section-1 to None, run_after=None
[2024-09-17T18:28:59.662+0000] {logging_mixin.py:190} INFO - [2024-09-17T18:28:59.662+0000] {dag.py:4156} INFO - Setting next_dagrun for example_subdag_operator.section-2 to None, run_after=None
[2024-09-17T18:28:59.666+0000] {logging_mixin.py:190} INFO - [2024-09-17T18:28:59.666+0000] {dag.py:3229} INFO - Sync 2 DAGs
[2024-09-17T18:28:59.671+0000] {logging_mixin.py:190} INFO - [2024-09-17T18:28:59.671+0000] {dag.py:4156} INFO - Setting next_dagrun for example_subdag_operator.section-1 to None, run_after=None
[2024-09-17T18:28:59.672+0000] {logging_mixin.py:190} INFO - [2024-09-17T18:28:59.672+0000] {dag.py:4156} INFO - Setting next_dagrun for example_subdag_operator.section-2 to None, run_after=None
[2024-09-17T18:28:59.682+0000] {processor.py:208} INFO - Processing /home/airflow/.local/lib/python3.12/site-packages/airflow/example_dags/example_subdag_operator.py took 0.070 seconds
[2024-09-17T18:29:30.654+0000] {processor.py:186} INFO - Started process (PID=178) to work on /home/airflow/.local/lib/python3.12/site-packages/airflow/example_dags/example_subdag_operator.py
[2024-09-17T18:29:30.656+0000] {processor.py:914} INFO - Processing file /home/airflow/.local/lib/python3.12/site-packages/airflow/example_dags/example_subdag_operator.py for tasks to queue
[2024-09-17T18:29:30.657+0000] {logging_mixin.py:190} INFO - [2024-09-17T18:29:30.657+0000] {dagbag.py:587} INFO - Filling up the DagBag from /home/airflow/.local/lib/python3.12/site-packages/airflow/example_dags/example_subdag_operator.py
[2024-09-17T18:29:30.673+0000] {processor.py:925} INFO - DAG(s) 'example_subdag_operator.section-1', 'example_subdag_operator.section-2', 'example_subdag_operator' retrieved from /home/airflow/.local/lib/python3.12/site-packages/airflow/example_dags/example_subdag_operator.py
[2024-09-17T18:29:30.682+0000] {logging_mixin.py:190} INFO - [2024-09-17T18:29:30.682+0000] {dag.py:3229} INFO - Sync 3 DAGs
[2024-09-17T18:29:30.694+0000] {logging_mixin.py:190} INFO - [2024-09-17T18:29:30.694+0000] {dag.py:4156} INFO - Setting next_dagrun for example_subdag_operator to 2022-01-01 00:00:00+00:00, run_after=2022-01-01 00:00:00+00:00
[2024-09-17T18:29:30.696+0000] {logging_mixin.py:190} INFO - [2024-09-17T18:29:30.696+0000] {dag.py:4156} INFO - Setting next_dagrun for example_subdag_operator.section-1 to None, run_after=None
[2024-09-17T18:29:30.698+0000] {logging_mixin.py:190} INFO - [2024-09-17T18:29:30.698+0000] {dag.py:4156} INFO - Setting next_dagrun for example_subdag_operator.section-2 to None, run_after=None
[2024-09-17T18:29:30.704+0000] {logging_mixin.py:190} INFO - [2024-09-17T18:29:30.704+0000] {dag.py:3229} INFO - Sync 2 DAGs
[2024-09-17T18:29:30.709+0000] {logging_mixin.py:190} INFO - [2024-09-17T18:29:30.708+0000] {dag.py:4156} INFO - Setting next_dagrun for example_subdag_operator.section-1 to None, run_after=None
[2024-09-17T18:29:30.710+0000] {logging_mixin.py:190} INFO - [2024-09-17T18:29:30.710+0000] {dag.py:4156} INFO - Setting next_dagrun for example_subdag_operator.section-2 to None, run_after=None
[2024-09-17T18:29:30.716+0000] {processor.py:208} INFO - Processing /home/airflow/.local/lib/python3.12/site-packages/airflow/example_dags/example_subdag_operator.py took 0.065 seconds
[2024-09-17T18:30:02.935+0000] {processor.py:186} INFO - Started process (PID=241) to work on /home/airflow/.local/lib/python3.12/site-packages/airflow/example_dags/example_subdag_operator.py
[2024-09-17T18:30:02.936+0000] {processor.py:914} INFO - Processing file /home/airflow/.local/lib/python3.12/site-packages/airflow/example_dags/example_subdag_operator.py for tasks to queue
[2024-09-17T18:30:02.938+0000] {logging_mixin.py:190} INFO - [2024-09-17T18:30:02.938+0000] {dagbag.py:587} INFO - Filling up the DagBag from /home/airflow/.local/lib/python3.12/site-packages/airflow/example_dags/example_subdag_operator.py
[2024-09-17T18:30:02.955+0000] {processor.py:925} INFO - DAG(s) 'example_subdag_operator.section-1', 'example_subdag_operator.section-2', 'example_subdag_operator' retrieved from /home/airflow/.local/lib/python3.12/site-packages/airflow/example_dags/example_subdag_operator.py
[2024-09-17T18:30:02.964+0000] {logging_mixin.py:190} INFO - [2024-09-17T18:30:02.963+0000] {dag.py:3229} INFO - Sync 3 DAGs
[2024-09-17T18:30:02.976+0000] {logging_mixin.py:190} INFO - [2024-09-17T18:30:02.976+0000] {dag.py:4156} INFO - Setting next_dagrun for example_subdag_operator to 2022-01-01 00:00:00+00:00, run_after=2022-01-01 00:00:00+00:00
[2024-09-17T18:30:02.979+0000] {logging_mixin.py:190} INFO - [2024-09-17T18:30:02.979+0000] {dag.py:4156} INFO - Setting next_dagrun for example_subdag_operator.section-1 to None, run_after=None
[2024-09-17T18:30:02.981+0000] {logging_mixin.py:190} INFO - [2024-09-17T18:30:02.981+0000] {dag.py:4156} INFO - Setting next_dagrun for example_subdag_operator.section-2 to None, run_after=None
[2024-09-17T18:30:02.987+0000] {logging_mixin.py:190} INFO - [2024-09-17T18:30:02.986+0000] {dag.py:3229} INFO - Sync 2 DAGs
[2024-09-17T18:30:02.991+0000] {logging_mixin.py:190} INFO - [2024-09-17T18:30:02.991+0000] {dag.py:4156} INFO - Setting next_dagrun for example_subdag_operator.section-1 to None, run_after=None
[2024-09-17T18:30:02.992+0000] {logging_mixin.py:190} INFO - [2024-09-17T18:30:02.992+0000] {dag.py:4156} INFO - Setting next_dagrun for example_subdag_operator.section-2 to None, run_after=None
[2024-09-17T18:30:03.002+0000] {processor.py:208} INFO - Processing /home/airflow/.local/lib/python3.12/site-packages/airflow/example_dags/example_subdag_operator.py took 0.070 seconds
[2024-09-17T18:30:33.055+0000] {processor.py:186} INFO - Started process (PID=304) to work on /home/airflow/.local/lib/python3.12/site-packages/airflow/example_dags/example_subdag_operator.py
[2024-09-17T18:30:33.057+0000] {processor.py:914} INFO - Processing file /home/airflow/.local/lib/python3.12/site-packages/airflow/example_dags/example_subdag_operator.py for tasks to queue
[2024-09-17T18:30:33.059+0000] {logging_mixin.py:190} INFO - [2024-09-17T18:30:33.058+0000] {dagbag.py:587} INFO - Filling up the DagBag from /home/airflow/.local/lib/python3.12/site-packages/airflow/example_dags/example_subdag_operator.py
[2024-09-17T18:30:33.073+0000] {processor.py:925} INFO - DAG(s) 'example_subdag_operator.section-1', 'example_subdag_operator.section-2', 'example_subdag_operator' retrieved from /home/airflow/.local/lib/python3.12/site-packages/airflow/example_dags/example_subdag_operator.py
[2024-09-17T18:30:33.082+0000] {logging_mixin.py:190} INFO - [2024-09-17T18:30:33.082+0000] {dag.py:3229} INFO - Sync 3 DAGs
[2024-09-17T18:30:33.095+0000] {logging_mixin.py:190} INFO - [2024-09-17T18:30:33.094+0000] {dag.py:4156} INFO - Setting next_dagrun for example_subdag_operator to 2022-01-01 00:00:00+00:00, run_after=2022-01-01 00:00:00+00:00
[2024-09-17T18:30:33.097+0000] {logging_mixin.py:190} INFO - [2024-09-17T18:30:33.097+0000] {dag.py:4156} INFO - Setting next_dagrun for example_subdag_operator.section-1 to None, run_after=None
[2024-09-17T18:30:33.099+0000] {logging_mixin.py:190} INFO - [2024-09-17T18:30:33.099+0000] {dag.py:4156} INFO - Setting next_dagrun for example_subdag_operator.section-2 to None, run_after=None
[2024-09-17T18:30:33.104+0000] {logging_mixin.py:190} INFO - [2024-09-17T18:30:33.103+0000] {dag.py:3229} INFO - Sync 2 DAGs
[2024-09-17T18:30:33.107+0000] {logging_mixin.py:190} INFO - [2024-09-17T18:30:33.107+0000] {dag.py:4156} INFO - Setting next_dagrun for example_subdag_operator.section-1 to None, run_after=None
[2024-09-17T18:30:33.108+0000] {logging_mixin.py:190} INFO - [2024-09-17T18:30:33.108+0000] {dag.py:4156} INFO - Setting next_dagrun for example_subdag_operator.section-2 to None, run_after=None
[2024-09-17T18:30:33.115+0000] {processor.py:208} INFO - Processing /home/airflow/.local/lib/python3.12/site-packages/airflow/example_dags/example_subdag_operator.py took 0.063 seconds
[2024-09-17T18:31:03.137+0000] {processor.py:186} INFO - Started process (PID=367) to work on /home/airflow/.local/lib/python3.12/site-packages/airflow/example_dags/example_subdag_operator.py
[2024-09-17T18:31:03.138+0000] {processor.py:914} INFO - Processing file /home/airflow/.local/lib/python3.12/site-packages/airflow/example_dags/example_subdag_operator.py for tasks to queue
[2024-09-17T18:31:03.140+0000] {logging_mixin.py:190} INFO - [2024-09-17T18:31:03.140+0000] {dagbag.py:587} INFO - Filling up the DagBag from /home/airflow/.local/lib/python3.12/site-packages/airflow/example_dags/example_subdag_operator.py
[2024-09-17T18:31:03.156+0000] {processor.py:925} INFO - DAG(s) 'example_subdag_operator.section-1', 'example_subdag_operator.section-2', 'example_subdag_operator' retrieved from /home/airflow/.local/lib/python3.12/site-packages/airflow/example_dags/example_subdag_operator.py
[2024-09-17T18:31:03.165+0000] {logging_mixin.py:190} INFO - [2024-09-17T18:31:03.164+0000] {dag.py:3229} INFO - Sync 3 DAGs
[2024-09-17T18:31:03.178+0000] {logging_mixin.py:190} INFO - [2024-09-17T18:31:03.178+0000] {dag.py:4156} INFO - Setting next_dagrun for example_subdag_operator to 2022-01-01 00:00:00+00:00, run_after=2022-01-01 00:00:00+00:00
[2024-09-17T18:31:03.181+0000] {logging_mixin.py:190} INFO - [2024-09-17T18:31:03.180+0000] {dag.py:4156} INFO - Setting next_dagrun for example_subdag_operator.section-1 to None, run_after=None
[2024-09-17T18:31:03.182+0000] {logging_mixin.py:190} INFO - [2024-09-17T18:31:03.182+0000] {dag.py:4156} INFO - Setting next_dagrun for example_subdag_operator.section-2 to None, run_after=None
[2024-09-17T18:31:03.186+0000] {logging_mixin.py:190} INFO - [2024-09-17T18:31:03.186+0000] {dag.py:3229} INFO - Sync 2 DAGs
[2024-09-17T18:31:03.190+0000] {logging_mixin.py:190} INFO - [2024-09-17T18:31:03.190+0000] {dag.py:4156} INFO - Setting next_dagrun for example_subdag_operator.section-1 to None, run_after=None
[2024-09-17T18:31:03.191+0000] {logging_mixin.py:190} INFO - [2024-09-17T18:31:03.191+0000] {dag.py:4156} INFO - Setting next_dagrun for example_subdag_operator.section-2 to None, run_after=None
[2024-09-17T18:31:03.198+0000] {processor.py:208} INFO - Processing /home/airflow/.local/lib/python3.12/site-packages/airflow/example_dags/example_subdag_operator.py took 0.067 seconds
[2024-09-17T18:31:34.374+0000] {processor.py:186} INFO - Started process (PID=429) to work on /home/airflow/.local/lib/python3.12/site-packages/airflow/example_dags/example_subdag_operator.py
[2024-09-17T18:31:34.377+0000] {processor.py:914} INFO - Processing file /home/airflow/.local/lib/python3.12/site-packages/airflow/example_dags/example_subdag_operator.py for tasks to queue
[2024-09-17T18:31:34.382+0000] {logging_mixin.py:190} INFO - [2024-09-17T18:31:34.382+0000] {dagbag.py:587} INFO - Filling up the DagBag from /home/airflow/.local/lib/python3.12/site-packages/airflow/example_dags/example_subdag_operator.py
[2024-09-17T18:31:34.409+0000] {processor.py:925} INFO - DAG(s) 'example_subdag_operator.section-1', 'example_subdag_operator.section-2', 'example_subdag_operator' retrieved from /home/airflow/.local/lib/python3.12/site-packages/airflow/example_dags/example_subdag_operator.py
[2024-09-17T18:31:34.422+0000] {logging_mixin.py:190} INFO - [2024-09-17T18:31:34.421+0000] {dag.py:3229} INFO - Sync 3 DAGs
[2024-09-17T18:31:34.435+0000] {logging_mixin.py:190} INFO - [2024-09-17T18:31:34.435+0000] {dag.py:4156} INFO - Setting next_dagrun for example_subdag_operator to 2022-01-01 00:00:00+00:00, run_after=2022-01-01 00:00:00+00:00
[2024-09-17T18:31:34.438+0000] {logging_mixin.py:190} INFO - [2024-09-17T18:31:34.438+0000] {dag.py:4156} INFO - Setting next_dagrun for example_subdag_operator.section-1 to None, run_after=None
[2024-09-17T18:31:34.440+0000] {logging_mixin.py:190} INFO - [2024-09-17T18:31:34.440+0000] {dag.py:4156} INFO - Setting next_dagrun for example_subdag_operator.section-2 to None, run_after=None
[2024-09-17T18:31:34.445+0000] {logging_mixin.py:190} INFO - [2024-09-17T18:31:34.445+0000] {dag.py:3229} INFO - Sync 2 DAGs
[2024-09-17T18:31:34.449+0000] {logging_mixin.py:190} INFO - [2024-09-17T18:31:34.448+0000] {dag.py:4156} INFO - Setting next_dagrun for example_subdag_operator.section-1 to None, run_after=None
[2024-09-17T18:31:34.450+0000] {logging_mixin.py:190} INFO - [2024-09-17T18:31:34.449+0000] {dag.py:4156} INFO - Setting next_dagrun for example_subdag_operator.section-2 to None, run_after=None
[2024-09-17T18:31:34.456+0000] {processor.py:208} INFO - Processing /home/airflow/.local/lib/python3.12/site-packages/airflow/example_dags/example_subdag_operator.py took 0.089 seconds
[2024-09-17T18:32:05.376+0000] {processor.py:186} INFO - Started process (PID=492) to work on /home/airflow/.local/lib/python3.12/site-packages/airflow/example_dags/example_subdag_operator.py
[2024-09-17T18:32:05.381+0000] {processor.py:914} INFO - Processing file /home/airflow/.local/lib/python3.12/site-packages/airflow/example_dags/example_subdag_operator.py for tasks to queue
[2024-09-17T18:32:05.386+0000] {logging_mixin.py:190} INFO - [2024-09-17T18:32:05.386+0000] {dagbag.py:587} INFO - Filling up the DagBag from /home/airflow/.local/lib/python3.12/site-packages/airflow/example_dags/example_subdag_operator.py
[2024-09-17T18:32:05.419+0000] {processor.py:925} INFO - DAG(s) 'example_subdag_operator.section-1', 'example_subdag_operator.section-2', 'example_subdag_operator' retrieved from /home/airflow/.local/lib/python3.12/site-packages/airflow/example_dags/example_subdag_operator.py
[2024-09-17T18:32:05.454+0000] {logging_mixin.py:190} INFO - [2024-09-17T18:32:05.453+0000] {dag.py:3229} INFO - Sync 3 DAGs
[2024-09-17T18:32:05.477+0000] {logging_mixin.py:190} INFO - [2024-09-17T18:32:05.477+0000] {dag.py:4156} INFO - Setting next_dagrun for example_subdag_operator to 2022-01-01 00:00:00+00:00, run_after=2022-01-01 00:00:00+00:00
[2024-09-17T18:32:05.480+0000] {logging_mixin.py:190} INFO - [2024-09-17T18:32:05.480+0000] {dag.py:4156} INFO - Setting next_dagrun for example_subdag_operator.section-1 to None, run_after=None
[2024-09-17T18:32:05.482+0000] {logging_mixin.py:190} INFO - [2024-09-17T18:32:05.482+0000] {dag.py:4156} INFO - Setting next_dagrun for example_subdag_operator.section-2 to None, run_after=None
[2024-09-17T18:32:05.488+0000] {logging_mixin.py:190} INFO - [2024-09-17T18:32:05.488+0000] {dag.py:3229} INFO - Sync 2 DAGs
[2024-09-17T18:32:05.494+0000] {logging_mixin.py:190} INFO - [2024-09-17T18:32:05.494+0000] {dag.py:4156} INFO - Setting next_dagrun for example_subdag_operator.section-1 to None, run_after=None
[2024-09-17T18:32:05.495+0000] {logging_mixin.py:190} INFO - [2024-09-17T18:32:05.495+0000] {dag.py:4156} INFO - Setting next_dagrun for example_subdag_operator.section-2 to None, run_after=None
[2024-09-17T18:32:05.507+0000] {processor.py:208} INFO - Processing /home/airflow/.local/lib/python3.12/site-packages/airflow/example_dags/example_subdag_operator.py took 0.139 seconds
[2024-09-17T18:32:35.742+0000] {processor.py:186} INFO - Started process (PID=555) to work on /home/airflow/.local/lib/python3.12/site-packages/airflow/example_dags/example_subdag_operator.py
[2024-09-17T18:32:35.743+0000] {processor.py:914} INFO - Processing file /home/airflow/.local/lib/python3.12/site-packages/airflow/example_dags/example_subdag_operator.py for tasks to queue
[2024-09-17T18:32:35.745+0000] {logging_mixin.py:190} INFO - [2024-09-17T18:32:35.745+0000] {dagbag.py:587} INFO - Filling up the DagBag from /home/airflow/.local/lib/python3.12/site-packages/airflow/example_dags/example_subdag_operator.py
[2024-09-17T18:32:35.763+0000] {processor.py:925} INFO - DAG(s) 'example_subdag_operator.section-1', 'example_subdag_operator.section-2', 'example_subdag_operator' retrieved from /home/airflow/.local/lib/python3.12/site-packages/airflow/example_dags/example_subdag_operator.py
[2024-09-17T18:32:35.773+0000] {logging_mixin.py:190} INFO - [2024-09-17T18:32:35.773+0000] {dag.py:3229} INFO - Sync 3 DAGs
[2024-09-17T18:32:35.787+0000] {logging_mixin.py:190} INFO - [2024-09-17T18:32:35.787+0000] {dag.py:4156} INFO - Setting next_dagrun for example_subdag_operator to 2022-01-01 00:00:00+00:00, run_after=2022-01-01 00:00:00+00:00
[2024-09-17T18:32:35.790+0000] {logging_mixin.py:190} INFO - [2024-09-17T18:32:35.790+0000] {dag.py:4156} INFO - Setting next_dagrun for example_subdag_operator.section-1 to None, run_after=None
[2024-09-17T18:32:35.792+0000] {logging_mixin.py:190} INFO - [2024-09-17T18:32:35.792+0000] {dag.py:4156} INFO - Setting next_dagrun for example_subdag_operator.section-2 to None, run_after=None
[2024-09-17T18:32:35.796+0000] {logging_mixin.py:190} INFO - [2024-09-17T18:32:35.796+0000] {dag.py:3229} INFO - Sync 2 DAGs
[2024-09-17T18:32:35.800+0000] {logging_mixin.py:190} INFO - [2024-09-17T18:32:35.800+0000] {dag.py:4156} INFO - Setting next_dagrun for example_subdag_operator.section-1 to None, run_after=None
[2024-09-17T18:32:35.801+0000] {logging_mixin.py:190} INFO - [2024-09-17T18:32:35.801+0000] {dag.py:4156} INFO - Setting next_dagrun for example_subdag_operator.section-2 to None, run_after=None
[2024-09-17T18:32:35.807+0000] {processor.py:208} INFO - Processing /home/airflow/.local/lib/python3.12/site-packages/airflow/example_dags/example_subdag_operator.py took 0.070 seconds
