[2024-09-17T18:28:26.092+0000] {processor.py:186} INFO - Started process (PID=34) to work on /home/airflow/.local/lib/python3.12/site-packages/airflow/example_dags/example_params_trigger_ui.py
[2024-09-17T18:28:26.100+0000] {processor.py:914} INFO - Processing file /home/airflow/.local/lib/python3.12/site-packages/airflow/example_dags/example_params_trigger_ui.py for tasks to queue
[2024-09-17T18:28:26.109+0000] {logging_mixin.py:190} INFO - [2024-09-17T18:28:26.108+0000] {dagbag.py:587} INFO - Filling up the DagBag from /home/airflow/.local/lib/python3.12/site-packages/airflow/example_dags/example_params_trigger_ui.py
[2024-09-17T18:28:26.144+0000] {processor.py:925} INFO - DAG(s) 'example_params_trigger_ui' retrieved from /home/airflow/.local/lib/python3.12/site-packages/airflow/example_dags/example_params_trigger_ui.py
[2024-09-17T18:28:26.573+0000] {logging_mixin.py:190} INFO - [2024-09-17T18:28:26.573+0000] {dag.py:3229} INFO - Sync 1 DAGs
[2024-09-17T18:28:26.606+0000] {logging_mixin.py:190} INFO - [2024-09-17T18:28:26.606+0000] {dag.py:4156} INFO - Setting next_dagrun for example_params_trigger_ui to None, run_after=None
[2024-09-17T18:28:26.652+0000] {processor.py:208} INFO - Processing /home/airflow/.local/lib/python3.12/site-packages/airflow/example_dags/example_params_trigger_ui.py took 0.585 seconds
[2024-09-17T18:28:56.724+0000] {processor.py:186} INFO - Started process (PID=97) to work on /home/airflow/.local/lib/python3.12/site-packages/airflow/example_dags/example_params_trigger_ui.py
[2024-09-17T18:28:56.726+0000] {processor.py:914} INFO - Processing file /home/airflow/.local/lib/python3.12/site-packages/airflow/example_dags/example_params_trigger_ui.py for tasks to queue
[2024-09-17T18:28:56.728+0000] {logging_mixin.py:190} INFO - [2024-09-17T18:28:56.727+0000] {dagbag.py:587} INFO - Filling up the DagBag from /home/airflow/.local/lib/python3.12/site-packages/airflow/example_dags/example_params_trigger_ui.py
[2024-09-17T18:28:56.737+0000] {processor.py:925} INFO - DAG(s) 'example_params_trigger_ui' retrieved from /home/airflow/.local/lib/python3.12/site-packages/airflow/example_dags/example_params_trigger_ui.py
[2024-09-17T18:28:56.760+0000] {logging_mixin.py:190} INFO - [2024-09-17T18:28:56.760+0000] {dag.py:3229} INFO - Sync 1 DAGs
[2024-09-17T18:28:56.767+0000] {logging_mixin.py:190} INFO - [2024-09-17T18:28:56.767+0000] {dag.py:4156} INFO - Setting next_dagrun for example_params_trigger_ui to None, run_after=None
[2024-09-17T18:28:56.778+0000] {processor.py:208} INFO - Processing /home/airflow/.local/lib/python3.12/site-packages/airflow/example_dags/example_params_trigger_ui.py took 0.058 seconds
[2024-09-17T18:29:27.694+0000] {processor.py:186} INFO - Started process (PID=160) to work on /home/airflow/.local/lib/python3.12/site-packages/airflow/example_dags/example_params_trigger_ui.py
[2024-09-17T18:29:27.696+0000] {processor.py:914} INFO - Processing file /home/airflow/.local/lib/python3.12/site-packages/airflow/example_dags/example_params_trigger_ui.py for tasks to queue
[2024-09-17T18:29:27.698+0000] {logging_mixin.py:190} INFO - [2024-09-17T18:29:27.698+0000] {dagbag.py:587} INFO - Filling up the DagBag from /home/airflow/.local/lib/python3.12/site-packages/airflow/example_dags/example_params_trigger_ui.py
[2024-09-17T18:29:27.706+0000] {processor.py:925} INFO - DAG(s) 'example_params_trigger_ui' retrieved from /home/airflow/.local/lib/python3.12/site-packages/airflow/example_dags/example_params_trigger_ui.py
[2024-09-17T18:29:27.733+0000] {logging_mixin.py:190} INFO - [2024-09-17T18:29:27.733+0000] {dag.py:3229} INFO - Sync 1 DAGs
[2024-09-17T18:29:27.742+0000] {logging_mixin.py:190} INFO - [2024-09-17T18:29:27.742+0000] {dag.py:4156} INFO - Setting next_dagrun for example_params_trigger_ui to None, run_after=None
[2024-09-17T18:29:27.753+0000] {processor.py:208} INFO - Processing /home/airflow/.local/lib/python3.12/site-packages/airflow/example_dags/example_params_trigger_ui.py took 0.063 seconds
[2024-09-17T18:29:58.672+0000] {processor.py:186} INFO - Started process (PID=223) to work on /home/airflow/.local/lib/python3.12/site-packages/airflow/example_dags/example_params_trigger_ui.py
[2024-09-17T18:29:58.675+0000] {processor.py:914} INFO - Processing file /home/airflow/.local/lib/python3.12/site-packages/airflow/example_dags/example_params_trigger_ui.py for tasks to queue
[2024-09-17T18:29:58.678+0000] {logging_mixin.py:190} INFO - [2024-09-17T18:29:58.677+0000] {dagbag.py:587} INFO - Filling up the DagBag from /home/airflow/.local/lib/python3.12/site-packages/airflow/example_dags/example_params_trigger_ui.py
[2024-09-17T18:29:58.685+0000] {processor.py:925} INFO - DAG(s) 'example_params_trigger_ui' retrieved from /home/airflow/.local/lib/python3.12/site-packages/airflow/example_dags/example_params_trigger_ui.py
[2024-09-17T18:29:58.713+0000] {logging_mixin.py:190} INFO - [2024-09-17T18:29:58.713+0000] {dag.py:3229} INFO - Sync 1 DAGs
[2024-09-17T18:29:58.722+0000] {logging_mixin.py:190} INFO - [2024-09-17T18:29:58.721+0000] {dag.py:4156} INFO - Setting next_dagrun for example_params_trigger_ui to None, run_after=None
[2024-09-17T18:29:58.733+0000] {processor.py:208} INFO - Processing /home/airflow/.local/lib/python3.12/site-packages/airflow/example_dags/example_params_trigger_ui.py took 0.064 seconds
[2024-09-17T18:30:28.967+0000] {processor.py:186} INFO - Started process (PID=286) to work on /home/airflow/.local/lib/python3.12/site-packages/airflow/example_dags/example_params_trigger_ui.py
[2024-09-17T18:30:28.969+0000] {processor.py:914} INFO - Processing file /home/airflow/.local/lib/python3.12/site-packages/airflow/example_dags/example_params_trigger_ui.py for tasks to queue
[2024-09-17T18:30:28.972+0000] {logging_mixin.py:190} INFO - [2024-09-17T18:30:28.971+0000] {dagbag.py:587} INFO - Filling up the DagBag from /home/airflow/.local/lib/python3.12/site-packages/airflow/example_dags/example_params_trigger_ui.py
[2024-09-17T18:30:28.983+0000] {processor.py:925} INFO - DAG(s) 'example_params_trigger_ui' retrieved from /home/airflow/.local/lib/python3.12/site-packages/airflow/example_dags/example_params_trigger_ui.py
[2024-09-17T18:30:29.008+0000] {logging_mixin.py:190} INFO - [2024-09-17T18:30:29.008+0000] {dag.py:3229} INFO - Sync 1 DAGs
[2024-09-17T18:30:29.017+0000] {logging_mixin.py:190} INFO - [2024-09-17T18:30:29.017+0000] {dag.py:4156} INFO - Setting next_dagrun for example_params_trigger_ui to None, run_after=None
[2024-09-17T18:30:29.030+0000] {processor.py:208} INFO - Processing /home/airflow/.local/lib/python3.12/site-packages/airflow/example_dags/example_params_trigger_ui.py took 0.067 seconds
[2024-09-17T18:30:59.170+0000] {processor.py:186} INFO - Started process (PID=349) to work on /home/airflow/.local/lib/python3.12/site-packages/airflow/example_dags/example_params_trigger_ui.py
[2024-09-17T18:30:59.171+0000] {processor.py:914} INFO - Processing file /home/airflow/.local/lib/python3.12/site-packages/airflow/example_dags/example_params_trigger_ui.py for tasks to queue
[2024-09-17T18:30:59.173+0000] {logging_mixin.py:190} INFO - [2024-09-17T18:30:59.173+0000] {dagbag.py:587} INFO - Filling up the DagBag from /home/airflow/.local/lib/python3.12/site-packages/airflow/example_dags/example_params_trigger_ui.py
[2024-09-17T18:30:59.179+0000] {processor.py:925} INFO - DAG(s) 'example_params_trigger_ui' retrieved from /home/airflow/.local/lib/python3.12/site-packages/airflow/example_dags/example_params_trigger_ui.py
[2024-09-17T18:30:59.202+0000] {logging_mixin.py:190} INFO - [2024-09-17T18:30:59.202+0000] {dag.py:3229} INFO - Sync 1 DAGs
[2024-09-17T18:30:59.211+0000] {logging_mixin.py:190} INFO - [2024-09-17T18:30:59.211+0000] {dag.py:4156} INFO - Setting next_dagrun for example_params_trigger_ui to None, run_after=None
[2024-09-17T18:30:59.222+0000] {processor.py:208} INFO - Processing /home/airflow/.local/lib/python3.12/site-packages/airflow/example_dags/example_params_trigger_ui.py took 0.055 seconds
[2024-09-17T18:31:29.896+0000] {processor.py:186} INFO - Started process (PID=411) to work on /home/airflow/.local/lib/python3.12/site-packages/airflow/example_dags/example_params_trigger_ui.py
[2024-09-17T18:31:29.899+0000] {processor.py:914} INFO - Processing file /home/airflow/.local/lib/python3.12/site-packages/airflow/example_dags/example_params_trigger_ui.py for tasks to queue
[2024-09-17T18:31:29.902+0000] {logging_mixin.py:190} INFO - [2024-09-17T18:31:29.902+0000] {dagbag.py:587} INFO - Filling up the DagBag from /home/airflow/.local/lib/python3.12/site-packages/airflow/example_dags/example_params_trigger_ui.py
[2024-09-17T18:31:29.911+0000] {processor.py:925} INFO - DAG(s) 'example_params_trigger_ui' retrieved from /home/airflow/.local/lib/python3.12/site-packages/airflow/example_dags/example_params_trigger_ui.py
[2024-09-17T18:31:29.939+0000] {logging_mixin.py:190} INFO - [2024-09-17T18:31:29.939+0000] {dag.py:3229} INFO - Sync 1 DAGs
[2024-09-17T18:31:29.950+0000] {logging_mixin.py:190} INFO - [2024-09-17T18:31:29.950+0000] {dag.py:4156} INFO - Setting next_dagrun for example_params_trigger_ui to None, run_after=None
[2024-09-17T18:31:29.968+0000] {processor.py:208} INFO - Processing /home/airflow/.local/lib/python3.12/site-packages/airflow/example_dags/example_params_trigger_ui.py took 0.076 seconds
[2024-09-17T18:32:00.834+0000] {processor.py:186} INFO - Started process (PID=474) to work on /home/airflow/.local/lib/python3.12/site-packages/airflow/example_dags/example_params_trigger_ui.py
[2024-09-17T18:32:00.835+0000] {processor.py:914} INFO - Processing file /home/airflow/.local/lib/python3.12/site-packages/airflow/example_dags/example_params_trigger_ui.py for tasks to queue
[2024-09-17T18:32:00.837+0000] {logging_mixin.py:190} INFO - [2024-09-17T18:32:00.836+0000] {dagbag.py:587} INFO - Filling up the DagBag from /home/airflow/.local/lib/python3.12/site-packages/airflow/example_dags/example_params_trigger_ui.py
[2024-09-17T18:32:00.844+0000] {processor.py:925} INFO - DAG(s) 'example_params_trigger_ui' retrieved from /home/airflow/.local/lib/python3.12/site-packages/airflow/example_dags/example_params_trigger_ui.py
[2024-09-17T18:32:00.866+0000] {logging_mixin.py:190} INFO - [2024-09-17T18:32:00.866+0000] {dag.py:3229} INFO - Sync 1 DAGs
[2024-09-17T18:32:00.873+0000] {logging_mixin.py:190} INFO - [2024-09-17T18:32:00.873+0000] {dag.py:4156} INFO - Setting next_dagrun for example_params_trigger_ui to None, run_after=None
[2024-09-17T18:32:00.884+0000] {processor.py:208} INFO - Processing /home/airflow/.local/lib/python3.12/site-packages/airflow/example_dags/example_params_trigger_ui.py took 0.054 seconds
[2024-09-17T18:32:31.719+0000] {processor.py:186} INFO - Started process (PID=537) to work on /home/airflow/.local/lib/python3.12/site-packages/airflow/example_dags/example_params_trigger_ui.py
[2024-09-17T18:32:31.722+0000] {processor.py:914} INFO - Processing file /home/airflow/.local/lib/python3.12/site-packages/airflow/example_dags/example_params_trigger_ui.py for tasks to queue
[2024-09-17T18:32:31.725+0000] {logging_mixin.py:190} INFO - [2024-09-17T18:32:31.725+0000] {dagbag.py:587} INFO - Filling up the DagBag from /home/airflow/.local/lib/python3.12/site-packages/airflow/example_dags/example_params_trigger_ui.py
[2024-09-17T18:32:31.738+0000] {processor.py:925} INFO - DAG(s) 'example_params_trigger_ui' retrieved from /home/airflow/.local/lib/python3.12/site-packages/airflow/example_dags/example_params_trigger_ui.py
[2024-09-17T18:32:31.768+0000] {logging_mixin.py:190} INFO - [2024-09-17T18:32:31.768+0000] {dag.py:3229} INFO - Sync 1 DAGs
[2024-09-17T18:32:31.779+0000] {logging_mixin.py:190} INFO - [2024-09-17T18:32:31.779+0000] {dag.py:4156} INFO - Setting next_dagrun for example_params_trigger_ui to None, run_after=None
[2024-09-17T18:32:31.793+0000] {processor.py:208} INFO - Processing /home/airflow/.local/lib/python3.12/site-packages/airflow/example_dags/example_params_trigger_ui.py took 0.077 seconds
