[2024-09-17T18:28:30.591+0000] {processor.py:186} INFO - Started process (PID=67) to work on /home/airflow/.local/lib/python3.12/site-packages/airflow/example_dags/example_inlet_event_extra.py
[2024-09-17T18:28:30.592+0000] {processor.py:914} INFO - Processing file /home/airflow/.local/lib/python3.12/site-packages/airflow/example_dags/example_inlet_event_extra.py for tasks to queue
[2024-09-17T18:28:30.594+0000] {logging_mixin.py:190} INFO - [2024-09-17T18:28:30.594+0000] {dagbag.py:587} INFO - Filling up the DagBag from /home/airflow/.local/lib/python3.12/site-packages/airflow/example_dags/example_inlet_event_extra.py
[2024-09-17T18:28:30.708+0000] {processor.py:925} INFO - DAG(s) 'read_dataset_event_from_classic', 'read_dataset_event' retrieved from /home/airflow/.local/lib/python3.12/site-packages/airflow/example_dags/example_inlet_event_extra.py
[2024-09-17T18:28:30.819+0000] {logging_mixin.py:190} INFO - [2024-09-17T18:28:30.819+0000] {dag.py:3229} INFO - Sync 2 DAGs
[2024-09-17T18:28:30.833+0000] {logging_mixin.py:190} INFO - [2024-09-17T18:28:30.833+0000] {dag.py:4156} INFO - Setting next_dagrun for read_dataset_event to 2024-09-16 00:00:00+00:00, run_after=2024-09-17 00:00:00+00:00
[2024-09-17T18:28:30.836+0000] {logging_mixin.py:190} INFO - [2024-09-17T18:28:30.836+0000] {dag.py:4156} INFO - Setting next_dagrun for read_dataset_event_from_classic to 2024-09-16 00:00:00+00:00, run_after=2024-09-17 00:00:00+00:00
[2024-09-17T18:28:30.846+0000] {processor.py:208} INFO - Processing /home/airflow/.local/lib/python3.12/site-packages/airflow/example_dags/example_inlet_event_extra.py took 0.259 seconds
[2024-09-17T18:29:01.294+0000] {processor.py:186} INFO - Started process (PID=131) to work on /home/airflow/.local/lib/python3.12/site-packages/airflow/example_dags/example_inlet_event_extra.py
[2024-09-17T18:29:01.295+0000] {processor.py:914} INFO - Processing file /home/airflow/.local/lib/python3.12/site-packages/airflow/example_dags/example_inlet_event_extra.py for tasks to queue
[2024-09-17T18:29:01.297+0000] {logging_mixin.py:190} INFO - [2024-09-17T18:29:01.297+0000] {dagbag.py:587} INFO - Filling up the DagBag from /home/airflow/.local/lib/python3.12/site-packages/airflow/example_dags/example_inlet_event_extra.py
[2024-09-17T18:29:01.399+0000] {processor.py:925} INFO - DAG(s) 'read_dataset_event', 'read_dataset_event_from_classic' retrieved from /home/airflow/.local/lib/python3.12/site-packages/airflow/example_dags/example_inlet_event_extra.py
[2024-09-17T18:29:01.417+0000] {logging_mixin.py:190} INFO - [2024-09-17T18:29:01.416+0000] {dag.py:3229} INFO - Sync 2 DAGs
[2024-09-17T18:29:01.434+0000] {logging_mixin.py:190} INFO - [2024-09-17T18:29:01.434+0000] {dag.py:4156} INFO - Setting next_dagrun for read_dataset_event to 2024-09-16 00:00:00+00:00, run_after=2024-09-17 00:00:00+00:00
[2024-09-17T18:29:01.439+0000] {logging_mixin.py:190} INFO - [2024-09-17T18:29:01.438+0000] {dag.py:4156} INFO - Setting next_dagrun for read_dataset_event_from_classic to 2024-09-16 00:00:00+00:00, run_after=2024-09-17 00:00:00+00:00
[2024-09-17T18:29:01.450+0000] {processor.py:208} INFO - Processing /home/airflow/.local/lib/python3.12/site-packages/airflow/example_dags/example_inlet_event_extra.py took 0.160 seconds
[2024-09-17T18:29:32.676+0000] {processor.py:186} INFO - Started process (PID=193) to work on /home/airflow/.local/lib/python3.12/site-packages/airflow/example_dags/example_inlet_event_extra.py
[2024-09-17T18:29:32.679+0000] {processor.py:914} INFO - Processing file /home/airflow/.local/lib/python3.12/site-packages/airflow/example_dags/example_inlet_event_extra.py for tasks to queue
[2024-09-17T18:29:32.683+0000] {logging_mixin.py:190} INFO - [2024-09-17T18:29:32.682+0000] {dagbag.py:587} INFO - Filling up the DagBag from /home/airflow/.local/lib/python3.12/site-packages/airflow/example_dags/example_inlet_event_extra.py
[2024-09-17T18:29:32.806+0000] {processor.py:925} INFO - DAG(s) 'read_dataset_event', 'read_dataset_event_from_classic' retrieved from /home/airflow/.local/lib/python3.12/site-packages/airflow/example_dags/example_inlet_event_extra.py
[2024-09-17T18:29:32.820+0000] {logging_mixin.py:190} INFO - [2024-09-17T18:29:32.820+0000] {dag.py:3229} INFO - Sync 2 DAGs
[2024-09-17T18:29:32.836+0000] {logging_mixin.py:190} INFO - [2024-09-17T18:29:32.835+0000] {dag.py:4156} INFO - Setting next_dagrun for read_dataset_event to 2024-09-16 00:00:00+00:00, run_after=2024-09-17 00:00:00+00:00
[2024-09-17T18:29:32.839+0000] {logging_mixin.py:190} INFO - [2024-09-17T18:29:32.839+0000] {dag.py:4156} INFO - Setting next_dagrun for read_dataset_event_from_classic to 2024-09-16 00:00:00+00:00, run_after=2024-09-17 00:00:00+00:00
[2024-09-17T18:29:32.848+0000] {processor.py:208} INFO - Processing /home/airflow/.local/lib/python3.12/site-packages/airflow/example_dags/example_inlet_event_extra.py took 0.176 seconds
[2024-09-17T18:30:03.578+0000] {processor.py:186} INFO - Started process (PID=256) to work on /home/airflow/.local/lib/python3.12/site-packages/airflow/example_dags/example_inlet_event_extra.py
[2024-09-17T18:30:03.580+0000] {processor.py:914} INFO - Processing file /home/airflow/.local/lib/python3.12/site-packages/airflow/example_dags/example_inlet_event_extra.py for tasks to queue
[2024-09-17T18:30:03.581+0000] {logging_mixin.py:190} INFO - [2024-09-17T18:30:03.581+0000] {dagbag.py:587} INFO - Filling up the DagBag from /home/airflow/.local/lib/python3.12/site-packages/airflow/example_dags/example_inlet_event_extra.py
[2024-09-17T18:30:03.698+0000] {processor.py:925} INFO - DAG(s) 'read_dataset_event', 'read_dataset_event_from_classic' retrieved from /home/airflow/.local/lib/python3.12/site-packages/airflow/example_dags/example_inlet_event_extra.py
[2024-09-17T18:30:03.713+0000] {logging_mixin.py:190} INFO - [2024-09-17T18:30:03.713+0000] {dag.py:3229} INFO - Sync 2 DAGs
[2024-09-17T18:30:03.728+0000] {logging_mixin.py:190} INFO - [2024-09-17T18:30:03.728+0000] {dag.py:4156} INFO - Setting next_dagrun for read_dataset_event to 2024-09-16 00:00:00+00:00, run_after=2024-09-17 00:00:00+00:00
[2024-09-17T18:30:03.731+0000] {logging_mixin.py:190} INFO - [2024-09-17T18:30:03.731+0000] {dag.py:4156} INFO - Setting next_dagrun for read_dataset_event_from_classic to 2024-09-16 00:00:00+00:00, run_after=2024-09-17 00:00:00+00:00
[2024-09-17T18:30:03.740+0000] {processor.py:208} INFO - Processing /home/airflow/.local/lib/python3.12/site-packages/airflow/example_dags/example_inlet_event_extra.py took 0.165 seconds
[2024-09-17T18:30:34.712+0000] {processor.py:186} INFO - Started process (PID=319) to work on /home/airflow/.local/lib/python3.12/site-packages/airflow/example_dags/example_inlet_event_extra.py
[2024-09-17T18:30:34.715+0000] {processor.py:914} INFO - Processing file /home/airflow/.local/lib/python3.12/site-packages/airflow/example_dags/example_inlet_event_extra.py for tasks to queue
[2024-09-17T18:30:34.718+0000] {logging_mixin.py:190} INFO - [2024-09-17T18:30:34.718+0000] {dagbag.py:587} INFO - Filling up the DagBag from /home/airflow/.local/lib/python3.12/site-packages/airflow/example_dags/example_inlet_event_extra.py
[2024-09-17T18:30:34.810+0000] {processor.py:925} INFO - DAG(s) 'read_dataset_event_from_classic', 'read_dataset_event' retrieved from /home/airflow/.local/lib/python3.12/site-packages/airflow/example_dags/example_inlet_event_extra.py
[2024-09-17T18:30:34.822+0000] {logging_mixin.py:190} INFO - [2024-09-17T18:30:34.822+0000] {dag.py:3229} INFO - Sync 2 DAGs
[2024-09-17T18:30:34.836+0000] {logging_mixin.py:190} INFO - [2024-09-17T18:30:34.836+0000] {dag.py:4156} INFO - Setting next_dagrun for read_dataset_event to 2024-09-16 00:00:00+00:00, run_after=2024-09-17 00:00:00+00:00
[2024-09-17T18:30:34.839+0000] {logging_mixin.py:190} INFO - [2024-09-17T18:30:34.839+0000] {dag.py:4156} INFO - Setting next_dagrun for read_dataset_event_from_classic to 2024-09-16 00:00:00+00:00, run_after=2024-09-17 00:00:00+00:00
[2024-09-17T18:30:34.849+0000] {processor.py:208} INFO - Processing /home/airflow/.local/lib/python3.12/site-packages/airflow/example_dags/example_inlet_event_extra.py took 0.146 seconds
[2024-09-17T18:31:05.768+0000] {processor.py:186} INFO - Started process (PID=382) to work on /home/airflow/.local/lib/python3.12/site-packages/airflow/example_dags/example_inlet_event_extra.py
[2024-09-17T18:31:05.770+0000] {processor.py:914} INFO - Processing file /home/airflow/.local/lib/python3.12/site-packages/airflow/example_dags/example_inlet_event_extra.py for tasks to queue
[2024-09-17T18:31:05.774+0000] {logging_mixin.py:190} INFO - [2024-09-17T18:31:05.773+0000] {dagbag.py:587} INFO - Filling up the DagBag from /home/airflow/.local/lib/python3.12/site-packages/airflow/example_dags/example_inlet_event_extra.py
[2024-09-17T18:31:05.864+0000] {processor.py:925} INFO - DAG(s) 'read_dataset_event', 'read_dataset_event_from_classic' retrieved from /home/airflow/.local/lib/python3.12/site-packages/airflow/example_dags/example_inlet_event_extra.py
[2024-09-17T18:31:05.877+0000] {logging_mixin.py:190} INFO - [2024-09-17T18:31:05.877+0000] {dag.py:3229} INFO - Sync 2 DAGs
[2024-09-17T18:31:05.891+0000] {logging_mixin.py:190} INFO - [2024-09-17T18:31:05.891+0000] {dag.py:4156} INFO - Setting next_dagrun for read_dataset_event to 2024-09-16 00:00:00+00:00, run_after=2024-09-17 00:00:00+00:00
[2024-09-17T18:31:05.894+0000] {logging_mixin.py:190} INFO - [2024-09-17T18:31:05.894+0000] {dag.py:4156} INFO - Setting next_dagrun for read_dataset_event_from_classic to 2024-09-16 00:00:00+00:00, run_after=2024-09-17 00:00:00+00:00
[2024-09-17T18:31:05.903+0000] {processor.py:208} INFO - Processing /home/airflow/.local/lib/python3.12/site-packages/airflow/example_dags/example_inlet_event_extra.py took 0.143 seconds
[2024-09-17T18:31:36.047+0000] {processor.py:186} INFO - Started process (PID=444) to work on /home/airflow/.local/lib/python3.12/site-packages/airflow/example_dags/example_inlet_event_extra.py
[2024-09-17T18:31:36.050+0000] {processor.py:914} INFO - Processing file /home/airflow/.local/lib/python3.12/site-packages/airflow/example_dags/example_inlet_event_extra.py for tasks to queue
[2024-09-17T18:31:36.054+0000] {logging_mixin.py:190} INFO - [2024-09-17T18:31:36.054+0000] {dagbag.py:587} INFO - Filling up the DagBag from /home/airflow/.local/lib/python3.12/site-packages/airflow/example_dags/example_inlet_event_extra.py
[2024-09-17T18:31:36.264+0000] {processor.py:925} INFO - DAG(s) 'read_dataset_event', 'read_dataset_event_from_classic' retrieved from /home/airflow/.local/lib/python3.12/site-packages/airflow/example_dags/example_inlet_event_extra.py
[2024-09-17T18:31:36.320+0000] {logging_mixin.py:190} INFO - [2024-09-17T18:31:36.320+0000] {dag.py:3229} INFO - Sync 2 DAGs
[2024-09-17T18:31:36.379+0000] {logging_mixin.py:190} INFO - [2024-09-17T18:31:36.379+0000] {dag.py:4156} INFO - Setting next_dagrun for read_dataset_event to 2024-09-16 00:00:00+00:00, run_after=2024-09-17 00:00:00+00:00
[2024-09-17T18:31:36.391+0000] {logging_mixin.py:190} INFO - [2024-09-17T18:31:36.390+0000] {dag.py:4156} INFO - Setting next_dagrun for read_dataset_event_from_classic to 2024-09-16 00:00:00+00:00, run_after=2024-09-17 00:00:00+00:00
[2024-09-17T18:31:36.417+0000] {processor.py:208} INFO - Processing /home/airflow/.local/lib/python3.12/site-packages/airflow/example_dags/example_inlet_event_extra.py took 0.379 seconds
[2024-09-17T18:32:07.325+0000] {processor.py:186} INFO - Started process (PID=508) to work on /home/airflow/.local/lib/python3.12/site-packages/airflow/example_dags/example_inlet_event_extra.py
[2024-09-17T18:32:07.328+0000] {processor.py:914} INFO - Processing file /home/airflow/.local/lib/python3.12/site-packages/airflow/example_dags/example_inlet_event_extra.py for tasks to queue
[2024-09-17T18:32:07.332+0000] {logging_mixin.py:190} INFO - [2024-09-17T18:32:07.332+0000] {dagbag.py:587} INFO - Filling up the DagBag from /home/airflow/.local/lib/python3.12/site-packages/airflow/example_dags/example_inlet_event_extra.py
[2024-09-17T18:32:07.464+0000] {processor.py:925} INFO - DAG(s) 'read_dataset_event_from_classic', 'read_dataset_event' retrieved from /home/airflow/.local/lib/python3.12/site-packages/airflow/example_dags/example_inlet_event_extra.py
[2024-09-17T18:32:07.482+0000] {logging_mixin.py:190} INFO - [2024-09-17T18:32:07.481+0000] {dag.py:3229} INFO - Sync 2 DAGs
[2024-09-17T18:32:07.503+0000] {logging_mixin.py:190} INFO - [2024-09-17T18:32:07.503+0000] {dag.py:4156} INFO - Setting next_dagrun for read_dataset_event to 2024-09-16 00:00:00+00:00, run_after=2024-09-17 00:00:00+00:00
[2024-09-17T18:32:07.507+0000] {logging_mixin.py:190} INFO - [2024-09-17T18:32:07.507+0000] {dag.py:4156} INFO - Setting next_dagrun for read_dataset_event_from_classic to 2024-09-16 00:00:00+00:00, run_after=2024-09-17 00:00:00+00:00
[2024-09-17T18:32:07.520+0000] {processor.py:208} INFO - Processing /home/airflow/.local/lib/python3.12/site-packages/airflow/example_dags/example_inlet_event_extra.py took 0.205 seconds
[2024-09-17T18:32:37.592+0000] {processor.py:186} INFO - Started process (PID=573) to work on /home/airflow/.local/lib/python3.12/site-packages/airflow/example_dags/example_inlet_event_extra.py
[2024-09-17T18:32:37.594+0000] {processor.py:914} INFO - Processing file /home/airflow/.local/lib/python3.12/site-packages/airflow/example_dags/example_inlet_event_extra.py for tasks to queue
[2024-09-17T18:32:37.597+0000] {logging_mixin.py:190} INFO - [2024-09-17T18:32:37.596+0000] {dagbag.py:587} INFO - Filling up the DagBag from /home/airflow/.local/lib/python3.12/site-packages/airflow/example_dags/example_inlet_event_extra.py
[2024-09-17T18:32:37.712+0000] {processor.py:925} INFO - DAG(s) 'read_dataset_event_from_classic', 'read_dataset_event' retrieved from /home/airflow/.local/lib/python3.12/site-packages/airflow/example_dags/example_inlet_event_extra.py
[2024-09-17T18:32:37.730+0000] {logging_mixin.py:190} INFO - [2024-09-17T18:32:37.729+0000] {dag.py:3229} INFO - Sync 2 DAGs
[2024-09-17T18:32:37.747+0000] {logging_mixin.py:190} INFO - [2024-09-17T18:32:37.747+0000] {dag.py:4156} INFO - Setting next_dagrun for read_dataset_event to 2024-09-16 00:00:00+00:00, run_after=2024-09-17 00:00:00+00:00
[2024-09-17T18:32:37.750+0000] {logging_mixin.py:190} INFO - [2024-09-17T18:32:37.750+0000] {dag.py:4156} INFO - Setting next_dagrun for read_dataset_event_from_classic to 2024-09-16 00:00:00+00:00, run_after=2024-09-17 00:00:00+00:00
[2024-09-17T18:32:37.766+0000] {processor.py:208} INFO - Processing /home/airflow/.local/lib/python3.12/site-packages/airflow/example_dags/example_inlet_event_extra.py took 0.177 seconds
