[2024-09-17T18:28:29.172+0000] {processor.py:186} INFO - Started process (PID=50) to work on /home/airflow/.local/lib/python3.12/site-packages/airflow/example_dags/example_branch_python_dop_operator_3.py
[2024-09-17T18:28:29.174+0000] {processor.py:914} INFO - Processing file /home/airflow/.local/lib/python3.12/site-packages/airflow/example_dags/example_branch_python_dop_operator_3.py for tasks to queue
[2024-09-17T18:28:29.176+0000] {logging_mixin.py:190} INFO - [2024-09-17T18:28:29.176+0000] {dagbag.py:587} INFO - Filling up the DagBag from /home/airflow/.local/lib/python3.12/site-packages/airflow/example_dags/example_branch_python_dop_operator_3.py
[2024-09-17T18:28:29.186+0000] {processor.py:925} INFO - DAG(s) 'example_branch_dop_operator_v3' retrieved from /home/airflow/.local/lib/python3.12/site-packages/airflow/example_dags/example_branch_python_dop_operator_3.py
[2024-09-17T18:28:29.255+0000] {logging_mixin.py:190} INFO - [2024-09-17T18:28:29.255+0000] {dag.py:3229} INFO - Sync 1 DAGs
[2024-09-17T18:28:29.275+0000] {logging_mixin.py:190} INFO - [2024-09-17T18:28:29.275+0000] {dag.py:4156} INFO - Setting next_dagrun for example_branch_dop_operator_v3 to 2024-09-17 18:27:00+00:00, run_after=2024-09-17 18:28:00+00:00
[2024-09-17T18:28:29.290+0000] {processor.py:208} INFO - Processing /home/airflow/.local/lib/python3.12/site-packages/airflow/example_dags/example_branch_python_dop_operator_3.py took 0.121 seconds
[2024-09-17T18:28:59.549+0000] {processor.py:186} INFO - Started process (PID=113) to work on /home/airflow/.local/lib/python3.12/site-packages/airflow/example_dags/example_branch_python_dop_operator_3.py
[2024-09-17T18:28:59.550+0000] {processor.py:914} INFO - Processing file /home/airflow/.local/lib/python3.12/site-packages/airflow/example_dags/example_branch_python_dop_operator_3.py for tasks to queue
[2024-09-17T18:28:59.551+0000] {logging_mixin.py:190} INFO - [2024-09-17T18:28:59.551+0000] {dagbag.py:587} INFO - Filling up the DagBag from /home/airflow/.local/lib/python3.12/site-packages/airflow/example_dags/example_branch_python_dop_operator_3.py
[2024-09-17T18:28:59.557+0000] {processor.py:925} INFO - DAG(s) 'example_branch_dop_operator_v3' retrieved from /home/airflow/.local/lib/python3.12/site-packages/airflow/example_dags/example_branch_python_dop_operator_3.py
[2024-09-17T18:28:59.571+0000] {logging_mixin.py:190} INFO - [2024-09-17T18:28:59.571+0000] {dag.py:3229} INFO - Sync 1 DAGs
[2024-09-17T18:28:59.585+0000] {logging_mixin.py:190} INFO - [2024-09-17T18:28:59.585+0000] {dag.py:4156} INFO - Setting next_dagrun for example_branch_dop_operator_v3 to 2024-09-17 18:27:00+00:00, run_after=2024-09-17 18:28:00+00:00
[2024-09-17T18:28:59.596+0000] {processor.py:208} INFO - Processing /home/airflow/.local/lib/python3.12/site-packages/airflow/example_dags/example_branch_python_dop_operator_3.py took 0.051 seconds
[2024-09-17T18:29:30.532+0000] {processor.py:186} INFO - Started process (PID=176) to work on /home/airflow/.local/lib/python3.12/site-packages/airflow/example_dags/example_branch_python_dop_operator_3.py
[2024-09-17T18:29:30.534+0000] {processor.py:914} INFO - Processing file /home/airflow/.local/lib/python3.12/site-packages/airflow/example_dags/example_branch_python_dop_operator_3.py for tasks to queue
[2024-09-17T18:29:30.535+0000] {logging_mixin.py:190} INFO - [2024-09-17T18:29:30.535+0000] {dagbag.py:587} INFO - Filling up the DagBag from /home/airflow/.local/lib/python3.12/site-packages/airflow/example_dags/example_branch_python_dop_operator_3.py
[2024-09-17T18:29:30.541+0000] {processor.py:925} INFO - DAG(s) 'example_branch_dop_operator_v3' retrieved from /home/airflow/.local/lib/python3.12/site-packages/airflow/example_dags/example_branch_python_dop_operator_3.py
[2024-09-17T18:29:30.551+0000] {logging_mixin.py:190} INFO - [2024-09-17T18:29:30.551+0000] {dag.py:3229} INFO - Sync 1 DAGs
[2024-09-17T18:29:30.565+0000] {logging_mixin.py:190} INFO - [2024-09-17T18:29:30.565+0000] {dag.py:4156} INFO - Setting next_dagrun for example_branch_dop_operator_v3 to 2024-09-17 18:28:00+00:00, run_after=2024-09-17 18:29:00+00:00
[2024-09-17T18:29:30.575+0000] {processor.py:208} INFO - Processing /home/airflow/.local/lib/python3.12/site-packages/airflow/example_dags/example_branch_python_dop_operator_3.py took 0.046 seconds
[2024-09-17T18:30:02.870+0000] {processor.py:186} INFO - Started process (PID=239) to work on /home/airflow/.local/lib/python3.12/site-packages/airflow/example_dags/example_branch_python_dop_operator_3.py
[2024-09-17T18:30:02.872+0000] {processor.py:914} INFO - Processing file /home/airflow/.local/lib/python3.12/site-packages/airflow/example_dags/example_branch_python_dop_operator_3.py for tasks to queue
[2024-09-17T18:30:02.874+0000] {logging_mixin.py:190} INFO - [2024-09-17T18:30:02.873+0000] {dagbag.py:587} INFO - Filling up the DagBag from /home/airflow/.local/lib/python3.12/site-packages/airflow/example_dags/example_branch_python_dop_operator_3.py
[2024-09-17T18:30:02.881+0000] {processor.py:925} INFO - DAG(s) 'example_branch_dop_operator_v3' retrieved from /home/airflow/.local/lib/python3.12/site-packages/airflow/example_dags/example_branch_python_dop_operator_3.py
[2024-09-17T18:30:02.894+0000] {logging_mixin.py:190} INFO - [2024-09-17T18:30:02.893+0000] {dag.py:3229} INFO - Sync 1 DAGs
[2024-09-17T18:30:02.907+0000] {logging_mixin.py:190} INFO - [2024-09-17T18:30:02.907+0000] {dag.py:4156} INFO - Setting next_dagrun for example_branch_dop_operator_v3 to 2024-09-17 18:29:00+00:00, run_after=2024-09-17 18:30:00+00:00
[2024-09-17T18:30:02.917+0000] {processor.py:208} INFO - Processing /home/airflow/.local/lib/python3.12/site-packages/airflow/example_dags/example_branch_python_dop_operator_3.py took 0.050 seconds
[2024-09-17T18:30:32.938+0000] {processor.py:186} INFO - Started process (PID=302) to work on /home/airflow/.local/lib/python3.12/site-packages/airflow/example_dags/example_branch_python_dop_operator_3.py
[2024-09-17T18:30:32.939+0000] {processor.py:914} INFO - Processing file /home/airflow/.local/lib/python3.12/site-packages/airflow/example_dags/example_branch_python_dop_operator_3.py for tasks to queue
[2024-09-17T18:30:32.941+0000] {logging_mixin.py:190} INFO - [2024-09-17T18:30:32.941+0000] {dagbag.py:587} INFO - Filling up the DagBag from /home/airflow/.local/lib/python3.12/site-packages/airflow/example_dags/example_branch_python_dop_operator_3.py
[2024-09-17T18:30:32.946+0000] {processor.py:925} INFO - DAG(s) 'example_branch_dop_operator_v3' retrieved from /home/airflow/.local/lib/python3.12/site-packages/airflow/example_dags/example_branch_python_dop_operator_3.py
[2024-09-17T18:30:32.957+0000] {logging_mixin.py:190} INFO - [2024-09-17T18:30:32.956+0000] {dag.py:3229} INFO - Sync 1 DAGs
[2024-09-17T18:30:32.969+0000] {logging_mixin.py:190} INFO - [2024-09-17T18:30:32.969+0000] {dag.py:4156} INFO - Setting next_dagrun for example_branch_dop_operator_v3 to 2024-09-17 18:29:00+00:00, run_after=2024-09-17 18:30:00+00:00
[2024-09-17T18:30:32.980+0000] {processor.py:208} INFO - Processing /home/airflow/.local/lib/python3.12/site-packages/airflow/example_dags/example_branch_python_dop_operator_3.py took 0.045 seconds
[2024-09-17T18:31:03.067+0000] {processor.py:186} INFO - Started process (PID=365) to work on /home/airflow/.local/lib/python3.12/site-packages/airflow/example_dags/example_branch_python_dop_operator_3.py
[2024-09-17T18:31:03.068+0000] {processor.py:914} INFO - Processing file /home/airflow/.local/lib/python3.12/site-packages/airflow/example_dags/example_branch_python_dop_operator_3.py for tasks to queue
[2024-09-17T18:31:03.070+0000] {logging_mixin.py:190} INFO - [2024-09-17T18:31:03.070+0000] {dagbag.py:587} INFO - Filling up the DagBag from /home/airflow/.local/lib/python3.12/site-packages/airflow/example_dags/example_branch_python_dop_operator_3.py
[2024-09-17T18:31:03.076+0000] {processor.py:925} INFO - DAG(s) 'example_branch_dop_operator_v3' retrieved from /home/airflow/.local/lib/python3.12/site-packages/airflow/example_dags/example_branch_python_dop_operator_3.py
[2024-09-17T18:31:03.088+0000] {logging_mixin.py:190} INFO - [2024-09-17T18:31:03.088+0000] {dag.py:3229} INFO - Sync 1 DAGs
[2024-09-17T18:31:03.103+0000] {logging_mixin.py:190} INFO - [2024-09-17T18:31:03.102+0000] {dag.py:4156} INFO - Setting next_dagrun for example_branch_dop_operator_v3 to 2024-09-17 18:30:00+00:00, run_after=2024-09-17 18:31:00+00:00
[2024-09-17T18:31:03.114+0000] {processor.py:208} INFO - Processing /home/airflow/.local/lib/python3.12/site-packages/airflow/example_dags/example_branch_python_dop_operator_3.py took 0.051 seconds
[2024-09-17T18:31:33.998+0000] {processor.py:186} INFO - Started process (PID=427) to work on /home/airflow/.local/lib/python3.12/site-packages/airflow/example_dags/example_branch_python_dop_operator_3.py
[2024-09-17T18:31:34.002+0000] {processor.py:914} INFO - Processing file /home/airflow/.local/lib/python3.12/site-packages/airflow/example_dags/example_branch_python_dop_operator_3.py for tasks to queue
[2024-09-17T18:31:34.006+0000] {logging_mixin.py:190} INFO - [2024-09-17T18:31:34.006+0000] {dagbag.py:587} INFO - Filling up the DagBag from /home/airflow/.local/lib/python3.12/site-packages/airflow/example_dags/example_branch_python_dop_operator_3.py
[2024-09-17T18:31:34.018+0000] {processor.py:925} INFO - DAG(s) 'example_branch_dop_operator_v3' retrieved from /home/airflow/.local/lib/python3.12/site-packages/airflow/example_dags/example_branch_python_dop_operator_3.py
[2024-09-17T18:31:34.134+0000] {logging_mixin.py:190} INFO - [2024-09-17T18:31:34.133+0000] {dag.py:3229} INFO - Sync 1 DAGs
[2024-09-17T18:31:34.233+0000] {logging_mixin.py:190} INFO - [2024-09-17T18:31:34.232+0000] {dag.py:4156} INFO - Setting next_dagrun for example_branch_dop_operator_v3 to 2024-09-17 18:30:00+00:00, run_after=2024-09-17 18:31:00+00:00
[2024-09-17T18:31:34.259+0000] {processor.py:208} INFO - Processing /home/airflow/.local/lib/python3.12/site-packages/airflow/example_dags/example_branch_python_dop_operator_3.py took 0.265 seconds
[2024-09-17T18:32:05.282+0000] {processor.py:186} INFO - Started process (PID=490) to work on /home/airflow/.local/lib/python3.12/site-packages/airflow/example_dags/example_branch_python_dop_operator_3.py
[2024-09-17T18:32:05.284+0000] {processor.py:914} INFO - Processing file /home/airflow/.local/lib/python3.12/site-packages/airflow/example_dags/example_branch_python_dop_operator_3.py for tasks to queue
[2024-09-17T18:32:05.287+0000] {logging_mixin.py:190} INFO - [2024-09-17T18:32:05.287+0000] {dagbag.py:587} INFO - Filling up the DagBag from /home/airflow/.local/lib/python3.12/site-packages/airflow/example_dags/example_branch_python_dop_operator_3.py
[2024-09-17T18:32:05.298+0000] {processor.py:925} INFO - DAG(s) 'example_branch_dop_operator_v3' retrieved from /home/airflow/.local/lib/python3.12/site-packages/airflow/example_dags/example_branch_python_dop_operator_3.py
[2024-09-17T18:32:05.313+0000] {logging_mixin.py:190} INFO - [2024-09-17T18:32:05.313+0000] {dag.py:3229} INFO - Sync 1 DAGs
[2024-09-17T18:32:05.329+0000] {logging_mixin.py:190} INFO - [2024-09-17T18:32:05.329+0000] {dag.py:4156} INFO - Setting next_dagrun for example_branch_dop_operator_v3 to 2024-09-17 18:31:00+00:00, run_after=2024-09-17 18:32:00+00:00
[2024-09-17T18:32:05.342+0000] {processor.py:208} INFO - Processing /home/airflow/.local/lib/python3.12/site-packages/airflow/example_dags/example_branch_python_dop_operator_3.py took 0.064 seconds
[2024-09-17T18:32:35.669+0000] {processor.py:186} INFO - Started process (PID=553) to work on /home/airflow/.local/lib/python3.12/site-packages/airflow/example_dags/example_branch_python_dop_operator_3.py
[2024-09-17T18:32:35.670+0000] {processor.py:914} INFO - Processing file /home/airflow/.local/lib/python3.12/site-packages/airflow/example_dags/example_branch_python_dop_operator_3.py for tasks to queue
[2024-09-17T18:32:35.672+0000] {logging_mixin.py:190} INFO - [2024-09-17T18:32:35.672+0000] {dagbag.py:587} INFO - Filling up the DagBag from /home/airflow/.local/lib/python3.12/site-packages/airflow/example_dags/example_branch_python_dop_operator_3.py
[2024-09-17T18:32:35.678+0000] {processor.py:925} INFO - DAG(s) 'example_branch_dop_operator_v3' retrieved from /home/airflow/.local/lib/python3.12/site-packages/airflow/example_dags/example_branch_python_dop_operator_3.py
[2024-09-17T18:32:35.691+0000] {logging_mixin.py:190} INFO - [2024-09-17T18:32:35.691+0000] {dag.py:3229} INFO - Sync 1 DAGs
[2024-09-17T18:32:35.706+0000] {logging_mixin.py:190} INFO - [2024-09-17T18:32:35.706+0000] {dag.py:4156} INFO - Setting next_dagrun for example_branch_dop_operator_v3 to 2024-09-17 18:31:00+00:00, run_after=2024-09-17 18:32:00+00:00
[2024-09-17T18:32:35.716+0000] {processor.py:208} INFO - Processing /home/airflow/.local/lib/python3.12/site-packages/airflow/example_dags/example_branch_python_dop_operator_3.py took 0.050 seconds
