[2024-09-17T18:28:30.519+0000] {processor.py:186} INFO - Started process (PID=66) to work on /home/airflow/.local/lib/python3.12/site-packages/airflow/example_dags/tutorial.py
[2024-09-17T18:28:30.520+0000] {processor.py:914} INFO - Processing file /home/airflow/.local/lib/python3.12/site-packages/airflow/example_dags/tutorial.py for tasks to queue
[2024-09-17T18:28:30.522+0000] {logging_mixin.py:190} INFO - [2024-09-17T18:28:30.522+0000] {dagbag.py:587} INFO - Filling up the DagBag from /home/airflow/.local/lib/python3.12/site-packages/airflow/example_dags/tutorial.py
[2024-09-17T18:28:30.529+0000] {processor.py:925} INFO - DAG(s) 'tutorial' retrieved from /home/airflow/.local/lib/python3.12/site-packages/airflow/example_dags/tutorial.py
[2024-09-17T18:28:30.593+0000] {logging_mixin.py:190} INFO - [2024-09-17T18:28:30.593+0000] {dag.py:3229} INFO - Sync 1 DAGs
[2024-09-17T18:28:30.607+0000] {logging_mixin.py:190} INFO - [2024-09-17T18:28:30.607+0000] {dag.py:4156} INFO - Setting next_dagrun for tutorial to 2024-09-16 00:00:00+00:00, run_after=2024-09-17 00:00:00+00:00
[2024-09-17T18:28:30.622+0000] {processor.py:208} INFO - Processing /home/airflow/.local/lib/python3.12/site-packages/airflow/example_dags/tutorial.py took 0.107 seconds
[2024-09-17T18:29:01.230+0000] {processor.py:186} INFO - Started process (PID=129) to work on /home/airflow/.local/lib/python3.12/site-packages/airflow/example_dags/tutorial.py
[2024-09-17T18:29:01.232+0000] {processor.py:914} INFO - Processing file /home/airflow/.local/lib/python3.12/site-packages/airflow/example_dags/tutorial.py for tasks to queue
[2024-09-17T18:29:01.234+0000] {logging_mixin.py:190} INFO - [2024-09-17T18:29:01.234+0000] {dagbag.py:587} INFO - Filling up the DagBag from /home/airflow/.local/lib/python3.12/site-packages/airflow/example_dags/tutorial.py
[2024-09-17T18:29:01.239+0000] {processor.py:925} INFO - DAG(s) 'tutorial' retrieved from /home/airflow/.local/lib/python3.12/site-packages/airflow/example_dags/tutorial.py
[2024-09-17T18:29:01.251+0000] {logging_mixin.py:190} INFO - [2024-09-17T18:29:01.251+0000] {dag.py:3229} INFO - Sync 1 DAGs
[2024-09-17T18:29:01.265+0000] {logging_mixin.py:190} INFO - [2024-09-17T18:29:01.265+0000] {dag.py:4156} INFO - Setting next_dagrun for tutorial to 2024-09-16 00:00:00+00:00, run_after=2024-09-17 00:00:00+00:00
[2024-09-17T18:29:01.276+0000] {processor.py:208} INFO - Processing /home/airflow/.local/lib/python3.12/site-packages/airflow/example_dags/tutorial.py took 0.050 seconds
[2024-09-17T18:29:32.641+0000] {processor.py:186} INFO - Started process (PID=192) to work on /home/airflow/.local/lib/python3.12/site-packages/airflow/example_dags/tutorial.py
[2024-09-17T18:29:32.644+0000] {processor.py:914} INFO - Processing file /home/airflow/.local/lib/python3.12/site-packages/airflow/example_dags/tutorial.py for tasks to queue
[2024-09-17T18:29:32.646+0000] {logging_mixin.py:190} INFO - [2024-09-17T18:29:32.646+0000] {dagbag.py:587} INFO - Filling up the DagBag from /home/airflow/.local/lib/python3.12/site-packages/airflow/example_dags/tutorial.py
[2024-09-17T18:29:32.653+0000] {processor.py:925} INFO - DAG(s) 'tutorial' retrieved from /home/airflow/.local/lib/python3.12/site-packages/airflow/example_dags/tutorial.py
[2024-09-17T18:29:32.672+0000] {logging_mixin.py:190} INFO - [2024-09-17T18:29:32.672+0000] {dag.py:3229} INFO - Sync 1 DAGs
[2024-09-17T18:29:32.699+0000] {logging_mixin.py:190} INFO - [2024-09-17T18:29:32.699+0000] {dag.py:4156} INFO - Setting next_dagrun for tutorial to 2024-09-16 00:00:00+00:00, run_after=2024-09-17 00:00:00+00:00
[2024-09-17T18:29:32.710+0000] {processor.py:208} INFO - Processing /home/airflow/.local/lib/python3.12/site-packages/airflow/example_dags/tutorial.py took 0.073 seconds
[2024-09-17T18:30:03.575+0000] {processor.py:186} INFO - Started process (PID=255) to work on /home/airflow/.local/lib/python3.12/site-packages/airflow/example_dags/tutorial.py
[2024-09-17T18:30:03.576+0000] {processor.py:914} INFO - Processing file /home/airflow/.local/lib/python3.12/site-packages/airflow/example_dags/tutorial.py for tasks to queue
[2024-09-17T18:30:03.578+0000] {logging_mixin.py:190} INFO - [2024-09-17T18:30:03.578+0000] {dagbag.py:587} INFO - Filling up the DagBag from /home/airflow/.local/lib/python3.12/site-packages/airflow/example_dags/tutorial.py
[2024-09-17T18:30:03.584+0000] {processor.py:925} INFO - DAG(s) 'tutorial' retrieved from /home/airflow/.local/lib/python3.12/site-packages/airflow/example_dags/tutorial.py
[2024-09-17T18:30:03.601+0000] {logging_mixin.py:190} INFO - [2024-09-17T18:30:03.600+0000] {dag.py:3229} INFO - Sync 1 DAGs
[2024-09-17T18:30:03.622+0000] {logging_mixin.py:190} INFO - [2024-09-17T18:30:03.622+0000] {dag.py:4156} INFO - Setting next_dagrun for tutorial to 2024-09-16 00:00:00+00:00, run_after=2024-09-17 00:00:00+00:00
[2024-09-17T18:30:03.639+0000] {processor.py:208} INFO - Processing /home/airflow/.local/lib/python3.12/site-packages/airflow/example_dags/tutorial.py took 0.068 seconds
[2024-09-17T18:30:33.663+0000] {processor.py:186} INFO - Started process (PID=318) to work on /home/airflow/.local/lib/python3.12/site-packages/airflow/example_dags/tutorial.py
[2024-09-17T18:30:33.664+0000] {processor.py:914} INFO - Processing file /home/airflow/.local/lib/python3.12/site-packages/airflow/example_dags/tutorial.py for tasks to queue
[2024-09-17T18:30:33.665+0000] {logging_mixin.py:190} INFO - [2024-09-17T18:30:33.665+0000] {dagbag.py:587} INFO - Filling up the DagBag from /home/airflow/.local/lib/python3.12/site-packages/airflow/example_dags/tutorial.py
[2024-09-17T18:30:33.670+0000] {processor.py:925} INFO - DAG(s) 'tutorial' retrieved from /home/airflow/.local/lib/python3.12/site-packages/airflow/example_dags/tutorial.py
[2024-09-17T18:30:33.680+0000] {logging_mixin.py:190} INFO - [2024-09-17T18:30:33.680+0000] {dag.py:3229} INFO - Sync 1 DAGs
[2024-09-17T18:30:33.691+0000] {logging_mixin.py:190} INFO - [2024-09-17T18:30:33.691+0000] {dag.py:4156} INFO - Setting next_dagrun for tutorial to 2024-09-16 00:00:00+00:00, run_after=2024-09-17 00:00:00+00:00
[2024-09-17T18:30:33.700+0000] {processor.py:208} INFO - Processing /home/airflow/.local/lib/python3.12/site-packages/airflow/example_dags/tutorial.py took 0.041 seconds
[2024-09-17T18:31:04.694+0000] {processor.py:186} INFO - Started process (PID=381) to work on /home/airflow/.local/lib/python3.12/site-packages/airflow/example_dags/tutorial.py
[2024-09-17T18:31:04.696+0000] {processor.py:914} INFO - Processing file /home/airflow/.local/lib/python3.12/site-packages/airflow/example_dags/tutorial.py for tasks to queue
[2024-09-17T18:31:04.697+0000] {logging_mixin.py:190} INFO - [2024-09-17T18:31:04.697+0000] {dagbag.py:587} INFO - Filling up the DagBag from /home/airflow/.local/lib/python3.12/site-packages/airflow/example_dags/tutorial.py
[2024-09-17T18:31:04.702+0000] {processor.py:925} INFO - DAG(s) 'tutorial' retrieved from /home/airflow/.local/lib/python3.12/site-packages/airflow/example_dags/tutorial.py
[2024-09-17T18:31:04.713+0000] {logging_mixin.py:190} INFO - [2024-09-17T18:31:04.713+0000] {dag.py:3229} INFO - Sync 1 DAGs
[2024-09-17T18:31:04.726+0000] {logging_mixin.py:190} INFO - [2024-09-17T18:31:04.726+0000] {dag.py:4156} INFO - Setting next_dagrun for tutorial to 2024-09-16 00:00:00+00:00, run_after=2024-09-17 00:00:00+00:00
[2024-09-17T18:31:04.737+0000] {processor.py:208} INFO - Processing /home/airflow/.local/lib/python3.12/site-packages/airflow/example_dags/tutorial.py took 0.046 seconds
[2024-09-17T18:31:35.002+0000] {processor.py:186} INFO - Started process (PID=443) to work on /home/airflow/.local/lib/python3.12/site-packages/airflow/example_dags/tutorial.py
[2024-09-17T18:31:35.003+0000] {processor.py:914} INFO - Processing file /home/airflow/.local/lib/python3.12/site-packages/airflow/example_dags/tutorial.py for tasks to queue
[2024-09-17T18:31:35.005+0000] {logging_mixin.py:190} INFO - [2024-09-17T18:31:35.005+0000] {dagbag.py:587} INFO - Filling up the DagBag from /home/airflow/.local/lib/python3.12/site-packages/airflow/example_dags/tutorial.py
[2024-09-17T18:31:35.010+0000] {processor.py:925} INFO - DAG(s) 'tutorial' retrieved from /home/airflow/.local/lib/python3.12/site-packages/airflow/example_dags/tutorial.py
[2024-09-17T18:31:35.024+0000] {logging_mixin.py:190} INFO - [2024-09-17T18:31:35.023+0000] {dag.py:3229} INFO - Sync 1 DAGs
[2024-09-17T18:31:35.035+0000] {logging_mixin.py:190} INFO - [2024-09-17T18:31:35.035+0000] {dag.py:4156} INFO - Setting next_dagrun for tutorial to 2024-09-16 00:00:00+00:00, run_after=2024-09-17 00:00:00+00:00
[2024-09-17T18:31:35.045+0000] {processor.py:208} INFO - Processing /home/airflow/.local/lib/python3.12/site-packages/airflow/example_dags/tutorial.py took 0.046 seconds
[2024-09-17T18:32:06.200+0000] {processor.py:186} INFO - Started process (PID=506) to work on /home/airflow/.local/lib/python3.12/site-packages/airflow/example_dags/tutorial.py
[2024-09-17T18:32:06.203+0000] {processor.py:914} INFO - Processing file /home/airflow/.local/lib/python3.12/site-packages/airflow/example_dags/tutorial.py for tasks to queue
[2024-09-17T18:32:06.207+0000] {logging_mixin.py:190} INFO - [2024-09-17T18:32:06.206+0000] {dagbag.py:587} INFO - Filling up the DagBag from /home/airflow/.local/lib/python3.12/site-packages/airflow/example_dags/tutorial.py
[2024-09-17T18:32:06.219+0000] {processor.py:925} INFO - DAG(s) 'tutorial' retrieved from /home/airflow/.local/lib/python3.12/site-packages/airflow/example_dags/tutorial.py
[2024-09-17T18:32:06.234+0000] {logging_mixin.py:190} INFO - [2024-09-17T18:32:06.234+0000] {dag.py:3229} INFO - Sync 1 DAGs
[2024-09-17T18:32:06.249+0000] {logging_mixin.py:190} INFO - [2024-09-17T18:32:06.249+0000] {dag.py:4156} INFO - Setting next_dagrun for tutorial to 2024-09-16 00:00:00+00:00, run_after=2024-09-17 00:00:00+00:00
[2024-09-17T18:32:06.259+0000] {processor.py:208} INFO - Processing /home/airflow/.local/lib/python3.12/site-packages/airflow/example_dags/tutorial.py took 0.062 seconds
[2024-09-17T18:32:36.458+0000] {processor.py:186} INFO - Started process (PID=569) to work on /home/airflow/.local/lib/python3.12/site-packages/airflow/example_dags/tutorial.py
[2024-09-17T18:32:36.459+0000] {processor.py:914} INFO - Processing file /home/airflow/.local/lib/python3.12/site-packages/airflow/example_dags/tutorial.py for tasks to queue
[2024-09-17T18:32:36.461+0000] {logging_mixin.py:190} INFO - [2024-09-17T18:32:36.461+0000] {dagbag.py:587} INFO - Filling up the DagBag from /home/airflow/.local/lib/python3.12/site-packages/airflow/example_dags/tutorial.py
[2024-09-17T18:32:36.467+0000] {processor.py:925} INFO - DAG(s) 'tutorial' retrieved from /home/airflow/.local/lib/python3.12/site-packages/airflow/example_dags/tutorial.py
[2024-09-17T18:32:36.479+0000] {logging_mixin.py:190} INFO - [2024-09-17T18:32:36.479+0000] {dag.py:3229} INFO - Sync 1 DAGs
[2024-09-17T18:32:36.493+0000] {logging_mixin.py:190} INFO - [2024-09-17T18:32:36.493+0000] {dag.py:4156} INFO - Setting next_dagrun for tutorial to 2024-09-16 00:00:00+00:00, run_after=2024-09-17 00:00:00+00:00
[2024-09-17T18:32:36.505+0000] {processor.py:208} INFO - Processing /home/airflow/.local/lib/python3.12/site-packages/airflow/example_dags/tutorial.py took 0.053 seconds
