[2024-09-17T18:28:30.653+0000] {processor.py:186} INFO - Started process (PID=68) to work on /home/airflow/.local/lib/python3.12/site-packages/airflow/example_dags/tutorial_objectstorage.py
[2024-09-17T18:28:30.655+0000] {processor.py:914} INFO - Processing file /home/airflow/.local/lib/python3.12/site-packages/airflow/example_dags/tutorial_objectstorage.py for tasks to queue
[2024-09-17T18:28:30.658+0000] {logging_mixin.py:190} INFO - [2024-09-17T18:28:30.657+0000] {dagbag.py:587} INFO - Filling up the DagBag from /home/airflow/.local/lib/python3.12/site-packages/airflow/example_dags/tutorial_objectstorage.py
[2024-09-17T18:28:30.666+0000] {processor.py:925} INFO - DAG(s) 'tutorial_objectstorage' retrieved from /home/airflow/.local/lib/python3.12/site-packages/airflow/example_dags/tutorial_objectstorage.py
[2024-09-17T18:28:30.756+0000] {logging_mixin.py:190} INFO - [2024-09-17T18:28:30.756+0000] {dag.py:3229} INFO - Sync 1 DAGs
[2024-09-17T18:28:30.767+0000] {logging_mixin.py:190} INFO - [2024-09-17T18:28:30.767+0000] {dag.py:4156} INFO - Setting next_dagrun for tutorial_objectstorage to None, run_after=None
[2024-09-17T18:28:30.782+0000] {processor.py:208} INFO - Processing /home/airflow/.local/lib/python3.12/site-packages/airflow/example_dags/tutorial_objectstorage.py took 0.136 seconds
[2024-09-17T18:29:01.278+0000] {processor.py:186} INFO - Started process (PID=130) to work on /home/airflow/.local/lib/python3.12/site-packages/airflow/example_dags/tutorial_objectstorage.py
[2024-09-17T18:29:01.279+0000] {processor.py:914} INFO - Processing file /home/airflow/.local/lib/python3.12/site-packages/airflow/example_dags/tutorial_objectstorage.py for tasks to queue
[2024-09-17T18:29:01.281+0000] {logging_mixin.py:190} INFO - [2024-09-17T18:29:01.281+0000] {dagbag.py:587} INFO - Filling up the DagBag from /home/airflow/.local/lib/python3.12/site-packages/airflow/example_dags/tutorial_objectstorage.py
[2024-09-17T18:29:01.287+0000] {processor.py:925} INFO - DAG(s) 'tutorial_objectstorage' retrieved from /home/airflow/.local/lib/python3.12/site-packages/airflow/example_dags/tutorial_objectstorage.py
[2024-09-17T18:29:01.298+0000] {logging_mixin.py:190} INFO - [2024-09-17T18:29:01.298+0000] {dag.py:3229} INFO - Sync 1 DAGs
[2024-09-17T18:29:01.307+0000] {logging_mixin.py:190} INFO - [2024-09-17T18:29:01.307+0000] {dag.py:4156} INFO - Setting next_dagrun for tutorial_objectstorage to None, run_after=None
[2024-09-17T18:29:01.319+0000] {processor.py:208} INFO - Processing /home/airflow/.local/lib/python3.12/site-packages/airflow/example_dags/tutorial_objectstorage.py took 0.044 seconds
[2024-09-17T18:29:32.731+0000] {processor.py:186} INFO - Started process (PID=194) to work on /home/airflow/.local/lib/python3.12/site-packages/airflow/example_dags/tutorial_objectstorage.py
[2024-09-17T18:29:32.732+0000] {processor.py:914} INFO - Processing file /home/airflow/.local/lib/python3.12/site-packages/airflow/example_dags/tutorial_objectstorage.py for tasks to queue
[2024-09-17T18:29:32.734+0000] {logging_mixin.py:190} INFO - [2024-09-17T18:29:32.734+0000] {dagbag.py:587} INFO - Filling up the DagBag from /home/airflow/.local/lib/python3.12/site-packages/airflow/example_dags/tutorial_objectstorage.py
[2024-09-17T18:29:32.741+0000] {processor.py:925} INFO - DAG(s) 'tutorial_objectstorage' retrieved from /home/airflow/.local/lib/python3.12/site-packages/airflow/example_dags/tutorial_objectstorage.py
[2024-09-17T18:29:32.758+0000] {logging_mixin.py:190} INFO - [2024-09-17T18:29:32.758+0000] {dag.py:3229} INFO - Sync 1 DAGs
[2024-09-17T18:29:32.771+0000] {logging_mixin.py:190} INFO - [2024-09-17T18:29:32.770+0000] {dag.py:4156} INFO - Setting next_dagrun for tutorial_objectstorage to None, run_after=None
[2024-09-17T18:29:32.782+0000] {processor.py:208} INFO - Processing /home/airflow/.local/lib/python3.12/site-packages/airflow/example_dags/tutorial_objectstorage.py took 0.055 seconds
[2024-09-17T18:30:03.662+0000] {processor.py:186} INFO - Started process (PID=257) to work on /home/airflow/.local/lib/python3.12/site-packages/airflow/example_dags/tutorial_objectstorage.py
[2024-09-17T18:30:03.664+0000] {processor.py:914} INFO - Processing file /home/airflow/.local/lib/python3.12/site-packages/airflow/example_dags/tutorial_objectstorage.py for tasks to queue
[2024-09-17T18:30:03.666+0000] {logging_mixin.py:190} INFO - [2024-09-17T18:30:03.665+0000] {dagbag.py:587} INFO - Filling up the DagBag from /home/airflow/.local/lib/python3.12/site-packages/airflow/example_dags/tutorial_objectstorage.py
[2024-09-17T18:30:03.671+0000] {processor.py:925} INFO - DAG(s) 'tutorial_objectstorage' retrieved from /home/airflow/.local/lib/python3.12/site-packages/airflow/example_dags/tutorial_objectstorage.py
[2024-09-17T18:30:03.683+0000] {logging_mixin.py:190} INFO - [2024-09-17T18:30:03.683+0000] {dag.py:3229} INFO - Sync 1 DAGs
[2024-09-17T18:30:03.692+0000] {logging_mixin.py:190} INFO - [2024-09-17T18:30:03.692+0000] {dag.py:4156} INFO - Setting next_dagrun for tutorial_objectstorage to None, run_after=None
[2024-09-17T18:30:03.704+0000] {processor.py:208} INFO - Processing /home/airflow/.local/lib/python3.12/site-packages/airflow/example_dags/tutorial_objectstorage.py took 0.046 seconds
[2024-09-17T18:30:34.722+0000] {processor.py:186} INFO - Started process (PID=320) to work on /home/airflow/.local/lib/python3.12/site-packages/airflow/example_dags/tutorial_objectstorage.py
[2024-09-17T18:30:34.724+0000] {processor.py:914} INFO - Processing file /home/airflow/.local/lib/python3.12/site-packages/airflow/example_dags/tutorial_objectstorage.py for tasks to queue
[2024-09-17T18:30:34.727+0000] {logging_mixin.py:190} INFO - [2024-09-17T18:30:34.727+0000] {dagbag.py:587} INFO - Filling up the DagBag from /home/airflow/.local/lib/python3.12/site-packages/airflow/example_dags/tutorial_objectstorage.py
[2024-09-17T18:30:34.736+0000] {processor.py:925} INFO - DAG(s) 'tutorial_objectstorage' retrieved from /home/airflow/.local/lib/python3.12/site-packages/airflow/example_dags/tutorial_objectstorage.py
[2024-09-17T18:30:34.752+0000] {logging_mixin.py:190} INFO - [2024-09-17T18:30:34.752+0000] {dag.py:3229} INFO - Sync 1 DAGs
[2024-09-17T18:30:34.761+0000] {logging_mixin.py:190} INFO - [2024-09-17T18:30:34.760+0000] {dag.py:4156} INFO - Setting next_dagrun for tutorial_objectstorage to None, run_after=None
[2024-09-17T18:30:34.771+0000] {processor.py:208} INFO - Processing /home/airflow/.local/lib/python3.12/site-packages/airflow/example_dags/tutorial_objectstorage.py took 0.058 seconds
[2024-09-17T18:31:05.771+0000] {processor.py:186} INFO - Started process (PID=383) to work on /home/airflow/.local/lib/python3.12/site-packages/airflow/example_dags/tutorial_objectstorage.py
[2024-09-17T18:31:05.773+0000] {processor.py:914} INFO - Processing file /home/airflow/.local/lib/python3.12/site-packages/airflow/example_dags/tutorial_objectstorage.py for tasks to queue
[2024-09-17T18:31:05.776+0000] {logging_mixin.py:190} INFO - [2024-09-17T18:31:05.775+0000] {dagbag.py:587} INFO - Filling up the DagBag from /home/airflow/.local/lib/python3.12/site-packages/airflow/example_dags/tutorial_objectstorage.py
[2024-09-17T18:31:05.784+0000] {processor.py:925} INFO - DAG(s) 'tutorial_objectstorage' retrieved from /home/airflow/.local/lib/python3.12/site-packages/airflow/example_dags/tutorial_objectstorage.py
[2024-09-17T18:31:05.798+0000] {logging_mixin.py:190} INFO - [2024-09-17T18:31:05.798+0000] {dag.py:3229} INFO - Sync 1 DAGs
[2024-09-17T18:31:05.807+0000] {logging_mixin.py:190} INFO - [2024-09-17T18:31:05.807+0000] {dag.py:4156} INFO - Setting next_dagrun for tutorial_objectstorage to None, run_after=None
[2024-09-17T18:31:05.817+0000] {processor.py:208} INFO - Processing /home/airflow/.local/lib/python3.12/site-packages/airflow/example_dags/tutorial_objectstorage.py took 0.051 seconds
[2024-09-17T18:31:36.052+0000] {processor.py:186} INFO - Started process (PID=445) to work on /home/airflow/.local/lib/python3.12/site-packages/airflow/example_dags/tutorial_objectstorage.py
[2024-09-17T18:31:36.054+0000] {processor.py:914} INFO - Processing file /home/airflow/.local/lib/python3.12/site-packages/airflow/example_dags/tutorial_objectstorage.py for tasks to queue
[2024-09-17T18:31:36.058+0000] {logging_mixin.py:190} INFO - [2024-09-17T18:31:36.057+0000] {dagbag.py:587} INFO - Filling up the DagBag from /home/airflow/.local/lib/python3.12/site-packages/airflow/example_dags/tutorial_objectstorage.py
[2024-09-17T18:31:36.066+0000] {processor.py:925} INFO - DAG(s) 'tutorial_objectstorage' retrieved from /home/airflow/.local/lib/python3.12/site-packages/airflow/example_dags/tutorial_objectstorage.py
[2024-09-17T18:31:36.082+0000] {logging_mixin.py:190} INFO - [2024-09-17T18:31:36.082+0000] {dag.py:3229} INFO - Sync 1 DAGs
[2024-09-17T18:31:36.091+0000] {logging_mixin.py:190} INFO - [2024-09-17T18:31:36.091+0000] {dag.py:4156} INFO - Setting next_dagrun for tutorial_objectstorage to None, run_after=None
[2024-09-17T18:31:36.102+0000] {processor.py:208} INFO - Processing /home/airflow/.local/lib/python3.12/site-packages/airflow/example_dags/tutorial_objectstorage.py took 0.056 seconds
[2024-09-17T18:32:06.255+0000] {processor.py:186} INFO - Started process (PID=507) to work on /home/airflow/.local/lib/python3.12/site-packages/airflow/example_dags/tutorial_objectstorage.py
[2024-09-17T18:32:06.261+0000] {processor.py:914} INFO - Processing file /home/airflow/.local/lib/python3.12/site-packages/airflow/example_dags/tutorial_objectstorage.py for tasks to queue
[2024-09-17T18:32:06.263+0000] {logging_mixin.py:190} INFO - [2024-09-17T18:32:06.263+0000] {dagbag.py:587} INFO - Filling up the DagBag from /home/airflow/.local/lib/python3.12/site-packages/airflow/example_dags/tutorial_objectstorage.py
[2024-09-17T18:32:06.269+0000] {processor.py:925} INFO - DAG(s) 'tutorial_objectstorage' retrieved from /home/airflow/.local/lib/python3.12/site-packages/airflow/example_dags/tutorial_objectstorage.py
[2024-09-17T18:32:06.280+0000] {logging_mixin.py:190} INFO - [2024-09-17T18:32:06.280+0000] {dag.py:3229} INFO - Sync 1 DAGs
[2024-09-17T18:32:06.288+0000] {logging_mixin.py:190} INFO - [2024-09-17T18:32:06.288+0000] {dag.py:4156} INFO - Setting next_dagrun for tutorial_objectstorage to None, run_after=None
[2024-09-17T18:32:06.298+0000] {processor.py:208} INFO - Processing /home/airflow/.local/lib/python3.12/site-packages/airflow/example_dags/tutorial_objectstorage.py took 0.047 seconds
[2024-09-17T18:32:36.463+0000] {processor.py:186} INFO - Started process (PID=570) to work on /home/airflow/.local/lib/python3.12/site-packages/airflow/example_dags/tutorial_objectstorage.py
[2024-09-17T18:32:36.465+0000] {processor.py:914} INFO - Processing file /home/airflow/.local/lib/python3.12/site-packages/airflow/example_dags/tutorial_objectstorage.py for tasks to queue
[2024-09-17T18:32:36.467+0000] {logging_mixin.py:190} INFO - [2024-09-17T18:32:36.467+0000] {dagbag.py:587} INFO - Filling up the DagBag from /home/airflow/.local/lib/python3.12/site-packages/airflow/example_dags/tutorial_objectstorage.py
[2024-09-17T18:32:36.473+0000] {processor.py:925} INFO - DAG(s) 'tutorial_objectstorage' retrieved from /home/airflow/.local/lib/python3.12/site-packages/airflow/example_dags/tutorial_objectstorage.py
[2024-09-17T18:32:36.485+0000] {logging_mixin.py:190} INFO - [2024-09-17T18:32:36.485+0000] {dag.py:3229} INFO - Sync 1 DAGs
[2024-09-17T18:32:36.493+0000] {logging_mixin.py:190} INFO - [2024-09-17T18:32:36.493+0000] {dag.py:4156} INFO - Setting next_dagrun for tutorial_objectstorage to None, run_after=None
[2024-09-17T18:32:36.505+0000] {processor.py:208} INFO - Processing /home/airflow/.local/lib/python3.12/site-packages/airflow/example_dags/tutorial_objectstorage.py took 0.045 seconds
