[2024-09-22T12:35:32.486+0000] {local_task_job_runner.py:123} INFO - ::group::Pre task execution logs
[2024-09-22T12:35:32.511+0000] {taskinstance.py:2612} INFO - Dependencies all met for dep_context=non-requeueable deps ti=<TaskInstance: etl_dag.load manual__2024-09-22T12:35:24.267036+00:00 [queued]>
[2024-09-22T12:35:32.520+0000] {taskinstance.py:2612} INFO - Dependencies all met for dep_context=requeueable deps ti=<TaskInstance: etl_dag.load manual__2024-09-22T12:35:24.267036+00:00 [queued]>
[2024-09-22T12:35:32.521+0000] {taskinstance.py:2865} INFO - Starting attempt 1 of 2
[2024-09-22T12:35:32.531+0000] {taskinstance.py:2888} INFO - Executing <Task(_PythonDecoratedOperator): load> on 2024-09-22 12:35:24.267036+00:00
[2024-09-22T12:35:32.542+0000] {warnings.py:112} WARNING - /home/***/.local/lib/python3.12/site-packages/***/task/task_runner/standard_task_runner.py:70: DeprecationWarning: This process (pid=2615) is multi-threaded, use of fork() may lead to deadlocks in the child.
  pid = os.fork()

[2024-09-22T12:35:32.543+0000] {standard_task_runner.py:72} INFO - Started process 2616 to run task
[2024-09-22T12:35:32.544+0000] {standard_task_runner.py:104} INFO - Running: ['***', 'tasks', 'run', 'etl_dag', 'load', 'manual__2024-09-22T12:35:24.267036+00:00', '--job-id', '795', '--raw', '--subdir', 'DAGS_FOLDER/etl_dag.py', '--cfg-path', '/tmp/tmp4q1czf7o']
[2024-09-22T12:35:32.545+0000] {standard_task_runner.py:105} INFO - Job 795: Subtask load
[2024-09-22T12:35:32.604+0000] {task_command.py:467} INFO - Running <TaskInstance: etl_dag.load manual__2024-09-22T12:35:24.267036+00:00 [running]> on host 6e2558f7c62d
[2024-09-22T12:35:32.675+0000] {taskinstance.py:3131} INFO - Exporting env vars: AIRFLOW_CTX_DAG_OWNER='***' AIRFLOW_CTX_DAG_ID='etl_dag' AIRFLOW_CTX_TASK_ID='load' AIRFLOW_CTX_EXECUTION_DATE='2024-09-22T12:35:24.267036+00:00' AIRFLOW_CTX_TRY_NUMBER='1' AIRFLOW_CTX_DAG_RUN_ID='manual__2024-09-22T12:35:24.267036+00:00'
[2024-09-22T12:35:32.677+0000] {taskinstance.py:731} INFO - ::endgroup::
[2024-09-22T12:35:32.714+0000] {logging_mixin.py:190} INFO - db ok
[2024-09-22T12:35:32.715+0000] {logging_mixin.py:190} INFO - {'cust_id': 'E69d0F519821Cd6', 'name': 'Cheryl Grimes DDS', 'sex': 'Male', 'age': 58, 'address': '7645 Manning Plains', 'phone': '001-672-990-0585x2470', 'job': 'Radio broadcast assistant'}
[2024-09-22T12:35:32.716+0000] {logging_mixin.py:190} INFO - {'cust_id': 'baEfB3Fcf2cd540', 'name': 'Adrienne Arellano', 'sex': 'Female', 'age': 61, 'address': '570 Manuel Mountain Apt. 968', 'phone': '335-777-8757x15881', 'job': 'Conservation officer, historic buildings'}
[2024-09-22T12:35:32.726+0000] {python.py:240} INFO - Done. Returned value was: None
[2024-09-22T12:35:32.735+0000] {taskinstance.py:340} INFO - ::group::Post task execution logs
[2024-09-22T12:35:32.736+0000] {taskinstance.py:352} INFO - Marking task as SUCCESS. dag_id=etl_dag, task_id=load, run_id=manual__2024-09-22T12:35:24.267036+00:00, execution_date=20240922T123524, start_date=20240922T123532, end_date=20240922T123532
[2024-09-22T12:35:32.766+0000] {local_task_job_runner.py:266} INFO - Task exited with return code 0
[2024-09-22T12:35:32.785+0000] {taskinstance.py:3900} INFO - 0 downstream tasks scheduled from follow-on schedule check
[2024-09-22T12:35:32.788+0000] {local_task_job_runner.py:245} INFO - ::endgroup::
