[2024-09-17T19:00:18.579+0000] {local_task_job_runner.py:123} INFO - ::group::Pre task execution logs
[2024-09-17T19:00:18.588+0000] {taskinstance.py:2612} INFO - Dependencies all met for dep_context=non-requeueable deps ti=<TaskInstance: first_dag.second_task manual__2024-09-17T19:00:16.471880+00:00 [queued]>
[2024-09-17T19:00:18.593+0000] {taskinstance.py:2612} INFO - Dependencies all met for dep_context=requeueable deps ti=<TaskInstance: first_dag.second_task manual__2024-09-17T19:00:16.471880+00:00 [queued]>
[2024-09-17T19:00:18.594+0000] {taskinstance.py:2865} INFO - Starting attempt 1 of 6
[2024-09-17T19:00:18.602+0000] {taskinstance.py:2888} INFO - Executing <Task(BashOperator): second_task> on 2024-09-17 19:00:16.471880+00:00
[2024-09-17T19:00:18.606+0000] {warnings.py:112} WARNING - /home/***/.local/lib/python3.12/site-packages/***/task/task_runner/standard_task_runner.py:70: DeprecationWarning: This process (pid=408) is multi-threaded, use of fork() may lead to deadlocks in the child.
  pid = os.fork()

[2024-09-17T19:00:18.607+0000] {standard_task_runner.py:104} INFO - Running: ['***', 'tasks', 'run', 'first_dag', 'second_task', 'manual__2024-09-17T19:00:16.471880+00:00', '--job-id', '47', '--raw', '--subdir', 'DAGS_FOLDER/first_dag.py', '--cfg-path', '/tmp/tmpix2ove4f']
[2024-09-17T19:00:18.608+0000] {standard_task_runner.py:72} INFO - Started process 410 to run task
[2024-09-17T19:00:18.610+0000] {standard_task_runner.py:105} INFO - Job 47: Subtask second_task
[2024-09-17T19:00:18.654+0000] {task_command.py:467} INFO - Running <TaskInstance: first_dag.second_task manual__2024-09-17T19:00:16.471880+00:00 [running]> on host 7c2c6c4cfe77
[2024-09-17T19:00:18.701+0000] {taskinstance.py:3131} INFO - Exporting env vars: AIRFLOW_CTX_DAG_OWNER='***' AIRFLOW_CTX_DAG_ID='first_dag' AIRFLOW_CTX_TASK_ID='second_task' AIRFLOW_CTX_EXECUTION_DATE='2024-09-17T19:00:16.471880+00:00' AIRFLOW_CTX_TRY_NUMBER='1' AIRFLOW_CTX_DAG_RUN_ID='manual__2024-09-17T19:00:16.471880+00:00'
[2024-09-17T19:00:18.703+0000] {taskinstance.py:731} INFO - ::endgroup::
[2024-09-17T19:00:18.705+0000] {subprocess.py:63} INFO - Tmp dir root location: /tmp
[2024-09-17T19:00:18.706+0000] {subprocess.py:75} INFO - Running command: ['/usr/bin/bash', '-c', 'echo hey am task 2 and will be running after task 1']
[2024-09-17T19:00:18.712+0000] {subprocess.py:86} INFO - Output:
[2024-09-17T19:00:18.713+0000] {subprocess.py:93} INFO - hey am task 2 and will be running after task 1
[2024-09-17T19:00:18.714+0000] {subprocess.py:97} INFO - Command exited with return code 0
[2024-09-17T19:00:18.728+0000] {taskinstance.py:340} INFO - ::group::Post task execution logs
[2024-09-17T19:00:18.729+0000] {taskinstance.py:352} INFO - Marking task as SUCCESS. dag_id=first_dag, task_id=second_task, run_id=manual__2024-09-17T19:00:16.471880+00:00, execution_date=20240917T190016, start_date=20240917T190018, end_date=20240917T190018
[2024-09-17T19:00:18.749+0000] {local_task_job_runner.py:266} INFO - Task exited with return code 0
[2024-09-17T19:00:18.761+0000] {taskinstance.py:3900} INFO - 0 downstream tasks scheduled from follow-on schedule check
[2024-09-17T19:00:18.763+0000] {local_task_job_runner.py:245} INFO - ::endgroup::
