[2024-09-22T12:57:25.299+0000] {local_task_job_runner.py:123} INFO - ::group::Pre task execution logs
[2024-09-22T12:57:25.328+0000] {taskinstance.py:2612} INFO - Dependencies all met for dep_context=non-requeueable deps ti=<TaskInstance: create_table_dag.create_order_table manual__2024-09-22T12:57:23.279234+00:00 [queued]>
[2024-09-22T12:57:25.348+0000] {taskinstance.py:2612} INFO - Dependencies all met for dep_context=requeueable deps ti=<TaskInstance: create_table_dag.create_order_table manual__2024-09-22T12:57:23.279234+00:00 [queued]>
[2024-09-22T12:57:25.350+0000] {taskinstance.py:2865} INFO - Starting attempt 1 of 2
[2024-09-22T12:57:25.380+0000] {taskinstance.py:2888} INFO - Executing <Task(SQLExecuteQueryOperator): create_order_table> on 2024-09-22 12:57:23.279234+00:00
[2024-09-22T12:57:25.393+0000] {warnings.py:112} WARNING - /home/***/.local/lib/python3.12/site-packages/***/task/task_runner/standard_task_runner.py:70: DeprecationWarning: This process (pid=3094) is multi-threaded, use of fork() may lead to deadlocks in the child.
  pid = os.fork()

[2024-09-22T12:57:25.397+0000] {standard_task_runner.py:72} INFO - Started process 3099 to run task
[2024-09-22T12:57:25.400+0000] {standard_task_runner.py:104} INFO - Running: ['***', 'tasks', 'run', 'create_table_dag', 'create_order_table', 'manual__2024-09-22T12:57:23.279234+00:00', '--job-id', '863', '--raw', '--subdir', 'DAGS_FOLDER/create_table_dag.py', '--cfg-path', '/tmp/tmpy4kr6ij3']
[2024-09-22T12:57:25.403+0000] {standard_task_runner.py:105} INFO - Job 863: Subtask create_order_table
[2024-09-22T12:57:25.551+0000] {task_command.py:467} INFO - Running <TaskInstance: create_table_dag.create_order_table manual__2024-09-22T12:57:23.279234+00:00 [running]> on host 6e2558f7c62d
[2024-09-22T12:57:25.753+0000] {taskinstance.py:3131} INFO - Exporting env vars: AIRFLOW_CTX_DAG_OWNER='***' AIRFLOW_CTX_DAG_ID='create_table_dag' AIRFLOW_CTX_TASK_ID='create_order_table' AIRFLOW_CTX_EXECUTION_DATE='2024-09-22T12:57:23.279234+00:00' AIRFLOW_CTX_TRY_NUMBER='1' AIRFLOW_CTX_DAG_RUN_ID='manual__2024-09-22T12:57:23.279234+00:00'
[2024-09-22T12:57:25.758+0000] {taskinstance.py:731} INFO - ::endgroup::
[2024-09-22T12:57:25.766+0000] {sql.py:266} INFO - Executing: drop table if exists ORDERS;

create table ORDERS (
    ord_id varchar PRIMARY KEY,
    cust_id varchar,
    prod_id varchar,
    count numeric
);
[2024-09-22T12:57:25.790+0000] {base.py:84} INFO - Retrieving connection 'postgres_localhost'
[2024-09-22T12:57:25.836+0000] {base.py:84} INFO - Retrieving connection 'postgres_localhost'
[2024-09-22T12:57:25.850+0000] {sql.py:509} INFO - Running statement: drop table if exists ORDERS;

create table ORDERS (
    ord_id varchar PRIMARY KEY,
    cust_id varchar,
    prod_id varchar,
    count numeric
);, parameters: None
[2024-09-22T12:57:25.940+0000] {taskinstance.py:340} INFO - ::group::Post task execution logs
[2024-09-22T12:57:25.943+0000] {taskinstance.py:352} INFO - Marking task as SUCCESS. dag_id=create_table_dag, task_id=create_order_table, run_id=manual__2024-09-22T12:57:23.279234+00:00, execution_date=20240922T125723, start_date=20240922T125725, end_date=20240922T125725
[2024-09-22T12:57:25.992+0000] {local_task_job_runner.py:266} INFO - Task exited with return code 0
[2024-09-22T12:57:26.016+0000] {local_task_job_runner.py:245} INFO - ::endgroup::
