[2024-09-22T12:54:02.680+0000] {local_task_job_runner.py:123} INFO - ::group::Pre task execution logs
[2024-09-22T12:54:02.695+0000] {taskinstance.py:2612} INFO - Dependencies all met for dep_context=non-requeueable deps ti=<TaskInstance: etl_dag.load manual__2024-09-22T12:53:55.646646+00:00 [queued]>
[2024-09-22T12:54:02.702+0000] {taskinstance.py:2612} INFO - Dependencies all met for dep_context=requeueable deps ti=<TaskInstance: etl_dag.load manual__2024-09-22T12:53:55.646646+00:00 [queued]>
[2024-09-22T12:54:02.703+0000] {taskinstance.py:2865} INFO - Starting attempt 1 of 2
[2024-09-22T12:54:02.712+0000] {taskinstance.py:2888} INFO - Executing <Task(_PythonDecoratedOperator): load> on 2024-09-22 12:53:55.646646+00:00
[2024-09-22T12:54:02.717+0000] {warnings.py:112} WARNING - /home/***/.local/lib/python3.12/site-packages/***/task/task_runner/standard_task_runner.py:70: DeprecationWarning: This process (pid=3006) is multi-threaded, use of fork() may lead to deadlocks in the child.
  pid = os.fork()

[2024-09-22T12:54:02.718+0000] {standard_task_runner.py:72} INFO - Started process 3007 to run task
[2024-09-22T12:54:02.719+0000] {standard_task_runner.py:104} INFO - Running: ['***', 'tasks', 'run', 'etl_dag', 'load', 'manual__2024-09-22T12:53:55.646646+00:00', '--job-id', '847', '--raw', '--subdir', 'DAGS_FOLDER/etl_dag.py', '--cfg-path', '/tmp/tmp9ggcijnf']
[2024-09-22T12:54:02.720+0000] {standard_task_runner.py:105} INFO - Job 847: Subtask load
[2024-09-22T12:54:02.761+0000] {task_command.py:467} INFO - Running <TaskInstance: etl_dag.load manual__2024-09-22T12:53:55.646646+00:00 [running]> on host 6e2558f7c62d
[2024-09-22T12:54:02.811+0000] {taskinstance.py:3131} INFO - Exporting env vars: AIRFLOW_CTX_DAG_OWNER='***' AIRFLOW_CTX_DAG_ID='etl_dag' AIRFLOW_CTX_TASK_ID='load' AIRFLOW_CTX_EXECUTION_DATE='2024-09-22T12:53:55.646646+00:00' AIRFLOW_CTX_TRY_NUMBER='1' AIRFLOW_CTX_DAG_RUN_ID='manual__2024-09-22T12:53:55.646646+00:00'
[2024-09-22T12:54:02.813+0000] {taskinstance.py:731} INFO - ::endgroup::
[2024-09-22T12:54:02.853+0000] {logging_mixin.py:190} INFO - db ok
[2024-09-22T12:54:02.854+0000] {logging_mixin.py:190} INFO - {'cust_id': 'e8b48f1eB77dd8e', 'name': 'Darryl Swanson', 'sex': 'Male', 'age': 17, 'address': '77942 Oneal Street Apt. 790', 'phone': '(568)314-9732x0059', 'job': 'Clinical scientist, histocompatibility and immunogenetics'}
[2024-09-22T12:54:02.855+0000] {logging_mixin.py:190} INFO - {'cust_id': 'b5964F410aefbCF', 'name': 'Roger Ibarra DDS', 'sex': 'Female', 'age': 47, 'address': '3928 Wolfe Unions', 'phone': '523-729-3601x679', 'job': 'Occupational psychologist'}
[2024-09-22T12:54:02.867+0000] {python.py:240} INFO - Done. Returned value was: None
[2024-09-22T12:54:02.881+0000] {taskinstance.py:340} INFO - ::group::Post task execution logs
[2024-09-22T12:54:02.882+0000] {taskinstance.py:352} INFO - Marking task as SUCCESS. dag_id=etl_dag, task_id=load, run_id=manual__2024-09-22T12:53:55.646646+00:00, execution_date=20240922T125355, start_date=20240922T125402, end_date=20240922T125402
[2024-09-22T12:54:02.898+0000] {local_task_job_runner.py:266} INFO - Task exited with return code 0
[2024-09-22T12:54:02.915+0000] {taskinstance.py:3900} INFO - 1 downstream tasks scheduled from follow-on schedule check
[2024-09-22T12:54:02.917+0000] {local_task_job_runner.py:245} INFO - ::endgroup::
