[2024-09-22T12:52:32.105+0000] {local_task_job_runner.py:123} INFO - ::group::Pre task execution logs
[2024-09-22T12:52:32.119+0000] {taskinstance.py:2612} INFO - Dependencies all met for dep_context=non-requeueable deps ti=<TaskInstance: etl_dag.server_api_active manual__2024-09-22T12:52:30.813816+00:00 [queued]>
[2024-09-22T12:52:32.126+0000] {taskinstance.py:2612} INFO - Dependencies all met for dep_context=requeueable deps ti=<TaskInstance: etl_dag.server_api_active manual__2024-09-22T12:52:30.813816+00:00 [queued]>
[2024-09-22T12:52:32.126+0000] {taskinstance.py:2865} INFO - Starting attempt 1 of 2
[2024-09-22T12:52:32.135+0000] {taskinstance.py:2888} INFO - Executing <Task(HttpSensor): server_api_active> on 2024-09-22 12:52:30.813816+00:00
[2024-09-22T12:52:32.144+0000] {warnings.py:112} WARNING - /home/***/.local/lib/python3.12/site-packages/***/task/task_runner/standard_task_runner.py:70: DeprecationWarning: This process (pid=2927) is multi-threaded, use of fork() may lead to deadlocks in the child.
  pid = os.fork()

[2024-09-22T12:52:32.150+0000] {standard_task_runner.py:72} INFO - Started process 2928 to run task
[2024-09-22T12:52:32.149+0000] {standard_task_runner.py:104} INFO - Running: ['***', 'tasks', 'run', 'etl_dag', 'server_api_active', 'manual__2024-09-22T12:52:30.813816+00:00', '--job-id', '828', '--raw', '--subdir', 'DAGS_FOLDER/etl_dag.py', '--cfg-path', '/tmp/tmpm74vb8yr']
[2024-09-22T12:52:32.155+0000] {standard_task_runner.py:105} INFO - Job 828: Subtask server_api_active
[2024-09-22T12:52:32.212+0000] {task_command.py:467} INFO - Running <TaskInstance: etl_dag.server_api_active manual__2024-09-22T12:52:30.813816+00:00 [running]> on host 6e2558f7c62d
[2024-09-22T12:52:32.284+0000] {taskinstance.py:3131} INFO - Exporting env vars: AIRFLOW_CTX_DAG_OWNER='***' AIRFLOW_CTX_DAG_ID='etl_dag' AIRFLOW_CTX_TASK_ID='server_api_active' AIRFLOW_CTX_EXECUTION_DATE='2024-09-22T12:52:30.813816+00:00' AIRFLOW_CTX_TRY_NUMBER='1' AIRFLOW_CTX_DAG_RUN_ID='manual__2024-09-22T12:52:30.813816+00:00'
[2024-09-22T12:52:32.286+0000] {taskinstance.py:731} INFO - ::endgroup::
[2024-09-22T12:52:32.292+0000] {baseoperator.py:405} WARNING - HttpSensor.execute cannot be called outside TaskInstance!
[2024-09-22T12:52:32.295+0000] {http.py:137} INFO - Poking: generate_data/customers
[2024-09-22T12:52:32.311+0000] {base.py:84} INFO - Retrieving connection 'http_localhost'
[2024-09-22T12:52:32.327+0000] {base.py:336} INFO - Success criteria met. Exiting.
[2024-09-22T12:52:32.337+0000] {taskinstance.py:340} INFO - ::group::Post task execution logs
[2024-09-22T12:52:32.338+0000] {taskinstance.py:352} INFO - Marking task as SUCCESS. dag_id=etl_dag, task_id=server_api_active, run_id=manual__2024-09-22T12:52:30.813816+00:00, execution_date=20240922T125230, start_date=20240922T125232, end_date=20240922T125232
[2024-09-22T12:52:32.380+0000] {local_task_job_runner.py:266} INFO - Task exited with return code 0
[2024-09-22T12:52:32.416+0000] {taskinstance.py:3900} INFO - 3 downstream tasks scheduled from follow-on schedule check
[2024-09-22T12:52:32.418+0000] {local_task_job_runner.py:245} INFO - ::endgroup::
