[2024-09-22T12:52:20.907+0000] {local_task_job_runner.py:123} INFO - ::group::Pre task execution logs
[2024-09-22T12:52:20.926+0000] {taskinstance.py:2612} INFO - Dependencies all met for dep_context=non-requeueable deps ti=<TaskInstance: create_table_dag.create_customer_table manual__2024-09-22T12:52:19.000256+00:00 [queued]>
[2024-09-22T12:52:20.935+0000] {taskinstance.py:2612} INFO - Dependencies all met for dep_context=requeueable deps ti=<TaskInstance: create_table_dag.create_customer_table manual__2024-09-22T12:52:19.000256+00:00 [queued]>
[2024-09-22T12:52:20.936+0000] {taskinstance.py:2865} INFO - Starting attempt 1 of 2
[2024-09-22T12:52:20.968+0000] {taskinstance.py:2888} INFO - Executing <Task(SQLExecuteQueryOperator): create_customer_table> on 2024-09-22 12:52:19.000256+00:00
[2024-09-22T12:52:20.986+0000] {standard_task_runner.py:104} INFO - Running: ['***', 'tasks', 'run', 'create_table_dag', 'create_customer_table', 'manual__2024-09-22T12:52:19.000256+00:00', '--job-id', '824', '--raw', '--subdir', 'DAGS_FOLDER/create_table_dag.py', '--cfg-path', '/tmp/tmpzi4ygntl']
[2024-09-22T12:52:20.990+0000] {standard_task_runner.py:105} INFO - Job 824: Subtask create_customer_table
[2024-09-22T12:52:20.985+0000] {warnings.py:112} WARNING - /home/***/.local/lib/python3.12/site-packages/***/task/task_runner/standard_task_runner.py:70: DeprecationWarning: This process (pid=2912) is multi-threaded, use of fork() may lead to deadlocks in the child.
  pid = os.fork()

[2024-09-22T12:52:20.994+0000] {standard_task_runner.py:72} INFO - Started process 2917 to run task
[2024-09-22T12:52:21.264+0000] {task_command.py:467} INFO - Running <TaskInstance: create_table_dag.create_customer_table manual__2024-09-22T12:52:19.000256+00:00 [running]> on host 6e2558f7c62d
[2024-09-22T12:52:21.495+0000] {taskinstance.py:3131} INFO - Exporting env vars: AIRFLOW_CTX_DAG_OWNER='***' AIRFLOW_CTX_DAG_ID='create_table_dag' AIRFLOW_CTX_TASK_ID='create_customer_table' AIRFLOW_CTX_EXECUTION_DATE='2024-09-22T12:52:19.000256+00:00' AIRFLOW_CTX_TRY_NUMBER='1' AIRFLOW_CTX_DAG_RUN_ID='manual__2024-09-22T12:52:19.000256+00:00'
[2024-09-22T12:52:21.501+0000] {taskinstance.py:731} INFO - ::endgroup::
[2024-09-22T12:52:21.517+0000] {sql.py:266} INFO - Executing: drop table if exists CUSTOMER;

create table CUSTOMER (
    cust_id varchar PRIMARY KEY,
    name varchar,
    sex varchar,
    age decimal,
    address varchar,
    phone varchar,
    job varchar
);

-- insert into CUSTOMER(cust_id, name, sex, age, address, phone, job) VALUES('8A1e4231aDAdEe2','Mrs. Jean Meza','Male',27,'403 Dougherty Vista','3976292691','Scientist, forensic');
-- insert into CUSTOMER(cust_id, name, sex, age, address, phone, job) VALUES('CBc667D844E2ACD','Victoria Murray DVM','Female',61,'406 Goodman Greens','001-238-484-3687','Ship broker');
-- insert into CUSTOMER(cust_id, name, sex, age, address, phone, job) VALUES('EEeF1Afa85Baa60','Jody Huang DVM','Male',31,'2584 Bernard Flats Apt. 288','001-605-732-0463','Company secretary');
-- insert into CUSTOMER(cust_id, name, sex, age, address, phone, job) VALUES('9c73A8FC963E244','Miss Kimberly Ellison DVM','Male',38,'283 Albert Crescent','2808633631','Advice worker');
-- insert into CUSTOMER(cust_id, name, sex, age, address, phone, job) VALUES('b5f4f5D9f606Be4','Mrs. Ruth Macias','Female',45,'159 Cassandra Club','866-942-8076','Writer');
-- insert into CUSTOMER(cust_id, name, sex, age, address, phone, job) VALUES('b9405fF5aEDc7e6','Mr. Herbert Bray DDS','Male',39,'317 Ernest Well Apt. 041','(663)677-6900','Community arts worker');
-- insert into CUSTOMER(cust_id, name, sex, age, address, phone, job) VALUES('89552BdDE411a1B','Diamond Mcknight','Male',54,'853 Vincent Lodge Suite 664','9765050069','Tourism officer');
-- insert into CUSTOMER(cust_id, name, sex, age, address, phone, job) VALUES('7Bff74Ab9345B2B','Shaun Bonilla','Female',69,'759 Bolton Inlet Apt. 880','303-879-2297x90233','Interior and spatial designer');
-- insert into CUSTOMER(cust_id, name, sex, age, address, phone, job) VALUES('Fe7D64d3afBA406','Dr. Jermaine Espinoza V','Male',59,'251 Garrett Hills','(871)599-5544x262','Television/film/video producer');
-- insert into CUSTOMER(cust_id, name, sex, age, address, phone, job) VALUES('eB4Df05BcdAEB23','Henry GillespieIV','Male',64,'023 Ross Village','2332748174','Physiotherapist');
[2024-09-22T12:52:21.554+0000] {base.py:84} INFO - Retrieving connection 'postgres_localhost'
[2024-09-22T12:52:21.579+0000] {base.py:84} INFO - Retrieving connection 'postgres_localhost'
[2024-09-22T12:52:21.592+0000] {sql.py:509} INFO - Running statement: drop table if exists CUSTOMER;

create table CUSTOMER (
    cust_id varchar PRIMARY KEY,
    name varchar,
    sex varchar,
    age decimal,
    address varchar,
    phone varchar,
    job varchar
);

-- insert into CUSTOMER(cust_id, name, sex, age, address, phone, job) VALUES('8A1e4231aDAdEe2','Mrs. Jean Meza','Male',27,'403 Dougherty Vista','3976292691','Scientist, forensic');
-- insert into CUSTOMER(cust_id, name, sex, age, address, phone, job) VALUES('CBc667D844E2ACD','Victoria Murray DVM','Female',61,'406 Goodman Greens','001-238-484-3687','Ship broker');
-- insert into CUSTOMER(cust_id, name, sex, age, address, phone, job) VALUES('EEeF1Afa85Baa60','Jody Huang DVM','Male',31,'2584 Bernard Flats Apt. 288','001-605-732-0463','Company secretary');
-- insert into CUSTOMER(cust_id, name, sex, age, address, phone, job) VALUES('9c73A8FC963E244','Miss Kimberly Ellison DVM','Male',38,'283 Albert Crescent','2808633631','Advice worker');
-- insert into CUSTOMER(cust_id, name, sex, age, address, phone, job) VALUES('b5f4f5D9f606Be4','Mrs. Ruth Macias','Female',45,'159 Cassandra Club','866-942-8076','Writer');
-- insert into CUSTOMER(cust_id, name, sex, age, address, phone, job) VALUES('b9405fF5aEDc7e6','Mr. Herbert Bray DDS','Male',39,'317 Ernest Well Apt. 041','(663)677-6900','Community arts worker');
-- insert into CUSTOMER(cust_id, name, sex, age, address, phone, job) VALUES('89552BdDE411a1B','Diamond Mcknight','Male',54,'853 Vincent Lodge Suite 664','9765050069','Tourism officer');
-- insert into CUSTOMER(cust_id, name, sex, age, address, phone, job) VALUES('7Bff74Ab9345B2B','Shaun Bonilla','Female',69,'759 Bolton Inlet Apt. 880','303-879-2297x90233','Interior and spatial designer');
-- insert into CUSTOMER(cust_id, name, sex, age, address, phone, job) VALUES('Fe7D64d3afBA406','Dr. Jermaine Espinoza V','Male',59,'251 Garrett Hills','(871)599-5544x262','Television/film/video producer');
-- insert into CUSTOMER(cust_id, name, sex, age, address, phone, job) VALUES('eB4Df05BcdAEB23','Henry GillespieIV','Male',64,'023 Ross Village','2332748174','Physiotherapist');, parameters: None
[2024-09-22T12:52:21.654+0000] {taskinstance.py:340} INFO - ::group::Post task execution logs
[2024-09-22T12:52:21.655+0000] {taskinstance.py:352} INFO - Marking task as SUCCESS. dag_id=create_table_dag, task_id=create_customer_table, run_id=manual__2024-09-22T12:52:19.000256+00:00, execution_date=20240922T125219, start_date=20240922T125220, end_date=20240922T125221
[2024-09-22T12:52:21.729+0000] {local_task_job_runner.py:266} INFO - Task exited with return code 0
[2024-09-22T12:52:21.766+0000] {local_task_job_runner.py:245} INFO - ::endgroup::
