[2024-09-21T18:23:00.045+0000] {local_task_job_runner.py:123} INFO - ::group::Pre task execution logs
[2024-09-21T18:23:00.530+0000] {taskinstance.py:2612} INFO - Dependencies all met for dep_context=non-requeueable deps ti=<TaskInstance: create_table_dag.create_transactions_table manual__2024-09-21T18:16:31.642335+00:00 [queued]>
[2024-09-21T18:23:00.722+0000] {taskinstance.py:2612} INFO - Dependencies all met for dep_context=requeueable deps ti=<TaskInstance: create_table_dag.create_transactions_table manual__2024-09-21T18:16:31.642335+00:00 [queued]>
[2024-09-21T18:23:00.737+0000] {taskinstance.py:2865} INFO - Starting attempt 3 of 4
[2024-09-21T18:23:01.024+0000] {taskinstance.py:2888} INFO - Executing <Task(SQLExecuteQueryOperator): create_transactions_table> on 2024-09-21 18:16:31.642335+00:00
[2024-09-21T18:23:01.119+0000] {warnings.py:112} WARNING - /home/***/.local/lib/python3.12/site-packages/***/task/task_runner/standard_task_runner.py:70: DeprecationWarning: This process (pid=251) is multi-threaded, use of fork() may lead to deadlocks in the child.
  pid = os.fork()

[2024-09-21T18:23:01.136+0000] {standard_task_runner.py:72} INFO - Started process 289 to run task
[2024-09-21T18:23:01.149+0000] {standard_task_runner.py:104} INFO - Running: ['***', 'tasks', 'run', 'create_table_dag', 'create_transactions_table', 'manual__2024-09-21T18:16:31.642335+00:00', '--job-id', '209', '--raw', '--subdir', 'DAGS_FOLDER/create_table_dag.py', '--cfg-path', '/tmp/tmpqlqpju17']
[2024-09-21T18:23:01.176+0000] {standard_task_runner.py:105} INFO - Job 209: Subtask create_transactions_table
[2024-09-21T18:23:02.312+0000] {task_command.py:467} INFO - Running <TaskInstance: create_table_dag.create_transactions_table manual__2024-09-21T18:16:31.642335+00:00 [running]> on host 6e2558f7c62d
[2024-09-21T18:23:03.652+0000] {taskinstance.py:3131} INFO - Exporting env vars: AIRFLOW_CTX_DAG_OWNER='***' AIRFLOW_CTX_DAG_ID='create_table_dag' AIRFLOW_CTX_TASK_ID='create_transactions_table' AIRFLOW_CTX_EXECUTION_DATE='2024-09-21T18:16:31.642335+00:00' AIRFLOW_CTX_TRY_NUMBER='3' AIRFLOW_CTX_DAG_RUN_ID='manual__2024-09-21T18:16:31.642335+00:00'
[2024-09-21T18:23:03.701+0000] {taskinstance.py:731} INFO - ::endgroup::
[2024-09-21T18:23:03.720+0000] {sql.py:266} INFO - Executing: drop table if exists TRANSACTIONS;

create table TRANSACTIONS (
    ord_id varchar PRIMARY KEY,
    cust_id varchar,
    prod_id varchar,
    count numeric
);
[2024-09-21T18:23:03.833+0000] {base.py:84} INFO - Retrieving connection 'postgres_localhost'
[2024-09-21T18:23:04.161+0000] {base.py:84} INFO - Retrieving connection 'postgres_localhost'
[2024-09-21T18:23:04.234+0000] {sql.py:509} INFO - Running statement: drop table if exists TRANSACTIONS;

create table TRANSACTIONS (
    ord_id varchar PRIMARY KEY,
    cust_id varchar,
    prod_id varchar,
    count numeric
);, parameters: None
[2024-09-21T18:23:04.457+0000] {taskinstance.py:340} INFO - ::group::Post task execution logs
[2024-09-21T18:23:04.469+0000] {taskinstance.py:352} INFO - Marking task as SUCCESS. dag_id=create_table_dag, task_id=create_transactions_table, run_id=manual__2024-09-21T18:16:31.642335+00:00, execution_date=20240921T181631, start_date=20240921T182300, end_date=20240921T182304
[2024-09-21T18:23:04.712+0000] {local_task_job_runner.py:266} INFO - Task exited with return code 0
[2024-09-21T18:23:05.012+0000] {taskinstance.py:3900} INFO - 1 downstream tasks scheduled from follow-on schedule check
[2024-09-21T18:23:05.030+0000] {local_task_job_runner.py:245} INFO - ::endgroup::
