[2024-09-22T11:36:51.064+0000] {local_task_job_runner.py:123} INFO - ::group::Pre task execution logs
[2024-09-22T11:36:51.078+0000] {taskinstance.py:2612} INFO - Dependencies all met for dep_context=non-requeueable deps ti=<TaskInstance: etl_dag.echo_task manual__2024-09-22T11:36:44.532249+00:00 [queued]>
[2024-09-22T11:36:51.085+0000] {taskinstance.py:2612} INFO - Dependencies all met for dep_context=requeueable deps ti=<TaskInstance: etl_dag.echo_task manual__2024-09-22T11:36:44.532249+00:00 [queued]>
[2024-09-22T11:36:51.086+0000] {taskinstance.py:2865} INFO - Starting attempt 1 of 2
[2024-09-22T11:36:51.095+0000] {taskinstance.py:2888} INFO - Executing <Task(BashOperator): echo_task> on 2024-09-22 11:36:44.532249+00:00
[2024-09-22T11:36:51.100+0000] {warnings.py:112} WARNING - /home/***/.local/lib/python3.12/site-packages/***/task/task_runner/standard_task_runner.py:70: DeprecationWarning: This process (pid=1141) is multi-threaded, use of fork() may lead to deadlocks in the child.
  pid = os.fork()

[2024-09-22T11:36:51.101+0000] {standard_task_runner.py:72} INFO - Started process 1142 to run task
[2024-09-22T11:36:51.101+0000] {standard_task_runner.py:104} INFO - Running: ['***', 'tasks', 'run', 'etl_dag', 'echo_task', 'manual__2024-09-22T11:36:44.532249+00:00', '--job-id', '563', '--raw', '--subdir', 'DAGS_FOLDER/etl_dag.py', '--cfg-path', '/tmp/tmp1xfzl3yt']
[2024-09-22T11:36:51.103+0000] {standard_task_runner.py:105} INFO - Job 563: Subtask echo_task
[2024-09-22T11:36:51.141+0000] {task_command.py:467} INFO - Running <TaskInstance: etl_dag.echo_task manual__2024-09-22T11:36:44.532249+00:00 [running]> on host 6e2558f7c62d
[2024-09-22T11:36:51.212+0000] {taskinstance.py:3131} INFO - Exporting env vars: AIRFLOW_CTX_DAG_OWNER='***' AIRFLOW_CTX_DAG_ID='etl_dag' AIRFLOW_CTX_TASK_ID='echo_task' AIRFLOW_CTX_EXECUTION_DATE='2024-09-22T11:36:44.532249+00:00' AIRFLOW_CTX_TRY_NUMBER='1' AIRFLOW_CTX_DAG_RUN_ID='manual__2024-09-22T11:36:44.532249+00:00'
[2024-09-22T11:36:51.213+0000] {taskinstance.py:731} INFO - ::endgroup::
[2024-09-22T11:36:51.216+0000] {subprocess.py:63} INFO - Tmp dir root location: /tmp
[2024-09-22T11:36:51.217+0000] {subprocess.py:75} INFO - Running command: ['/usr/bin/bash', '-c', "echo [{'cust_id': 'E41FDdAB9fABBF4', 'name': 'Mr. Dan Hendrix III', 'sex': 'Female', 'age': 59, 'address': '3442 Kristen Green Apt. 231', 'phone': '925.433.1504x397', 'job': 'Police officer'}, {'cust_id': 'Df2edD95E57bFfc', 'name': 'Mr. Stanley Doyle', 'sex': 'Male', 'age': 55, 'address': '57897 Cisneros Isle', 'phone': '001-235-561-1410x579', 'job': 'Engineer, water'}, {'cust_id': 'd0e9a7b7A7bB298', 'name': 'Miss Elizabeth Gould PhD', 'sex': 'Female', 'age': 44, 'address': '54949 Hansen Glens', 'phone': '001-225-357-2857x64664', 'job': 'Radio producer'}, {'cust_id': 'a0bA258aA561ABa', 'name': 'Travis Mooney', 'sex': 'Female', 'age': 14, 'address': '56480 Ian Stravenue Apt. 259', 'phone': '(269)490-8267', 'job': 'Exhibition designer'}, {'cust_id': '8E8eF61Ec0acCe1', 'name': 'Dr. Guy Reilly V', 'sex': 'Male', 'age': 34, 'address': '6115 Ernest Shoal', 'phone': '449-862-8933x03029', 'job': 'Advice worker'}]"]
[2024-09-22T11:36:51.222+0000] {subprocess.py:86} INFO - Output:
[2024-09-22T11:36:51.225+0000] {subprocess.py:93} INFO - [{cust_id: E41FDdAB9fABBF4, name: Mr. Dan Hendrix III, sex: Female, age: 59, address: 3442 Kristen Green Apt. 231, phone: 925.433.1504x397, job: Police officer}, {cust_id: Df2edD95E57bFfc, name: Mr. Stanley Doyle, sex: Male, age: 55, address: 57897 Cisneros Isle, phone: 001-235-561-1410x579, job: Engineer, water}, {cust_id: d0e9a7b7A7bB298, name: Miss Elizabeth Gould PhD, sex: Female, age: 44, address: 54949 Hansen Glens, phone: 001-225-357-2857x64664, job: Radio producer}, {cust_id: a0bA258aA561ABa, name: Travis Mooney, sex: Female, age: 14, address: 56480 Ian Stravenue Apt. 259, phone: (269)490-8267, job: Exhibition designer}, {cust_id: 8E8eF61Ec0acCe1, name: Dr. Guy Reilly V, sex: Male, age: 34, address: 6115 Ernest Shoal, phone: 449-862-8933x03029, job: Advice worker}]
[2024-09-22T11:36:51.226+0000] {subprocess.py:97} INFO - Command exited with return code 0
[2024-09-22T11:36:51.248+0000] {taskinstance.py:340} INFO - ::group::Post task execution logs
[2024-09-22T11:36:51.249+0000] {taskinstance.py:352} INFO - Marking task as SUCCESS. dag_id=etl_dag, task_id=echo_task, run_id=manual__2024-09-22T11:36:44.532249+00:00, execution_date=20240922T113644, start_date=20240922T113651, end_date=20240922T113651
[2024-09-22T11:36:51.283+0000] {local_task_job_runner.py:266} INFO - Task exited with return code 0
[2024-09-22T11:36:51.300+0000] {taskinstance.py:3900} INFO - 1 downstream tasks scheduled from follow-on schedule check
[2024-09-22T11:36:51.302+0000] {local_task_job_runner.py:245} INFO - ::endgroup::
