[2024-09-21T18:22:56.323+0000] {local_task_job_runner.py:123} INFO - ::group::Pre task execution logs
[2024-09-21T18:22:56.881+0000] {taskinstance.py:2612} INFO - Dependencies all met for dep_context=non-requeueable deps ti=<TaskInstance: create_table_dag.create_transactions_table manual__2024-09-21T13:12:45.662277+00:00 [queued]>
[2024-09-21T18:22:57.207+0000] {taskinstance.py:2612} INFO - Dependencies all met for dep_context=requeueable deps ti=<TaskInstance: create_table_dag.create_transactions_table manual__2024-09-21T13:12:45.662277+00:00 [queued]>
[2024-09-21T18:22:57.322+0000] {taskinstance.py:2865} INFO - Starting attempt 3 of 4
[2024-09-21T18:22:57.703+0000] {taskinstance.py:2888} INFO - Executing <Task(SQLExecuteQueryOperator): create_transactions_table> on 2024-09-21 13:12:45.662277+00:00
[2024-09-21T18:22:57.743+0000] {warnings.py:112} WARNING - /home/***/.local/lib/python3.12/site-packages/***/task/task_runner/standard_task_runner.py:70: DeprecationWarning: This process (pid=247) is multi-threaded, use of fork() may lead to deadlocks in the child.
  pid = os.fork()

[2024-09-21T18:22:57.754+0000] {standard_task_runner.py:104} INFO - Running: ['***', 'tasks', 'run', 'create_table_dag', 'create_transactions_table', 'manual__2024-09-21T13:12:45.662277+00:00', '--job-id', '204', '--raw', '--subdir', 'DAGS_FOLDER/create_table_dag.py', '--cfg-path', '/tmp/tmpbkl9hn7z']
[2024-09-21T18:22:57.761+0000] {standard_task_runner.py:72} INFO - Started process 274 to run task
[2024-09-21T18:22:57.770+0000] {standard_task_runner.py:105} INFO - Job 204: Subtask create_transactions_table
[2024-09-21T18:22:59.074+0000] {task_command.py:467} INFO - Running <TaskInstance: create_table_dag.create_transactions_table manual__2024-09-21T13:12:45.662277+00:00 [running]> on host 6e2558f7c62d
[2024-09-21T18:23:00.763+0000] {taskinstance.py:3131} INFO - Exporting env vars: AIRFLOW_CTX_DAG_OWNER='***' AIRFLOW_CTX_DAG_ID='create_table_dag' AIRFLOW_CTX_TASK_ID='create_transactions_table' AIRFLOW_CTX_EXECUTION_DATE='2024-09-21T13:12:45.662277+00:00' AIRFLOW_CTX_TRY_NUMBER='3' AIRFLOW_CTX_DAG_RUN_ID='manual__2024-09-21T13:12:45.662277+00:00'
[2024-09-21T18:23:00.812+0000] {taskinstance.py:731} INFO - ::endgroup::
[2024-09-21T18:23:00.885+0000] {sql.py:266} INFO - Executing: drop table if exists TRANSACTIONS;

create table TRANSACTIONS (
    ord_id varchar PRIMARY KEY,
    cust_id varchar,
    prod_id varchar,
    count numeric
);
[2024-09-21T18:23:01.169+0000] {base.py:84} INFO - Retrieving connection 'postgres_localhost'
[2024-09-21T18:23:01.562+0000] {base.py:84} INFO - Retrieving connection 'postgres_localhost'
[2024-09-21T18:23:01.661+0000] {sql.py:509} INFO - Running statement: drop table if exists TRANSACTIONS;

create table TRANSACTIONS (
    ord_id varchar PRIMARY KEY,
    cust_id varchar,
    prod_id varchar,
    count numeric
);, parameters: None
[2024-09-21T18:23:01.940+0000] {taskinstance.py:340} INFO - ::group::Post task execution logs
[2024-09-21T18:23:01.988+0000] {taskinstance.py:352} INFO - Marking task as SUCCESS. dag_id=create_table_dag, task_id=create_transactions_table, run_id=manual__2024-09-21T13:12:45.662277+00:00, execution_date=20240921T131245, start_date=20240921T182256, end_date=20240921T182301
[2024-09-21T18:23:02.557+0000] {local_task_job_runner.py:266} INFO - Task exited with return code 0
[2024-09-21T18:23:02.853+0000] {local_task_job_runner.py:245} INFO - ::endgroup::
[2024-09-21T18:23:02.904+0000] {standard_task_runner.py:217} INFO - Process not found (most likely exited), stop collecting metrics
