[2024-09-22T11:33:32.834+0000] {local_task_job_runner.py:123} INFO - ::group::Pre task execution logs
[2024-09-22T11:33:32.849+0000] {taskinstance.py:2612} INFO - Dependencies all met for dep_context=non-requeueable deps ti=<TaskInstance: etl_dag.echo_task manual__2024-09-22T11:33:25.936177+00:00 [queued]>
[2024-09-22T11:33:32.855+0000] {taskinstance.py:2612} INFO - Dependencies all met for dep_context=requeueable deps ti=<TaskInstance: etl_dag.echo_task manual__2024-09-22T11:33:25.936177+00:00 [queued]>
[2024-09-22T11:33:32.856+0000] {taskinstance.py:2865} INFO - Starting attempt 1 of 2
[2024-09-22T11:33:32.865+0000] {taskinstance.py:2888} INFO - Executing <Task(BashOperator): echo_task> on 2024-09-22 11:33:25.936177+00:00
[2024-09-22T11:33:32.870+0000] {warnings.py:112} WARNING - /home/***/.local/lib/python3.12/site-packages/***/task/task_runner/standard_task_runner.py:70: DeprecationWarning: This process (pid=1009) is multi-threaded, use of fork() may lead to deadlocks in the child.
  pid = os.fork()

[2024-09-22T11:33:32.871+0000] {standard_task_runner.py:72} INFO - Started process 1010 to run task
[2024-09-22T11:33:32.871+0000] {standard_task_runner.py:104} INFO - Running: ['***', 'tasks', 'run', 'etl_dag', 'echo_task', 'manual__2024-09-22T11:33:25.936177+00:00', '--job-id', '536', '--raw', '--subdir', 'DAGS_FOLDER/etl_dag.py', '--cfg-path', '/tmp/tmpxp54np16']
[2024-09-22T11:33:32.873+0000] {standard_task_runner.py:105} INFO - Job 536: Subtask echo_task
[2024-09-22T11:33:32.912+0000] {task_command.py:467} INFO - Running <TaskInstance: etl_dag.echo_task manual__2024-09-22T11:33:25.936177+00:00 [running]> on host 6e2558f7c62d
[2024-09-22T11:33:33.042+0000] {taskinstance.py:3131} INFO - Exporting env vars: AIRFLOW_CTX_DAG_OWNER='***' AIRFLOW_CTX_DAG_ID='etl_dag' AIRFLOW_CTX_TASK_ID='echo_task' AIRFLOW_CTX_EXECUTION_DATE='2024-09-22T11:33:25.936177+00:00' AIRFLOW_CTX_TRY_NUMBER='1' AIRFLOW_CTX_DAG_RUN_ID='manual__2024-09-22T11:33:25.936177+00:00'
[2024-09-22T11:33:33.045+0000] {taskinstance.py:731} INFO - ::endgroup::
[2024-09-22T11:33:33.049+0000] {subprocess.py:63} INFO - Tmp dir root location: /tmp
[2024-09-22T11:33:33.051+0000] {subprocess.py:75} INFO - Running command: ['/usr/bin/bash', '-c', "echo [{'cust_id': '9C64Ce0DCf496e1', 'name': 'Dana Huffman DVM', 'sex': 'Male', 'age': 48, 'address': '424 Eileen Prairie', 'phone': '400-682-8420x62868', 'job': 'Musician'}, {'cust_id': '6c4C6eFEe3B7C3C', 'name': 'Dr. Richard Lutz PhD', 'sex': 'Male', 'age': 20, 'address': '708 Carl Keys Suite 689', 'phone': '245.928.1760', 'job': 'Research scientist (medical)'}, {'cust_id': '317BEB8017E3F33', 'name': 'April Ramsey MD', 'sex': 'Female', 'age': 30, 'address': '19578 Huynh Mews Apt. 754', 'phone': '(533)674-1466x76130', 'job': 'Health and safety inspector'}, {'cust_id': 'ED9B887c327D4DF', 'name': 'Fred Alvarado DVM', 'sex': 'Female', 'age': 47, 'address': '1484 Watkins Ranch', 'phone': '263.321.7241', 'job': 'Training and development officer'}, {'cust_id': 'c06a5f2De95aBAc', 'name': 'Mr. Mike Day', 'sex': 'Male', 'age': 33, 'address': '673 Peter Crescent', 'phone': '001-949-410-6893x6758', 'job': 'Lobbyist'}]"]
[2024-09-22T11:33:33.065+0000] {subprocess.py:86} INFO - Output:
[2024-09-22T11:33:33.075+0000] {subprocess.py:93} INFO - [{cust_id: 9C64Ce0DCf496e1, name: Dana Huffman DVM, sex: Male, age: 48, address: 424 Eileen Prairie, phone: 400-682-8420x62868, job: Musician}, {cust_id: 6c4C6eFEe3B7C3C, name: Dr. Richard Lutz PhD, sex: Male, age: 20, address: 708 Carl Keys Suite 689, phone: 245.928.1760, job: Research scientist (medical)}, {cust_id: 317BEB8017E3F33, name: April Ramsey MD, sex: Female, age: 30, address: 19578 Huynh Mews Apt. 754, phone: (533)674-1466x76130, job: Health and safety inspector}, {cust_id: ED9B887c327D4DF, name: Fred Alvarado DVM, sex: Female, age: 47, address: 1484 Watkins Ranch, phone: 263.321.7241, job: Training and development officer}, {cust_id: c06a5f2De95aBAc, name: Mr. Mike Day, sex: Male, age: 33, address: 673 Peter Crescent, phone: 001-949-410-6893x6758, job: Lobbyist}]
[2024-09-22T11:33:33.076+0000] {subprocess.py:97} INFO - Command exited with return code 0
[2024-09-22T11:33:33.102+0000] {taskinstance.py:340} INFO - ::group::Post task execution logs
[2024-09-22T11:33:33.103+0000] {taskinstance.py:352} INFO - Marking task as SUCCESS. dag_id=etl_dag, task_id=echo_task, run_id=manual__2024-09-22T11:33:25.936177+00:00, execution_date=20240922T113325, start_date=20240922T113332, end_date=20240922T113333
[2024-09-22T11:33:33.134+0000] {local_task_job_runner.py:266} INFO - Task exited with return code 0
[2024-09-22T11:33:33.167+0000] {taskinstance.py:3900} INFO - 0 downstream tasks scheduled from follow-on schedule check
[2024-09-22T11:33:33.169+0000] {local_task_job_runner.py:245} INFO - ::endgroup::
