[2024-09-22T12:55:41.888+0000] {local_task_job_runner.py:123} INFO - ::group::Pre task execution logs
[2024-09-22T12:55:41.910+0000] {taskinstance.py:2612} INFO - Dependencies all met for dep_context=non-requeueable deps ti=<TaskInstance: etl_dag.echo_task manual__2024-09-22T12:55:33.909959+00:00 [queued]>
[2024-09-22T12:55:41.918+0000] {taskinstance.py:2612} INFO - Dependencies all met for dep_context=requeueable deps ti=<TaskInstance: etl_dag.echo_task manual__2024-09-22T12:55:33.909959+00:00 [queued]>
[2024-09-22T12:55:41.919+0000] {taskinstance.py:2865} INFO - Starting attempt 1 of 2
[2024-09-22T12:55:41.931+0000] {taskinstance.py:2888} INFO - Executing <Task(BashOperator): echo_task> on 2024-09-22 12:55:33.909959+00:00
[2024-09-22T12:55:41.936+0000] {warnings.py:112} WARNING - /home/***/.local/lib/python3.12/site-packages/***/task/task_runner/standard_task_runner.py:70: DeprecationWarning: This process (pid=3069) is multi-threaded, use of fork() may lead to deadlocks in the child.
  pid = os.fork()

[2024-09-22T12:55:41.938+0000] {standard_task_runner.py:104} INFO - Running: ['***', 'tasks', 'run', 'etl_dag', 'echo_task', 'manual__2024-09-22T12:55:33.909959+00:00', '--job-id', '861', '--raw', '--subdir', 'DAGS_FOLDER/etl_dag.py', '--cfg-path', '/tmp/tmp0e_xj__y']
[2024-09-22T12:55:41.939+0000] {standard_task_runner.py:72} INFO - Started process 3070 to run task
[2024-09-22T12:55:41.939+0000] {standard_task_runner.py:105} INFO - Job 861: Subtask echo_task
[2024-09-22T12:55:42.003+0000] {task_command.py:467} INFO - Running <TaskInstance: etl_dag.echo_task manual__2024-09-22T12:55:33.909959+00:00 [running]> on host 6e2558f7c62d
[2024-09-22T12:55:42.069+0000] {taskinstance.py:3131} INFO - Exporting env vars: AIRFLOW_CTX_DAG_OWNER='***' AIRFLOW_CTX_DAG_ID='etl_dag' AIRFLOW_CTX_TASK_ID='echo_task' AIRFLOW_CTX_EXECUTION_DATE='2024-09-22T12:55:33.909959+00:00' AIRFLOW_CTX_TRY_NUMBER='1' AIRFLOW_CTX_DAG_RUN_ID='manual__2024-09-22T12:55:33.909959+00:00'
[2024-09-22T12:55:42.071+0000] {taskinstance.py:731} INFO - ::endgroup::
[2024-09-22T12:55:42.074+0000] {subprocess.py:63} INFO - Tmp dir root location: /tmp
[2024-09-22T12:55:42.077+0000] {subprocess.py:75} INFO - Running command: ['/usr/bin/bash', '-c', 'echo Successfully']
[2024-09-22T12:55:42.083+0000] {subprocess.py:86} INFO - Output:
[2024-09-22T12:55:42.088+0000] {subprocess.py:93} INFO - Successfully
[2024-09-22T12:55:42.089+0000] {subprocess.py:97} INFO - Command exited with return code 0
[2024-09-22T12:55:42.110+0000] {taskinstance.py:340} INFO - ::group::Post task execution logs
[2024-09-22T12:55:42.111+0000] {taskinstance.py:352} INFO - Marking task as SUCCESS. dag_id=etl_dag, task_id=echo_task, run_id=manual__2024-09-22T12:55:33.909959+00:00, execution_date=20240922T125533, start_date=20240922T125541, end_date=20240922T125542
[2024-09-22T12:55:42.123+0000] {local_task_job_runner.py:266} INFO - Task exited with return code 0
[2024-09-22T12:55:42.153+0000] {taskinstance.py:3900} INFO - 0 downstream tasks scheduled from follow-on schedule check
[2024-09-22T12:55:42.157+0000] {local_task_job_runner.py:245} INFO - ::endgroup::
