[2024-09-22T13:03:38.781+0000] {local_task_job_runner.py:123} INFO - ::group::Pre task execution logs
[2024-09-22T13:03:38.797+0000] {taskinstance.py:2612} INFO - Dependencies all met for dep_context=non-requeueable deps ti=<TaskInstance: etl_dag.load manual__2024-09-22T13:02:32.966636+00:00 [queued]>
[2024-09-22T13:03:38.805+0000] {taskinstance.py:2612} INFO - Dependencies all met for dep_context=requeueable deps ti=<TaskInstance: etl_dag.load manual__2024-09-22T13:02:32.966636+00:00 [queued]>
[2024-09-22T13:03:38.806+0000] {taskinstance.py:2865} INFO - Starting attempt 1 of 2
[2024-09-22T13:03:38.815+0000] {taskinstance.py:2888} INFO - Executing <Task(_PythonDecoratedOperator): load> on 2024-09-22 13:02:32.966636+00:00
[2024-09-22T13:03:38.821+0000] {warnings.py:112} WARNING - /home/***/.local/lib/python3.12/site-packages/***/task/task_runner/standard_task_runner.py:70: DeprecationWarning: This process (pid=3263) is multi-threaded, use of fork() may lead to deadlocks in the child.
  pid = os.fork()

[2024-09-22T13:03:38.823+0000] {standard_task_runner.py:72} INFO - Started process 3264 to run task
[2024-09-22T13:03:38.823+0000] {standard_task_runner.py:104} INFO - Running: ['***', 'tasks', 'run', 'etl_dag', 'load', 'manual__2024-09-22T13:02:32.966636+00:00', '--job-id', '890', '--raw', '--subdir', 'DAGS_FOLDER/etl_dag.py', '--cfg-path', '/tmp/tmpxokat1dc']
[2024-09-22T13:03:38.826+0000] {standard_task_runner.py:105} INFO - Job 890: Subtask load
[2024-09-22T13:03:38.883+0000] {task_command.py:467} INFO - Running <TaskInstance: etl_dag.load manual__2024-09-22T13:02:32.966636+00:00 [running]> on host 6e2558f7c62d
[2024-09-22T13:03:38.939+0000] {taskinstance.py:3131} INFO - Exporting env vars: AIRFLOW_CTX_DAG_OWNER='***' AIRFLOW_CTX_DAG_ID='etl_dag' AIRFLOW_CTX_TASK_ID='load' AIRFLOW_CTX_EXECUTION_DATE='2024-09-22T13:02:32.966636+00:00' AIRFLOW_CTX_TRY_NUMBER='1' AIRFLOW_CTX_DAG_RUN_ID='manual__2024-09-22T13:02:32.966636+00:00'
[2024-09-22T13:03:38.941+0000] {taskinstance.py:731} INFO - ::endgroup::
[2024-09-22T13:03:38.971+0000] {logging_mixin.py:190} INFO - db ok
[2024-09-22T13:03:38.972+0000] {logging_mixin.py:190} INFO - {'cust_id': 'f760fCAfb6c6BA5', 'name': 'Levi Chaney II', 'sex': 'Female', 'age': 61, 'address': '0086 Peters Burg', 'phone': '383-253-4606x945', 'job': 'Land'}
[2024-09-22T13:03:38.973+0000] {logging_mixin.py:190} INFO - {'cust_id': 'AFE098CC72429cD', 'name': 'Rhonda Sharp PhD', 'sex': 'Male', 'age': 40, 'address': '7546 Ariana Station', 'phone': '(367)805-1604x92716', 'job': 'Production engineer'}
[2024-09-22T13:03:38.981+0000] {python.py:240} INFO - Done. Returned value was: None
[2024-09-22T13:03:38.993+0000] {taskinstance.py:340} INFO - ::group::Post task execution logs
[2024-09-22T13:03:38.997+0000] {taskinstance.py:352} INFO - Marking task as SUCCESS. dag_id=etl_dag, task_id=load, run_id=manual__2024-09-22T13:02:32.966636+00:00, execution_date=20240922T130232, start_date=20240922T130338, end_date=20240922T130338
[2024-09-22T13:03:39.047+0000] {local_task_job_runner.py:266} INFO - Task exited with return code 0
[2024-09-22T13:03:39.101+0000] {taskinstance.py:3900} INFO - 1 downstream tasks scheduled from follow-on schedule check
[2024-09-22T13:03:39.105+0000] {local_task_job_runner.py:245} INFO - ::endgroup::
