[2024-09-21T18:23:08.206+0000] {local_task_job_runner.py:123} INFO - ::group::Pre task execution logs
[2024-09-21T18:23:08.401+0000] {taskinstance.py:2612} INFO - Dependencies all met for dep_context=non-requeueable deps ti=<TaskInstance: create_table_dag.create_product_table manual__2024-09-21T18:21:36.811509+00:00 [queued]>
[2024-09-21T18:23:08.496+0000] {taskinstance.py:2612} INFO - Dependencies all met for dep_context=requeueable deps ti=<TaskInstance: create_table_dag.create_product_table manual__2024-09-21T18:21:36.811509+00:00 [queued]>
[2024-09-21T18:23:08.501+0000] {taskinstance.py:2865} INFO - Starting attempt 2 of 3
[2024-09-21T18:23:08.916+0000] {taskinstance.py:2888} INFO - Executing <Task(SQLExecuteQueryOperator): create_product_table> on 2024-09-21 18:21:36.811509+00:00
[2024-09-21T18:23:09.016+0000] {warnings.py:112} WARNING - /home/***/.local/lib/python3.12/site-packages/***/task/task_runner/standard_task_runner.py:70: DeprecationWarning: This process (pid=291) is multi-threaded, use of fork() may lead to deadlocks in the child.
  pid = os.fork()

[2024-09-21T18:23:09.028+0000] {standard_task_runner.py:72} INFO - Started process 312 to run task
[2024-09-21T18:23:09.035+0000] {standard_task_runner.py:104} INFO - Running: ['***', 'tasks', 'run', 'create_table_dag', 'create_product_table', 'manual__2024-09-21T18:21:36.811509+00:00', '--job-id', '217', '--raw', '--subdir', 'DAGS_FOLDER/create_table_dag.py', '--cfg-path', '/tmp/tmpbqhqfe1q']
[2024-09-21T18:23:09.044+0000] {standard_task_runner.py:105} INFO - Job 217: Subtask create_product_table
[2024-09-21T18:23:09.678+0000] {task_command.py:467} INFO - Running <TaskInstance: create_table_dag.create_product_table manual__2024-09-21T18:21:36.811509+00:00 [running]> on host 6e2558f7c62d
[2024-09-21T18:23:10.420+0000] {taskinstance.py:3131} INFO - Exporting env vars: AIRFLOW_CTX_DAG_OWNER='***' AIRFLOW_CTX_DAG_ID='create_table_dag' AIRFLOW_CTX_TASK_ID='create_product_table' AIRFLOW_CTX_EXECUTION_DATE='2024-09-21T18:21:36.811509+00:00' AIRFLOW_CTX_TRY_NUMBER='2' AIRFLOW_CTX_DAG_RUN_ID='manual__2024-09-21T18:21:36.811509+00:00'
[2024-09-21T18:23:10.465+0000] {taskinstance.py:731} INFO - ::endgroup::
[2024-09-21T18:23:10.482+0000] {sql.py:266} INFO - Executing: drop table if exists PRODUCT;

create table PRODUCT (
    prod_id varchar PRIMARY KEY,
    name varchar,
    price numeric(2)
);

-- insert into PRODUCT(prod_id, name, size, price) values('94E559c49d887e6','Pizza Napoletana',5.5);
-- insert into PRODUCT(prod_id, name, size, price) values('57fDe21a4748Da3','Pizza alla diavola',21.75);
-- insert into PRODUCT(prod_id, name, size, price) values('bA03cfAcCf64FDb','Fugazza - durian',5.25);
-- insert into PRODUCT(prod_id, name, size, price) values('527E4aDFfcEBc48','VN Pizza - sausages',9.25);
-- insert into PRODUCT(prod_id, name, size, price) values('46dE3AbbcaC08FA','Tandoori Paneer pizza - pineapples',8.5);
-- insert into PRODUCT(prod_id, name, size, price) values('b29aB0C87a3edef','Fugazza - tacos',8.75);
[2024-09-21T18:23:10.536+0000] {base.py:84} INFO - Retrieving connection 'postgres_localhost'
[2024-09-21T18:23:10.681+0000] {base.py:84} INFO - Retrieving connection 'postgres_localhost'
[2024-09-21T18:23:10.713+0000] {sql.py:509} INFO - Running statement: drop table if exists PRODUCT;

create table PRODUCT (
    prod_id varchar PRIMARY KEY,
    name varchar,
    price numeric(2)
);

-- insert into PRODUCT(prod_id, name, size, price) values('94E559c49d887e6','Pizza Napoletana',5.5);
-- insert into PRODUCT(prod_id, name, size, price) values('57fDe21a4748Da3','Pizza alla diavola',21.75);
-- insert into PRODUCT(prod_id, name, size, price) values('bA03cfAcCf64FDb','Fugazza - durian',5.25);
-- insert into PRODUCT(prod_id, name, size, price) values('527E4aDFfcEBc48','VN Pizza - sausages',9.25);
-- insert into PRODUCT(prod_id, name, size, price) values('46dE3AbbcaC08FA','Tandoori Paneer pizza - pineapples',8.5);
-- insert into PRODUCT(prod_id, name, size, price) values('b29aB0C87a3edef','Fugazza - tacos',8.75);, parameters: None
[2024-09-21T18:23:10.861+0000] {taskinstance.py:340} INFO - ::group::Post task execution logs
[2024-09-21T18:23:10.871+0000] {taskinstance.py:352} INFO - Marking task as SUCCESS. dag_id=create_table_dag, task_id=create_product_table, run_id=manual__2024-09-21T18:21:36.811509+00:00, execution_date=20240921T182136, start_date=20240921T182308, end_date=20240921T182310
[2024-09-21T18:23:10.978+0000] {local_task_job_runner.py:266} INFO - Task exited with return code 0
[2024-09-21T18:23:11.069+0000] {local_task_job_runner.py:245} INFO - ::endgroup::
