[2024-09-21T18:26:19.375+0000] {local_task_job_runner.py:123} INFO - ::group::Pre task execution logs
[2024-09-21T18:26:19.393+0000] {taskinstance.py:2612} INFO - Dependencies all met for dep_context=non-requeueable deps ti=<TaskInstance: create_table_dag.create_product_table manual__2024-09-21T18:21:36.811509+00:00 [queued]>
[2024-09-21T18:26:19.402+0000] {taskinstance.py:2612} INFO - Dependencies all met for dep_context=requeueable deps ti=<TaskInstance: create_table_dag.create_product_table manual__2024-09-21T18:21:36.811509+00:00 [queued]>
[2024-09-21T18:26:19.403+0000] {taskinstance.py:2865} INFO - Starting attempt 3 of 4
[2024-09-21T18:26:19.415+0000] {taskinstance.py:2888} INFO - Executing <Task(SQLExecuteQueryOperator): create_product_table> on 2024-09-21 18:21:36.811509+00:00
[2024-09-21T18:26:19.422+0000] {standard_task_runner.py:104} INFO - Running: ['***', 'tasks', 'run', 'create_table_dag', 'create_product_table', 'manual__2024-09-21T18:21:36.811509+00:00', '--job-id', '228', '--raw', '--subdir', 'DAGS_FOLDER/create_table_dag.py', '--cfg-path', '/tmp/tmpnlcf2fns']
[2024-09-21T18:26:19.420+0000] {warnings.py:112} WARNING - /home/***/.local/lib/python3.12/site-packages/***/task/task_runner/standard_task_runner.py:70: DeprecationWarning: This process (pid=389) is multi-threaded, use of fork() may lead to deadlocks in the child.
  pid = os.fork()

[2024-09-21T18:26:19.427+0000] {standard_task_runner.py:105} INFO - Job 228: Subtask create_product_table
[2024-09-21T18:26:19.429+0000] {standard_task_runner.py:72} INFO - Started process 390 to run task
[2024-09-21T18:26:19.503+0000] {task_command.py:467} INFO - Running <TaskInstance: create_table_dag.create_product_table manual__2024-09-21T18:21:36.811509+00:00 [running]> on host 6e2558f7c62d
[2024-09-21T18:26:19.598+0000] {taskinstance.py:3131} INFO - Exporting env vars: AIRFLOW_CTX_DAG_OWNER='***' AIRFLOW_CTX_DAG_ID='create_table_dag' AIRFLOW_CTX_TASK_ID='create_product_table' AIRFLOW_CTX_EXECUTION_DATE='2024-09-21T18:21:36.811509+00:00' AIRFLOW_CTX_TRY_NUMBER='3' AIRFLOW_CTX_DAG_RUN_ID='manual__2024-09-21T18:21:36.811509+00:00'
[2024-09-21T18:26:19.601+0000] {taskinstance.py:731} INFO - ::endgroup::
[2024-09-21T18:26:19.607+0000] {sql.py:266} INFO - Executing: drop table if exists PRODUCT;

create table PRODUCT (
    prod_id varchar PRIMARY KEY,
    name varchar,
    price numeric(2)
);

-- insert into PRODUCT(prod_id, name, size, price) values('94E559c49d887e6','Pizza Napoletana',5.5);
-- insert into PRODUCT(prod_id, name, size, price) values('57fDe21a4748Da3','Pizza alla diavola',21.75);
-- insert into PRODUCT(prod_id, name, size, price) values('bA03cfAcCf64FDb','Fugazza - durian',5.25);
-- insert into PRODUCT(prod_id, name, size, price) values('527E4aDFfcEBc48','VN Pizza - sausages',9.25);
-- insert into PRODUCT(prod_id, name, size, price) values('46dE3AbbcaC08FA','Tandoori Paneer pizza - pineapples',8.5);
-- insert into PRODUCT(prod_id, name, size, price) values('b29aB0C87a3edef','Fugazza - tacos',8.75);
[2024-09-21T18:26:19.670+0000] {base.py:84} INFO - Retrieving connection 'postgres_localhost'
[2024-09-21T18:26:19.707+0000] {base.py:84} INFO - Retrieving connection 'postgres_localhost'
[2024-09-21T18:26:19.719+0000] {sql.py:509} INFO - Running statement: drop table if exists PRODUCT;

create table PRODUCT (
    prod_id varchar PRIMARY KEY,
    name varchar,
    price numeric(2)
);

-- insert into PRODUCT(prod_id, name, size, price) values('94E559c49d887e6','Pizza Napoletana',5.5);
-- insert into PRODUCT(prod_id, name, size, price) values('57fDe21a4748Da3','Pizza alla diavola',21.75);
-- insert into PRODUCT(prod_id, name, size, price) values('bA03cfAcCf64FDb','Fugazza - durian',5.25);
-- insert into PRODUCT(prod_id, name, size, price) values('527E4aDFfcEBc48','VN Pizza - sausages',9.25);
-- insert into PRODUCT(prod_id, name, size, price) values('46dE3AbbcaC08FA','Tandoori Paneer pizza - pineapples',8.5);
-- insert into PRODUCT(prod_id, name, size, price) values('b29aB0C87a3edef','Fugazza - tacos',8.75);, parameters: None
[2024-09-21T18:26:19.767+0000] {taskinstance.py:340} INFO - ::group::Post task execution logs
[2024-09-21T18:26:19.769+0000] {taskinstance.py:352} INFO - Marking task as SUCCESS. dag_id=create_table_dag, task_id=create_product_table, run_id=manual__2024-09-21T18:21:36.811509+00:00, execution_date=20240921T182136, start_date=20240921T182619, end_date=20240921T182619
[2024-09-21T18:26:19.789+0000] {local_task_job_runner.py:266} INFO - Task exited with return code 0
[2024-09-21T18:26:19.831+0000] {taskinstance.py:3900} INFO - 1 downstream tasks scheduled from follow-on schedule check
[2024-09-21T18:26:19.834+0000] {local_task_job_runner.py:245} INFO - ::endgroup::
