[2024-09-22T12:52:51.833+0000] {local_task_job_runner.py:123} INFO - ::group::Pre task execution logs
[2024-09-22T12:52:51.846+0000] {taskinstance.py:2612} INFO - Dependencies all met for dep_context=non-requeueable deps ti=<TaskInstance: etl_dag.server_api_active manual__2024-09-22T12:52:50.598091+00:00 [queued]>
[2024-09-22T12:52:51.852+0000] {taskinstance.py:2612} INFO - Dependencies all met for dep_context=requeueable deps ti=<TaskInstance: etl_dag.server_api_active manual__2024-09-22T12:52:50.598091+00:00 [queued]>
[2024-09-22T12:52:51.853+0000] {taskinstance.py:2865} INFO - Starting attempt 1 of 2
[2024-09-22T12:52:51.865+0000] {taskinstance.py:2888} INFO - Executing <Task(HttpSensor): server_api_active> on 2024-09-22 12:52:50.598091+00:00
[2024-09-22T12:52:51.874+0000] {warnings.py:112} WARNING - /home/***/.local/lib/python3.12/site-packages/***/task/task_runner/standard_task_runner.py:70: DeprecationWarning: This process (pid=2946) is multi-threaded, use of fork() may lead to deadlocks in the child.
  pid = os.fork()

[2024-09-22T12:52:51.878+0000] {standard_task_runner.py:104} INFO - Running: ['***', 'tasks', 'run', 'etl_dag', 'server_api_active', 'manual__2024-09-22T12:52:50.598091+00:00', '--job-id', '832', '--raw', '--subdir', 'DAGS_FOLDER/etl_dag.py', '--cfg-path', '/tmp/tmpg1xhas7p']
[2024-09-22T12:52:51.881+0000] {standard_task_runner.py:72} INFO - Started process 2947 to run task
[2024-09-22T12:52:51.883+0000] {standard_task_runner.py:105} INFO - Job 832: Subtask server_api_active
[2024-09-22T12:52:51.934+0000] {task_command.py:467} INFO - Running <TaskInstance: etl_dag.server_api_active manual__2024-09-22T12:52:50.598091+00:00 [running]> on host 6e2558f7c62d
[2024-09-22T12:52:52.014+0000] {taskinstance.py:3131} INFO - Exporting env vars: AIRFLOW_CTX_DAG_OWNER='***' AIRFLOW_CTX_DAG_ID='etl_dag' AIRFLOW_CTX_TASK_ID='server_api_active' AIRFLOW_CTX_EXECUTION_DATE='2024-09-22T12:52:50.598091+00:00' AIRFLOW_CTX_TRY_NUMBER='1' AIRFLOW_CTX_DAG_RUN_ID='manual__2024-09-22T12:52:50.598091+00:00'
[2024-09-22T12:52:52.016+0000] {taskinstance.py:731} INFO - ::endgroup::
[2024-09-22T12:52:52.018+0000] {baseoperator.py:405} WARNING - HttpSensor.execute cannot be called outside TaskInstance!
[2024-09-22T12:52:52.019+0000] {http.py:137} INFO - Poking: generate_data/customers
[2024-09-22T12:52:52.032+0000] {base.py:84} INFO - Retrieving connection 'http_localhost'
[2024-09-22T12:52:52.054+0000] {base.py:336} INFO - Success criteria met. Exiting.
[2024-09-22T12:52:52.067+0000] {taskinstance.py:340} INFO - ::group::Post task execution logs
[2024-09-22T12:52:52.068+0000] {taskinstance.py:352} INFO - Marking task as SUCCESS. dag_id=etl_dag, task_id=server_api_active, run_id=manual__2024-09-22T12:52:50.598091+00:00, execution_date=20240922T125250, start_date=20240922T125251, end_date=20240922T125252
[2024-09-22T12:52:52.109+0000] {local_task_job_runner.py:266} INFO - Task exited with return code 0
[2024-09-22T12:52:52.136+0000] {taskinstance.py:3900} INFO - 3 downstream tasks scheduled from follow-on schedule check
[2024-09-22T12:52:52.139+0000] {local_task_job_runner.py:245} INFO - ::endgroup::
