[2024-09-22T11:50:37.420+0000] {local_task_job_runner.py:123} INFO - ::group::Pre task execution logs
[2024-09-22T11:50:37.438+0000] {taskinstance.py:2612} INFO - Dependencies all met for dep_context=non-requeueable deps ti=<TaskInstance: etl_dag.load manual__2024-09-22T11:50:29.676984+00:00 [queued]>
[2024-09-22T11:50:37.446+0000] {taskinstance.py:2612} INFO - Dependencies all met for dep_context=requeueable deps ti=<TaskInstance: etl_dag.load manual__2024-09-22T11:50:29.676984+00:00 [queued]>
[2024-09-22T11:50:37.447+0000] {taskinstance.py:2865} INFO - Starting attempt 1 of 2
[2024-09-22T11:50:37.458+0000] {taskinstance.py:2888} INFO - Executing <Task(_PythonDecoratedOperator): load> on 2024-09-22 11:50:29.676984+00:00
[2024-09-22T11:50:37.463+0000] {warnings.py:112} WARNING - /home/***/.local/lib/python3.12/site-packages/***/task/task_runner/standard_task_runner.py:70: DeprecationWarning: This process (pid=1539) is multi-threaded, use of fork() may lead to deadlocks in the child.
  pid = os.fork()

[2024-09-22T11:50:37.465+0000] {standard_task_runner.py:72} INFO - Started process 1540 to run task
[2024-09-22T11:50:37.465+0000] {standard_task_runner.py:104} INFO - Running: ['***', 'tasks', 'run', 'etl_dag', 'load', 'manual__2024-09-22T11:50:29.676984+00:00', '--job-id', '636', '--raw', '--subdir', 'DAGS_FOLDER/etl_dag.py', '--cfg-path', '/tmp/tmpfdhhph2i']
[2024-09-22T11:50:37.467+0000] {standard_task_runner.py:105} INFO - Job 636: Subtask load
[2024-09-22T11:50:37.510+0000] {task_command.py:467} INFO - Running <TaskInstance: etl_dag.load manual__2024-09-22T11:50:29.676984+00:00 [running]> on host 6e2558f7c62d
[2024-09-22T11:50:37.565+0000] {taskinstance.py:3131} INFO - Exporting env vars: AIRFLOW_CTX_DAG_OWNER='***' AIRFLOW_CTX_DAG_ID='etl_dag' AIRFLOW_CTX_TASK_ID='load' AIRFLOW_CTX_EXECUTION_DATE='2024-09-22T11:50:29.676984+00:00' AIRFLOW_CTX_TRY_NUMBER='1' AIRFLOW_CTX_DAG_RUN_ID='manual__2024-09-22T11:50:29.676984+00:00'
[2024-09-22T11:50:37.566+0000] {taskinstance.py:731} INFO - ::endgroup::
[2024-09-22T11:50:37.569+0000] {logging_mixin.py:190} INFO - 3
[2024-09-22T11:50:37.570+0000] {logging_mixin.py:190} INFO - {{ task_instance.xcom_pull(task_ids='extract_customers_api', dag_id='etl_dag', key='return_value') }}
[2024-09-22T11:50:37.570+0000] {logging_mixin.py:190} INFO - {{ task_instance.xcom_pull(task_ids='extract_customers_api', dag_id='etl_dag', key='return_value') }}
[2024-09-22T11:50:37.571+0000] {python.py:240} INFO - Done. Returned value was: 3
[2024-09-22T11:50:37.594+0000] {taskinstance.py:340} INFO - ::group::Post task execution logs
[2024-09-22T11:50:37.595+0000] {taskinstance.py:352} INFO - Marking task as SUCCESS. dag_id=etl_dag, task_id=load, run_id=manual__2024-09-22T11:50:29.676984+00:00, execution_date=20240922T115029, start_date=20240922T115037, end_date=20240922T115037
[2024-09-22T11:50:37.647+0000] {local_task_job_runner.py:266} INFO - Task exited with return code 0
[2024-09-22T11:50:37.664+0000] {taskinstance.py:3900} INFO - 0 downstream tasks scheduled from follow-on schedule check
[2024-09-22T11:50:37.666+0000] {local_task_job_runner.py:245} INFO - ::endgroup::
