[2024-09-19T10:45:40.526+0000] {local_task_job_runner.py:123} INFO - ::group::Pre task execution logs
[2024-09-19T10:45:40.791+0000] {taskinstance.py:2612} INFO - Dependencies all met for dep_context=non-requeueable deps ti=<TaskInstance: first_dag.first_task manual__2024-09-19T10:45:35.051095+00:00 [queued]>
[2024-09-19T10:45:40.845+0000] {taskinstance.py:2612} INFO - Dependencies all met for dep_context=requeueable deps ti=<TaskInstance: first_dag.first_task manual__2024-09-19T10:45:35.051095+00:00 [queued]>
[2024-09-19T10:45:40.849+0000] {taskinstance.py:2865} INFO - Starting attempt 1 of 6
[2024-09-19T10:45:40.916+0000] {taskinstance.py:2888} INFO - Executing <Task(BashOperator): first_task> on 2024-09-19 10:45:35.051095+00:00
[2024-09-19T10:45:40.957+0000] {standard_task_runner.py:104} INFO - Running: ['***', 'tasks', 'run', 'first_dag', 'first_task', 'manual__2024-09-19T10:45:35.051095+00:00', '--job-id', '170', '--raw', '--subdir', 'DAGS_FOLDER/first_dag.py', '--cfg-path', '/tmp/tmp47nxxhip']
[2024-09-19T10:45:40.960+0000] {warnings.py:112} WARNING - /home/***/.local/lib/python3.12/site-packages/***/task/task_runner/standard_task_runner.py:70: DeprecationWarning: This process (pid=560) is multi-threaded, use of fork() may lead to deadlocks in the child.
  pid = os.fork()

[2024-09-19T10:45:40.963+0000] {standard_task_runner.py:72} INFO - Started process 583 to run task
[2024-09-19T10:45:40.964+0000] {standard_task_runner.py:105} INFO - Job 170: Subtask first_task
[2024-09-19T10:45:41.373+0000] {task_command.py:467} INFO - Running <TaskInstance: first_dag.first_task manual__2024-09-19T10:45:35.051095+00:00 [running]> on host 77aa4aabff6e
[2024-09-19T10:45:41.778+0000] {taskinstance.py:3131} INFO - Exporting env vars: AIRFLOW_CTX_DAG_OWNER='***' AIRFLOW_CTX_DAG_ID='first_dag' AIRFLOW_CTX_TASK_ID='first_task' AIRFLOW_CTX_EXECUTION_DATE='2024-09-19T10:45:35.051095+00:00' AIRFLOW_CTX_TRY_NUMBER='1' AIRFLOW_CTX_DAG_RUN_ID='manual__2024-09-19T10:45:35.051095+00:00'
[2024-09-19T10:45:41.782+0000] {taskinstance.py:731} INFO - ::endgroup::
[2024-09-19T10:45:41.796+0000] {subprocess.py:63} INFO - Tmp dir root location: /tmp
[2024-09-19T10:45:41.807+0000] {subprocess.py:75} INFO - Running command: ['/usr/bin/bash', '-c', 'echo hello world, this is my first task']
[2024-09-19T10:45:41.878+0000] {subprocess.py:86} INFO - Output:
[2024-09-19T10:45:41.884+0000] {subprocess.py:93} INFO - hello world, this is my first task
[2024-09-19T10:45:41.888+0000] {subprocess.py:97} INFO - Command exited with return code 0
[2024-09-19T10:45:42.045+0000] {taskinstance.py:340} INFO - ::group::Post task execution logs
[2024-09-19T10:45:42.049+0000] {taskinstance.py:352} INFO - Marking task as SUCCESS. dag_id=first_dag, task_id=first_task, run_id=manual__2024-09-19T10:45:35.051095+00:00, execution_date=20240919T104535, start_date=20240919T104540, end_date=20240919T104542
[2024-09-19T10:45:42.252+0000] {local_task_job_runner.py:266} INFO - Task exited with return code 0
[2024-09-19T10:45:42.372+0000] {taskinstance.py:3900} INFO - 0 downstream tasks scheduled from follow-on schedule check
[2024-09-19T10:45:42.384+0000] {local_task_job_runner.py:245} INFO - ::endgroup::
