[2024-09-22T11:42:07.386+0000] {local_task_job_runner.py:123} INFO - ::group::Pre task execution logs
[2024-09-22T11:42:07.414+0000] {taskinstance.py:2612} INFO - Dependencies all met for dep_context=non-requeueable deps ti=<TaskInstance: etl_dag.extract_customers_api manual__2024-09-22T11:42:03.707446+00:00 [queued]>
[2024-09-22T11:42:07.427+0000] {taskinstance.py:2612} INFO - Dependencies all met for dep_context=requeueable deps ti=<TaskInstance: etl_dag.extract_customers_api manual__2024-09-22T11:42:03.707446+00:00 [queued]>
[2024-09-22T11:42:07.427+0000] {taskinstance.py:2865} INFO - Starting attempt 1 of 2
[2024-09-22T11:42:07.449+0000] {taskinstance.py:2888} INFO - Executing <Task(_PythonDecoratedOperator): extract_customers_api> on 2024-09-22 11:42:03.707446+00:00
[2024-09-22T11:42:07.474+0000] {warnings.py:112} WARNING - /home/***/.local/lib/python3.12/site-packages/***/task/task_runner/standard_task_runner.py:70: DeprecationWarning: This process (pid=1293) is multi-threaded, use of fork() may lead to deadlocks in the child.
  pid = os.fork()

[2024-09-22T11:42:07.485+0000] {standard_task_runner.py:72} INFO - Started process 1298 to run task
[2024-09-22T11:42:07.488+0000] {standard_task_runner.py:104} INFO - Running: ['***', 'tasks', 'run', 'etl_dag', 'extract_customers_api', 'manual__2024-09-22T11:42:03.707446+00:00', '--job-id', '591', '--raw', '--subdir', 'DAGS_FOLDER/etl_dag.py', '--cfg-path', '/tmp/tmpzk7tsm60']
[2024-09-22T11:42:07.495+0000] {standard_task_runner.py:105} INFO - Job 591: Subtask extract_customers_api
[2024-09-22T11:42:07.645+0000] {task_command.py:467} INFO - Running <TaskInstance: etl_dag.extract_customers_api manual__2024-09-22T11:42:03.707446+00:00 [running]> on host 6e2558f7c62d
[2024-09-22T11:42:08.099+0000] {taskinstance.py:3131} INFO - Exporting env vars: AIRFLOW_CTX_DAG_OWNER='***' AIRFLOW_CTX_DAG_ID='etl_dag' AIRFLOW_CTX_TASK_ID='extract_customers_api' AIRFLOW_CTX_EXECUTION_DATE='2024-09-22T11:42:03.707446+00:00' AIRFLOW_CTX_TRY_NUMBER='1' AIRFLOW_CTX_DAG_RUN_ID='manual__2024-09-22T11:42:03.707446+00:00'
[2024-09-22T11:42:08.115+0000] {taskinstance.py:731} INFO - ::endgroup::
[2024-09-22T11:42:08.177+0000] {logging_mixin.py:190} INFO - [{"cust_id": "c8cdBe7cFfe9030", "name": "Mindy Walls DVM", "sex": "Male", "age": 45, "address": "10722 Shah Coves Suite 507", "phone": "607-756-3632x771", "job": "Estate manager/land agent"}, {"cust_id": "0e6e7Ed58c7218B", "name": "Miss Kelsey Levy", "sex": "Female", "age": 46, "address": "6182 Jaclyn Skyway", "phone": "001-529-344-3838x2597", "job": "Press photographer"}, {"cust_id": "dbeCBBaC4F1F89d", "name": "Mr. Wayne Stein", "sex": "Female", "age": 30, "address": "12433 Kelli Islands", "phone": "+1-946-278-5023x819", "job": "Recycling officer"}, {"cust_id": "8015dCDDdf4643e", "name": "Dale English", "sex": "Female", "age": 47, "address": "9723 Russo Keys Apt. 225", "phone": "(603)795-6123x84239", "job": "Civil engineer, consulting"}, {"cust_id": "149a86A4C538f31", "name": "Maureen Reilly", "sex": "Female", "age": 43, "address": "99652 Tricia Haven", "phone": "+1-534-414-2956x6647", "job": "Surgeon"}]
[2024-09-22T11:42:08.183+0000] {python.py:240} INFO - Done. Returned value was: [{"cust_id": "c8cdBe7cFfe9030", "name": "Mindy Walls DVM", "sex": "Male", "age": 45, "address": "10722 Shah Coves Suite 507", "phone": "607-756-3632x771", "job": "Estate manager/land agent"}, {"cust_id": "0e6e7Ed58c7218B", "name": "Miss Kelsey Levy", "sex": "Female", "age": 46, "address": "6182 Jaclyn Skyway", "phone": "001-529-344-3838x2597", "job": "Press photographer"}, {"cust_id": "dbeCBBaC4F1F89d", "name": "Mr. Wayne Stein", "sex": "Female", "age": 30, "address": "12433 Kelli Islands", "phone": "+1-946-278-5023x819", "job": "Recycling officer"}, {"cust_id": "8015dCDDdf4643e", "name": "Dale English", "sex": "Female", "age": 47, "address": "9723 Russo Keys Apt. 225", "phone": "(603)795-6123x84239", "job": "Civil engineer, consulting"}, {"cust_id": "149a86A4C538f31", "name": "Maureen Reilly", "sex": "Female", "age": 43, "address": "99652 Tricia Haven", "phone": "+1-534-414-2956x6647", "job": "Surgeon"}]
[2024-09-22T11:42:08.368+0000] {taskinstance.py:340} INFO - ::group::Post task execution logs
[2024-09-22T11:42:08.370+0000] {taskinstance.py:352} INFO - Marking task as SUCCESS. dag_id=etl_dag, task_id=extract_customers_api, run_id=manual__2024-09-22T11:42:03.707446+00:00, execution_date=20240922T114203, start_date=20240922T114207, end_date=20240922T114208
[2024-09-22T11:42:08.462+0000] {local_task_job_runner.py:266} INFO - Task exited with return code 0
[2024-09-22T11:42:08.536+0000] {taskinstance.py:3900} INFO - 1 downstream tasks scheduled from follow-on schedule check
[2024-09-22T11:42:08.542+0000] {local_task_job_runner.py:245} INFO - ::endgroup::
