[2024-09-22T11:42:10.597+0000] {local_task_job_runner.py:123} INFO - ::group::Pre task execution logs
[2024-09-22T11:42:10.618+0000] {taskinstance.py:2612} INFO - Dependencies all met for dep_context=non-requeueable deps ti=<TaskInstance: etl_dag.echo_task manual__2024-09-22T11:42:03.707446+00:00 [queued]>
[2024-09-22T11:42:10.627+0000] {taskinstance.py:2612} INFO - Dependencies all met for dep_context=requeueable deps ti=<TaskInstance: etl_dag.echo_task manual__2024-09-22T11:42:03.707446+00:00 [queued]>
[2024-09-22T11:42:10.628+0000] {taskinstance.py:2865} INFO - Starting attempt 1 of 2
[2024-09-22T11:42:10.673+0000] {taskinstance.py:2888} INFO - Executing <Task(BashOperator): echo_task> on 2024-09-22 11:42:03.707446+00:00
[2024-09-22T11:42:10.692+0000] {warnings.py:112} WARNING - /home/***/.local/lib/python3.12/site-packages/***/task/task_runner/standard_task_runner.py:70: DeprecationWarning: This process (pid=1311) is multi-threaded, use of fork() may lead to deadlocks in the child.
  pid = os.fork()

[2024-09-22T11:42:10.694+0000] {standard_task_runner.py:72} INFO - Started process 1312 to run task
[2024-09-22T11:42:10.694+0000] {standard_task_runner.py:104} INFO - Running: ['***', 'tasks', 'run', 'etl_dag', 'echo_task', 'manual__2024-09-22T11:42:03.707446+00:00', '--job-id', '595', '--raw', '--subdir', 'DAGS_FOLDER/etl_dag.py', '--cfg-path', '/tmp/tmpvhqlv3jb']
[2024-09-22T11:42:10.696+0000] {standard_task_runner.py:105} INFO - Job 595: Subtask echo_task
[2024-09-22T11:42:10.781+0000] {task_command.py:467} INFO - Running <TaskInstance: etl_dag.echo_task manual__2024-09-22T11:42:03.707446+00:00 [running]> on host 6e2558f7c62d
[2024-09-22T11:42:10.975+0000] {taskinstance.py:3131} INFO - Exporting env vars: AIRFLOW_CTX_DAG_OWNER='***' AIRFLOW_CTX_DAG_ID='etl_dag' AIRFLOW_CTX_TASK_ID='echo_task' AIRFLOW_CTX_EXECUTION_DATE='2024-09-22T11:42:03.707446+00:00' AIRFLOW_CTX_TRY_NUMBER='1' AIRFLOW_CTX_DAG_RUN_ID='manual__2024-09-22T11:42:03.707446+00:00'
[2024-09-22T11:42:10.979+0000] {taskinstance.py:731} INFO - ::endgroup::
[2024-09-22T11:42:10.982+0000] {subprocess.py:63} INFO - Tmp dir root location: /tmp
[2024-09-22T11:42:10.984+0000] {subprocess.py:75} INFO - Running command: ['/usr/bin/bash', '-c', 'echo [{"cust_id": "c8cdBe7cFfe9030", "name": "Mindy Walls DVM", "sex": "Male", "age": 45, "address": "10722 Shah Coves Suite 507", "phone": "607-756-3632x771", "job": "Estate manager/land agent"}, {"cust_id": "0e6e7Ed58c7218B", "name": "Miss Kelsey Levy", "sex": "Female", "age": 46, "address": "6182 Jaclyn Skyway", "phone": "001-529-344-3838x2597", "job": "Press photographer"}, {"cust_id": "dbeCBBaC4F1F89d", "name": "Mr. Wayne Stein", "sex": "Female", "age": 30, "address": "12433 Kelli Islands", "phone": "+1-946-278-5023x819", "job": "Recycling officer"}, {"cust_id": "8015dCDDdf4643e", "name": "Dale English", "sex": "Female", "age": 47, "address": "9723 Russo Keys Apt. 225", "phone": "(603)795-6123x84239", "job": "Civil engineer, consulting"}, {"cust_id": "149a86A4C538f31", "name": "Maureen Reilly", "sex": "Female", "age": 43, "address": "99652 Tricia Haven", "phone": "+1-534-414-2956x6647", "job": "Surgeon"}]']
[2024-09-22T11:42:11.019+0000] {subprocess.py:86} INFO - Output:
[2024-09-22T11:42:11.023+0000] {subprocess.py:93} INFO - [{cust_id: c8cdBe7cFfe9030, name: Mindy Walls DVM, sex: Male, age: 45, address: 10722 Shah Coves Suite 507, phone: 607-756-3632x771, job: Estate manager/land agent}, {cust_id: 0e6e7Ed58c7218B, name: Miss Kelsey Levy, sex: Female, age: 46, address: 6182 Jaclyn Skyway, phone: 001-529-344-3838x2597, job: Press photographer}, {cust_id: dbeCBBaC4F1F89d, name: Mr. Wayne Stein, sex: Female, age: 30, address: 12433 Kelli Islands, phone: +1-946-278-5023x819, job: Recycling officer}, {cust_id: 8015dCDDdf4643e, name: Dale English, sex: Female, age: 47, address: 9723 Russo Keys Apt. 225, phone: (603)795-6123x84239, job: Civil engineer, consulting}, {cust_id: 149a86A4C538f31, name: Maureen Reilly, sex: Female, age: 43, address: 99652 Tricia Haven, phone: +1-534-414-2956x6647, job: Surgeon}]
[2024-09-22T11:42:11.025+0000] {subprocess.py:97} INFO - Command exited with return code 0
[2024-09-22T11:42:11.068+0000] {taskinstance.py:340} INFO - ::group::Post task execution logs
[2024-09-22T11:42:11.070+0000] {taskinstance.py:352} INFO - Marking task as SUCCESS. dag_id=etl_dag, task_id=echo_task, run_id=manual__2024-09-22T11:42:03.707446+00:00, execution_date=20240922T114203, start_date=20240922T114210, end_date=20240922T114211
[2024-09-22T11:42:11.124+0000] {local_task_job_runner.py:266} INFO - Task exited with return code 0
[2024-09-22T11:42:11.147+0000] {local_task_job_runner.py:245} INFO - ::endgroup::
