[2024-09-21T18:22:51.348+0000] {local_task_job_runner.py:123} INFO - ::group::Pre task execution logs
[2024-09-21T18:22:51.981+0000] {taskinstance.py:2612} INFO - Dependencies all met for dep_context=non-requeueable deps ti=<TaskInstance: create_table_dag.create_product_table manual__2024-09-21T13:08:12.938130+00:00 [queued]>
[2024-09-21T18:22:52.319+0000] {taskinstance.py:2612} INFO - Dependencies all met for dep_context=requeueable deps ti=<TaskInstance: create_table_dag.create_product_table manual__2024-09-21T13:08:12.938130+00:00 [queued]>
[2024-09-21T18:22:52.325+0000] {taskinstance.py:2865} INFO - Starting attempt 2 of 3
[2024-09-21T18:22:52.693+0000] {taskinstance.py:2888} INFO - Executing <Task(SQLExecuteQueryOperator): create_product_table> on 2024-09-21 13:08:12.938130+00:00
[2024-09-21T18:22:52.767+0000] {standard_task_runner.py:104} INFO - Running: ['***', 'tasks', 'run', 'create_table_dag', 'create_product_table', 'manual__2024-09-21T13:08:12.938130+00:00', '--job-id', '199', '--raw', '--subdir', 'DAGS_FOLDER/create_table_dag.py', '--cfg-path', '/tmp/tmpjsla8k0t']
[2024-09-21T18:22:52.772+0000] {standard_task_runner.py:105} INFO - Job 199: Subtask create_product_table
[2024-09-21T18:22:52.769+0000] {warnings.py:112} WARNING - /home/***/.local/lib/python3.12/site-packages/***/task/task_runner/standard_task_runner.py:70: DeprecationWarning: This process (pid=235) is multi-threaded, use of fork() may lead to deadlocks in the child.
  pid = os.fork()

[2024-09-21T18:22:52.779+0000] {standard_task_runner.py:72} INFO - Started process 261 to run task
[2024-09-21T18:22:54.114+0000] {task_command.py:467} INFO - Running <TaskInstance: create_table_dag.create_product_table manual__2024-09-21T13:08:12.938130+00:00 [running]> on host 6e2558f7c62d
[2024-09-21T18:22:56.495+0000] {taskinstance.py:3131} INFO - Exporting env vars: AIRFLOW_CTX_DAG_OWNER='***' AIRFLOW_CTX_DAG_ID='create_table_dag' AIRFLOW_CTX_TASK_ID='create_product_table' AIRFLOW_CTX_EXECUTION_DATE='2024-09-21T13:08:12.938130+00:00' AIRFLOW_CTX_TRY_NUMBER='2' AIRFLOW_CTX_DAG_RUN_ID='manual__2024-09-21T13:08:12.938130+00:00'
[2024-09-21T18:22:56.544+0000] {taskinstance.py:731} INFO - ::endgroup::
[2024-09-21T18:22:56.577+0000] {sql.py:266} INFO - Executing: drop table if exists PRODUCT;

create table PRODUCT (
    prod_id varchar PRIMARY KEY,
    name varchar,
    price numeric(2)
);

-- insert into PRODUCT(prod_id, name, size, price) values('94E559c49d887e6','Pizza Napoletana',5.5);
-- insert into PRODUCT(prod_id, name, size, price) values('57fDe21a4748Da3','Pizza alla diavola',21.75);
-- insert into PRODUCT(prod_id, name, size, price) values('bA03cfAcCf64FDb','Fugazza - durian',5.25);
-- insert into PRODUCT(prod_id, name, size, price) values('527E4aDFfcEBc48','VN Pizza - sausages',9.25);
-- insert into PRODUCT(prod_id, name, size, price) values('46dE3AbbcaC08FA','Tandoori Paneer pizza - pineapples',8.5);
-- insert into PRODUCT(prod_id, name, size, price) values('b29aB0C87a3edef','Fugazza - tacos',8.75);
[2024-09-21T18:22:56.714+0000] {base.py:84} INFO - Retrieving connection 'postgres_localhost'
[2024-09-21T18:22:56.893+0000] {base.py:84} INFO - Retrieving connection 'postgres_localhost'
[2024-09-21T18:22:56.960+0000] {sql.py:509} INFO - Running statement: drop table if exists PRODUCT;

create table PRODUCT (
    prod_id varchar PRIMARY KEY,
    name varchar,
    price numeric(2)
);

-- insert into PRODUCT(prod_id, name, size, price) values('94E559c49d887e6','Pizza Napoletana',5.5);
-- insert into PRODUCT(prod_id, name, size, price) values('57fDe21a4748Da3','Pizza alla diavola',21.75);
-- insert into PRODUCT(prod_id, name, size, price) values('bA03cfAcCf64FDb','Fugazza - durian',5.25);
-- insert into PRODUCT(prod_id, name, size, price) values('527E4aDFfcEBc48','VN Pizza - sausages',9.25);
-- insert into PRODUCT(prod_id, name, size, price) values('46dE3AbbcaC08FA','Tandoori Paneer pizza - pineapples',8.5);
-- insert into PRODUCT(prod_id, name, size, price) values('b29aB0C87a3edef','Fugazza - tacos',8.75);, parameters: None
[2024-09-21T18:22:57.536+0000] {taskinstance.py:340} INFO - ::group::Post task execution logs
[2024-09-21T18:22:57.568+0000] {taskinstance.py:352} INFO - Marking task as SUCCESS. dag_id=create_table_dag, task_id=create_product_table, run_id=manual__2024-09-21T13:08:12.938130+00:00, execution_date=20240921T130812, start_date=20240921T182252, end_date=20240921T182257
[2024-09-21T18:22:58.212+0000] {local_task_job_runner.py:266} INFO - Task exited with return code 0
[2024-09-21T18:22:58.295+0000] {local_task_job_runner.py:245} INFO - ::endgroup::
