[2024-09-22T12:28:08.176+0000] {local_task_job_runner.py:123} INFO - ::group::Pre task execution logs
[2024-09-22T12:28:08.190+0000] {taskinstance.py:2612} INFO - Dependencies all met for dep_context=non-requeueable deps ti=<TaskInstance: etl_dag.echo_task manual__2024-09-22T12:28:01.863208+00:00 [queued]>
[2024-09-22T12:28:08.197+0000] {taskinstance.py:2612} INFO - Dependencies all met for dep_context=requeueable deps ti=<TaskInstance: etl_dag.echo_task manual__2024-09-22T12:28:01.863208+00:00 [queued]>
[2024-09-22T12:28:08.197+0000] {taskinstance.py:2865} INFO - Starting attempt 1 of 2
[2024-09-22T12:28:08.207+0000] {taskinstance.py:2888} INFO - Executing <Task(BashOperator): echo_task> on 2024-09-22 12:28:01.863208+00:00
[2024-09-22T12:28:08.212+0000] {warnings.py:112} WARNING - /home/***/.local/lib/python3.12/site-packages/***/task/task_runner/standard_task_runner.py:70: DeprecationWarning: This process (pid=2467) is multi-threaded, use of fork() may lead to deadlocks in the child.
  pid = os.fork()

[2024-09-22T12:28:08.214+0000] {standard_task_runner.py:72} INFO - Started process 2468 to run task
[2024-09-22T12:28:08.215+0000] {standard_task_runner.py:104} INFO - Running: ['***', 'tasks', 'run', 'etl_dag', 'echo_task', 'manual__2024-09-22T12:28:01.863208+00:00', '--job-id', '779', '--raw', '--subdir', 'DAGS_FOLDER/etl_dag.py', '--cfg-path', '/tmp/tmpb93ldjcz']
[2024-09-22T12:28:08.216+0000] {standard_task_runner.py:105} INFO - Job 779: Subtask echo_task
[2024-09-22T12:28:08.264+0000] {task_command.py:467} INFO - Running <TaskInstance: etl_dag.echo_task manual__2024-09-22T12:28:01.863208+00:00 [running]> on host 6e2558f7c62d
[2024-09-22T12:28:08.331+0000] {taskinstance.py:3131} INFO - Exporting env vars: AIRFLOW_CTX_DAG_OWNER='***' AIRFLOW_CTX_DAG_ID='etl_dag' AIRFLOW_CTX_TASK_ID='echo_task' AIRFLOW_CTX_EXECUTION_DATE='2024-09-22T12:28:01.863208+00:00' AIRFLOW_CTX_TRY_NUMBER='1' AIRFLOW_CTX_DAG_RUN_ID='manual__2024-09-22T12:28:01.863208+00:00'
[2024-09-22T12:28:08.333+0000] {taskinstance.py:731} INFO - ::endgroup::
[2024-09-22T12:28:08.336+0000] {subprocess.py:63} INFO - Tmp dir root location: /tmp
[2024-09-22T12:28:08.338+0000] {subprocess.py:75} INFO - Running command: ['/usr/bin/bash', '-c', "echo [{'cust_id': '9Ebaebfdfaf64A2', 'name': 'Miss Candace Guerra MD', 'sex': 'Female', 'age': 10, 'address': '006 Micheal Greens', 'phone': '561.761.6748x091', 'job': 'English as a foreign language teacher'}, {'cust_id': 'f1E56cBd9f7F9Ab', 'name': 'Ashlee Knox DDS', 'sex': 'Female', 'age': 54, 'address': '30329 Baker Club', 'phone': '543.939.6697', 'job': 'Product/process development scientist'}, {'cust_id': 'Ac0D53e0ec0ccFa', 'name': 'Caitlyn Gomez PhD', 'sex': 'Female', 'age': 17, 'address': '1778 Aimee Views', 'phone': '001-664-358-0075x2541', 'job': 'Scientist, product/process development'}, {'cust_id': 'dDAF2b34d7758B7', 'name': 'Mr. Guy Keith IV', 'sex': 'Male', 'age': 42, 'address': '4342 Nichole Unions', 'phone': '+1-543-536-8765x4413', 'job': 'Chartered legal executive (England and Wales)'}, {'cust_id': 'd7dcF7beFC9Fbd0', 'name': 'Travis Norris DDS', 'sex': 'Male', 'age': 14, 'address': '2669 Ricky Loaf Suite 941', 'phone': '001-437-360-1490x276', 'job': 'Teacher, adult education'}]"]
[2024-09-22T12:28:08.343+0000] {subprocess.py:86} INFO - Output:
[2024-09-22T12:28:08.347+0000] {subprocess.py:93} INFO - [{cust_id: 9Ebaebfdfaf64A2, name: Miss Candace Guerra MD, sex: Female, age: 10, address: 006 Micheal Greens, phone: 561.761.6748x091, job: English as a foreign language teacher}, {cust_id: f1E56cBd9f7F9Ab, name: Ashlee Knox DDS, sex: Female, age: 54, address: 30329 Baker Club, phone: 543.939.6697, job: Product/process development scientist}, {cust_id: Ac0D53e0ec0ccFa, name: Caitlyn Gomez PhD, sex: Female, age: 17, address: 1778 Aimee Views, phone: 001-664-358-0075x2541, job: Scientist, product/process development}, {cust_id: dDAF2b34d7758B7, name: Mr. Guy Keith IV, sex: Male, age: 42, address: 4342 Nichole Unions, phone: +1-543-536-8765x4413, job: Chartered legal executive (England and Wales)}, {cust_id: d7dcF7beFC9Fbd0, name: Travis Norris DDS, sex: Male, age: 14, address: 2669 Ricky Loaf Suite 941, phone: 001-437-360-1490x276, job: Teacher, adult education}]
[2024-09-22T12:28:08.349+0000] {subprocess.py:97} INFO - Command exited with return code 0
[2024-09-22T12:28:08.370+0000] {taskinstance.py:340} INFO - ::group::Post task execution logs
[2024-09-22T12:28:08.371+0000] {taskinstance.py:352} INFO - Marking task as SUCCESS. dag_id=etl_dag, task_id=echo_task, run_id=manual__2024-09-22T12:28:01.863208+00:00, execution_date=20240922T122801, start_date=20240922T122808, end_date=20240922T122808
[2024-09-22T12:28:08.397+0000] {local_task_job_runner.py:266} INFO - Task exited with return code 0
[2024-09-22T12:28:08.419+0000] {taskinstance.py:3900} INFO - 1 downstream tasks scheduled from follow-on schedule check
[2024-09-22T12:28:08.421+0000] {local_task_job_runner.py:245} INFO - ::endgroup::
