[2024-09-22T12:26:23.566+0000] {local_task_job_runner.py:123} INFO - ::group::Pre task execution logs
[2024-09-22T12:26:23.598+0000] {taskinstance.py:2612} INFO - Dependencies all met for dep_context=non-requeueable deps ti=<TaskInstance: etl_dag.echo_task manual__2024-09-22T12:26:17.026295+00:00 [queued]>
[2024-09-22T12:26:23.613+0000] {taskinstance.py:2612} INFO - Dependencies all met for dep_context=requeueable deps ti=<TaskInstance: etl_dag.echo_task manual__2024-09-22T12:26:17.026295+00:00 [queued]>
[2024-09-22T12:26:23.614+0000] {taskinstance.py:2865} INFO - Starting attempt 1 of 2
[2024-09-22T12:26:23.630+0000] {taskinstance.py:2888} INFO - Executing <Task(BashOperator): echo_task> on 2024-09-22 12:26:17.026295+00:00
[2024-09-22T12:26:23.646+0000] {warnings.py:112} WARNING - /home/***/.local/lib/python3.12/site-packages/***/task/task_runner/standard_task_runner.py:70: DeprecationWarning: This process (pid=2399) is multi-threaded, use of fork() may lead to deadlocks in the child.
  pid = os.fork()

[2024-09-22T12:26:23.671+0000] {standard_task_runner.py:72} INFO - Started process 2400 to run task
[2024-09-22T12:26:23.677+0000] {standard_task_runner.py:104} INFO - Running: ['***', 'tasks', 'run', 'etl_dag', 'echo_task', 'manual__2024-09-22T12:26:17.026295+00:00', '--job-id', '764', '--raw', '--subdir', 'DAGS_FOLDER/etl_dag.py', '--cfg-path', '/tmp/tmpu9tsy38f']
[2024-09-22T12:26:23.689+0000] {standard_task_runner.py:105} INFO - Job 764: Subtask echo_task
[2024-09-22T12:26:23.850+0000] {task_command.py:467} INFO - Running <TaskInstance: etl_dag.echo_task manual__2024-09-22T12:26:17.026295+00:00 [running]> on host 6e2558f7c62d
[2024-09-22T12:26:24.012+0000] {taskinstance.py:3131} INFO - Exporting env vars: AIRFLOW_CTX_DAG_OWNER='***' AIRFLOW_CTX_DAG_ID='etl_dag' AIRFLOW_CTX_TASK_ID='echo_task' AIRFLOW_CTX_EXECUTION_DATE='2024-09-22T12:26:17.026295+00:00' AIRFLOW_CTX_TRY_NUMBER='1' AIRFLOW_CTX_DAG_RUN_ID='manual__2024-09-22T12:26:17.026295+00:00'
[2024-09-22T12:26:24.017+0000] {taskinstance.py:731} INFO - ::endgroup::
[2024-09-22T12:26:24.022+0000] {subprocess.py:63} INFO - Tmp dir root location: /tmp
[2024-09-22T12:26:24.023+0000] {subprocess.py:75} INFO - Running command: ['/usr/bin/bash', '-c', "echo [{'cust_id': '68ECB78e1Da5a12', 'name': 'Cristian Banks', 'sex': 'Male', 'age': 38, 'address': '3582 Stanley Ways Suite 795', 'phone': '8104235491', 'job': 'Structural engineer'}, {'cust_id': '6dfab7DA6286DEC', 'name': 'Dr. Jane Chung MD', 'sex': 'Female', 'age': 61, 'address': '595 Mooney Village', 'phone': '501.615.5449x5685', 'job': 'Psychiatrist'}, {'cust_id': '1E1EFeee32F1aE9', 'name': 'Dr. Jocelyn Edwards DDS', 'sex': 'Male', 'age': 56, 'address': '288 Brett Throughway', 'phone': '(580)815-1922x756', 'job': 'Community development worker'}, {'cust_id': 'b1BD876eeEe4CF1', 'name': 'Mr. Billy Boyd IV', 'sex': 'Male', 'age': 55, 'address': '630 Donaldson Roads Suite 565', 'phone': '437.965.3535x121', 'job': 'Therapist, sports'}, {'cust_id': 'F10aB71fA1EFaF8', 'name': 'Tanner Bullock', 'sex': 'Female', 'age': 60, 'address': '84513 Dunn Canyon Apt. 841', 'phone': '001-246-572-0400x39716', 'job': 'Civil Service fast streamer'}]"]
[2024-09-22T12:26:24.033+0000] {subprocess.py:86} INFO - Output:
[2024-09-22T12:26:24.044+0000] {subprocess.py:93} INFO - [{cust_id: 68ECB78e1Da5a12, name: Cristian Banks, sex: Male, age: 38, address: 3582 Stanley Ways Suite 795, phone: 8104235491, job: Structural engineer}, {cust_id: 6dfab7DA6286DEC, name: Dr. Jane Chung MD, sex: Female, age: 61, address: 595 Mooney Village, phone: 501.615.5449x5685, job: Psychiatrist}, {cust_id: 1E1EFeee32F1aE9, name: Dr. Jocelyn Edwards DDS, sex: Male, age: 56, address: 288 Brett Throughway, phone: (580)815-1922x756, job: Community development worker}, {cust_id: b1BD876eeEe4CF1, name: Mr. Billy Boyd IV, sex: Male, age: 55, address: 630 Donaldson Roads Suite 565, phone: 437.965.3535x121, job: Therapist, sports}, {cust_id: F10aB71fA1EFaF8, name: Tanner Bullock, sex: Female, age: 60, address: 84513 Dunn Canyon Apt. 841, phone: 001-246-572-0400x39716, job: Civil Service fast streamer}]
[2024-09-22T12:26:24.051+0000] {subprocess.py:97} INFO - Command exited with return code 0
[2024-09-22T12:26:24.112+0000] {taskinstance.py:340} INFO - ::group::Post task execution logs
[2024-09-22T12:26:24.116+0000] {taskinstance.py:352} INFO - Marking task as SUCCESS. dag_id=etl_dag, task_id=echo_task, run_id=manual__2024-09-22T12:26:17.026295+00:00, execution_date=20240922T122617, start_date=20240922T122623, end_date=20240922T122624
[2024-09-22T12:26:24.168+0000] {local_task_job_runner.py:266} INFO - Task exited with return code 0
[2024-09-22T12:26:24.224+0000] {taskinstance.py:3900} INFO - 1 downstream tasks scheduled from follow-on schedule check
[2024-09-22T12:26:24.227+0000] {local_task_job_runner.py:245} INFO - ::endgroup::
