[2024-09-22T12:15:55.666+0000] {local_task_job_runner.py:123} INFO - ::group::Pre task execution logs
[2024-09-22T12:15:55.681+0000] {taskinstance.py:2612} INFO - Dependencies all met for dep_context=non-requeueable deps ti=<TaskInstance: etl_dag.echo_task manual__2024-09-22T12:07:43.664275+00:00 [queued]>
[2024-09-22T12:15:55.689+0000] {taskinstance.py:2612} INFO - Dependencies all met for dep_context=requeueable deps ti=<TaskInstance: etl_dag.echo_task manual__2024-09-22T12:07:43.664275+00:00 [queued]>
[2024-09-22T12:15:55.690+0000] {taskinstance.py:2865} INFO - Starting attempt 2 of 3
[2024-09-22T12:15:55.701+0000] {taskinstance.py:2888} INFO - Executing <Task(BashOperator): echo_task> on 2024-09-22 12:07:43.664275+00:00
[2024-09-22T12:15:55.712+0000] {warnings.py:112} WARNING - /home/***/.local/lib/python3.12/site-packages/***/task/task_runner/standard_task_runner.py:70: DeprecationWarning: This process (pid=2077) is multi-threaded, use of fork() may lead to deadlocks in the child.
  pid = os.fork()

[2024-09-22T12:15:55.714+0000] {standard_task_runner.py:104} INFO - Running: ['***', 'tasks', 'run', 'etl_dag', 'echo_task', 'manual__2024-09-22T12:07:43.664275+00:00', '--job-id', '706', '--raw', '--subdir', 'DAGS_FOLDER/etl_dag.py', '--cfg-path', '/tmp/tmpon05xiqi']
[2024-09-22T12:15:55.717+0000] {standard_task_runner.py:105} INFO - Job 706: Subtask echo_task
[2024-09-22T12:15:55.716+0000] {standard_task_runner.py:72} INFO - Started process 2081 to run task
[2024-09-22T12:15:55.765+0000] {task_command.py:467} INFO - Running <TaskInstance: etl_dag.echo_task manual__2024-09-22T12:07:43.664275+00:00 [running]> on host 6e2558f7c62d
[2024-09-22T12:15:55.852+0000] {taskinstance.py:3131} INFO - Exporting env vars: AIRFLOW_CTX_DAG_OWNER='***' AIRFLOW_CTX_DAG_ID='etl_dag' AIRFLOW_CTX_TASK_ID='echo_task' AIRFLOW_CTX_EXECUTION_DATE='2024-09-22T12:07:43.664275+00:00' AIRFLOW_CTX_TRY_NUMBER='2' AIRFLOW_CTX_DAG_RUN_ID='manual__2024-09-22T12:07:43.664275+00:00'
[2024-09-22T12:15:55.853+0000] {taskinstance.py:731} INFO - ::endgroup::
[2024-09-22T12:15:55.857+0000] {subprocess.py:63} INFO - Tmp dir root location: /tmp
[2024-09-22T12:15:55.859+0000] {subprocess.py:75} INFO - Running command: ['/usr/bin/bash', '-c', "echo [{'cust_id': '0937dA7D624CfB9', 'name': 'Dr. Tracie Lyons MD', 'sex': 'Female', 'age': 54, 'address': '783 Macias Causeway', 'phone': '+1-872-592-4907x4474', 'job': 'Research officer, political party'}, {'cust_id': '30B2ad7B36ef764', 'name': 'Dr. Rachel Sosa', 'sex': 'Male', 'age': 24, 'address': '003 Shelley Lane Suite 569', 'phone': '672-454-6962x1967', 'job': 'Radiation protection practitioner'}, {'cust_id': '3bdDbcd3Da0E119', 'name': 'Mrs. Sheena Bernard', 'sex': 'Female', 'age': 58, 'address': '223 West Lights', 'phone': '6229160955', 'job': 'Chemical engineer'}, {'cust_id': 'E29fa51e9F3C810', 'name': 'Darin Johns', 'sex': 'Male', 'age': 26, 'address': '086 Pamela Turnpike Suite 705', 'phone': '+1-229-844-1831x9695', 'job': 'Software engineer'}, {'cust_id': '3C8e19E76b5DC8e', 'name': 'Joshua King IV', 'sex': 'Male', 'age': 51, 'address': '506 Jimenez Key', 'phone': '001-535-869-1897', 'job': 'Sales promotion account executive'}]"]
[2024-09-22T12:15:55.865+0000] {subprocess.py:86} INFO - Output:
[2024-09-22T12:15:55.869+0000] {subprocess.py:93} INFO - [{cust_id: 0937dA7D624CfB9, name: Dr. Tracie Lyons MD, sex: Female, age: 54, address: 783 Macias Causeway, phone: +1-872-592-4907x4474, job: Research officer, political party}, {cust_id: 30B2ad7B36ef764, name: Dr. Rachel Sosa, sex: Male, age: 24, address: 003 Shelley Lane Suite 569, phone: 672-454-6962x1967, job: Radiation protection practitioner}, {cust_id: 3bdDbcd3Da0E119, name: Mrs. Sheena Bernard, sex: Female, age: 58, address: 223 West Lights, phone: 6229160955, job: Chemical engineer}, {cust_id: E29fa51e9F3C810, name: Darin Johns, sex: Male, age: 26, address: 086 Pamela Turnpike Suite 705, phone: +1-229-844-1831x9695, job: Software engineer}, {cust_id: 3C8e19E76b5DC8e, name: Joshua King IV, sex: Male, age: 51, address: 506 Jimenez Key, phone: 001-535-869-1897, job: Sales promotion account executive}]
[2024-09-22T12:15:55.871+0000] {subprocess.py:97} INFO - Command exited with return code 0
[2024-09-22T12:15:55.892+0000] {taskinstance.py:340} INFO - ::group::Post task execution logs
[2024-09-22T12:15:55.893+0000] {taskinstance.py:352} INFO - Marking task as SUCCESS. dag_id=etl_dag, task_id=echo_task, run_id=manual__2024-09-22T12:07:43.664275+00:00, execution_date=20240922T120743, start_date=20240922T121555, end_date=20240922T121555
[2024-09-22T12:15:55.942+0000] {local_task_job_runner.py:266} INFO - Task exited with return code 0
[2024-09-22T12:15:55.955+0000] {taskinstance.py:3900} INFO - 0 downstream tasks scheduled from follow-on schedule check
[2024-09-22T12:15:55.957+0000] {local_task_job_runner.py:245} INFO - ::endgroup::
