[2024-09-22T12:51:00.842+0000] {local_task_job_runner.py:123} INFO - ::group::Pre task execution logs
[2024-09-22T12:51:00.857+0000] {taskinstance.py:2612} INFO - Dependencies all met for dep_context=non-requeueable deps ti=<TaskInstance: etl_dag.load manual__2024-09-22T12:50:54.366572+00:00 [queued]>
[2024-09-22T12:51:00.865+0000] {taskinstance.py:2612} INFO - Dependencies all met for dep_context=requeueable deps ti=<TaskInstance: etl_dag.load manual__2024-09-22T12:50:54.366572+00:00 [queued]>
[2024-09-22T12:51:00.866+0000] {taskinstance.py:2865} INFO - Starting attempt 1 of 2
[2024-09-22T12:51:00.874+0000] {taskinstance.py:2888} INFO - Executing <Task(_PythonDecoratedOperator): load> on 2024-09-22 12:50:54.366572+00:00
[2024-09-22T12:51:00.879+0000] {warnings.py:112} WARNING - /home/***/.local/lib/python3.12/site-packages/***/task/task_runner/standard_task_runner.py:70: DeprecationWarning: This process (pid=2888) is multi-threaded, use of fork() may lead to deadlocks in the child.
  pid = os.fork()

[2024-09-22T12:51:00.880+0000] {standard_task_runner.py:104} INFO - Running: ['***', 'tasks', 'run', 'etl_dag', 'load', 'manual__2024-09-22T12:50:54.366572+00:00', '--job-id', '820', '--raw', '--subdir', 'DAGS_FOLDER/etl_dag.py', '--cfg-path', '/tmp/tmp9iyghjmy']
[2024-09-22T12:51:00.881+0000] {standard_task_runner.py:72} INFO - Started process 2889 to run task
[2024-09-22T12:51:00.882+0000] {standard_task_runner.py:105} INFO - Job 820: Subtask load
[2024-09-22T12:51:00.928+0000] {task_command.py:467} INFO - Running <TaskInstance: etl_dag.load manual__2024-09-22T12:50:54.366572+00:00 [running]> on host 6e2558f7c62d
[2024-09-22T12:51:01.020+0000] {taskinstance.py:3131} INFO - Exporting env vars: AIRFLOW_CTX_DAG_OWNER='***' AIRFLOW_CTX_DAG_ID='etl_dag' AIRFLOW_CTX_TASK_ID='load' AIRFLOW_CTX_EXECUTION_DATE='2024-09-22T12:50:54.366572+00:00' AIRFLOW_CTX_TRY_NUMBER='1' AIRFLOW_CTX_DAG_RUN_ID='manual__2024-09-22T12:50:54.366572+00:00'
[2024-09-22T12:51:01.023+0000] {taskinstance.py:731} INFO - ::endgroup::
[2024-09-22T12:51:01.110+0000] {logging_mixin.py:190} INFO - db ok
[2024-09-22T12:51:01.112+0000] {logging_mixin.py:190} INFO - {'cust_id': '8AcB847F3E1dFb3', 'name': 'Miss Karen Jimenez', 'sex': 'Male', 'age': 14, 'address': '97665 Harrell Meadow', 'phone': '806.888.8451x25405', 'job': 'Clinical cytogeneticist'}
[2024-09-22T12:51:01.112+0000] {logging_mixin.py:190} INFO - {'cust_id': '8BdEed5D7BeB3Ea', 'name': 'Kellie Hebert MD', 'sex': 'Male', 'age': 46, 'address': '9833 Jordan Grove', 'phone': '487.221.3517', 'job': 'Engineer, automotive'}
[2024-09-22T12:51:01.148+0000] {python.py:240} INFO - Done. Returned value was: None
[2024-09-22T12:51:01.170+0000] {taskinstance.py:340} INFO - ::group::Post task execution logs
[2024-09-22T12:51:01.171+0000] {taskinstance.py:352} INFO - Marking task as SUCCESS. dag_id=etl_dag, task_id=load, run_id=manual__2024-09-22T12:50:54.366572+00:00, execution_date=20240922T125054, start_date=20240922T125100, end_date=20240922T125101
[2024-09-22T12:51:01.191+0000] {local_task_job_runner.py:266} INFO - Task exited with return code 0
[2024-09-22T12:51:01.220+0000] {taskinstance.py:3900} INFO - 1 downstream tasks scheduled from follow-on schedule check
[2024-09-22T12:51:01.223+0000] {local_task_job_runner.py:245} INFO - ::endgroup::
