[2024-09-22T12:07:13.324+0000] {local_task_job_runner.py:123} INFO - ::group::Pre task execution logs
[2024-09-22T12:07:13.336+0000] {taskinstance.py:2612} INFO - Dependencies all met for dep_context=non-requeueable deps ti=<TaskInstance: etl_dag.echo_task manual__2024-09-22T12:07:06.908148+00:00 [queued]>
[2024-09-22T12:07:13.343+0000] {taskinstance.py:2612} INFO - Dependencies all met for dep_context=requeueable deps ti=<TaskInstance: etl_dag.echo_task manual__2024-09-22T12:07:06.908148+00:00 [queued]>
[2024-09-22T12:07:13.343+0000] {taskinstance.py:2865} INFO - Starting attempt 1 of 2
[2024-09-22T12:07:13.351+0000] {taskinstance.py:2888} INFO - Executing <Task(BashOperator): echo_task> on 2024-09-22 12:07:06.908148+00:00
[2024-09-22T12:07:13.354+0000] {warnings.py:112} WARNING - /home/***/.local/lib/python3.12/site-packages/***/task/task_runner/standard_task_runner.py:70: DeprecationWarning: This process (pid=1918) is multi-threaded, use of fork() may lead to deadlocks in the child.
  pid = os.fork()

[2024-09-22T12:07:13.356+0000] {standard_task_runner.py:72} INFO - Started process 1919 to run task
[2024-09-22T12:07:13.356+0000] {standard_task_runner.py:104} INFO - Running: ['***', 'tasks', 'run', 'etl_dag', 'echo_task', 'manual__2024-09-22T12:07:06.908148+00:00', '--job-id', '690', '--raw', '--subdir', 'DAGS_FOLDER/etl_dag.py', '--cfg-path', '/tmp/tmp0z90htkg']
[2024-09-22T12:07:13.357+0000] {standard_task_runner.py:105} INFO - Job 690: Subtask echo_task
[2024-09-22T12:07:13.409+0000] {task_command.py:467} INFO - Running <TaskInstance: etl_dag.echo_task manual__2024-09-22T12:07:06.908148+00:00 [running]> on host 6e2558f7c62d
[2024-09-22T12:07:13.470+0000] {taskinstance.py:3131} INFO - Exporting env vars: AIRFLOW_CTX_DAG_OWNER='***' AIRFLOW_CTX_DAG_ID='etl_dag' AIRFLOW_CTX_TASK_ID='echo_task' AIRFLOW_CTX_EXECUTION_DATE='2024-09-22T12:07:06.908148+00:00' AIRFLOW_CTX_TRY_NUMBER='1' AIRFLOW_CTX_DAG_RUN_ID='manual__2024-09-22T12:07:06.908148+00:00'
[2024-09-22T12:07:13.475+0000] {taskinstance.py:731} INFO - ::endgroup::
[2024-09-22T12:07:13.477+0000] {subprocess.py:63} INFO - Tmp dir root location: /tmp
[2024-09-22T12:07:13.478+0000] {subprocess.py:75} INFO - Running command: ['/usr/bin/bash', '-c', "echo [{'cust_id': 'Ad287e2Bf9a94f5', 'name': 'Mr. Carl Stevenson', 'sex': 'Male', 'age': 29, 'address': '39248 Maldonado Ridges', 'phone': '001-899-403-5933x1303', 'job': 'Dramatherapist'}, {'cust_id': '39DEEe54C361C3b', 'name': 'Shirley Montoya', 'sex': 'Female', 'age': 42, 'address': '85841 Yesenia Trail', 'phone': '402-369-9173x946', 'job': 'Futures trader'}, {'cust_id': 'F4d434Eb9c7cdC1', 'name': 'Miss Doris Strickland', 'sex': 'Male', 'age': 40, 'address': '0093 Wilkerson Rapids Suite 561', 'phone': '705-519-7835', 'job': 'Meteorologist'}, {'cust_id': 'Feb3E1Db17B4583', 'name': 'Dr. Alicia Richardson', 'sex': 'Female', 'age': 66, 'address': '227 Barbara Parkways Apt. 058', 'phone': '448-576-3039', 'job': 'Retail merchandiser'}, {'cust_id': 'BbeBadB55a1AAe3', 'name': 'Yvonne Khan DVM', 'sex': 'Male', 'age': 44, 'address': '87876 Pamela Extension Apt. 578', 'phone': '001-379-845-4431', 'job': 'Engineer, manufacturing systems'}]"]
[2024-09-22T12:07:13.483+0000] {subprocess.py:86} INFO - Output:
[2024-09-22T12:07:13.486+0000] {subprocess.py:93} INFO - [{cust_id: Ad287e2Bf9a94f5, name: Mr. Carl Stevenson, sex: Male, age: 29, address: 39248 Maldonado Ridges, phone: 001-899-403-5933x1303, job: Dramatherapist}, {cust_id: 39DEEe54C361C3b, name: Shirley Montoya, sex: Female, age: 42, address: 85841 Yesenia Trail, phone: 402-369-9173x946, job: Futures trader}, {cust_id: F4d434Eb9c7cdC1, name: Miss Doris Strickland, sex: Male, age: 40, address: 0093 Wilkerson Rapids Suite 561, phone: 705-519-7835, job: Meteorologist}, {cust_id: Feb3E1Db17B4583, name: Dr. Alicia Richardson, sex: Female, age: 66, address: 227 Barbara Parkways Apt. 058, phone: 448-576-3039, job: Retail merchandiser}, {cust_id: BbeBadB55a1AAe3, name: Yvonne Khan DVM, sex: Male, age: 44, address: 87876 Pamela Extension Apt. 578, phone: 001-379-845-4431, job: Engineer, manufacturing systems}]
[2024-09-22T12:07:13.487+0000] {subprocess.py:97} INFO - Command exited with return code 0
[2024-09-22T12:07:13.510+0000] {taskinstance.py:340} INFO - ::group::Post task execution logs
[2024-09-22T12:07:13.511+0000] {taskinstance.py:352} INFO - Marking task as SUCCESS. dag_id=etl_dag, task_id=echo_task, run_id=manual__2024-09-22T12:07:06.908148+00:00, execution_date=20240922T120706, start_date=20240922T120713, end_date=20240922T120713
[2024-09-22T12:07:13.537+0000] {local_task_job_runner.py:266} INFO - Task exited with return code 0
[2024-09-22T12:07:13.553+0000] {taskinstance.py:3900} INFO - 1 downstream tasks scheduled from follow-on schedule check
[2024-09-22T12:07:13.555+0000] {local_task_job_runner.py:245} INFO - ::endgroup::
