[2024-09-22T13:09:45.874+0000] {local_task_job_runner.py:123} INFO - ::group::Pre task execution logs
[2024-09-22T13:09:45.888+0000] {taskinstance.py:2612} INFO - Dependencies all met for dep_context=non-requeueable deps ti=<TaskInstance: etl_dag.load manual__2024-09-22T13:09:41.212416+00:00 [queued]>
[2024-09-22T13:09:45.894+0000] {taskinstance.py:2612} INFO - Dependencies all met for dep_context=requeueable deps ti=<TaskInstance: etl_dag.load manual__2024-09-22T13:09:41.212416+00:00 [queued]>
[2024-09-22T13:09:45.895+0000] {taskinstance.py:2865} INFO - Starting attempt 1 of 2
[2024-09-22T13:09:45.902+0000] {taskinstance.py:2888} INFO - Executing <Task(_PythonDecoratedOperator): load> on 2024-09-22 13:09:41.212416+00:00
[2024-09-22T13:09:45.907+0000] {warnings.py:112} WARNING - /home/***/.local/lib/python3.12/site-packages/***/task/task_runner/standard_task_runner.py:70: DeprecationWarning: This process (pid=3447) is multi-threaded, use of fork() may lead to deadlocks in the child.
  pid = os.fork()

[2024-09-22T13:09:45.908+0000] {standard_task_runner.py:72} INFO - Started process 3448 to run task
[2024-09-22T13:09:45.908+0000] {standard_task_runner.py:104} INFO - Running: ['***', 'tasks', 'run', 'etl_dag', 'load', 'manual__2024-09-22T13:09:41.212416+00:00', '--job-id', '924', '--raw', '--subdir', 'DAGS_FOLDER/etl_dag.py', '--cfg-path', '/tmp/tmpns5_y0la']
[2024-09-22T13:09:45.910+0000] {standard_task_runner.py:105} INFO - Job 924: Subtask load
[2024-09-22T13:09:45.958+0000] {task_command.py:467} INFO - Running <TaskInstance: etl_dag.load manual__2024-09-22T13:09:41.212416+00:00 [running]> on host 6e2558f7c62d
[2024-09-22T13:09:46.013+0000] {taskinstance.py:3131} INFO - Exporting env vars: AIRFLOW_CTX_DAG_OWNER='***' AIRFLOW_CTX_DAG_ID='etl_dag' AIRFLOW_CTX_TASK_ID='load' AIRFLOW_CTX_EXECUTION_DATE='2024-09-22T13:09:41.212416+00:00' AIRFLOW_CTX_TRY_NUMBER='1' AIRFLOW_CTX_DAG_RUN_ID='manual__2024-09-22T13:09:41.212416+00:00'
[2024-09-22T13:09:46.015+0000] {taskinstance.py:731} INFO - ::endgroup::
[2024-09-22T13:09:46.057+0000] {logging_mixin.py:190} INFO - db ok
[2024-09-22T13:09:46.060+0000] {logging_mixin.py:190} INFO - {'cust_id': '2D266BAa11E7b0C', 'name': 'Dr. Julian Soto', 'sex': 'Female', 'age': 48, 'address': '2713 Gonzales Mountains', 'phone': '530.992.0166', 'job': 'Waste management officer'}
[2024-09-22T13:09:46.062+0000] {logging_mixin.py:190} INFO - {'cust_id': 'bA9515cA02857fF', 'name': 'Gene Strong', 'sex': 'Male', 'age': 32, 'address': '264 Valentine Isle Suite 086', 'phone': '322-920-6008x97258', 'job': 'Engineer, electronics'}
[2024-09-22T13:09:46.081+0000] {python.py:240} INFO - Done. Returned value was: None
[2024-09-22T13:09:46.093+0000] {taskinstance.py:340} INFO - ::group::Post task execution logs
[2024-09-22T13:09:46.094+0000] {taskinstance.py:352} INFO - Marking task as SUCCESS. dag_id=etl_dag, task_id=load, run_id=manual__2024-09-22T13:09:41.212416+00:00, execution_date=20240922T130941, start_date=20240922T130945, end_date=20240922T130946
[2024-09-22T13:09:46.130+0000] {local_task_job_runner.py:266} INFO - Task exited with return code 0
[2024-09-22T13:09:46.149+0000] {taskinstance.py:3900} INFO - 1 downstream tasks scheduled from follow-on schedule check
[2024-09-22T13:09:46.151+0000] {local_task_job_runner.py:245} INFO - ::endgroup::
