[2024-09-22T11:49:10.318+0000] {local_task_job_runner.py:123} INFO - ::group::Pre task execution logs
[2024-09-22T11:49:10.343+0000] {taskinstance.py:2612} INFO - Dependencies all met for dep_context=non-requeueable deps ti=<TaskInstance: etl_dag.is_api_active manual__2024-09-22T11:49:08.454516+00:00 [queued]>
[2024-09-22T11:49:10.353+0000] {taskinstance.py:2612} INFO - Dependencies all met for dep_context=requeueable deps ti=<TaskInstance: etl_dag.is_api_active manual__2024-09-22T11:49:08.454516+00:00 [queued]>
[2024-09-22T11:49:10.354+0000] {taskinstance.py:2865} INFO - Starting attempt 1 of 2
[2024-09-22T11:49:10.378+0000] {taskinstance.py:2888} INFO - Executing <Task(HttpSensor): is_api_active> on 2024-09-22 11:49:08.454516+00:00
[2024-09-22T11:49:10.382+0000] {warnings.py:112} WARNING - /home/***/.local/lib/python3.12/site-packages/***/task/task_runner/standard_task_runner.py:70: DeprecationWarning: This process (pid=1477) is multi-threaded, use of fork() may lead to deadlocks in the child.
  pid = os.fork()

[2024-09-22T11:49:10.384+0000] {standard_task_runner.py:72} INFO - Started process 1479 to run task
[2024-09-22T11:49:10.383+0000] {standard_task_runner.py:104} INFO - Running: ['***', 'tasks', 'run', 'etl_dag', 'is_api_active', 'manual__2024-09-22T11:49:08.454516+00:00', '--job-id', '622', '--raw', '--subdir', 'DAGS_FOLDER/etl_dag.py', '--cfg-path', '/tmp/tmppvl1vqxn']
[2024-09-22T11:49:10.386+0000] {standard_task_runner.py:105} INFO - Job 622: Subtask is_api_active
[2024-09-22T11:49:10.423+0000] {task_command.py:467} INFO - Running <TaskInstance: etl_dag.is_api_active manual__2024-09-22T11:49:08.454516+00:00 [running]> on host 6e2558f7c62d
[2024-09-22T11:49:10.495+0000] {taskinstance.py:3131} INFO - Exporting env vars: AIRFLOW_CTX_DAG_OWNER='***' AIRFLOW_CTX_DAG_ID='etl_dag' AIRFLOW_CTX_TASK_ID='is_api_active' AIRFLOW_CTX_EXECUTION_DATE='2024-09-22T11:49:08.454516+00:00' AIRFLOW_CTX_TRY_NUMBER='1' AIRFLOW_CTX_DAG_RUN_ID='manual__2024-09-22T11:49:08.454516+00:00'
[2024-09-22T11:49:10.497+0000] {taskinstance.py:731} INFO - ::endgroup::
[2024-09-22T11:49:10.499+0000] {baseoperator.py:405} WARNING - HttpSensor.execute cannot be called outside TaskInstance!
[2024-09-22T11:49:10.500+0000] {http.py:137} INFO - Poking: generate_data/customers
[2024-09-22T11:49:10.508+0000] {base.py:84} INFO - Retrieving connection 'http_localhost'
[2024-09-22T11:49:10.529+0000] {base.py:336} INFO - Success criteria met. Exiting.
[2024-09-22T11:49:10.538+0000] {taskinstance.py:340} INFO - ::group::Post task execution logs
[2024-09-22T11:49:10.539+0000] {taskinstance.py:352} INFO - Marking task as SUCCESS. dag_id=etl_dag, task_id=is_api_active, run_id=manual__2024-09-22T11:49:08.454516+00:00, execution_date=20240922T114908, start_date=20240922T114910, end_date=20240922T114910
[2024-09-22T11:49:10.566+0000] {local_task_job_runner.py:266} INFO - Task exited with return code 0
[2024-09-22T11:49:10.579+0000] {dagrun.py:977} ERROR - Failed to get task for ti <TaskInstance: etl_dag.load__1 manual__2024-09-22T11:49:08.454516+00:00 [None]>. Marking it as removed.
[2024-09-22T11:49:10.591+0000] {taskinstance.py:3900} INFO - 3 downstream tasks scheduled from follow-on schedule check
[2024-09-22T11:49:10.594+0000] {local_task_job_runner.py:245} INFO - ::endgroup::
