[2024-09-17T18:24:38.182+0000] {processor.py:186} INFO - Started process (PID=26) to work on /opt/airflow/dags/first_dag.py
[2024-09-17T18:24:38.190+0000] {processor.py:914} INFO - Processing file /opt/airflow/dags/first_dag.py for tasks to queue
[2024-09-17T18:24:38.218+0000] {logging_mixin.py:190} INFO - [2024-09-17T18:24:38.216+0000] {dagbag.py:587} INFO - Filling up the DagBag from /opt/airflow/dags/first_dag.py
[2024-09-17T18:24:38.247+0000] {processor.py:927} WARNING - No viable dags retrieved from /opt/airflow/dags/first_dag.py
[2024-09-17T18:24:38.320+0000] {processor.py:208} INFO - Processing /opt/airflow/dags/first_dag.py took 0.151 seconds
[2024-09-17T18:25:08.713+0000] {processor.py:186} INFO - Started process (PID=32) to work on /opt/airflow/dags/first_dag.py
[2024-09-17T18:25:08.719+0000] {processor.py:914} INFO - Processing file /opt/airflow/dags/first_dag.py for tasks to queue
[2024-09-17T18:25:08.747+0000] {logging_mixin.py:190} INFO - [2024-09-17T18:25:08.745+0000] {dagbag.py:587} INFO - Filling up the DagBag from /opt/airflow/dags/first_dag.py
[2024-09-17T18:25:08.783+0000] {processor.py:927} WARNING - No viable dags retrieved from /opt/airflow/dags/first_dag.py
[2024-09-17T18:25:08.820+0000] {processor.py:208} INFO - Processing /opt/airflow/dags/first_dag.py took 0.153 seconds
[2024-09-17T18:25:39.169+0000] {processor.py:186} INFO - Started process (PID=39) to work on /opt/airflow/dags/first_dag.py
[2024-09-17T18:25:39.171+0000] {processor.py:914} INFO - Processing file /opt/airflow/dags/first_dag.py for tasks to queue
[2024-09-17T18:25:39.181+0000] {logging_mixin.py:190} INFO - [2024-09-17T18:25:39.177+0000] {dagbag.py:587} INFO - Filling up the DagBag from /opt/airflow/dags/first_dag.py
[2024-09-17T18:25:39.194+0000] {processor.py:927} WARNING - No viable dags retrieved from /opt/airflow/dags/first_dag.py
[2024-09-17T18:25:39.229+0000] {processor.py:208} INFO - Processing /opt/airflow/dags/first_dag.py took 0.069 seconds
[2024-09-17T18:26:09.654+0000] {processor.py:186} INFO - Started process (PID=46) to work on /opt/airflow/dags/first_dag.py
[2024-09-17T18:26:09.657+0000] {processor.py:914} INFO - Processing file /opt/airflow/dags/first_dag.py for tasks to queue
[2024-09-17T18:26:09.668+0000] {logging_mixin.py:190} INFO - [2024-09-17T18:26:09.667+0000] {dagbag.py:587} INFO - Filling up the DagBag from /opt/airflow/dags/first_dag.py
[2024-09-17T18:26:09.690+0000] {processor.py:927} WARNING - No viable dags retrieved from /opt/airflow/dags/first_dag.py
[2024-09-17T18:26:09.711+0000] {processor.py:208} INFO - Processing /opt/airflow/dags/first_dag.py took 0.076 seconds
[2024-09-17T18:26:40.335+0000] {processor.py:186} INFO - Started process (PID=52) to work on /opt/airflow/dags/first_dag.py
[2024-09-17T18:26:40.338+0000] {processor.py:914} INFO - Processing file /opt/airflow/dags/first_dag.py for tasks to queue
[2024-09-17T18:26:40.355+0000] {logging_mixin.py:190} INFO - [2024-09-17T18:26:40.354+0000] {dagbag.py:587} INFO - Filling up the DagBag from /opt/airflow/dags/first_dag.py
[2024-09-17T18:26:40.368+0000] {processor.py:927} WARNING - No viable dags retrieved from /opt/airflow/dags/first_dag.py
[2024-09-17T18:26:40.415+0000] {processor.py:208} INFO - Processing /opt/airflow/dags/first_dag.py took 0.096 seconds
[2024-09-17T18:28:24.949+0000] {processor.py:186} INFO - Started process (PID=28) to work on /opt/airflow/dags/first_dag.py
[2024-09-17T18:28:24.959+0000] {processor.py:914} INFO - Processing file /opt/airflow/dags/first_dag.py for tasks to queue
[2024-09-17T18:28:24.986+0000] {logging_mixin.py:190} INFO - [2024-09-17T18:28:24.982+0000] {dagbag.py:587} INFO - Filling up the DagBag from /opt/airflow/dags/first_dag.py
[2024-09-17T18:28:25.019+0000] {processor.py:927} WARNING - No viable dags retrieved from /opt/airflow/dags/first_dag.py
[2024-09-17T18:28:25.048+0000] {processor.py:208} INFO - Processing /opt/airflow/dags/first_dag.py took 0.118 seconds
[2024-09-17T18:28:55.386+0000] {processor.py:186} INFO - Started process (PID=91) to work on /opt/airflow/dags/first_dag.py
[2024-09-17T18:28:55.388+0000] {processor.py:914} INFO - Processing file /opt/airflow/dags/first_dag.py for tasks to queue
[2024-09-17T18:28:55.393+0000] {logging_mixin.py:190} INFO - [2024-09-17T18:28:55.393+0000] {dagbag.py:587} INFO - Filling up the DagBag from /opt/airflow/dags/first_dag.py
[2024-09-17T18:28:55.401+0000] {processor.py:927} WARNING - No viable dags retrieved from /opt/airflow/dags/first_dag.py
[2024-09-17T18:28:55.438+0000] {processor.py:208} INFO - Processing /opt/airflow/dags/first_dag.py took 0.062 seconds
[2024-09-17T18:29:26.379+0000] {processor.py:186} INFO - Started process (PID=154) to work on /opt/airflow/dags/first_dag.py
[2024-09-17T18:29:26.380+0000] {processor.py:914} INFO - Processing file /opt/airflow/dags/first_dag.py for tasks to queue
[2024-09-17T18:29:26.385+0000] {logging_mixin.py:190} INFO - [2024-09-17T18:29:26.384+0000] {dagbag.py:587} INFO - Filling up the DagBag from /opt/airflow/dags/first_dag.py
[2024-09-17T18:29:26.391+0000] {processor.py:927} WARNING - No viable dags retrieved from /opt/airflow/dags/first_dag.py
[2024-09-17T18:29:26.422+0000] {processor.py:208} INFO - Processing /opt/airflow/dags/first_dag.py took 0.053 seconds
[2024-09-17T18:29:57.095+0000] {processor.py:186} INFO - Started process (PID=217) to work on /opt/airflow/dags/first_dag.py
[2024-09-17T18:29:57.108+0000] {processor.py:914} INFO - Processing file /opt/airflow/dags/first_dag.py for tasks to queue
[2024-09-17T18:29:57.125+0000] {logging_mixin.py:190} INFO - [2024-09-17T18:29:57.124+0000] {dagbag.py:587} INFO - Filling up the DagBag from /opt/airflow/dags/first_dag.py
[2024-09-17T18:29:57.148+0000] {processor.py:927} WARNING - No viable dags retrieved from /opt/airflow/dags/first_dag.py
[2024-09-17T18:29:57.189+0000] {processor.py:208} INFO - Processing /opt/airflow/dags/first_dag.py took 0.113 seconds
[2024-09-17T18:30:27.696+0000] {processor.py:186} INFO - Started process (PID=280) to work on /opt/airflow/dags/first_dag.py
[2024-09-17T18:30:27.699+0000] {processor.py:914} INFO - Processing file /opt/airflow/dags/first_dag.py for tasks to queue
[2024-09-17T18:30:27.710+0000] {logging_mixin.py:190} INFO - [2024-09-17T18:30:27.709+0000] {dagbag.py:587} INFO - Filling up the DagBag from /opt/airflow/dags/first_dag.py
[2024-09-17T18:30:27.719+0000] {processor.py:927} WARNING - No viable dags retrieved from /opt/airflow/dags/first_dag.py
[2024-09-17T18:30:27.733+0000] {processor.py:208} INFO - Processing /opt/airflow/dags/first_dag.py took 0.055 seconds
[2024-09-17T18:30:57.887+0000] {processor.py:186} INFO - Started process (PID=343) to work on /opt/airflow/dags/first_dag.py
[2024-09-17T18:30:57.890+0000] {processor.py:914} INFO - Processing file /opt/airflow/dags/first_dag.py for tasks to queue
[2024-09-17T18:30:57.909+0000] {logging_mixin.py:190} INFO - [2024-09-17T18:30:57.908+0000] {dagbag.py:587} INFO - Filling up the DagBag from /opt/airflow/dags/first_dag.py
[2024-09-17T18:30:57.918+0000] {processor.py:927} WARNING - No viable dags retrieved from /opt/airflow/dags/first_dag.py
[2024-09-17T18:30:57.934+0000] {processor.py:208} INFO - Processing /opt/airflow/dags/first_dag.py took 0.058 seconds
[2024-09-17T18:31:28.654+0000] {processor.py:186} INFO - Started process (PID=405) to work on /opt/airflow/dags/first_dag.py
[2024-09-17T18:31:28.656+0000] {processor.py:914} INFO - Processing file /opt/airflow/dags/first_dag.py for tasks to queue
[2024-09-17T18:31:28.661+0000] {logging_mixin.py:190} INFO - [2024-09-17T18:31:28.660+0000] {dagbag.py:587} INFO - Filling up the DagBag from /opt/airflow/dags/first_dag.py
[2024-09-17T18:31:28.669+0000] {processor.py:927} WARNING - No viable dags retrieved from /opt/airflow/dags/first_dag.py
[2024-09-17T18:31:28.685+0000] {processor.py:208} INFO - Processing /opt/airflow/dags/first_dag.py took 0.039 seconds
[2024-09-17T18:31:59.551+0000] {processor.py:186} INFO - Started process (PID=468) to work on /opt/airflow/dags/first_dag.py
[2024-09-17T18:31:59.552+0000] {processor.py:914} INFO - Processing file /opt/airflow/dags/first_dag.py for tasks to queue
[2024-09-17T18:31:59.558+0000] {logging_mixin.py:190} INFO - [2024-09-17T18:31:59.557+0000] {dagbag.py:587} INFO - Filling up the DagBag from /opt/airflow/dags/first_dag.py
[2024-09-17T18:31:59.566+0000] {processor.py:927} WARNING - No viable dags retrieved from /opt/airflow/dags/first_dag.py
[2024-09-17T18:31:59.578+0000] {processor.py:208} INFO - Processing /opt/airflow/dags/first_dag.py took 0.035 seconds
[2024-09-17T18:32:30.399+0000] {processor.py:186} INFO - Started process (PID=531) to work on /opt/airflow/dags/first_dag.py
[2024-09-17T18:32:30.401+0000] {processor.py:914} INFO - Processing file /opt/airflow/dags/first_dag.py for tasks to queue
[2024-09-17T18:32:30.417+0000] {logging_mixin.py:190} INFO - [2024-09-17T18:32:30.414+0000] {dagbag.py:587} INFO - Filling up the DagBag from /opt/airflow/dags/first_dag.py
[2024-09-17T18:32:30.439+0000] {processor.py:927} WARNING - No viable dags retrieved from /opt/airflow/dags/first_dag.py
[2024-09-17T18:32:30.533+0000] {processor.py:208} INFO - Processing /opt/airflow/dags/first_dag.py took 0.144 seconds
[2024-09-17T18:33:25.043+0000] {processor.py:186} INFO - Started process (PID=27) to work on /opt/airflow/dags/first_dag.py
[2024-09-17T18:33:25.045+0000] {processor.py:914} INFO - Processing file /opt/airflow/dags/first_dag.py for tasks to queue
[2024-09-17T18:33:25.049+0000] {logging_mixin.py:190} INFO - [2024-09-17T18:33:25.049+0000] {dagbag.py:587} INFO - Filling up the DagBag from /opt/airflow/dags/first_dag.py
[2024-09-17T18:33:25.056+0000] {processor.py:927} WARNING - No viable dags retrieved from /opt/airflow/dags/first_dag.py
[2024-09-17T18:33:25.075+0000] {processor.py:208} INFO - Processing /opt/airflow/dags/first_dag.py took 0.065 seconds
[2024-09-17T18:33:55.674+0000] {processor.py:186} INFO - Started process (PID=34) to work on /opt/airflow/dags/first_dag.py
[2024-09-17T18:33:55.677+0000] {processor.py:914} INFO - Processing file /opt/airflow/dags/first_dag.py for tasks to queue
[2024-09-17T18:33:55.683+0000] {logging_mixin.py:190} INFO - [2024-09-17T18:33:55.682+0000] {dagbag.py:587} INFO - Filling up the DagBag from /opt/airflow/dags/first_dag.py
[2024-09-17T18:33:55.691+0000] {processor.py:927} WARNING - No viable dags retrieved from /opt/airflow/dags/first_dag.py
[2024-09-17T18:33:55.722+0000] {processor.py:208} INFO - Processing /opt/airflow/dags/first_dag.py took 0.059 seconds
[2024-09-17T18:34:26.342+0000] {processor.py:186} INFO - Started process (PID=41) to work on /opt/airflow/dags/first_dag.py
[2024-09-17T18:34:26.344+0000] {processor.py:914} INFO - Processing file /opt/airflow/dags/first_dag.py for tasks to queue
[2024-09-17T18:34:26.349+0000] {logging_mixin.py:190} INFO - [2024-09-17T18:34:26.348+0000] {dagbag.py:587} INFO - Filling up the DagBag from /opt/airflow/dags/first_dag.py
[2024-09-17T18:34:26.359+0000] {processor.py:927} WARNING - No viable dags retrieved from /opt/airflow/dags/first_dag.py
[2024-09-17T18:34:26.384+0000] {processor.py:208} INFO - Processing /opt/airflow/dags/first_dag.py took 0.050 seconds
[2024-09-17T18:34:56.796+0000] {processor.py:186} INFO - Started process (PID=48) to work on /opt/airflow/dags/first_dag.py
[2024-09-17T18:34:56.798+0000] {processor.py:914} INFO - Processing file /opt/airflow/dags/first_dag.py for tasks to queue
[2024-09-17T18:34:56.804+0000] {logging_mixin.py:190} INFO - [2024-09-17T18:34:56.803+0000] {dagbag.py:587} INFO - Filling up the DagBag from /opt/airflow/dags/first_dag.py
[2024-09-17T18:34:56.812+0000] {processor.py:927} WARNING - No viable dags retrieved from /opt/airflow/dags/first_dag.py
[2024-09-17T18:34:56.835+0000] {processor.py:208} INFO - Processing /opt/airflow/dags/first_dag.py took 0.064 seconds
[2024-09-17T18:35:27.489+0000] {processor.py:186} INFO - Started process (PID=54) to work on /opt/airflow/dags/first_dag.py
[2024-09-17T18:35:27.493+0000] {processor.py:914} INFO - Processing file /opt/airflow/dags/first_dag.py for tasks to queue
[2024-09-17T18:35:27.499+0000] {logging_mixin.py:190} INFO - [2024-09-17T18:35:27.498+0000] {dagbag.py:587} INFO - Filling up the DagBag from /opt/airflow/dags/first_dag.py
[2024-09-17T18:35:27.507+0000] {processor.py:927} WARNING - No viable dags retrieved from /opt/airflow/dags/first_dag.py
[2024-09-17T18:35:27.528+0000] {processor.py:208} INFO - Processing /opt/airflow/dags/first_dag.py took 0.061 seconds
[2024-09-17T18:35:57.911+0000] {processor.py:186} INFO - Started process (PID=61) to work on /opt/airflow/dags/first_dag.py
[2024-09-17T18:35:57.913+0000] {processor.py:914} INFO - Processing file /opt/airflow/dags/first_dag.py for tasks to queue
[2024-09-17T18:35:57.918+0000] {logging_mixin.py:190} INFO - [2024-09-17T18:35:57.917+0000] {dagbag.py:587} INFO - Filling up the DagBag from /opt/airflow/dags/first_dag.py
[2024-09-17T18:35:57.925+0000] {processor.py:927} WARNING - No viable dags retrieved from /opt/airflow/dags/first_dag.py
[2024-09-17T18:35:57.960+0000] {processor.py:208} INFO - Processing /opt/airflow/dags/first_dag.py took 0.060 seconds
[2024-09-17T18:36:28.364+0000] {processor.py:186} INFO - Started process (PID=68) to work on /opt/airflow/dags/first_dag.py
[2024-09-17T18:36:28.366+0000] {processor.py:914} INFO - Processing file /opt/airflow/dags/first_dag.py for tasks to queue
[2024-09-17T18:36:28.371+0000] {logging_mixin.py:190} INFO - [2024-09-17T18:36:28.371+0000] {dagbag.py:587} INFO - Filling up the DagBag from /opt/airflow/dags/first_dag.py
[2024-09-17T18:36:28.379+0000] {processor.py:927} WARNING - No viable dags retrieved from /opt/airflow/dags/first_dag.py
[2024-09-17T18:36:28.392+0000] {processor.py:208} INFO - Processing /opt/airflow/dags/first_dag.py took 0.038 seconds
[2024-09-17T18:36:58.894+0000] {processor.py:186} INFO - Started process (PID=75) to work on /opt/airflow/dags/first_dag.py
[2024-09-17T18:36:58.896+0000] {processor.py:914} INFO - Processing file /opt/airflow/dags/first_dag.py for tasks to queue
[2024-09-17T18:36:58.902+0000] {logging_mixin.py:190} INFO - [2024-09-17T18:36:58.901+0000] {dagbag.py:587} INFO - Filling up the DagBag from /opt/airflow/dags/first_dag.py
[2024-09-17T18:36:58.911+0000] {processor.py:927} WARNING - No viable dags retrieved from /opt/airflow/dags/first_dag.py
[2024-09-17T18:36:58.929+0000] {processor.py:208} INFO - Processing /opt/airflow/dags/first_dag.py took 0.045 seconds
[2024-09-17T18:37:29.356+0000] {processor.py:186} INFO - Started process (PID=82) to work on /opt/airflow/dags/first_dag.py
[2024-09-17T18:37:29.358+0000] {processor.py:914} INFO - Processing file /opt/airflow/dags/first_dag.py for tasks to queue
[2024-09-17T18:37:29.363+0000] {logging_mixin.py:190} INFO - [2024-09-17T18:37:29.362+0000] {dagbag.py:587} INFO - Filling up the DagBag from /opt/airflow/dags/first_dag.py
[2024-09-17T18:37:29.369+0000] {processor.py:927} WARNING - No viable dags retrieved from /opt/airflow/dags/first_dag.py
[2024-09-17T18:37:29.381+0000] {processor.py:208} INFO - Processing /opt/airflow/dags/first_dag.py took 0.034 seconds
[2024-09-17T18:37:59.810+0000] {processor.py:186} INFO - Started process (PID=88) to work on /opt/airflow/dags/first_dag.py
[2024-09-17T18:37:59.812+0000] {processor.py:914} INFO - Processing file /opt/airflow/dags/first_dag.py for tasks to queue
[2024-09-17T18:37:59.822+0000] {logging_mixin.py:190} INFO - [2024-09-17T18:37:59.817+0000] {dagbag.py:587} INFO - Filling up the DagBag from /opt/airflow/dags/first_dag.py
[2024-09-17T18:37:59.841+0000] {processor.py:927} WARNING - No viable dags retrieved from /opt/airflow/dags/first_dag.py
[2024-09-17T18:37:59.863+0000] {processor.py:208} INFO - Processing /opt/airflow/dags/first_dag.py took 0.060 seconds
[2024-09-17T18:38:30.403+0000] {processor.py:186} INFO - Started process (PID=96) to work on /opt/airflow/dags/first_dag.py
[2024-09-17T18:38:30.405+0000] {processor.py:914} INFO - Processing file /opt/airflow/dags/first_dag.py for tasks to queue
[2024-09-17T18:38:30.410+0000] {logging_mixin.py:190} INFO - [2024-09-17T18:38:30.410+0000] {dagbag.py:587} INFO - Filling up the DagBag from /opt/airflow/dags/first_dag.py
[2024-09-17T18:38:30.421+0000] {processor.py:927} WARNING - No viable dags retrieved from /opt/airflow/dags/first_dag.py
[2024-09-17T18:38:30.443+0000] {processor.py:208} INFO - Processing /opt/airflow/dags/first_dag.py took 0.046 seconds
[2024-09-17T18:39:00.939+0000] {processor.py:186} INFO - Started process (PID=105) to work on /opt/airflow/dags/first_dag.py
[2024-09-17T18:39:00.941+0000] {processor.py:914} INFO - Processing file /opt/airflow/dags/first_dag.py for tasks to queue
[2024-09-17T18:39:00.946+0000] {logging_mixin.py:190} INFO - [2024-09-17T18:39:00.946+0000] {dagbag.py:587} INFO - Filling up the DagBag from /opt/airflow/dags/first_dag.py
[2024-09-17T18:39:00.953+0000] {processor.py:927} WARNING - No viable dags retrieved from /opt/airflow/dags/first_dag.py
[2024-09-17T18:39:00.983+0000] {processor.py:208} INFO - Processing /opt/airflow/dags/first_dag.py took 0.054 seconds
[2024-09-17T18:39:31.409+0000] {processor.py:186} INFO - Started process (PID=112) to work on /opt/airflow/dags/first_dag.py
[2024-09-17T18:39:31.412+0000] {processor.py:914} INFO - Processing file /opt/airflow/dags/first_dag.py for tasks to queue
[2024-09-17T18:39:31.418+0000] {logging_mixin.py:190} INFO - [2024-09-17T18:39:31.417+0000] {dagbag.py:587} INFO - Filling up the DagBag from /opt/airflow/dags/first_dag.py
[2024-09-17T18:39:31.425+0000] {processor.py:927} WARNING - No viable dags retrieved from /opt/airflow/dags/first_dag.py
[2024-09-17T18:39:31.527+0000] {processor.py:208} INFO - Processing /opt/airflow/dags/first_dag.py took 0.138 seconds
[2024-09-17T18:40:01.863+0000] {processor.py:186} INFO - Started process (PID=119) to work on /opt/airflow/dags/first_dag.py
[2024-09-17T18:40:01.865+0000] {processor.py:914} INFO - Processing file /opt/airflow/dags/first_dag.py for tasks to queue
[2024-09-17T18:40:01.871+0000] {logging_mixin.py:190} INFO - [2024-09-17T18:40:01.870+0000] {dagbag.py:587} INFO - Filling up the DagBag from /opt/airflow/dags/first_dag.py
[2024-09-17T18:40:01.878+0000] {processor.py:927} WARNING - No viable dags retrieved from /opt/airflow/dags/first_dag.py
[2024-09-17T18:40:01.895+0000] {processor.py:208} INFO - Processing /opt/airflow/dags/first_dag.py took 0.043 seconds
[2024-09-17T18:40:34.040+0000] {processor.py:186} INFO - Started process (PID=126) to work on /opt/airflow/dags/first_dag.py
[2024-09-17T18:40:34.043+0000] {processor.py:914} INFO - Processing file /opt/airflow/dags/first_dag.py for tasks to queue
[2024-09-17T18:40:34.052+0000] {logging_mixin.py:190} INFO - [2024-09-17T18:40:34.051+0000] {dagbag.py:587} INFO - Filling up the DagBag from /opt/airflow/dags/first_dag.py
[2024-09-17T18:40:34.079+0000] {processor.py:927} WARNING - No viable dags retrieved from /opt/airflow/dags/first_dag.py
[2024-09-17T18:40:34.095+0000] {processor.py:208} INFO - Processing /opt/airflow/dags/first_dag.py took 0.072 seconds
[2024-09-17T18:40:37.397+0000] {processor.py:186} INFO - Started process (PID=127) to work on /opt/airflow/dags/first_dag.py
[2024-09-17T18:40:37.400+0000] {processor.py:914} INFO - Processing file /opt/airflow/dags/first_dag.py for tasks to queue
[2024-09-17T18:40:37.408+0000] {logging_mixin.py:190} INFO - [2024-09-17T18:40:37.408+0000] {dagbag.py:587} INFO - Filling up the DagBag from /opt/airflow/dags/first_dag.py
[2024-09-17T18:40:37.434+0000] {processor.py:927} WARNING - No viable dags retrieved from /opt/airflow/dags/first_dag.py
[2024-09-17T18:40:37.505+0000] {processor.py:208} INFO - Processing /opt/airflow/dags/first_dag.py took 0.120 seconds
[2024-09-17T18:41:07.833+0000] {processor.py:186} INFO - Started process (PID=134) to work on /opt/airflow/dags/first_dag.py
[2024-09-17T18:41:07.837+0000] {processor.py:914} INFO - Processing file /opt/airflow/dags/first_dag.py for tasks to queue
[2024-09-17T18:41:07.845+0000] {logging_mixin.py:190} INFO - [2024-09-17T18:41:07.844+0000] {dagbag.py:587} INFO - Filling up the DagBag from /opt/airflow/dags/first_dag.py
[2024-09-17T18:41:07.856+0000] {processor.py:927} WARNING - No viable dags retrieved from /opt/airflow/dags/first_dag.py
[2024-09-17T18:41:07.909+0000] {processor.py:208} INFO - Processing /opt/airflow/dags/first_dag.py took 0.152 seconds
[2024-09-17T18:41:18.214+0000] {processor.py:186} INFO - Started process (PID=141) to work on /opt/airflow/dags/first_dag.py
[2024-09-17T18:41:18.217+0000] {processor.py:914} INFO - Processing file /opt/airflow/dags/first_dag.py for tasks to queue
[2024-09-17T18:41:18.224+0000] {logging_mixin.py:190} INFO - [2024-09-17T18:41:18.223+0000] {dagbag.py:587} INFO - Filling up the DagBag from /opt/airflow/dags/first_dag.py
[2024-09-17T18:41:18.261+0000] {processor.py:927} WARNING - No viable dags retrieved from /opt/airflow/dags/first_dag.py
[2024-09-17T18:41:18.293+0000] {processor.py:208} INFO - Processing /opt/airflow/dags/first_dag.py took 0.089 seconds
[2024-09-17T18:41:23.493+0000] {processor.py:186} INFO - Started process (PID=142) to work on /opt/airflow/dags/first_dag.py
[2024-09-17T18:41:23.501+0000] {processor.py:914} INFO - Processing file /opt/airflow/dags/first_dag.py for tasks to queue
[2024-09-17T18:41:23.517+0000] {logging_mixin.py:190} INFO - [2024-09-17T18:41:23.516+0000] {dagbag.py:587} INFO - Filling up the DagBag from /opt/airflow/dags/first_dag.py
[2024-09-17T18:41:23.562+0000] {processor.py:927} WARNING - No viable dags retrieved from /opt/airflow/dags/first_dag.py
[2024-09-17T18:41:23.627+0000] {processor.py:208} INFO - Processing /opt/airflow/dags/first_dag.py took 0.157 seconds
[2024-09-17T18:41:52.376+0000] {processor.py:186} INFO - Started process (PID=149) to work on /opt/airflow/dags/first_dag.py
[2024-09-17T18:41:52.381+0000] {processor.py:914} INFO - Processing file /opt/airflow/dags/first_dag.py for tasks to queue
[2024-09-17T18:41:52.391+0000] {logging_mixin.py:190} INFO - [2024-09-17T18:41:52.389+0000] {dagbag.py:587} INFO - Filling up the DagBag from /opt/airflow/dags/first_dag.py
[2024-09-17T18:41:52.411+0000] {processor.py:927} WARNING - No viable dags retrieved from /opt/airflow/dags/first_dag.py
[2024-09-17T18:41:52.430+0000] {processor.py:208} INFO - Processing /opt/airflow/dags/first_dag.py took 0.076 seconds
[2024-09-17T18:42:06.642+0000] {processor.py:186} INFO - Started process (PID=150) to work on /opt/airflow/dags/first_dag.py
[2024-09-17T18:42:06.649+0000] {processor.py:914} INFO - Processing file /opt/airflow/dags/first_dag.py for tasks to queue
[2024-09-17T18:42:06.659+0000] {logging_mixin.py:190} INFO - [2024-09-17T18:42:06.659+0000] {dagbag.py:587} INFO - Filling up the DagBag from /opt/airflow/dags/first_dag.py
[2024-09-17T18:42:06.673+0000] {processor.py:927} WARNING - No viable dags retrieved from /opt/airflow/dags/first_dag.py
[2024-09-17T18:42:06.687+0000] {processor.py:208} INFO - Processing /opt/airflow/dags/first_dag.py took 0.056 seconds
[2024-09-17T18:42:37.225+0000] {processor.py:186} INFO - Started process (PID=156) to work on /opt/airflow/dags/first_dag.py
[2024-09-17T18:42:37.229+0000] {processor.py:914} INFO - Processing file /opt/airflow/dags/first_dag.py for tasks to queue
[2024-09-17T18:42:37.237+0000] {logging_mixin.py:190} INFO - [2024-09-17T18:42:37.236+0000] {dagbag.py:587} INFO - Filling up the DagBag from /opt/airflow/dags/first_dag.py
[2024-09-17T18:42:37.251+0000] {processor.py:927} WARNING - No viable dags retrieved from /opt/airflow/dags/first_dag.py
[2024-09-17T18:42:37.268+0000] {processor.py:208} INFO - Processing /opt/airflow/dags/first_dag.py took 0.058 seconds
[2024-09-17T18:42:50.450+0000] {processor.py:186} INFO - Started process (PID=163) to work on /opt/airflow/dags/first_dag.py
[2024-09-17T18:42:50.453+0000] {processor.py:914} INFO - Processing file /opt/airflow/dags/first_dag.py for tasks to queue
[2024-09-17T18:42:50.459+0000] {logging_mixin.py:190} INFO - [2024-09-17T18:42:50.458+0000] {dagbag.py:587} INFO - Filling up the DagBag from /opt/airflow/dags/first_dag.py
[2024-09-17T18:42:50.477+0000] {processor.py:927} WARNING - No viable dags retrieved from /opt/airflow/dags/first_dag.py
[2024-09-17T18:42:50.499+0000] {processor.py:208} INFO - Processing /opt/airflow/dags/first_dag.py took 0.060 seconds
[2024-09-17T18:43:20.940+0000] {processor.py:186} INFO - Started process (PID=170) to work on /opt/airflow/dags/first_dag.py
[2024-09-17T18:43:20.943+0000] {processor.py:914} INFO - Processing file /opt/airflow/dags/first_dag.py for tasks to queue
[2024-09-17T18:43:20.949+0000] {logging_mixin.py:190} INFO - [2024-09-17T18:43:20.948+0000] {dagbag.py:587} INFO - Filling up the DagBag from /opt/airflow/dags/first_dag.py
[2024-09-17T18:43:20.960+0000] {processor.py:927} WARNING - No viable dags retrieved from /opt/airflow/dags/first_dag.py
[2024-09-17T18:43:20.977+0000] {processor.py:208} INFO - Processing /opt/airflow/dags/first_dag.py took 0.048 seconds
[2024-09-17T18:43:29.242+0000] {processor.py:186} INFO - Started process (PID=171) to work on /opt/airflow/dags/first_dag.py
[2024-09-17T18:43:29.244+0000] {processor.py:914} INFO - Processing file /opt/airflow/dags/first_dag.py for tasks to queue
[2024-09-17T18:43:29.249+0000] {logging_mixin.py:190} INFO - [2024-09-17T18:43:29.248+0000] {dagbag.py:587} INFO - Filling up the DagBag from /opt/airflow/dags/first_dag.py
[2024-09-17T18:43:29.360+0000] {processor.py:925} INFO - DAG(s) 'first_dag' retrieved from /opt/airflow/dags/first_dag.py
[2024-09-17T18:43:30.266+0000] {logging_mixin.py:190} INFO - [2024-09-17T18:43:30.266+0000] {override.py:1900} INFO - Created Permission View: can read on DAG:first_dag
[2024-09-17T18:43:30.274+0000] {logging_mixin.py:190} INFO - [2024-09-17T18:43:30.274+0000] {override.py:1900} INFO - Created Permission View: can delete on DAG:first_dag
[2024-09-17T18:43:30.279+0000] {logging_mixin.py:190} INFO - [2024-09-17T18:43:30.279+0000] {override.py:1900} INFO - Created Permission View: can edit on DAG:first_dag
[2024-09-17T18:43:30.286+0000] {logging_mixin.py:190} INFO - [2024-09-17T18:43:30.286+0000] {override.py:1900} INFO - Created Permission View: can read on DAG Run:first_dag
[2024-09-17T18:43:30.294+0000] {logging_mixin.py:190} INFO - [2024-09-17T18:43:30.294+0000] {override.py:1900} INFO - Created Permission View: can delete on DAG Run:first_dag
[2024-09-17T18:43:30.299+0000] {logging_mixin.py:190} INFO - [2024-09-17T18:43:30.299+0000] {override.py:1900} INFO - Created Permission View: menu access on DAG Run:first_dag
[2024-09-17T18:43:30.303+0000] {logging_mixin.py:190} INFO - [2024-09-17T18:43:30.303+0000] {override.py:1900} INFO - Created Permission View: can create on DAG Run:first_dag
[2024-09-17T18:43:30.304+0000] {logging_mixin.py:190} INFO - [2024-09-17T18:43:30.304+0000] {dag.py:3229} INFO - Sync 1 DAGs
[2024-09-17T18:43:30.315+0000] {logging_mixin.py:190} INFO - [2024-09-17T18:43:30.315+0000] {dag.py:3252} INFO - Creating ORM DAG for first_dag
[2024-09-17T18:43:30.322+0000] {logging_mixin.py:190} INFO - [2024-09-17T18:43:30.322+0000] {dag.py:4156} INFO - Setting next_dagrun for first_dag to 2024-09-17 00:00:00+00:00, run_after=2024-09-18 00:00:00+00:00
[2024-09-17T18:43:30.332+0000] {processor.py:208} INFO - Processing /opt/airflow/dags/first_dag.py took 1.099 seconds
[2024-09-17T18:43:34.410+0000] {processor.py:186} INFO - Started process (PID=172) to work on /opt/airflow/dags/first_dag.py
[2024-09-17T18:43:34.413+0000] {processor.py:914} INFO - Processing file /opt/airflow/dags/first_dag.py for tasks to queue
[2024-09-17T18:43:34.429+0000] {logging_mixin.py:190} INFO - [2024-09-17T18:43:34.427+0000] {dagbag.py:587} INFO - Filling up the DagBag from /opt/airflow/dags/first_dag.py
[2024-09-17T18:43:34.459+0000] {processor.py:925} INFO - DAG(s) 'first_dag' retrieved from /opt/airflow/dags/first_dag.py
[2024-09-17T18:43:34.479+0000] {logging_mixin.py:190} INFO - [2024-09-17T18:43:34.479+0000] {dag.py:3229} INFO - Sync 1 DAGs
[2024-09-17T18:43:34.523+0000] {logging_mixin.py:190} INFO - [2024-09-17T18:43:34.523+0000] {dag.py:4156} INFO - Setting next_dagrun for first_dag to 2024-09-17 00:00:00+00:00, run_after=2024-09-18 00:00:00+00:00
[2024-09-17T18:43:34.737+0000] {processor.py:208} INFO - Processing /opt/airflow/dags/first_dag.py took 0.336 seconds
[2024-09-17T18:43:50.049+0000] {processor.py:186} INFO - Started process (PID=179) to work on /opt/airflow/dags/first_dag.py
[2024-09-17T18:43:50.052+0000] {processor.py:914} INFO - Processing file /opt/airflow/dags/first_dag.py for tasks to queue
[2024-09-17T18:43:50.058+0000] {logging_mixin.py:190} INFO - [2024-09-17T18:43:50.057+0000] {dagbag.py:587} INFO - Filling up the DagBag from /opt/airflow/dags/first_dag.py
[2024-09-17T18:43:50.100+0000] {processor.py:925} INFO - DAG(s) 'first_dag' retrieved from /opt/airflow/dags/first_dag.py
[2024-09-17T18:43:50.119+0000] {logging_mixin.py:190} INFO - [2024-09-17T18:43:50.119+0000] {dag.py:3229} INFO - Sync 1 DAGs
[2024-09-17T18:43:50.344+0000] {logging_mixin.py:190} INFO - [2024-09-17T18:43:50.344+0000] {dag.py:4156} INFO - Setting next_dagrun for first_dag to 2024-09-17 00:00:00+00:00, run_after=2024-09-18 00:00:00+00:00
[2024-09-17T18:43:50.356+0000] {processor.py:208} INFO - Processing /opt/airflow/dags/first_dag.py took 0.320 seconds
[2024-09-17T18:43:53.156+0000] {processor.py:186} INFO - Started process (PID=180) to work on /opt/airflow/dags/first_dag.py
[2024-09-17T18:43:53.169+0000] {processor.py:914} INFO - Processing file /opt/airflow/dags/first_dag.py for tasks to queue
[2024-09-17T18:43:53.177+0000] {logging_mixin.py:190} INFO - [2024-09-17T18:43:53.176+0000] {dagbag.py:587} INFO - Filling up the DagBag from /opt/airflow/dags/first_dag.py
[2024-09-17T18:43:53.193+0000] {processor.py:927} WARNING - No viable dags retrieved from /opt/airflow/dags/first_dag.py
[2024-09-17T18:43:53.212+0000] {processor.py:208} INFO - Processing /opt/airflow/dags/first_dag.py took 0.072 seconds
[2024-09-17T18:44:23.671+0000] {processor.py:186} INFO - Started process (PID=187) to work on /opt/airflow/dags/first_dag.py
[2024-09-17T18:44:23.674+0000] {processor.py:914} INFO - Processing file /opt/airflow/dags/first_dag.py for tasks to queue
[2024-09-17T18:44:23.677+0000] {logging_mixin.py:190} INFO - [2024-09-17T18:44:23.677+0000] {dagbag.py:587} INFO - Filling up the DagBag from /opt/airflow/dags/first_dag.py
[2024-09-17T18:44:23.685+0000] {processor.py:927} WARNING - No viable dags retrieved from /opt/airflow/dags/first_dag.py
[2024-09-17T18:44:23.716+0000] {processor.py:208} INFO - Processing /opt/airflow/dags/first_dag.py took 0.054 seconds
[2024-09-17T18:44:54.107+0000] {processor.py:186} INFO - Started process (PID=194) to work on /opt/airflow/dags/first_dag.py
[2024-09-17T18:44:54.110+0000] {processor.py:914} INFO - Processing file /opt/airflow/dags/first_dag.py for tasks to queue
[2024-09-17T18:44:54.117+0000] {logging_mixin.py:190} INFO - [2024-09-17T18:44:54.114+0000] {dagbag.py:587} INFO - Filling up the DagBag from /opt/airflow/dags/first_dag.py
[2024-09-17T18:44:54.140+0000] {processor.py:927} WARNING - No viable dags retrieved from /opt/airflow/dags/first_dag.py
[2024-09-17T18:44:54.158+0000] {processor.py:208} INFO - Processing /opt/airflow/dags/first_dag.py took 0.060 seconds
[2024-09-17T18:45:24.585+0000] {processor.py:186} INFO - Started process (PID=201) to work on /opt/airflow/dags/first_dag.py
[2024-09-17T18:45:24.589+0000] {processor.py:914} INFO - Processing file /opt/airflow/dags/first_dag.py for tasks to queue
[2024-09-17T18:45:24.595+0000] {logging_mixin.py:190} INFO - [2024-09-17T18:45:24.594+0000] {dagbag.py:587} INFO - Filling up the DagBag from /opt/airflow/dags/first_dag.py
[2024-09-17T18:45:24.613+0000] {processor.py:927} WARNING - No viable dags retrieved from /opt/airflow/dags/first_dag.py
[2024-09-17T18:45:24.637+0000] {processor.py:208} INFO - Processing /opt/airflow/dags/first_dag.py took 0.063 seconds
[2024-09-17T18:45:55.205+0000] {processor.py:186} INFO - Started process (PID=208) to work on /opt/airflow/dags/first_dag.py
[2024-09-17T18:45:55.209+0000] {processor.py:914} INFO - Processing file /opt/airflow/dags/first_dag.py for tasks to queue
[2024-09-17T18:45:55.212+0000] {logging_mixin.py:190} INFO - [2024-09-17T18:45:55.212+0000] {dagbag.py:587} INFO - Filling up the DagBag from /opt/airflow/dags/first_dag.py
[2024-09-17T18:45:55.223+0000] {processor.py:927} WARNING - No viable dags retrieved from /opt/airflow/dags/first_dag.py
[2024-09-17T18:45:55.252+0000] {processor.py:208} INFO - Processing /opt/airflow/dags/first_dag.py took 0.066 seconds
[2024-09-17T18:46:25.862+0000] {processor.py:186} INFO - Started process (PID=215) to work on /opt/airflow/dags/first_dag.py
[2024-09-17T18:46:25.869+0000] {processor.py:914} INFO - Processing file /opt/airflow/dags/first_dag.py for tasks to queue
[2024-09-17T18:46:25.876+0000] {logging_mixin.py:190} INFO - [2024-09-17T18:46:25.875+0000] {dagbag.py:587} INFO - Filling up the DagBag from /opt/airflow/dags/first_dag.py
[2024-09-17T18:46:25.892+0000] {processor.py:927} WARNING - No viable dags retrieved from /opt/airflow/dags/first_dag.py
[2024-09-17T18:46:25.970+0000] {processor.py:208} INFO - Processing /opt/airflow/dags/first_dag.py took 0.119 seconds
[2024-09-17T18:46:30.101+0000] {processor.py:186} INFO - Started process (PID=216) to work on /opt/airflow/dags/first_dag.py
[2024-09-17T18:46:30.103+0000] {processor.py:914} INFO - Processing file /opt/airflow/dags/first_dag.py for tasks to queue
[2024-09-17T18:46:30.106+0000] {logging_mixin.py:190} INFO - [2024-09-17T18:46:30.105+0000] {dagbag.py:587} INFO - Filling up the DagBag from /opt/airflow/dags/first_dag.py
[2024-09-17T18:46:30.122+0000] {processor.py:927} WARNING - No viable dags retrieved from /opt/airflow/dags/first_dag.py
[2024-09-17T18:46:30.166+0000] {processor.py:208} INFO - Processing /opt/airflow/dags/first_dag.py took 0.077 seconds
[2024-09-17T18:46:38.255+0000] {processor.py:186} INFO - Started process (PID=217) to work on /opt/airflow/dags/first_dag.py
[2024-09-17T18:46:38.259+0000] {processor.py:914} INFO - Processing file /opt/airflow/dags/first_dag.py for tasks to queue
[2024-09-17T18:46:38.268+0000] {logging_mixin.py:190} INFO - [2024-09-17T18:46:38.264+0000] {dagbag.py:587} INFO - Filling up the DagBag from /opt/airflow/dags/first_dag.py
[2024-09-17T18:46:38.304+0000] {processor.py:925} INFO - DAG(s) 'first_dag' retrieved from /opt/airflow/dags/first_dag.py
[2024-09-17T18:46:38.705+0000] {logging_mixin.py:190} INFO - [2024-09-17T18:46:38.704+0000] {dag.py:3229} INFO - Sync 1 DAGs
[2024-09-17T18:46:38.722+0000] {logging_mixin.py:190} INFO - [2024-09-17T18:46:38.722+0000] {dag.py:4156} INFO - Setting next_dagrun for first_dag to 2024-09-17 00:00:00+00:00, run_after=2024-09-18 00:00:00+00:00
[2024-09-17T18:46:38.738+0000] {processor.py:208} INFO - Processing /opt/airflow/dags/first_dag.py took 0.493 seconds
[2024-09-17T18:47:08.902+0000] {processor.py:186} INFO - Started process (PID=224) to work on /opt/airflow/dags/first_dag.py
[2024-09-17T18:47:08.907+0000] {processor.py:914} INFO - Processing file /opt/airflow/dags/first_dag.py for tasks to queue
[2024-09-17T18:47:08.914+0000] {logging_mixin.py:190} INFO - [2024-09-17T18:47:08.913+0000] {dagbag.py:587} INFO - Filling up the DagBag from /opt/airflow/dags/first_dag.py
[2024-09-17T18:47:08.963+0000] {processor.py:925} INFO - DAG(s) 'first_dag' retrieved from /opt/airflow/dags/first_dag.py
[2024-09-17T18:47:09.458+0000] {logging_mixin.py:190} INFO - [2024-09-17T18:47:09.458+0000] {dag.py:3229} INFO - Sync 1 DAGs
[2024-09-17T18:47:09.485+0000] {logging_mixin.py:190} INFO - [2024-09-17T18:47:09.485+0000] {dag.py:4156} INFO - Setting next_dagrun for first_dag to 2024-09-17 00:00:00+00:00, run_after=2024-09-18 00:00:00+00:00
[2024-09-17T18:47:09.498+0000] {processor.py:208} INFO - Processing /opt/airflow/dags/first_dag.py took 0.609 seconds
[2024-09-17T18:47:13.404+0000] {processor.py:186} INFO - Started process (PID=225) to work on /opt/airflow/dags/first_dag.py
[2024-09-17T18:47:13.407+0000] {processor.py:914} INFO - Processing file /opt/airflow/dags/first_dag.py for tasks to queue
[2024-09-17T18:47:13.409+0000] {logging_mixin.py:190} INFO - [2024-09-17T18:47:13.409+0000] {dagbag.py:587} INFO - Filling up the DagBag from /opt/airflow/dags/first_dag.py
[2024-09-17T18:47:13.448+0000] {processor.py:925} INFO - DAG(s) 'first_dag' retrieved from /opt/airflow/dags/first_dag.py
[2024-09-17T18:47:13.761+0000] {logging_mixin.py:190} INFO - [2024-09-17T18:47:13.760+0000] {dag.py:3229} INFO - Sync 1 DAGs
[2024-09-17T18:47:13.776+0000] {logging_mixin.py:190} INFO - [2024-09-17T18:47:13.776+0000] {dag.py:4156} INFO - Setting next_dagrun for first_dag to 2024-09-17 00:00:00+00:00, run_after=2024-09-18 00:00:00+00:00
[2024-09-17T18:47:13.788+0000] {processor.py:208} INFO - Processing /opt/airflow/dags/first_dag.py took 0.397 seconds
[2024-09-17T18:47:44.065+0000] {processor.py:186} INFO - Started process (PID=233) to work on /opt/airflow/dags/first_dag.py
[2024-09-17T18:47:44.068+0000] {processor.py:914} INFO - Processing file /opt/airflow/dags/first_dag.py for tasks to queue
[2024-09-17T18:47:44.070+0000] {logging_mixin.py:190} INFO - [2024-09-17T18:47:44.069+0000] {dagbag.py:587} INFO - Filling up the DagBag from /opt/airflow/dags/first_dag.py
[2024-09-17T18:47:44.091+0000] {processor.py:925} INFO - DAG(s) 'first_dag' retrieved from /opt/airflow/dags/first_dag.py
[2024-09-17T18:47:44.137+0000] {logging_mixin.py:190} INFO - [2024-09-17T18:47:44.137+0000] {dag.py:3229} INFO - Sync 1 DAGs
[2024-09-17T18:47:44.163+0000] {logging_mixin.py:190} INFO - [2024-09-17T18:47:44.163+0000] {dag.py:4156} INFO - Setting next_dagrun for first_dag to 2024-09-17 00:00:00+00:00, run_after=2024-09-18 00:00:00+00:00
[2024-09-17T18:47:44.176+0000] {processor.py:208} INFO - Processing /opt/airflow/dags/first_dag.py took 0.119 seconds
[2024-09-17T18:48:14.492+0000] {processor.py:186} INFO - Started process (PID=240) to work on /opt/airflow/dags/first_dag.py
[2024-09-17T18:48:14.495+0000] {processor.py:914} INFO - Processing file /opt/airflow/dags/first_dag.py for tasks to queue
[2024-09-17T18:48:14.497+0000] {logging_mixin.py:190} INFO - [2024-09-17T18:48:14.497+0000] {dagbag.py:587} INFO - Filling up the DagBag from /opt/airflow/dags/first_dag.py
[2024-09-17T18:48:14.516+0000] {processor.py:925} INFO - DAG(s) 'first_dag' retrieved from /opt/airflow/dags/first_dag.py
[2024-09-17T18:48:14.557+0000] {logging_mixin.py:190} INFO - [2024-09-17T18:48:14.557+0000] {dag.py:3229} INFO - Sync 1 DAGs
[2024-09-17T18:48:14.576+0000] {logging_mixin.py:190} INFO - [2024-09-17T18:48:14.576+0000] {dag.py:4156} INFO - Setting next_dagrun for first_dag to 2024-09-17 00:00:00+00:00, run_after=2024-09-18 00:00:00+00:00
[2024-09-17T18:48:14.586+0000] {processor.py:208} INFO - Processing /opt/airflow/dags/first_dag.py took 0.104 seconds
[2024-09-17T18:48:45.018+0000] {processor.py:186} INFO - Started process (PID=253) to work on /opt/airflow/dags/first_dag.py
[2024-09-17T18:48:45.022+0000] {processor.py:914} INFO - Processing file /opt/airflow/dags/first_dag.py for tasks to queue
[2024-09-17T18:48:45.025+0000] {logging_mixin.py:190} INFO - [2024-09-17T18:48:45.024+0000] {dagbag.py:587} INFO - Filling up the DagBag from /opt/airflow/dags/first_dag.py
[2024-09-17T18:48:45.054+0000] {processor.py:925} INFO - DAG(s) 'first_dag' retrieved from /opt/airflow/dags/first_dag.py
[2024-09-17T18:48:45.096+0000] {logging_mixin.py:190} INFO - [2024-09-17T18:48:45.096+0000] {dag.py:3229} INFO - Sync 1 DAGs
[2024-09-17T18:48:45.690+0000] {logging_mixin.py:190} INFO - [2024-09-17T18:48:45.689+0000] {dag.py:4156} INFO - Setting next_dagrun for first_dag to 2024-09-17 00:00:00+00:00, run_after=2024-09-18 00:00:00+00:00
[2024-09-17T18:48:45.707+0000] {processor.py:208} INFO - Processing /opt/airflow/dags/first_dag.py took 0.711 seconds
[2024-09-17T18:49:16.126+0000] {processor.py:186} INFO - Started process (PID=259) to work on /opt/airflow/dags/first_dag.py
[2024-09-17T18:49:16.130+0000] {processor.py:914} INFO - Processing file /opt/airflow/dags/first_dag.py for tasks to queue
[2024-09-17T18:49:16.134+0000] {logging_mixin.py:190} INFO - [2024-09-17T18:49:16.133+0000] {dagbag.py:587} INFO - Filling up the DagBag from /opt/airflow/dags/first_dag.py
[2024-09-17T18:49:16.154+0000] {processor.py:925} INFO - DAG(s) 'first_dag' retrieved from /opt/airflow/dags/first_dag.py
[2024-09-17T18:49:16.202+0000] {logging_mixin.py:190} INFO - [2024-09-17T18:49:16.201+0000] {dag.py:3229} INFO - Sync 1 DAGs
[2024-09-17T18:49:16.390+0000] {logging_mixin.py:190} INFO - [2024-09-17T18:49:16.390+0000] {dag.py:4156} INFO - Setting next_dagrun for first_dag to 2024-09-17 00:00:00+00:00, run_after=2024-09-18 00:00:00+00:00
[2024-09-17T18:49:16.408+0000] {processor.py:208} INFO - Processing /opt/airflow/dags/first_dag.py took 0.292 seconds
[2024-09-17T18:49:46.653+0000] {processor.py:186} INFO - Started process (PID=266) to work on /opt/airflow/dags/first_dag.py
[2024-09-17T18:49:46.657+0000] {processor.py:914} INFO - Processing file /opt/airflow/dags/first_dag.py for tasks to queue
[2024-09-17T18:49:46.661+0000] {logging_mixin.py:190} INFO - [2024-09-17T18:49:46.660+0000] {dagbag.py:587} INFO - Filling up the DagBag from /opt/airflow/dags/first_dag.py
[2024-09-17T18:49:46.685+0000] {processor.py:925} INFO - DAG(s) 'first_dag' retrieved from /opt/airflow/dags/first_dag.py
[2024-09-17T18:49:46.912+0000] {logging_mixin.py:190} INFO - [2024-09-17T18:49:46.912+0000] {dag.py:3229} INFO - Sync 1 DAGs
[2024-09-17T18:49:46.930+0000] {logging_mixin.py:190} INFO - [2024-09-17T18:49:46.930+0000] {dag.py:4156} INFO - Setting next_dagrun for first_dag to 2024-09-17 00:00:00+00:00, run_after=2024-09-18 00:00:00+00:00
[2024-09-17T18:49:46.948+0000] {processor.py:208} INFO - Processing /opt/airflow/dags/first_dag.py took 0.303 seconds
[2024-09-17T18:50:01.971+0000] {processor.py:186} INFO - Started process (PID=267) to work on /opt/airflow/dags/first_dag.py
[2024-09-17T18:50:01.974+0000] {processor.py:914} INFO - Processing file /opt/airflow/dags/first_dag.py for tasks to queue
[2024-09-17T18:50:01.976+0000] {logging_mixin.py:190} INFO - [2024-09-17T18:50:01.976+0000] {dagbag.py:587} INFO - Filling up the DagBag from /opt/airflow/dags/first_dag.py
[2024-09-17T18:50:02.016+0000] {processor.py:925} INFO - DAG(s) 'first_dag' retrieved from /opt/airflow/dags/first_dag.py
[2024-09-17T18:50:02.435+0000] {logging_mixin.py:190} INFO - [2024-09-17T18:50:02.435+0000] {dag.py:3229} INFO - Sync 1 DAGs
[2024-09-17T18:50:02.449+0000] {logging_mixin.py:190} INFO - [2024-09-17T18:50:02.448+0000] {dag.py:4156} INFO - Setting next_dagrun for first_dag to 2024-09-18 00:00:00+00:00, run_after=2024-09-19 00:00:00+00:00
[2024-09-17T18:50:02.461+0000] {processor.py:208} INFO - Processing /opt/airflow/dags/first_dag.py took 0.503 seconds
[2024-09-17T18:50:32.841+0000] {processor.py:186} INFO - Started process (PID=274) to work on /opt/airflow/dags/first_dag.py
[2024-09-17T18:50:32.844+0000] {processor.py:914} INFO - Processing file /opt/airflow/dags/first_dag.py for tasks to queue
[2024-09-17T18:50:32.847+0000] {logging_mixin.py:190} INFO - [2024-09-17T18:50:32.847+0000] {dagbag.py:587} INFO - Filling up the DagBag from /opt/airflow/dags/first_dag.py
[2024-09-17T18:50:32.867+0000] {processor.py:925} INFO - DAG(s) 'first_dag' retrieved from /opt/airflow/dags/first_dag.py
[2024-09-17T18:50:32.893+0000] {logging_mixin.py:190} INFO - [2024-09-17T18:50:32.893+0000] {dag.py:3229} INFO - Sync 1 DAGs
[2024-09-17T18:50:32.911+0000] {logging_mixin.py:190} INFO - [2024-09-17T18:50:32.911+0000] {dag.py:4156} INFO - Setting next_dagrun for first_dag to 2024-09-18 00:00:00+00:00, run_after=2024-09-19 00:00:00+00:00
[2024-09-17T18:50:32.921+0000] {processor.py:208} INFO - Processing /opt/airflow/dags/first_dag.py took 0.091 seconds
[2024-09-17T18:51:03.365+0000] {processor.py:186} INFO - Started process (PID=280) to work on /opt/airflow/dags/first_dag.py
[2024-09-17T18:51:03.369+0000] {processor.py:914} INFO - Processing file /opt/airflow/dags/first_dag.py for tasks to queue
[2024-09-17T18:51:03.372+0000] {logging_mixin.py:190} INFO - [2024-09-17T18:51:03.371+0000] {dagbag.py:587} INFO - Filling up the DagBag from /opt/airflow/dags/first_dag.py
[2024-09-17T18:51:03.391+0000] {processor.py:925} INFO - DAG(s) 'first_dag' retrieved from /opt/airflow/dags/first_dag.py
[2024-09-17T18:51:03.421+0000] {logging_mixin.py:190} INFO - [2024-09-17T18:51:03.421+0000] {dag.py:3229} INFO - Sync 1 DAGs
[2024-09-17T18:51:03.467+0000] {logging_mixin.py:190} INFO - [2024-09-17T18:51:03.467+0000] {dag.py:4156} INFO - Setting next_dagrun for first_dag to 2024-09-18 00:00:00+00:00, run_after=2024-09-19 00:00:00+00:00
[2024-09-17T18:51:03.485+0000] {processor.py:208} INFO - Processing /opt/airflow/dags/first_dag.py took 0.130 seconds
[2024-09-17T18:51:33.793+0000] {processor.py:186} INFO - Started process (PID=286) to work on /opt/airflow/dags/first_dag.py
[2024-09-17T18:51:33.802+0000] {processor.py:914} INFO - Processing file /opt/airflow/dags/first_dag.py for tasks to queue
[2024-09-17T18:51:33.804+0000] {logging_mixin.py:190} INFO - [2024-09-17T18:51:33.803+0000] {dagbag.py:587} INFO - Filling up the DagBag from /opt/airflow/dags/first_dag.py
[2024-09-17T18:51:33.820+0000] {processor.py:925} INFO - DAG(s) 'first_dag' retrieved from /opt/airflow/dags/first_dag.py
[2024-09-17T18:51:33.846+0000] {logging_mixin.py:190} INFO - [2024-09-17T18:51:33.845+0000] {dag.py:3229} INFO - Sync 1 DAGs
[2024-09-17T18:51:33.864+0000] {logging_mixin.py:190} INFO - [2024-09-17T18:51:33.864+0000] {dag.py:4156} INFO - Setting next_dagrun for first_dag to 2024-09-18 00:00:00+00:00, run_after=2024-09-19 00:00:00+00:00
[2024-09-17T18:51:34.108+0000] {processor.py:208} INFO - Processing /opt/airflow/dags/first_dag.py took 0.338 seconds
[2024-09-17T18:52:04.285+0000] {processor.py:186} INFO - Started process (PID=293) to work on /opt/airflow/dags/first_dag.py
[2024-09-17T18:52:04.289+0000] {processor.py:914} INFO - Processing file /opt/airflow/dags/first_dag.py for tasks to queue
[2024-09-17T18:52:04.294+0000] {logging_mixin.py:190} INFO - [2024-09-17T18:52:04.292+0000] {dagbag.py:587} INFO - Filling up the DagBag from /opt/airflow/dags/first_dag.py
[2024-09-17T18:52:04.346+0000] {processor.py:925} INFO - DAG(s) 'first_dag' retrieved from /opt/airflow/dags/first_dag.py
[2024-09-17T18:52:04.403+0000] {logging_mixin.py:190} INFO - [2024-09-17T18:52:04.402+0000] {dag.py:3229} INFO - Sync 1 DAGs
[2024-09-17T18:52:04.648+0000] {logging_mixin.py:190} INFO - [2024-09-17T18:52:04.647+0000] {dag.py:4156} INFO - Setting next_dagrun for first_dag to 2024-09-18 00:00:00+00:00, run_after=2024-09-19 00:00:00+00:00
[2024-09-17T18:52:04.660+0000] {processor.py:208} INFO - Processing /opt/airflow/dags/first_dag.py took 0.392 seconds
[2024-09-17T18:52:34.966+0000] {processor.py:186} INFO - Started process (PID=300) to work on /opt/airflow/dags/first_dag.py
[2024-09-17T18:52:34.968+0000] {processor.py:914} INFO - Processing file /opt/airflow/dags/first_dag.py for tasks to queue
[2024-09-17T18:52:34.970+0000] {logging_mixin.py:190} INFO - [2024-09-17T18:52:34.969+0000] {dagbag.py:587} INFO - Filling up the DagBag from /opt/airflow/dags/first_dag.py
[2024-09-17T18:52:34.986+0000] {processor.py:925} INFO - DAG(s) 'first_dag' retrieved from /opt/airflow/dags/first_dag.py
[2024-09-17T18:52:35.221+0000] {logging_mixin.py:190} INFO - [2024-09-17T18:52:35.220+0000] {dag.py:3229} INFO - Sync 1 DAGs
[2024-09-17T18:52:35.234+0000] {logging_mixin.py:190} INFO - [2024-09-17T18:52:35.234+0000] {dag.py:4156} INFO - Setting next_dagrun for first_dag to 2024-09-18 00:00:00+00:00, run_after=2024-09-19 00:00:00+00:00
[2024-09-17T18:52:35.248+0000] {processor.py:208} INFO - Processing /opt/airflow/dags/first_dag.py took 0.302 seconds
[2024-09-17T18:53:05.396+0000] {processor.py:186} INFO - Started process (PID=307) to work on /opt/airflow/dags/first_dag.py
[2024-09-17T18:53:05.399+0000] {processor.py:914} INFO - Processing file /opt/airflow/dags/first_dag.py for tasks to queue
[2024-09-17T18:53:05.401+0000] {logging_mixin.py:190} INFO - [2024-09-17T18:53:05.401+0000] {dagbag.py:587} INFO - Filling up the DagBag from /opt/airflow/dags/first_dag.py
[2024-09-17T18:53:05.612+0000] {processor.py:925} INFO - DAG(s) 'first_dag' retrieved from /opt/airflow/dags/first_dag.py
[2024-09-17T18:53:05.631+0000] {logging_mixin.py:190} INFO - [2024-09-17T18:53:05.631+0000] {dag.py:3229} INFO - Sync 1 DAGs
[2024-09-17T18:53:05.644+0000] {logging_mixin.py:190} INFO - [2024-09-17T18:53:05.644+0000] {dag.py:4156} INFO - Setting next_dagrun for first_dag to 2024-09-18 00:00:00+00:00, run_after=2024-09-19 00:00:00+00:00
[2024-09-17T18:53:05.654+0000] {processor.py:208} INFO - Processing /opt/airflow/dags/first_dag.py took 0.268 seconds
[2024-09-17T18:53:21.825+0000] {processor.py:186} INFO - Started process (PID=314) to work on /opt/airflow/dags/first_dag.py
[2024-09-17T18:53:21.831+0000] {processor.py:914} INFO - Processing file /opt/airflow/dags/first_dag.py for tasks to queue
[2024-09-17T18:53:21.847+0000] {logging_mixin.py:190} INFO - [2024-09-17T18:53:21.841+0000] {dagbag.py:587} INFO - Filling up the DagBag from /opt/airflow/dags/first_dag.py
[2024-09-17T18:53:21.969+0000] {processor.py:925} INFO - DAG(s) 'first_dag' retrieved from /opt/airflow/dags/first_dag.py
[2024-09-17T18:53:22.144+0000] {logging_mixin.py:190} INFO - [2024-09-17T18:53:22.144+0000] {dag.py:3229} INFO - Sync 1 DAGs
[2024-09-17T18:53:22.171+0000] {logging_mixin.py:190} INFO - [2024-09-17T18:53:22.171+0000] {dag.py:4156} INFO - Setting next_dagrun for first_dag to 2024-09-18 00:00:00+00:00, run_after=2024-09-19 00:00:00+00:00
[2024-09-17T18:53:22.202+0000] {processor.py:208} INFO - Processing /opt/airflow/dags/first_dag.py took 0.395 seconds
[2024-09-17T18:53:52.653+0000] {processor.py:186} INFO - Started process (PID=321) to work on /opt/airflow/dags/first_dag.py
[2024-09-17T18:53:52.656+0000] {processor.py:914} INFO - Processing file /opt/airflow/dags/first_dag.py for tasks to queue
[2024-09-17T18:53:52.659+0000] {logging_mixin.py:190} INFO - [2024-09-17T18:53:52.658+0000] {dagbag.py:587} INFO - Filling up the DagBag from /opt/airflow/dags/first_dag.py
[2024-09-17T18:53:52.678+0000] {processor.py:925} INFO - DAG(s) 'first_dag' retrieved from /opt/airflow/dags/first_dag.py
[2024-09-17T18:53:52.706+0000] {logging_mixin.py:190} INFO - [2024-09-17T18:53:52.706+0000] {dag.py:3229} INFO - Sync 1 DAGs
[2024-09-17T18:53:52.734+0000] {logging_mixin.py:190} INFO - [2024-09-17T18:53:52.733+0000] {dag.py:4156} INFO - Setting next_dagrun for first_dag to 2024-09-18 00:00:00+00:00, run_after=2024-09-19 00:00:00+00:00
[2024-09-17T18:53:52.753+0000] {processor.py:208} INFO - Processing /opt/airflow/dags/first_dag.py took 0.108 seconds
[2024-09-17T18:53:56.809+0000] {processor.py:186} INFO - Started process (PID=322) to work on /opt/airflow/dags/first_dag.py
[2024-09-17T18:53:56.812+0000] {processor.py:914} INFO - Processing file /opt/airflow/dags/first_dag.py for tasks to queue
[2024-09-17T18:53:56.815+0000] {logging_mixin.py:190} INFO - [2024-09-17T18:53:56.814+0000] {dagbag.py:587} INFO - Filling up the DagBag from /opt/airflow/dags/first_dag.py
[2024-09-17T18:53:56.849+0000] {processor.py:925} INFO - DAG(s) 'first_dag' retrieved from /opt/airflow/dags/first_dag.py
[2024-09-17T18:53:56.988+0000] {logging_mixin.py:190} INFO - [2024-09-17T18:53:56.988+0000] {dag.py:3229} INFO - Sync 1 DAGs
[2024-09-17T18:53:57.008+0000] {logging_mixin.py:190} INFO - [2024-09-17T18:53:57.008+0000] {dag.py:4156} INFO - Setting next_dagrun for first_dag to 2024-09-16 00:00:00+00:00, run_after=2024-09-17 00:00:00+00:00
[2024-09-17T18:53:57.023+0000] {processor.py:208} INFO - Processing /opt/airflow/dags/first_dag.py took 0.228 seconds
[2024-09-17T18:54:27.385+0000] {processor.py:186} INFO - Started process (PID=329) to work on /opt/airflow/dags/first_dag.py
[2024-09-17T18:54:27.388+0000] {processor.py:914} INFO - Processing file /opt/airflow/dags/first_dag.py for tasks to queue
[2024-09-17T18:54:27.390+0000] {logging_mixin.py:190} INFO - [2024-09-17T18:54:27.390+0000] {dagbag.py:587} INFO - Filling up the DagBag from /opt/airflow/dags/first_dag.py
[2024-09-17T18:54:27.411+0000] {processor.py:925} INFO - DAG(s) 'first_dag' retrieved from /opt/airflow/dags/first_dag.py
[2024-09-17T18:54:27.440+0000] {logging_mixin.py:190} INFO - [2024-09-17T18:54:27.440+0000] {dag.py:3229} INFO - Sync 1 DAGs
[2024-09-17T18:54:27.477+0000] {logging_mixin.py:190} INFO - [2024-09-17T18:54:27.477+0000] {dag.py:4156} INFO - Setting next_dagrun for first_dag to 2024-09-17 00:00:00+00:00, run_after=2024-09-18 00:00:00+00:00
[2024-09-17T18:54:27.489+0000] {processor.py:208} INFO - Processing /opt/airflow/dags/first_dag.py took 0.117 seconds
[2024-09-17T18:54:57.854+0000] {processor.py:186} INFO - Started process (PID=336) to work on /opt/airflow/dags/first_dag.py
[2024-09-17T18:54:57.856+0000] {processor.py:914} INFO - Processing file /opt/airflow/dags/first_dag.py for tasks to queue
[2024-09-17T18:54:57.860+0000] {logging_mixin.py:190} INFO - [2024-09-17T18:54:57.858+0000] {dagbag.py:587} INFO - Filling up the DagBag from /opt/airflow/dags/first_dag.py
[2024-09-17T18:54:57.876+0000] {processor.py:925} INFO - DAG(s) 'first_dag' retrieved from /opt/airflow/dags/first_dag.py
[2024-09-17T18:54:57.914+0000] {logging_mixin.py:190} INFO - [2024-09-17T18:54:57.913+0000] {dag.py:3229} INFO - Sync 1 DAGs
[2024-09-17T18:54:57.943+0000] {logging_mixin.py:190} INFO - [2024-09-17T18:54:57.943+0000] {dag.py:4156} INFO - Setting next_dagrun for first_dag to 2024-09-17 00:00:00+00:00, run_after=2024-09-18 00:00:00+00:00
[2024-09-17T18:54:57.956+0000] {processor.py:208} INFO - Processing /opt/airflow/dags/first_dag.py took 0.111 seconds
[2024-09-17T18:55:28.402+0000] {processor.py:186} INFO - Started process (PID=343) to work on /opt/airflow/dags/first_dag.py
[2024-09-17T18:55:28.405+0000] {processor.py:914} INFO - Processing file /opt/airflow/dags/first_dag.py for tasks to queue
[2024-09-17T18:55:28.408+0000] {logging_mixin.py:190} INFO - [2024-09-17T18:55:28.408+0000] {dagbag.py:587} INFO - Filling up the DagBag from /opt/airflow/dags/first_dag.py
[2024-09-17T18:55:28.426+0000] {processor.py:925} INFO - DAG(s) 'first_dag' retrieved from /opt/airflow/dags/first_dag.py
[2024-09-17T18:55:28.474+0000] {logging_mixin.py:190} INFO - [2024-09-17T18:55:28.474+0000] {dag.py:3229} INFO - Sync 1 DAGs
[2024-09-17T18:55:28.496+0000] {logging_mixin.py:190} INFO - [2024-09-17T18:55:28.496+0000] {dag.py:4156} INFO - Setting next_dagrun for first_dag to 2024-09-17 00:00:00+00:00, run_after=2024-09-18 00:00:00+00:00
[2024-09-17T18:55:28.509+0000] {processor.py:208} INFO - Processing /opt/airflow/dags/first_dag.py took 0.115 seconds
[2024-09-17T18:55:58.942+0000] {processor.py:186} INFO - Started process (PID=350) to work on /opt/airflow/dags/first_dag.py
[2024-09-17T18:55:58.945+0000] {processor.py:914} INFO - Processing file /opt/airflow/dags/first_dag.py for tasks to queue
[2024-09-17T18:55:58.947+0000] {logging_mixin.py:190} INFO - [2024-09-17T18:55:58.947+0000] {dagbag.py:587} INFO - Filling up the DagBag from /opt/airflow/dags/first_dag.py
[2024-09-17T18:55:58.980+0000] {processor.py:925} INFO - DAG(s) 'first_dag' retrieved from /opt/airflow/dags/first_dag.py
[2024-09-17T18:55:59.013+0000] {logging_mixin.py:190} INFO - [2024-09-17T18:55:59.013+0000] {dag.py:3229} INFO - Sync 1 DAGs
[2024-09-17T18:55:59.033+0000] {logging_mixin.py:190} INFO - [2024-09-17T18:55:59.033+0000] {dag.py:4156} INFO - Setting next_dagrun for first_dag to 2024-09-17 00:00:00+00:00, run_after=2024-09-18 00:00:00+00:00
[2024-09-17T18:55:59.044+0000] {processor.py:208} INFO - Processing /opt/airflow/dags/first_dag.py took 0.113 seconds
[2024-09-17T18:56:14.162+0000] {processor.py:186} INFO - Started process (PID=351) to work on /opt/airflow/dags/first_dag.py
[2024-09-17T18:56:14.165+0000] {processor.py:914} INFO - Processing file /opt/airflow/dags/first_dag.py for tasks to queue
[2024-09-17T18:56:14.167+0000] {logging_mixin.py:190} INFO - [2024-09-17T18:56:14.166+0000] {dagbag.py:587} INFO - Filling up the DagBag from /opt/airflow/dags/first_dag.py
[2024-09-17T18:56:14.228+0000] {processor.py:925} INFO - DAG(s) 'first_dag' retrieved from /opt/airflow/dags/first_dag.py
[2024-09-17T18:56:14.351+0000] {logging_mixin.py:190} INFO - [2024-09-17T18:56:14.351+0000] {dag.py:3229} INFO - Sync 1 DAGs
[2024-09-17T18:56:14.368+0000] {logging_mixin.py:190} INFO - [2024-09-17T18:56:14.367+0000] {dag.py:4156} INFO - Setting next_dagrun for first_dag to 2024-09-17 00:00:00+00:00, run_after=2024-09-18 00:00:00+00:00
[2024-09-17T18:56:14.381+0000] {processor.py:208} INFO - Processing /opt/airflow/dags/first_dag.py took 0.230 seconds
[2024-09-17T18:56:44.686+0000] {processor.py:186} INFO - Started process (PID=358) to work on /opt/airflow/dags/first_dag.py
[2024-09-17T18:56:44.690+0000] {processor.py:914} INFO - Processing file /opt/airflow/dags/first_dag.py for tasks to queue
[2024-09-17T18:56:44.692+0000] {logging_mixin.py:190} INFO - [2024-09-17T18:56:44.692+0000] {dagbag.py:587} INFO - Filling up the DagBag from /opt/airflow/dags/first_dag.py
[2024-09-17T18:56:44.721+0000] {processor.py:925} INFO - DAG(s) 'first_dag' retrieved from /opt/airflow/dags/first_dag.py
[2024-09-17T18:56:44.768+0000] {logging_mixin.py:190} INFO - [2024-09-17T18:56:44.767+0000] {dag.py:3229} INFO - Sync 1 DAGs
[2024-09-17T18:56:44.800+0000] {logging_mixin.py:190} INFO - [2024-09-17T18:56:44.800+0000] {dag.py:4156} INFO - Setting next_dagrun for first_dag to 2024-09-17 00:00:00+00:00, run_after=2024-09-18 00:00:00+00:00
[2024-09-17T18:56:44.813+0000] {processor.py:208} INFO - Processing /opt/airflow/dags/first_dag.py took 0.139 seconds
[2024-09-17T18:57:15.155+0000] {processor.py:186} INFO - Started process (PID=364) to work on /opt/airflow/dags/first_dag.py
[2024-09-17T18:57:15.166+0000] {processor.py:914} INFO - Processing file /opt/airflow/dags/first_dag.py for tasks to queue
[2024-09-17T18:57:15.169+0000] {logging_mixin.py:190} INFO - [2024-09-17T18:57:15.168+0000] {dagbag.py:587} INFO - Filling up the DagBag from /opt/airflow/dags/first_dag.py
[2024-09-17T18:57:15.195+0000] {processor.py:925} INFO - DAG(s) 'first_dag' retrieved from /opt/airflow/dags/first_dag.py
[2024-09-17T18:57:15.219+0000] {logging_mixin.py:190} INFO - [2024-09-17T18:57:15.219+0000] {dag.py:3229} INFO - Sync 1 DAGs
[2024-09-17T18:57:15.237+0000] {logging_mixin.py:190} INFO - [2024-09-17T18:57:15.237+0000] {dag.py:4156} INFO - Setting next_dagrun for first_dag to 2024-09-17 00:00:00+00:00, run_after=2024-09-18 00:00:00+00:00
[2024-09-17T18:57:15.251+0000] {processor.py:208} INFO - Processing /opt/airflow/dags/first_dag.py took 0.102 seconds
[2024-09-17T18:57:45.608+0000] {processor.py:186} INFO - Started process (PID=371) to work on /opt/airflow/dags/first_dag.py
[2024-09-17T18:57:45.614+0000] {processor.py:914} INFO - Processing file /opt/airflow/dags/first_dag.py for tasks to queue
[2024-09-17T18:57:45.617+0000] {logging_mixin.py:190} INFO - [2024-09-17T18:57:45.616+0000] {dagbag.py:587} INFO - Filling up the DagBag from /opt/airflow/dags/first_dag.py
[2024-09-17T18:57:45.634+0000] {processor.py:925} INFO - DAG(s) 'first_dag' retrieved from /opt/airflow/dags/first_dag.py
[2024-09-17T18:57:45.663+0000] {logging_mixin.py:190} INFO - [2024-09-17T18:57:45.663+0000] {dag.py:3229} INFO - Sync 1 DAGs
[2024-09-17T18:57:45.686+0000] {logging_mixin.py:190} INFO - [2024-09-17T18:57:45.686+0000] {dag.py:4156} INFO - Setting next_dagrun for first_dag to 2024-09-17 00:00:00+00:00, run_after=2024-09-18 00:00:00+00:00
[2024-09-17T18:57:45.711+0000] {processor.py:208} INFO - Processing /opt/airflow/dags/first_dag.py took 0.124 seconds
[2024-09-17T18:57:57.824+0000] {processor.py:186} INFO - Started process (PID=378) to work on /opt/airflow/dags/first_dag.py
[2024-09-17T18:57:57.826+0000] {processor.py:914} INFO - Processing file /opt/airflow/dags/first_dag.py for tasks to queue
[2024-09-17T18:57:57.828+0000] {logging_mixin.py:190} INFO - [2024-09-17T18:57:57.828+0000] {dagbag.py:587} INFO - Filling up the DagBag from /opt/airflow/dags/first_dag.py
[2024-09-17T18:57:57.853+0000] {processor.py:925} INFO - DAG(s) 'first_dag' retrieved from /opt/airflow/dags/first_dag.py
[2024-09-17T18:57:57.949+0000] {logging_mixin.py:190} INFO - [2024-09-17T18:57:57.948+0000] {dag.py:3229} INFO - Sync 1 DAGs
[2024-09-17T18:57:57.966+0000] {logging_mixin.py:190} INFO - [2024-09-17T18:57:57.966+0000] {dag.py:4156} INFO - Setting next_dagrun for first_dag to 2024-09-17 00:00:00+00:00, run_after=2024-09-18 00:00:00+00:00
[2024-09-17T18:57:57.979+0000] {processor.py:208} INFO - Processing /opt/airflow/dags/first_dag.py took 0.182 seconds
[2024-09-17T18:58:03.993+0000] {processor.py:186} INFO - Started process (PID=379) to work on /opt/airflow/dags/first_dag.py
[2024-09-17T18:58:03.996+0000] {processor.py:914} INFO - Processing file /opt/airflow/dags/first_dag.py for tasks to queue
[2024-09-17T18:58:03.998+0000] {logging_mixin.py:190} INFO - [2024-09-17T18:58:03.997+0000] {dagbag.py:587} INFO - Filling up the DagBag from /opt/airflow/dags/first_dag.py
[2024-09-17T18:58:04.043+0000] {processor.py:925} INFO - DAG(s) 'first_dag' retrieved from /opt/airflow/dags/first_dag.py
[2024-09-17T18:58:04.066+0000] {logging_mixin.py:190} INFO - [2024-09-17T18:58:04.066+0000] {dag.py:3229} INFO - Sync 1 DAGs
[2024-09-17T18:58:04.097+0000] {logging_mixin.py:190} INFO - [2024-09-17T18:58:04.096+0000] {dag.py:4156} INFO - Setting next_dagrun for first_dag to 2024-09-17 00:00:00+00:00, run_after=2024-09-18 00:00:00+00:00
[2024-09-17T18:58:04.120+0000] {processor.py:208} INFO - Processing /opt/airflow/dags/first_dag.py took 0.139 seconds
[2024-09-17T18:58:34.700+0000] {processor.py:186} INFO - Started process (PID=386) to work on /opt/airflow/dags/first_dag.py
[2024-09-17T18:58:34.702+0000] {processor.py:914} INFO - Processing file /opt/airflow/dags/first_dag.py for tasks to queue
[2024-09-17T18:58:34.704+0000] {logging_mixin.py:190} INFO - [2024-09-17T18:58:34.704+0000] {dagbag.py:587} INFO - Filling up the DagBag from /opt/airflow/dags/first_dag.py
[2024-09-17T18:58:34.719+0000] {processor.py:925} INFO - DAG(s) 'first_dag' retrieved from /opt/airflow/dags/first_dag.py
[2024-09-17T18:58:34.745+0000] {logging_mixin.py:190} INFO - [2024-09-17T18:58:34.745+0000] {dag.py:3229} INFO - Sync 1 DAGs
[2024-09-17T18:58:34.762+0000] {logging_mixin.py:190} INFO - [2024-09-17T18:58:34.762+0000] {dag.py:4156} INFO - Setting next_dagrun for first_dag to 2024-09-17 00:00:00+00:00, run_after=2024-09-18 00:00:00+00:00
[2024-09-17T18:58:34.772+0000] {processor.py:208} INFO - Processing /opt/airflow/dags/first_dag.py took 0.093 seconds
[2024-09-17T18:58:41.954+0000] {processor.py:186} INFO - Started process (PID=387) to work on /opt/airflow/dags/first_dag.py
[2024-09-17T18:58:41.958+0000] {processor.py:914} INFO - Processing file /opt/airflow/dags/first_dag.py for tasks to queue
[2024-09-17T18:58:41.962+0000] {logging_mixin.py:190} INFO - [2024-09-17T18:58:41.961+0000] {dagbag.py:587} INFO - Filling up the DagBag from /opt/airflow/dags/first_dag.py
[2024-09-17T18:58:41.985+0000] {processor.py:925} INFO - DAG(s) 'first_dag' retrieved from /opt/airflow/dags/first_dag.py
[2024-09-17T18:58:42.351+0000] {logging_mixin.py:190} INFO - [2024-09-17T18:58:42.351+0000] {dag.py:3229} INFO - Sync 1 DAGs
[2024-09-17T18:58:42.408+0000] {logging_mixin.py:190} INFO - [2024-09-17T18:58:42.407+0000] {dag.py:4156} INFO - Setting next_dagrun for first_dag to 2024-09-17 00:00:00+00:00, run_after=2024-09-18 00:00:00+00:00
[2024-09-17T18:58:42.469+0000] {processor.py:208} INFO - Processing /opt/airflow/dags/first_dag.py took 0.545 seconds
[2024-09-17T18:59:13.001+0000] {processor.py:186} INFO - Started process (PID=394) to work on /opt/airflow/dags/first_dag.py
[2024-09-17T18:59:13.003+0000] {processor.py:914} INFO - Processing file /opt/airflow/dags/first_dag.py for tasks to queue
[2024-09-17T18:59:13.006+0000] {logging_mixin.py:190} INFO - [2024-09-17T18:59:13.005+0000] {dagbag.py:587} INFO - Filling up the DagBag from /opt/airflow/dags/first_dag.py
[2024-09-17T18:59:13.027+0000] {processor.py:925} INFO - DAG(s) 'first_dag' retrieved from /opt/airflow/dags/first_dag.py
[2024-09-17T18:59:13.065+0000] {logging_mixin.py:190} INFO - [2024-09-17T18:59:13.064+0000] {dag.py:3229} INFO - Sync 1 DAGs
[2024-09-17T18:59:13.086+0000] {logging_mixin.py:190} INFO - [2024-09-17T18:59:13.086+0000] {dag.py:4156} INFO - Setting next_dagrun for first_dag to 2024-09-17 00:00:00+00:00, run_after=2024-09-18 00:00:00+00:00
[2024-09-17T18:59:13.098+0000] {processor.py:208} INFO - Processing /opt/airflow/dags/first_dag.py took 0.109 seconds
[2024-09-17T18:59:19.107+0000] {processor.py:186} INFO - Started process (PID=401) to work on /opt/airflow/dags/first_dag.py
[2024-09-17T18:59:19.110+0000] {processor.py:914} INFO - Processing file /opt/airflow/dags/first_dag.py for tasks to queue
[2024-09-17T18:59:19.113+0000] {logging_mixin.py:190} INFO - [2024-09-17T18:59:19.112+0000] {dagbag.py:587} INFO - Filling up the DagBag from /opt/airflow/dags/first_dag.py
[2024-09-17T18:59:19.141+0000] {processor.py:925} INFO - DAG(s) 'first_dag' retrieved from /opt/airflow/dags/first_dag.py
[2024-09-17T18:59:19.200+0000] {logging_mixin.py:190} INFO - [2024-09-17T18:59:19.200+0000] {dag.py:3229} INFO - Sync 1 DAGs
[2024-09-17T18:59:19.220+0000] {logging_mixin.py:190} INFO - [2024-09-17T18:59:19.220+0000] {dag.py:4156} INFO - Setting next_dagrun for first_dag to 2024-09-17 00:00:00+00:00, run_after=2024-09-18 00:00:00+00:00
[2024-09-17T18:59:19.234+0000] {processor.py:208} INFO - Processing /opt/airflow/dags/first_dag.py took 0.136 seconds
[2024-09-17T18:59:49.622+0000] {processor.py:186} INFO - Started process (PID=408) to work on /opt/airflow/dags/first_dag.py
[2024-09-17T18:59:49.625+0000] {processor.py:914} INFO - Processing file /opt/airflow/dags/first_dag.py for tasks to queue
[2024-09-17T18:59:49.628+0000] {logging_mixin.py:190} INFO - [2024-09-17T18:59:49.627+0000] {dagbag.py:587} INFO - Filling up the DagBag from /opt/airflow/dags/first_dag.py
[2024-09-17T18:59:49.649+0000] {processor.py:925} INFO - DAG(s) 'first_dag' retrieved from /opt/airflow/dags/first_dag.py
[2024-09-17T18:59:49.680+0000] {logging_mixin.py:190} INFO - [2024-09-17T18:59:49.680+0000] {dag.py:3229} INFO - Sync 1 DAGs
[2024-09-17T18:59:49.717+0000] {logging_mixin.py:190} INFO - [2024-09-17T18:59:49.716+0000] {dag.py:4156} INFO - Setting next_dagrun for first_dag to 2024-09-17 00:00:00+00:00, run_after=2024-09-18 00:00:00+00:00
[2024-09-17T18:59:49.733+0000] {processor.py:208} INFO - Processing /opt/airflow/dags/first_dag.py took 0.120 seconds
[2024-09-17T19:00:20.067+0000] {processor.py:186} INFO - Started process (PID=419) to work on /opt/airflow/dags/first_dag.py
[2024-09-17T19:00:20.070+0000] {processor.py:914} INFO - Processing file /opt/airflow/dags/first_dag.py for tasks to queue
[2024-09-17T19:00:20.073+0000] {logging_mixin.py:190} INFO - [2024-09-17T19:00:20.073+0000] {dagbag.py:587} INFO - Filling up the DagBag from /opt/airflow/dags/first_dag.py
[2024-09-17T19:00:20.091+0000] {processor.py:925} INFO - DAG(s) 'first_dag' retrieved from /opt/airflow/dags/first_dag.py
[2024-09-17T19:00:20.149+0000] {logging_mixin.py:190} INFO - [2024-09-17T19:00:20.149+0000] {dag.py:3229} INFO - Sync 1 DAGs
[2024-09-17T19:00:20.175+0000] {logging_mixin.py:190} INFO - [2024-09-17T19:00:20.174+0000] {dag.py:4156} INFO - Setting next_dagrun for first_dag to 2024-09-17 00:00:00+00:00, run_after=2024-09-18 00:00:00+00:00
[2024-09-17T19:00:20.193+0000] {processor.py:208} INFO - Processing /opt/airflow/dags/first_dag.py took 0.140 seconds
[2024-09-17T19:00:50.687+0000] {processor.py:186} INFO - Started process (PID=425) to work on /opt/airflow/dags/first_dag.py
[2024-09-17T19:00:50.689+0000] {processor.py:914} INFO - Processing file /opt/airflow/dags/first_dag.py for tasks to queue
[2024-09-17T19:00:50.691+0000] {logging_mixin.py:190} INFO - [2024-09-17T19:00:50.691+0000] {dagbag.py:587} INFO - Filling up the DagBag from /opt/airflow/dags/first_dag.py
[2024-09-17T19:00:50.705+0000] {processor.py:925} INFO - DAG(s) 'first_dag' retrieved from /opt/airflow/dags/first_dag.py
[2024-09-17T19:00:50.744+0000] {logging_mixin.py:190} INFO - [2024-09-17T19:00:50.744+0000] {dag.py:3229} INFO - Sync 1 DAGs
[2024-09-17T19:00:50.768+0000] {logging_mixin.py:190} INFO - [2024-09-17T19:00:50.768+0000] {dag.py:4156} INFO - Setting next_dagrun for first_dag to 2024-09-17 00:00:00+00:00, run_after=2024-09-18 00:00:00+00:00
[2024-09-17T19:00:50.779+0000] {processor.py:208} INFO - Processing /opt/airflow/dags/first_dag.py took 0.102 seconds
[2024-09-17T19:01:21.054+0000] {processor.py:186} INFO - Started process (PID=432) to work on /opt/airflow/dags/first_dag.py
[2024-09-17T19:01:21.056+0000] {processor.py:914} INFO - Processing file /opt/airflow/dags/first_dag.py for tasks to queue
[2024-09-17T19:01:21.058+0000] {logging_mixin.py:190} INFO - [2024-09-17T19:01:21.058+0000] {dagbag.py:587} INFO - Filling up the DagBag from /opt/airflow/dags/first_dag.py
[2024-09-17T19:01:21.074+0000] {processor.py:925} INFO - DAG(s) 'first_dag' retrieved from /opt/airflow/dags/first_dag.py
[2024-09-17T19:01:21.127+0000] {logging_mixin.py:190} INFO - [2024-09-17T19:01:21.126+0000] {dag.py:3229} INFO - Sync 1 DAGs
[2024-09-17T19:01:21.152+0000] {logging_mixin.py:190} INFO - [2024-09-17T19:01:21.152+0000] {dag.py:4156} INFO - Setting next_dagrun for first_dag to 2024-09-17 00:00:00+00:00, run_after=2024-09-18 00:00:00+00:00
[2024-09-17T19:01:21.166+0000] {processor.py:208} INFO - Processing /opt/airflow/dags/first_dag.py took 0.120 seconds
[2024-09-17T19:01:47.585+0000] {processor.py:186} INFO - Started process (PID=439) to work on /opt/airflow/dags/first_dag.py
[2024-09-17T19:01:47.590+0000] {processor.py:914} INFO - Processing file /opt/airflow/dags/first_dag.py for tasks to queue
[2024-09-17T19:01:47.592+0000] {logging_mixin.py:190} INFO - [2024-09-17T19:01:47.591+0000] {dagbag.py:587} INFO - Filling up the DagBag from /opt/airflow/dags/first_dag.py
[2024-09-17T19:01:47.630+0000] {processor.py:925} INFO - DAG(s) 'first_dag' retrieved from /opt/airflow/dags/first_dag.py
[2024-09-17T19:01:47.678+0000] {logging_mixin.py:190} INFO - [2024-09-17T19:01:47.678+0000] {dag.py:3229} INFO - Sync 1 DAGs
[2024-09-17T19:01:47.703+0000] {logging_mixin.py:190} INFO - [2024-09-17T19:01:47.703+0000] {dag.py:4156} INFO - Setting next_dagrun for first_dag to 2024-09-17 00:00:00+00:00, run_after=2024-09-18 00:00:00+00:00
[2024-09-17T19:01:47.722+0000] {processor.py:208} INFO - Processing /opt/airflow/dags/first_dag.py took 0.148 seconds
[2024-09-17T19:02:18.056+0000] {processor.py:186} INFO - Started process (PID=450) to work on /opt/airflow/dags/first_dag.py
[2024-09-17T19:02:18.058+0000] {processor.py:914} INFO - Processing file /opt/airflow/dags/first_dag.py for tasks to queue
[2024-09-17T19:02:18.060+0000] {logging_mixin.py:190} INFO - [2024-09-17T19:02:18.060+0000] {dagbag.py:587} INFO - Filling up the DagBag from /opt/airflow/dags/first_dag.py
[2024-09-17T19:02:18.085+0000] {processor.py:925} INFO - DAG(s) 'first_dag' retrieved from /opt/airflow/dags/first_dag.py
[2024-09-17T19:02:18.119+0000] {logging_mixin.py:190} INFO - [2024-09-17T19:02:18.119+0000] {dag.py:3229} INFO - Sync 1 DAGs
[2024-09-17T19:02:18.144+0000] {logging_mixin.py:190} INFO - [2024-09-17T19:02:18.144+0000] {dag.py:4156} INFO - Setting next_dagrun for first_dag to 2024-09-17 00:00:00+00:00, run_after=2024-09-18 00:00:00+00:00
[2024-09-17T19:02:18.162+0000] {processor.py:208} INFO - Processing /opt/airflow/dags/first_dag.py took 0.117 seconds
[2024-09-17T19:02:48.652+0000] {processor.py:186} INFO - Started process (PID=457) to work on /opt/airflow/dags/first_dag.py
[2024-09-17T19:02:48.655+0000] {processor.py:914} INFO - Processing file /opt/airflow/dags/first_dag.py for tasks to queue
[2024-09-17T19:02:48.658+0000] {logging_mixin.py:190} INFO - [2024-09-17T19:02:48.657+0000] {dagbag.py:587} INFO - Filling up the DagBag from /opt/airflow/dags/first_dag.py
[2024-09-17T19:02:48.677+0000] {processor.py:925} INFO - DAG(s) 'first_dag' retrieved from /opt/airflow/dags/first_dag.py
[2024-09-17T19:02:48.720+0000] {logging_mixin.py:190} INFO - [2024-09-17T19:02:48.720+0000] {dag.py:3229} INFO - Sync 1 DAGs
[2024-09-17T19:02:48.746+0000] {logging_mixin.py:190} INFO - [2024-09-17T19:02:48.746+0000] {dag.py:4156} INFO - Setting next_dagrun for first_dag to 2024-09-17 00:00:00+00:00, run_after=2024-09-18 00:00:00+00:00
[2024-09-17T19:02:48.759+0000] {processor.py:208} INFO - Processing /opt/airflow/dags/first_dag.py took 0.116 seconds
[2024-09-17T19:02:49.708+0000] {processor.py:186} INFO - Started process (PID=458) to work on /opt/airflow/dags/first_dag.py
[2024-09-17T19:02:49.711+0000] {processor.py:914} INFO - Processing file /opt/airflow/dags/first_dag.py for tasks to queue
[2024-09-17T19:02:49.713+0000] {logging_mixin.py:190} INFO - [2024-09-17T19:02:49.713+0000] {dagbag.py:587} INFO - Filling up the DagBag from /opt/airflow/dags/first_dag.py
[2024-09-17T19:02:49.734+0000] {processor.py:925} INFO - DAG(s) 'first_dag' retrieved from /opt/airflow/dags/first_dag.py
[2024-09-17T19:02:49.761+0000] {logging_mixin.py:190} INFO - [2024-09-17T19:02:49.761+0000] {dag.py:3229} INFO - Sync 1 DAGs
[2024-09-17T19:02:49.779+0000] {logging_mixin.py:190} INFO - [2024-09-17T19:02:49.779+0000] {dag.py:4156} INFO - Setting next_dagrun for first_dag to 2024-09-17 00:00:00+00:00, run_after=2024-09-18 00:00:00+00:00
[2024-09-17T19:02:49.792+0000] {processor.py:208} INFO - Processing /opt/airflow/dags/first_dag.py took 0.095 seconds
[2024-09-17T19:02:50.830+0000] {processor.py:186} INFO - Started process (PID=459) to work on /opt/airflow/dags/first_dag.py
[2024-09-17T19:02:50.832+0000] {processor.py:914} INFO - Processing file /opt/airflow/dags/first_dag.py for tasks to queue
[2024-09-17T19:02:50.834+0000] {logging_mixin.py:190} INFO - [2024-09-17T19:02:50.834+0000] {dagbag.py:587} INFO - Filling up the DagBag from /opt/airflow/dags/first_dag.py
[2024-09-17T19:02:50.855+0000] {processor.py:925} INFO - DAG(s) 'first_dag' retrieved from /opt/airflow/dags/first_dag.py
[2024-09-17T19:02:50.879+0000] {logging_mixin.py:190} INFO - [2024-09-17T19:02:50.879+0000] {dag.py:3229} INFO - Sync 1 DAGs
[2024-09-17T19:02:50.932+0000] {logging_mixin.py:190} INFO - [2024-09-17T19:02:50.931+0000] {dag.py:4156} INFO - Setting next_dagrun for first_dag to 2024-09-17 00:00:00+00:00, run_after=2024-09-18 00:00:00+00:00
[2024-09-17T19:02:50.980+0000] {processor.py:208} INFO - Processing /opt/airflow/dags/first_dag.py took 0.156 seconds
[2024-09-17T19:03:21.761+0000] {processor.py:186} INFO - Started process (PID=465) to work on /opt/airflow/dags/first_dag.py
[2024-09-17T19:03:21.763+0000] {processor.py:914} INFO - Processing file /opt/airflow/dags/first_dag.py for tasks to queue
[2024-09-17T19:03:21.766+0000] {logging_mixin.py:190} INFO - [2024-09-17T19:03:21.765+0000] {dagbag.py:587} INFO - Filling up the DagBag from /opt/airflow/dags/first_dag.py
[2024-09-17T19:03:21.804+0000] {processor.py:925} INFO - DAG(s) 'first_dag' retrieved from /opt/airflow/dags/first_dag.py
[2024-09-17T19:03:21.835+0000] {logging_mixin.py:190} INFO - [2024-09-17T19:03:21.835+0000] {dag.py:3229} INFO - Sync 1 DAGs
[2024-09-17T19:03:21.864+0000] {logging_mixin.py:190} INFO - [2024-09-17T19:03:21.864+0000] {dag.py:4156} INFO - Setting next_dagrun for first_dag to 2024-09-17 00:00:00+00:00, run_after=2024-09-18 00:00:00+00:00
[2024-09-17T19:03:21.881+0000] {processor.py:208} INFO - Processing /opt/airflow/dags/first_dag.py took 0.128 seconds
[2024-09-17T19:03:52.309+0000] {processor.py:186} INFO - Started process (PID=472) to work on /opt/airflow/dags/first_dag.py
[2024-09-17T19:03:52.311+0000] {processor.py:914} INFO - Processing file /opt/airflow/dags/first_dag.py for tasks to queue
[2024-09-17T19:03:52.314+0000] {logging_mixin.py:190} INFO - [2024-09-17T19:03:52.313+0000] {dagbag.py:587} INFO - Filling up the DagBag from /opt/airflow/dags/first_dag.py
[2024-09-17T19:03:52.342+0000] {processor.py:925} INFO - DAG(s) 'first_dag' retrieved from /opt/airflow/dags/first_dag.py
[2024-09-17T19:03:52.396+0000] {logging_mixin.py:190} INFO - [2024-09-17T19:03:52.396+0000] {dag.py:3229} INFO - Sync 1 DAGs
[2024-09-17T19:03:52.439+0000] {logging_mixin.py:190} INFO - [2024-09-17T19:03:52.439+0000] {dag.py:4156} INFO - Setting next_dagrun for first_dag to 2024-09-17 00:00:00+00:00, run_after=2024-09-18 00:00:00+00:00
[2024-09-17T19:03:52.454+0000] {processor.py:208} INFO - Processing /opt/airflow/dags/first_dag.py took 0.155 seconds
