[2024-09-15T19:08:23.353+0000] {processor.py:186} INFO - Started process (PID=47) to work on /home/airflow/.local/lib/python3.12/site-packages/airflow/example_dags/example_time_delta_sensor_async.py
[2024-09-15T19:08:23.355+0000] {processor.py:914} INFO - Processing file /home/airflow/.local/lib/python3.12/site-packages/airflow/example_dags/example_time_delta_sensor_async.py for tasks to queue
[2024-09-15T19:08:23.357+0000] {logging_mixin.py:190} INFO - [2024-09-15T19:08:23.357+0000] {dagbag.py:587} INFO - Filling up the DagBag from /home/airflow/.local/lib/python3.12/site-packages/airflow/example_dags/example_time_delta_sensor_async.py
[2024-09-15T19:08:23.362+0000] {processor.py:925} INFO - DAG(s) 'example_time_delta_sensor_async' retrieved from /home/airflow/.local/lib/python3.12/site-packages/airflow/example_dags/example_time_delta_sensor_async.py
[2024-09-15T19:08:23.433+0000] {logging_mixin.py:190} INFO - [2024-09-15T19:08:23.432+0000] {override.py:1900} INFO - Created Permission View: can edit on DAG:example_time_delta_sensor_async
[2024-09-15T19:08:23.441+0000] {logging_mixin.py:190} INFO - [2024-09-15T19:08:23.440+0000] {override.py:1900} INFO - Created Permission View: can delete on DAG:example_time_delta_sensor_async
[2024-09-15T19:08:23.452+0000] {logging_mixin.py:190} INFO - [2024-09-15T19:08:23.451+0000] {override.py:1900} INFO - Created Permission View: can read on DAG:example_time_delta_sensor_async
[2024-09-15T19:08:23.460+0000] {logging_mixin.py:190} INFO - [2024-09-15T19:08:23.460+0000] {override.py:1900} INFO - Created Permission View: can create on DAG Run:example_time_delta_sensor_async
[2024-09-15T19:08:23.466+0000] {logging_mixin.py:190} INFO - [2024-09-15T19:08:23.466+0000] {override.py:1900} INFO - Created Permission View: can delete on DAG Run:example_time_delta_sensor_async
[2024-09-15T19:08:23.470+0000] {logging_mixin.py:190} INFO - [2024-09-15T19:08:23.470+0000] {override.py:1900} INFO - Created Permission View: menu access on DAG Run:example_time_delta_sensor_async
[2024-09-15T19:08:23.475+0000] {logging_mixin.py:190} INFO - [2024-09-15T19:08:23.475+0000] {override.py:1900} INFO - Created Permission View: can read on DAG Run:example_time_delta_sensor_async
[2024-09-15T19:08:23.477+0000] {logging_mixin.py:190} INFO - [2024-09-15T19:08:23.477+0000] {dag.py:3229} INFO - Sync 1 DAGs
[2024-09-15T19:08:23.484+0000] {logging_mixin.py:190} INFO - [2024-09-15T19:08:23.484+0000] {dag.py:3252} INFO - Creating ORM DAG for example_time_delta_sensor_async
[2024-09-15T19:08:23.487+0000] {logging_mixin.py:190} INFO - [2024-09-15T19:08:23.487+0000] {dag.py:4156} INFO - Setting next_dagrun for example_time_delta_sensor_async to None, run_after=None
[2024-09-15T19:08:23.496+0000] {processor.py:208} INFO - Processing /home/airflow/.local/lib/python3.12/site-packages/airflow/example_dags/example_time_delta_sensor_async.py took 0.149 seconds
[2024-09-15T19:08:53.715+0000] {processor.py:186} INFO - Started process (PID=109) to work on /home/airflow/.local/lib/python3.12/site-packages/airflow/example_dags/example_time_delta_sensor_async.py
[2024-09-15T19:08:53.717+0000] {processor.py:914} INFO - Processing file /home/airflow/.local/lib/python3.12/site-packages/airflow/example_dags/example_time_delta_sensor_async.py for tasks to queue
[2024-09-15T19:08:53.720+0000] {logging_mixin.py:190} INFO - [2024-09-15T19:08:53.720+0000] {dagbag.py:587} INFO - Filling up the DagBag from /home/airflow/.local/lib/python3.12/site-packages/airflow/example_dags/example_time_delta_sensor_async.py
[2024-09-15T19:08:53.726+0000] {processor.py:925} INFO - DAG(s) 'example_time_delta_sensor_async' retrieved from /home/airflow/.local/lib/python3.12/site-packages/airflow/example_dags/example_time_delta_sensor_async.py
[2024-09-15T19:08:53.743+0000] {logging_mixin.py:190} INFO - [2024-09-15T19:08:53.742+0000] {dag.py:3229} INFO - Sync 1 DAGs
[2024-09-15T19:08:53.752+0000] {logging_mixin.py:190} INFO - [2024-09-15T19:08:53.752+0000] {dag.py:4156} INFO - Setting next_dagrun for example_time_delta_sensor_async to None, run_after=None
[2024-09-15T19:08:53.763+0000] {processor.py:208} INFO - Processing /home/airflow/.local/lib/python3.12/site-packages/airflow/example_dags/example_time_delta_sensor_async.py took 0.051 seconds
[2024-09-15T19:09:53.894+0000] {processor.py:186} INFO - Started process (PID=46) to work on /home/airflow/.local/lib/python3.12/site-packages/airflow/example_dags/example_time_delta_sensor_async.py
[2024-09-15T19:09:53.896+0000] {processor.py:914} INFO - Processing file /home/airflow/.local/lib/python3.12/site-packages/airflow/example_dags/example_time_delta_sensor_async.py for tasks to queue
[2024-09-15T19:09:53.899+0000] {logging_mixin.py:190} INFO - [2024-09-15T19:09:53.899+0000] {dagbag.py:587} INFO - Filling up the DagBag from /home/airflow/.local/lib/python3.12/site-packages/airflow/example_dags/example_time_delta_sensor_async.py
[2024-09-15T19:09:53.906+0000] {processor.py:925} INFO - DAG(s) 'example_time_delta_sensor_async' retrieved from /home/airflow/.local/lib/python3.12/site-packages/airflow/example_dags/example_time_delta_sensor_async.py
[2024-09-15T19:09:53.926+0000] {logging_mixin.py:190} INFO - [2024-09-15T19:09:53.926+0000] {dag.py:3229} INFO - Sync 1 DAGs
[2024-09-15T19:09:53.940+0000] {logging_mixin.py:190} INFO - [2024-09-15T19:09:53.939+0000] {dag.py:4156} INFO - Setting next_dagrun for example_time_delta_sensor_async to None, run_after=None
[2024-09-15T19:09:53.958+0000] {processor.py:208} INFO - Processing /home/airflow/.local/lib/python3.12/site-packages/airflow/example_dags/example_time_delta_sensor_async.py took 0.069 seconds
[2024-09-15T19:10:24.645+0000] {processor.py:186} INFO - Started process (PID=108) to work on /home/airflow/.local/lib/python3.12/site-packages/airflow/example_dags/example_time_delta_sensor_async.py
[2024-09-15T19:10:24.646+0000] {processor.py:914} INFO - Processing file /home/airflow/.local/lib/python3.12/site-packages/airflow/example_dags/example_time_delta_sensor_async.py for tasks to queue
[2024-09-15T19:10:24.648+0000] {logging_mixin.py:190} INFO - [2024-09-15T19:10:24.648+0000] {dagbag.py:587} INFO - Filling up the DagBag from /home/airflow/.local/lib/python3.12/site-packages/airflow/example_dags/example_time_delta_sensor_async.py
[2024-09-15T19:10:24.652+0000] {processor.py:925} INFO - DAG(s) 'example_time_delta_sensor_async' retrieved from /home/airflow/.local/lib/python3.12/site-packages/airflow/example_dags/example_time_delta_sensor_async.py
[2024-09-15T19:10:24.664+0000] {logging_mixin.py:190} INFO - [2024-09-15T19:10:24.664+0000] {dag.py:3229} INFO - Sync 1 DAGs
[2024-09-15T19:10:24.672+0000] {logging_mixin.py:190} INFO - [2024-09-15T19:10:24.672+0000] {dag.py:4156} INFO - Setting next_dagrun for example_time_delta_sensor_async to None, run_after=None
[2024-09-15T19:10:24.682+0000] {processor.py:208} INFO - Processing /home/airflow/.local/lib/python3.12/site-packages/airflow/example_dags/example_time_delta_sensor_async.py took 0.040 seconds
[2024-09-15T19:10:55.376+0000] {processor.py:186} INFO - Started process (PID=170) to work on /home/airflow/.local/lib/python3.12/site-packages/airflow/example_dags/example_time_delta_sensor_async.py
[2024-09-15T19:10:55.378+0000] {processor.py:914} INFO - Processing file /home/airflow/.local/lib/python3.12/site-packages/airflow/example_dags/example_time_delta_sensor_async.py for tasks to queue
[2024-09-15T19:10:55.379+0000] {logging_mixin.py:190} INFO - [2024-09-15T19:10:55.379+0000] {dagbag.py:587} INFO - Filling up the DagBag from /home/airflow/.local/lib/python3.12/site-packages/airflow/example_dags/example_time_delta_sensor_async.py
[2024-09-15T19:10:55.383+0000] {processor.py:925} INFO - DAG(s) 'example_time_delta_sensor_async' retrieved from /home/airflow/.local/lib/python3.12/site-packages/airflow/example_dags/example_time_delta_sensor_async.py
[2024-09-15T19:10:55.395+0000] {logging_mixin.py:190} INFO - [2024-09-15T19:10:55.395+0000] {dag.py:3229} INFO - Sync 1 DAGs
[2024-09-15T19:10:55.404+0000] {logging_mixin.py:190} INFO - [2024-09-15T19:10:55.404+0000] {dag.py:4156} INFO - Setting next_dagrun for example_time_delta_sensor_async to None, run_after=None
[2024-09-15T19:10:55.415+0000] {processor.py:208} INFO - Processing /home/airflow/.local/lib/python3.12/site-packages/airflow/example_dags/example_time_delta_sensor_async.py took 0.042 seconds
[2024-09-15T19:11:26.048+0000] {processor.py:186} INFO - Started process (PID=232) to work on /home/airflow/.local/lib/python3.12/site-packages/airflow/example_dags/example_time_delta_sensor_async.py
[2024-09-15T19:11:26.049+0000] {processor.py:914} INFO - Processing file /home/airflow/.local/lib/python3.12/site-packages/airflow/example_dags/example_time_delta_sensor_async.py for tasks to queue
[2024-09-15T19:11:26.051+0000] {logging_mixin.py:190} INFO - [2024-09-15T19:11:26.051+0000] {dagbag.py:587} INFO - Filling up the DagBag from /home/airflow/.local/lib/python3.12/site-packages/airflow/example_dags/example_time_delta_sensor_async.py
[2024-09-15T19:11:26.055+0000] {processor.py:925} INFO - DAG(s) 'example_time_delta_sensor_async' retrieved from /home/airflow/.local/lib/python3.12/site-packages/airflow/example_dags/example_time_delta_sensor_async.py
[2024-09-15T19:11:26.067+0000] {logging_mixin.py:190} INFO - [2024-09-15T19:11:26.067+0000] {dag.py:3229} INFO - Sync 1 DAGs
[2024-09-15T19:11:26.076+0000] {logging_mixin.py:190} INFO - [2024-09-15T19:11:26.075+0000] {dag.py:4156} INFO - Setting next_dagrun for example_time_delta_sensor_async to None, run_after=None
[2024-09-15T19:11:26.086+0000] {processor.py:208} INFO - Processing /home/airflow/.local/lib/python3.12/site-packages/airflow/example_dags/example_time_delta_sensor_async.py took 0.041 seconds
[2024-09-15T19:11:56.831+0000] {processor.py:186} INFO - Started process (PID=294) to work on /home/airflow/.local/lib/python3.12/site-packages/airflow/example_dags/example_time_delta_sensor_async.py
[2024-09-15T19:11:56.835+0000] {processor.py:914} INFO - Processing file /home/airflow/.local/lib/python3.12/site-packages/airflow/example_dags/example_time_delta_sensor_async.py for tasks to queue
[2024-09-15T19:11:56.844+0000] {logging_mixin.py:190} INFO - [2024-09-15T19:11:56.843+0000] {dagbag.py:587} INFO - Filling up the DagBag from /home/airflow/.local/lib/python3.12/site-packages/airflow/example_dags/example_time_delta_sensor_async.py
[2024-09-15T19:11:56.856+0000] {processor.py:925} INFO - DAG(s) 'example_time_delta_sensor_async' retrieved from /home/airflow/.local/lib/python3.12/site-packages/airflow/example_dags/example_time_delta_sensor_async.py
[2024-09-15T19:11:56.896+0000] {logging_mixin.py:190} INFO - [2024-09-15T19:11:56.895+0000] {dag.py:3229} INFO - Sync 1 DAGs
[2024-09-15T19:11:56.911+0000] {logging_mixin.py:190} INFO - [2024-09-15T19:11:56.910+0000] {dag.py:4156} INFO - Setting next_dagrun for example_time_delta_sensor_async to None, run_after=None
[2024-09-15T19:11:56.922+0000] {processor.py:208} INFO - Processing /home/airflow/.local/lib/python3.12/site-packages/airflow/example_dags/example_time_delta_sensor_async.py took 0.103 seconds
[2024-09-15T19:12:27.272+0000] {processor.py:186} INFO - Started process (PID=356) to work on /home/airflow/.local/lib/python3.12/site-packages/airflow/example_dags/example_time_delta_sensor_async.py
[2024-09-15T19:12:27.274+0000] {processor.py:914} INFO - Processing file /home/airflow/.local/lib/python3.12/site-packages/airflow/example_dags/example_time_delta_sensor_async.py for tasks to queue
[2024-09-15T19:12:27.275+0000] {logging_mixin.py:190} INFO - [2024-09-15T19:12:27.275+0000] {dagbag.py:587} INFO - Filling up the DagBag from /home/airflow/.local/lib/python3.12/site-packages/airflow/example_dags/example_time_delta_sensor_async.py
[2024-09-15T19:12:27.279+0000] {processor.py:925} INFO - DAG(s) 'example_time_delta_sensor_async' retrieved from /home/airflow/.local/lib/python3.12/site-packages/airflow/example_dags/example_time_delta_sensor_async.py
[2024-09-15T19:12:27.291+0000] {logging_mixin.py:190} INFO - [2024-09-15T19:12:27.291+0000] {dag.py:3229} INFO - Sync 1 DAGs
[2024-09-15T19:12:27.299+0000] {logging_mixin.py:190} INFO - [2024-09-15T19:12:27.299+0000] {dag.py:4156} INFO - Setting next_dagrun for example_time_delta_sensor_async to None, run_after=None
[2024-09-15T19:12:27.313+0000] {processor.py:208} INFO - Processing /home/airflow/.local/lib/python3.12/site-packages/airflow/example_dags/example_time_delta_sensor_async.py took 0.044 seconds
[2024-09-15T19:12:58.080+0000] {processor.py:186} INFO - Started process (PID=418) to work on /home/airflow/.local/lib/python3.12/site-packages/airflow/example_dags/example_time_delta_sensor_async.py
[2024-09-15T19:12:58.082+0000] {processor.py:914} INFO - Processing file /home/airflow/.local/lib/python3.12/site-packages/airflow/example_dags/example_time_delta_sensor_async.py for tasks to queue
[2024-09-15T19:12:58.084+0000] {logging_mixin.py:190} INFO - [2024-09-15T19:12:58.084+0000] {dagbag.py:587} INFO - Filling up the DagBag from /home/airflow/.local/lib/python3.12/site-packages/airflow/example_dags/example_time_delta_sensor_async.py
[2024-09-15T19:12:58.089+0000] {processor.py:925} INFO - DAG(s) 'example_time_delta_sensor_async' retrieved from /home/airflow/.local/lib/python3.12/site-packages/airflow/example_dags/example_time_delta_sensor_async.py
[2024-09-15T19:12:58.103+0000] {logging_mixin.py:190} INFO - [2024-09-15T19:12:58.103+0000] {dag.py:3229} INFO - Sync 1 DAGs
[2024-09-15T19:12:58.114+0000] {logging_mixin.py:190} INFO - [2024-09-15T19:12:58.114+0000] {dag.py:4156} INFO - Setting next_dagrun for example_time_delta_sensor_async to None, run_after=None
[2024-09-15T19:12:58.127+0000] {processor.py:208} INFO - Processing /home/airflow/.local/lib/python3.12/site-packages/airflow/example_dags/example_time_delta_sensor_async.py took 0.051 seconds
