[2024-09-15T19:08:24.519+0000] {processor.py:186} INFO - Started process (PID=61) to work on /home/airflow/.local/lib/python3.12/site-packages/airflow/example_dags/example_kubernetes_executor.py
[2024-09-15T19:08:24.523+0000] {processor.py:914} INFO - Processing file /home/airflow/.local/lib/python3.12/site-packages/airflow/example_dags/example_kubernetes_executor.py for tasks to queue
[2024-09-15T19:08:24.526+0000] {logging_mixin.py:190} INFO - [2024-09-15T19:08:24.526+0000] {dagbag.py:587} INFO - Filling up the DagBag from /home/airflow/.local/lib/python3.12/site-packages/airflow/example_dags/example_kubernetes_executor.py
[2024-09-15T19:08:24.536+0000] {processor.py:925} INFO - DAG(s) 'example_kubernetes_executor' retrieved from /home/airflow/.local/lib/python3.12/site-packages/airflow/example_dags/example_kubernetes_executor.py
[2024-09-15T19:08:24.628+0000] {logging_mixin.py:190} INFO - [2024-09-15T19:08:24.627+0000] {override.py:1900} INFO - Created Permission View: can edit on DAG:example_kubernetes_executor
[2024-09-15T19:08:24.639+0000] {logging_mixin.py:190} INFO - [2024-09-15T19:08:24.639+0000] {override.py:1900} INFO - Created Permission View: can delete on DAG:example_kubernetes_executor
[2024-09-15T19:08:24.643+0000] {logging_mixin.py:190} INFO - [2024-09-15T19:08:24.643+0000] {override.py:1900} INFO - Created Permission View: can read on DAG:example_kubernetes_executor
[2024-09-15T19:08:24.652+0000] {logging_mixin.py:190} INFO - [2024-09-15T19:08:24.652+0000] {override.py:1900} INFO - Created Permission View: can create on DAG Run:example_kubernetes_executor
[2024-09-15T19:08:24.662+0000] {logging_mixin.py:190} INFO - [2024-09-15T19:08:24.662+0000] {override.py:1900} INFO - Created Permission View: can delete on DAG Run:example_kubernetes_executor
[2024-09-15T19:08:24.674+0000] {logging_mixin.py:190} INFO - [2024-09-15T19:08:24.674+0000] {override.py:1900} INFO - Created Permission View: menu access on DAG Run:example_kubernetes_executor
[2024-09-15T19:08:24.686+0000] {logging_mixin.py:190} INFO - [2024-09-15T19:08:24.685+0000] {override.py:1900} INFO - Created Permission View: can read on DAG Run:example_kubernetes_executor
[2024-09-15T19:08:24.689+0000] {logging_mixin.py:190} INFO - [2024-09-15T19:08:24.688+0000] {dag.py:3229} INFO - Sync 1 DAGs
[2024-09-15T19:08:24.701+0000] {logging_mixin.py:190} INFO - [2024-09-15T19:08:24.701+0000] {dag.py:3252} INFO - Creating ORM DAG for example_kubernetes_executor
[2024-09-15T19:08:24.704+0000] {logging_mixin.py:190} INFO - [2024-09-15T19:08:24.704+0000] {dag.py:4156} INFO - Setting next_dagrun for example_kubernetes_executor to None, run_after=None
[2024-09-15T19:08:24.716+0000] {processor.py:208} INFO - Processing /home/airflow/.local/lib/python3.12/site-packages/airflow/example_dags/example_kubernetes_executor.py took 0.200 seconds
[2024-09-15T19:08:55.533+0000] {processor.py:186} INFO - Started process (PID=123) to work on /home/airflow/.local/lib/python3.12/site-packages/airflow/example_dags/example_kubernetes_executor.py
[2024-09-15T19:08:55.534+0000] {processor.py:914} INFO - Processing file /home/airflow/.local/lib/python3.12/site-packages/airflow/example_dags/example_kubernetes_executor.py for tasks to queue
[2024-09-15T19:08:55.537+0000] {logging_mixin.py:190} INFO - [2024-09-15T19:08:55.536+0000] {dagbag.py:587} INFO - Filling up the DagBag from /home/airflow/.local/lib/python3.12/site-packages/airflow/example_dags/example_kubernetes_executor.py
[2024-09-15T19:08:55.550+0000] {processor.py:925} INFO - DAG(s) 'example_kubernetes_executor' retrieved from /home/airflow/.local/lib/python3.12/site-packages/airflow/example_dags/example_kubernetes_executor.py
[2024-09-15T19:08:55.569+0000] {logging_mixin.py:190} INFO - [2024-09-15T19:08:55.569+0000] {dag.py:3229} INFO - Sync 1 DAGs
[2024-09-15T19:08:55.577+0000] {logging_mixin.py:190} INFO - [2024-09-15T19:08:55.577+0000] {dag.py:4156} INFO - Setting next_dagrun for example_kubernetes_executor to None, run_after=None
[2024-09-15T19:08:55.587+0000] {processor.py:208} INFO - Processing /home/airflow/.local/lib/python3.12/site-packages/airflow/example_dags/example_kubernetes_executor.py took 0.057 seconds
[2024-09-15T19:09:54.447+0000] {processor.py:186} INFO - Started process (PID=60) to work on /home/airflow/.local/lib/python3.12/site-packages/airflow/example_dags/example_kubernetes_executor.py
[2024-09-15T19:09:54.448+0000] {processor.py:914} INFO - Processing file /home/airflow/.local/lib/python3.12/site-packages/airflow/example_dags/example_kubernetes_executor.py for tasks to queue
[2024-09-15T19:09:54.450+0000] {logging_mixin.py:190} INFO - [2024-09-15T19:09:54.450+0000] {dagbag.py:587} INFO - Filling up the DagBag from /home/airflow/.local/lib/python3.12/site-packages/airflow/example_dags/example_kubernetes_executor.py
[2024-09-15T19:09:54.458+0000] {processor.py:925} INFO - DAG(s) 'example_kubernetes_executor' retrieved from /home/airflow/.local/lib/python3.12/site-packages/airflow/example_dags/example_kubernetes_executor.py
[2024-09-15T19:09:54.478+0000] {logging_mixin.py:190} INFO - [2024-09-15T19:09:54.478+0000] {dag.py:3229} INFO - Sync 1 DAGs
[2024-09-15T19:09:54.488+0000] {logging_mixin.py:190} INFO - [2024-09-15T19:09:54.488+0000] {dag.py:4156} INFO - Setting next_dagrun for example_kubernetes_executor to None, run_after=None
[2024-09-15T19:09:54.498+0000] {processor.py:208} INFO - Processing /home/airflow/.local/lib/python3.12/site-packages/airflow/example_dags/example_kubernetes_executor.py took 0.054 seconds
[2024-09-15T19:10:25.136+0000] {processor.py:186} INFO - Started process (PID=122) to work on /home/airflow/.local/lib/python3.12/site-packages/airflow/example_dags/example_kubernetes_executor.py
[2024-09-15T19:10:25.137+0000] {processor.py:914} INFO - Processing file /home/airflow/.local/lib/python3.12/site-packages/airflow/example_dags/example_kubernetes_executor.py for tasks to queue
[2024-09-15T19:10:25.139+0000] {logging_mixin.py:190} INFO - [2024-09-15T19:10:25.139+0000] {dagbag.py:587} INFO - Filling up the DagBag from /home/airflow/.local/lib/python3.12/site-packages/airflow/example_dags/example_kubernetes_executor.py
[2024-09-15T19:10:25.147+0000] {processor.py:925} INFO - DAG(s) 'example_kubernetes_executor' retrieved from /home/airflow/.local/lib/python3.12/site-packages/airflow/example_dags/example_kubernetes_executor.py
[2024-09-15T19:10:25.166+0000] {logging_mixin.py:190} INFO - [2024-09-15T19:10:25.165+0000] {dag.py:3229} INFO - Sync 1 DAGs
[2024-09-15T19:10:25.174+0000] {logging_mixin.py:190} INFO - [2024-09-15T19:10:25.174+0000] {dag.py:4156} INFO - Setting next_dagrun for example_kubernetes_executor to None, run_after=None
[2024-09-15T19:10:25.186+0000] {processor.py:208} INFO - Processing /home/airflow/.local/lib/python3.12/site-packages/airflow/example_dags/example_kubernetes_executor.py took 0.054 seconds
[2024-09-15T19:10:55.922+0000] {processor.py:186} INFO - Started process (PID=184) to work on /home/airflow/.local/lib/python3.12/site-packages/airflow/example_dags/example_kubernetes_executor.py
[2024-09-15T19:10:55.923+0000] {processor.py:914} INFO - Processing file /home/airflow/.local/lib/python3.12/site-packages/airflow/example_dags/example_kubernetes_executor.py for tasks to queue
[2024-09-15T19:10:55.925+0000] {logging_mixin.py:190} INFO - [2024-09-15T19:10:55.925+0000] {dagbag.py:587} INFO - Filling up the DagBag from /home/airflow/.local/lib/python3.12/site-packages/airflow/example_dags/example_kubernetes_executor.py
[2024-09-15T19:10:55.933+0000] {processor.py:925} INFO - DAG(s) 'example_kubernetes_executor' retrieved from /home/airflow/.local/lib/python3.12/site-packages/airflow/example_dags/example_kubernetes_executor.py
[2024-09-15T19:10:55.957+0000] {logging_mixin.py:190} INFO - [2024-09-15T19:10:55.957+0000] {dag.py:3229} INFO - Sync 1 DAGs
[2024-09-15T19:10:55.965+0000] {logging_mixin.py:190} INFO - [2024-09-15T19:10:55.965+0000] {dag.py:4156} INFO - Setting next_dagrun for example_kubernetes_executor to None, run_after=None
[2024-09-15T19:10:55.976+0000] {processor.py:208} INFO - Processing /home/airflow/.local/lib/python3.12/site-packages/airflow/example_dags/example_kubernetes_executor.py took 0.058 seconds
[2024-09-15T19:11:26.631+0000] {processor.py:186} INFO - Started process (PID=246) to work on /home/airflow/.local/lib/python3.12/site-packages/airflow/example_dags/example_kubernetes_executor.py
[2024-09-15T19:11:26.632+0000] {processor.py:914} INFO - Processing file /home/airflow/.local/lib/python3.12/site-packages/airflow/example_dags/example_kubernetes_executor.py for tasks to queue
[2024-09-15T19:11:26.634+0000] {logging_mixin.py:190} INFO - [2024-09-15T19:11:26.634+0000] {dagbag.py:587} INFO - Filling up the DagBag from /home/airflow/.local/lib/python3.12/site-packages/airflow/example_dags/example_kubernetes_executor.py
[2024-09-15T19:11:26.642+0000] {processor.py:925} INFO - DAG(s) 'example_kubernetes_executor' retrieved from /home/airflow/.local/lib/python3.12/site-packages/airflow/example_dags/example_kubernetes_executor.py
[2024-09-15T19:11:26.660+0000] {logging_mixin.py:190} INFO - [2024-09-15T19:11:26.660+0000] {dag.py:3229} INFO - Sync 1 DAGs
[2024-09-15T19:11:26.669+0000] {logging_mixin.py:190} INFO - [2024-09-15T19:11:26.669+0000] {dag.py:4156} INFO - Setting next_dagrun for example_kubernetes_executor to None, run_after=None
[2024-09-15T19:11:26.680+0000] {processor.py:208} INFO - Processing /home/airflow/.local/lib/python3.12/site-packages/airflow/example_dags/example_kubernetes_executor.py took 0.052 seconds
[2024-09-15T19:11:57.464+0000] {processor.py:186} INFO - Started process (PID=308) to work on /home/airflow/.local/lib/python3.12/site-packages/airflow/example_dags/example_kubernetes_executor.py
[2024-09-15T19:11:57.465+0000] {processor.py:914} INFO - Processing file /home/airflow/.local/lib/python3.12/site-packages/airflow/example_dags/example_kubernetes_executor.py for tasks to queue
[2024-09-15T19:11:57.467+0000] {logging_mixin.py:190} INFO - [2024-09-15T19:11:57.467+0000] {dagbag.py:587} INFO - Filling up the DagBag from /home/airflow/.local/lib/python3.12/site-packages/airflow/example_dags/example_kubernetes_executor.py
[2024-09-15T19:11:57.479+0000] {processor.py:925} INFO - DAG(s) 'example_kubernetes_executor' retrieved from /home/airflow/.local/lib/python3.12/site-packages/airflow/example_dags/example_kubernetes_executor.py
[2024-09-15T19:11:57.501+0000] {logging_mixin.py:190} INFO - [2024-09-15T19:11:57.501+0000] {dag.py:3229} INFO - Sync 1 DAGs
[2024-09-15T19:11:57.513+0000] {logging_mixin.py:190} INFO - [2024-09-15T19:11:57.513+0000] {dag.py:4156} INFO - Setting next_dagrun for example_kubernetes_executor to None, run_after=None
[2024-09-15T19:11:57.525+0000] {processor.py:208} INFO - Processing /home/airflow/.local/lib/python3.12/site-packages/airflow/example_dags/example_kubernetes_executor.py took 0.064 seconds
[2024-09-15T19:12:27.819+0000] {processor.py:186} INFO - Started process (PID=370) to work on /home/airflow/.local/lib/python3.12/site-packages/airflow/example_dags/example_kubernetes_executor.py
[2024-09-15T19:12:27.820+0000] {processor.py:914} INFO - Processing file /home/airflow/.local/lib/python3.12/site-packages/airflow/example_dags/example_kubernetes_executor.py for tasks to queue
[2024-09-15T19:12:27.823+0000] {logging_mixin.py:190} INFO - [2024-09-15T19:12:27.822+0000] {dagbag.py:587} INFO - Filling up the DagBag from /home/airflow/.local/lib/python3.12/site-packages/airflow/example_dags/example_kubernetes_executor.py
[2024-09-15T19:12:27.832+0000] {processor.py:925} INFO - DAG(s) 'example_kubernetes_executor' retrieved from /home/airflow/.local/lib/python3.12/site-packages/airflow/example_dags/example_kubernetes_executor.py
[2024-09-15T19:12:27.854+0000] {logging_mixin.py:190} INFO - [2024-09-15T19:12:27.854+0000] {dag.py:3229} INFO - Sync 1 DAGs
[2024-09-15T19:12:27.863+0000] {logging_mixin.py:190} INFO - [2024-09-15T19:12:27.862+0000] {dag.py:4156} INFO - Setting next_dagrun for example_kubernetes_executor to None, run_after=None
[2024-09-15T19:12:27.874+0000] {processor.py:208} INFO - Processing /home/airflow/.local/lib/python3.12/site-packages/airflow/example_dags/example_kubernetes_executor.py took 0.059 seconds
[2024-09-15T19:12:58.673+0000] {processor.py:186} INFO - Started process (PID=432) to work on /home/airflow/.local/lib/python3.12/site-packages/airflow/example_dags/example_kubernetes_executor.py
[2024-09-15T19:12:58.675+0000] {processor.py:914} INFO - Processing file /home/airflow/.local/lib/python3.12/site-packages/airflow/example_dags/example_kubernetes_executor.py for tasks to queue
[2024-09-15T19:12:58.677+0000] {logging_mixin.py:190} INFO - [2024-09-15T19:12:58.677+0000] {dagbag.py:587} INFO - Filling up the DagBag from /home/airflow/.local/lib/python3.12/site-packages/airflow/example_dags/example_kubernetes_executor.py
[2024-09-15T19:12:58.686+0000] {processor.py:925} INFO - DAG(s) 'example_kubernetes_executor' retrieved from /home/airflow/.local/lib/python3.12/site-packages/airflow/example_dags/example_kubernetes_executor.py
[2024-09-15T19:12:58.707+0000] {logging_mixin.py:190} INFO - [2024-09-15T19:12:58.707+0000] {dag.py:3229} INFO - Sync 1 DAGs
[2024-09-15T19:12:58.716+0000] {logging_mixin.py:190} INFO - [2024-09-15T19:12:58.716+0000] {dag.py:4156} INFO - Setting next_dagrun for example_kubernetes_executor to None, run_after=None
[2024-09-15T19:12:58.729+0000] {processor.py:208} INFO - Processing /home/airflow/.local/lib/python3.12/site-packages/airflow/example_dags/example_kubernetes_executor.py took 0.059 seconds
