[2024-09-15T19:08:22.912+0000] {processor.py:186} INFO - Started process (PID=44) to work on /home/airflow/.local/lib/python3.12/site-packages/airflow/example_dags/example_dataset_alias_with_no_taskflow.py
[2024-09-15T19:08:22.914+0000] {processor.py:914} INFO - Processing file /home/airflow/.local/lib/python3.12/site-packages/airflow/example_dags/example_dataset_alias_with_no_taskflow.py for tasks to queue
[2024-09-15T19:08:22.916+0000] {logging_mixin.py:190} INFO - [2024-09-15T19:08:22.916+0000] {dagbag.py:587} INFO - Filling up the DagBag from /home/airflow/.local/lib/python3.12/site-packages/airflow/example_dags/example_dataset_alias_with_no_taskflow.py
[2024-09-15T19:08:23.056+0000] {processor.py:925} INFO - DAG(s) 'dataset_s3_bucket_consumer_with_no_taskflow', 'dataset_alias_example_alias_producer_with_no_taskflow', 'dataset_s3_bucket_producer_with_no_taskflow', 'dataset_alias_example_alias_consumer_with_no_taskflow' retrieved from /home/airflow/.local/lib/python3.12/site-packages/airflow/example_dags/example_dataset_alias_with_no_taskflow.py
[2024-09-15T19:08:23.132+0000] {logging_mixin.py:190} INFO - [2024-09-15T19:08:23.132+0000] {override.py:1900} INFO - Created Permission View: can edit on DAG:dataset_s3_bucket_consumer_with_no_taskflow
[2024-09-15T19:08:23.140+0000] {logging_mixin.py:190} INFO - [2024-09-15T19:08:23.139+0000] {override.py:1900} INFO - Created Permission View: can delete on DAG:dataset_s3_bucket_consumer_with_no_taskflow
[2024-09-15T19:08:23.147+0000] {logging_mixin.py:190} INFO - [2024-09-15T19:08:23.147+0000] {override.py:1900} INFO - Created Permission View: can read on DAG:dataset_s3_bucket_consumer_with_no_taskflow
[2024-09-15T19:08:23.152+0000] {logging_mixin.py:190} INFO - [2024-09-15T19:08:23.152+0000] {override.py:1900} INFO - Created Permission View: can create on DAG Run:dataset_s3_bucket_consumer_with_no_taskflow
[2024-09-15T19:08:23.156+0000] {logging_mixin.py:190} INFO - [2024-09-15T19:08:23.155+0000] {override.py:1900} INFO - Created Permission View: can delete on DAG Run:dataset_s3_bucket_consumer_with_no_taskflow
[2024-09-15T19:08:23.159+0000] {logging_mixin.py:190} INFO - [2024-09-15T19:08:23.159+0000] {override.py:1900} INFO - Created Permission View: menu access on DAG Run:dataset_s3_bucket_consumer_with_no_taskflow
[2024-09-15T19:08:23.163+0000] {logging_mixin.py:190} INFO - [2024-09-15T19:08:23.163+0000] {override.py:1900} INFO - Created Permission View: can read on DAG Run:dataset_s3_bucket_consumer_with_no_taskflow
[2024-09-15T19:08:23.181+0000] {logging_mixin.py:190} INFO - [2024-09-15T19:08:23.180+0000] {override.py:1900} INFO - Created Permission View: can edit on DAG:dataset_alias_example_alias_producer_with_no_taskflow
[2024-09-15T19:08:23.188+0000] {logging_mixin.py:190} INFO - [2024-09-15T19:08:23.187+0000] {override.py:1900} INFO - Created Permission View: can delete on DAG:dataset_alias_example_alias_producer_with_no_taskflow
[2024-09-15T19:08:23.193+0000] {logging_mixin.py:190} INFO - [2024-09-15T19:08:23.193+0000] {override.py:1900} INFO - Created Permission View: can read on DAG:dataset_alias_example_alias_producer_with_no_taskflow
[2024-09-15T19:08:23.198+0000] {logging_mixin.py:190} INFO - [2024-09-15T19:08:23.197+0000] {override.py:1900} INFO - Created Permission View: can create on DAG Run:dataset_alias_example_alias_producer_with_no_taskflow
[2024-09-15T19:08:23.202+0000] {logging_mixin.py:190} INFO - [2024-09-15T19:08:23.202+0000] {override.py:1900} INFO - Created Permission View: can delete on DAG Run:dataset_alias_example_alias_producer_with_no_taskflow
[2024-09-15T19:08:23.207+0000] {logging_mixin.py:190} INFO - [2024-09-15T19:08:23.206+0000] {override.py:1900} INFO - Created Permission View: menu access on DAG Run:dataset_alias_example_alias_producer_with_no_taskflow
[2024-09-15T19:08:23.210+0000] {logging_mixin.py:190} INFO - [2024-09-15T19:08:23.210+0000] {override.py:1900} INFO - Created Permission View: can read on DAG Run:dataset_alias_example_alias_producer_with_no_taskflow
[2024-09-15T19:08:23.218+0000] {logging_mixin.py:190} INFO - [2024-09-15T19:08:23.218+0000] {override.py:1900} INFO - Created Permission View: can edit on DAG:dataset_s3_bucket_producer_with_no_taskflow
[2024-09-15T19:08:23.224+0000] {logging_mixin.py:190} INFO - [2024-09-15T19:08:23.224+0000] {override.py:1900} INFO - Created Permission View: can delete on DAG:dataset_s3_bucket_producer_with_no_taskflow
[2024-09-15T19:08:23.228+0000] {logging_mixin.py:190} INFO - [2024-09-15T19:08:23.228+0000] {override.py:1900} INFO - Created Permission View: can read on DAG:dataset_s3_bucket_producer_with_no_taskflow
[2024-09-15T19:08:23.233+0000] {logging_mixin.py:190} INFO - [2024-09-15T19:08:23.233+0000] {override.py:1900} INFO - Created Permission View: can create on DAG Run:dataset_s3_bucket_producer_with_no_taskflow
[2024-09-15T19:08:23.236+0000] {logging_mixin.py:190} INFO - [2024-09-15T19:08:23.236+0000] {override.py:1900} INFO - Created Permission View: can delete on DAG Run:dataset_s3_bucket_producer_with_no_taskflow
[2024-09-15T19:08:23.241+0000] {logging_mixin.py:190} INFO - [2024-09-15T19:08:23.240+0000] {override.py:1900} INFO - Created Permission View: menu access on DAG Run:dataset_s3_bucket_producer_with_no_taskflow
[2024-09-15T19:08:23.244+0000] {logging_mixin.py:190} INFO - [2024-09-15T19:08:23.244+0000] {override.py:1900} INFO - Created Permission View: can read on DAG Run:dataset_s3_bucket_producer_with_no_taskflow
[2024-09-15T19:08:23.251+0000] {logging_mixin.py:190} INFO - [2024-09-15T19:08:23.251+0000] {override.py:1900} INFO - Created Permission View: can edit on DAG:dataset_alias_example_alias_consumer_with_no_taskflow
[2024-09-15T19:08:23.256+0000] {logging_mixin.py:190} INFO - [2024-09-15T19:08:23.256+0000] {override.py:1900} INFO - Created Permission View: can delete on DAG:dataset_alias_example_alias_consumer_with_no_taskflow
[2024-09-15T19:08:23.262+0000] {logging_mixin.py:190} INFO - [2024-09-15T19:08:23.262+0000] {override.py:1900} INFO - Created Permission View: can read on DAG:dataset_alias_example_alias_consumer_with_no_taskflow
[2024-09-15T19:08:23.267+0000] {logging_mixin.py:190} INFO - [2024-09-15T19:08:23.267+0000] {override.py:1900} INFO - Created Permission View: can create on DAG Run:dataset_alias_example_alias_consumer_with_no_taskflow
[2024-09-15T19:08:23.274+0000] {logging_mixin.py:190} INFO - [2024-09-15T19:08:23.273+0000] {override.py:1900} INFO - Created Permission View: can delete on DAG Run:dataset_alias_example_alias_consumer_with_no_taskflow
[2024-09-15T19:08:23.283+0000] {logging_mixin.py:190} INFO - [2024-09-15T19:08:23.283+0000] {override.py:1900} INFO - Created Permission View: menu access on DAG Run:dataset_alias_example_alias_consumer_with_no_taskflow
[2024-09-15T19:08:23.288+0000] {logging_mixin.py:190} INFO - [2024-09-15T19:08:23.288+0000] {override.py:1900} INFO - Created Permission View: can read on DAG Run:dataset_alias_example_alias_consumer_with_no_taskflow
[2024-09-15T19:08:23.289+0000] {logging_mixin.py:190} INFO - [2024-09-15T19:08:23.289+0000] {dag.py:3229} INFO - Sync 4 DAGs
[2024-09-15T19:08:23.297+0000] {logging_mixin.py:190} INFO - [2024-09-15T19:08:23.297+0000] {dag.py:3252} INFO - Creating ORM DAG for dataset_s3_bucket_consumer_with_no_taskflow
[2024-09-15T19:08:23.299+0000] {logging_mixin.py:190} INFO - [2024-09-15T19:08:23.299+0000] {dag.py:3252} INFO - Creating ORM DAG for dataset_s3_bucket_producer_with_no_taskflow
[2024-09-15T19:08:23.300+0000] {logging_mixin.py:190} INFO - [2024-09-15T19:08:23.299+0000] {dag.py:3252} INFO - Creating ORM DAG for dataset_alias_example_alias_consumer_with_no_taskflow
[2024-09-15T19:08:23.300+0000] {logging_mixin.py:190} INFO - [2024-09-15T19:08:23.300+0000] {dag.py:3252} INFO - Creating ORM DAG for dataset_alias_example_alias_producer_with_no_taskflow
[2024-09-15T19:08:23.307+0000] {logging_mixin.py:190} INFO - [2024-09-15T19:08:23.306+0000] {dag.py:4156} INFO - Setting next_dagrun for dataset_alias_example_alias_consumer_with_no_taskflow to None, run_after=None
[2024-09-15T19:08:23.309+0000] {logging_mixin.py:190} INFO - [2024-09-15T19:08:23.309+0000] {dag.py:4156} INFO - Setting next_dagrun for dataset_alias_example_alias_producer_with_no_taskflow to None, run_after=None
[2024-09-15T19:08:23.310+0000] {logging_mixin.py:190} INFO - [2024-09-15T19:08:23.310+0000] {dag.py:4156} INFO - Setting next_dagrun for dataset_s3_bucket_consumer_with_no_taskflow to None, run_after=None
[2024-09-15T19:08:23.311+0000] {logging_mixin.py:190} INFO - [2024-09-15T19:08:23.311+0000] {dag.py:4156} INFO - Setting next_dagrun for dataset_s3_bucket_producer_with_no_taskflow to None, run_after=None
[2024-09-15T19:08:23.327+0000] {processor.py:208} INFO - Processing /home/airflow/.local/lib/python3.12/site-packages/airflow/example_dags/example_dataset_alias_with_no_taskflow.py took 0.421 seconds
[2024-09-15T19:08:53.509+0000] {processor.py:186} INFO - Started process (PID=106) to work on /home/airflow/.local/lib/python3.12/site-packages/airflow/example_dags/example_dataset_alias_with_no_taskflow.py
[2024-09-15T19:08:53.510+0000] {processor.py:914} INFO - Processing file /home/airflow/.local/lib/python3.12/site-packages/airflow/example_dags/example_dataset_alias_with_no_taskflow.py for tasks to queue
[2024-09-15T19:08:53.512+0000] {logging_mixin.py:190} INFO - [2024-09-15T19:08:53.512+0000] {dagbag.py:587} INFO - Filling up the DagBag from /home/airflow/.local/lib/python3.12/site-packages/airflow/example_dags/example_dataset_alias_with_no_taskflow.py
[2024-09-15T19:08:53.617+0000] {processor.py:925} INFO - DAG(s) 'dataset_alias_example_alias_producer_with_no_taskflow', 'dataset_s3_bucket_consumer_with_no_taskflow', 'dataset_s3_bucket_producer_with_no_taskflow', 'dataset_alias_example_alias_consumer_with_no_taskflow' retrieved from /home/airflow/.local/lib/python3.12/site-packages/airflow/example_dags/example_dataset_alias_with_no_taskflow.py
[2024-09-15T19:08:53.641+0000] {logging_mixin.py:190} INFO - [2024-09-15T19:08:53.641+0000] {dag.py:3229} INFO - Sync 4 DAGs
[2024-09-15T19:08:53.665+0000] {logging_mixin.py:190} INFO - [2024-09-15T19:08:53.664+0000] {dag.py:4156} INFO - Setting next_dagrun for dataset_alias_example_alias_consumer_with_no_taskflow to None, run_after=None
[2024-09-15T19:08:53.668+0000] {logging_mixin.py:190} INFO - [2024-09-15T19:08:53.668+0000] {dag.py:4156} INFO - Setting next_dagrun for dataset_alias_example_alias_producer_with_no_taskflow to None, run_after=None
[2024-09-15T19:08:53.672+0000] {logging_mixin.py:190} INFO - [2024-09-15T19:08:53.671+0000] {dag.py:4156} INFO - Setting next_dagrun for dataset_s3_bucket_consumer_with_no_taskflow to None, run_after=None
[2024-09-15T19:08:53.674+0000] {logging_mixin.py:190} INFO - [2024-09-15T19:08:53.674+0000] {dag.py:4156} INFO - Setting next_dagrun for dataset_s3_bucket_producer_with_no_taskflow to None, run_after=None
[2024-09-15T19:08:53.692+0000] {processor.py:208} INFO - Processing /home/airflow/.local/lib/python3.12/site-packages/airflow/example_dags/example_dataset_alias_with_no_taskflow.py took 0.187 seconds
[2024-09-15T19:09:53.636+0000] {processor.py:186} INFO - Started process (PID=43) to work on /home/airflow/.local/lib/python3.12/site-packages/airflow/example_dags/example_dataset_alias_with_no_taskflow.py
[2024-09-15T19:09:53.638+0000] {processor.py:914} INFO - Processing file /home/airflow/.local/lib/python3.12/site-packages/airflow/example_dags/example_dataset_alias_with_no_taskflow.py for tasks to queue
[2024-09-15T19:09:53.640+0000] {logging_mixin.py:190} INFO - [2024-09-15T19:09:53.640+0000] {dagbag.py:587} INFO - Filling up the DagBag from /home/airflow/.local/lib/python3.12/site-packages/airflow/example_dags/example_dataset_alias_with_no_taskflow.py
[2024-09-15T19:09:53.805+0000] {processor.py:925} INFO - DAG(s) 'dataset_alias_example_alias_consumer_with_no_taskflow', 'dataset_s3_bucket_consumer_with_no_taskflow', 'dataset_s3_bucket_producer_with_no_taskflow', 'dataset_alias_example_alias_producer_with_no_taskflow' retrieved from /home/airflow/.local/lib/python3.12/site-packages/airflow/example_dags/example_dataset_alias_with_no_taskflow.py
[2024-09-15T19:09:53.827+0000] {logging_mixin.py:190} INFO - [2024-09-15T19:09:53.827+0000] {dag.py:3229} INFO - Sync 4 DAGs
[2024-09-15T19:09:53.845+0000] {logging_mixin.py:190} INFO - [2024-09-15T19:09:53.844+0000] {dag.py:4156} INFO - Setting next_dagrun for dataset_alias_example_alias_consumer_with_no_taskflow to None, run_after=None
[2024-09-15T19:09:53.847+0000] {logging_mixin.py:190} INFO - [2024-09-15T19:09:53.847+0000] {dag.py:4156} INFO - Setting next_dagrun for dataset_alias_example_alias_producer_with_no_taskflow to None, run_after=None
[2024-09-15T19:09:53.849+0000] {logging_mixin.py:190} INFO - [2024-09-15T19:09:53.849+0000] {dag.py:4156} INFO - Setting next_dagrun for dataset_s3_bucket_consumer_with_no_taskflow to None, run_after=None
[2024-09-15T19:09:53.850+0000] {logging_mixin.py:190} INFO - [2024-09-15T19:09:53.850+0000] {dag.py:4156} INFO - Setting next_dagrun for dataset_s3_bucket_producer_with_no_taskflow to None, run_after=None
[2024-09-15T19:09:53.865+0000] {processor.py:208} INFO - Processing /home/airflow/.local/lib/python3.12/site-packages/airflow/example_dags/example_dataset_alias_with_no_taskflow.py took 0.234 seconds
[2024-09-15T19:10:24.500+0000] {processor.py:186} INFO - Started process (PID=105) to work on /home/airflow/.local/lib/python3.12/site-packages/airflow/example_dags/example_dataset_alias_with_no_taskflow.py
[2024-09-15T19:10:24.501+0000] {processor.py:914} INFO - Processing file /home/airflow/.local/lib/python3.12/site-packages/airflow/example_dags/example_dataset_alias_with_no_taskflow.py for tasks to queue
[2024-09-15T19:10:24.503+0000] {logging_mixin.py:190} INFO - [2024-09-15T19:10:24.502+0000] {dagbag.py:587} INFO - Filling up the DagBag from /home/airflow/.local/lib/python3.12/site-packages/airflow/example_dags/example_dataset_alias_with_no_taskflow.py
[2024-09-15T19:10:24.584+0000] {processor.py:925} INFO - DAG(s) 'dataset_alias_example_alias_consumer_with_no_taskflow', 'dataset_s3_bucket_producer_with_no_taskflow', 'dataset_s3_bucket_consumer_with_no_taskflow', 'dataset_alias_example_alias_producer_with_no_taskflow' retrieved from /home/airflow/.local/lib/python3.12/site-packages/airflow/example_dags/example_dataset_alias_with_no_taskflow.py
[2024-09-15T19:10:24.597+0000] {logging_mixin.py:190} INFO - [2024-09-15T19:10:24.596+0000] {dag.py:3229} INFO - Sync 4 DAGs
[2024-09-15T19:10:24.609+0000] {logging_mixin.py:190} INFO - [2024-09-15T19:10:24.609+0000] {dag.py:4156} INFO - Setting next_dagrun for dataset_alias_example_alias_consumer_with_no_taskflow to None, run_after=None
[2024-09-15T19:10:24.611+0000] {logging_mixin.py:190} INFO - [2024-09-15T19:10:24.611+0000] {dag.py:4156} INFO - Setting next_dagrun for dataset_alias_example_alias_producer_with_no_taskflow to None, run_after=None
[2024-09-15T19:10:24.613+0000] {logging_mixin.py:190} INFO - [2024-09-15T19:10:24.613+0000] {dag.py:4156} INFO - Setting next_dagrun for dataset_s3_bucket_consumer_with_no_taskflow to None, run_after=None
[2024-09-15T19:10:24.614+0000] {logging_mixin.py:190} INFO - [2024-09-15T19:10:24.614+0000] {dag.py:4156} INFO - Setting next_dagrun for dataset_s3_bucket_producer_with_no_taskflow to None, run_after=None
[2024-09-15T19:10:24.626+0000] {processor.py:208} INFO - Processing /home/airflow/.local/lib/python3.12/site-packages/airflow/example_dags/example_dataset_alias_with_no_taskflow.py took 0.130 seconds
[2024-09-15T19:10:55.196+0000] {processor.py:186} INFO - Started process (PID=167) to work on /home/airflow/.local/lib/python3.12/site-packages/airflow/example_dags/example_dataset_alias_with_no_taskflow.py
[2024-09-15T19:10:55.198+0000] {processor.py:914} INFO - Processing file /home/airflow/.local/lib/python3.12/site-packages/airflow/example_dags/example_dataset_alias_with_no_taskflow.py for tasks to queue
[2024-09-15T19:10:55.199+0000] {logging_mixin.py:190} INFO - [2024-09-15T19:10:55.199+0000] {dagbag.py:587} INFO - Filling up the DagBag from /home/airflow/.local/lib/python3.12/site-packages/airflow/example_dags/example_dataset_alias_with_no_taskflow.py
[2024-09-15T19:10:55.317+0000] {processor.py:925} INFO - DAG(s) 'dataset_s3_bucket_producer_with_no_taskflow', 'dataset_alias_example_alias_producer_with_no_taskflow', 'dataset_s3_bucket_consumer_with_no_taskflow', 'dataset_alias_example_alias_consumer_with_no_taskflow' retrieved from /home/airflow/.local/lib/python3.12/site-packages/airflow/example_dags/example_dataset_alias_with_no_taskflow.py
[2024-09-15T19:10:55.330+0000] {logging_mixin.py:190} INFO - [2024-09-15T19:10:55.330+0000] {dag.py:3229} INFO - Sync 4 DAGs
[2024-09-15T19:10:55.342+0000] {logging_mixin.py:190} INFO - [2024-09-15T19:10:55.341+0000] {dag.py:4156} INFO - Setting next_dagrun for dataset_alias_example_alias_consumer_with_no_taskflow to None, run_after=None
[2024-09-15T19:10:55.344+0000] {logging_mixin.py:190} INFO - [2024-09-15T19:10:55.344+0000] {dag.py:4156} INFO - Setting next_dagrun for dataset_alias_example_alias_producer_with_no_taskflow to None, run_after=None
[2024-09-15T19:10:55.345+0000] {logging_mixin.py:190} INFO - [2024-09-15T19:10:55.345+0000] {dag.py:4156} INFO - Setting next_dagrun for dataset_s3_bucket_consumer_with_no_taskflow to None, run_after=None
[2024-09-15T19:10:55.347+0000] {logging_mixin.py:190} INFO - [2024-09-15T19:10:55.347+0000] {dag.py:4156} INFO - Setting next_dagrun for dataset_s3_bucket_producer_with_no_taskflow to None, run_after=None
[2024-09-15T19:10:55.359+0000] {processor.py:208} INFO - Processing /home/airflow/.local/lib/python3.12/site-packages/airflow/example_dags/example_dataset_alias_with_no_taskflow.py took 0.165 seconds
[2024-09-15T19:11:25.910+0000] {processor.py:186} INFO - Started process (PID=229) to work on /home/airflow/.local/lib/python3.12/site-packages/airflow/example_dags/example_dataset_alias_with_no_taskflow.py
[2024-09-15T19:11:25.912+0000] {processor.py:914} INFO - Processing file /home/airflow/.local/lib/python3.12/site-packages/airflow/example_dags/example_dataset_alias_with_no_taskflow.py for tasks to queue
[2024-09-15T19:11:25.915+0000] {logging_mixin.py:190} INFO - [2024-09-15T19:11:25.915+0000] {dagbag.py:587} INFO - Filling up the DagBag from /home/airflow/.local/lib/python3.12/site-packages/airflow/example_dags/example_dataset_alias_with_no_taskflow.py
[2024-09-15T19:11:26.005+0000] {processor.py:925} INFO - DAG(s) 'dataset_s3_bucket_consumer_with_no_taskflow', 'dataset_s3_bucket_producer_with_no_taskflow', 'dataset_alias_example_alias_consumer_with_no_taskflow', 'dataset_alias_example_alias_producer_with_no_taskflow' retrieved from /home/airflow/.local/lib/python3.12/site-packages/airflow/example_dags/example_dataset_alias_with_no_taskflow.py
[2024-09-15T19:11:26.017+0000] {logging_mixin.py:190} INFO - [2024-09-15T19:11:26.017+0000] {dag.py:3229} INFO - Sync 4 DAGs
[2024-09-15T19:11:26.029+0000] {logging_mixin.py:190} INFO - [2024-09-15T19:11:26.029+0000] {dag.py:4156} INFO - Setting next_dagrun for dataset_alias_example_alias_consumer_with_no_taskflow to None, run_after=None
[2024-09-15T19:11:26.031+0000] {logging_mixin.py:190} INFO - [2024-09-15T19:11:26.031+0000] {dag.py:4156} INFO - Setting next_dagrun for dataset_alias_example_alias_producer_with_no_taskflow to None, run_after=None
[2024-09-15T19:11:26.033+0000] {logging_mixin.py:190} INFO - [2024-09-15T19:11:26.033+0000] {dag.py:4156} INFO - Setting next_dagrun for dataset_s3_bucket_consumer_with_no_taskflow to None, run_after=None
[2024-09-15T19:11:26.034+0000] {logging_mixin.py:190} INFO - [2024-09-15T19:11:26.034+0000] {dag.py:4156} INFO - Setting next_dagrun for dataset_s3_bucket_producer_with_no_taskflow to None, run_after=None
[2024-09-15T19:11:26.047+0000] {processor.py:208} INFO - Processing /home/airflow/.local/lib/python3.12/site-packages/airflow/example_dags/example_dataset_alias_with_no_taskflow.py took 0.140 seconds
[2024-09-15T19:11:56.612+0000] {processor.py:186} INFO - Started process (PID=291) to work on /home/airflow/.local/lib/python3.12/site-packages/airflow/example_dags/example_dataset_alias_with_no_taskflow.py
[2024-09-15T19:11:56.614+0000] {processor.py:914} INFO - Processing file /home/airflow/.local/lib/python3.12/site-packages/airflow/example_dags/example_dataset_alias_with_no_taskflow.py for tasks to queue
[2024-09-15T19:11:56.615+0000] {logging_mixin.py:190} INFO - [2024-09-15T19:11:56.615+0000] {dagbag.py:587} INFO - Filling up the DagBag from /home/airflow/.local/lib/python3.12/site-packages/airflow/example_dags/example_dataset_alias_with_no_taskflow.py
[2024-09-15T19:11:56.745+0000] {processor.py:925} INFO - DAG(s) 'dataset_alias_example_alias_consumer_with_no_taskflow', 'dataset_s3_bucket_consumer_with_no_taskflow', 'dataset_s3_bucket_producer_with_no_taskflow', 'dataset_alias_example_alias_producer_with_no_taskflow' retrieved from /home/airflow/.local/lib/python3.12/site-packages/airflow/example_dags/example_dataset_alias_with_no_taskflow.py
[2024-09-15T19:11:56.762+0000] {logging_mixin.py:190} INFO - [2024-09-15T19:11:56.762+0000] {dag.py:3229} INFO - Sync 4 DAGs
[2024-09-15T19:11:56.777+0000] {logging_mixin.py:190} INFO - [2024-09-15T19:11:56.777+0000] {dag.py:4156} INFO - Setting next_dagrun for dataset_alias_example_alias_consumer_with_no_taskflow to None, run_after=None
[2024-09-15T19:11:56.779+0000] {logging_mixin.py:190} INFO - [2024-09-15T19:11:56.779+0000] {dag.py:4156} INFO - Setting next_dagrun for dataset_alias_example_alias_producer_with_no_taskflow to None, run_after=None
[2024-09-15T19:11:56.781+0000] {logging_mixin.py:190} INFO - [2024-09-15T19:11:56.781+0000] {dag.py:4156} INFO - Setting next_dagrun for dataset_s3_bucket_consumer_with_no_taskflow to None, run_after=None
[2024-09-15T19:11:56.783+0000] {logging_mixin.py:190} INFO - [2024-09-15T19:11:56.783+0000] {dag.py:4156} INFO - Setting next_dagrun for dataset_s3_bucket_producer_with_no_taskflow to None, run_after=None
[2024-09-15T19:11:56.799+0000] {processor.py:208} INFO - Processing /home/airflow/.local/lib/python3.12/site-packages/airflow/example_dags/example_dataset_alias_with_no_taskflow.py took 0.189 seconds
[2024-09-15T19:12:27.063+0000] {processor.py:186} INFO - Started process (PID=353) to work on /home/airflow/.local/lib/python3.12/site-packages/airflow/example_dags/example_dataset_alias_with_no_taskflow.py
[2024-09-15T19:12:27.065+0000] {processor.py:914} INFO - Processing file /home/airflow/.local/lib/python3.12/site-packages/airflow/example_dags/example_dataset_alias_with_no_taskflow.py for tasks to queue
[2024-09-15T19:12:27.068+0000] {logging_mixin.py:190} INFO - [2024-09-15T19:12:27.067+0000] {dagbag.py:587} INFO - Filling up the DagBag from /home/airflow/.local/lib/python3.12/site-packages/airflow/example_dags/example_dataset_alias_with_no_taskflow.py
[2024-09-15T19:12:27.205+0000] {processor.py:925} INFO - DAG(s) 'dataset_s3_bucket_producer_with_no_taskflow', 'dataset_s3_bucket_consumer_with_no_taskflow', 'dataset_alias_example_alias_consumer_with_no_taskflow', 'dataset_alias_example_alias_producer_with_no_taskflow' retrieved from /home/airflow/.local/lib/python3.12/site-packages/airflow/example_dags/example_dataset_alias_with_no_taskflow.py
[2024-09-15T19:12:27.220+0000] {logging_mixin.py:190} INFO - [2024-09-15T19:12:27.220+0000] {dag.py:3229} INFO - Sync 4 DAGs
[2024-09-15T19:12:27.234+0000] {logging_mixin.py:190} INFO - [2024-09-15T19:12:27.233+0000] {dag.py:4156} INFO - Setting next_dagrun for dataset_alias_example_alias_consumer_with_no_taskflow to None, run_after=None
[2024-09-15T19:12:27.236+0000] {logging_mixin.py:190} INFO - [2024-09-15T19:12:27.236+0000] {dag.py:4156} INFO - Setting next_dagrun for dataset_alias_example_alias_producer_with_no_taskflow to None, run_after=None
[2024-09-15T19:12:27.237+0000] {logging_mixin.py:190} INFO - [2024-09-15T19:12:27.237+0000] {dag.py:4156} INFO - Setting next_dagrun for dataset_s3_bucket_consumer_with_no_taskflow to None, run_after=None
[2024-09-15T19:12:27.239+0000] {logging_mixin.py:190} INFO - [2024-09-15T19:12:27.238+0000] {dag.py:4156} INFO - Setting next_dagrun for dataset_s3_bucket_producer_with_no_taskflow to None, run_after=None
[2024-09-15T19:12:27.253+0000] {processor.py:208} INFO - Processing /home/airflow/.local/lib/python3.12/site-packages/airflow/example_dags/example_dataset_alias_with_no_taskflow.py took 0.197 seconds
[2024-09-15T19:12:57.891+0000] {processor.py:186} INFO - Started process (PID=415) to work on /home/airflow/.local/lib/python3.12/site-packages/airflow/example_dags/example_dataset_alias_with_no_taskflow.py
[2024-09-15T19:12:57.893+0000] {processor.py:914} INFO - Processing file /home/airflow/.local/lib/python3.12/site-packages/airflow/example_dags/example_dataset_alias_with_no_taskflow.py for tasks to queue
[2024-09-15T19:12:57.896+0000] {logging_mixin.py:190} INFO - [2024-09-15T19:12:57.895+0000] {dagbag.py:587} INFO - Filling up the DagBag from /home/airflow/.local/lib/python3.12/site-packages/airflow/example_dags/example_dataset_alias_with_no_taskflow.py
[2024-09-15T19:12:57.996+0000] {processor.py:925} INFO - DAG(s) 'dataset_s3_bucket_producer_with_no_taskflow', 'dataset_alias_example_alias_consumer_with_no_taskflow', 'dataset_s3_bucket_consumer_with_no_taskflow', 'dataset_alias_example_alias_producer_with_no_taskflow' retrieved from /home/airflow/.local/lib/python3.12/site-packages/airflow/example_dags/example_dataset_alias_with_no_taskflow.py
[2024-09-15T19:12:58.020+0000] {logging_mixin.py:190} INFO - [2024-09-15T19:12:58.019+0000] {dag.py:3229} INFO - Sync 4 DAGs
[2024-09-15T19:12:58.039+0000] {logging_mixin.py:190} INFO - [2024-09-15T19:12:58.039+0000] {dag.py:4156} INFO - Setting next_dagrun for dataset_alias_example_alias_consumer_with_no_taskflow to None, run_after=None
[2024-09-15T19:12:58.042+0000] {logging_mixin.py:190} INFO - [2024-09-15T19:12:58.042+0000] {dag.py:4156} INFO - Setting next_dagrun for dataset_alias_example_alias_producer_with_no_taskflow to None, run_after=None
[2024-09-15T19:12:58.043+0000] {logging_mixin.py:190} INFO - [2024-09-15T19:12:58.043+0000] {dag.py:4156} INFO - Setting next_dagrun for dataset_s3_bucket_consumer_with_no_taskflow to None, run_after=None
[2024-09-15T19:12:58.045+0000] {logging_mixin.py:190} INFO - [2024-09-15T19:12:58.045+0000] {dag.py:4156} INFO - Setting next_dagrun for dataset_s3_bucket_producer_with_no_taskflow to None, run_after=None
[2024-09-15T19:12:58.059+0000] {processor.py:208} INFO - Processing /home/airflow/.local/lib/python3.12/site-packages/airflow/example_dags/example_dataset_alias_with_no_taskflow.py took 0.172 seconds
