[2024-09-15T19:08:25.243+0000] {processor.py:186} INFO - Started process (PID=69) to work on /home/airflow/.local/lib/python3.12/site-packages/airflow/example_dags/example_python_operator.py
[2024-09-15T19:08:25.244+0000] {processor.py:914} INFO - Processing file /home/airflow/.local/lib/python3.12/site-packages/airflow/example_dags/example_python_operator.py for tasks to queue
[2024-09-15T19:08:25.246+0000] {logging_mixin.py:190} INFO - [2024-09-15T19:08:25.246+0000] {dagbag.py:587} INFO - Filling up the DagBag from /home/airflow/.local/lib/python3.12/site-packages/airflow/example_dags/example_python_operator.py
[2024-09-15T19:08:25.254+0000] {processor.py:925} INFO - DAG(s) 'example_python_operator' retrieved from /home/airflow/.local/lib/python3.12/site-packages/airflow/example_dags/example_python_operator.py
[2024-09-15T19:08:25.324+0000] {logging_mixin.py:190} INFO - [2024-09-15T19:08:25.324+0000] {override.py:1900} INFO - Created Permission View: can edit on DAG:example_python_operator
[2024-09-15T19:08:25.331+0000] {logging_mixin.py:190} INFO - [2024-09-15T19:08:25.330+0000] {override.py:1900} INFO - Created Permission View: can delete on DAG:example_python_operator
[2024-09-15T19:08:25.338+0000] {logging_mixin.py:190} INFO - [2024-09-15T19:08:25.338+0000] {override.py:1900} INFO - Created Permission View: can read on DAG:example_python_operator
[2024-09-15T19:08:25.343+0000] {logging_mixin.py:190} INFO - [2024-09-15T19:08:25.342+0000] {override.py:1900} INFO - Created Permission View: can create on DAG Run:example_python_operator
[2024-09-15T19:08:25.349+0000] {logging_mixin.py:190} INFO - [2024-09-15T19:08:25.349+0000] {override.py:1900} INFO - Created Permission View: can delete on DAG Run:example_python_operator
[2024-09-15T19:08:25.353+0000] {logging_mixin.py:190} INFO - [2024-09-15T19:08:25.353+0000] {override.py:1900} INFO - Created Permission View: menu access on DAG Run:example_python_operator
[2024-09-15T19:08:25.358+0000] {logging_mixin.py:190} INFO - [2024-09-15T19:08:25.358+0000] {override.py:1900} INFO - Created Permission View: can read on DAG Run:example_python_operator
[2024-09-15T19:08:25.361+0000] {logging_mixin.py:190} INFO - [2024-09-15T19:08:25.361+0000] {dag.py:3229} INFO - Sync 1 DAGs
[2024-09-15T19:08:25.370+0000] {logging_mixin.py:190} INFO - [2024-09-15T19:08:25.370+0000] {dag.py:3252} INFO - Creating ORM DAG for example_python_operator
[2024-09-15T19:08:25.372+0000] {logging_mixin.py:190} INFO - [2024-09-15T19:08:25.372+0000] {dag.py:4156} INFO - Setting next_dagrun for example_python_operator to None, run_after=None
[2024-09-15T19:08:25.381+0000] {processor.py:208} INFO - Processing /home/airflow/.local/lib/python3.12/site-packages/airflow/example_dags/example_python_operator.py took 0.142 seconds
[2024-09-15T19:08:55.890+0000] {processor.py:186} INFO - Started process (PID=131) to work on /home/airflow/.local/lib/python3.12/site-packages/airflow/example_dags/example_python_operator.py
[2024-09-15T19:08:55.891+0000] {processor.py:914} INFO - Processing file /home/airflow/.local/lib/python3.12/site-packages/airflow/example_dags/example_python_operator.py for tasks to queue
[2024-09-15T19:08:55.893+0000] {logging_mixin.py:190} INFO - [2024-09-15T19:08:55.893+0000] {dagbag.py:587} INFO - Filling up the DagBag from /home/airflow/.local/lib/python3.12/site-packages/airflow/example_dags/example_python_operator.py
[2024-09-15T19:08:55.900+0000] {processor.py:925} INFO - DAG(s) 'example_python_operator' retrieved from /home/airflow/.local/lib/python3.12/site-packages/airflow/example_dags/example_python_operator.py
[2024-09-15T19:08:55.912+0000] {logging_mixin.py:190} INFO - [2024-09-15T19:08:55.912+0000] {dag.py:3229} INFO - Sync 1 DAGs
[2024-09-15T19:08:55.919+0000] {logging_mixin.py:190} INFO - [2024-09-15T19:08:55.919+0000] {dag.py:4156} INFO - Setting next_dagrun for example_python_operator to None, run_after=None
[2024-09-15T19:08:55.930+0000] {processor.py:208} INFO - Processing /home/airflow/.local/lib/python3.12/site-packages/airflow/example_dags/example_python_operator.py took 0.044 seconds
[2024-09-15T19:09:54.799+0000] {processor.py:186} INFO - Started process (PID=68) to work on /home/airflow/.local/lib/python3.12/site-packages/airflow/example_dags/example_python_operator.py
[2024-09-15T19:09:54.801+0000] {processor.py:914} INFO - Processing file /home/airflow/.local/lib/python3.12/site-packages/airflow/example_dags/example_python_operator.py for tasks to queue
[2024-09-15T19:09:54.804+0000] {logging_mixin.py:190} INFO - [2024-09-15T19:09:54.803+0000] {dagbag.py:587} INFO - Filling up the DagBag from /home/airflow/.local/lib/python3.12/site-packages/airflow/example_dags/example_python_operator.py
[2024-09-15T19:09:54.814+0000] {processor.py:925} INFO - DAG(s) 'example_python_operator' retrieved from /home/airflow/.local/lib/python3.12/site-packages/airflow/example_dags/example_python_operator.py
[2024-09-15T19:09:54.882+0000] {logging_mixin.py:190} INFO - [2024-09-15T19:09:54.882+0000] {dag.py:3229} INFO - Sync 1 DAGs
[2024-09-15T19:09:54.889+0000] {logging_mixin.py:190} INFO - [2024-09-15T19:09:54.888+0000] {dag.py:4156} INFO - Setting next_dagrun for example_python_operator to None, run_after=None
[2024-09-15T19:09:54.900+0000] {processor.py:208} INFO - Processing /home/airflow/.local/lib/python3.12/site-packages/airflow/example_dags/example_python_operator.py took 0.105 seconds
[2024-09-15T19:10:25.435+0000] {processor.py:186} INFO - Started process (PID=130) to work on /home/airflow/.local/lib/python3.12/site-packages/airflow/example_dags/example_python_operator.py
[2024-09-15T19:10:25.436+0000] {processor.py:914} INFO - Processing file /home/airflow/.local/lib/python3.12/site-packages/airflow/example_dags/example_python_operator.py for tasks to queue
[2024-09-15T19:10:25.438+0000] {logging_mixin.py:190} INFO - [2024-09-15T19:10:25.437+0000] {dagbag.py:587} INFO - Filling up the DagBag from /home/airflow/.local/lib/python3.12/site-packages/airflow/example_dags/example_python_operator.py
[2024-09-15T19:10:25.447+0000] {processor.py:925} INFO - DAG(s) 'example_python_operator' retrieved from /home/airflow/.local/lib/python3.12/site-packages/airflow/example_dags/example_python_operator.py
[2024-09-15T19:10:25.461+0000] {logging_mixin.py:190} INFO - [2024-09-15T19:10:25.461+0000] {dag.py:3229} INFO - Sync 1 DAGs
[2024-09-15T19:10:25.468+0000] {logging_mixin.py:190} INFO - [2024-09-15T19:10:25.468+0000] {dag.py:4156} INFO - Setting next_dagrun for example_python_operator to None, run_after=None
[2024-09-15T19:10:25.478+0000] {processor.py:208} INFO - Processing /home/airflow/.local/lib/python3.12/site-packages/airflow/example_dags/example_python_operator.py took 0.047 seconds
[2024-09-15T19:10:56.225+0000] {processor.py:186} INFO - Started process (PID=192) to work on /home/airflow/.local/lib/python3.12/site-packages/airflow/example_dags/example_python_operator.py
[2024-09-15T19:10:56.227+0000] {processor.py:914} INFO - Processing file /home/airflow/.local/lib/python3.12/site-packages/airflow/example_dags/example_python_operator.py for tasks to queue
[2024-09-15T19:10:56.229+0000] {logging_mixin.py:190} INFO - [2024-09-15T19:10:56.229+0000] {dagbag.py:587} INFO - Filling up the DagBag from /home/airflow/.local/lib/python3.12/site-packages/airflow/example_dags/example_python_operator.py
[2024-09-15T19:10:56.236+0000] {processor.py:925} INFO - DAG(s) 'example_python_operator' retrieved from /home/airflow/.local/lib/python3.12/site-packages/airflow/example_dags/example_python_operator.py
[2024-09-15T19:10:56.248+0000] {logging_mixin.py:190} INFO - [2024-09-15T19:10:56.248+0000] {dag.py:3229} INFO - Sync 1 DAGs
[2024-09-15T19:10:56.256+0000] {logging_mixin.py:190} INFO - [2024-09-15T19:10:56.256+0000] {dag.py:4156} INFO - Setting next_dagrun for example_python_operator to None, run_after=None
[2024-09-15T19:10:56.266+0000] {processor.py:208} INFO - Processing /home/airflow/.local/lib/python3.12/site-packages/airflow/example_dags/example_python_operator.py took 0.043 seconds
[2024-09-15T19:11:26.937+0000] {processor.py:186} INFO - Started process (PID=254) to work on /home/airflow/.local/lib/python3.12/site-packages/airflow/example_dags/example_python_operator.py
[2024-09-15T19:11:26.939+0000] {processor.py:914} INFO - Processing file /home/airflow/.local/lib/python3.12/site-packages/airflow/example_dags/example_python_operator.py for tasks to queue
[2024-09-15T19:11:26.940+0000] {logging_mixin.py:190} INFO - [2024-09-15T19:11:26.940+0000] {dagbag.py:587} INFO - Filling up the DagBag from /home/airflow/.local/lib/python3.12/site-packages/airflow/example_dags/example_python_operator.py
[2024-09-15T19:11:26.948+0000] {processor.py:925} INFO - DAG(s) 'example_python_operator' retrieved from /home/airflow/.local/lib/python3.12/site-packages/airflow/example_dags/example_python_operator.py
[2024-09-15T19:11:26.961+0000] {logging_mixin.py:190} INFO - [2024-09-15T19:11:26.960+0000] {dag.py:3229} INFO - Sync 1 DAGs
[2024-09-15T19:11:26.969+0000] {logging_mixin.py:190} INFO - [2024-09-15T19:11:26.969+0000] {dag.py:4156} INFO - Setting next_dagrun for example_python_operator to None, run_after=None
[2024-09-15T19:11:26.979+0000] {processor.py:208} INFO - Processing /home/airflow/.local/lib/python3.12/site-packages/airflow/example_dags/example_python_operator.py took 0.045 seconds
[2024-09-15T19:11:58.248+0000] {processor.py:186} INFO - Started process (PID=316) to work on /home/airflow/.local/lib/python3.12/site-packages/airflow/example_dags/example_python_operator.py
[2024-09-15T19:11:58.250+0000] {processor.py:914} INFO - Processing file /home/airflow/.local/lib/python3.12/site-packages/airflow/example_dags/example_python_operator.py for tasks to queue
[2024-09-15T19:11:58.254+0000] {logging_mixin.py:190} INFO - [2024-09-15T19:11:58.254+0000] {dagbag.py:587} INFO - Filling up the DagBag from /home/airflow/.local/lib/python3.12/site-packages/airflow/example_dags/example_python_operator.py
[2024-09-15T19:11:58.268+0000] {processor.py:925} INFO - DAG(s) 'example_python_operator' retrieved from /home/airflow/.local/lib/python3.12/site-packages/airflow/example_dags/example_python_operator.py
[2024-09-15T19:11:58.288+0000] {logging_mixin.py:190} INFO - [2024-09-15T19:11:58.288+0000] {dag.py:3229} INFO - Sync 1 DAGs
[2024-09-15T19:11:58.298+0000] {logging_mixin.py:190} INFO - [2024-09-15T19:11:58.298+0000] {dag.py:4156} INFO - Setting next_dagrun for example_python_operator to None, run_after=None
[2024-09-15T19:11:58.311+0000] {processor.py:208} INFO - Processing /home/airflow/.local/lib/python3.12/site-packages/airflow/example_dags/example_python_operator.py took 0.069 seconds
[2024-09-15T19:12:29.115+0000] {processor.py:186} INFO - Started process (PID=378) to work on /home/airflow/.local/lib/python3.12/site-packages/airflow/example_dags/example_python_operator.py
[2024-09-15T19:12:29.116+0000] {processor.py:914} INFO - Processing file /home/airflow/.local/lib/python3.12/site-packages/airflow/example_dags/example_python_operator.py for tasks to queue
[2024-09-15T19:12:29.118+0000] {logging_mixin.py:190} INFO - [2024-09-15T19:12:29.118+0000] {dagbag.py:587} INFO - Filling up the DagBag from /home/airflow/.local/lib/python3.12/site-packages/airflow/example_dags/example_python_operator.py
[2024-09-15T19:12:29.125+0000] {processor.py:925} INFO - DAG(s) 'example_python_operator' retrieved from /home/airflow/.local/lib/python3.12/site-packages/airflow/example_dags/example_python_operator.py
[2024-09-15T19:12:29.138+0000] {logging_mixin.py:190} INFO - [2024-09-15T19:12:29.138+0000] {dag.py:3229} INFO - Sync 1 DAGs
[2024-09-15T19:12:29.147+0000] {logging_mixin.py:190} INFO - [2024-09-15T19:12:29.146+0000] {dag.py:4156} INFO - Setting next_dagrun for example_python_operator to None, run_after=None
[2024-09-15T19:12:29.158+0000] {processor.py:208} INFO - Processing /home/airflow/.local/lib/python3.12/site-packages/airflow/example_dags/example_python_operator.py took 0.047 seconds
[2024-09-15T19:13:00.005+0000] {processor.py:186} INFO - Started process (PID=440) to work on /home/airflow/.local/lib/python3.12/site-packages/airflow/example_dags/example_python_operator.py
[2024-09-15T19:13:00.007+0000] {processor.py:914} INFO - Processing file /home/airflow/.local/lib/python3.12/site-packages/airflow/example_dags/example_python_operator.py for tasks to queue
[2024-09-15T19:13:00.009+0000] {logging_mixin.py:190} INFO - [2024-09-15T19:13:00.009+0000] {dagbag.py:587} INFO - Filling up the DagBag from /home/airflow/.local/lib/python3.12/site-packages/airflow/example_dags/example_python_operator.py
[2024-09-15T19:13:00.017+0000] {processor.py:925} INFO - DAG(s) 'example_python_operator' retrieved from /home/airflow/.local/lib/python3.12/site-packages/airflow/example_dags/example_python_operator.py
[2024-09-15T19:13:00.036+0000] {logging_mixin.py:190} INFO - [2024-09-15T19:13:00.036+0000] {dag.py:3229} INFO - Sync 1 DAGs
[2024-09-15T19:13:00.045+0000] {logging_mixin.py:190} INFO - [2024-09-15T19:13:00.044+0000] {dag.py:4156} INFO - Setting next_dagrun for example_python_operator to None, run_after=None
[2024-09-15T19:13:00.057+0000] {processor.py:208} INFO - Processing /home/airflow/.local/lib/python3.12/site-packages/airflow/example_dags/example_python_operator.py took 0.055 seconds
