[2024-09-15T19:08:25.201+0000] {processor.py:186} INFO - Started process (PID=68) to work on /home/airflow/.local/lib/python3.12/site-packages/airflow/example_dags/example_bash_decorator.py
[2024-09-15T19:08:25.203+0000] {processor.py:914} INFO - Processing file /home/airflow/.local/lib/python3.12/site-packages/airflow/example_dags/example_bash_decorator.py for tasks to queue
[2024-09-15T19:08:25.206+0000] {logging_mixin.py:190} INFO - [2024-09-15T19:08:25.206+0000] {dagbag.py:587} INFO - Filling up the DagBag from /home/airflow/.local/lib/python3.12/site-packages/airflow/example_dags/example_bash_decorator.py
[2024-09-15T19:08:25.217+0000] {processor.py:925} INFO - DAG(s) 'example_bash_decorator' retrieved from /home/airflow/.local/lib/python3.12/site-packages/airflow/example_dags/example_bash_decorator.py
[2024-09-15T19:08:25.277+0000] {logging_mixin.py:190} INFO - [2024-09-15T19:08:25.277+0000] {override.py:1900} INFO - Created Permission View: can edit on DAG:example_bash_decorator
[2024-09-15T19:08:25.284+0000] {logging_mixin.py:190} INFO - [2024-09-15T19:08:25.283+0000] {override.py:1900} INFO - Created Permission View: can delete on DAG:example_bash_decorator
[2024-09-15T19:08:25.289+0000] {logging_mixin.py:190} INFO - [2024-09-15T19:08:25.289+0000] {override.py:1900} INFO - Created Permission View: can read on DAG:example_bash_decorator
[2024-09-15T19:08:25.296+0000] {logging_mixin.py:190} INFO - [2024-09-15T19:08:25.296+0000] {override.py:1900} INFO - Created Permission View: can create on DAG Run:example_bash_decorator
[2024-09-15T19:08:25.302+0000] {logging_mixin.py:190} INFO - [2024-09-15T19:08:25.302+0000] {override.py:1900} INFO - Created Permission View: can delete on DAG Run:example_bash_decorator
[2024-09-15T19:08:25.307+0000] {logging_mixin.py:190} INFO - [2024-09-15T19:08:25.307+0000] {override.py:1900} INFO - Created Permission View: menu access on DAG Run:example_bash_decorator
[2024-09-15T19:08:25.311+0000] {logging_mixin.py:190} INFO - [2024-09-15T19:08:25.311+0000] {override.py:1900} INFO - Created Permission View: can read on DAG Run:example_bash_decorator
[2024-09-15T19:08:25.312+0000] {logging_mixin.py:190} INFO - [2024-09-15T19:08:25.312+0000] {dag.py:3229} INFO - Sync 1 DAGs
[2024-09-15T19:08:25.321+0000] {logging_mixin.py:190} INFO - [2024-09-15T19:08:25.321+0000] {dag.py:3252} INFO - Creating ORM DAG for example_bash_decorator
[2024-09-15T19:08:25.322+0000] {logging_mixin.py:190} INFO - [2024-09-15T19:08:25.322+0000] {dag.py:4156} INFO - Setting next_dagrun for example_bash_decorator to None, run_after=None
[2024-09-15T19:08:25.330+0000] {processor.py:208} INFO - Processing /home/airflow/.local/lib/python3.12/site-packages/airflow/example_dags/example_bash_decorator.py took 0.136 seconds
[2024-09-15T19:08:55.818+0000] {processor.py:186} INFO - Started process (PID=130) to work on /home/airflow/.local/lib/python3.12/site-packages/airflow/example_dags/example_bash_decorator.py
[2024-09-15T19:08:55.820+0000] {processor.py:914} INFO - Processing file /home/airflow/.local/lib/python3.12/site-packages/airflow/example_dags/example_bash_decorator.py for tasks to queue
[2024-09-15T19:08:55.822+0000] {logging_mixin.py:190} INFO - [2024-09-15T19:08:55.821+0000] {dagbag.py:587} INFO - Filling up the DagBag from /home/airflow/.local/lib/python3.12/site-packages/airflow/example_dags/example_bash_decorator.py
[2024-09-15T19:08:55.830+0000] {processor.py:925} INFO - DAG(s) 'example_bash_decorator' retrieved from /home/airflow/.local/lib/python3.12/site-packages/airflow/example_dags/example_bash_decorator.py
[2024-09-15T19:08:55.846+0000] {logging_mixin.py:190} INFO - [2024-09-15T19:08:55.845+0000] {dag.py:3229} INFO - Sync 1 DAGs
[2024-09-15T19:08:55.854+0000] {logging_mixin.py:190} INFO - [2024-09-15T19:08:55.853+0000] {dag.py:4156} INFO - Setting next_dagrun for example_bash_decorator to None, run_after=None
[2024-09-15T19:08:55.865+0000] {processor.py:208} INFO - Processing /home/airflow/.local/lib/python3.12/site-packages/airflow/example_dags/example_bash_decorator.py took 0.050 seconds
[2024-09-15T19:09:54.707+0000] {processor.py:186} INFO - Started process (PID=67) to work on /home/airflow/.local/lib/python3.12/site-packages/airflow/example_dags/example_bash_decorator.py
[2024-09-15T19:09:54.709+0000] {processor.py:914} INFO - Processing file /home/airflow/.local/lib/python3.12/site-packages/airflow/example_dags/example_bash_decorator.py for tasks to queue
[2024-09-15T19:09:54.710+0000] {logging_mixin.py:190} INFO - [2024-09-15T19:09:54.710+0000] {dagbag.py:587} INFO - Filling up the DagBag from /home/airflow/.local/lib/python3.12/site-packages/airflow/example_dags/example_bash_decorator.py
[2024-09-15T19:09:54.718+0000] {processor.py:925} INFO - DAG(s) 'example_bash_decorator' retrieved from /home/airflow/.local/lib/python3.12/site-packages/airflow/example_dags/example_bash_decorator.py
[2024-09-15T19:09:54.781+0000] {logging_mixin.py:190} INFO - [2024-09-15T19:09:54.781+0000] {dag.py:3229} INFO - Sync 1 DAGs
[2024-09-15T19:09:54.793+0000] {logging_mixin.py:190} INFO - [2024-09-15T19:09:54.793+0000] {dag.py:4156} INFO - Setting next_dagrun for example_bash_decorator to None, run_after=None
[2024-09-15T19:09:54.806+0000] {processor.py:208} INFO - Processing /home/airflow/.local/lib/python3.12/site-packages/airflow/example_dags/example_bash_decorator.py took 0.103 seconds
[2024-09-15T19:10:25.383+0000] {processor.py:186} INFO - Started process (PID=129) to work on /home/airflow/.local/lib/python3.12/site-packages/airflow/example_dags/example_bash_decorator.py
[2024-09-15T19:10:25.386+0000] {processor.py:914} INFO - Processing file /home/airflow/.local/lib/python3.12/site-packages/airflow/example_dags/example_bash_decorator.py for tasks to queue
[2024-09-15T19:10:25.388+0000] {logging_mixin.py:190} INFO - [2024-09-15T19:10:25.387+0000] {dagbag.py:587} INFO - Filling up the DagBag from /home/airflow/.local/lib/python3.12/site-packages/airflow/example_dags/example_bash_decorator.py
[2024-09-15T19:10:25.395+0000] {processor.py:925} INFO - DAG(s) 'example_bash_decorator' retrieved from /home/airflow/.local/lib/python3.12/site-packages/airflow/example_dags/example_bash_decorator.py
[2024-09-15T19:10:25.409+0000] {logging_mixin.py:190} INFO - [2024-09-15T19:10:25.408+0000] {dag.py:3229} INFO - Sync 1 DAGs
[2024-09-15T19:10:25.417+0000] {logging_mixin.py:190} INFO - [2024-09-15T19:10:25.417+0000] {dag.py:4156} INFO - Setting next_dagrun for example_bash_decorator to None, run_after=None
[2024-09-15T19:10:25.429+0000] {processor.py:208} INFO - Processing /home/airflow/.local/lib/python3.12/site-packages/airflow/example_dags/example_bash_decorator.py took 0.050 seconds
[2024-09-15T19:10:56.165+0000] {processor.py:186} INFO - Started process (PID=191) to work on /home/airflow/.local/lib/python3.12/site-packages/airflow/example_dags/example_bash_decorator.py
[2024-09-15T19:10:56.167+0000] {processor.py:914} INFO - Processing file /home/airflow/.local/lib/python3.12/site-packages/airflow/example_dags/example_bash_decorator.py for tasks to queue
[2024-09-15T19:10:56.169+0000] {logging_mixin.py:190} INFO - [2024-09-15T19:10:56.168+0000] {dagbag.py:587} INFO - Filling up the DagBag from /home/airflow/.local/lib/python3.12/site-packages/airflow/example_dags/example_bash_decorator.py
[2024-09-15T19:10:56.177+0000] {processor.py:925} INFO - DAG(s) 'example_bash_decorator' retrieved from /home/airflow/.local/lib/python3.12/site-packages/airflow/example_dags/example_bash_decorator.py
[2024-09-15T19:10:56.189+0000] {logging_mixin.py:190} INFO - [2024-09-15T19:10:56.189+0000] {dag.py:3229} INFO - Sync 1 DAGs
[2024-09-15T19:10:56.197+0000] {logging_mixin.py:190} INFO - [2024-09-15T19:10:56.197+0000] {dag.py:4156} INFO - Setting next_dagrun for example_bash_decorator to None, run_after=None
[2024-09-15T19:10:56.208+0000] {processor.py:208} INFO - Processing /home/airflow/.local/lib/python3.12/site-packages/airflow/example_dags/example_bash_decorator.py took 0.046 seconds
[2024-09-15T19:11:26.893+0000] {processor.py:186} INFO - Started process (PID=253) to work on /home/airflow/.local/lib/python3.12/site-packages/airflow/example_dags/example_bash_decorator.py
[2024-09-15T19:11:26.895+0000] {processor.py:914} INFO - Processing file /home/airflow/.local/lib/python3.12/site-packages/airflow/example_dags/example_bash_decorator.py for tasks to queue
[2024-09-15T19:11:26.896+0000] {logging_mixin.py:190} INFO - [2024-09-15T19:11:26.896+0000] {dagbag.py:587} INFO - Filling up the DagBag from /home/airflow/.local/lib/python3.12/site-packages/airflow/example_dags/example_bash_decorator.py
[2024-09-15T19:11:26.904+0000] {processor.py:925} INFO - DAG(s) 'example_bash_decorator' retrieved from /home/airflow/.local/lib/python3.12/site-packages/airflow/example_dags/example_bash_decorator.py
[2024-09-15T19:11:26.917+0000] {logging_mixin.py:190} INFO - [2024-09-15T19:11:26.917+0000] {dag.py:3229} INFO - Sync 1 DAGs
[2024-09-15T19:11:26.925+0000] {logging_mixin.py:190} INFO - [2024-09-15T19:11:26.925+0000] {dag.py:4156} INFO - Setting next_dagrun for example_bash_decorator to None, run_after=None
[2024-09-15T19:11:26.936+0000] {processor.py:208} INFO - Processing /home/airflow/.local/lib/python3.12/site-packages/airflow/example_dags/example_bash_decorator.py took 0.047 seconds
[2024-09-15T19:11:58.066+0000] {processor.py:186} INFO - Started process (PID=315) to work on /home/airflow/.local/lib/python3.12/site-packages/airflow/example_dags/example_bash_decorator.py
[2024-09-15T19:11:58.069+0000] {processor.py:914} INFO - Processing file /home/airflow/.local/lib/python3.12/site-packages/airflow/example_dags/example_bash_decorator.py for tasks to queue
[2024-09-15T19:11:58.073+0000] {logging_mixin.py:190} INFO - [2024-09-15T19:11:58.072+0000] {dagbag.py:587} INFO - Filling up the DagBag from /home/airflow/.local/lib/python3.12/site-packages/airflow/example_dags/example_bash_decorator.py
[2024-09-15T19:11:58.086+0000] {processor.py:925} INFO - DAG(s) 'example_bash_decorator' retrieved from /home/airflow/.local/lib/python3.12/site-packages/airflow/example_dags/example_bash_decorator.py
[2024-09-15T19:11:58.129+0000] {logging_mixin.py:190} INFO - [2024-09-15T19:11:58.129+0000] {dag.py:3229} INFO - Sync 1 DAGs
[2024-09-15T19:11:58.219+0000] {logging_mixin.py:190} INFO - [2024-09-15T19:11:58.218+0000] {dag.py:4156} INFO - Setting next_dagrun for example_bash_decorator to None, run_after=None
[2024-09-15T19:11:58.257+0000] {processor.py:208} INFO - Processing /home/airflow/.local/lib/python3.12/site-packages/airflow/example_dags/example_bash_decorator.py took 0.196 seconds
[2024-09-15T19:12:29.039+0000] {processor.py:186} INFO - Started process (PID=377) to work on /home/airflow/.local/lib/python3.12/site-packages/airflow/example_dags/example_bash_decorator.py
[2024-09-15T19:12:29.040+0000] {processor.py:914} INFO - Processing file /home/airflow/.local/lib/python3.12/site-packages/airflow/example_dags/example_bash_decorator.py for tasks to queue
[2024-09-15T19:12:29.042+0000] {logging_mixin.py:190} INFO - [2024-09-15T19:12:29.042+0000] {dagbag.py:587} INFO - Filling up the DagBag from /home/airflow/.local/lib/python3.12/site-packages/airflow/example_dags/example_bash_decorator.py
[2024-09-15T19:12:29.053+0000] {processor.py:925} INFO - DAG(s) 'example_bash_decorator' retrieved from /home/airflow/.local/lib/python3.12/site-packages/airflow/example_dags/example_bash_decorator.py
[2024-09-15T19:12:29.070+0000] {logging_mixin.py:190} INFO - [2024-09-15T19:12:29.070+0000] {dag.py:3229} INFO - Sync 1 DAGs
[2024-09-15T19:12:29.081+0000] {logging_mixin.py:190} INFO - [2024-09-15T19:12:29.080+0000] {dag.py:4156} INFO - Setting next_dagrun for example_bash_decorator to None, run_after=None
[2024-09-15T19:12:29.095+0000] {processor.py:208} INFO - Processing /home/airflow/.local/lib/python3.12/site-packages/airflow/example_dags/example_bash_decorator.py took 0.060 seconds
[2024-09-15T19:12:59.929+0000] {processor.py:186} INFO - Started process (PID=439) to work on /home/airflow/.local/lib/python3.12/site-packages/airflow/example_dags/example_bash_decorator.py
[2024-09-15T19:12:59.930+0000] {processor.py:914} INFO - Processing file /home/airflow/.local/lib/python3.12/site-packages/airflow/example_dags/example_bash_decorator.py for tasks to queue
[2024-09-15T19:12:59.933+0000] {logging_mixin.py:190} INFO - [2024-09-15T19:12:59.932+0000] {dagbag.py:587} INFO - Filling up the DagBag from /home/airflow/.local/lib/python3.12/site-packages/airflow/example_dags/example_bash_decorator.py
[2024-09-15T19:12:59.943+0000] {processor.py:925} INFO - DAG(s) 'example_bash_decorator' retrieved from /home/airflow/.local/lib/python3.12/site-packages/airflow/example_dags/example_bash_decorator.py
[2024-09-15T19:12:59.960+0000] {logging_mixin.py:190} INFO - [2024-09-15T19:12:59.960+0000] {dag.py:3229} INFO - Sync 1 DAGs
[2024-09-15T19:12:59.971+0000] {logging_mixin.py:190} INFO - [2024-09-15T19:12:59.971+0000] {dag.py:4156} INFO - Setting next_dagrun for example_bash_decorator to None, run_after=None
[2024-09-15T19:12:59.984+0000] {processor.py:208} INFO - Processing /home/airflow/.local/lib/python3.12/site-packages/airflow/example_dags/example_bash_decorator.py took 0.059 seconds
