[2024-09-15T19:08:20.600+0000] {processor.py:186} INFO - Started process (PID=31) to work on /home/airflow/.local/lib/python3.12/site-packages/airflow/example_dags/example_branch_datetime_operator.py
[2024-09-15T19:08:20.606+0000] {processor.py:914} INFO - Processing file /home/airflow/.local/lib/python3.12/site-packages/airflow/example_dags/example_branch_datetime_operator.py for tasks to queue
[2024-09-15T19:08:20.620+0000] {logging_mixin.py:190} INFO - [2024-09-15T19:08:20.618+0000] {dagbag.py:587} INFO - Filling up the DagBag from /home/airflow/.local/lib/python3.12/site-packages/airflow/example_dags/example_branch_datetime_operator.py
[2024-09-15T19:08:20.646+0000] {processor.py:925} INFO - DAG(s) 'example_branch_datetime_operator_3', 'example_branch_datetime_operator_2', 'example_branch_datetime_operator' retrieved from /home/airflow/.local/lib/python3.12/site-packages/airflow/example_dags/example_branch_datetime_operator.py
[2024-09-15T19:08:20.863+0000] {logging_mixin.py:190} INFO - [2024-09-15T19:08:20.863+0000] {override.py:1900} INFO - Created Permission View: can edit on DAG:example_branch_datetime_operator_3
[2024-09-15T19:08:20.873+0000] {logging_mixin.py:190} INFO - [2024-09-15T19:08:20.873+0000] {override.py:1900} INFO - Created Permission View: can delete on DAG:example_branch_datetime_operator_3
[2024-09-15T19:08:20.883+0000] {logging_mixin.py:190} INFO - [2024-09-15T19:08:20.882+0000] {override.py:1900} INFO - Created Permission View: can read on DAG:example_branch_datetime_operator_3
[2024-09-15T19:08:20.891+0000] {logging_mixin.py:190} INFO - [2024-09-15T19:08:20.890+0000] {override.py:1900} INFO - Created Permission View: can create on DAG Run:example_branch_datetime_operator_3
[2024-09-15T19:08:20.897+0000] {logging_mixin.py:190} INFO - [2024-09-15T19:08:20.897+0000] {override.py:1900} INFO - Created Permission View: can delete on DAG Run:example_branch_datetime_operator_3
[2024-09-15T19:08:20.904+0000] {logging_mixin.py:190} INFO - [2024-09-15T19:08:20.903+0000] {override.py:1900} INFO - Created Permission View: menu access on DAG Run:example_branch_datetime_operator_3
[2024-09-15T19:08:20.910+0000] {logging_mixin.py:190} INFO - [2024-09-15T19:08:20.910+0000] {override.py:1900} INFO - Created Permission View: can read on DAG Run:example_branch_datetime_operator_3
[2024-09-15T19:08:20.927+0000] {logging_mixin.py:190} INFO - [2024-09-15T19:08:20.927+0000] {override.py:1900} INFO - Created Permission View: can edit on DAG:example_branch_datetime_operator_2
[2024-09-15T19:08:20.935+0000] {logging_mixin.py:190} INFO - [2024-09-15T19:08:20.934+0000] {override.py:1900} INFO - Created Permission View: can delete on DAG:example_branch_datetime_operator_2
[2024-09-15T19:08:20.953+0000] {logging_mixin.py:190} INFO - [2024-09-15T19:08:20.953+0000] {override.py:1900} INFO - Created Permission View: can read on DAG:example_branch_datetime_operator_2
[2024-09-15T19:08:20.966+0000] {logging_mixin.py:190} INFO - [2024-09-15T19:08:20.965+0000] {override.py:1900} INFO - Created Permission View: can create on DAG Run:example_branch_datetime_operator_2
[2024-09-15T19:08:20.987+0000] {logging_mixin.py:190} INFO - [2024-09-15T19:08:20.987+0000] {override.py:1900} INFO - Created Permission View: can delete on DAG Run:example_branch_datetime_operator_2
[2024-09-15T19:08:20.999+0000] {logging_mixin.py:190} INFO - [2024-09-15T19:08:20.999+0000] {override.py:1900} INFO - Created Permission View: menu access on DAG Run:example_branch_datetime_operator_2
[2024-09-15T19:08:21.011+0000] {logging_mixin.py:190} INFO - [2024-09-15T19:08:21.011+0000] {override.py:1900} INFO - Created Permission View: can read on DAG Run:example_branch_datetime_operator_2
[2024-09-15T19:08:21.027+0000] {logging_mixin.py:190} INFO - [2024-09-15T19:08:21.027+0000] {override.py:1900} INFO - Created Permission View: can edit on DAG:example_branch_datetime_operator
[2024-09-15T19:08:21.037+0000] {logging_mixin.py:190} INFO - [2024-09-15T19:08:21.036+0000] {override.py:1900} INFO - Created Permission View: can delete on DAG:example_branch_datetime_operator
[2024-09-15T19:08:21.047+0000] {logging_mixin.py:190} INFO - [2024-09-15T19:08:21.047+0000] {override.py:1900} INFO - Created Permission View: can read on DAG:example_branch_datetime_operator
[2024-09-15T19:08:21.055+0000] {logging_mixin.py:190} INFO - [2024-09-15T19:08:21.055+0000] {override.py:1900} INFO - Created Permission View: can create on DAG Run:example_branch_datetime_operator
[2024-09-15T19:08:21.062+0000] {logging_mixin.py:190} INFO - [2024-09-15T19:08:21.062+0000] {override.py:1900} INFO - Created Permission View: can delete on DAG Run:example_branch_datetime_operator
[2024-09-15T19:08:21.067+0000] {logging_mixin.py:190} INFO - [2024-09-15T19:08:21.067+0000] {override.py:1900} INFO - Created Permission View: menu access on DAG Run:example_branch_datetime_operator
[2024-09-15T19:08:21.092+0000] {logging_mixin.py:190} INFO - [2024-09-15T19:08:21.091+0000] {override.py:1900} INFO - Created Permission View: can read on DAG Run:example_branch_datetime_operator
[2024-09-15T19:08:21.093+0000] {logging_mixin.py:190} INFO - [2024-09-15T19:08:21.093+0000] {dag.py:3229} INFO - Sync 3 DAGs
[2024-09-15T19:08:21.109+0000] {logging_mixin.py:190} INFO - [2024-09-15T19:08:21.109+0000] {dag.py:3252} INFO - Creating ORM DAG for example_branch_datetime_operator_2
[2024-09-15T19:08:21.111+0000] {logging_mixin.py:190} INFO - [2024-09-15T19:08:21.111+0000] {dag.py:3252} INFO - Creating ORM DAG for example_branch_datetime_operator_3
[2024-09-15T19:08:21.113+0000] {logging_mixin.py:190} INFO - [2024-09-15T19:08:21.113+0000] {dag.py:3252} INFO - Creating ORM DAG for example_branch_datetime_operator
[2024-09-15T19:08:21.127+0000] {logging_mixin.py:190} INFO - [2024-09-15T19:08:21.127+0000] {dag.py:4156} INFO - Setting next_dagrun for example_branch_datetime_operator to 2024-09-14 00:00:00+00:00, run_after=2024-09-15 00:00:00+00:00
[2024-09-15T19:08:21.130+0000] {logging_mixin.py:190} INFO - [2024-09-15T19:08:21.130+0000] {dag.py:4156} INFO - Setting next_dagrun for example_branch_datetime_operator_2 to 2024-09-14 00:00:00+00:00, run_after=2024-09-15 00:00:00+00:00
[2024-09-15T19:08:21.132+0000] {logging_mixin.py:190} INFO - [2024-09-15T19:08:21.132+0000] {dag.py:4156} INFO - Setting next_dagrun for example_branch_datetime_operator_3 to 2024-09-14 00:00:00+00:00, run_after=2024-09-15 00:00:00+00:00
[2024-09-15T19:08:21.214+0000] {processor.py:208} INFO - Processing /home/airflow/.local/lib/python3.12/site-packages/airflow/example_dags/example_branch_datetime_operator.py took 0.628 seconds
[2024-09-15T19:08:51.866+0000] {processor.py:186} INFO - Started process (PID=93) to work on /home/airflow/.local/lib/python3.12/site-packages/airflow/example_dags/example_branch_datetime_operator.py
[2024-09-15T19:08:51.869+0000] {processor.py:914} INFO - Processing file /home/airflow/.local/lib/python3.12/site-packages/airflow/example_dags/example_branch_datetime_operator.py for tasks to queue
[2024-09-15T19:08:51.873+0000] {logging_mixin.py:190} INFO - [2024-09-15T19:08:51.873+0000] {dagbag.py:587} INFO - Filling up the DagBag from /home/airflow/.local/lib/python3.12/site-packages/airflow/example_dags/example_branch_datetime_operator.py
[2024-09-15T19:08:51.885+0000] {processor.py:925} INFO - DAG(s) 'example_branch_datetime_operator_3', 'example_branch_datetime_operator_2', 'example_branch_datetime_operator' retrieved from /home/airflow/.local/lib/python3.12/site-packages/airflow/example_dags/example_branch_datetime_operator.py
[2024-09-15T19:08:51.903+0000] {logging_mixin.py:190} INFO - [2024-09-15T19:08:51.903+0000] {dag.py:3229} INFO - Sync 3 DAGs
[2024-09-15T19:08:51.925+0000] {logging_mixin.py:190} INFO - [2024-09-15T19:08:51.925+0000] {dag.py:4156} INFO - Setting next_dagrun for example_branch_datetime_operator to 2024-09-14 00:00:00+00:00, run_after=2024-09-15 00:00:00+00:00
[2024-09-15T19:08:51.928+0000] {logging_mixin.py:190} INFO - [2024-09-15T19:08:51.928+0000] {dag.py:4156} INFO - Setting next_dagrun for example_branch_datetime_operator_2 to 2024-09-14 00:00:00+00:00, run_after=2024-09-15 00:00:00+00:00
[2024-09-15T19:08:51.929+0000] {logging_mixin.py:190} INFO - [2024-09-15T19:08:51.929+0000] {dag.py:4156} INFO - Setting next_dagrun for example_branch_datetime_operator_3 to 2024-09-14 00:00:00+00:00, run_after=2024-09-15 00:00:00+00:00
[2024-09-15T19:08:51.942+0000] {processor.py:208} INFO - Processing /home/airflow/.local/lib/python3.12/site-packages/airflow/example_dags/example_branch_datetime_operator.py took 0.085 seconds
[2024-09-15T19:09:51.761+0000] {processor.py:186} INFO - Started process (PID=30) to work on /home/airflow/.local/lib/python3.12/site-packages/airflow/example_dags/example_branch_datetime_operator.py
[2024-09-15T19:09:51.768+0000] {processor.py:914} INFO - Processing file /home/airflow/.local/lib/python3.12/site-packages/airflow/example_dags/example_branch_datetime_operator.py for tasks to queue
[2024-09-15T19:09:51.776+0000] {logging_mixin.py:190} INFO - [2024-09-15T19:09:51.775+0000] {dagbag.py:587} INFO - Filling up the DagBag from /home/airflow/.local/lib/python3.12/site-packages/airflow/example_dags/example_branch_datetime_operator.py
[2024-09-15T19:09:51.795+0000] {processor.py:925} INFO - DAG(s) 'example_branch_datetime_operator_3', 'example_branch_datetime_operator', 'example_branch_datetime_operator_2' retrieved from /home/airflow/.local/lib/python3.12/site-packages/airflow/example_dags/example_branch_datetime_operator.py
[2024-09-15T19:09:51.844+0000] {logging_mixin.py:190} INFO - [2024-09-15T19:09:51.844+0000] {dag.py:3229} INFO - Sync 3 DAGs
[2024-09-15T19:09:51.873+0000] {logging_mixin.py:190} INFO - [2024-09-15T19:09:51.873+0000] {dag.py:4156} INFO - Setting next_dagrun for example_branch_datetime_operator to 2024-09-14 00:00:00+00:00, run_after=2024-09-15 00:00:00+00:00
[2024-09-15T19:09:51.877+0000] {logging_mixin.py:190} INFO - [2024-09-15T19:09:51.877+0000] {dag.py:4156} INFO - Setting next_dagrun for example_branch_datetime_operator_2 to 2024-09-14 00:00:00+00:00, run_after=2024-09-15 00:00:00+00:00
[2024-09-15T19:09:51.883+0000] {logging_mixin.py:190} INFO - [2024-09-15T19:09:51.883+0000] {dag.py:4156} INFO - Setting next_dagrun for example_branch_datetime_operator_3 to 2024-09-14 00:00:00+00:00, run_after=2024-09-15 00:00:00+00:00
[2024-09-15T19:09:51.906+0000] {processor.py:208} INFO - Processing /home/airflow/.local/lib/python3.12/site-packages/airflow/example_dags/example_branch_datetime_operator.py took 0.156 seconds
[2024-09-15T19:10:22.879+0000] {processor.py:186} INFO - Started process (PID=92) to work on /home/airflow/.local/lib/python3.12/site-packages/airflow/example_dags/example_branch_datetime_operator.py
[2024-09-15T19:10:22.880+0000] {processor.py:914} INFO - Processing file /home/airflow/.local/lib/python3.12/site-packages/airflow/example_dags/example_branch_datetime_operator.py for tasks to queue
[2024-09-15T19:10:22.882+0000] {logging_mixin.py:190} INFO - [2024-09-15T19:10:22.882+0000] {dagbag.py:587} INFO - Filling up the DagBag from /home/airflow/.local/lib/python3.12/site-packages/airflow/example_dags/example_branch_datetime_operator.py
[2024-09-15T19:10:22.889+0000] {processor.py:925} INFO - DAG(s) 'example_branch_datetime_operator', 'example_branch_datetime_operator_2', 'example_branch_datetime_operator_3' retrieved from /home/airflow/.local/lib/python3.12/site-packages/airflow/example_dags/example_branch_datetime_operator.py
[2024-09-15T19:10:22.904+0000] {logging_mixin.py:190} INFO - [2024-09-15T19:10:22.904+0000] {dag.py:3229} INFO - Sync 3 DAGs
[2024-09-15T19:10:22.919+0000] {logging_mixin.py:190} INFO - [2024-09-15T19:10:22.919+0000] {dag.py:4156} INFO - Setting next_dagrun for example_branch_datetime_operator to 2024-09-14 00:00:00+00:00, run_after=2024-09-15 00:00:00+00:00
[2024-09-15T19:10:22.922+0000] {logging_mixin.py:190} INFO - [2024-09-15T19:10:22.922+0000] {dag.py:4156} INFO - Setting next_dagrun for example_branch_datetime_operator_2 to 2024-09-14 00:00:00+00:00, run_after=2024-09-15 00:00:00+00:00
[2024-09-15T19:10:22.924+0000] {logging_mixin.py:190} INFO - [2024-09-15T19:10:22.924+0000] {dag.py:4156} INFO - Setting next_dagrun for example_branch_datetime_operator_3 to 2024-09-14 00:00:00+00:00, run_after=2024-09-15 00:00:00+00:00
[2024-09-15T19:10:22.935+0000] {processor.py:208} INFO - Processing /home/airflow/.local/lib/python3.12/site-packages/airflow/example_dags/example_branch_datetime_operator.py took 0.059 seconds
[2024-09-15T19:10:53.486+0000] {processor.py:186} INFO - Started process (PID=154) to work on /home/airflow/.local/lib/python3.12/site-packages/airflow/example_dags/example_branch_datetime_operator.py
[2024-09-15T19:10:53.488+0000] {processor.py:914} INFO - Processing file /home/airflow/.local/lib/python3.12/site-packages/airflow/example_dags/example_branch_datetime_operator.py for tasks to queue
[2024-09-15T19:10:53.490+0000] {logging_mixin.py:190} INFO - [2024-09-15T19:10:53.490+0000] {dagbag.py:587} INFO - Filling up the DagBag from /home/airflow/.local/lib/python3.12/site-packages/airflow/example_dags/example_branch_datetime_operator.py
[2024-09-15T19:10:53.497+0000] {processor.py:925} INFO - DAG(s) 'example_branch_datetime_operator', 'example_branch_datetime_operator_2', 'example_branch_datetime_operator_3' retrieved from /home/airflow/.local/lib/python3.12/site-packages/airflow/example_dags/example_branch_datetime_operator.py
[2024-09-15T19:10:53.512+0000] {logging_mixin.py:190} INFO - [2024-09-15T19:10:53.512+0000] {dag.py:3229} INFO - Sync 3 DAGs
[2024-09-15T19:10:53.527+0000] {logging_mixin.py:190} INFO - [2024-09-15T19:10:53.527+0000] {dag.py:4156} INFO - Setting next_dagrun for example_branch_datetime_operator to 2024-09-14 00:00:00+00:00, run_after=2024-09-15 00:00:00+00:00
[2024-09-15T19:10:53.531+0000] {logging_mixin.py:190} INFO - [2024-09-15T19:10:53.531+0000] {dag.py:4156} INFO - Setting next_dagrun for example_branch_datetime_operator_2 to 2024-09-14 00:00:00+00:00, run_after=2024-09-15 00:00:00+00:00
[2024-09-15T19:10:53.533+0000] {logging_mixin.py:190} INFO - [2024-09-15T19:10:53.532+0000] {dag.py:4156} INFO - Setting next_dagrun for example_branch_datetime_operator_3 to 2024-09-14 00:00:00+00:00, run_after=2024-09-15 00:00:00+00:00
[2024-09-15T19:10:53.542+0000] {processor.py:208} INFO - Processing /home/airflow/.local/lib/python3.12/site-packages/airflow/example_dags/example_branch_datetime_operator.py took 0.063 seconds
[2024-09-15T19:11:24.230+0000] {processor.py:186} INFO - Started process (PID=216) to work on /home/airflow/.local/lib/python3.12/site-packages/airflow/example_dags/example_branch_datetime_operator.py
[2024-09-15T19:11:24.237+0000] {processor.py:914} INFO - Processing file /home/airflow/.local/lib/python3.12/site-packages/airflow/example_dags/example_branch_datetime_operator.py for tasks to queue
[2024-09-15T19:11:24.241+0000] {logging_mixin.py:190} INFO - [2024-09-15T19:11:24.240+0000] {dagbag.py:587} INFO - Filling up the DagBag from /home/airflow/.local/lib/python3.12/site-packages/airflow/example_dags/example_branch_datetime_operator.py
[2024-09-15T19:11:24.248+0000] {processor.py:925} INFO - DAG(s) 'example_branch_datetime_operator_2', 'example_branch_datetime_operator_3', 'example_branch_datetime_operator' retrieved from /home/airflow/.local/lib/python3.12/site-packages/airflow/example_dags/example_branch_datetime_operator.py
[2024-09-15T19:11:24.265+0000] {logging_mixin.py:190} INFO - [2024-09-15T19:11:24.265+0000] {dag.py:3229} INFO - Sync 3 DAGs
[2024-09-15T19:11:24.281+0000] {logging_mixin.py:190} INFO - [2024-09-15T19:11:24.281+0000] {dag.py:4156} INFO - Setting next_dagrun for example_branch_datetime_operator to 2024-09-14 00:00:00+00:00, run_after=2024-09-15 00:00:00+00:00
[2024-09-15T19:11:24.285+0000] {logging_mixin.py:190} INFO - [2024-09-15T19:11:24.285+0000] {dag.py:4156} INFO - Setting next_dagrun for example_branch_datetime_operator_2 to 2024-09-14 00:00:00+00:00, run_after=2024-09-15 00:00:00+00:00
[2024-09-15T19:11:24.287+0000] {logging_mixin.py:190} INFO - [2024-09-15T19:11:24.287+0000] {dag.py:4156} INFO - Setting next_dagrun for example_branch_datetime_operator_3 to 2024-09-14 00:00:00+00:00, run_after=2024-09-15 00:00:00+00:00
[2024-09-15T19:11:24.299+0000] {processor.py:208} INFO - Processing /home/airflow/.local/lib/python3.12/site-packages/airflow/example_dags/example_branch_datetime_operator.py took 0.074 seconds
[2024-09-15T19:11:54.999+0000] {processor.py:186} INFO - Started process (PID=278) to work on /home/airflow/.local/lib/python3.12/site-packages/airflow/example_dags/example_branch_datetime_operator.py
[2024-09-15T19:11:55.001+0000] {processor.py:914} INFO - Processing file /home/airflow/.local/lib/python3.12/site-packages/airflow/example_dags/example_branch_datetime_operator.py for tasks to queue
[2024-09-15T19:11:55.003+0000] {logging_mixin.py:190} INFO - [2024-09-15T19:11:55.003+0000] {dagbag.py:587} INFO - Filling up the DagBag from /home/airflow/.local/lib/python3.12/site-packages/airflow/example_dags/example_branch_datetime_operator.py
[2024-09-15T19:11:55.011+0000] {processor.py:925} INFO - DAG(s) 'example_branch_datetime_operator', 'example_branch_datetime_operator_2', 'example_branch_datetime_operator_3' retrieved from /home/airflow/.local/lib/python3.12/site-packages/airflow/example_dags/example_branch_datetime_operator.py
[2024-09-15T19:11:55.029+0000] {logging_mixin.py:190} INFO - [2024-09-15T19:11:55.028+0000] {dag.py:3229} INFO - Sync 3 DAGs
[2024-09-15T19:11:55.043+0000] {logging_mixin.py:190} INFO - [2024-09-15T19:11:55.042+0000] {dag.py:4156} INFO - Setting next_dagrun for example_branch_datetime_operator to 2024-09-14 00:00:00+00:00, run_after=2024-09-15 00:00:00+00:00
[2024-09-15T19:11:55.047+0000] {logging_mixin.py:190} INFO - [2024-09-15T19:11:55.047+0000] {dag.py:4156} INFO - Setting next_dagrun for example_branch_datetime_operator_2 to 2024-09-14 00:00:00+00:00, run_after=2024-09-15 00:00:00+00:00
[2024-09-15T19:11:55.049+0000] {logging_mixin.py:190} INFO - [2024-09-15T19:11:55.049+0000] {dag.py:4156} INFO - Setting next_dagrun for example_branch_datetime_operator_3 to 2024-09-14 00:00:00+00:00, run_after=2024-09-15 00:00:00+00:00
[2024-09-15T19:11:55.060+0000] {processor.py:208} INFO - Processing /home/airflow/.local/lib/python3.12/site-packages/airflow/example_dags/example_branch_datetime_operator.py took 0.065 seconds
[2024-09-15T19:12:25.359+0000] {processor.py:186} INFO - Started process (PID=340) to work on /home/airflow/.local/lib/python3.12/site-packages/airflow/example_dags/example_branch_datetime_operator.py
[2024-09-15T19:12:25.360+0000] {processor.py:914} INFO - Processing file /home/airflow/.local/lib/python3.12/site-packages/airflow/example_dags/example_branch_datetime_operator.py for tasks to queue
[2024-09-15T19:12:25.362+0000] {logging_mixin.py:190} INFO - [2024-09-15T19:12:25.361+0000] {dagbag.py:587} INFO - Filling up the DagBag from /home/airflow/.local/lib/python3.12/site-packages/airflow/example_dags/example_branch_datetime_operator.py
[2024-09-15T19:12:25.368+0000] {processor.py:925} INFO - DAG(s) 'example_branch_datetime_operator', 'example_branch_datetime_operator_3', 'example_branch_datetime_operator_2' retrieved from /home/airflow/.local/lib/python3.12/site-packages/airflow/example_dags/example_branch_datetime_operator.py
[2024-09-15T19:12:25.384+0000] {logging_mixin.py:190} INFO - [2024-09-15T19:12:25.384+0000] {dag.py:3229} INFO - Sync 3 DAGs
[2024-09-15T19:12:25.397+0000] {logging_mixin.py:190} INFO - [2024-09-15T19:12:25.397+0000] {dag.py:4156} INFO - Setting next_dagrun for example_branch_datetime_operator to 2024-09-14 00:00:00+00:00, run_after=2024-09-15 00:00:00+00:00
[2024-09-15T19:12:25.402+0000] {logging_mixin.py:190} INFO - [2024-09-15T19:12:25.402+0000] {dag.py:4156} INFO - Setting next_dagrun for example_branch_datetime_operator_2 to 2024-09-14 00:00:00+00:00, run_after=2024-09-15 00:00:00+00:00
[2024-09-15T19:12:25.405+0000] {logging_mixin.py:190} INFO - [2024-09-15T19:12:25.404+0000] {dag.py:4156} INFO - Setting next_dagrun for example_branch_datetime_operator_3 to 2024-09-14 00:00:00+00:00, run_after=2024-09-15 00:00:00+00:00
[2024-09-15T19:12:25.414+0000] {processor.py:208} INFO - Processing /home/airflow/.local/lib/python3.12/site-packages/airflow/example_dags/example_branch_datetime_operator.py took 0.059 seconds
[2024-09-15T19:12:56.141+0000] {processor.py:186} INFO - Started process (PID=402) to work on /home/airflow/.local/lib/python3.12/site-packages/airflow/example_dags/example_branch_datetime_operator.py
[2024-09-15T19:12:56.144+0000] {processor.py:914} INFO - Processing file /home/airflow/.local/lib/python3.12/site-packages/airflow/example_dags/example_branch_datetime_operator.py for tasks to queue
[2024-09-15T19:12:56.146+0000] {logging_mixin.py:190} INFO - [2024-09-15T19:12:56.146+0000] {dagbag.py:587} INFO - Filling up the DagBag from /home/airflow/.local/lib/python3.12/site-packages/airflow/example_dags/example_branch_datetime_operator.py
[2024-09-15T19:12:56.154+0000] {processor.py:925} INFO - DAG(s) 'example_branch_datetime_operator', 'example_branch_datetime_operator_3', 'example_branch_datetime_operator_2' retrieved from /home/airflow/.local/lib/python3.12/site-packages/airflow/example_dags/example_branch_datetime_operator.py
[2024-09-15T19:12:56.171+0000] {logging_mixin.py:190} INFO - [2024-09-15T19:12:56.171+0000] {dag.py:3229} INFO - Sync 3 DAGs
[2024-09-15T19:12:56.189+0000] {logging_mixin.py:190} INFO - [2024-09-15T19:12:56.189+0000] {dag.py:4156} INFO - Setting next_dagrun for example_branch_datetime_operator to 2024-09-14 00:00:00+00:00, run_after=2024-09-15 00:00:00+00:00
[2024-09-15T19:12:56.193+0000] {logging_mixin.py:190} INFO - [2024-09-15T19:12:56.193+0000] {dag.py:4156} INFO - Setting next_dagrun for example_branch_datetime_operator_2 to 2024-09-14 00:00:00+00:00, run_after=2024-09-15 00:00:00+00:00
[2024-09-15T19:12:56.195+0000] {logging_mixin.py:190} INFO - [2024-09-15T19:12:56.195+0000] {dag.py:4156} INFO - Setting next_dagrun for example_branch_datetime_operator_3 to 2024-09-14 00:00:00+00:00, run_after=2024-09-15 00:00:00+00:00
[2024-09-15T19:12:56.213+0000] {processor.py:208} INFO - Processing /home/airflow/.local/lib/python3.12/site-packages/airflow/example_dags/example_branch_datetime_operator.py took 0.076 seconds
