[2024-09-15T19:08:21.503+0000] {processor.py:186} INFO - Started process (PID=35) to work on /home/airflow/.local/lib/python3.12/site-packages/airflow/example_dags/example_datasets.py
[2024-09-15T19:08:21.504+0000] {processor.py:914} INFO - Processing file /home/airflow/.local/lib/python3.12/site-packages/airflow/example_dags/example_datasets.py for tasks to queue
[2024-09-15T19:08:21.506+0000] {logging_mixin.py:190} INFO - [2024-09-15T19:08:21.506+0000] {dagbag.py:587} INFO - Filling up the DagBag from /home/airflow/.local/lib/python3.12/site-packages/airflow/example_dags/example_datasets.py
[2024-09-15T19:08:21.896+0000] {processor.py:925} INFO - DAG(s) 'dataset_consumes_1', 'consume_1_or_both_2_and_3_with_dataset_expressions', 'conditional_dataset_and_time_based_timetable', 'dataset_consumes_1_never_scheduled', 'consume_1_or_2_with_dataset_expressions', 'dataset_consumes_1_and_2', 'dataset_produces_1', 'consume_1_and_2_with_dataset_expressions', 'dataset_consumes_unknown_never_scheduled', 'dataset_produces_2' retrieved from /home/airflow/.local/lib/python3.12/site-packages/airflow/example_dags/example_datasets.py
[2024-09-15T19:08:21.973+0000] {logging_mixin.py:190} INFO - [2024-09-15T19:08:21.972+0000] {override.py:1900} INFO - Created Permission View: can edit on DAG:dataset_consumes_1
[2024-09-15T19:08:21.980+0000] {logging_mixin.py:190} INFO - [2024-09-15T19:08:21.979+0000] {override.py:1900} INFO - Created Permission View: can delete on DAG:dataset_consumes_1
[2024-09-15T19:08:21.984+0000] {logging_mixin.py:190} INFO - [2024-09-15T19:08:21.983+0000] {override.py:1900} INFO - Created Permission View: can read on DAG:dataset_consumes_1
[2024-09-15T19:08:21.989+0000] {logging_mixin.py:190} INFO - [2024-09-15T19:08:21.989+0000] {override.py:1900} INFO - Created Permission View: can create on DAG Run:dataset_consumes_1
[2024-09-15T19:08:21.994+0000] {logging_mixin.py:190} INFO - [2024-09-15T19:08:21.994+0000] {override.py:1900} INFO - Created Permission View: can delete on DAG Run:dataset_consumes_1
[2024-09-15T19:08:22.001+0000] {logging_mixin.py:190} INFO - [2024-09-15T19:08:22.001+0000] {override.py:1900} INFO - Created Permission View: menu access on DAG Run:dataset_consumes_1
[2024-09-15T19:08:22.006+0000] {logging_mixin.py:190} INFO - [2024-09-15T19:08:22.006+0000] {override.py:1900} INFO - Created Permission View: can read on DAG Run:dataset_consumes_1
[2024-09-15T19:08:22.016+0000] {logging_mixin.py:190} INFO - [2024-09-15T19:08:22.016+0000] {override.py:1900} INFO - Created Permission View: can edit on DAG:consume_1_or_both_2_and_3_with_dataset_expressions
[2024-09-15T19:08:22.021+0000] {logging_mixin.py:190} INFO - [2024-09-15T19:08:22.020+0000] {override.py:1900} INFO - Created Permission View: can delete on DAG:consume_1_or_both_2_and_3_with_dataset_expressions
[2024-09-15T19:08:22.025+0000] {logging_mixin.py:190} INFO - [2024-09-15T19:08:22.024+0000] {override.py:1900} INFO - Created Permission View: can read on DAG:consume_1_or_both_2_and_3_with_dataset_expressions
[2024-09-15T19:08:22.028+0000] {logging_mixin.py:190} INFO - [2024-09-15T19:08:22.028+0000] {override.py:1900} INFO - Created Permission View: can create on DAG Run:consume_1_or_both_2_and_3_with_dataset_expressions
[2024-09-15T19:08:22.033+0000] {logging_mixin.py:190} INFO - [2024-09-15T19:08:22.033+0000] {override.py:1900} INFO - Created Permission View: can delete on DAG Run:consume_1_or_both_2_and_3_with_dataset_expressions
[2024-09-15T19:08:22.039+0000] {logging_mixin.py:190} INFO - [2024-09-15T19:08:22.039+0000] {override.py:1900} INFO - Created Permission View: menu access on DAG Run:consume_1_or_both_2_and_3_with_dataset_expressions
[2024-09-15T19:08:22.045+0000] {logging_mixin.py:190} INFO - [2024-09-15T19:08:22.045+0000] {override.py:1900} INFO - Created Permission View: can read on DAG Run:consume_1_or_both_2_and_3_with_dataset_expressions
[2024-09-15T19:08:22.055+0000] {logging_mixin.py:190} INFO - [2024-09-15T19:08:22.055+0000] {override.py:1900} INFO - Created Permission View: can edit on DAG:conditional_dataset_and_time_based_timetable
[2024-09-15T19:08:22.061+0000] {logging_mixin.py:190} INFO - [2024-09-15T19:08:22.061+0000] {override.py:1900} INFO - Created Permission View: can delete on DAG:conditional_dataset_and_time_based_timetable
[2024-09-15T19:08:22.066+0000] {logging_mixin.py:190} INFO - [2024-09-15T19:08:22.066+0000] {override.py:1900} INFO - Created Permission View: can read on DAG:conditional_dataset_and_time_based_timetable
[2024-09-15T19:08:22.071+0000] {logging_mixin.py:190} INFO - [2024-09-15T19:08:22.071+0000] {override.py:1900} INFO - Created Permission View: can create on DAG Run:conditional_dataset_and_time_based_timetable
[2024-09-15T19:08:22.075+0000] {logging_mixin.py:190} INFO - [2024-09-15T19:08:22.075+0000] {override.py:1900} INFO - Created Permission View: can delete on DAG Run:conditional_dataset_and_time_based_timetable
[2024-09-15T19:08:22.079+0000] {logging_mixin.py:190} INFO - [2024-09-15T19:08:22.079+0000] {override.py:1900} INFO - Created Permission View: menu access on DAG Run:conditional_dataset_and_time_based_timetable
[2024-09-15T19:08:22.083+0000] {logging_mixin.py:190} INFO - [2024-09-15T19:08:22.083+0000] {override.py:1900} INFO - Created Permission View: can read on DAG Run:conditional_dataset_and_time_based_timetable
[2024-09-15T19:08:22.089+0000] {logging_mixin.py:190} INFO - [2024-09-15T19:08:22.089+0000] {override.py:1900} INFO - Created Permission View: can edit on DAG:dataset_consumes_1_never_scheduled
[2024-09-15T19:08:22.093+0000] {logging_mixin.py:190} INFO - [2024-09-15T19:08:22.093+0000] {override.py:1900} INFO - Created Permission View: can delete on DAG:dataset_consumes_1_never_scheduled
[2024-09-15T19:08:22.097+0000] {logging_mixin.py:190} INFO - [2024-09-15T19:08:22.097+0000] {override.py:1900} INFO - Created Permission View: can read on DAG:dataset_consumes_1_never_scheduled
[2024-09-15T19:08:22.102+0000] {logging_mixin.py:190} INFO - [2024-09-15T19:08:22.101+0000] {override.py:1900} INFO - Created Permission View: can create on DAG Run:dataset_consumes_1_never_scheduled
[2024-09-15T19:08:22.107+0000] {logging_mixin.py:190} INFO - [2024-09-15T19:08:22.107+0000] {override.py:1900} INFO - Created Permission View: can delete on DAG Run:dataset_consumes_1_never_scheduled
[2024-09-15T19:08:22.111+0000] {logging_mixin.py:190} INFO - [2024-09-15T19:08:22.111+0000] {override.py:1900} INFO - Created Permission View: menu access on DAG Run:dataset_consumes_1_never_scheduled
[2024-09-15T19:08:22.117+0000] {logging_mixin.py:190} INFO - [2024-09-15T19:08:22.116+0000] {override.py:1900} INFO - Created Permission View: can read on DAG Run:dataset_consumes_1_never_scheduled
[2024-09-15T19:08:22.123+0000] {logging_mixin.py:190} INFO - [2024-09-15T19:08:22.123+0000] {override.py:1900} INFO - Created Permission View: can edit on DAG:consume_1_or_2_with_dataset_expressions
[2024-09-15T19:08:22.127+0000] {logging_mixin.py:190} INFO - [2024-09-15T19:08:22.127+0000] {override.py:1900} INFO - Created Permission View: can delete on DAG:consume_1_or_2_with_dataset_expressions
[2024-09-15T19:08:22.131+0000] {logging_mixin.py:190} INFO - [2024-09-15T19:08:22.130+0000] {override.py:1900} INFO - Created Permission View: can read on DAG:consume_1_or_2_with_dataset_expressions
[2024-09-15T19:08:22.135+0000] {logging_mixin.py:190} INFO - [2024-09-15T19:08:22.135+0000] {override.py:1900} INFO - Created Permission View: can create on DAG Run:consume_1_or_2_with_dataset_expressions
[2024-09-15T19:08:22.140+0000] {logging_mixin.py:190} INFO - [2024-09-15T19:08:22.140+0000] {override.py:1900} INFO - Created Permission View: can delete on DAG Run:consume_1_or_2_with_dataset_expressions
[2024-09-15T19:08:22.157+0000] {logging_mixin.py:190} INFO - [2024-09-15T19:08:22.157+0000] {override.py:1900} INFO - Created Permission View: menu access on DAG Run:consume_1_or_2_with_dataset_expressions
[2024-09-15T19:08:22.171+0000] {logging_mixin.py:190} INFO - [2024-09-15T19:08:22.170+0000] {override.py:1900} INFO - Created Permission View: can read on DAG Run:consume_1_or_2_with_dataset_expressions
[2024-09-15T19:08:22.197+0000] {logging_mixin.py:190} INFO - [2024-09-15T19:08:22.197+0000] {override.py:1900} INFO - Created Permission View: can edit on DAG:dataset_consumes_1_and_2
[2024-09-15T19:08:22.204+0000] {logging_mixin.py:190} INFO - [2024-09-15T19:08:22.204+0000] {override.py:1900} INFO - Created Permission View: can delete on DAG:dataset_consumes_1_and_2
[2024-09-15T19:08:22.211+0000] {logging_mixin.py:190} INFO - [2024-09-15T19:08:22.210+0000] {override.py:1900} INFO - Created Permission View: can read on DAG:dataset_consumes_1_and_2
[2024-09-15T19:08:22.215+0000] {logging_mixin.py:190} INFO - [2024-09-15T19:08:22.215+0000] {override.py:1900} INFO - Created Permission View: can create on DAG Run:dataset_consumes_1_and_2
[2024-09-15T19:08:22.219+0000] {logging_mixin.py:190} INFO - [2024-09-15T19:08:22.219+0000] {override.py:1900} INFO - Created Permission View: can delete on DAG Run:dataset_consumes_1_and_2
[2024-09-15T19:08:22.224+0000] {logging_mixin.py:190} INFO - [2024-09-15T19:08:22.224+0000] {override.py:1900} INFO - Created Permission View: menu access on DAG Run:dataset_consumes_1_and_2
[2024-09-15T19:08:22.228+0000] {logging_mixin.py:190} INFO - [2024-09-15T19:08:22.228+0000] {override.py:1900} INFO - Created Permission View: can read on DAG Run:dataset_consumes_1_and_2
[2024-09-15T19:08:22.235+0000] {logging_mixin.py:190} INFO - [2024-09-15T19:08:22.235+0000] {override.py:1900} INFO - Created Permission View: can edit on DAG:dataset_produces_1
[2024-09-15T19:08:22.240+0000] {logging_mixin.py:190} INFO - [2024-09-15T19:08:22.240+0000] {override.py:1900} INFO - Created Permission View: can delete on DAG:dataset_produces_1
[2024-09-15T19:08:22.245+0000] {logging_mixin.py:190} INFO - [2024-09-15T19:08:22.245+0000] {override.py:1900} INFO - Created Permission View: can read on DAG:dataset_produces_1
[2024-09-15T19:08:22.250+0000] {logging_mixin.py:190} INFO - [2024-09-15T19:08:22.250+0000] {override.py:1900} INFO - Created Permission View: can create on DAG Run:dataset_produces_1
[2024-09-15T19:08:22.254+0000] {logging_mixin.py:190} INFO - [2024-09-15T19:08:22.254+0000] {override.py:1900} INFO - Created Permission View: can delete on DAG Run:dataset_produces_1
[2024-09-15T19:08:22.264+0000] {logging_mixin.py:190} INFO - [2024-09-15T19:08:22.263+0000] {override.py:1900} INFO - Created Permission View: menu access on DAG Run:dataset_produces_1
[2024-09-15T19:08:22.271+0000] {logging_mixin.py:190} INFO - [2024-09-15T19:08:22.271+0000] {override.py:1900} INFO - Created Permission View: can read on DAG Run:dataset_produces_1
[2024-09-15T19:08:22.280+0000] {logging_mixin.py:190} INFO - [2024-09-15T19:08:22.279+0000] {override.py:1900} INFO - Created Permission View: can edit on DAG:consume_1_and_2_with_dataset_expressions
[2024-09-15T19:08:22.284+0000] {logging_mixin.py:190} INFO - [2024-09-15T19:08:22.284+0000] {override.py:1900} INFO - Created Permission View: can delete on DAG:consume_1_and_2_with_dataset_expressions
[2024-09-15T19:08:22.288+0000] {logging_mixin.py:190} INFO - [2024-09-15T19:08:22.288+0000] {override.py:1900} INFO - Created Permission View: can read on DAG:consume_1_and_2_with_dataset_expressions
[2024-09-15T19:08:22.292+0000] {logging_mixin.py:190} INFO - [2024-09-15T19:08:22.292+0000] {override.py:1900} INFO - Created Permission View: can create on DAG Run:consume_1_and_2_with_dataset_expressions
[2024-09-15T19:08:22.296+0000] {logging_mixin.py:190} INFO - [2024-09-15T19:08:22.296+0000] {override.py:1900} INFO - Created Permission View: can delete on DAG Run:consume_1_and_2_with_dataset_expressions
[2024-09-15T19:08:22.300+0000] {logging_mixin.py:190} INFO - [2024-09-15T19:08:22.300+0000] {override.py:1900} INFO - Created Permission View: menu access on DAG Run:consume_1_and_2_with_dataset_expressions
[2024-09-15T19:08:22.304+0000] {logging_mixin.py:190} INFO - [2024-09-15T19:08:22.304+0000] {override.py:1900} INFO - Created Permission View: can read on DAG Run:consume_1_and_2_with_dataset_expressions
[2024-09-15T19:08:22.311+0000] {logging_mixin.py:190} INFO - [2024-09-15T19:08:22.310+0000] {override.py:1900} INFO - Created Permission View: can edit on DAG:dataset_consumes_unknown_never_scheduled
[2024-09-15T19:08:22.315+0000] {logging_mixin.py:190} INFO - [2024-09-15T19:08:22.314+0000] {override.py:1900} INFO - Created Permission View: can delete on DAG:dataset_consumes_unknown_never_scheduled
[2024-09-15T19:08:22.319+0000] {logging_mixin.py:190} INFO - [2024-09-15T19:08:22.319+0000] {override.py:1900} INFO - Created Permission View: can read on DAG:dataset_consumes_unknown_never_scheduled
[2024-09-15T19:08:22.323+0000] {logging_mixin.py:190} INFO - [2024-09-15T19:08:22.323+0000] {override.py:1900} INFO - Created Permission View: can create on DAG Run:dataset_consumes_unknown_never_scheduled
[2024-09-15T19:08:22.326+0000] {logging_mixin.py:190} INFO - [2024-09-15T19:08:22.326+0000] {override.py:1900} INFO - Created Permission View: can delete on DAG Run:dataset_consumes_unknown_never_scheduled
[2024-09-15T19:08:22.330+0000] {logging_mixin.py:190} INFO - [2024-09-15T19:08:22.330+0000] {override.py:1900} INFO - Created Permission View: menu access on DAG Run:dataset_consumes_unknown_never_scheduled
[2024-09-15T19:08:22.334+0000] {logging_mixin.py:190} INFO - [2024-09-15T19:08:22.334+0000] {override.py:1900} INFO - Created Permission View: can read on DAG Run:dataset_consumes_unknown_never_scheduled
[2024-09-15T19:08:22.340+0000] {logging_mixin.py:190} INFO - [2024-09-15T19:08:22.340+0000] {override.py:1900} INFO - Created Permission View: can edit on DAG:dataset_produces_2
[2024-09-15T19:08:22.345+0000] {logging_mixin.py:190} INFO - [2024-09-15T19:08:22.345+0000] {override.py:1900} INFO - Created Permission View: can delete on DAG:dataset_produces_2
[2024-09-15T19:08:22.348+0000] {logging_mixin.py:190} INFO - [2024-09-15T19:08:22.348+0000] {override.py:1900} INFO - Created Permission View: can read on DAG:dataset_produces_2
[2024-09-15T19:08:22.358+0000] {logging_mixin.py:190} INFO - [2024-09-15T19:08:22.357+0000] {override.py:1900} INFO - Created Permission View: can create on DAG Run:dataset_produces_2
[2024-09-15T19:08:22.377+0000] {logging_mixin.py:190} INFO - [2024-09-15T19:08:22.376+0000] {override.py:1900} INFO - Created Permission View: can delete on DAG Run:dataset_produces_2
[2024-09-15T19:08:22.405+0000] {logging_mixin.py:190} INFO - [2024-09-15T19:08:22.404+0000] {override.py:1900} INFO - Created Permission View: menu access on DAG Run:dataset_produces_2
[2024-09-15T19:08:22.411+0000] {logging_mixin.py:190} INFO - [2024-09-15T19:08:22.411+0000] {override.py:1900} INFO - Created Permission View: can read on DAG Run:dataset_produces_2
[2024-09-15T19:08:22.413+0000] {logging_mixin.py:190} INFO - [2024-09-15T19:08:22.412+0000] {dag.py:3229} INFO - Sync 10 DAGs
[2024-09-15T19:08:22.423+0000] {logging_mixin.py:190} INFO - [2024-09-15T19:08:22.423+0000] {dag.py:3252} INFO - Creating ORM DAG for dataset_consumes_1_and_2
[2024-09-15T19:08:22.424+0000] {logging_mixin.py:190} INFO - [2024-09-15T19:08:22.424+0000] {dag.py:3252} INFO - Creating ORM DAG for consume_1_and_2_with_dataset_expressions
[2024-09-15T19:08:22.426+0000] {logging_mixin.py:190} INFO - [2024-09-15T19:08:22.426+0000] {dag.py:3252} INFO - Creating ORM DAG for conditional_dataset_and_time_based_timetable
[2024-09-15T19:08:22.427+0000] {logging_mixin.py:190} INFO - [2024-09-15T19:08:22.426+0000] {dag.py:3252} INFO - Creating ORM DAG for consume_1_or_2_with_dataset_expressions
[2024-09-15T19:08:22.427+0000] {logging_mixin.py:190} INFO - [2024-09-15T19:08:22.427+0000] {dag.py:3252} INFO - Creating ORM DAG for consume_1_or_both_2_and_3_with_dataset_expressions
[2024-09-15T19:08:22.429+0000] {logging_mixin.py:190} INFO - [2024-09-15T19:08:22.428+0000] {dag.py:3252} INFO - Creating ORM DAG for dataset_consumes_1
[2024-09-15T19:08:22.430+0000] {logging_mixin.py:190} INFO - [2024-09-15T19:08:22.430+0000] {dag.py:3252} INFO - Creating ORM DAG for dataset_consumes_1_never_scheduled
[2024-09-15T19:08:22.431+0000] {logging_mixin.py:190} INFO - [2024-09-15T19:08:22.431+0000] {dag.py:3252} INFO - Creating ORM DAG for dataset_produces_1
[2024-09-15T19:08:22.432+0000] {logging_mixin.py:190} INFO - [2024-09-15T19:08:22.432+0000] {dag.py:3252} INFO - Creating ORM DAG for dataset_produces_2
[2024-09-15T19:08:22.434+0000] {logging_mixin.py:190} INFO - [2024-09-15T19:08:22.434+0000] {dag.py:3252} INFO - Creating ORM DAG for dataset_consumes_unknown_never_scheduled
[2024-09-15T19:08:22.441+0000] {logging_mixin.py:190} INFO - [2024-09-15T19:08:22.441+0000] {dag.py:4156} INFO - Setting next_dagrun for conditional_dataset_and_time_based_timetable to 2024-09-11 01:00:00+00:00, run_after=2024-09-11 01:00:00+00:00
[2024-09-15T19:08:22.442+0000] {logging_mixin.py:190} INFO - [2024-09-15T19:08:22.442+0000] {dag.py:4156} INFO - Setting next_dagrun for consume_1_and_2_with_dataset_expressions to None, run_after=None
[2024-09-15T19:08:22.442+0000] {logging_mixin.py:190} INFO - [2024-09-15T19:08:22.442+0000] {dag.py:4156} INFO - Setting next_dagrun for consume_1_or_2_with_dataset_expressions to None, run_after=None
[2024-09-15T19:08:22.443+0000] {logging_mixin.py:190} INFO - [2024-09-15T19:08:22.443+0000] {dag.py:4156} INFO - Setting next_dagrun for consume_1_or_both_2_and_3_with_dataset_expressions to None, run_after=None
[2024-09-15T19:08:22.444+0000] {logging_mixin.py:190} INFO - [2024-09-15T19:08:22.444+0000] {dag.py:4156} INFO - Setting next_dagrun for dataset_consumes_1 to None, run_after=None
[2024-09-15T19:08:22.446+0000] {logging_mixin.py:190} INFO - [2024-09-15T19:08:22.446+0000] {dag.py:4156} INFO - Setting next_dagrun for dataset_consumes_1_and_2 to None, run_after=None
[2024-09-15T19:08:22.448+0000] {logging_mixin.py:190} INFO - [2024-09-15T19:08:22.448+0000] {dag.py:4156} INFO - Setting next_dagrun for dataset_consumes_1_never_scheduled to None, run_after=None
[2024-09-15T19:08:22.452+0000] {logging_mixin.py:190} INFO - [2024-09-15T19:08:22.451+0000] {dag.py:4156} INFO - Setting next_dagrun for dataset_consumes_unknown_never_scheduled to None, run_after=None
[2024-09-15T19:08:22.457+0000] {logging_mixin.py:190} INFO - [2024-09-15T19:08:22.456+0000] {dag.py:4156} INFO - Setting next_dagrun for dataset_produces_1 to 2024-09-14 00:00:00+00:00, run_after=2024-09-15 00:00:00+00:00
[2024-09-15T19:08:22.459+0000] {logging_mixin.py:190} INFO - [2024-09-15T19:08:22.459+0000] {dag.py:4156} INFO - Setting next_dagrun for dataset_produces_2 to None, run_after=None
[2024-09-15T19:08:22.491+0000] {processor.py:208} INFO - Processing /home/airflow/.local/lib/python3.12/site-packages/airflow/example_dags/example_datasets.py took 0.991 seconds
[2024-09-15T19:08:53.112+0000] {processor.py:186} INFO - Started process (PID=99) to work on /home/airflow/.local/lib/python3.12/site-packages/airflow/example_dags/example_datasets.py
[2024-09-15T19:08:53.114+0000] {processor.py:914} INFO - Processing file /home/airflow/.local/lib/python3.12/site-packages/airflow/example_dags/example_datasets.py for tasks to queue
[2024-09-15T19:08:53.117+0000] {logging_mixin.py:190} INFO - [2024-09-15T19:08:53.117+0000] {dagbag.py:587} INFO - Filling up the DagBag from /home/airflow/.local/lib/python3.12/site-packages/airflow/example_dags/example_datasets.py
[2024-09-15T19:08:53.244+0000] {processor.py:925} INFO - DAG(s) 'dataset_consumes_1', 'dataset_consumes_unknown_never_scheduled', 'consume_1_or_both_2_and_3_with_dataset_expressions', 'consume_1_and_2_with_dataset_expressions', 'conditional_dataset_and_time_based_timetable', 'consume_1_or_2_with_dataset_expressions', 'dataset_consumes_1_never_scheduled', 'dataset_produces_2', 'dataset_consumes_1_and_2', 'dataset_produces_1' retrieved from /home/airflow/.local/lib/python3.12/site-packages/airflow/example_dags/example_datasets.py
[2024-09-15T19:08:53.270+0000] {logging_mixin.py:190} INFO - [2024-09-15T19:08:53.270+0000] {dag.py:3229} INFO - Sync 10 DAGs
[2024-09-15T19:08:53.285+0000] {logging_mixin.py:190} INFO - [2024-09-15T19:08:53.285+0000] {dag.py:4156} INFO - Setting next_dagrun for conditional_dataset_and_time_based_timetable to 2024-09-11 01:00:00+00:00, run_after=2024-09-11 01:00:00+00:00
[2024-09-15T19:08:53.288+0000] {logging_mixin.py:190} INFO - [2024-09-15T19:08:53.288+0000] {dag.py:4156} INFO - Setting next_dagrun for consume_1_and_2_with_dataset_expressions to None, run_after=None
[2024-09-15T19:08:53.290+0000] {logging_mixin.py:190} INFO - [2024-09-15T19:08:53.290+0000] {dag.py:4156} INFO - Setting next_dagrun for consume_1_or_2_with_dataset_expressions to None, run_after=None
[2024-09-15T19:08:53.291+0000] {logging_mixin.py:190} INFO - [2024-09-15T19:08:53.291+0000] {dag.py:4156} INFO - Setting next_dagrun for consume_1_or_both_2_and_3_with_dataset_expressions to None, run_after=None
[2024-09-15T19:08:53.293+0000] {logging_mixin.py:190} INFO - [2024-09-15T19:08:53.292+0000] {dag.py:4156} INFO - Setting next_dagrun for dataset_consumes_1 to None, run_after=None
[2024-09-15T19:08:53.294+0000] {logging_mixin.py:190} INFO - [2024-09-15T19:08:53.294+0000] {dag.py:4156} INFO - Setting next_dagrun for dataset_consumes_1_and_2 to None, run_after=None
[2024-09-15T19:08:53.295+0000] {logging_mixin.py:190} INFO - [2024-09-15T19:08:53.295+0000] {dag.py:4156} INFO - Setting next_dagrun for dataset_consumes_1_never_scheduled to None, run_after=None
[2024-09-15T19:08:53.299+0000] {logging_mixin.py:190} INFO - [2024-09-15T19:08:53.299+0000] {dag.py:4156} INFO - Setting next_dagrun for dataset_consumes_unknown_never_scheduled to None, run_after=None
[2024-09-15T19:08:53.309+0000] {logging_mixin.py:190} INFO - [2024-09-15T19:08:53.309+0000] {dag.py:4156} INFO - Setting next_dagrun for dataset_produces_1 to 2024-09-14 00:00:00+00:00, run_after=2024-09-15 00:00:00+00:00
[2024-09-15T19:08:53.311+0000] {logging_mixin.py:190} INFO - [2024-09-15T19:08:53.311+0000] {dag.py:4156} INFO - Setting next_dagrun for dataset_produces_2 to None, run_after=None
[2024-09-15T19:08:53.333+0000] {processor.py:208} INFO - Processing /home/airflow/.local/lib/python3.12/site-packages/airflow/example_dags/example_datasets.py took 0.227 seconds
[2024-09-15T19:09:52.260+0000] {processor.py:186} INFO - Started process (PID=34) to work on /home/airflow/.local/lib/python3.12/site-packages/airflow/example_dags/example_datasets.py
[2024-09-15T19:09:52.263+0000] {processor.py:914} INFO - Processing file /home/airflow/.local/lib/python3.12/site-packages/airflow/example_dags/example_datasets.py for tasks to queue
[2024-09-15T19:09:52.268+0000] {logging_mixin.py:190} INFO - [2024-09-15T19:09:52.268+0000] {dagbag.py:587} INFO - Filling up the DagBag from /home/airflow/.local/lib/python3.12/site-packages/airflow/example_dags/example_datasets.py
[2024-09-15T19:09:52.564+0000] {processor.py:925} INFO - DAG(s) 'conditional_dataset_and_time_based_timetable', 'dataset_consumes_1', 'dataset_consumes_1_never_scheduled', 'dataset_consumes_unknown_never_scheduled', 'dataset_consumes_1_and_2', 'consume_1_or_both_2_and_3_with_dataset_expressions', 'consume_1_and_2_with_dataset_expressions', 'dataset_produces_2', 'dataset_produces_1', 'consume_1_or_2_with_dataset_expressions' retrieved from /home/airflow/.local/lib/python3.12/site-packages/airflow/example_dags/example_datasets.py
[2024-09-15T19:09:52.620+0000] {logging_mixin.py:190} INFO - [2024-09-15T19:09:52.620+0000] {dag.py:3229} INFO - Sync 10 DAGs
[2024-09-15T19:09:52.660+0000] {logging_mixin.py:190} INFO - [2024-09-15T19:09:52.659+0000] {dag.py:4156} INFO - Setting next_dagrun for conditional_dataset_and_time_based_timetable to 2024-09-11 01:00:00+00:00, run_after=2024-09-11 01:00:00+00:00
[2024-09-15T19:09:52.665+0000] {logging_mixin.py:190} INFO - [2024-09-15T19:09:52.665+0000] {dag.py:4156} INFO - Setting next_dagrun for consume_1_and_2_with_dataset_expressions to None, run_after=None
[2024-09-15T19:09:52.668+0000] {logging_mixin.py:190} INFO - [2024-09-15T19:09:52.668+0000] {dag.py:4156} INFO - Setting next_dagrun for consume_1_or_2_with_dataset_expressions to None, run_after=None
[2024-09-15T19:09:52.673+0000] {logging_mixin.py:190} INFO - [2024-09-15T19:09:52.671+0000] {dag.py:4156} INFO - Setting next_dagrun for consume_1_or_both_2_and_3_with_dataset_expressions to None, run_after=None
[2024-09-15T19:09:52.677+0000] {logging_mixin.py:190} INFO - [2024-09-15T19:09:52.677+0000] {dag.py:4156} INFO - Setting next_dagrun for dataset_consumes_1 to None, run_after=None
[2024-09-15T19:09:52.683+0000] {logging_mixin.py:190} INFO - [2024-09-15T19:09:52.683+0000] {dag.py:4156} INFO - Setting next_dagrun for dataset_consumes_1_and_2 to None, run_after=None
[2024-09-15T19:09:52.686+0000] {logging_mixin.py:190} INFO - [2024-09-15T19:09:52.686+0000] {dag.py:4156} INFO - Setting next_dagrun for dataset_consumes_1_never_scheduled to None, run_after=None
[2024-09-15T19:09:52.691+0000] {logging_mixin.py:190} INFO - [2024-09-15T19:09:52.691+0000] {dag.py:4156} INFO - Setting next_dagrun for dataset_consumes_unknown_never_scheduled to None, run_after=None
[2024-09-15T19:09:52.699+0000] {logging_mixin.py:190} INFO - [2024-09-15T19:09:52.699+0000] {dag.py:4156} INFO - Setting next_dagrun for dataset_produces_1 to 2024-09-14 00:00:00+00:00, run_after=2024-09-15 00:00:00+00:00
[2024-09-15T19:09:52.704+0000] {logging_mixin.py:190} INFO - [2024-09-15T19:09:52.703+0000] {dag.py:4156} INFO - Setting next_dagrun for dataset_produces_2 to None, run_after=None
[2024-09-15T19:09:52.768+0000] {processor.py:208} INFO - Processing /home/airflow/.local/lib/python3.12/site-packages/airflow/example_dags/example_datasets.py took 0.530 seconds
[2024-09-15T19:10:23.105+0000] {processor.py:186} INFO - Started process (PID=97) to work on /home/airflow/.local/lib/python3.12/site-packages/airflow/example_dags/example_datasets.py
[2024-09-15T19:10:23.110+0000] {processor.py:914} INFO - Processing file /home/airflow/.local/lib/python3.12/site-packages/airflow/example_dags/example_datasets.py for tasks to queue
[2024-09-15T19:10:23.113+0000] {logging_mixin.py:190} INFO - [2024-09-15T19:10:23.113+0000] {dagbag.py:587} INFO - Filling up the DagBag from /home/airflow/.local/lib/python3.12/site-packages/airflow/example_dags/example_datasets.py
[2024-09-15T19:10:23.224+0000] {processor.py:925} INFO - DAG(s) 'dataset_consumes_1_and_2', 'dataset_produces_1', 'dataset_consumes_1', 'conditional_dataset_and_time_based_timetable', 'consume_1_or_2_with_dataset_expressions', 'dataset_produces_2', 'dataset_consumes_1_never_scheduled', 'dataset_consumes_unknown_never_scheduled', 'consume_1_and_2_with_dataset_expressions', 'consume_1_or_both_2_and_3_with_dataset_expressions' retrieved from /home/airflow/.local/lib/python3.12/site-packages/airflow/example_dags/example_datasets.py
[2024-09-15T19:10:23.252+0000] {logging_mixin.py:190} INFO - [2024-09-15T19:10:23.252+0000] {dag.py:3229} INFO - Sync 10 DAGs
[2024-09-15T19:10:23.266+0000] {logging_mixin.py:190} INFO - [2024-09-15T19:10:23.266+0000] {dag.py:4156} INFO - Setting next_dagrun for conditional_dataset_and_time_based_timetable to 2024-09-11 01:00:00+00:00, run_after=2024-09-11 01:00:00+00:00
[2024-09-15T19:10:23.269+0000] {logging_mixin.py:190} INFO - [2024-09-15T19:10:23.269+0000] {dag.py:4156} INFO - Setting next_dagrun for consume_1_and_2_with_dataset_expressions to None, run_after=None
[2024-09-15T19:10:23.270+0000] {logging_mixin.py:190} INFO - [2024-09-15T19:10:23.270+0000] {dag.py:4156} INFO - Setting next_dagrun for consume_1_or_2_with_dataset_expressions to None, run_after=None
[2024-09-15T19:10:23.272+0000] {logging_mixin.py:190} INFO - [2024-09-15T19:10:23.271+0000] {dag.py:4156} INFO - Setting next_dagrun for consume_1_or_both_2_and_3_with_dataset_expressions to None, run_after=None
[2024-09-15T19:10:23.273+0000] {logging_mixin.py:190} INFO - [2024-09-15T19:10:23.273+0000] {dag.py:4156} INFO - Setting next_dagrun for dataset_consumes_1 to None, run_after=None
[2024-09-15T19:10:23.274+0000] {logging_mixin.py:190} INFO - [2024-09-15T19:10:23.274+0000] {dag.py:4156} INFO - Setting next_dagrun for dataset_consumes_1_and_2 to None, run_after=None
[2024-09-15T19:10:23.275+0000] {logging_mixin.py:190} INFO - [2024-09-15T19:10:23.275+0000] {dag.py:4156} INFO - Setting next_dagrun for dataset_consumes_1_never_scheduled to None, run_after=None
[2024-09-15T19:10:23.276+0000] {logging_mixin.py:190} INFO - [2024-09-15T19:10:23.276+0000] {dag.py:4156} INFO - Setting next_dagrun for dataset_consumes_unknown_never_scheduled to None, run_after=None
[2024-09-15T19:10:23.279+0000] {logging_mixin.py:190} INFO - [2024-09-15T19:10:23.279+0000] {dag.py:4156} INFO - Setting next_dagrun for dataset_produces_1 to 2024-09-14 00:00:00+00:00, run_after=2024-09-15 00:00:00+00:00
[2024-09-15T19:10:23.280+0000] {logging_mixin.py:190} INFO - [2024-09-15T19:10:23.280+0000] {dag.py:4156} INFO - Setting next_dagrun for dataset_produces_2 to None, run_after=None
[2024-09-15T19:10:23.295+0000] {processor.py:208} INFO - Processing /home/airflow/.local/lib/python3.12/site-packages/airflow/example_dags/example_datasets.py took 0.193 seconds
[2024-09-15T19:10:53.693+0000] {processor.py:186} INFO - Started process (PID=160) to work on /home/airflow/.local/lib/python3.12/site-packages/airflow/example_dags/example_datasets.py
[2024-09-15T19:10:53.697+0000] {processor.py:914} INFO - Processing file /home/airflow/.local/lib/python3.12/site-packages/airflow/example_dags/example_datasets.py for tasks to queue
[2024-09-15T19:10:53.700+0000] {logging_mixin.py:190} INFO - [2024-09-15T19:10:53.700+0000] {dagbag.py:587} INFO - Filling up the DagBag from /home/airflow/.local/lib/python3.12/site-packages/airflow/example_dags/example_datasets.py
[2024-09-15T19:10:53.840+0000] {processor.py:925} INFO - DAG(s) 'conditional_dataset_and_time_based_timetable', 'dataset_consumes_1_and_2', 'dataset_consumes_unknown_never_scheduled', 'dataset_consumes_1', 'dataset_produces_1', 'consume_1_and_2_with_dataset_expressions', 'consume_1_or_both_2_and_3_with_dataset_expressions', 'consume_1_or_2_with_dataset_expressions', 'dataset_produces_2', 'dataset_consumes_1_never_scheduled' retrieved from /home/airflow/.local/lib/python3.12/site-packages/airflow/example_dags/example_datasets.py
[2024-09-15T19:10:53.864+0000] {logging_mixin.py:190} INFO - [2024-09-15T19:10:53.864+0000] {dag.py:3229} INFO - Sync 10 DAGs
[2024-09-15T19:10:53.881+0000] {logging_mixin.py:190} INFO - [2024-09-15T19:10:53.881+0000] {dag.py:4156} INFO - Setting next_dagrun for conditional_dataset_and_time_based_timetable to 2024-09-11 01:00:00+00:00, run_after=2024-09-11 01:00:00+00:00
[2024-09-15T19:10:53.885+0000] {logging_mixin.py:190} INFO - [2024-09-15T19:10:53.885+0000] {dag.py:4156} INFO - Setting next_dagrun for consume_1_and_2_with_dataset_expressions to None, run_after=None
[2024-09-15T19:10:53.890+0000] {logging_mixin.py:190} INFO - [2024-09-15T19:10:53.890+0000] {dag.py:4156} INFO - Setting next_dagrun for consume_1_or_2_with_dataset_expressions to None, run_after=None
[2024-09-15T19:10:53.893+0000] {logging_mixin.py:190} INFO - [2024-09-15T19:10:53.892+0000] {dag.py:4156} INFO - Setting next_dagrun for consume_1_or_both_2_and_3_with_dataset_expressions to None, run_after=None
[2024-09-15T19:10:53.894+0000] {logging_mixin.py:190} INFO - [2024-09-15T19:10:53.894+0000] {dag.py:4156} INFO - Setting next_dagrun for dataset_consumes_1 to None, run_after=None
[2024-09-15T19:10:53.896+0000] {logging_mixin.py:190} INFO - [2024-09-15T19:10:53.896+0000] {dag.py:4156} INFO - Setting next_dagrun for dataset_consumes_1_and_2 to None, run_after=None
[2024-09-15T19:10:53.898+0000] {logging_mixin.py:190} INFO - [2024-09-15T19:10:53.897+0000] {dag.py:4156} INFO - Setting next_dagrun for dataset_consumes_1_never_scheduled to None, run_after=None
[2024-09-15T19:10:53.899+0000] {logging_mixin.py:190} INFO - [2024-09-15T19:10:53.899+0000] {dag.py:4156} INFO - Setting next_dagrun for dataset_consumes_unknown_never_scheduled to None, run_after=None
[2024-09-15T19:10:53.900+0000] {logging_mixin.py:190} INFO - [2024-09-15T19:10:53.900+0000] {dag.py:4156} INFO - Setting next_dagrun for dataset_produces_1 to 2024-09-14 00:00:00+00:00, run_after=2024-09-15 00:00:00+00:00
[2024-09-15T19:10:53.902+0000] {logging_mixin.py:190} INFO - [2024-09-15T19:10:53.902+0000] {dag.py:4156} INFO - Setting next_dagrun for dataset_produces_2 to None, run_after=None
[2024-09-15T19:10:53.919+0000] {processor.py:208} INFO - Processing /home/airflow/.local/lib/python3.12/site-packages/airflow/example_dags/example_datasets.py took 0.230 seconds
[2024-09-15T19:11:24.423+0000] {processor.py:186} INFO - Started process (PID=220) to work on /home/airflow/.local/lib/python3.12/site-packages/airflow/example_dags/example_datasets.py
[2024-09-15T19:11:24.425+0000] {processor.py:914} INFO - Processing file /home/airflow/.local/lib/python3.12/site-packages/airflow/example_dags/example_datasets.py for tasks to queue
[2024-09-15T19:11:24.427+0000] {logging_mixin.py:190} INFO - [2024-09-15T19:11:24.427+0000] {dagbag.py:587} INFO - Filling up the DagBag from /home/airflow/.local/lib/python3.12/site-packages/airflow/example_dags/example_datasets.py
[2024-09-15T19:11:24.526+0000] {processor.py:925} INFO - DAG(s) 'dataset_produces_2', 'consume_1_or_2_with_dataset_expressions', 'consume_1_or_both_2_and_3_with_dataset_expressions', 'dataset_consumes_1_never_scheduled', 'dataset_consumes_1_and_2', 'dataset_consumes_unknown_never_scheduled', 'dataset_consumes_1', 'dataset_produces_1', 'conditional_dataset_and_time_based_timetable', 'consume_1_and_2_with_dataset_expressions' retrieved from /home/airflow/.local/lib/python3.12/site-packages/airflow/example_dags/example_datasets.py
[2024-09-15T19:11:24.556+0000] {logging_mixin.py:190} INFO - [2024-09-15T19:11:24.555+0000] {dag.py:3229} INFO - Sync 10 DAGs
[2024-09-15T19:11:24.570+0000] {logging_mixin.py:190} INFO - [2024-09-15T19:11:24.569+0000] {dag.py:4156} INFO - Setting next_dagrun for conditional_dataset_and_time_based_timetable to 2024-09-11 01:00:00+00:00, run_after=2024-09-11 01:00:00+00:00
[2024-09-15T19:11:24.572+0000] {logging_mixin.py:190} INFO - [2024-09-15T19:11:24.572+0000] {dag.py:4156} INFO - Setting next_dagrun for consume_1_and_2_with_dataset_expressions to None, run_after=None
[2024-09-15T19:11:24.574+0000] {logging_mixin.py:190} INFO - [2024-09-15T19:11:24.573+0000] {dag.py:4156} INFO - Setting next_dagrun for consume_1_or_2_with_dataset_expressions to None, run_after=None
[2024-09-15T19:11:24.575+0000] {logging_mixin.py:190} INFO - [2024-09-15T19:11:24.575+0000] {dag.py:4156} INFO - Setting next_dagrun for consume_1_or_both_2_and_3_with_dataset_expressions to None, run_after=None
[2024-09-15T19:11:24.576+0000] {logging_mixin.py:190} INFO - [2024-09-15T19:11:24.576+0000] {dag.py:4156} INFO - Setting next_dagrun for dataset_consumes_1 to None, run_after=None
[2024-09-15T19:11:24.577+0000] {logging_mixin.py:190} INFO - [2024-09-15T19:11:24.577+0000] {dag.py:4156} INFO - Setting next_dagrun for dataset_consumes_1_and_2 to None, run_after=None
[2024-09-15T19:11:24.579+0000] {logging_mixin.py:190} INFO - [2024-09-15T19:11:24.578+0000] {dag.py:4156} INFO - Setting next_dagrun for dataset_consumes_1_never_scheduled to None, run_after=None
[2024-09-15T19:11:24.580+0000] {logging_mixin.py:190} INFO - [2024-09-15T19:11:24.579+0000] {dag.py:4156} INFO - Setting next_dagrun for dataset_consumes_unknown_never_scheduled to None, run_after=None
[2024-09-15T19:11:24.581+0000] {logging_mixin.py:190} INFO - [2024-09-15T19:11:24.581+0000] {dag.py:4156} INFO - Setting next_dagrun for dataset_produces_1 to 2024-09-14 00:00:00+00:00, run_after=2024-09-15 00:00:00+00:00
[2024-09-15T19:11:24.583+0000] {logging_mixin.py:190} INFO - [2024-09-15T19:11:24.583+0000] {dag.py:4156} INFO - Setting next_dagrun for dataset_produces_2 to None, run_after=None
[2024-09-15T19:11:24.603+0000] {processor.py:208} INFO - Processing /home/airflow/.local/lib/python3.12/site-packages/airflow/example_dags/example_datasets.py took 0.183 seconds
[2024-09-15T19:11:55.173+0000] {processor.py:186} INFO - Started process (PID=282) to work on /home/airflow/.local/lib/python3.12/site-packages/airflow/example_dags/example_datasets.py
[2024-09-15T19:11:55.176+0000] {processor.py:914} INFO - Processing file /home/airflow/.local/lib/python3.12/site-packages/airflow/example_dags/example_datasets.py for tasks to queue
[2024-09-15T19:11:55.178+0000] {logging_mixin.py:190} INFO - [2024-09-15T19:11:55.178+0000] {dagbag.py:587} INFO - Filling up the DagBag from /home/airflow/.local/lib/python3.12/site-packages/airflow/example_dags/example_datasets.py
[2024-09-15T19:11:55.295+0000] {processor.py:925} INFO - DAG(s) 'conditional_dataset_and_time_based_timetable', 'dataset_consumes_unknown_never_scheduled', 'dataset_produces_1', 'consume_1_or_2_with_dataset_expressions', 'dataset_consumes_1_and_2', 'consume_1_and_2_with_dataset_expressions', 'consume_1_or_both_2_and_3_with_dataset_expressions', 'dataset_consumes_1', 'dataset_produces_2', 'dataset_consumes_1_never_scheduled' retrieved from /home/airflow/.local/lib/python3.12/site-packages/airflow/example_dags/example_datasets.py
[2024-09-15T19:11:55.321+0000] {logging_mixin.py:190} INFO - [2024-09-15T19:11:55.321+0000] {dag.py:3229} INFO - Sync 10 DAGs
[2024-09-15T19:11:55.339+0000] {logging_mixin.py:190} INFO - [2024-09-15T19:11:55.339+0000] {dag.py:4156} INFO - Setting next_dagrun for conditional_dataset_and_time_based_timetable to 2024-09-11 01:00:00+00:00, run_after=2024-09-11 01:00:00+00:00
[2024-09-15T19:11:55.342+0000] {logging_mixin.py:190} INFO - [2024-09-15T19:11:55.342+0000] {dag.py:4156} INFO - Setting next_dagrun for consume_1_and_2_with_dataset_expressions to None, run_after=None
[2024-09-15T19:11:55.344+0000] {logging_mixin.py:190} INFO - [2024-09-15T19:11:55.343+0000] {dag.py:4156} INFO - Setting next_dagrun for consume_1_or_2_with_dataset_expressions to None, run_after=None
[2024-09-15T19:11:55.345+0000] {logging_mixin.py:190} INFO - [2024-09-15T19:11:55.345+0000] {dag.py:4156} INFO - Setting next_dagrun for consume_1_or_both_2_and_3_with_dataset_expressions to None, run_after=None
[2024-09-15T19:11:55.346+0000] {logging_mixin.py:190} INFO - [2024-09-15T19:11:55.346+0000] {dag.py:4156} INFO - Setting next_dagrun for dataset_consumes_1 to None, run_after=None
[2024-09-15T19:11:55.347+0000] {logging_mixin.py:190} INFO - [2024-09-15T19:11:55.347+0000] {dag.py:4156} INFO - Setting next_dagrun for dataset_consumes_1_and_2 to None, run_after=None
[2024-09-15T19:11:55.348+0000] {logging_mixin.py:190} INFO - [2024-09-15T19:11:55.348+0000] {dag.py:4156} INFO - Setting next_dagrun for dataset_consumes_1_never_scheduled to None, run_after=None
[2024-09-15T19:11:55.349+0000] {logging_mixin.py:190} INFO - [2024-09-15T19:11:55.349+0000] {dag.py:4156} INFO - Setting next_dagrun for dataset_consumes_unknown_never_scheduled to None, run_after=None
[2024-09-15T19:11:55.351+0000] {logging_mixin.py:190} INFO - [2024-09-15T19:11:55.351+0000] {dag.py:4156} INFO - Setting next_dagrun for dataset_produces_1 to 2024-09-14 00:00:00+00:00, run_after=2024-09-15 00:00:00+00:00
[2024-09-15T19:11:55.352+0000] {logging_mixin.py:190} INFO - [2024-09-15T19:11:55.352+0000] {dag.py:4156} INFO - Setting next_dagrun for dataset_produces_2 to None, run_after=None
[2024-09-15T19:11:55.372+0000] {processor.py:208} INFO - Processing /home/airflow/.local/lib/python3.12/site-packages/airflow/example_dags/example_datasets.py took 0.202 seconds
[2024-09-15T19:12:25.590+0000] {processor.py:186} INFO - Started process (PID=344) to work on /home/airflow/.local/lib/python3.12/site-packages/airflow/example_dags/example_datasets.py
[2024-09-15T19:12:25.592+0000] {processor.py:914} INFO - Processing file /home/airflow/.local/lib/python3.12/site-packages/airflow/example_dags/example_datasets.py for tasks to queue
[2024-09-15T19:12:25.593+0000] {logging_mixin.py:190} INFO - [2024-09-15T19:12:25.593+0000] {dagbag.py:587} INFO - Filling up the DagBag from /home/airflow/.local/lib/python3.12/site-packages/airflow/example_dags/example_datasets.py
[2024-09-15T19:12:25.711+0000] {processor.py:925} INFO - DAG(s) 'dataset_produces_2', 'dataset_consumes_1', 'consume_1_and_2_with_dataset_expressions', 'dataset_consumes_unknown_never_scheduled', 'dataset_consumes_1_never_scheduled', 'consume_1_or_2_with_dataset_expressions', 'consume_1_or_both_2_and_3_with_dataset_expressions', 'dataset_consumes_1_and_2', 'conditional_dataset_and_time_based_timetable', 'dataset_produces_1' retrieved from /home/airflow/.local/lib/python3.12/site-packages/airflow/example_dags/example_datasets.py
[2024-09-15T19:12:25.738+0000] {logging_mixin.py:190} INFO - [2024-09-15T19:12:25.738+0000] {dag.py:3229} INFO - Sync 10 DAGs
[2024-09-15T19:12:25.753+0000] {logging_mixin.py:190} INFO - [2024-09-15T19:12:25.753+0000] {dag.py:4156} INFO - Setting next_dagrun for conditional_dataset_and_time_based_timetable to 2024-09-11 01:00:00+00:00, run_after=2024-09-11 01:00:00+00:00
[2024-09-15T19:12:25.757+0000] {logging_mixin.py:190} INFO - [2024-09-15T19:12:25.756+0000] {dag.py:4156} INFO - Setting next_dagrun for consume_1_and_2_with_dataset_expressions to None, run_after=None
[2024-09-15T19:12:25.758+0000] {logging_mixin.py:190} INFO - [2024-09-15T19:12:25.758+0000] {dag.py:4156} INFO - Setting next_dagrun for consume_1_or_2_with_dataset_expressions to None, run_after=None
[2024-09-15T19:12:25.759+0000] {logging_mixin.py:190} INFO - [2024-09-15T19:12:25.759+0000] {dag.py:4156} INFO - Setting next_dagrun for consume_1_or_both_2_and_3_with_dataset_expressions to None, run_after=None
[2024-09-15T19:12:25.760+0000] {logging_mixin.py:190} INFO - [2024-09-15T19:12:25.760+0000] {dag.py:4156} INFO - Setting next_dagrun for dataset_consumes_1 to None, run_after=None
[2024-09-15T19:12:25.761+0000] {logging_mixin.py:190} INFO - [2024-09-15T19:12:25.761+0000] {dag.py:4156} INFO - Setting next_dagrun for dataset_consumes_1_and_2 to None, run_after=None
[2024-09-15T19:12:25.763+0000] {logging_mixin.py:190} INFO - [2024-09-15T19:12:25.762+0000] {dag.py:4156} INFO - Setting next_dagrun for dataset_consumes_1_never_scheduled to None, run_after=None
[2024-09-15T19:12:25.764+0000] {logging_mixin.py:190} INFO - [2024-09-15T19:12:25.763+0000] {dag.py:4156} INFO - Setting next_dagrun for dataset_consumes_unknown_never_scheduled to None, run_after=None
[2024-09-15T19:12:25.766+0000] {logging_mixin.py:190} INFO - [2024-09-15T19:12:25.766+0000] {dag.py:4156} INFO - Setting next_dagrun for dataset_produces_1 to 2024-09-14 00:00:00+00:00, run_after=2024-09-15 00:00:00+00:00
[2024-09-15T19:12:25.767+0000] {logging_mixin.py:190} INFO - [2024-09-15T19:12:25.767+0000] {dag.py:4156} INFO - Setting next_dagrun for dataset_produces_2 to None, run_after=None
[2024-09-15T19:12:25.794+0000] {processor.py:208} INFO - Processing /home/airflow/.local/lib/python3.12/site-packages/airflow/example_dags/example_datasets.py took 0.207 seconds
[2024-09-15T19:12:56.321+0000] {processor.py:186} INFO - Started process (PID=406) to work on /home/airflow/.local/lib/python3.12/site-packages/airflow/example_dags/example_datasets.py
[2024-09-15T19:12:56.322+0000] {processor.py:914} INFO - Processing file /home/airflow/.local/lib/python3.12/site-packages/airflow/example_dags/example_datasets.py for tasks to queue
[2024-09-15T19:12:56.324+0000] {logging_mixin.py:190} INFO - [2024-09-15T19:12:56.324+0000] {dagbag.py:587} INFO - Filling up the DagBag from /home/airflow/.local/lib/python3.12/site-packages/airflow/example_dags/example_datasets.py
[2024-09-15T19:12:56.424+0000] {processor.py:925} INFO - DAG(s) 'dataset_consumes_unknown_never_scheduled', 'dataset_consumes_1_never_scheduled', 'consume_1_or_both_2_and_3_with_dataset_expressions', 'dataset_produces_1', 'dataset_consumes_1_and_2', 'dataset_consumes_1', 'consume_1_and_2_with_dataset_expressions', 'conditional_dataset_and_time_based_timetable', 'dataset_produces_2', 'consume_1_or_2_with_dataset_expressions' retrieved from /home/airflow/.local/lib/python3.12/site-packages/airflow/example_dags/example_datasets.py
[2024-09-15T19:12:56.446+0000] {logging_mixin.py:190} INFO - [2024-09-15T19:12:56.446+0000] {dag.py:3229} INFO - Sync 10 DAGs
[2024-09-15T19:12:56.460+0000] {logging_mixin.py:190} INFO - [2024-09-15T19:12:56.460+0000] {dag.py:4156} INFO - Setting next_dagrun for conditional_dataset_and_time_based_timetable to 2024-09-11 01:00:00+00:00, run_after=2024-09-11 01:00:00+00:00
[2024-09-15T19:12:56.464+0000] {logging_mixin.py:190} INFO - [2024-09-15T19:12:56.464+0000] {dag.py:4156} INFO - Setting next_dagrun for consume_1_and_2_with_dataset_expressions to None, run_after=None
[2024-09-15T19:12:56.466+0000] {logging_mixin.py:190} INFO - [2024-09-15T19:12:56.466+0000] {dag.py:4156} INFO - Setting next_dagrun for consume_1_or_2_with_dataset_expressions to None, run_after=None
[2024-09-15T19:12:56.468+0000] {logging_mixin.py:190} INFO - [2024-09-15T19:12:56.468+0000] {dag.py:4156} INFO - Setting next_dagrun for consume_1_or_both_2_and_3_with_dataset_expressions to None, run_after=None
[2024-09-15T19:12:56.470+0000] {logging_mixin.py:190} INFO - [2024-09-15T19:12:56.470+0000] {dag.py:4156} INFO - Setting next_dagrun for dataset_consumes_1 to None, run_after=None
[2024-09-15T19:12:56.472+0000] {logging_mixin.py:190} INFO - [2024-09-15T19:12:56.472+0000] {dag.py:4156} INFO - Setting next_dagrun for dataset_consumes_1_and_2 to None, run_after=None
[2024-09-15T19:12:56.474+0000] {logging_mixin.py:190} INFO - [2024-09-15T19:12:56.474+0000] {dag.py:4156} INFO - Setting next_dagrun for dataset_consumes_1_never_scheduled to None, run_after=None
[2024-09-15T19:12:56.475+0000] {logging_mixin.py:190} INFO - [2024-09-15T19:12:56.475+0000] {dag.py:4156} INFO - Setting next_dagrun for dataset_consumes_unknown_never_scheduled to None, run_after=None
[2024-09-15T19:12:56.477+0000] {logging_mixin.py:190} INFO - [2024-09-15T19:12:56.477+0000] {dag.py:4156} INFO - Setting next_dagrun for dataset_produces_1 to 2024-09-14 00:00:00+00:00, run_after=2024-09-15 00:00:00+00:00
[2024-09-15T19:12:56.478+0000] {logging_mixin.py:190} INFO - [2024-09-15T19:12:56.478+0000] {dag.py:4156} INFO - Setting next_dagrun for dataset_produces_2 to None, run_after=None
[2024-09-15T19:12:56.497+0000] {processor.py:208} INFO - Processing /home/airflow/.local/lib/python3.12/site-packages/airflow/example_dags/example_datasets.py took 0.180 seconds
