[2024-09-15T19:08:25.530+0000] {processor.py:186} INFO - Started process (PID=72) to work on /home/airflow/.local/lib/python3.12/site-packages/airflow/example_dags/example_setup_teardown.py
[2024-09-15T19:08:25.532+0000] {processor.py:914} INFO - Processing file /home/airflow/.local/lib/python3.12/site-packages/airflow/example_dags/example_setup_teardown.py for tasks to queue
[2024-09-15T19:08:25.535+0000] {logging_mixin.py:190} INFO - [2024-09-15T19:08:25.534+0000] {dagbag.py:587} INFO - Filling up the DagBag from /home/airflow/.local/lib/python3.12/site-packages/airflow/example_dags/example_setup_teardown.py
[2024-09-15T19:08:25.545+0000] {processor.py:925} INFO - DAG(s) 'example_setup_teardown' retrieved from /home/airflow/.local/lib/python3.12/site-packages/airflow/example_dags/example_setup_teardown.py
[2024-09-15T19:08:25.623+0000] {logging_mixin.py:190} INFO - [2024-09-15T19:08:25.622+0000] {override.py:1900} INFO - Created Permission View: can edit on DAG:example_setup_teardown
[2024-09-15T19:08:25.632+0000] {logging_mixin.py:190} INFO - [2024-09-15T19:08:25.632+0000] {override.py:1900} INFO - Created Permission View: can delete on DAG:example_setup_teardown
[2024-09-15T19:08:25.637+0000] {logging_mixin.py:190} INFO - [2024-09-15T19:08:25.637+0000] {override.py:1900} INFO - Created Permission View: can read on DAG:example_setup_teardown
[2024-09-15T19:08:25.642+0000] {logging_mixin.py:190} INFO - [2024-09-15T19:08:25.642+0000] {override.py:1900} INFO - Created Permission View: can create on DAG Run:example_setup_teardown
[2024-09-15T19:08:25.647+0000] {logging_mixin.py:190} INFO - [2024-09-15T19:08:25.647+0000] {override.py:1900} INFO - Created Permission View: can delete on DAG Run:example_setup_teardown
[2024-09-15T19:08:25.652+0000] {logging_mixin.py:190} INFO - [2024-09-15T19:08:25.652+0000] {override.py:1900} INFO - Created Permission View: menu access on DAG Run:example_setup_teardown
[2024-09-15T19:08:25.657+0000] {logging_mixin.py:190} INFO - [2024-09-15T19:08:25.657+0000] {override.py:1900} INFO - Created Permission View: can read on DAG Run:example_setup_teardown
[2024-09-15T19:08:25.658+0000] {logging_mixin.py:190} INFO - [2024-09-15T19:08:25.658+0000] {dag.py:3229} INFO - Sync 1 DAGs
[2024-09-15T19:08:25.667+0000] {logging_mixin.py:190} INFO - [2024-09-15T19:08:25.667+0000] {dag.py:3252} INFO - Creating ORM DAG for example_setup_teardown
[2024-09-15T19:08:25.668+0000] {logging_mixin.py:190} INFO - [2024-09-15T19:08:25.668+0000] {dag.py:4156} INFO - Setting next_dagrun for example_setup_teardown to None, run_after=None
[2024-09-15T19:08:25.677+0000] {processor.py:208} INFO - Processing /home/airflow/.local/lib/python3.12/site-packages/airflow/example_dags/example_setup_teardown.py took 0.153 seconds
[2024-09-15T19:08:56.012+0000] {processor.py:186} INFO - Started process (PID=134) to work on /home/airflow/.local/lib/python3.12/site-packages/airflow/example_dags/example_setup_teardown.py
[2024-09-15T19:08:56.013+0000] {processor.py:914} INFO - Processing file /home/airflow/.local/lib/python3.12/site-packages/airflow/example_dags/example_setup_teardown.py for tasks to queue
[2024-09-15T19:08:56.015+0000] {logging_mixin.py:190} INFO - [2024-09-15T19:08:56.015+0000] {dagbag.py:587} INFO - Filling up the DagBag from /home/airflow/.local/lib/python3.12/site-packages/airflow/example_dags/example_setup_teardown.py
[2024-09-15T19:08:56.021+0000] {processor.py:925} INFO - DAG(s) 'example_setup_teardown' retrieved from /home/airflow/.local/lib/python3.12/site-packages/airflow/example_dags/example_setup_teardown.py
[2024-09-15T19:08:56.033+0000] {logging_mixin.py:190} INFO - [2024-09-15T19:08:56.033+0000] {dag.py:3229} INFO - Sync 1 DAGs
[2024-09-15T19:08:56.040+0000] {logging_mixin.py:190} INFO - [2024-09-15T19:08:56.040+0000] {dag.py:4156} INFO - Setting next_dagrun for example_setup_teardown to None, run_after=None
[2024-09-15T19:08:56.051+0000] {processor.py:208} INFO - Processing /home/airflow/.local/lib/python3.12/site-packages/airflow/example_dags/example_setup_teardown.py took 0.042 seconds
[2024-09-15T19:09:54.920+0000] {processor.py:186} INFO - Started process (PID=71) to work on /home/airflow/.local/lib/python3.12/site-packages/airflow/example_dags/example_setup_teardown.py
[2024-09-15T19:09:54.923+0000] {processor.py:914} INFO - Processing file /home/airflow/.local/lib/python3.12/site-packages/airflow/example_dags/example_setup_teardown.py for tasks to queue
[2024-09-15T19:09:54.926+0000] {logging_mixin.py:190} INFO - [2024-09-15T19:09:54.926+0000] {dagbag.py:587} INFO - Filling up the DagBag from /home/airflow/.local/lib/python3.12/site-packages/airflow/example_dags/example_setup_teardown.py
[2024-09-15T19:09:54.931+0000] {processor.py:925} INFO - DAG(s) 'example_setup_teardown' retrieved from /home/airflow/.local/lib/python3.12/site-packages/airflow/example_dags/example_setup_teardown.py
[2024-09-15T19:09:54.943+0000] {logging_mixin.py:190} INFO - [2024-09-15T19:09:54.943+0000] {dag.py:3229} INFO - Sync 1 DAGs
[2024-09-15T19:09:54.952+0000] {logging_mixin.py:190} INFO - [2024-09-15T19:09:54.951+0000] {dag.py:4156} INFO - Setting next_dagrun for example_setup_teardown to None, run_after=None
[2024-09-15T19:09:54.962+0000] {processor.py:208} INFO - Processing /home/airflow/.local/lib/python3.12/site-packages/airflow/example_dags/example_setup_teardown.py took 0.046 seconds
[2024-09-15T19:10:25.497+0000] {processor.py:186} INFO - Started process (PID=132) to work on /home/airflow/.local/lib/python3.12/site-packages/airflow/example_dags/example_setup_teardown.py
[2024-09-15T19:10:25.498+0000] {processor.py:914} INFO - Processing file /home/airflow/.local/lib/python3.12/site-packages/airflow/example_dags/example_setup_teardown.py for tasks to queue
[2024-09-15T19:10:25.499+0000] {logging_mixin.py:190} INFO - [2024-09-15T19:10:25.499+0000] {dagbag.py:587} INFO - Filling up the DagBag from /home/airflow/.local/lib/python3.12/site-packages/airflow/example_dags/example_setup_teardown.py
[2024-09-15T19:10:25.504+0000] {processor.py:925} INFO - DAG(s) 'example_setup_teardown' retrieved from /home/airflow/.local/lib/python3.12/site-packages/airflow/example_dags/example_setup_teardown.py
[2024-09-15T19:10:25.517+0000] {logging_mixin.py:190} INFO - [2024-09-15T19:10:25.517+0000] {dag.py:3229} INFO - Sync 1 DAGs
[2024-09-15T19:10:25.525+0000] {logging_mixin.py:190} INFO - [2024-09-15T19:10:25.525+0000] {dag.py:4156} INFO - Setting next_dagrun for example_setup_teardown to None, run_after=None
[2024-09-15T19:10:25.536+0000] {processor.py:208} INFO - Processing /home/airflow/.local/lib/python3.12/site-packages/airflow/example_dags/example_setup_teardown.py took 0.043 seconds
[2024-09-15T19:10:56.299+0000] {processor.py:186} INFO - Started process (PID=195) to work on /home/airflow/.local/lib/python3.12/site-packages/airflow/example_dags/example_setup_teardown.py
[2024-09-15T19:10:56.300+0000] {processor.py:914} INFO - Processing file /home/airflow/.local/lib/python3.12/site-packages/airflow/example_dags/example_setup_teardown.py for tasks to queue
[2024-09-15T19:10:56.302+0000] {logging_mixin.py:190} INFO - [2024-09-15T19:10:56.302+0000] {dagbag.py:587} INFO - Filling up the DagBag from /home/airflow/.local/lib/python3.12/site-packages/airflow/example_dags/example_setup_teardown.py
[2024-09-15T19:10:56.307+0000] {processor.py:925} INFO - DAG(s) 'example_setup_teardown' retrieved from /home/airflow/.local/lib/python3.12/site-packages/airflow/example_dags/example_setup_teardown.py
[2024-09-15T19:10:56.318+0000] {logging_mixin.py:190} INFO - [2024-09-15T19:10:56.318+0000] {dag.py:3229} INFO - Sync 1 DAGs
[2024-09-15T19:10:56.325+0000] {logging_mixin.py:190} INFO - [2024-09-15T19:10:56.325+0000] {dag.py:4156} INFO - Setting next_dagrun for example_setup_teardown to None, run_after=None
[2024-09-15T19:10:56.336+0000] {processor.py:208} INFO - Processing /home/airflow/.local/lib/python3.12/site-packages/airflow/example_dags/example_setup_teardown.py took 0.039 seconds
[2024-09-15T19:11:27.021+0000] {processor.py:186} INFO - Started process (PID=257) to work on /home/airflow/.local/lib/python3.12/site-packages/airflow/example_dags/example_setup_teardown.py
[2024-09-15T19:11:27.023+0000] {processor.py:914} INFO - Processing file /home/airflow/.local/lib/python3.12/site-packages/airflow/example_dags/example_setup_teardown.py for tasks to queue
[2024-09-15T19:11:27.025+0000] {logging_mixin.py:190} INFO - [2024-09-15T19:11:27.025+0000] {dagbag.py:587} INFO - Filling up the DagBag from /home/airflow/.local/lib/python3.12/site-packages/airflow/example_dags/example_setup_teardown.py
[2024-09-15T19:11:27.030+0000] {processor.py:925} INFO - DAG(s) 'example_setup_teardown' retrieved from /home/airflow/.local/lib/python3.12/site-packages/airflow/example_dags/example_setup_teardown.py
[2024-09-15T19:11:27.043+0000] {logging_mixin.py:190} INFO - [2024-09-15T19:11:27.043+0000] {dag.py:3229} INFO - Sync 1 DAGs
[2024-09-15T19:11:27.052+0000] {logging_mixin.py:190} INFO - [2024-09-15T19:11:27.052+0000] {dag.py:4156} INFO - Setting next_dagrun for example_setup_teardown to None, run_after=None
[2024-09-15T19:11:27.066+0000] {processor.py:208} INFO - Processing /home/airflow/.local/lib/python3.12/site-packages/airflow/example_dags/example_setup_teardown.py took 0.048 seconds
[2024-09-15T19:11:58.375+0000] {processor.py:186} INFO - Started process (PID=319) to work on /home/airflow/.local/lib/python3.12/site-packages/airflow/example_dags/example_setup_teardown.py
[2024-09-15T19:11:58.376+0000] {processor.py:914} INFO - Processing file /home/airflow/.local/lib/python3.12/site-packages/airflow/example_dags/example_setup_teardown.py for tasks to queue
[2024-09-15T19:11:58.379+0000] {logging_mixin.py:190} INFO - [2024-09-15T19:11:58.378+0000] {dagbag.py:587} INFO - Filling up the DagBag from /home/airflow/.local/lib/python3.12/site-packages/airflow/example_dags/example_setup_teardown.py
[2024-09-15T19:11:58.385+0000] {processor.py:925} INFO - DAG(s) 'example_setup_teardown' retrieved from /home/airflow/.local/lib/python3.12/site-packages/airflow/example_dags/example_setup_teardown.py
[2024-09-15T19:11:58.398+0000] {logging_mixin.py:190} INFO - [2024-09-15T19:11:58.398+0000] {dag.py:3229} INFO - Sync 1 DAGs
[2024-09-15T19:11:58.409+0000] {logging_mixin.py:190} INFO - [2024-09-15T19:11:58.409+0000] {dag.py:4156} INFO - Setting next_dagrun for example_setup_teardown to None, run_after=None
[2024-09-15T19:11:58.424+0000] {processor.py:208} INFO - Processing /home/airflow/.local/lib/python3.12/site-packages/airflow/example_dags/example_setup_teardown.py took 0.054 seconds
[2024-09-15T19:12:29.244+0000] {processor.py:186} INFO - Started process (PID=381) to work on /home/airflow/.local/lib/python3.12/site-packages/airflow/example_dags/example_setup_teardown.py
[2024-09-15T19:12:29.245+0000] {processor.py:914} INFO - Processing file /home/airflow/.local/lib/python3.12/site-packages/airflow/example_dags/example_setup_teardown.py for tasks to queue
[2024-09-15T19:12:29.247+0000] {logging_mixin.py:190} INFO - [2024-09-15T19:12:29.247+0000] {dagbag.py:587} INFO - Filling up the DagBag from /home/airflow/.local/lib/python3.12/site-packages/airflow/example_dags/example_setup_teardown.py
[2024-09-15T19:12:29.252+0000] {processor.py:925} INFO - DAG(s) 'example_setup_teardown' retrieved from /home/airflow/.local/lib/python3.12/site-packages/airflow/example_dags/example_setup_teardown.py
[2024-09-15T19:12:29.265+0000] {logging_mixin.py:190} INFO - [2024-09-15T19:12:29.265+0000] {dag.py:3229} INFO - Sync 1 DAGs
[2024-09-15T19:12:29.275+0000] {logging_mixin.py:190} INFO - [2024-09-15T19:12:29.275+0000] {dag.py:4156} INFO - Setting next_dagrun for example_setup_teardown to None, run_after=None
[2024-09-15T19:12:29.287+0000] {processor.py:208} INFO - Processing /home/airflow/.local/lib/python3.12/site-packages/airflow/example_dags/example_setup_teardown.py took 0.047 seconds
[2024-09-15T19:13:00.158+0000] {processor.py:186} INFO - Started process (PID=443) to work on /home/airflow/.local/lib/python3.12/site-packages/airflow/example_dags/example_setup_teardown.py
[2024-09-15T19:13:00.160+0000] {processor.py:914} INFO - Processing file /home/airflow/.local/lib/python3.12/site-packages/airflow/example_dags/example_setup_teardown.py for tasks to queue
[2024-09-15T19:13:00.163+0000] {logging_mixin.py:190} INFO - [2024-09-15T19:13:00.163+0000] {dagbag.py:587} INFO - Filling up the DagBag from /home/airflow/.local/lib/python3.12/site-packages/airflow/example_dags/example_setup_teardown.py
[2024-09-15T19:13:00.170+0000] {processor.py:925} INFO - DAG(s) 'example_setup_teardown' retrieved from /home/airflow/.local/lib/python3.12/site-packages/airflow/example_dags/example_setup_teardown.py
[2024-09-15T19:13:00.185+0000] {logging_mixin.py:190} INFO - [2024-09-15T19:13:00.185+0000] {dag.py:3229} INFO - Sync 1 DAGs
[2024-09-15T19:13:00.194+0000] {logging_mixin.py:190} INFO - [2024-09-15T19:13:00.193+0000] {dag.py:4156} INFO - Setting next_dagrun for example_setup_teardown to None, run_after=None
[2024-09-15T19:13:00.208+0000] {processor.py:208} INFO - Processing /home/airflow/.local/lib/python3.12/site-packages/airflow/example_dags/example_setup_teardown.py took 0.053 seconds
