[2024-09-15T19:08:25.405+0000] {processor.py:186} INFO - Started process (PID=71) to work on /home/airflow/.local/lib/python3.12/site-packages/airflow/example_dags/example_branch_operator.py
[2024-09-15T19:08:25.407+0000] {processor.py:914} INFO - Processing file /home/airflow/.local/lib/python3.12/site-packages/airflow/example_dags/example_branch_operator.py for tasks to queue
[2024-09-15T19:08:25.411+0000] {logging_mixin.py:190} INFO - [2024-09-15T19:08:25.411+0000] {dagbag.py:587} INFO - Filling up the DagBag from /home/airflow/.local/lib/python3.12/site-packages/airflow/example_dags/example_branch_operator.py
[2024-09-15T19:08:25.424+0000] {processor.py:925} INFO - DAG(s) 'example_branch_operator' retrieved from /home/airflow/.local/lib/python3.12/site-packages/airflow/example_dags/example_branch_operator.py
[2024-09-15T19:08:25.512+0000] {logging_mixin.py:190} INFO - [2024-09-15T19:08:25.512+0000] {override.py:1900} INFO - Created Permission View: can edit on DAG:example_branch_operator
[2024-09-15T19:08:25.523+0000] {logging_mixin.py:190} INFO - [2024-09-15T19:08:25.523+0000] {override.py:1900} INFO - Created Permission View: can delete on DAG:example_branch_operator
[2024-09-15T19:08:25.529+0000] {logging_mixin.py:190} INFO - [2024-09-15T19:08:25.529+0000] {override.py:1900} INFO - Created Permission View: can read on DAG:example_branch_operator
[2024-09-15T19:08:25.535+0000] {logging_mixin.py:190} INFO - [2024-09-15T19:08:25.535+0000] {override.py:1900} INFO - Created Permission View: can create on DAG Run:example_branch_operator
[2024-09-15T19:08:25.542+0000] {logging_mixin.py:190} INFO - [2024-09-15T19:08:25.541+0000] {override.py:1900} INFO - Created Permission View: can delete on DAG Run:example_branch_operator
[2024-09-15T19:08:25.550+0000] {logging_mixin.py:190} INFO - [2024-09-15T19:08:25.549+0000] {override.py:1900} INFO - Created Permission View: menu access on DAG Run:example_branch_operator
[2024-09-15T19:08:25.555+0000] {logging_mixin.py:190} INFO - [2024-09-15T19:08:25.555+0000] {override.py:1900} INFO - Created Permission View: can read on DAG Run:example_branch_operator
[2024-09-15T19:08:25.557+0000] {logging_mixin.py:190} INFO - [2024-09-15T19:08:25.557+0000] {dag.py:3229} INFO - Sync 1 DAGs
[2024-09-15T19:08:25.566+0000] {logging_mixin.py:190} INFO - [2024-09-15T19:08:25.566+0000] {dag.py:3252} INFO - Creating ORM DAG for example_branch_operator
[2024-09-15T19:08:25.574+0000] {logging_mixin.py:190} INFO - [2024-09-15T19:08:25.574+0000] {dag.py:4156} INFO - Setting next_dagrun for example_branch_operator to 2024-09-14 00:00:00+00:00, run_after=2024-09-15 00:00:00+00:00
[2024-09-15T19:08:25.586+0000] {processor.py:208} INFO - Processing /home/airflow/.local/lib/python3.12/site-packages/airflow/example_dags/example_branch_operator.py took 0.187 seconds
[2024-09-15T19:08:55.951+0000] {processor.py:186} INFO - Started process (PID=133) to work on /home/airflow/.local/lib/python3.12/site-packages/airflow/example_dags/example_branch_operator.py
[2024-09-15T19:08:55.952+0000] {processor.py:914} INFO - Processing file /home/airflow/.local/lib/python3.12/site-packages/airflow/example_dags/example_branch_operator.py for tasks to queue
[2024-09-15T19:08:55.954+0000] {logging_mixin.py:190} INFO - [2024-09-15T19:08:55.954+0000] {dagbag.py:587} INFO - Filling up the DagBag from /home/airflow/.local/lib/python3.12/site-packages/airflow/example_dags/example_branch_operator.py
[2024-09-15T19:08:55.964+0000] {processor.py:925} INFO - DAG(s) 'example_branch_operator' retrieved from /home/airflow/.local/lib/python3.12/site-packages/airflow/example_dags/example_branch_operator.py
[2024-09-15T19:08:55.978+0000] {logging_mixin.py:190} INFO - [2024-09-15T19:08:55.978+0000] {dag.py:3229} INFO - Sync 1 DAGs
[2024-09-15T19:08:55.992+0000] {logging_mixin.py:190} INFO - [2024-09-15T19:08:55.991+0000] {dag.py:4156} INFO - Setting next_dagrun for example_branch_operator to 2024-09-14 00:00:00+00:00, run_after=2024-09-15 00:00:00+00:00
[2024-09-15T19:08:56.001+0000] {processor.py:208} INFO - Processing /home/airflow/.local/lib/python3.12/site-packages/airflow/example_dags/example_branch_operator.py took 0.053 seconds
[2024-09-15T19:09:54.900+0000] {processor.py:186} INFO - Started process (PID=70) to work on /home/airflow/.local/lib/python3.12/site-packages/airflow/example_dags/example_branch_operator.py
[2024-09-15T19:09:54.902+0000] {processor.py:914} INFO - Processing file /home/airflow/.local/lib/python3.12/site-packages/airflow/example_dags/example_branch_operator.py for tasks to queue
[2024-09-15T19:09:54.904+0000] {logging_mixin.py:190} INFO - [2024-09-15T19:09:54.904+0000] {dagbag.py:587} INFO - Filling up the DagBag from /home/airflow/.local/lib/python3.12/site-packages/airflow/example_dags/example_branch_operator.py
[2024-09-15T19:09:54.914+0000] {processor.py:925} INFO - DAG(s) 'example_branch_operator' retrieved from /home/airflow/.local/lib/python3.12/site-packages/airflow/example_dags/example_branch_operator.py
[2024-09-15T19:09:54.987+0000] {logging_mixin.py:190} INFO - [2024-09-15T19:09:54.987+0000] {dag.py:3229} INFO - Sync 1 DAGs
[2024-09-15T19:09:54.999+0000] {logging_mixin.py:190} INFO - [2024-09-15T19:09:54.999+0000] {dag.py:4156} INFO - Setting next_dagrun for example_branch_operator to 2024-09-14 00:00:00+00:00, run_after=2024-09-15 00:00:00+00:00
[2024-09-15T19:09:55.010+0000] {processor.py:208} INFO - Processing /home/airflow/.local/lib/python3.12/site-packages/airflow/example_dags/example_branch_operator.py took 0.113 seconds
[2024-09-15T19:10:25.511+0000] {processor.py:186} INFO - Started process (PID=133) to work on /home/airflow/.local/lib/python3.12/site-packages/airflow/example_dags/example_branch_operator.py
[2024-09-15T19:10:25.512+0000] {processor.py:914} INFO - Processing file /home/airflow/.local/lib/python3.12/site-packages/airflow/example_dags/example_branch_operator.py for tasks to queue
[2024-09-15T19:10:25.514+0000] {logging_mixin.py:190} INFO - [2024-09-15T19:10:25.513+0000] {dagbag.py:587} INFO - Filling up the DagBag from /home/airflow/.local/lib/python3.12/site-packages/airflow/example_dags/example_branch_operator.py
[2024-09-15T19:10:25.523+0000] {processor.py:925} INFO - DAG(s) 'example_branch_operator' retrieved from /home/airflow/.local/lib/python3.12/site-packages/airflow/example_dags/example_branch_operator.py
[2024-09-15T19:10:25.540+0000] {logging_mixin.py:190} INFO - [2024-09-15T19:10:25.540+0000] {dag.py:3229} INFO - Sync 1 DAGs
[2024-09-15T19:10:25.553+0000] {logging_mixin.py:190} INFO - [2024-09-15T19:10:25.553+0000] {dag.py:4156} INFO - Setting next_dagrun for example_branch_operator to 2024-09-14 00:00:00+00:00, run_after=2024-09-15 00:00:00+00:00
[2024-09-15T19:10:25.563+0000] {processor.py:208} INFO - Processing /home/airflow/.local/lib/python3.12/site-packages/airflow/example_dags/example_branch_operator.py took 0.055 seconds
[2024-09-15T19:10:56.286+0000] {processor.py:186} INFO - Started process (PID=194) to work on /home/airflow/.local/lib/python3.12/site-packages/airflow/example_dags/example_branch_operator.py
[2024-09-15T19:10:56.287+0000] {processor.py:914} INFO - Processing file /home/airflow/.local/lib/python3.12/site-packages/airflow/example_dags/example_branch_operator.py for tasks to queue
[2024-09-15T19:10:56.289+0000] {logging_mixin.py:190} INFO - [2024-09-15T19:10:56.289+0000] {dagbag.py:587} INFO - Filling up the DagBag from /home/airflow/.local/lib/python3.12/site-packages/airflow/example_dags/example_branch_operator.py
[2024-09-15T19:10:56.299+0000] {processor.py:925} INFO - DAG(s) 'example_branch_operator' retrieved from /home/airflow/.local/lib/python3.12/site-packages/airflow/example_dags/example_branch_operator.py
[2024-09-15T19:10:56.314+0000] {logging_mixin.py:190} INFO - [2024-09-15T19:10:56.314+0000] {dag.py:3229} INFO - Sync 1 DAGs
[2024-09-15T19:10:56.327+0000] {logging_mixin.py:190} INFO - [2024-09-15T19:10:56.327+0000] {dag.py:4156} INFO - Setting next_dagrun for example_branch_operator to 2024-09-14 00:00:00+00:00, run_after=2024-09-15 00:00:00+00:00
[2024-09-15T19:10:56.336+0000] {processor.py:208} INFO - Processing /home/airflow/.local/lib/python3.12/site-packages/airflow/example_dags/example_branch_operator.py took 0.054 seconds
[2024-09-15T19:11:27.000+0000] {processor.py:186} INFO - Started process (PID=256) to work on /home/airflow/.local/lib/python3.12/site-packages/airflow/example_dags/example_branch_operator.py
[2024-09-15T19:11:27.001+0000] {processor.py:914} INFO - Processing file /home/airflow/.local/lib/python3.12/site-packages/airflow/example_dags/example_branch_operator.py for tasks to queue
[2024-09-15T19:11:27.003+0000] {logging_mixin.py:190} INFO - [2024-09-15T19:11:27.003+0000] {dagbag.py:587} INFO - Filling up the DagBag from /home/airflow/.local/lib/python3.12/site-packages/airflow/example_dags/example_branch_operator.py
[2024-09-15T19:11:27.014+0000] {processor.py:925} INFO - DAG(s) 'example_branch_operator' retrieved from /home/airflow/.local/lib/python3.12/site-packages/airflow/example_dags/example_branch_operator.py
[2024-09-15T19:11:27.031+0000] {logging_mixin.py:190} INFO - [2024-09-15T19:11:27.031+0000] {dag.py:3229} INFO - Sync 1 DAGs
[2024-09-15T19:11:27.046+0000] {logging_mixin.py:190} INFO - [2024-09-15T19:11:27.046+0000] {dag.py:4156} INFO - Setting next_dagrun for example_branch_operator to 2024-09-14 00:00:00+00:00, run_after=2024-09-15 00:00:00+00:00
[2024-09-15T19:11:27.059+0000] {processor.py:208} INFO - Processing /home/airflow/.local/lib/python3.12/site-packages/airflow/example_dags/example_branch_operator.py took 0.062 seconds
[2024-09-15T19:11:58.333+0000] {processor.py:186} INFO - Started process (PID=318) to work on /home/airflow/.local/lib/python3.12/site-packages/airflow/example_dags/example_branch_operator.py
[2024-09-15T19:11:58.335+0000] {processor.py:914} INFO - Processing file /home/airflow/.local/lib/python3.12/site-packages/airflow/example_dags/example_branch_operator.py for tasks to queue
[2024-09-15T19:11:58.337+0000] {logging_mixin.py:190} INFO - [2024-09-15T19:11:58.337+0000] {dagbag.py:587} INFO - Filling up the DagBag from /home/airflow/.local/lib/python3.12/site-packages/airflow/example_dags/example_branch_operator.py
[2024-09-15T19:11:58.359+0000] {processor.py:925} INFO - DAG(s) 'example_branch_operator' retrieved from /home/airflow/.local/lib/python3.12/site-packages/airflow/example_dags/example_branch_operator.py
[2024-09-15T19:11:58.378+0000] {logging_mixin.py:190} INFO - [2024-09-15T19:11:58.377+0000] {dag.py:3229} INFO - Sync 1 DAGs
[2024-09-15T19:11:58.393+0000] {logging_mixin.py:190} INFO - [2024-09-15T19:11:58.393+0000] {dag.py:4156} INFO - Setting next_dagrun for example_branch_operator to 2024-09-14 00:00:00+00:00, run_after=2024-09-15 00:00:00+00:00
[2024-09-15T19:11:58.404+0000] {processor.py:208} INFO - Processing /home/airflow/.local/lib/python3.12/site-packages/airflow/example_dags/example_branch_operator.py took 0.074 seconds
[2024-09-15T19:12:29.211+0000] {processor.py:186} INFO - Started process (PID=380) to work on /home/airflow/.local/lib/python3.12/site-packages/airflow/example_dags/example_branch_operator.py
[2024-09-15T19:12:29.212+0000] {processor.py:914} INFO - Processing file /home/airflow/.local/lib/python3.12/site-packages/airflow/example_dags/example_branch_operator.py for tasks to queue
[2024-09-15T19:12:29.214+0000] {logging_mixin.py:190} INFO - [2024-09-15T19:12:29.214+0000] {dagbag.py:587} INFO - Filling up the DagBag from /home/airflow/.local/lib/python3.12/site-packages/airflow/example_dags/example_branch_operator.py
[2024-09-15T19:12:29.224+0000] {processor.py:925} INFO - DAG(s) 'example_branch_operator' retrieved from /home/airflow/.local/lib/python3.12/site-packages/airflow/example_dags/example_branch_operator.py
[2024-09-15T19:12:29.242+0000] {logging_mixin.py:190} INFO - [2024-09-15T19:12:29.242+0000] {dag.py:3229} INFO - Sync 1 DAGs
[2024-09-15T19:12:29.256+0000] {logging_mixin.py:190} INFO - [2024-09-15T19:12:29.256+0000] {dag.py:4156} INFO - Setting next_dagrun for example_branch_operator to 2024-09-14 00:00:00+00:00, run_after=2024-09-15 00:00:00+00:00
[2024-09-15T19:12:29.268+0000] {processor.py:208} INFO - Processing /home/airflow/.local/lib/python3.12/site-packages/airflow/example_dags/example_branch_operator.py took 0.060 seconds
[2024-09-15T19:13:00.104+0000] {processor.py:186} INFO - Started process (PID=442) to work on /home/airflow/.local/lib/python3.12/site-packages/airflow/example_dags/example_branch_operator.py
[2024-09-15T19:13:00.105+0000] {processor.py:914} INFO - Processing file /home/airflow/.local/lib/python3.12/site-packages/airflow/example_dags/example_branch_operator.py for tasks to queue
[2024-09-15T19:13:00.107+0000] {logging_mixin.py:190} INFO - [2024-09-15T19:13:00.107+0000] {dagbag.py:587} INFO - Filling up the DagBag from /home/airflow/.local/lib/python3.12/site-packages/airflow/example_dags/example_branch_operator.py
[2024-09-15T19:13:00.118+0000] {processor.py:925} INFO - DAG(s) 'example_branch_operator' retrieved from /home/airflow/.local/lib/python3.12/site-packages/airflow/example_dags/example_branch_operator.py
[2024-09-15T19:13:00.137+0000] {logging_mixin.py:190} INFO - [2024-09-15T19:13:00.137+0000] {dag.py:3229} INFO - Sync 1 DAGs
[2024-09-15T19:13:00.153+0000] {logging_mixin.py:190} INFO - [2024-09-15T19:13:00.153+0000] {dag.py:4156} INFO - Setting next_dagrun for example_branch_operator to 2024-09-14 00:00:00+00:00, run_after=2024-09-15 00:00:00+00:00
[2024-09-15T19:13:00.167+0000] {processor.py:208} INFO - Processing /home/airflow/.local/lib/python3.12/site-packages/airflow/example_dags/example_branch_operator.py took 0.066 seconds
