[2024-09-15T19:08:21.252+0000] {processor.py:186} INFO - Started process (PID=33) to work on /home/airflow/.local/lib/python3.12/site-packages/airflow/example_dags/example_params_trigger_ui.py
[2024-09-15T19:08:21.256+0000] {processor.py:914} INFO - Processing file /home/airflow/.local/lib/python3.12/site-packages/airflow/example_dags/example_params_trigger_ui.py for tasks to queue
[2024-09-15T19:08:21.263+0000] {logging_mixin.py:190} INFO - [2024-09-15T19:08:21.262+0000] {dagbag.py:587} INFO - Filling up the DagBag from /home/airflow/.local/lib/python3.12/site-packages/airflow/example_dags/example_params_trigger_ui.py
[2024-09-15T19:08:21.279+0000] {processor.py:925} INFO - DAG(s) 'example_params_trigger_ui' retrieved from /home/airflow/.local/lib/python3.12/site-packages/airflow/example_dags/example_params_trigger_ui.py
[2024-09-15T19:08:21.392+0000] {logging_mixin.py:190} INFO - [2024-09-15T19:08:21.391+0000] {override.py:1900} INFO - Created Permission View: can edit on DAG:example_params_trigger_ui
[2024-09-15T19:08:21.400+0000] {logging_mixin.py:190} INFO - [2024-09-15T19:08:21.399+0000] {override.py:1900} INFO - Created Permission View: can delete on DAG:example_params_trigger_ui
[2024-09-15T19:08:21.407+0000] {logging_mixin.py:190} INFO - [2024-09-15T19:08:21.406+0000] {override.py:1900} INFO - Created Permission View: can read on DAG:example_params_trigger_ui
[2024-09-15T19:08:21.417+0000] {logging_mixin.py:190} INFO - [2024-09-15T19:08:21.417+0000] {override.py:1900} INFO - Created Permission View: can create on DAG Run:example_params_trigger_ui
[2024-09-15T19:08:21.424+0000] {logging_mixin.py:190} INFO - [2024-09-15T19:08:21.424+0000] {override.py:1900} INFO - Created Permission View: can delete on DAG Run:example_params_trigger_ui
[2024-09-15T19:08:21.432+0000] {logging_mixin.py:190} INFO - [2024-09-15T19:08:21.432+0000] {override.py:1900} INFO - Created Permission View: menu access on DAG Run:example_params_trigger_ui
[2024-09-15T19:08:21.439+0000] {logging_mixin.py:190} INFO - [2024-09-15T19:08:21.439+0000] {override.py:1900} INFO - Created Permission View: can read on DAG Run:example_params_trigger_ui
[2024-09-15T19:08:21.441+0000] {logging_mixin.py:190} INFO - [2024-09-15T19:08:21.440+0000] {dag.py:3229} INFO - Sync 1 DAGs
[2024-09-15T19:08:21.451+0000] {logging_mixin.py:190} INFO - [2024-09-15T19:08:21.450+0000] {dag.py:3252} INFO - Creating ORM DAG for example_params_trigger_ui
[2024-09-15T19:08:21.452+0000] {logging_mixin.py:190} INFO - [2024-09-15T19:08:21.452+0000] {dag.py:4156} INFO - Setting next_dagrun for example_params_trigger_ui to None, run_after=None
[2024-09-15T19:08:21.465+0000] {processor.py:208} INFO - Processing /home/airflow/.local/lib/python3.12/site-packages/airflow/example_dags/example_params_trigger_ui.py took 0.223 seconds
[2024-09-15T19:08:51.953+0000] {processor.py:186} INFO - Started process (PID=95) to work on /home/airflow/.local/lib/python3.12/site-packages/airflow/example_dags/example_params_trigger_ui.py
[2024-09-15T19:08:51.954+0000] {processor.py:914} INFO - Processing file /home/airflow/.local/lib/python3.12/site-packages/airflow/example_dags/example_params_trigger_ui.py for tasks to queue
[2024-09-15T19:08:51.957+0000] {logging_mixin.py:190} INFO - [2024-09-15T19:08:51.956+0000] {dagbag.py:587} INFO - Filling up the DagBag from /home/airflow/.local/lib/python3.12/site-packages/airflow/example_dags/example_params_trigger_ui.py
[2024-09-15T19:08:51.965+0000] {processor.py:925} INFO - DAG(s) 'example_params_trigger_ui' retrieved from /home/airflow/.local/lib/python3.12/site-packages/airflow/example_dags/example_params_trigger_ui.py
[2024-09-15T19:08:51.988+0000] {logging_mixin.py:190} INFO - [2024-09-15T19:08:51.988+0000] {dag.py:3229} INFO - Sync 1 DAGs
[2024-09-15T19:08:51.997+0000] {logging_mixin.py:190} INFO - [2024-09-15T19:08:51.997+0000] {dag.py:4156} INFO - Setting next_dagrun for example_params_trigger_ui to None, run_after=None
[2024-09-15T19:08:52.008+0000] {processor.py:208} INFO - Processing /home/airflow/.local/lib/python3.12/site-packages/airflow/example_dags/example_params_trigger_ui.py took 0.058 seconds
[2024-09-15T19:09:51.972+0000] {processor.py:186} INFO - Started process (PID=32) to work on /home/airflow/.local/lib/python3.12/site-packages/airflow/example_dags/example_params_trigger_ui.py
[2024-09-15T19:09:51.975+0000] {processor.py:914} INFO - Processing file /home/airflow/.local/lib/python3.12/site-packages/airflow/example_dags/example_params_trigger_ui.py for tasks to queue
[2024-09-15T19:09:51.980+0000] {logging_mixin.py:190} INFO - [2024-09-15T19:09:51.980+0000] {dagbag.py:587} INFO - Filling up the DagBag from /home/airflow/.local/lib/python3.12/site-packages/airflow/example_dags/example_params_trigger_ui.py
[2024-09-15T19:09:52.000+0000] {processor.py:925} INFO - DAG(s) 'example_params_trigger_ui' retrieved from /home/airflow/.local/lib/python3.12/site-packages/airflow/example_dags/example_params_trigger_ui.py
[2024-09-15T19:09:52.099+0000] {logging_mixin.py:190} INFO - [2024-09-15T19:09:52.099+0000] {dag.py:3229} INFO - Sync 1 DAGs
[2024-09-15T19:09:52.122+0000] {logging_mixin.py:190} INFO - [2024-09-15T19:09:52.122+0000] {dag.py:4156} INFO - Setting next_dagrun for example_params_trigger_ui to None, run_after=None
[2024-09-15T19:09:52.187+0000] {processor.py:208} INFO - Processing /home/airflow/.local/lib/python3.12/site-packages/airflow/example_dags/example_params_trigger_ui.py took 0.227 seconds
[2024-09-15T19:10:22.948+0000] {processor.py:186} INFO - Started process (PID=94) to work on /home/airflow/.local/lib/python3.12/site-packages/airflow/example_dags/example_params_trigger_ui.py
[2024-09-15T19:10:22.949+0000] {processor.py:914} INFO - Processing file /home/airflow/.local/lib/python3.12/site-packages/airflow/example_dags/example_params_trigger_ui.py for tasks to queue
[2024-09-15T19:10:22.951+0000] {logging_mixin.py:190} INFO - [2024-09-15T19:10:22.951+0000] {dagbag.py:587} INFO - Filling up the DagBag from /home/airflow/.local/lib/python3.12/site-packages/airflow/example_dags/example_params_trigger_ui.py
[2024-09-15T19:10:22.958+0000] {processor.py:925} INFO - DAG(s) 'example_params_trigger_ui' retrieved from /home/airflow/.local/lib/python3.12/site-packages/airflow/example_dags/example_params_trigger_ui.py
[2024-09-15T19:10:22.978+0000] {logging_mixin.py:190} INFO - [2024-09-15T19:10:22.978+0000] {dag.py:3229} INFO - Sync 1 DAGs
[2024-09-15T19:10:22.985+0000] {logging_mixin.py:190} INFO - [2024-09-15T19:10:22.985+0000] {dag.py:4156} INFO - Setting next_dagrun for example_params_trigger_ui to None, run_after=None
[2024-09-15T19:10:22.995+0000] {processor.py:208} INFO - Processing /home/airflow/.local/lib/python3.12/site-packages/airflow/example_dags/example_params_trigger_ui.py took 0.050 seconds
[2024-09-15T19:10:53.553+0000] {processor.py:186} INFO - Started process (PID=156) to work on /home/airflow/.local/lib/python3.12/site-packages/airflow/example_dags/example_params_trigger_ui.py
[2024-09-15T19:10:53.554+0000] {processor.py:914} INFO - Processing file /home/airflow/.local/lib/python3.12/site-packages/airflow/example_dags/example_params_trigger_ui.py for tasks to queue
[2024-09-15T19:10:53.556+0000] {logging_mixin.py:190} INFO - [2024-09-15T19:10:53.556+0000] {dagbag.py:587} INFO - Filling up the DagBag from /home/airflow/.local/lib/python3.12/site-packages/airflow/example_dags/example_params_trigger_ui.py
[2024-09-15T19:10:53.566+0000] {processor.py:925} INFO - DAG(s) 'example_params_trigger_ui' retrieved from /home/airflow/.local/lib/python3.12/site-packages/airflow/example_dags/example_params_trigger_ui.py
[2024-09-15T19:10:53.587+0000] {logging_mixin.py:190} INFO - [2024-09-15T19:10:53.587+0000] {dag.py:3229} INFO - Sync 1 DAGs
[2024-09-15T19:10:53.594+0000] {logging_mixin.py:190} INFO - [2024-09-15T19:10:53.594+0000] {dag.py:4156} INFO - Setting next_dagrun for example_params_trigger_ui to None, run_after=None
[2024-09-15T19:10:53.606+0000] {processor.py:208} INFO - Processing /home/airflow/.local/lib/python3.12/site-packages/airflow/example_dags/example_params_trigger_ui.py took 0.056 seconds
[2024-09-15T19:11:24.317+0000] {processor.py:186} INFO - Started process (PID=218) to work on /home/airflow/.local/lib/python3.12/site-packages/airflow/example_dags/example_params_trigger_ui.py
[2024-09-15T19:11:24.319+0000] {processor.py:914} INFO - Processing file /home/airflow/.local/lib/python3.12/site-packages/airflow/example_dags/example_params_trigger_ui.py for tasks to queue
[2024-09-15T19:11:24.321+0000] {logging_mixin.py:190} INFO - [2024-09-15T19:11:24.321+0000] {dagbag.py:587} INFO - Filling up the DagBag from /home/airflow/.local/lib/python3.12/site-packages/airflow/example_dags/example_params_trigger_ui.py
[2024-09-15T19:11:24.327+0000] {processor.py:925} INFO - DAG(s) 'example_params_trigger_ui' retrieved from /home/airflow/.local/lib/python3.12/site-packages/airflow/example_dags/example_params_trigger_ui.py
[2024-09-15T19:11:24.374+0000] {logging_mixin.py:190} INFO - [2024-09-15T19:11:24.374+0000] {dag.py:3229} INFO - Sync 1 DAGs
[2024-09-15T19:11:24.391+0000] {logging_mixin.py:190} INFO - [2024-09-15T19:11:24.390+0000] {dag.py:4156} INFO - Setting next_dagrun for example_params_trigger_ui to None, run_after=None
[2024-09-15T19:11:24.401+0000] {processor.py:208} INFO - Processing /home/airflow/.local/lib/python3.12/site-packages/airflow/example_dags/example_params_trigger_ui.py took 0.088 seconds
[2024-09-15T19:11:55.080+0000] {processor.py:186} INFO - Started process (PID=280) to work on /home/airflow/.local/lib/python3.12/site-packages/airflow/example_dags/example_params_trigger_ui.py
[2024-09-15T19:11:55.081+0000] {processor.py:914} INFO - Processing file /home/airflow/.local/lib/python3.12/site-packages/airflow/example_dags/example_params_trigger_ui.py for tasks to queue
[2024-09-15T19:11:55.083+0000] {logging_mixin.py:190} INFO - [2024-09-15T19:11:55.083+0000] {dagbag.py:587} INFO - Filling up the DagBag from /home/airflow/.local/lib/python3.12/site-packages/airflow/example_dags/example_params_trigger_ui.py
[2024-09-15T19:11:55.090+0000] {processor.py:925} INFO - DAG(s) 'example_params_trigger_ui' retrieved from /home/airflow/.local/lib/python3.12/site-packages/airflow/example_dags/example_params_trigger_ui.py
[2024-09-15T19:11:55.114+0000] {logging_mixin.py:190} INFO - [2024-09-15T19:11:55.114+0000] {dag.py:3229} INFO - Sync 1 DAGs
[2024-09-15T19:11:55.126+0000] {logging_mixin.py:190} INFO - [2024-09-15T19:11:55.126+0000] {dag.py:4156} INFO - Setting next_dagrun for example_params_trigger_ui to None, run_after=None
[2024-09-15T19:11:55.139+0000] {processor.py:208} INFO - Processing /home/airflow/.local/lib/python3.12/site-packages/airflow/example_dags/example_params_trigger_ui.py took 0.062 seconds
[2024-09-15T19:12:25.439+0000] {processor.py:186} INFO - Started process (PID=342) to work on /home/airflow/.local/lib/python3.12/site-packages/airflow/example_dags/example_params_trigger_ui.py
[2024-09-15T19:12:25.440+0000] {processor.py:914} INFO - Processing file /home/airflow/.local/lib/python3.12/site-packages/airflow/example_dags/example_params_trigger_ui.py for tasks to queue
[2024-09-15T19:12:25.442+0000] {logging_mixin.py:190} INFO - [2024-09-15T19:12:25.442+0000] {dagbag.py:587} INFO - Filling up the DagBag from /home/airflow/.local/lib/python3.12/site-packages/airflow/example_dags/example_params_trigger_ui.py
[2024-09-15T19:12:25.449+0000] {processor.py:925} INFO - DAG(s) 'example_params_trigger_ui' retrieved from /home/airflow/.local/lib/python3.12/site-packages/airflow/example_dags/example_params_trigger_ui.py
[2024-09-15T19:12:25.475+0000] {logging_mixin.py:190} INFO - [2024-09-15T19:12:25.475+0000] {dag.py:3229} INFO - Sync 1 DAGs
[2024-09-15T19:12:25.485+0000] {logging_mixin.py:190} INFO - [2024-09-15T19:12:25.485+0000] {dag.py:4156} INFO - Setting next_dagrun for example_params_trigger_ui to None, run_after=None
[2024-09-15T19:12:25.497+0000] {processor.py:208} INFO - Processing /home/airflow/.local/lib/python3.12/site-packages/airflow/example_dags/example_params_trigger_ui.py took 0.062 seconds
[2024-09-15T19:12:56.225+0000] {processor.py:186} INFO - Started process (PID=404) to work on /home/airflow/.local/lib/python3.12/site-packages/airflow/example_dags/example_params_trigger_ui.py
[2024-09-15T19:12:56.227+0000] {processor.py:914} INFO - Processing file /home/airflow/.local/lib/python3.12/site-packages/airflow/example_dags/example_params_trigger_ui.py for tasks to queue
[2024-09-15T19:12:56.230+0000] {logging_mixin.py:190} INFO - [2024-09-15T19:12:56.230+0000] {dagbag.py:587} INFO - Filling up the DagBag from /home/airflow/.local/lib/python3.12/site-packages/airflow/example_dags/example_params_trigger_ui.py
[2024-09-15T19:12:56.243+0000] {processor.py:925} INFO - DAG(s) 'example_params_trigger_ui' retrieved from /home/airflow/.local/lib/python3.12/site-packages/airflow/example_dags/example_params_trigger_ui.py
[2024-09-15T19:12:56.274+0000] {logging_mixin.py:190} INFO - [2024-09-15T19:12:56.274+0000] {dag.py:3229} INFO - Sync 1 DAGs
[2024-09-15T19:12:56.283+0000] {logging_mixin.py:190} INFO - [2024-09-15T19:12:56.283+0000] {dag.py:4156} INFO - Setting next_dagrun for example_params_trigger_ui to None, run_after=None
[2024-09-15T19:12:56.295+0000] {processor.py:208} INFO - Processing /home/airflow/.local/lib/python3.12/site-packages/airflow/example_dags/example_params_trigger_ui.py took 0.073 seconds
