[2024-09-15T19:08:21.502+0000] {processor.py:186} INFO - Started process (PID=34) to work on /home/airflow/.local/lib/python3.12/site-packages/airflow/example_dags/example_task_group.py
[2024-09-15T19:08:21.503+0000] {processor.py:914} INFO - Processing file /home/airflow/.local/lib/python3.12/site-packages/airflow/example_dags/example_task_group.py for tasks to queue
[2024-09-15T19:08:21.505+0000] {logging_mixin.py:190} INFO - [2024-09-15T19:08:21.505+0000] {dagbag.py:587} INFO - Filling up the DagBag from /home/airflow/.local/lib/python3.12/site-packages/airflow/example_dags/example_task_group.py
[2024-09-15T19:08:21.515+0000] {processor.py:925} INFO - DAG(s) 'example_task_group' retrieved from /home/airflow/.local/lib/python3.12/site-packages/airflow/example_dags/example_task_group.py
[2024-09-15T19:08:21.586+0000] {logging_mixin.py:190} INFO - [2024-09-15T19:08:21.585+0000] {override.py:1900} INFO - Created Permission View: can edit on DAG:example_task_group
[2024-09-15T19:08:21.593+0000] {logging_mixin.py:190} INFO - [2024-09-15T19:08:21.593+0000] {override.py:1900} INFO - Created Permission View: can delete on DAG:example_task_group
[2024-09-15T19:08:21.599+0000] {logging_mixin.py:190} INFO - [2024-09-15T19:08:21.599+0000] {override.py:1900} INFO - Created Permission View: can read on DAG:example_task_group
[2024-09-15T19:08:21.606+0000] {logging_mixin.py:190} INFO - [2024-09-15T19:08:21.606+0000] {override.py:1900} INFO - Created Permission View: can create on DAG Run:example_task_group
[2024-09-15T19:08:21.613+0000] {logging_mixin.py:190} INFO - [2024-09-15T19:08:21.612+0000] {override.py:1900} INFO - Created Permission View: can delete on DAG Run:example_task_group
[2024-09-15T19:08:21.618+0000] {logging_mixin.py:190} INFO - [2024-09-15T19:08:21.618+0000] {override.py:1900} INFO - Created Permission View: menu access on DAG Run:example_task_group
[2024-09-15T19:08:21.622+0000] {logging_mixin.py:190} INFO - [2024-09-15T19:08:21.622+0000] {override.py:1900} INFO - Created Permission View: can read on DAG Run:example_task_group
[2024-09-15T19:08:21.623+0000] {logging_mixin.py:190} INFO - [2024-09-15T19:08:21.623+0000] {dag.py:3229} INFO - Sync 1 DAGs
[2024-09-15T19:08:21.631+0000] {logging_mixin.py:190} INFO - [2024-09-15T19:08:21.631+0000] {dag.py:3252} INFO - Creating ORM DAG for example_task_group
[2024-09-15T19:08:21.633+0000] {logging_mixin.py:190} INFO - [2024-09-15T19:08:21.633+0000] {dag.py:4156} INFO - Setting next_dagrun for example_task_group to None, run_after=None
[2024-09-15T19:08:21.642+0000] {processor.py:208} INFO - Processing /home/airflow/.local/lib/python3.12/site-packages/airflow/example_dags/example_task_group.py took 0.148 seconds
[2024-09-15T19:08:51.961+0000] {processor.py:186} INFO - Started process (PID=96) to work on /home/airflow/.local/lib/python3.12/site-packages/airflow/example_dags/example_task_group.py
[2024-09-15T19:08:51.962+0000] {processor.py:914} INFO - Processing file /home/airflow/.local/lib/python3.12/site-packages/airflow/example_dags/example_task_group.py for tasks to queue
[2024-09-15T19:08:51.964+0000] {logging_mixin.py:190} INFO - [2024-09-15T19:08:51.964+0000] {dagbag.py:587} INFO - Filling up the DagBag from /home/airflow/.local/lib/python3.12/site-packages/airflow/example_dags/example_task_group.py
[2024-09-15T19:08:51.969+0000] {processor.py:925} INFO - DAG(s) 'example_task_group' retrieved from /home/airflow/.local/lib/python3.12/site-packages/airflow/example_dags/example_task_group.py
[2024-09-15T19:08:51.981+0000] {logging_mixin.py:190} INFO - [2024-09-15T19:08:51.981+0000] {dag.py:3229} INFO - Sync 1 DAGs
[2024-09-15T19:08:51.988+0000] {logging_mixin.py:190} INFO - [2024-09-15T19:08:51.988+0000] {dag.py:4156} INFO - Setting next_dagrun for example_task_group to None, run_after=None
[2024-09-15T19:08:52.000+0000] {processor.py:208} INFO - Processing /home/airflow/.local/lib/python3.12/site-packages/airflow/example_dags/example_task_group.py took 0.042 seconds
[2024-09-15T19:09:52.189+0000] {processor.py:186} INFO - Started process (PID=33) to work on /home/airflow/.local/lib/python3.12/site-packages/airflow/example_dags/example_task_group.py
[2024-09-15T19:09:52.201+0000] {processor.py:914} INFO - Processing file /home/airflow/.local/lib/python3.12/site-packages/airflow/example_dags/example_task_group.py for tasks to queue
[2024-09-15T19:09:52.210+0000] {logging_mixin.py:190} INFO - [2024-09-15T19:09:52.210+0000] {dagbag.py:587} INFO - Filling up the DagBag from /home/airflow/.local/lib/python3.12/site-packages/airflow/example_dags/example_task_group.py
[2024-09-15T19:09:52.233+0000] {processor.py:925} INFO - DAG(s) 'example_task_group' retrieved from /home/airflow/.local/lib/python3.12/site-packages/airflow/example_dags/example_task_group.py
[2024-09-15T19:09:52.285+0000] {logging_mixin.py:190} INFO - [2024-09-15T19:09:52.285+0000] {dag.py:3229} INFO - Sync 1 DAGs
[2024-09-15T19:09:52.324+0000] {logging_mixin.py:190} INFO - [2024-09-15T19:09:52.322+0000] {dag.py:4156} INFO - Setting next_dagrun for example_task_group to None, run_after=None
[2024-09-15T19:09:52.344+0000] {processor.py:208} INFO - Processing /home/airflow/.local/lib/python3.12/site-packages/airflow/example_dags/example_task_group.py took 0.184 seconds
[2024-09-15T19:10:23.018+0000] {processor.py:186} INFO - Started process (PID=95) to work on /home/airflow/.local/lib/python3.12/site-packages/airflow/example_dags/example_task_group.py
[2024-09-15T19:10:23.020+0000] {processor.py:914} INFO - Processing file /home/airflow/.local/lib/python3.12/site-packages/airflow/example_dags/example_task_group.py for tasks to queue
[2024-09-15T19:10:23.023+0000] {logging_mixin.py:190} INFO - [2024-09-15T19:10:23.023+0000] {dagbag.py:587} INFO - Filling up the DagBag from /home/airflow/.local/lib/python3.12/site-packages/airflow/example_dags/example_task_group.py
[2024-09-15T19:10:23.028+0000] {processor.py:925} INFO - DAG(s) 'example_task_group' retrieved from /home/airflow/.local/lib/python3.12/site-packages/airflow/example_dags/example_task_group.py
[2024-09-15T19:10:23.051+0000] {logging_mixin.py:190} INFO - [2024-09-15T19:10:23.051+0000] {dag.py:3229} INFO - Sync 1 DAGs
[2024-09-15T19:10:23.068+0000] {logging_mixin.py:190} INFO - [2024-09-15T19:10:23.068+0000] {dag.py:4156} INFO - Setting next_dagrun for example_task_group to None, run_after=None
[2024-09-15T19:10:23.079+0000] {processor.py:208} INFO - Processing /home/airflow/.local/lib/python3.12/site-packages/airflow/example_dags/example_task_group.py took 0.067 seconds
[2024-09-15T19:10:53.560+0000] {processor.py:186} INFO - Started process (PID=157) to work on /home/airflow/.local/lib/python3.12/site-packages/airflow/example_dags/example_task_group.py
[2024-09-15T19:10:53.562+0000] {processor.py:914} INFO - Processing file /home/airflow/.local/lib/python3.12/site-packages/airflow/example_dags/example_task_group.py for tasks to queue
[2024-09-15T19:10:53.564+0000] {logging_mixin.py:190} INFO - [2024-09-15T19:10:53.564+0000] {dagbag.py:587} INFO - Filling up the DagBag from /home/airflow/.local/lib/python3.12/site-packages/airflow/example_dags/example_task_group.py
[2024-09-15T19:10:53.569+0000] {processor.py:925} INFO - DAG(s) 'example_task_group' retrieved from /home/airflow/.local/lib/python3.12/site-packages/airflow/example_dags/example_task_group.py
[2024-09-15T19:10:53.580+0000] {logging_mixin.py:190} INFO - [2024-09-15T19:10:53.580+0000] {dag.py:3229} INFO - Sync 1 DAGs
[2024-09-15T19:10:53.588+0000] {logging_mixin.py:190} INFO - [2024-09-15T19:10:53.588+0000] {dag.py:4156} INFO - Setting next_dagrun for example_task_group to None, run_after=None
[2024-09-15T19:10:53.598+0000] {processor.py:208} INFO - Processing /home/airflow/.local/lib/python3.12/site-packages/airflow/example_dags/example_task_group.py took 0.041 seconds
[2024-09-15T19:11:24.420+0000] {processor.py:186} INFO - Started process (PID=219) to work on /home/airflow/.local/lib/python3.12/site-packages/airflow/example_dags/example_task_group.py
[2024-09-15T19:11:24.421+0000] {processor.py:914} INFO - Processing file /home/airflow/.local/lib/python3.12/site-packages/airflow/example_dags/example_task_group.py for tasks to queue
[2024-09-15T19:11:24.424+0000] {logging_mixin.py:190} INFO - [2024-09-15T19:11:24.423+0000] {dagbag.py:587} INFO - Filling up the DagBag from /home/airflow/.local/lib/python3.12/site-packages/airflow/example_dags/example_task_group.py
[2024-09-15T19:11:24.429+0000] {processor.py:925} INFO - DAG(s) 'example_task_group' retrieved from /home/airflow/.local/lib/python3.12/site-packages/airflow/example_dags/example_task_group.py
[2024-09-15T19:11:24.442+0000] {logging_mixin.py:190} INFO - [2024-09-15T19:11:24.442+0000] {dag.py:3229} INFO - Sync 1 DAGs
[2024-09-15T19:11:24.450+0000] {logging_mixin.py:190} INFO - [2024-09-15T19:11:24.450+0000] {dag.py:4156} INFO - Setting next_dagrun for example_task_group to None, run_after=None
[2024-09-15T19:11:24.461+0000] {processor.py:208} INFO - Processing /home/airflow/.local/lib/python3.12/site-packages/airflow/example_dags/example_task_group.py took 0.045 seconds
[2024-09-15T19:11:55.134+0000] {processor.py:186} INFO - Started process (PID=281) to work on /home/airflow/.local/lib/python3.12/site-packages/airflow/example_dags/example_task_group.py
[2024-09-15T19:11:55.136+0000] {processor.py:914} INFO - Processing file /home/airflow/.local/lib/python3.12/site-packages/airflow/example_dags/example_task_group.py for tasks to queue
[2024-09-15T19:11:55.138+0000] {logging_mixin.py:190} INFO - [2024-09-15T19:11:55.138+0000] {dagbag.py:587} INFO - Filling up the DagBag from /home/airflow/.local/lib/python3.12/site-packages/airflow/example_dags/example_task_group.py
[2024-09-15T19:11:55.148+0000] {processor.py:925} INFO - DAG(s) 'example_task_group' retrieved from /home/airflow/.local/lib/python3.12/site-packages/airflow/example_dags/example_task_group.py
[2024-09-15T19:11:55.172+0000] {logging_mixin.py:190} INFO - [2024-09-15T19:11:55.172+0000] {dag.py:3229} INFO - Sync 1 DAGs
[2024-09-15T19:11:55.187+0000] {logging_mixin.py:190} INFO - [2024-09-15T19:11:55.187+0000] {dag.py:4156} INFO - Setting next_dagrun for example_task_group to None, run_after=None
[2024-09-15T19:11:55.201+0000] {processor.py:208} INFO - Processing /home/airflow/.local/lib/python3.12/site-packages/airflow/example_dags/example_task_group.py took 0.070 seconds
[2024-09-15T19:12:25.527+0000] {processor.py:186} INFO - Started process (PID=343) to work on /home/airflow/.local/lib/python3.12/site-packages/airflow/example_dags/example_task_group.py
[2024-09-15T19:12:25.529+0000] {processor.py:914} INFO - Processing file /home/airflow/.local/lib/python3.12/site-packages/airflow/example_dags/example_task_group.py for tasks to queue
[2024-09-15T19:12:25.531+0000] {logging_mixin.py:190} INFO - [2024-09-15T19:12:25.531+0000] {dagbag.py:587} INFO - Filling up the DagBag from /home/airflow/.local/lib/python3.12/site-packages/airflow/example_dags/example_task_group.py
[2024-09-15T19:12:25.537+0000] {processor.py:925} INFO - DAG(s) 'example_task_group' retrieved from /home/airflow/.local/lib/python3.12/site-packages/airflow/example_dags/example_task_group.py
[2024-09-15T19:12:25.551+0000] {logging_mixin.py:190} INFO - [2024-09-15T19:12:25.551+0000] {dag.py:3229} INFO - Sync 1 DAGs
[2024-09-15T19:12:25.559+0000] {logging_mixin.py:190} INFO - [2024-09-15T19:12:25.559+0000] {dag.py:4156} INFO - Setting next_dagrun for example_task_group to None, run_after=None
[2024-09-15T19:12:25.569+0000] {processor.py:208} INFO - Processing /home/airflow/.local/lib/python3.12/site-packages/airflow/example_dags/example_task_group.py took 0.048 seconds
[2024-09-15T19:12:56.240+0000] {processor.py:186} INFO - Started process (PID=405) to work on /home/airflow/.local/lib/python3.12/site-packages/airflow/example_dags/example_task_group.py
[2024-09-15T19:12:56.242+0000] {processor.py:914} INFO - Processing file /home/airflow/.local/lib/python3.12/site-packages/airflow/example_dags/example_task_group.py for tasks to queue
[2024-09-15T19:12:56.245+0000] {logging_mixin.py:190} INFO - [2024-09-15T19:12:56.245+0000] {dagbag.py:587} INFO - Filling up the DagBag from /home/airflow/.local/lib/python3.12/site-packages/airflow/example_dags/example_task_group.py
[2024-09-15T19:12:56.257+0000] {processor.py:925} INFO - DAG(s) 'example_task_group' retrieved from /home/airflow/.local/lib/python3.12/site-packages/airflow/example_dags/example_task_group.py
[2024-09-15T19:12:56.273+0000] {logging_mixin.py:190} INFO - [2024-09-15T19:12:56.273+0000] {dag.py:3229} INFO - Sync 1 DAGs
[2024-09-15T19:12:56.283+0000] {logging_mixin.py:190} INFO - [2024-09-15T19:12:56.283+0000] {dag.py:4156} INFO - Setting next_dagrun for example_task_group to None, run_after=None
[2024-09-15T19:12:56.295+0000] {processor.py:208} INFO - Processing /home/airflow/.local/lib/python3.12/site-packages/airflow/example_dags/example_task_group.py took 0.060 seconds
