[2024-09-15T19:08:24.746+0000] {processor.py:186} INFO - Started process (PID=63) to work on /home/airflow/.local/lib/python3.12/site-packages/airflow/example_dags/example_display_name.py
[2024-09-15T19:08:24.747+0000] {processor.py:914} INFO - Processing file /home/airflow/.local/lib/python3.12/site-packages/airflow/example_dags/example_display_name.py for tasks to queue
[2024-09-15T19:08:24.749+0000] {logging_mixin.py:190} INFO - [2024-09-15T19:08:24.748+0000] {dagbag.py:587} INFO - Filling up the DagBag from /home/airflow/.local/lib/python3.12/site-packages/airflow/example_dags/example_display_name.py
[2024-09-15T19:08:24.755+0000] {processor.py:925} INFO - DAG(s) 'example_display_name' retrieved from /home/airflow/.local/lib/python3.12/site-packages/airflow/example_dags/example_display_name.py
[2024-09-15T19:08:24.816+0000] {logging_mixin.py:190} INFO - [2024-09-15T19:08:24.816+0000] {override.py:1900} INFO - Created Permission View: can edit on DAG:example_display_name
[2024-09-15T19:08:24.822+0000] {logging_mixin.py:190} INFO - [2024-09-15T19:08:24.822+0000] {override.py:1900} INFO - Created Permission View: can delete on DAG:example_display_name
[2024-09-15T19:08:24.828+0000] {logging_mixin.py:190} INFO - [2024-09-15T19:08:24.827+0000] {override.py:1900} INFO - Created Permission View: can read on DAG:example_display_name
[2024-09-15T19:08:24.833+0000] {logging_mixin.py:190} INFO - [2024-09-15T19:08:24.833+0000] {override.py:1900} INFO - Created Permission View: can create on DAG Run:example_display_name
[2024-09-15T19:08:24.837+0000] {logging_mixin.py:190} INFO - [2024-09-15T19:08:24.837+0000] {override.py:1900} INFO - Created Permission View: can delete on DAG Run:example_display_name
[2024-09-15T19:08:24.841+0000] {logging_mixin.py:190} INFO - [2024-09-15T19:08:24.841+0000] {override.py:1900} INFO - Created Permission View: menu access on DAG Run:example_display_name
[2024-09-15T19:08:24.845+0000] {logging_mixin.py:190} INFO - [2024-09-15T19:08:24.845+0000] {override.py:1900} INFO - Created Permission View: can read on DAG Run:example_display_name
[2024-09-15T19:08:24.846+0000] {logging_mixin.py:190} INFO - [2024-09-15T19:08:24.846+0000] {dag.py:3229} INFO - Sync 1 DAGs
[2024-09-15T19:08:24.854+0000] {logging_mixin.py:190} INFO - [2024-09-15T19:08:24.854+0000] {dag.py:3252} INFO - Creating ORM DAG for example_display_name
[2024-09-15T19:08:24.855+0000] {logging_mixin.py:190} INFO - [2024-09-15T19:08:24.855+0000] {dag.py:4156} INFO - Setting next_dagrun for example_display_name to None, run_after=None
[2024-09-15T19:08:24.864+0000] {processor.py:208} INFO - Processing /home/airflow/.local/lib/python3.12/site-packages/airflow/example_dags/example_display_name.py took 0.122 seconds
[2024-09-15T19:08:55.606+0000] {processor.py:186} INFO - Started process (PID=125) to work on /home/airflow/.local/lib/python3.12/site-packages/airflow/example_dags/example_display_name.py
[2024-09-15T19:08:55.608+0000] {processor.py:914} INFO - Processing file /home/airflow/.local/lib/python3.12/site-packages/airflow/example_dags/example_display_name.py for tasks to queue
[2024-09-15T19:08:55.609+0000] {logging_mixin.py:190} INFO - [2024-09-15T19:08:55.609+0000] {dagbag.py:587} INFO - Filling up the DagBag from /home/airflow/.local/lib/python3.12/site-packages/airflow/example_dags/example_display_name.py
[2024-09-15T19:08:55.614+0000] {processor.py:925} INFO - DAG(s) 'example_display_name' retrieved from /home/airflow/.local/lib/python3.12/site-packages/airflow/example_dags/example_display_name.py
[2024-09-15T19:08:55.624+0000] {logging_mixin.py:190} INFO - [2024-09-15T19:08:55.624+0000] {dag.py:3229} INFO - Sync 1 DAGs
[2024-09-15T19:08:55.632+0000] {logging_mixin.py:190} INFO - [2024-09-15T19:08:55.632+0000] {dag.py:4156} INFO - Setting next_dagrun for example_display_name to None, run_after=None
[2024-09-15T19:08:55.643+0000] {processor.py:208} INFO - Processing /home/airflow/.local/lib/python3.12/site-packages/airflow/example_dags/example_display_name.py took 0.040 seconds
[2024-09-15T19:09:54.514+0000] {processor.py:186} INFO - Started process (PID=62) to work on /home/airflow/.local/lib/python3.12/site-packages/airflow/example_dags/example_display_name.py
[2024-09-15T19:09:54.516+0000] {processor.py:914} INFO - Processing file /home/airflow/.local/lib/python3.12/site-packages/airflow/example_dags/example_display_name.py for tasks to queue
[2024-09-15T19:09:54.518+0000] {logging_mixin.py:190} INFO - [2024-09-15T19:09:54.518+0000] {dagbag.py:587} INFO - Filling up the DagBag from /home/airflow/.local/lib/python3.12/site-packages/airflow/example_dags/example_display_name.py
[2024-09-15T19:09:54.524+0000] {processor.py:925} INFO - DAG(s) 'example_display_name' retrieved from /home/airflow/.local/lib/python3.12/site-packages/airflow/example_dags/example_display_name.py
[2024-09-15T19:09:54.536+0000] {logging_mixin.py:190} INFO - [2024-09-15T19:09:54.536+0000] {dag.py:3229} INFO - Sync 1 DAGs
[2024-09-15T19:09:54.544+0000] {logging_mixin.py:190} INFO - [2024-09-15T19:09:54.544+0000] {dag.py:4156} INFO - Setting next_dagrun for example_display_name to None, run_after=None
[2024-09-15T19:09:54.554+0000] {processor.py:208} INFO - Processing /home/airflow/.local/lib/python3.12/site-packages/airflow/example_dags/example_display_name.py took 0.042 seconds
[2024-09-15T19:10:25.208+0000] {processor.py:186} INFO - Started process (PID=124) to work on /home/airflow/.local/lib/python3.12/site-packages/airflow/example_dags/example_display_name.py
[2024-09-15T19:10:25.209+0000] {processor.py:914} INFO - Processing file /home/airflow/.local/lib/python3.12/site-packages/airflow/example_dags/example_display_name.py for tasks to queue
[2024-09-15T19:10:25.212+0000] {logging_mixin.py:190} INFO - [2024-09-15T19:10:25.211+0000] {dagbag.py:587} INFO - Filling up the DagBag from /home/airflow/.local/lib/python3.12/site-packages/airflow/example_dags/example_display_name.py
[2024-09-15T19:10:25.218+0000] {processor.py:925} INFO - DAG(s) 'example_display_name' retrieved from /home/airflow/.local/lib/python3.12/site-packages/airflow/example_dags/example_display_name.py
[2024-09-15T19:10:25.230+0000] {logging_mixin.py:190} INFO - [2024-09-15T19:10:25.230+0000] {dag.py:3229} INFO - Sync 1 DAGs
[2024-09-15T19:10:25.238+0000] {logging_mixin.py:190} INFO - [2024-09-15T19:10:25.238+0000] {dag.py:4156} INFO - Setting next_dagrun for example_display_name to None, run_after=None
[2024-09-15T19:10:25.248+0000] {processor.py:208} INFO - Processing /home/airflow/.local/lib/python3.12/site-packages/airflow/example_dags/example_display_name.py took 0.044 seconds
[2024-09-15T19:10:55.994+0000] {processor.py:186} INFO - Started process (PID=186) to work on /home/airflow/.local/lib/python3.12/site-packages/airflow/example_dags/example_display_name.py
[2024-09-15T19:10:55.995+0000] {processor.py:914} INFO - Processing file /home/airflow/.local/lib/python3.12/site-packages/airflow/example_dags/example_display_name.py for tasks to queue
[2024-09-15T19:10:55.997+0000] {logging_mixin.py:190} INFO - [2024-09-15T19:10:55.997+0000] {dagbag.py:587} INFO - Filling up the DagBag from /home/airflow/.local/lib/python3.12/site-packages/airflow/example_dags/example_display_name.py
[2024-09-15T19:10:56.001+0000] {processor.py:925} INFO - DAG(s) 'example_display_name' retrieved from /home/airflow/.local/lib/python3.12/site-packages/airflow/example_dags/example_display_name.py
[2024-09-15T19:10:56.013+0000] {logging_mixin.py:190} INFO - [2024-09-15T19:10:56.013+0000] {dag.py:3229} INFO - Sync 1 DAGs
[2024-09-15T19:10:56.020+0000] {logging_mixin.py:190} INFO - [2024-09-15T19:10:56.020+0000] {dag.py:4156} INFO - Setting next_dagrun for example_display_name to None, run_after=None
[2024-09-15T19:10:56.030+0000] {processor.py:208} INFO - Processing /home/airflow/.local/lib/python3.12/site-packages/airflow/example_dags/example_display_name.py took 0.040 seconds
[2024-09-15T19:11:26.698+0000] {processor.py:186} INFO - Started process (PID=248) to work on /home/airflow/.local/lib/python3.12/site-packages/airflow/example_dags/example_display_name.py
[2024-09-15T19:11:26.699+0000] {processor.py:914} INFO - Processing file /home/airflow/.local/lib/python3.12/site-packages/airflow/example_dags/example_display_name.py for tasks to queue
[2024-09-15T19:11:26.702+0000] {logging_mixin.py:190} INFO - [2024-09-15T19:11:26.701+0000] {dagbag.py:587} INFO - Filling up the DagBag from /home/airflow/.local/lib/python3.12/site-packages/airflow/example_dags/example_display_name.py
[2024-09-15T19:11:26.706+0000] {processor.py:925} INFO - DAG(s) 'example_display_name' retrieved from /home/airflow/.local/lib/python3.12/site-packages/airflow/example_dags/example_display_name.py
[2024-09-15T19:11:26.719+0000] {logging_mixin.py:190} INFO - [2024-09-15T19:11:26.719+0000] {dag.py:3229} INFO - Sync 1 DAGs
[2024-09-15T19:11:26.728+0000] {logging_mixin.py:190} INFO - [2024-09-15T19:11:26.728+0000] {dag.py:4156} INFO - Setting next_dagrun for example_display_name to None, run_after=None
[2024-09-15T19:11:26.741+0000] {processor.py:208} INFO - Processing /home/airflow/.local/lib/python3.12/site-packages/airflow/example_dags/example_display_name.py took 0.046 seconds
[2024-09-15T19:11:57.559+0000] {processor.py:186} INFO - Started process (PID=310) to work on /home/airflow/.local/lib/python3.12/site-packages/airflow/example_dags/example_display_name.py
[2024-09-15T19:11:57.564+0000] {processor.py:914} INFO - Processing file /home/airflow/.local/lib/python3.12/site-packages/airflow/example_dags/example_display_name.py for tasks to queue
[2024-09-15T19:11:57.571+0000] {logging_mixin.py:190} INFO - [2024-09-15T19:11:57.571+0000] {dagbag.py:587} INFO - Filling up the DagBag from /home/airflow/.local/lib/python3.12/site-packages/airflow/example_dags/example_display_name.py
[2024-09-15T19:11:57.587+0000] {processor.py:925} INFO - DAG(s) 'example_display_name' retrieved from /home/airflow/.local/lib/python3.12/site-packages/airflow/example_dags/example_display_name.py
[2024-09-15T19:11:57.609+0000] {logging_mixin.py:190} INFO - [2024-09-15T19:11:57.609+0000] {dag.py:3229} INFO - Sync 1 DAGs
[2024-09-15T19:11:57.679+0000] {logging_mixin.py:190} INFO - [2024-09-15T19:11:57.679+0000] {dag.py:4156} INFO - Setting next_dagrun for example_display_name to None, run_after=None
[2024-09-15T19:11:57.722+0000] {processor.py:208} INFO - Processing /home/airflow/.local/lib/python3.12/site-packages/airflow/example_dags/example_display_name.py took 0.171 seconds
[2024-09-15T19:12:27.893+0000] {processor.py:186} INFO - Started process (PID=372) to work on /home/airflow/.local/lib/python3.12/site-packages/airflow/example_dags/example_display_name.py
[2024-09-15T19:12:27.894+0000] {processor.py:914} INFO - Processing file /home/airflow/.local/lib/python3.12/site-packages/airflow/example_dags/example_display_name.py for tasks to queue
[2024-09-15T19:12:27.896+0000] {logging_mixin.py:190} INFO - [2024-09-15T19:12:27.896+0000] {dagbag.py:587} INFO - Filling up the DagBag from /home/airflow/.local/lib/python3.12/site-packages/airflow/example_dags/example_display_name.py
[2024-09-15T19:12:27.901+0000] {processor.py:925} INFO - DAG(s) 'example_display_name' retrieved from /home/airflow/.local/lib/python3.12/site-packages/airflow/example_dags/example_display_name.py
[2024-09-15T19:12:27.913+0000] {logging_mixin.py:190} INFO - [2024-09-15T19:12:27.913+0000] {dag.py:3229} INFO - Sync 1 DAGs
[2024-09-15T19:12:27.922+0000] {logging_mixin.py:190} INFO - [2024-09-15T19:12:27.922+0000] {dag.py:4156} INFO - Setting next_dagrun for example_display_name to None, run_after=None
[2024-09-15T19:12:27.935+0000] {processor.py:208} INFO - Processing /home/airflow/.local/lib/python3.12/site-packages/airflow/example_dags/example_display_name.py took 0.045 seconds
[2024-09-15T19:12:58.753+0000] {processor.py:186} INFO - Started process (PID=434) to work on /home/airflow/.local/lib/python3.12/site-packages/airflow/example_dags/example_display_name.py
[2024-09-15T19:12:58.754+0000] {processor.py:914} INFO - Processing file /home/airflow/.local/lib/python3.12/site-packages/airflow/example_dags/example_display_name.py for tasks to queue
[2024-09-15T19:12:58.756+0000] {logging_mixin.py:190} INFO - [2024-09-15T19:12:58.756+0000] {dagbag.py:587} INFO - Filling up the DagBag from /home/airflow/.local/lib/python3.12/site-packages/airflow/example_dags/example_display_name.py
[2024-09-15T19:12:58.764+0000] {processor.py:925} INFO - DAG(s) 'example_display_name' retrieved from /home/airflow/.local/lib/python3.12/site-packages/airflow/example_dags/example_display_name.py
[2024-09-15T19:12:58.776+0000] {logging_mixin.py:190} INFO - [2024-09-15T19:12:58.776+0000] {dag.py:3229} INFO - Sync 1 DAGs
[2024-09-15T19:12:58.788+0000] {logging_mixin.py:190} INFO - [2024-09-15T19:12:58.788+0000] {dag.py:4156} INFO - Setting next_dagrun for example_display_name to None, run_after=None
[2024-09-15T19:12:58.801+0000] {processor.py:208} INFO - Processing /home/airflow/.local/lib/python3.12/site-packages/airflow/example_dags/example_display_name.py took 0.051 seconds
