[2024-09-15T19:08:24.782+0000] {processor.py:186} INFO - Started process (PID=64) to work on /home/airflow/.local/lib/python3.12/site-packages/airflow/example_dags/example_sensor_decorator.py
[2024-09-15T19:08:24.783+0000] {processor.py:914} INFO - Processing file /home/airflow/.local/lib/python3.12/site-packages/airflow/example_dags/example_sensor_decorator.py for tasks to queue
[2024-09-15T19:08:24.785+0000] {logging_mixin.py:190} INFO - [2024-09-15T19:08:24.785+0000] {dagbag.py:587} INFO - Filling up the DagBag from /home/airflow/.local/lib/python3.12/site-packages/airflow/example_dags/example_sensor_decorator.py
[2024-09-15T19:08:24.791+0000] {processor.py:925} INFO - DAG(s) 'example_sensor_decorator' retrieved from /home/airflow/.local/lib/python3.12/site-packages/airflow/example_dags/example_sensor_decorator.py
[2024-09-15T19:08:24.857+0000] {logging_mixin.py:190} INFO - [2024-09-15T19:08:24.857+0000] {override.py:1900} INFO - Created Permission View: can edit on DAG:example_sensor_decorator
[2024-09-15T19:08:24.863+0000] {logging_mixin.py:190} INFO - [2024-09-15T19:08:24.863+0000] {override.py:1900} INFO - Created Permission View: can delete on DAG:example_sensor_decorator
[2024-09-15T19:08:24.871+0000] {logging_mixin.py:190} INFO - [2024-09-15T19:08:24.871+0000] {override.py:1900} INFO - Created Permission View: can read on DAG:example_sensor_decorator
[2024-09-15T19:08:24.881+0000] {logging_mixin.py:190} INFO - [2024-09-15T19:08:24.880+0000] {override.py:1900} INFO - Created Permission View: can create on DAG Run:example_sensor_decorator
[2024-09-15T19:08:24.887+0000] {logging_mixin.py:190} INFO - [2024-09-15T19:08:24.887+0000] {override.py:1900} INFO - Created Permission View: can delete on DAG Run:example_sensor_decorator
[2024-09-15T19:08:24.898+0000] {logging_mixin.py:190} INFO - [2024-09-15T19:08:24.897+0000] {override.py:1900} INFO - Created Permission View: menu access on DAG Run:example_sensor_decorator
[2024-09-15T19:08:24.904+0000] {logging_mixin.py:190} INFO - [2024-09-15T19:08:24.904+0000] {override.py:1900} INFO - Created Permission View: can read on DAG Run:example_sensor_decorator
[2024-09-15T19:08:24.905+0000] {logging_mixin.py:190} INFO - [2024-09-15T19:08:24.905+0000] {dag.py:3229} INFO - Sync 1 DAGs
[2024-09-15T19:08:24.922+0000] {logging_mixin.py:190} INFO - [2024-09-15T19:08:24.922+0000] {dag.py:3252} INFO - Creating ORM DAG for example_sensor_decorator
[2024-09-15T19:08:24.924+0000] {logging_mixin.py:190} INFO - [2024-09-15T19:08:24.923+0000] {dag.py:4156} INFO - Setting next_dagrun for example_sensor_decorator to None, run_after=None
[2024-09-15T19:08:24.937+0000] {processor.py:208} INFO - Processing /home/airflow/.local/lib/python3.12/site-packages/airflow/example_dags/example_sensor_decorator.py took 0.159 seconds
[2024-09-15T19:08:55.660+0000] {processor.py:186} INFO - Started process (PID=126) to work on /home/airflow/.local/lib/python3.12/site-packages/airflow/example_dags/example_sensor_decorator.py
[2024-09-15T19:08:55.662+0000] {processor.py:914} INFO - Processing file /home/airflow/.local/lib/python3.12/site-packages/airflow/example_dags/example_sensor_decorator.py for tasks to queue
[2024-09-15T19:08:55.664+0000] {logging_mixin.py:190} INFO - [2024-09-15T19:08:55.663+0000] {dagbag.py:587} INFO - Filling up the DagBag from /home/airflow/.local/lib/python3.12/site-packages/airflow/example_dags/example_sensor_decorator.py
[2024-09-15T19:08:55.670+0000] {processor.py:925} INFO - DAG(s) 'example_sensor_decorator' retrieved from /home/airflow/.local/lib/python3.12/site-packages/airflow/example_dags/example_sensor_decorator.py
[2024-09-15T19:08:55.685+0000] {logging_mixin.py:190} INFO - [2024-09-15T19:08:55.684+0000] {dag.py:3229} INFO - Sync 1 DAGs
[2024-09-15T19:08:55.694+0000] {logging_mixin.py:190} INFO - [2024-09-15T19:08:55.693+0000] {dag.py:4156} INFO - Setting next_dagrun for example_sensor_decorator to None, run_after=None
[2024-09-15T19:08:55.704+0000] {processor.py:208} INFO - Processing /home/airflow/.local/lib/python3.12/site-packages/airflow/example_dags/example_sensor_decorator.py took 0.047 seconds
[2024-09-15T19:09:54.574+0000] {processor.py:186} INFO - Started process (PID=63) to work on /home/airflow/.local/lib/python3.12/site-packages/airflow/example_dags/example_sensor_decorator.py
[2024-09-15T19:09:54.575+0000] {processor.py:914} INFO - Processing file /home/airflow/.local/lib/python3.12/site-packages/airflow/example_dags/example_sensor_decorator.py for tasks to queue
[2024-09-15T19:09:54.577+0000] {logging_mixin.py:190} INFO - [2024-09-15T19:09:54.577+0000] {dagbag.py:587} INFO - Filling up the DagBag from /home/airflow/.local/lib/python3.12/site-packages/airflow/example_dags/example_sensor_decorator.py
[2024-09-15T19:09:54.584+0000] {processor.py:925} INFO - DAG(s) 'example_sensor_decorator' retrieved from /home/airflow/.local/lib/python3.12/site-packages/airflow/example_dags/example_sensor_decorator.py
[2024-09-15T19:09:54.597+0000] {logging_mixin.py:190} INFO - [2024-09-15T19:09:54.596+0000] {dag.py:3229} INFO - Sync 1 DAGs
[2024-09-15T19:09:54.607+0000] {logging_mixin.py:190} INFO - [2024-09-15T19:09:54.607+0000] {dag.py:4156} INFO - Setting next_dagrun for example_sensor_decorator to None, run_after=None
[2024-09-15T19:09:54.619+0000] {processor.py:208} INFO - Processing /home/airflow/.local/lib/python3.12/site-packages/airflow/example_dags/example_sensor_decorator.py took 0.049 seconds
[2024-09-15T19:10:25.230+0000] {processor.py:186} INFO - Started process (PID=125) to work on /home/airflow/.local/lib/python3.12/site-packages/airflow/example_dags/example_sensor_decorator.py
[2024-09-15T19:10:25.231+0000] {processor.py:914} INFO - Processing file /home/airflow/.local/lib/python3.12/site-packages/airflow/example_dags/example_sensor_decorator.py for tasks to queue
[2024-09-15T19:10:25.233+0000] {logging_mixin.py:190} INFO - [2024-09-15T19:10:25.233+0000] {dagbag.py:587} INFO - Filling up the DagBag from /home/airflow/.local/lib/python3.12/site-packages/airflow/example_dags/example_sensor_decorator.py
[2024-09-15T19:10:25.237+0000] {processor.py:925} INFO - DAG(s) 'example_sensor_decorator' retrieved from /home/airflow/.local/lib/python3.12/site-packages/airflow/example_dags/example_sensor_decorator.py
[2024-09-15T19:10:25.248+0000] {logging_mixin.py:190} INFO - [2024-09-15T19:10:25.248+0000] {dag.py:3229} INFO - Sync 1 DAGs
[2024-09-15T19:10:25.256+0000] {logging_mixin.py:190} INFO - [2024-09-15T19:10:25.255+0000] {dag.py:4156} INFO - Setting next_dagrun for example_sensor_decorator to None, run_after=None
[2024-09-15T19:10:25.266+0000] {processor.py:208} INFO - Processing /home/airflow/.local/lib/python3.12/site-packages/airflow/example_dags/example_sensor_decorator.py took 0.039 seconds
[2024-09-15T19:10:56.038+0000] {processor.py:186} INFO - Started process (PID=187) to work on /home/airflow/.local/lib/python3.12/site-packages/airflow/example_dags/example_sensor_decorator.py
[2024-09-15T19:10:56.039+0000] {processor.py:914} INFO - Processing file /home/airflow/.local/lib/python3.12/site-packages/airflow/example_dags/example_sensor_decorator.py for tasks to queue
[2024-09-15T19:10:56.042+0000] {logging_mixin.py:190} INFO - [2024-09-15T19:10:56.041+0000] {dagbag.py:587} INFO - Filling up the DagBag from /home/airflow/.local/lib/python3.12/site-packages/airflow/example_dags/example_sensor_decorator.py
[2024-09-15T19:10:56.047+0000] {processor.py:925} INFO - DAG(s) 'example_sensor_decorator' retrieved from /home/airflow/.local/lib/python3.12/site-packages/airflow/example_dags/example_sensor_decorator.py
[2024-09-15T19:10:56.058+0000] {logging_mixin.py:190} INFO - [2024-09-15T19:10:56.058+0000] {dag.py:3229} INFO - Sync 1 DAGs
[2024-09-15T19:10:56.066+0000] {logging_mixin.py:190} INFO - [2024-09-15T19:10:56.066+0000] {dag.py:4156} INFO - Setting next_dagrun for example_sensor_decorator to None, run_after=None
[2024-09-15T19:10:56.076+0000] {processor.py:208} INFO - Processing /home/airflow/.local/lib/python3.12/site-packages/airflow/example_dags/example_sensor_decorator.py took 0.042 seconds
[2024-09-15T19:11:26.722+0000] {processor.py:186} INFO - Started process (PID=249) to work on /home/airflow/.local/lib/python3.12/site-packages/airflow/example_dags/example_sensor_decorator.py
[2024-09-15T19:11:26.724+0000] {processor.py:914} INFO - Processing file /home/airflow/.local/lib/python3.12/site-packages/airflow/example_dags/example_sensor_decorator.py for tasks to queue
[2024-09-15T19:11:26.726+0000] {logging_mixin.py:190} INFO - [2024-09-15T19:11:26.726+0000] {dagbag.py:587} INFO - Filling up the DagBag from /home/airflow/.local/lib/python3.12/site-packages/airflow/example_dags/example_sensor_decorator.py
[2024-09-15T19:11:26.732+0000] {processor.py:925} INFO - DAG(s) 'example_sensor_decorator' retrieved from /home/airflow/.local/lib/python3.12/site-packages/airflow/example_dags/example_sensor_decorator.py
[2024-09-15T19:11:26.747+0000] {logging_mixin.py:190} INFO - [2024-09-15T19:11:26.746+0000] {dag.py:3229} INFO - Sync 1 DAGs
[2024-09-15T19:11:26.758+0000] {logging_mixin.py:190} INFO - [2024-09-15T19:11:26.758+0000] {dag.py:4156} INFO - Setting next_dagrun for example_sensor_decorator to None, run_after=None
[2024-09-15T19:11:26.771+0000] {processor.py:208} INFO - Processing /home/airflow/.local/lib/python3.12/site-packages/airflow/example_dags/example_sensor_decorator.py took 0.052 seconds
[2024-09-15T19:11:57.590+0000] {processor.py:186} INFO - Started process (PID=311) to work on /home/airflow/.local/lib/python3.12/site-packages/airflow/example_dags/example_sensor_decorator.py
[2024-09-15T19:11:57.592+0000] {processor.py:914} INFO - Processing file /home/airflow/.local/lib/python3.12/site-packages/airflow/example_dags/example_sensor_decorator.py for tasks to queue
[2024-09-15T19:11:57.595+0000] {logging_mixin.py:190} INFO - [2024-09-15T19:11:57.595+0000] {dagbag.py:587} INFO - Filling up the DagBag from /home/airflow/.local/lib/python3.12/site-packages/airflow/example_dags/example_sensor_decorator.py
[2024-09-15T19:11:57.602+0000] {processor.py:925} INFO - DAG(s) 'example_sensor_decorator' retrieved from /home/airflow/.local/lib/python3.12/site-packages/airflow/example_dags/example_sensor_decorator.py
[2024-09-15T19:11:57.697+0000] {logging_mixin.py:190} INFO - [2024-09-15T19:11:57.697+0000] {dag.py:3229} INFO - Sync 1 DAGs
[2024-09-15T19:11:57.723+0000] {logging_mixin.py:190} INFO - [2024-09-15T19:11:57.723+0000] {dag.py:4156} INFO - Setting next_dagrun for example_sensor_decorator to None, run_after=None
[2024-09-15T19:11:57.739+0000] {processor.py:208} INFO - Processing /home/airflow/.local/lib/python3.12/site-packages/airflow/example_dags/example_sensor_decorator.py took 0.152 seconds
[2024-09-15T19:12:27.931+0000] {processor.py:186} INFO - Started process (PID=373) to work on /home/airflow/.local/lib/python3.12/site-packages/airflow/example_dags/example_sensor_decorator.py
[2024-09-15T19:12:27.933+0000] {processor.py:914} INFO - Processing file /home/airflow/.local/lib/python3.12/site-packages/airflow/example_dags/example_sensor_decorator.py for tasks to queue
[2024-09-15T19:12:27.934+0000] {logging_mixin.py:190} INFO - [2024-09-15T19:12:27.934+0000] {dagbag.py:587} INFO - Filling up the DagBag from /home/airflow/.local/lib/python3.12/site-packages/airflow/example_dags/example_sensor_decorator.py
[2024-09-15T19:12:27.940+0000] {processor.py:925} INFO - DAG(s) 'example_sensor_decorator' retrieved from /home/airflow/.local/lib/python3.12/site-packages/airflow/example_dags/example_sensor_decorator.py
[2024-09-15T19:12:27.954+0000] {logging_mixin.py:190} INFO - [2024-09-15T19:12:27.953+0000] {dag.py:3229} INFO - Sync 1 DAGs
[2024-09-15T19:12:27.962+0000] {logging_mixin.py:190} INFO - [2024-09-15T19:12:27.962+0000] {dag.py:4156} INFO - Setting next_dagrun for example_sensor_decorator to None, run_after=None
[2024-09-15T19:12:27.972+0000] {processor.py:208} INFO - Processing /home/airflow/.local/lib/python3.12/site-packages/airflow/example_dags/example_sensor_decorator.py took 0.043 seconds
[2024-09-15T19:12:58.780+0000] {processor.py:186} INFO - Started process (PID=435) to work on /home/airflow/.local/lib/python3.12/site-packages/airflow/example_dags/example_sensor_decorator.py
[2024-09-15T19:12:58.782+0000] {processor.py:914} INFO - Processing file /home/airflow/.local/lib/python3.12/site-packages/airflow/example_dags/example_sensor_decorator.py for tasks to queue
[2024-09-15T19:12:58.785+0000] {logging_mixin.py:190} INFO - [2024-09-15T19:12:58.784+0000] {dagbag.py:587} INFO - Filling up the DagBag from /home/airflow/.local/lib/python3.12/site-packages/airflow/example_dags/example_sensor_decorator.py
[2024-09-15T19:12:58.790+0000] {processor.py:925} INFO - DAG(s) 'example_sensor_decorator' retrieved from /home/airflow/.local/lib/python3.12/site-packages/airflow/example_dags/example_sensor_decorator.py
[2024-09-15T19:12:58.803+0000] {logging_mixin.py:190} INFO - [2024-09-15T19:12:58.803+0000] {dag.py:3229} INFO - Sync 1 DAGs
[2024-09-15T19:12:58.813+0000] {logging_mixin.py:190} INFO - [2024-09-15T19:12:58.813+0000] {dag.py:4156} INFO - Setting next_dagrun for example_sensor_decorator to None, run_after=None
[2024-09-15T19:12:58.826+0000] {processor.py:208} INFO - Processing /home/airflow/.local/lib/python3.12/site-packages/airflow/example_dags/example_sensor_decorator.py took 0.051 seconds
