[2024-09-15T19:08:23.520+0000] {processor.py:186} INFO - Started process (PID=49) to work on /home/airflow/.local/lib/python3.12/site-packages/airflow/example_dags/example_branch_python_dop_operator_3.py
[2024-09-15T19:08:23.521+0000] {processor.py:914} INFO - Processing file /home/airflow/.local/lib/python3.12/site-packages/airflow/example_dags/example_branch_python_dop_operator_3.py for tasks to queue
[2024-09-15T19:08:23.523+0000] {logging_mixin.py:190} INFO - [2024-09-15T19:08:23.522+0000] {dagbag.py:587} INFO - Filling up the DagBag from /home/airflow/.local/lib/python3.12/site-packages/airflow/example_dags/example_branch_python_dop_operator_3.py
[2024-09-15T19:08:23.529+0000] {processor.py:925} INFO - DAG(s) 'example_branch_dop_operator_v3' retrieved from /home/airflow/.local/lib/python3.12/site-packages/airflow/example_dags/example_branch_python_dop_operator_3.py
[2024-09-15T19:08:23.590+0000] {logging_mixin.py:190} INFO - [2024-09-15T19:08:23.589+0000] {override.py:1900} INFO - Created Permission View: can edit on DAG:example_branch_dop_operator_v3
[2024-09-15T19:08:23.596+0000] {logging_mixin.py:190} INFO - [2024-09-15T19:08:23.595+0000] {override.py:1900} INFO - Created Permission View: can delete on DAG:example_branch_dop_operator_v3
[2024-09-15T19:08:23.602+0000] {logging_mixin.py:190} INFO - [2024-09-15T19:08:23.602+0000] {override.py:1900} INFO - Created Permission View: can read on DAG:example_branch_dop_operator_v3
[2024-09-15T19:08:23.606+0000] {logging_mixin.py:190} INFO - [2024-09-15T19:08:23.606+0000] {override.py:1900} INFO - Created Permission View: can create on DAG Run:example_branch_dop_operator_v3
[2024-09-15T19:08:23.617+0000] {logging_mixin.py:190} INFO - [2024-09-15T19:08:23.617+0000] {override.py:1900} INFO - Created Permission View: can delete on DAG Run:example_branch_dop_operator_v3
[2024-09-15T19:08:23.623+0000] {logging_mixin.py:190} INFO - [2024-09-15T19:08:23.623+0000] {override.py:1900} INFO - Created Permission View: menu access on DAG Run:example_branch_dop_operator_v3
[2024-09-15T19:08:23.627+0000] {logging_mixin.py:190} INFO - [2024-09-15T19:08:23.627+0000] {override.py:1900} INFO - Created Permission View: can read on DAG Run:example_branch_dop_operator_v3
[2024-09-15T19:08:23.628+0000] {logging_mixin.py:190} INFO - [2024-09-15T19:08:23.628+0000] {dag.py:3229} INFO - Sync 1 DAGs
[2024-09-15T19:08:23.636+0000] {logging_mixin.py:190} INFO - [2024-09-15T19:08:23.636+0000] {dag.py:3252} INFO - Creating ORM DAG for example_branch_dop_operator_v3
[2024-09-15T19:08:23.646+0000] {logging_mixin.py:190} INFO - [2024-09-15T19:08:23.646+0000] {dag.py:4156} INFO - Setting next_dagrun for example_branch_dop_operator_v3 to 2024-09-15 19:07:00+00:00, run_after=2024-09-15 19:08:00+00:00
[2024-09-15T19:08:23.656+0000] {processor.py:208} INFO - Processing /home/airflow/.local/lib/python3.12/site-packages/airflow/example_dags/example_branch_python_dop_operator_3.py took 0.140 seconds
[2024-09-15T19:08:53.786+0000] {processor.py:186} INFO - Started process (PID=111) to work on /home/airflow/.local/lib/python3.12/site-packages/airflow/example_dags/example_branch_python_dop_operator_3.py
[2024-09-15T19:08:53.787+0000] {processor.py:914} INFO - Processing file /home/airflow/.local/lib/python3.12/site-packages/airflow/example_dags/example_branch_python_dop_operator_3.py for tasks to queue
[2024-09-15T19:08:53.789+0000] {logging_mixin.py:190} INFO - [2024-09-15T19:08:53.789+0000] {dagbag.py:587} INFO - Filling up the DagBag from /home/airflow/.local/lib/python3.12/site-packages/airflow/example_dags/example_branch_python_dop_operator_3.py
[2024-09-15T19:08:53.795+0000] {processor.py:925} INFO - DAG(s) 'example_branch_dop_operator_v3' retrieved from /home/airflow/.local/lib/python3.12/site-packages/airflow/example_dags/example_branch_python_dop_operator_3.py
[2024-09-15T19:08:53.805+0000] {logging_mixin.py:190} INFO - [2024-09-15T19:08:53.805+0000] {dag.py:3229} INFO - Sync 1 DAGs
[2024-09-15T19:08:53.818+0000] {logging_mixin.py:190} INFO - [2024-09-15T19:08:53.818+0000] {dag.py:4156} INFO - Setting next_dagrun for example_branch_dop_operator_v3 to 2024-09-15 19:07:00+00:00, run_after=2024-09-15 19:08:00+00:00
[2024-09-15T19:08:53.828+0000] {processor.py:208} INFO - Processing /home/airflow/.local/lib/python3.12/site-packages/airflow/example_dags/example_branch_python_dop_operator_3.py took 0.046 seconds
[2024-09-15T19:09:53.978+0000] {processor.py:186} INFO - Started process (PID=48) to work on /home/airflow/.local/lib/python3.12/site-packages/airflow/example_dags/example_branch_python_dop_operator_3.py
[2024-09-15T19:09:53.980+0000] {processor.py:914} INFO - Processing file /home/airflow/.local/lib/python3.12/site-packages/airflow/example_dags/example_branch_python_dop_operator_3.py for tasks to queue
[2024-09-15T19:09:53.983+0000] {logging_mixin.py:190} INFO - [2024-09-15T19:09:53.983+0000] {dagbag.py:587} INFO - Filling up the DagBag from /home/airflow/.local/lib/python3.12/site-packages/airflow/example_dags/example_branch_python_dop_operator_3.py
[2024-09-15T19:09:53.992+0000] {processor.py:925} INFO - DAG(s) 'example_branch_dop_operator_v3' retrieved from /home/airflow/.local/lib/python3.12/site-packages/airflow/example_dags/example_branch_python_dop_operator_3.py
[2024-09-15T19:09:54.010+0000] {logging_mixin.py:190} INFO - [2024-09-15T19:09:54.010+0000] {dag.py:3229} INFO - Sync 1 DAGs
[2024-09-15T19:09:54.030+0000] {logging_mixin.py:190} INFO - [2024-09-15T19:09:54.030+0000] {dag.py:4156} INFO - Setting next_dagrun for example_branch_dop_operator_v3 to 2024-09-15 19:08:00+00:00, run_after=2024-09-15 19:09:00+00:00
[2024-09-15T19:09:54.042+0000] {processor.py:208} INFO - Processing /home/airflow/.local/lib/python3.12/site-packages/airflow/example_dags/example_branch_python_dop_operator_3.py took 0.068 seconds
[2024-09-15T19:10:24.699+0000] {processor.py:186} INFO - Started process (PID=110) to work on /home/airflow/.local/lib/python3.12/site-packages/airflow/example_dags/example_branch_python_dop_operator_3.py
[2024-09-15T19:10:24.700+0000] {processor.py:914} INFO - Processing file /home/airflow/.local/lib/python3.12/site-packages/airflow/example_dags/example_branch_python_dop_operator_3.py for tasks to queue
[2024-09-15T19:10:24.702+0000] {logging_mixin.py:190} INFO - [2024-09-15T19:10:24.702+0000] {dagbag.py:587} INFO - Filling up the DagBag from /home/airflow/.local/lib/python3.12/site-packages/airflow/example_dags/example_branch_python_dop_operator_3.py
[2024-09-15T19:10:24.708+0000] {processor.py:925} INFO - DAG(s) 'example_branch_dop_operator_v3' retrieved from /home/airflow/.local/lib/python3.12/site-packages/airflow/example_dags/example_branch_python_dop_operator_3.py
[2024-09-15T19:10:24.721+0000] {logging_mixin.py:190} INFO - [2024-09-15T19:10:24.721+0000] {dag.py:3229} INFO - Sync 1 DAGs
[2024-09-15T19:10:24.737+0000] {logging_mixin.py:190} INFO - [2024-09-15T19:10:24.737+0000] {dag.py:4156} INFO - Setting next_dagrun for example_branch_dop_operator_v3 to 2024-09-15 19:09:00+00:00, run_after=2024-09-15 19:10:00+00:00
[2024-09-15T19:10:24.748+0000] {processor.py:208} INFO - Processing /home/airflow/.local/lib/python3.12/site-packages/airflow/example_dags/example_branch_python_dop_operator_3.py took 0.052 seconds
[2024-09-15T19:10:55.432+0000] {processor.py:186} INFO - Started process (PID=172) to work on /home/airflow/.local/lib/python3.12/site-packages/airflow/example_dags/example_branch_python_dop_operator_3.py
[2024-09-15T19:10:55.434+0000] {processor.py:914} INFO - Processing file /home/airflow/.local/lib/python3.12/site-packages/airflow/example_dags/example_branch_python_dop_operator_3.py for tasks to queue
[2024-09-15T19:10:55.436+0000] {logging_mixin.py:190} INFO - [2024-09-15T19:10:55.436+0000] {dagbag.py:587} INFO - Filling up the DagBag from /home/airflow/.local/lib/python3.12/site-packages/airflow/example_dags/example_branch_python_dop_operator_3.py
[2024-09-15T19:10:55.443+0000] {processor.py:925} INFO - DAG(s) 'example_branch_dop_operator_v3' retrieved from /home/airflow/.local/lib/python3.12/site-packages/airflow/example_dags/example_branch_python_dop_operator_3.py
[2024-09-15T19:10:55.456+0000] {logging_mixin.py:190} INFO - [2024-09-15T19:10:55.456+0000] {dag.py:3229} INFO - Sync 1 DAGs
[2024-09-15T19:10:55.474+0000] {logging_mixin.py:190} INFO - [2024-09-15T19:10:55.474+0000] {dag.py:4156} INFO - Setting next_dagrun for example_branch_dop_operator_v3 to 2024-09-15 19:09:00+00:00, run_after=2024-09-15 19:10:00+00:00
[2024-09-15T19:10:55.488+0000] {processor.py:208} INFO - Processing /home/airflow/.local/lib/python3.12/site-packages/airflow/example_dags/example_branch_python_dop_operator_3.py took 0.060 seconds
[2024-09-15T19:11:26.104+0000] {processor.py:186} INFO - Started process (PID=234) to work on /home/airflow/.local/lib/python3.12/site-packages/airflow/example_dags/example_branch_python_dop_operator_3.py
[2024-09-15T19:11:26.105+0000] {processor.py:914} INFO - Processing file /home/airflow/.local/lib/python3.12/site-packages/airflow/example_dags/example_branch_python_dop_operator_3.py for tasks to queue
[2024-09-15T19:11:26.107+0000] {logging_mixin.py:190} INFO - [2024-09-15T19:11:26.106+0000] {dagbag.py:587} INFO - Filling up the DagBag from /home/airflow/.local/lib/python3.12/site-packages/airflow/example_dags/example_branch_python_dop_operator_3.py
[2024-09-15T19:11:26.112+0000] {processor.py:925} INFO - DAG(s) 'example_branch_dop_operator_v3' retrieved from /home/airflow/.local/lib/python3.12/site-packages/airflow/example_dags/example_branch_python_dop_operator_3.py
[2024-09-15T19:11:26.125+0000] {logging_mixin.py:190} INFO - [2024-09-15T19:11:26.124+0000] {dag.py:3229} INFO - Sync 1 DAGs
[2024-09-15T19:11:26.139+0000] {logging_mixin.py:190} INFO - [2024-09-15T19:11:26.139+0000] {dag.py:4156} INFO - Setting next_dagrun for example_branch_dop_operator_v3 to 2024-09-15 19:10:00+00:00, run_after=2024-09-15 19:11:00+00:00
[2024-09-15T19:11:26.149+0000] {processor.py:208} INFO - Processing /home/airflow/.local/lib/python3.12/site-packages/airflow/example_dags/example_branch_python_dop_operator_3.py took 0.048 seconds
[2024-09-15T19:11:56.941+0000] {processor.py:186} INFO - Started process (PID=296) to work on /home/airflow/.local/lib/python3.12/site-packages/airflow/example_dags/example_branch_python_dop_operator_3.py
[2024-09-15T19:11:56.942+0000] {processor.py:914} INFO - Processing file /home/airflow/.local/lib/python3.12/site-packages/airflow/example_dags/example_branch_python_dop_operator_3.py for tasks to queue
[2024-09-15T19:11:56.944+0000] {logging_mixin.py:190} INFO - [2024-09-15T19:11:56.944+0000] {dagbag.py:587} INFO - Filling up the DagBag from /home/airflow/.local/lib/python3.12/site-packages/airflow/example_dags/example_branch_python_dop_operator_3.py
[2024-09-15T19:11:56.951+0000] {processor.py:925} INFO - DAG(s) 'example_branch_dop_operator_v3' retrieved from /home/airflow/.local/lib/python3.12/site-packages/airflow/example_dags/example_branch_python_dop_operator_3.py
[2024-09-15T19:11:56.964+0000] {logging_mixin.py:190} INFO - [2024-09-15T19:11:56.963+0000] {dag.py:3229} INFO - Sync 1 DAGs
[2024-09-15T19:11:56.981+0000] {logging_mixin.py:190} INFO - [2024-09-15T19:11:56.981+0000] {dag.py:4156} INFO - Setting next_dagrun for example_branch_dop_operator_v3 to 2024-09-15 19:10:00+00:00, run_after=2024-09-15 19:11:00+00:00
[2024-09-15T19:11:56.995+0000] {processor.py:208} INFO - Processing /home/airflow/.local/lib/python3.12/site-packages/airflow/example_dags/example_branch_python_dop_operator_3.py took 0.057 seconds
[2024-09-15T19:12:27.332+0000] {processor.py:186} INFO - Started process (PID=358) to work on /home/airflow/.local/lib/python3.12/site-packages/airflow/example_dags/example_branch_python_dop_operator_3.py
[2024-09-15T19:12:27.333+0000] {processor.py:914} INFO - Processing file /home/airflow/.local/lib/python3.12/site-packages/airflow/example_dags/example_branch_python_dop_operator_3.py for tasks to queue
[2024-09-15T19:12:27.335+0000] {logging_mixin.py:190} INFO - [2024-09-15T19:12:27.335+0000] {dagbag.py:587} INFO - Filling up the DagBag from /home/airflow/.local/lib/python3.12/site-packages/airflow/example_dags/example_branch_python_dop_operator_3.py
[2024-09-15T19:12:27.341+0000] {processor.py:925} INFO - DAG(s) 'example_branch_dop_operator_v3' retrieved from /home/airflow/.local/lib/python3.12/site-packages/airflow/example_dags/example_branch_python_dop_operator_3.py
[2024-09-15T19:12:27.353+0000] {logging_mixin.py:190} INFO - [2024-09-15T19:12:27.353+0000] {dag.py:3229} INFO - Sync 1 DAGs
[2024-09-15T19:12:27.367+0000] {logging_mixin.py:190} INFO - [2024-09-15T19:12:27.367+0000] {dag.py:4156} INFO - Setting next_dagrun for example_branch_dop_operator_v3 to 2024-09-15 19:11:00+00:00, run_after=2024-09-15 19:12:00+00:00
[2024-09-15T19:12:27.381+0000] {processor.py:208} INFO - Processing /home/airflow/.local/lib/python3.12/site-packages/airflow/example_dags/example_branch_python_dop_operator_3.py took 0.052 seconds
[2024-09-15T19:12:58.146+0000] {processor.py:186} INFO - Started process (PID=420) to work on /home/airflow/.local/lib/python3.12/site-packages/airflow/example_dags/example_branch_python_dop_operator_3.py
[2024-09-15T19:12:58.148+0000] {processor.py:914} INFO - Processing file /home/airflow/.local/lib/python3.12/site-packages/airflow/example_dags/example_branch_python_dop_operator_3.py for tasks to queue
[2024-09-15T19:12:58.150+0000] {logging_mixin.py:190} INFO - [2024-09-15T19:12:58.150+0000] {dagbag.py:587} INFO - Filling up the DagBag from /home/airflow/.local/lib/python3.12/site-packages/airflow/example_dags/example_branch_python_dop_operator_3.py
[2024-09-15T19:12:58.157+0000] {processor.py:925} INFO - DAG(s) 'example_branch_dop_operator_v3' retrieved from /home/airflow/.local/lib/python3.12/site-packages/airflow/example_dags/example_branch_python_dop_operator_3.py
[2024-09-15T19:12:58.170+0000] {logging_mixin.py:190} INFO - [2024-09-15T19:12:58.170+0000] {dag.py:3229} INFO - Sync 1 DAGs
[2024-09-15T19:12:58.188+0000] {logging_mixin.py:190} INFO - [2024-09-15T19:12:58.187+0000] {dag.py:4156} INFO - Setting next_dagrun for example_branch_dop_operator_v3 to 2024-09-15 19:11:00+00:00, run_after=2024-09-15 19:12:00+00:00
[2024-09-15T19:12:58.201+0000] {processor.py:208} INFO - Processing /home/airflow/.local/lib/python3.12/site-packages/airflow/example_dags/example_branch_python_dop_operator_3.py took 0.058 seconds
