[2024-09-15T19:08:26.139+0000] {processor.py:186} INFO - Started process (PID=78) to work on /home/airflow/.local/lib/python3.12/site-packages/airflow/example_dags/example_outlet_event_extra.py
[2024-09-15T19:08:26.140+0000] {processor.py:914} INFO - Processing file /home/airflow/.local/lib/python3.12/site-packages/airflow/example_dags/example_outlet_event_extra.py for tasks to queue
[2024-09-15T19:08:26.147+0000] {logging_mixin.py:190} INFO - [2024-09-15T19:08:26.147+0000] {dagbag.py:587} INFO - Filling up the DagBag from /home/airflow/.local/lib/python3.12/site-packages/airflow/example_dags/example_outlet_event_extra.py
[2024-09-15T19:08:26.270+0000] {processor.py:925} INFO - DAG(s) 'dataset_with_extra_by_yield', 'dataset_with_extra_by_context', 'dataset_with_extra_from_classic_operator' retrieved from /home/airflow/.local/lib/python3.12/site-packages/airflow/example_dags/example_outlet_event_extra.py
[2024-09-15T19:08:26.330+0000] {logging_mixin.py:190} INFO - [2024-09-15T19:08:26.330+0000] {override.py:1900} INFO - Created Permission View: can edit on DAG:dataset_with_extra_by_yield
[2024-09-15T19:08:26.337+0000] {logging_mixin.py:190} INFO - [2024-09-15T19:08:26.337+0000] {override.py:1900} INFO - Created Permission View: can delete on DAG:dataset_with_extra_by_yield
[2024-09-15T19:08:26.341+0000] {logging_mixin.py:190} INFO - [2024-09-15T19:08:26.341+0000] {override.py:1900} INFO - Created Permission View: can read on DAG:dataset_with_extra_by_yield
[2024-09-15T19:08:26.349+0000] {logging_mixin.py:190} INFO - [2024-09-15T19:08:26.348+0000] {override.py:1900} INFO - Created Permission View: can create on DAG Run:dataset_with_extra_by_yield
[2024-09-15T19:08:26.353+0000] {logging_mixin.py:190} INFO - [2024-09-15T19:08:26.353+0000] {override.py:1900} INFO - Created Permission View: can delete on DAG Run:dataset_with_extra_by_yield
[2024-09-15T19:08:26.358+0000] {logging_mixin.py:190} INFO - [2024-09-15T19:08:26.358+0000] {override.py:1900} INFO - Created Permission View: menu access on DAG Run:dataset_with_extra_by_yield
[2024-09-15T19:08:26.365+0000] {logging_mixin.py:190} INFO - [2024-09-15T19:08:26.364+0000] {override.py:1900} INFO - Created Permission View: can read on DAG Run:dataset_with_extra_by_yield
[2024-09-15T19:08:26.376+0000] {logging_mixin.py:190} INFO - [2024-09-15T19:08:26.376+0000] {override.py:1900} INFO - Created Permission View: can edit on DAG:dataset_with_extra_by_context
[2024-09-15T19:08:26.387+0000] {logging_mixin.py:190} INFO - [2024-09-15T19:08:26.387+0000] {override.py:1900} INFO - Created Permission View: can delete on DAG:dataset_with_extra_by_context
[2024-09-15T19:08:26.392+0000] {logging_mixin.py:190} INFO - [2024-09-15T19:08:26.392+0000] {override.py:1900} INFO - Created Permission View: can read on DAG:dataset_with_extra_by_context
[2024-09-15T19:08:26.399+0000] {logging_mixin.py:190} INFO - [2024-09-15T19:08:26.399+0000] {override.py:1900} INFO - Created Permission View: can create on DAG Run:dataset_with_extra_by_context
[2024-09-15T19:08:26.407+0000] {logging_mixin.py:190} INFO - [2024-09-15T19:08:26.407+0000] {override.py:1900} INFO - Created Permission View: can delete on DAG Run:dataset_with_extra_by_context
[2024-09-15T19:08:26.412+0000] {logging_mixin.py:190} INFO - [2024-09-15T19:08:26.412+0000] {override.py:1900} INFO - Created Permission View: menu access on DAG Run:dataset_with_extra_by_context
[2024-09-15T19:08:26.418+0000] {logging_mixin.py:190} INFO - [2024-09-15T19:08:26.417+0000] {override.py:1900} INFO - Created Permission View: can read on DAG Run:dataset_with_extra_by_context
[2024-09-15T19:08:26.433+0000] {logging_mixin.py:190} INFO - [2024-09-15T19:08:26.433+0000] {override.py:1900} INFO - Created Permission View: can edit on DAG:dataset_with_extra_from_classic_operator
[2024-09-15T19:08:26.439+0000] {logging_mixin.py:190} INFO - [2024-09-15T19:08:26.439+0000] {override.py:1900} INFO - Created Permission View: can delete on DAG:dataset_with_extra_from_classic_operator
[2024-09-15T19:08:26.443+0000] {logging_mixin.py:190} INFO - [2024-09-15T19:08:26.443+0000] {override.py:1900} INFO - Created Permission View: can read on DAG:dataset_with_extra_from_classic_operator
[2024-09-15T19:08:26.448+0000] {logging_mixin.py:190} INFO - [2024-09-15T19:08:26.448+0000] {override.py:1900} INFO - Created Permission View: can create on DAG Run:dataset_with_extra_from_classic_operator
[2024-09-15T19:08:26.453+0000] {logging_mixin.py:190} INFO - [2024-09-15T19:08:26.453+0000] {override.py:1900} INFO - Created Permission View: can delete on DAG Run:dataset_with_extra_from_classic_operator
[2024-09-15T19:08:26.458+0000] {logging_mixin.py:190} INFO - [2024-09-15T19:08:26.458+0000] {override.py:1900} INFO - Created Permission View: menu access on DAG Run:dataset_with_extra_from_classic_operator
[2024-09-15T19:08:26.462+0000] {logging_mixin.py:190} INFO - [2024-09-15T19:08:26.462+0000] {override.py:1900} INFO - Created Permission View: can read on DAG Run:dataset_with_extra_from_classic_operator
[2024-09-15T19:08:26.463+0000] {logging_mixin.py:190} INFO - [2024-09-15T19:08:26.463+0000] {dag.py:3229} INFO - Sync 3 DAGs
[2024-09-15T19:08:26.473+0000] {logging_mixin.py:190} INFO - [2024-09-15T19:08:26.473+0000] {dag.py:3252} INFO - Creating ORM DAG for dataset_with_extra_from_classic_operator
[2024-09-15T19:08:26.475+0000] {logging_mixin.py:190} INFO - [2024-09-15T19:08:26.475+0000] {dag.py:3252} INFO - Creating ORM DAG for dataset_with_extra_by_context
[2024-09-15T19:08:26.476+0000] {logging_mixin.py:190} INFO - [2024-09-15T19:08:26.476+0000] {dag.py:3252} INFO - Creating ORM DAG for dataset_with_extra_by_yield
[2024-09-15T19:08:26.485+0000] {logging_mixin.py:190} INFO - [2024-09-15T19:08:26.485+0000] {dag.py:4156} INFO - Setting next_dagrun for dataset_with_extra_by_context to 2024-09-14 00:00:00+00:00, run_after=2024-09-15 00:00:00+00:00
[2024-09-15T19:08:26.492+0000] {logging_mixin.py:190} INFO - [2024-09-15T19:08:26.491+0000] {dag.py:4156} INFO - Setting next_dagrun for dataset_with_extra_by_yield to 2024-09-14 00:00:00+00:00, run_after=2024-09-15 00:00:00+00:00
[2024-09-15T19:08:26.495+0000] {logging_mixin.py:190} INFO - [2024-09-15T19:08:26.495+0000] {dag.py:4156} INFO - Setting next_dagrun for dataset_with_extra_from_classic_operator to 2024-09-14 00:00:00+00:00, run_after=2024-09-15 00:00:00+00:00
[2024-09-15T19:08:26.537+0000] {processor.py:208} INFO - Processing /home/airflow/.local/lib/python3.12/site-packages/airflow/example_dags/example_outlet_event_extra.py took 0.405 seconds
[2024-09-15T19:08:57.295+0000] {processor.py:186} INFO - Started process (PID=142) to work on /home/airflow/.local/lib/python3.12/site-packages/airflow/example_dags/example_outlet_event_extra.py
[2024-09-15T19:08:57.297+0000] {processor.py:914} INFO - Processing file /home/airflow/.local/lib/python3.12/site-packages/airflow/example_dags/example_outlet_event_extra.py for tasks to queue
[2024-09-15T19:08:57.300+0000] {logging_mixin.py:190} INFO - [2024-09-15T19:08:57.300+0000] {dagbag.py:587} INFO - Filling up the DagBag from /home/airflow/.local/lib/python3.12/site-packages/airflow/example_dags/example_outlet_event_extra.py
[2024-09-15T19:08:57.396+0000] {processor.py:925} INFO - DAG(s) 'dataset_with_extra_by_yield', 'dataset_with_extra_by_context', 'dataset_with_extra_from_classic_operator' retrieved from /home/airflow/.local/lib/python3.12/site-packages/airflow/example_dags/example_outlet_event_extra.py
[2024-09-15T19:08:57.409+0000] {logging_mixin.py:190} INFO - [2024-09-15T19:08:57.409+0000] {dag.py:3229} INFO - Sync 3 DAGs
[2024-09-15T19:08:57.420+0000] {logging_mixin.py:190} INFO - [2024-09-15T19:08:57.420+0000] {dag.py:4156} INFO - Setting next_dagrun for dataset_with_extra_by_context to 2024-09-14 00:00:00+00:00, run_after=2024-09-15 00:00:00+00:00
[2024-09-15T19:08:57.423+0000] {logging_mixin.py:190} INFO - [2024-09-15T19:08:57.423+0000] {dag.py:4156} INFO - Setting next_dagrun for dataset_with_extra_by_yield to 2024-09-14 00:00:00+00:00, run_after=2024-09-15 00:00:00+00:00
[2024-09-15T19:08:57.425+0000] {logging_mixin.py:190} INFO - [2024-09-15T19:08:57.425+0000] {dag.py:4156} INFO - Setting next_dagrun for dataset_with_extra_from_classic_operator to 2024-09-14 00:00:00+00:00, run_after=2024-09-15 00:00:00+00:00
[2024-09-15T19:08:57.436+0000] {processor.py:208} INFO - Processing /home/airflow/.local/lib/python3.12/site-packages/airflow/example_dags/example_outlet_event_extra.py took 0.151 seconds
[2024-09-15T19:09:55.174+0000] {processor.py:186} INFO - Started process (PID=77) to work on /home/airflow/.local/lib/python3.12/site-packages/airflow/example_dags/example_outlet_event_extra.py
[2024-09-15T19:09:55.175+0000] {processor.py:914} INFO - Processing file /home/airflow/.local/lib/python3.12/site-packages/airflow/example_dags/example_outlet_event_extra.py for tasks to queue
[2024-09-15T19:09:55.177+0000] {logging_mixin.py:190} INFO - [2024-09-15T19:09:55.177+0000] {dagbag.py:587} INFO - Filling up the DagBag from /home/airflow/.local/lib/python3.12/site-packages/airflow/example_dags/example_outlet_event_extra.py
[2024-09-15T19:09:55.268+0000] {processor.py:925} INFO - DAG(s) 'dataset_with_extra_by_yield', 'dataset_with_extra_by_context', 'dataset_with_extra_from_classic_operator' retrieved from /home/airflow/.local/lib/python3.12/site-packages/airflow/example_dags/example_outlet_event_extra.py
[2024-09-15T19:09:55.288+0000] {logging_mixin.py:190} INFO - [2024-09-15T19:09:55.288+0000] {dag.py:3229} INFO - Sync 3 DAGs
[2024-09-15T19:09:55.305+0000] {logging_mixin.py:190} INFO - [2024-09-15T19:09:55.305+0000] {dag.py:4156} INFO - Setting next_dagrun for dataset_with_extra_by_context to 2024-09-14 00:00:00+00:00, run_after=2024-09-15 00:00:00+00:00
[2024-09-15T19:09:55.308+0000] {logging_mixin.py:190} INFO - [2024-09-15T19:09:55.308+0000] {dag.py:4156} INFO - Setting next_dagrun for dataset_with_extra_by_yield to 2024-09-14 00:00:00+00:00, run_after=2024-09-15 00:00:00+00:00
[2024-09-15T19:09:55.310+0000] {logging_mixin.py:190} INFO - [2024-09-15T19:09:55.310+0000] {dag.py:4156} INFO - Setting next_dagrun for dataset_with_extra_from_classic_operator to 2024-09-14 00:00:00+00:00, run_after=2024-09-15 00:00:00+00:00
[2024-09-15T19:09:55.323+0000] {processor.py:208} INFO - Processing /home/airflow/.local/lib/python3.12/site-packages/airflow/example_dags/example_outlet_event_extra.py took 0.152 seconds
[2024-09-15T19:10:25.707+0000] {processor.py:186} INFO - Started process (PID=139) to work on /home/airflow/.local/lib/python3.12/site-packages/airflow/example_dags/example_outlet_event_extra.py
[2024-09-15T19:10:25.708+0000] {processor.py:914} INFO - Processing file /home/airflow/.local/lib/python3.12/site-packages/airflow/example_dags/example_outlet_event_extra.py for tasks to queue
[2024-09-15T19:10:25.710+0000] {logging_mixin.py:190} INFO - [2024-09-15T19:10:25.710+0000] {dagbag.py:587} INFO - Filling up the DagBag from /home/airflow/.local/lib/python3.12/site-packages/airflow/example_dags/example_outlet_event_extra.py
[2024-09-15T19:10:25.787+0000] {processor.py:925} INFO - DAG(s) 'dataset_with_extra_by_yield', 'dataset_with_extra_by_context', 'dataset_with_extra_from_classic_operator' retrieved from /home/airflow/.local/lib/python3.12/site-packages/airflow/example_dags/example_outlet_event_extra.py
[2024-09-15T19:10:25.805+0000] {logging_mixin.py:190} INFO - [2024-09-15T19:10:25.805+0000] {dag.py:3229} INFO - Sync 3 DAGs
[2024-09-15T19:10:25.819+0000] {logging_mixin.py:190} INFO - [2024-09-15T19:10:25.819+0000] {dag.py:4156} INFO - Setting next_dagrun for dataset_with_extra_by_context to 2024-09-14 00:00:00+00:00, run_after=2024-09-15 00:00:00+00:00
[2024-09-15T19:10:25.822+0000] {logging_mixin.py:190} INFO - [2024-09-15T19:10:25.822+0000] {dag.py:4156} INFO - Setting next_dagrun for dataset_with_extra_by_yield to 2024-09-14 00:00:00+00:00, run_after=2024-09-15 00:00:00+00:00
[2024-09-15T19:10:25.824+0000] {logging_mixin.py:190} INFO - [2024-09-15T19:10:25.824+0000] {dag.py:4156} INFO - Setting next_dagrun for dataset_with_extra_from_classic_operator to 2024-09-14 00:00:00+00:00, run_after=2024-09-15 00:00:00+00:00
[2024-09-15T19:10:25.835+0000] {processor.py:208} INFO - Processing /home/airflow/.local/lib/python3.12/site-packages/airflow/example_dags/example_outlet_event_extra.py took 0.131 seconds
[2024-09-15T19:10:56.544+0000] {processor.py:186} INFO - Started process (PID=204) to work on /home/airflow/.local/lib/python3.12/site-packages/airflow/example_dags/example_outlet_event_extra.py
[2024-09-15T19:10:56.545+0000] {processor.py:914} INFO - Processing file /home/airflow/.local/lib/python3.12/site-packages/airflow/example_dags/example_outlet_event_extra.py for tasks to queue
[2024-09-15T19:10:56.547+0000] {logging_mixin.py:190} INFO - [2024-09-15T19:10:56.547+0000] {dagbag.py:587} INFO - Filling up the DagBag from /home/airflow/.local/lib/python3.12/site-packages/airflow/example_dags/example_outlet_event_extra.py
[2024-09-15T19:10:56.626+0000] {processor.py:925} INFO - DAG(s) 'dataset_with_extra_by_yield', 'dataset_with_extra_from_classic_operator', 'dataset_with_extra_by_context' retrieved from /home/airflow/.local/lib/python3.12/site-packages/airflow/example_dags/example_outlet_event_extra.py
[2024-09-15T19:10:56.639+0000] {logging_mixin.py:190} INFO - [2024-09-15T19:10:56.639+0000] {dag.py:3229} INFO - Sync 3 DAGs
[2024-09-15T19:10:56.652+0000] {logging_mixin.py:190} INFO - [2024-09-15T19:10:56.652+0000] {dag.py:4156} INFO - Setting next_dagrun for dataset_with_extra_by_context to 2024-09-14 00:00:00+00:00, run_after=2024-09-15 00:00:00+00:00
[2024-09-15T19:10:56.655+0000] {logging_mixin.py:190} INFO - [2024-09-15T19:10:56.655+0000] {dag.py:4156} INFO - Setting next_dagrun for dataset_with_extra_by_yield to 2024-09-14 00:00:00+00:00, run_after=2024-09-15 00:00:00+00:00
[2024-09-15T19:10:56.657+0000] {logging_mixin.py:190} INFO - [2024-09-15T19:10:56.657+0000] {dag.py:4156} INFO - Setting next_dagrun for dataset_with_extra_from_classic_operator to 2024-09-14 00:00:00+00:00, run_after=2024-09-15 00:00:00+00:00
[2024-09-15T19:10:56.667+0000] {processor.py:208} INFO - Processing /home/airflow/.local/lib/python3.12/site-packages/airflow/example_dags/example_outlet_event_extra.py took 0.126 seconds
[2024-09-15T19:11:27.309+0000] {processor.py:186} INFO - Started process (PID=263) to work on /home/airflow/.local/lib/python3.12/site-packages/airflow/example_dags/example_outlet_event_extra.py
[2024-09-15T19:11:27.311+0000] {processor.py:914} INFO - Processing file /home/airflow/.local/lib/python3.12/site-packages/airflow/example_dags/example_outlet_event_extra.py for tasks to queue
[2024-09-15T19:11:27.313+0000] {logging_mixin.py:190} INFO - [2024-09-15T19:11:27.313+0000] {dagbag.py:587} INFO - Filling up the DagBag from /home/airflow/.local/lib/python3.12/site-packages/airflow/example_dags/example_outlet_event_extra.py
[2024-09-15T19:11:27.399+0000] {processor.py:925} INFO - DAG(s) 'dataset_with_extra_from_classic_operator', 'dataset_with_extra_by_yield', 'dataset_with_extra_by_context' retrieved from /home/airflow/.local/lib/python3.12/site-packages/airflow/example_dags/example_outlet_event_extra.py
[2024-09-15T19:11:27.417+0000] {logging_mixin.py:190} INFO - [2024-09-15T19:11:27.417+0000] {dag.py:3229} INFO - Sync 3 DAGs
[2024-09-15T19:11:27.432+0000] {logging_mixin.py:190} INFO - [2024-09-15T19:11:27.432+0000] {dag.py:4156} INFO - Setting next_dagrun for dataset_with_extra_by_context to 2024-09-14 00:00:00+00:00, run_after=2024-09-15 00:00:00+00:00
[2024-09-15T19:11:27.437+0000] {logging_mixin.py:190} INFO - [2024-09-15T19:11:27.437+0000] {dag.py:4156} INFO - Setting next_dagrun for dataset_with_extra_by_yield to 2024-09-14 00:00:00+00:00, run_after=2024-09-15 00:00:00+00:00
[2024-09-15T19:11:27.439+0000] {logging_mixin.py:190} INFO - [2024-09-15T19:11:27.439+0000] {dag.py:4156} INFO - Setting next_dagrun for dataset_with_extra_from_classic_operator to 2024-09-14 00:00:00+00:00, run_after=2024-09-15 00:00:00+00:00
[2024-09-15T19:11:27.454+0000] {processor.py:208} INFO - Processing /home/airflow/.local/lib/python3.12/site-packages/airflow/example_dags/example_outlet_event_extra.py took 0.149 seconds
[2024-09-15T19:11:58.591+0000] {processor.py:186} INFO - Started process (PID=325) to work on /home/airflow/.local/lib/python3.12/site-packages/airflow/example_dags/example_outlet_event_extra.py
[2024-09-15T19:11:58.593+0000] {processor.py:914} INFO - Processing file /home/airflow/.local/lib/python3.12/site-packages/airflow/example_dags/example_outlet_event_extra.py for tasks to queue
[2024-09-15T19:11:58.595+0000] {logging_mixin.py:190} INFO - [2024-09-15T19:11:58.595+0000] {dagbag.py:587} INFO - Filling up the DagBag from /home/airflow/.local/lib/python3.12/site-packages/airflow/example_dags/example_outlet_event_extra.py
[2024-09-15T19:11:58.678+0000] {processor.py:925} INFO - DAG(s) 'dataset_with_extra_from_classic_operator', 'dataset_with_extra_by_context', 'dataset_with_extra_by_yield' retrieved from /home/airflow/.local/lib/python3.12/site-packages/airflow/example_dags/example_outlet_event_extra.py
[2024-09-15T19:11:58.694+0000] {logging_mixin.py:190} INFO - [2024-09-15T19:11:58.694+0000] {dag.py:3229} INFO - Sync 3 DAGs
[2024-09-15T19:11:58.709+0000] {logging_mixin.py:190} INFO - [2024-09-15T19:11:58.709+0000] {dag.py:4156} INFO - Setting next_dagrun for dataset_with_extra_by_context to 2024-09-14 00:00:00+00:00, run_after=2024-09-15 00:00:00+00:00
[2024-09-15T19:11:58.713+0000] {logging_mixin.py:190} INFO - [2024-09-15T19:11:58.712+0000] {dag.py:4156} INFO - Setting next_dagrun for dataset_with_extra_by_yield to 2024-09-14 00:00:00+00:00, run_after=2024-09-15 00:00:00+00:00
[2024-09-15T19:11:58.715+0000] {logging_mixin.py:190} INFO - [2024-09-15T19:11:58.715+0000] {dag.py:4156} INFO - Setting next_dagrun for dataset_with_extra_from_classic_operator to 2024-09-14 00:00:00+00:00, run_after=2024-09-15 00:00:00+00:00
[2024-09-15T19:11:58.727+0000] {processor.py:208} INFO - Processing /home/airflow/.local/lib/python3.12/site-packages/airflow/example_dags/example_outlet_event_extra.py took 0.139 seconds
[2024-09-15T19:12:29.438+0000] {processor.py:186} INFO - Started process (PID=387) to work on /home/airflow/.local/lib/python3.12/site-packages/airflow/example_dags/example_outlet_event_extra.py
[2024-09-15T19:12:29.439+0000] {processor.py:914} INFO - Processing file /home/airflow/.local/lib/python3.12/site-packages/airflow/example_dags/example_outlet_event_extra.py for tasks to queue
[2024-09-15T19:12:29.441+0000] {logging_mixin.py:190} INFO - [2024-09-15T19:12:29.441+0000] {dagbag.py:587} INFO - Filling up the DagBag from /home/airflow/.local/lib/python3.12/site-packages/airflow/example_dags/example_outlet_event_extra.py
[2024-09-15T19:12:29.519+0000] {processor.py:925} INFO - DAG(s) 'dataset_with_extra_by_context', 'dataset_with_extra_from_classic_operator', 'dataset_with_extra_by_yield' retrieved from /home/airflow/.local/lib/python3.12/site-packages/airflow/example_dags/example_outlet_event_extra.py
[2024-09-15T19:12:29.535+0000] {logging_mixin.py:190} INFO - [2024-09-15T19:12:29.535+0000] {dag.py:3229} INFO - Sync 3 DAGs
[2024-09-15T19:12:29.552+0000] {logging_mixin.py:190} INFO - [2024-09-15T19:12:29.551+0000] {dag.py:4156} INFO - Setting next_dagrun for dataset_with_extra_by_context to 2024-09-14 00:00:00+00:00, run_after=2024-09-15 00:00:00+00:00
[2024-09-15T19:12:29.555+0000] {logging_mixin.py:190} INFO - [2024-09-15T19:12:29.555+0000] {dag.py:4156} INFO - Setting next_dagrun for dataset_with_extra_by_yield to 2024-09-14 00:00:00+00:00, run_after=2024-09-15 00:00:00+00:00
[2024-09-15T19:12:29.558+0000] {logging_mixin.py:190} INFO - [2024-09-15T19:12:29.557+0000] {dag.py:4156} INFO - Setting next_dagrun for dataset_with_extra_from_classic_operator to 2024-09-14 00:00:00+00:00, run_after=2024-09-15 00:00:00+00:00
[2024-09-15T19:12:29.571+0000] {processor.py:208} INFO - Processing /home/airflow/.local/lib/python3.12/site-packages/airflow/example_dags/example_outlet_event_extra.py took 0.136 seconds
[2024-09-15T19:13:00.379+0000] {processor.py:186} INFO - Started process (PID=449) to work on /home/airflow/.local/lib/python3.12/site-packages/airflow/example_dags/example_outlet_event_extra.py
[2024-09-15T19:13:00.380+0000] {processor.py:914} INFO - Processing file /home/airflow/.local/lib/python3.12/site-packages/airflow/example_dags/example_outlet_event_extra.py for tasks to queue
[2024-09-15T19:13:00.383+0000] {logging_mixin.py:190} INFO - [2024-09-15T19:13:00.382+0000] {dagbag.py:587} INFO - Filling up the DagBag from /home/airflow/.local/lib/python3.12/site-packages/airflow/example_dags/example_outlet_event_extra.py
[2024-09-15T19:13:00.465+0000] {processor.py:925} INFO - DAG(s) 'dataset_with_extra_from_classic_operator', 'dataset_with_extra_by_context', 'dataset_with_extra_by_yield' retrieved from /home/airflow/.local/lib/python3.12/site-packages/airflow/example_dags/example_outlet_event_extra.py
[2024-09-15T19:13:00.479+0000] {logging_mixin.py:190} INFO - [2024-09-15T19:13:00.479+0000] {dag.py:3229} INFO - Sync 3 DAGs
[2024-09-15T19:13:00.493+0000] {logging_mixin.py:190} INFO - [2024-09-15T19:13:00.493+0000] {dag.py:4156} INFO - Setting next_dagrun for dataset_with_extra_by_context to 2024-09-14 00:00:00+00:00, run_after=2024-09-15 00:00:00+00:00
[2024-09-15T19:13:00.496+0000] {logging_mixin.py:190} INFO - [2024-09-15T19:13:00.496+0000] {dag.py:4156} INFO - Setting next_dagrun for dataset_with_extra_by_yield to 2024-09-14 00:00:00+00:00, run_after=2024-09-15 00:00:00+00:00
[2024-09-15T19:13:00.498+0000] {logging_mixin.py:190} INFO - [2024-09-15T19:13:00.498+0000] {dag.py:4156} INFO - Setting next_dagrun for dataset_with_extra_from_classic_operator to 2024-09-14 00:00:00+00:00, run_after=2024-09-15 00:00:00+00:00
[2024-09-15T19:13:00.511+0000] {processor.py:208} INFO - Processing /home/airflow/.local/lib/python3.12/site-packages/airflow/example_dags/example_outlet_event_extra.py took 0.136 seconds
