[2024-09-15T19:08:22.878+0000] {processor.py:186} INFO - Started process (PID=43) to work on /home/airflow/.local/lib/python3.12/site-packages/airflow/example_dags/example_sensors.py
[2024-09-15T19:08:22.879+0000] {processor.py:914} INFO - Processing file /home/airflow/.local/lib/python3.12/site-packages/airflow/example_dags/example_sensors.py for tasks to queue
[2024-09-15T19:08:22.882+0000] {logging_mixin.py:190} INFO - [2024-09-15T19:08:22.882+0000] {dagbag.py:587} INFO - Filling up the DagBag from /home/airflow/.local/lib/python3.12/site-packages/airflow/example_dags/example_sensors.py
[2024-09-15T19:08:22.890+0000] {processor.py:925} INFO - DAG(s) 'example_sensors' retrieved from /home/airflow/.local/lib/python3.12/site-packages/airflow/example_dags/example_sensors.py
[2024-09-15T19:08:22.982+0000] {logging_mixin.py:190} INFO - [2024-09-15T19:08:22.981+0000] {override.py:1900} INFO - Created Permission View: can edit on DAG:example_sensors
[2024-09-15T19:08:22.992+0000] {logging_mixin.py:190} INFO - [2024-09-15T19:08:22.991+0000] {override.py:1900} INFO - Created Permission View: can delete on DAG:example_sensors
[2024-09-15T19:08:22.996+0000] {logging_mixin.py:190} INFO - [2024-09-15T19:08:22.996+0000] {override.py:1900} INFO - Created Permission View: can read on DAG:example_sensors
[2024-09-15T19:08:23.007+0000] {logging_mixin.py:190} INFO - [2024-09-15T19:08:23.006+0000] {override.py:1900} INFO - Created Permission View: can create on DAG Run:example_sensors
[2024-09-15T19:08:23.014+0000] {logging_mixin.py:190} INFO - [2024-09-15T19:08:23.014+0000] {override.py:1900} INFO - Created Permission View: can delete on DAG Run:example_sensors
[2024-09-15T19:08:23.026+0000] {logging_mixin.py:190} INFO - [2024-09-15T19:08:23.025+0000] {override.py:1900} INFO - Created Permission View: menu access on DAG Run:example_sensors
[2024-09-15T19:08:23.036+0000] {logging_mixin.py:190} INFO - [2024-09-15T19:08:23.035+0000] {override.py:1900} INFO - Created Permission View: can read on DAG Run:example_sensors
[2024-09-15T19:08:23.038+0000] {logging_mixin.py:190} INFO - [2024-09-15T19:08:23.037+0000] {dag.py:3229} INFO - Sync 1 DAGs
[2024-09-15T19:08:23.051+0000] {logging_mixin.py:190} INFO - [2024-09-15T19:08:23.050+0000] {dag.py:3252} INFO - Creating ORM DAG for example_sensors
[2024-09-15T19:08:23.052+0000] {logging_mixin.py:190} INFO - [2024-09-15T19:08:23.052+0000] {dag.py:4156} INFO - Setting next_dagrun for example_sensors to None, run_after=None
[2024-09-15T19:08:23.064+0000] {processor.py:208} INFO - Processing /home/airflow/.local/lib/python3.12/site-packages/airflow/example_dags/example_sensors.py took 0.190 seconds
[2024-09-15T19:08:53.453+0000] {processor.py:186} INFO - Started process (PID=105) to work on /home/airflow/.local/lib/python3.12/site-packages/airflow/example_dags/example_sensors.py
[2024-09-15T19:08:53.454+0000] {processor.py:914} INFO - Processing file /home/airflow/.local/lib/python3.12/site-packages/airflow/example_dags/example_sensors.py for tasks to queue
[2024-09-15T19:08:53.456+0000] {logging_mixin.py:190} INFO - [2024-09-15T19:08:53.456+0000] {dagbag.py:587} INFO - Filling up the DagBag from /home/airflow/.local/lib/python3.12/site-packages/airflow/example_dags/example_sensors.py
[2024-09-15T19:08:53.463+0000] {processor.py:925} INFO - DAG(s) 'example_sensors' retrieved from /home/airflow/.local/lib/python3.12/site-packages/airflow/example_dags/example_sensors.py
[2024-09-15T19:08:53.487+0000] {logging_mixin.py:190} INFO - [2024-09-15T19:08:53.487+0000] {dag.py:3229} INFO - Sync 1 DAGs
[2024-09-15T19:08:53.500+0000] {logging_mixin.py:190} INFO - [2024-09-15T19:08:53.499+0000] {dag.py:4156} INFO - Setting next_dagrun for example_sensors to None, run_after=None
[2024-09-15T19:08:53.510+0000] {processor.py:208} INFO - Processing /home/airflow/.local/lib/python3.12/site-packages/airflow/example_dags/example_sensors.py took 0.062 seconds
[2024-09-15T19:09:53.497+0000] {processor.py:186} INFO - Started process (PID=42) to work on /home/airflow/.local/lib/python3.12/site-packages/airflow/example_dags/example_sensors.py
[2024-09-15T19:09:53.500+0000] {processor.py:914} INFO - Processing file /home/airflow/.local/lib/python3.12/site-packages/airflow/example_dags/example_sensors.py for tasks to queue
[2024-09-15T19:09:53.504+0000] {logging_mixin.py:190} INFO - [2024-09-15T19:09:53.503+0000] {dagbag.py:587} INFO - Filling up the DagBag from /home/airflow/.local/lib/python3.12/site-packages/airflow/example_dags/example_sensors.py
[2024-09-15T19:09:53.514+0000] {processor.py:925} INFO - DAG(s) 'example_sensors' retrieved from /home/airflow/.local/lib/python3.12/site-packages/airflow/example_dags/example_sensors.py
[2024-09-15T19:09:53.562+0000] {logging_mixin.py:190} INFO - [2024-09-15T19:09:53.562+0000] {dag.py:3229} INFO - Sync 1 DAGs
[2024-09-15T19:09:53.608+0000] {logging_mixin.py:190} INFO - [2024-09-15T19:09:53.608+0000] {dag.py:4156} INFO - Setting next_dagrun for example_sensors to None, run_after=None
[2024-09-15T19:09:53.630+0000] {processor.py:208} INFO - Processing /home/airflow/.local/lib/python3.12/site-packages/airflow/example_dags/example_sensors.py took 0.138 seconds
[2024-09-15T19:10:24.485+0000] {processor.py:186} INFO - Started process (PID=104) to work on /home/airflow/.local/lib/python3.12/site-packages/airflow/example_dags/example_sensors.py
[2024-09-15T19:10:24.486+0000] {processor.py:914} INFO - Processing file /home/airflow/.local/lib/python3.12/site-packages/airflow/example_dags/example_sensors.py for tasks to queue
[2024-09-15T19:10:24.489+0000] {logging_mixin.py:190} INFO - [2024-09-15T19:10:24.488+0000] {dagbag.py:587} INFO - Filling up the DagBag from /home/airflow/.local/lib/python3.12/site-packages/airflow/example_dags/example_sensors.py
[2024-09-15T19:10:24.497+0000] {processor.py:925} INFO - DAG(s) 'example_sensors' retrieved from /home/airflow/.local/lib/python3.12/site-packages/airflow/example_dags/example_sensors.py
[2024-09-15T19:10:24.512+0000] {logging_mixin.py:190} INFO - [2024-09-15T19:10:24.512+0000] {dag.py:3229} INFO - Sync 1 DAGs
[2024-09-15T19:10:24.519+0000] {logging_mixin.py:190} INFO - [2024-09-15T19:10:24.519+0000] {dag.py:4156} INFO - Setting next_dagrun for example_sensors to None, run_after=None
[2024-09-15T19:10:24.530+0000] {processor.py:208} INFO - Processing /home/airflow/.local/lib/python3.12/site-packages/airflow/example_dags/example_sensors.py took 0.048 seconds
[2024-09-15T19:10:55.188+0000] {processor.py:186} INFO - Started process (PID=166) to work on /home/airflow/.local/lib/python3.12/site-packages/airflow/example_dags/example_sensors.py
[2024-09-15T19:10:55.189+0000] {processor.py:914} INFO - Processing file /home/airflow/.local/lib/python3.12/site-packages/airflow/example_dags/example_sensors.py for tasks to queue
[2024-09-15T19:10:55.191+0000] {logging_mixin.py:190} INFO - [2024-09-15T19:10:55.191+0000] {dagbag.py:587} INFO - Filling up the DagBag from /home/airflow/.local/lib/python3.12/site-packages/airflow/example_dags/example_sensors.py
[2024-09-15T19:10:55.198+0000] {processor.py:925} INFO - DAG(s) 'example_sensors' retrieved from /home/airflow/.local/lib/python3.12/site-packages/airflow/example_dags/example_sensors.py
[2024-09-15T19:10:55.212+0000] {logging_mixin.py:190} INFO - [2024-09-15T19:10:55.212+0000] {dag.py:3229} INFO - Sync 1 DAGs
[2024-09-15T19:10:55.220+0000] {logging_mixin.py:190} INFO - [2024-09-15T19:10:55.220+0000] {dag.py:4156} INFO - Setting next_dagrun for example_sensors to None, run_after=None
[2024-09-15T19:10:55.231+0000] {processor.py:208} INFO - Processing /home/airflow/.local/lib/python3.12/site-packages/airflow/example_dags/example_sensors.py took 0.046 seconds
[2024-09-15T19:11:25.846+0000] {processor.py:186} INFO - Started process (PID=228) to work on /home/airflow/.local/lib/python3.12/site-packages/airflow/example_dags/example_sensors.py
[2024-09-15T19:11:25.847+0000] {processor.py:914} INFO - Processing file /home/airflow/.local/lib/python3.12/site-packages/airflow/example_dags/example_sensors.py for tasks to queue
[2024-09-15T19:11:25.850+0000] {logging_mixin.py:190} INFO - [2024-09-15T19:11:25.850+0000] {dagbag.py:587} INFO - Filling up the DagBag from /home/airflow/.local/lib/python3.12/site-packages/airflow/example_dags/example_sensors.py
[2024-09-15T19:11:25.857+0000] {processor.py:925} INFO - DAG(s) 'example_sensors' retrieved from /home/airflow/.local/lib/python3.12/site-packages/airflow/example_dags/example_sensors.py
[2024-09-15T19:11:25.872+0000] {logging_mixin.py:190} INFO - [2024-09-15T19:11:25.872+0000] {dag.py:3229} INFO - Sync 1 DAGs
[2024-09-15T19:11:25.880+0000] {logging_mixin.py:190} INFO - [2024-09-15T19:11:25.880+0000] {dag.py:4156} INFO - Setting next_dagrun for example_sensors to None, run_after=None
[2024-09-15T19:11:25.891+0000] {processor.py:208} INFO - Processing /home/airflow/.local/lib/python3.12/site-packages/airflow/example_dags/example_sensors.py took 0.048 seconds
[2024-09-15T19:11:56.604+0000] {processor.py:186} INFO - Started process (PID=290) to work on /home/airflow/.local/lib/python3.12/site-packages/airflow/example_dags/example_sensors.py
[2024-09-15T19:11:56.605+0000] {processor.py:914} INFO - Processing file /home/airflow/.local/lib/python3.12/site-packages/airflow/example_dags/example_sensors.py for tasks to queue
[2024-09-15T19:11:56.607+0000] {logging_mixin.py:190} INFO - [2024-09-15T19:11:56.607+0000] {dagbag.py:587} INFO - Filling up the DagBag from /home/airflow/.local/lib/python3.12/site-packages/airflow/example_dags/example_sensors.py
[2024-09-15T19:11:56.613+0000] {processor.py:925} INFO - DAG(s) 'example_sensors' retrieved from /home/airflow/.local/lib/python3.12/site-packages/airflow/example_dags/example_sensors.py
[2024-09-15T19:11:56.628+0000] {logging_mixin.py:190} INFO - [2024-09-15T19:11:56.628+0000] {dag.py:3229} INFO - Sync 1 DAGs
[2024-09-15T19:11:56.635+0000] {logging_mixin.py:190} INFO - [2024-09-15T19:11:56.635+0000] {dag.py:4156} INFO - Setting next_dagrun for example_sensors to None, run_after=None
[2024-09-15T19:11:56.651+0000] {processor.py:208} INFO - Processing /home/airflow/.local/lib/python3.12/site-packages/airflow/example_dags/example_sensors.py took 0.050 seconds
[2024-09-15T19:12:27.048+0000] {processor.py:186} INFO - Started process (PID=352) to work on /home/airflow/.local/lib/python3.12/site-packages/airflow/example_dags/example_sensors.py
[2024-09-15T19:12:27.050+0000] {processor.py:914} INFO - Processing file /home/airflow/.local/lib/python3.12/site-packages/airflow/example_dags/example_sensors.py for tasks to queue
[2024-09-15T19:12:27.053+0000] {logging_mixin.py:190} INFO - [2024-09-15T19:12:27.052+0000] {dagbag.py:587} INFO - Filling up the DagBag from /home/airflow/.local/lib/python3.12/site-packages/airflow/example_dags/example_sensors.py
[2024-09-15T19:12:27.069+0000] {processor.py:925} INFO - DAG(s) 'example_sensors' retrieved from /home/airflow/.local/lib/python3.12/site-packages/airflow/example_dags/example_sensors.py
[2024-09-15T19:12:27.096+0000] {logging_mixin.py:190} INFO - [2024-09-15T19:12:27.096+0000] {dag.py:3229} INFO - Sync 1 DAGs
[2024-09-15T19:12:27.124+0000] {logging_mixin.py:190} INFO - [2024-09-15T19:12:27.124+0000] {dag.py:4156} INFO - Setting next_dagrun for example_sensors to None, run_after=None
[2024-09-15T19:12:27.144+0000] {processor.py:208} INFO - Processing /home/airflow/.local/lib/python3.12/site-packages/airflow/example_dags/example_sensors.py took 0.100 seconds
[2024-09-15T19:12:57.877+0000] {processor.py:186} INFO - Started process (PID=414) to work on /home/airflow/.local/lib/python3.12/site-packages/airflow/example_dags/example_sensors.py
[2024-09-15T19:12:57.879+0000] {processor.py:914} INFO - Processing file /home/airflow/.local/lib/python3.12/site-packages/airflow/example_dags/example_sensors.py for tasks to queue
[2024-09-15T19:12:57.884+0000] {logging_mixin.py:190} INFO - [2024-09-15T19:12:57.883+0000] {dagbag.py:587} INFO - Filling up the DagBag from /home/airflow/.local/lib/python3.12/site-packages/airflow/example_dags/example_sensors.py
[2024-09-15T19:12:57.893+0000] {processor.py:925} INFO - DAG(s) 'example_sensors' retrieved from /home/airflow/.local/lib/python3.12/site-packages/airflow/example_dags/example_sensors.py
[2024-09-15T19:12:57.911+0000] {logging_mixin.py:190} INFO - [2024-09-15T19:12:57.911+0000] {dag.py:3229} INFO - Sync 1 DAGs
[2024-09-15T19:12:57.921+0000] {logging_mixin.py:190} INFO - [2024-09-15T19:12:57.921+0000] {dag.py:4156} INFO - Setting next_dagrun for example_sensors to None, run_after=None
[2024-09-15T19:12:57.933+0000] {processor.py:208} INFO - Processing /home/airflow/.local/lib/python3.12/site-packages/airflow/example_dags/example_sensors.py took 0.059 seconds
