[2024-09-15T19:08:23.102+0000] {processor.py:186} INFO - Started process (PID=45) to work on /home/airflow/.local/lib/python3.12/site-packages/airflow/example_dags/example_complex.py
[2024-09-15T19:08:23.104+0000] {processor.py:914} INFO - Processing file /home/airflow/.local/lib/python3.12/site-packages/airflow/example_dags/example_complex.py for tasks to queue
[2024-09-15T19:08:23.106+0000] {logging_mixin.py:190} INFO - [2024-09-15T19:08:23.106+0000] {dagbag.py:587} INFO - Filling up the DagBag from /home/airflow/.local/lib/python3.12/site-packages/airflow/example_dags/example_complex.py
[2024-09-15T19:08:23.115+0000] {processor.py:925} INFO - DAG(s) 'example_complex' retrieved from /home/airflow/.local/lib/python3.12/site-packages/airflow/example_dags/example_complex.py
[2024-09-15T19:08:23.206+0000] {logging_mixin.py:190} INFO - [2024-09-15T19:08:23.205+0000] {override.py:1900} INFO - Created Permission View: can edit on DAG:example_complex
[2024-09-15T19:08:23.212+0000] {logging_mixin.py:190} INFO - [2024-09-15T19:08:23.211+0000] {override.py:1900} INFO - Created Permission View: can delete on DAG:example_complex
[2024-09-15T19:08:23.216+0000] {logging_mixin.py:190} INFO - [2024-09-15T19:08:23.216+0000] {override.py:1900} INFO - Created Permission View: can read on DAG:example_complex
[2024-09-15T19:08:23.223+0000] {logging_mixin.py:190} INFO - [2024-09-15T19:08:23.223+0000] {override.py:1900} INFO - Created Permission View: can create on DAG Run:example_complex
[2024-09-15T19:08:23.228+0000] {logging_mixin.py:190} INFO - [2024-09-15T19:08:23.228+0000] {override.py:1900} INFO - Created Permission View: can delete on DAG Run:example_complex
[2024-09-15T19:08:23.232+0000] {logging_mixin.py:190} INFO - [2024-09-15T19:08:23.232+0000] {override.py:1900} INFO - Created Permission View: menu access on DAG Run:example_complex
[2024-09-15T19:08:23.235+0000] {logging_mixin.py:190} INFO - [2024-09-15T19:08:23.235+0000] {override.py:1900} INFO - Created Permission View: can read on DAG Run:example_complex
[2024-09-15T19:08:23.236+0000] {logging_mixin.py:190} INFO - [2024-09-15T19:08:23.236+0000] {dag.py:3229} INFO - Sync 1 DAGs
[2024-09-15T19:08:23.244+0000] {logging_mixin.py:190} INFO - [2024-09-15T19:08:23.244+0000] {dag.py:3252} INFO - Creating ORM DAG for example_complex
[2024-09-15T19:08:23.246+0000] {logging_mixin.py:190} INFO - [2024-09-15T19:08:23.246+0000] {dag.py:4156} INFO - Setting next_dagrun for example_complex to None, run_after=None
[2024-09-15T19:08:23.258+0000] {processor.py:208} INFO - Processing /home/airflow/.local/lib/python3.12/site-packages/airflow/example_dags/example_complex.py took 0.160 seconds
[2024-09-15T19:08:53.529+0000] {processor.py:186} INFO - Started process (PID=107) to work on /home/airflow/.local/lib/python3.12/site-packages/airflow/example_dags/example_complex.py
[2024-09-15T19:08:53.531+0000] {processor.py:914} INFO - Processing file /home/airflow/.local/lib/python3.12/site-packages/airflow/example_dags/example_complex.py for tasks to queue
[2024-09-15T19:08:53.533+0000] {logging_mixin.py:190} INFO - [2024-09-15T19:08:53.532+0000] {dagbag.py:587} INFO - Filling up the DagBag from /home/airflow/.local/lib/python3.12/site-packages/airflow/example_dags/example_complex.py
[2024-09-15T19:08:53.540+0000] {processor.py:925} INFO - DAG(s) 'example_complex' retrieved from /home/airflow/.local/lib/python3.12/site-packages/airflow/example_dags/example_complex.py
[2024-09-15T19:08:53.559+0000] {logging_mixin.py:190} INFO - [2024-09-15T19:08:53.558+0000] {dag.py:3229} INFO - Sync 1 DAGs
[2024-09-15T19:08:53.569+0000] {logging_mixin.py:190} INFO - [2024-09-15T19:08:53.569+0000] {dag.py:4156} INFO - Setting next_dagrun for example_complex to None, run_after=None
[2024-09-15T19:08:53.582+0000] {processor.py:208} INFO - Processing /home/airflow/.local/lib/python3.12/site-packages/airflow/example_dags/example_complex.py took 0.056 seconds
[2024-09-15T19:09:53.656+0000] {processor.py:186} INFO - Started process (PID=44) to work on /home/airflow/.local/lib/python3.12/site-packages/airflow/example_dags/example_complex.py
[2024-09-15T19:09:53.658+0000] {processor.py:914} INFO - Processing file /home/airflow/.local/lib/python3.12/site-packages/airflow/example_dags/example_complex.py for tasks to queue
[2024-09-15T19:09:53.661+0000] {logging_mixin.py:190} INFO - [2024-09-15T19:09:53.661+0000] {dagbag.py:587} INFO - Filling up the DagBag from /home/airflow/.local/lib/python3.12/site-packages/airflow/example_dags/example_complex.py
[2024-09-15T19:09:53.672+0000] {processor.py:925} INFO - DAG(s) 'example_complex' retrieved from /home/airflow/.local/lib/python3.12/site-packages/airflow/example_dags/example_complex.py
[2024-09-15T19:09:53.709+0000] {logging_mixin.py:190} INFO - [2024-09-15T19:09:53.709+0000] {dag.py:3229} INFO - Sync 1 DAGs
[2024-09-15T19:09:53.729+0000] {logging_mixin.py:190} INFO - [2024-09-15T19:09:53.729+0000] {dag.py:4156} INFO - Setting next_dagrun for example_complex to None, run_after=None
[2024-09-15T19:09:53.759+0000] {processor.py:208} INFO - Processing /home/airflow/.local/lib/python3.12/site-packages/airflow/example_dags/example_complex.py took 0.108 seconds
[2024-09-15T19:10:24.548+0000] {processor.py:186} INFO - Started process (PID=106) to work on /home/airflow/.local/lib/python3.12/site-packages/airflow/example_dags/example_complex.py
[2024-09-15T19:10:24.550+0000] {processor.py:914} INFO - Processing file /home/airflow/.local/lib/python3.12/site-packages/airflow/example_dags/example_complex.py for tasks to queue
[2024-09-15T19:10:24.551+0000] {logging_mixin.py:190} INFO - [2024-09-15T19:10:24.551+0000] {dagbag.py:587} INFO - Filling up the DagBag from /home/airflow/.local/lib/python3.12/site-packages/airflow/example_dags/example_complex.py
[2024-09-15T19:10:24.558+0000] {processor.py:925} INFO - DAG(s) 'example_complex' retrieved from /home/airflow/.local/lib/python3.12/site-packages/airflow/example_dags/example_complex.py
[2024-09-15T19:10:24.574+0000] {logging_mixin.py:190} INFO - [2024-09-15T19:10:24.574+0000] {dag.py:3229} INFO - Sync 1 DAGs
[2024-09-15T19:10:24.582+0000] {logging_mixin.py:190} INFO - [2024-09-15T19:10:24.582+0000] {dag.py:4156} INFO - Setting next_dagrun for example_complex to None, run_after=None
[2024-09-15T19:10:24.592+0000] {processor.py:208} INFO - Processing /home/airflow/.local/lib/python3.12/site-packages/airflow/example_dags/example_complex.py took 0.046 seconds
[2024-09-15T19:10:55.285+0000] {processor.py:186} INFO - Started process (PID=168) to work on /home/airflow/.local/lib/python3.12/site-packages/airflow/example_dags/example_complex.py
[2024-09-15T19:10:55.287+0000] {processor.py:914} INFO - Processing file /home/airflow/.local/lib/python3.12/site-packages/airflow/example_dags/example_complex.py for tasks to queue
[2024-09-15T19:10:55.289+0000] {logging_mixin.py:190} INFO - [2024-09-15T19:10:55.289+0000] {dagbag.py:587} INFO - Filling up the DagBag from /home/airflow/.local/lib/python3.12/site-packages/airflow/example_dags/example_complex.py
[2024-09-15T19:10:55.296+0000] {processor.py:925} INFO - DAG(s) 'example_complex' retrieved from /home/airflow/.local/lib/python3.12/site-packages/airflow/example_dags/example_complex.py
[2024-09-15T19:10:55.313+0000] {logging_mixin.py:190} INFO - [2024-09-15T19:10:55.313+0000] {dag.py:3229} INFO - Sync 1 DAGs
[2024-09-15T19:10:55.322+0000] {logging_mixin.py:190} INFO - [2024-09-15T19:10:55.322+0000] {dag.py:4156} INFO - Setting next_dagrun for example_complex to None, run_after=None
[2024-09-15T19:10:55.333+0000] {processor.py:208} INFO - Processing /home/airflow/.local/lib/python3.12/site-packages/airflow/example_dags/example_complex.py took 0.051 seconds
[2024-09-15T19:11:25.916+0000] {processor.py:186} INFO - Started process (PID=230) to work on /home/airflow/.local/lib/python3.12/site-packages/airflow/example_dags/example_complex.py
[2024-09-15T19:11:25.918+0000] {processor.py:914} INFO - Processing file /home/airflow/.local/lib/python3.12/site-packages/airflow/example_dags/example_complex.py for tasks to queue
[2024-09-15T19:11:25.920+0000] {logging_mixin.py:190} INFO - [2024-09-15T19:11:25.920+0000] {dagbag.py:587} INFO - Filling up the DagBag from /home/airflow/.local/lib/python3.12/site-packages/airflow/example_dags/example_complex.py
[2024-09-15T19:11:25.927+0000] {processor.py:925} INFO - DAG(s) 'example_complex' retrieved from /home/airflow/.local/lib/python3.12/site-packages/airflow/example_dags/example_complex.py
[2024-09-15T19:11:25.948+0000] {logging_mixin.py:190} INFO - [2024-09-15T19:11:25.948+0000] {dag.py:3229} INFO - Sync 1 DAGs
[2024-09-15T19:11:25.956+0000] {logging_mixin.py:190} INFO - [2024-09-15T19:11:25.956+0000] {dag.py:4156} INFO - Setting next_dagrun for example_complex to None, run_after=None
[2024-09-15T19:11:25.967+0000] {processor.py:208} INFO - Processing /home/airflow/.local/lib/python3.12/site-packages/airflow/example_dags/example_complex.py took 0.054 seconds
[2024-09-15T19:11:56.683+0000] {processor.py:186} INFO - Started process (PID=292) to work on /home/airflow/.local/lib/python3.12/site-packages/airflow/example_dags/example_complex.py
[2024-09-15T19:11:56.685+0000] {processor.py:914} INFO - Processing file /home/airflow/.local/lib/python3.12/site-packages/airflow/example_dags/example_complex.py for tasks to queue
[2024-09-15T19:11:56.689+0000] {logging_mixin.py:190} INFO - [2024-09-15T19:11:56.688+0000] {dagbag.py:587} INFO - Filling up the DagBag from /home/airflow/.local/lib/python3.12/site-packages/airflow/example_dags/example_complex.py
[2024-09-15T19:11:56.707+0000] {processor.py:925} INFO - DAG(s) 'example_complex' retrieved from /home/airflow/.local/lib/python3.12/site-packages/airflow/example_dags/example_complex.py
[2024-09-15T19:11:56.733+0000] {logging_mixin.py:190} INFO - [2024-09-15T19:11:56.733+0000] {dag.py:3229} INFO - Sync 1 DAGs
[2024-09-15T19:11:56.747+0000] {logging_mixin.py:190} INFO - [2024-09-15T19:11:56.747+0000] {dag.py:4156} INFO - Setting next_dagrun for example_complex to None, run_after=None
[2024-09-15T19:11:56.761+0000] {processor.py:208} INFO - Processing /home/airflow/.local/lib/python3.12/site-packages/airflow/example_dags/example_complex.py took 0.083 seconds
[2024-09-15T19:12:27.168+0000] {processor.py:186} INFO - Started process (PID=354) to work on /home/airflow/.local/lib/python3.12/site-packages/airflow/example_dags/example_complex.py
[2024-09-15T19:12:27.169+0000] {processor.py:914} INFO - Processing file /home/airflow/.local/lib/python3.12/site-packages/airflow/example_dags/example_complex.py for tasks to queue
[2024-09-15T19:12:27.171+0000] {logging_mixin.py:190} INFO - [2024-09-15T19:12:27.171+0000] {dagbag.py:587} INFO - Filling up the DagBag from /home/airflow/.local/lib/python3.12/site-packages/airflow/example_dags/example_complex.py
[2024-09-15T19:12:27.180+0000] {processor.py:925} INFO - DAG(s) 'example_complex' retrieved from /home/airflow/.local/lib/python3.12/site-packages/airflow/example_dags/example_complex.py
[2024-09-15T19:12:27.209+0000] {logging_mixin.py:190} INFO - [2024-09-15T19:12:27.208+0000] {dag.py:3229} INFO - Sync 1 DAGs
[2024-09-15T19:12:27.218+0000] {logging_mixin.py:190} INFO - [2024-09-15T19:12:27.217+0000] {dag.py:4156} INFO - Setting next_dagrun for example_complex to None, run_after=None
[2024-09-15T19:12:27.229+0000] {processor.py:208} INFO - Processing /home/airflow/.local/lib/python3.12/site-packages/airflow/example_dags/example_complex.py took 0.065 seconds
[2024-09-15T19:12:57.955+0000] {processor.py:186} INFO - Started process (PID=416) to work on /home/airflow/.local/lib/python3.12/site-packages/airflow/example_dags/example_complex.py
[2024-09-15T19:12:57.957+0000] {processor.py:914} INFO - Processing file /home/airflow/.local/lib/python3.12/site-packages/airflow/example_dags/example_complex.py for tasks to queue
[2024-09-15T19:12:57.959+0000] {logging_mixin.py:190} INFO - [2024-09-15T19:12:57.958+0000] {dagbag.py:587} INFO - Filling up the DagBag from /home/airflow/.local/lib/python3.12/site-packages/airflow/example_dags/example_complex.py
[2024-09-15T19:12:57.966+0000] {processor.py:925} INFO - DAG(s) 'example_complex' retrieved from /home/airflow/.local/lib/python3.12/site-packages/airflow/example_dags/example_complex.py
[2024-09-15T19:12:57.987+0000] {logging_mixin.py:190} INFO - [2024-09-15T19:12:57.987+0000] {dag.py:3229} INFO - Sync 1 DAGs
[2024-09-15T19:12:58.001+0000] {logging_mixin.py:190} INFO - [2024-09-15T19:12:58.000+0000] {dag.py:4156} INFO - Setting next_dagrun for example_complex to None, run_after=None
[2024-09-15T19:12:58.017+0000] {processor.py:208} INFO - Processing /home/airflow/.local/lib/python3.12/site-packages/airflow/example_dags/example_complex.py took 0.066 seconds
