[2024-09-15T19:08:21.665+0000] {processor.py:186} INFO - Started process (PID=36) to work on /home/airflow/.local/lib/python3.12/site-packages/airflow/example_dags/example_bash_operator.py
[2024-09-15T19:08:21.666+0000] {processor.py:914} INFO - Processing file /home/airflow/.local/lib/python3.12/site-packages/airflow/example_dags/example_bash_operator.py for tasks to queue
[2024-09-15T19:08:21.668+0000] {logging_mixin.py:190} INFO - [2024-09-15T19:08:21.668+0000] {dagbag.py:587} INFO - Filling up the DagBag from /home/airflow/.local/lib/python3.12/site-packages/airflow/example_dags/example_bash_operator.py
[2024-09-15T19:08:21.677+0000] {processor.py:925} INFO - DAG(s) 'example_bash_operator' retrieved from /home/airflow/.local/lib/python3.12/site-packages/airflow/example_dags/example_bash_operator.py
[2024-09-15T19:08:21.738+0000] {logging_mixin.py:190} INFO - [2024-09-15T19:08:21.737+0000] {override.py:1900} INFO - Created Permission View: can edit on DAG:example_bash_operator
[2024-09-15T19:08:21.745+0000] {logging_mixin.py:190} INFO - [2024-09-15T19:08:21.745+0000] {override.py:1900} INFO - Created Permission View: can delete on DAG:example_bash_operator
[2024-09-15T19:08:21.751+0000] {logging_mixin.py:190} INFO - [2024-09-15T19:08:21.751+0000] {override.py:1900} INFO - Created Permission View: can read on DAG:example_bash_operator
[2024-09-15T19:08:21.757+0000] {logging_mixin.py:190} INFO - [2024-09-15T19:08:21.757+0000] {override.py:1900} INFO - Created Permission View: can create on DAG Run:example_bash_operator
[2024-09-15T19:08:21.762+0000] {logging_mixin.py:190} INFO - [2024-09-15T19:08:21.762+0000] {override.py:1900} INFO - Created Permission View: can delete on DAG Run:example_bash_operator
[2024-09-15T19:08:21.768+0000] {logging_mixin.py:190} INFO - [2024-09-15T19:08:21.768+0000] {override.py:1900} INFO - Created Permission View: menu access on DAG Run:example_bash_operator
[2024-09-15T19:08:21.773+0000] {logging_mixin.py:190} INFO - [2024-09-15T19:08:21.773+0000] {override.py:1900} INFO - Created Permission View: can read on DAG Run:example_bash_operator
[2024-09-15T19:08:21.774+0000] {logging_mixin.py:190} INFO - [2024-09-15T19:08:21.774+0000] {dag.py:3229} INFO - Sync 1 DAGs
[2024-09-15T19:08:21.784+0000] {logging_mixin.py:190} INFO - [2024-09-15T19:08:21.784+0000] {dag.py:3252} INFO - Creating ORM DAG for example_bash_operator
[2024-09-15T19:08:21.792+0000] {logging_mixin.py:190} INFO - [2024-09-15T19:08:21.791+0000] {dag.py:4156} INFO - Setting next_dagrun for example_bash_operator to 2024-09-14 00:00:00+00:00, run_after=2024-09-15 00:00:00+00:00
[2024-09-15T19:08:21.803+0000] {processor.py:208} INFO - Processing /home/airflow/.local/lib/python3.12/site-packages/airflow/example_dags/example_bash_operator.py took 0.142 seconds
[2024-09-15T19:08:52.019+0000] {processor.py:186} INFO - Started process (PID=97) to work on /home/airflow/.local/lib/python3.12/site-packages/airflow/example_dags/example_bash_operator.py
[2024-09-15T19:08:52.020+0000] {processor.py:914} INFO - Processing file /home/airflow/.local/lib/python3.12/site-packages/airflow/example_dags/example_bash_operator.py for tasks to queue
[2024-09-15T19:08:52.024+0000] {logging_mixin.py:190} INFO - [2024-09-15T19:08:52.023+0000] {dagbag.py:587} INFO - Filling up the DagBag from /home/airflow/.local/lib/python3.12/site-packages/airflow/example_dags/example_bash_operator.py
[2024-09-15T19:08:52.033+0000] {processor.py:925} INFO - DAG(s) 'example_bash_operator' retrieved from /home/airflow/.local/lib/python3.12/site-packages/airflow/example_dags/example_bash_operator.py
[2024-09-15T19:08:52.049+0000] {logging_mixin.py:190} INFO - [2024-09-15T19:08:52.048+0000] {dag.py:3229} INFO - Sync 1 DAGs
[2024-09-15T19:08:52.062+0000] {logging_mixin.py:190} INFO - [2024-09-15T19:08:52.062+0000] {dag.py:4156} INFO - Setting next_dagrun for example_bash_operator to 2024-09-14 00:00:00+00:00, run_after=2024-09-15 00:00:00+00:00
[2024-09-15T19:08:52.072+0000] {processor.py:208} INFO - Processing /home/airflow/.local/lib/python3.12/site-packages/airflow/example_dags/example_bash_operator.py took 0.056 seconds
[2024-09-15T19:09:52.470+0000] {processor.py:186} INFO - Started process (PID=35) to work on /home/airflow/.local/lib/python3.12/site-packages/airflow/example_dags/example_bash_operator.py
[2024-09-15T19:09:52.479+0000] {processor.py:914} INFO - Processing file /home/airflow/.local/lib/python3.12/site-packages/airflow/example_dags/example_bash_operator.py for tasks to queue
[2024-09-15T19:09:52.490+0000] {logging_mixin.py:190} INFO - [2024-09-15T19:09:52.488+0000] {dagbag.py:587} INFO - Filling up the DagBag from /home/airflow/.local/lib/python3.12/site-packages/airflow/example_dags/example_bash_operator.py
[2024-09-15T19:09:52.527+0000] {processor.py:925} INFO - DAG(s) 'example_bash_operator' retrieved from /home/airflow/.local/lib/python3.12/site-packages/airflow/example_dags/example_bash_operator.py
[2024-09-15T19:09:52.573+0000] {logging_mixin.py:190} INFO - [2024-09-15T19:09:52.572+0000] {dag.py:3229} INFO - Sync 1 DAGs
[2024-09-15T19:09:52.606+0000] {logging_mixin.py:190} INFO - [2024-09-15T19:09:52.606+0000] {dag.py:4156} INFO - Setting next_dagrun for example_bash_operator to 2024-09-14 00:00:00+00:00, run_after=2024-09-15 00:00:00+00:00
[2024-09-15T19:09:52.637+0000] {processor.py:208} INFO - Processing /home/airflow/.local/lib/python3.12/site-packages/airflow/example_dags/example_bash_operator.py took 0.193 seconds
[2024-09-15T19:10:23.020+0000] {processor.py:186} INFO - Started process (PID=96) to work on /home/airflow/.local/lib/python3.12/site-packages/airflow/example_dags/example_bash_operator.py
[2024-09-15T19:10:23.022+0000] {processor.py:914} INFO - Processing file /home/airflow/.local/lib/python3.12/site-packages/airflow/example_dags/example_bash_operator.py for tasks to queue
[2024-09-15T19:10:23.023+0000] {logging_mixin.py:190} INFO - [2024-09-15T19:10:23.023+0000] {dagbag.py:587} INFO - Filling up the DagBag from /home/airflow/.local/lib/python3.12/site-packages/airflow/example_dags/example_bash_operator.py
[2024-09-15T19:10:23.030+0000] {processor.py:925} INFO - DAG(s) 'example_bash_operator' retrieved from /home/airflow/.local/lib/python3.12/site-packages/airflow/example_dags/example_bash_operator.py
[2024-09-15T19:10:23.056+0000] {logging_mixin.py:190} INFO - [2024-09-15T19:10:23.055+0000] {dag.py:3229} INFO - Sync 1 DAGs
[2024-09-15T19:10:23.075+0000] {logging_mixin.py:190} INFO - [2024-09-15T19:10:23.075+0000] {dag.py:4156} INFO - Setting next_dagrun for example_bash_operator to 2024-09-14 00:00:00+00:00, run_after=2024-09-15 00:00:00+00:00
[2024-09-15T19:10:23.089+0000] {processor.py:208} INFO - Processing /home/airflow/.local/lib/python3.12/site-packages/airflow/example_dags/example_bash_operator.py took 0.073 seconds
[2024-09-15T19:10:53.617+0000] {processor.py:186} INFO - Started process (PID=158) to work on /home/airflow/.local/lib/python3.12/site-packages/airflow/example_dags/example_bash_operator.py
[2024-09-15T19:10:53.619+0000] {processor.py:914} INFO - Processing file /home/airflow/.local/lib/python3.12/site-packages/airflow/example_dags/example_bash_operator.py for tasks to queue
[2024-09-15T19:10:53.621+0000] {logging_mixin.py:190} INFO - [2024-09-15T19:10:53.621+0000] {dagbag.py:587} INFO - Filling up the DagBag from /home/airflow/.local/lib/python3.12/site-packages/airflow/example_dags/example_bash_operator.py
[2024-09-15T19:10:53.628+0000] {processor.py:925} INFO - DAG(s) 'example_bash_operator' retrieved from /home/airflow/.local/lib/python3.12/site-packages/airflow/example_dags/example_bash_operator.py
[2024-09-15T19:10:53.643+0000] {logging_mixin.py:190} INFO - [2024-09-15T19:10:53.643+0000] {dag.py:3229} INFO - Sync 1 DAGs
[2024-09-15T19:10:53.655+0000] {logging_mixin.py:190} INFO - [2024-09-15T19:10:53.655+0000] {dag.py:4156} INFO - Setting next_dagrun for example_bash_operator to 2024-09-14 00:00:00+00:00, run_after=2024-09-15 00:00:00+00:00
[2024-09-15T19:10:53.669+0000] {processor.py:208} INFO - Processing /home/airflow/.local/lib/python3.12/site-packages/airflow/example_dags/example_bash_operator.py took 0.055 seconds
[2024-09-15T19:11:24.480+0000] {processor.py:186} INFO - Started process (PID=221) to work on /home/airflow/.local/lib/python3.12/site-packages/airflow/example_dags/example_bash_operator.py
[2024-09-15T19:11:24.482+0000] {processor.py:914} INFO - Processing file /home/airflow/.local/lib/python3.12/site-packages/airflow/example_dags/example_bash_operator.py for tasks to queue
[2024-09-15T19:11:24.484+0000] {logging_mixin.py:190} INFO - [2024-09-15T19:11:24.483+0000] {dagbag.py:587} INFO - Filling up the DagBag from /home/airflow/.local/lib/python3.12/site-packages/airflow/example_dags/example_bash_operator.py
[2024-09-15T19:11:24.491+0000] {processor.py:925} INFO - DAG(s) 'example_bash_operator' retrieved from /home/airflow/.local/lib/python3.12/site-packages/airflow/example_dags/example_bash_operator.py
[2024-09-15T19:11:24.506+0000] {logging_mixin.py:190} INFO - [2024-09-15T19:11:24.506+0000] {dag.py:3229} INFO - Sync 1 DAGs
[2024-09-15T19:11:24.519+0000] {logging_mixin.py:190} INFO - [2024-09-15T19:11:24.519+0000] {dag.py:4156} INFO - Setting next_dagrun for example_bash_operator to 2024-09-14 00:00:00+00:00, run_after=2024-09-15 00:00:00+00:00
[2024-09-15T19:11:24.530+0000] {processor.py:208} INFO - Processing /home/airflow/.local/lib/python3.12/site-packages/airflow/example_dags/example_bash_operator.py took 0.054 seconds
[2024-09-15T19:11:55.220+0000] {processor.py:186} INFO - Started process (PID=283) to work on /home/airflow/.local/lib/python3.12/site-packages/airflow/example_dags/example_bash_operator.py
[2024-09-15T19:11:55.222+0000] {processor.py:914} INFO - Processing file /home/airflow/.local/lib/python3.12/site-packages/airflow/example_dags/example_bash_operator.py for tasks to queue
[2024-09-15T19:11:55.223+0000] {logging_mixin.py:190} INFO - [2024-09-15T19:11:55.223+0000] {dagbag.py:587} INFO - Filling up the DagBag from /home/airflow/.local/lib/python3.12/site-packages/airflow/example_dags/example_bash_operator.py
[2024-09-15T19:11:55.231+0000] {processor.py:925} INFO - DAG(s) 'example_bash_operator' retrieved from /home/airflow/.local/lib/python3.12/site-packages/airflow/example_dags/example_bash_operator.py
[2024-09-15T19:11:55.252+0000] {logging_mixin.py:190} INFO - [2024-09-15T19:11:55.252+0000] {dag.py:3229} INFO - Sync 1 DAGs
[2024-09-15T19:11:55.267+0000] {logging_mixin.py:190} INFO - [2024-09-15T19:11:55.267+0000] {dag.py:4156} INFO - Setting next_dagrun for example_bash_operator to 2024-09-14 00:00:00+00:00, run_after=2024-09-15 00:00:00+00:00
[2024-09-15T19:11:55.278+0000] {processor.py:208} INFO - Processing /home/airflow/.local/lib/python3.12/site-packages/airflow/example_dags/example_bash_operator.py took 0.062 seconds
[2024-09-15T19:12:25.594+0000] {processor.py:186} INFO - Started process (PID=345) to work on /home/airflow/.local/lib/python3.12/site-packages/airflow/example_dags/example_bash_operator.py
[2024-09-15T19:12:25.595+0000] {processor.py:914} INFO - Processing file /home/airflow/.local/lib/python3.12/site-packages/airflow/example_dags/example_bash_operator.py for tasks to queue
[2024-09-15T19:12:25.597+0000] {logging_mixin.py:190} INFO - [2024-09-15T19:12:25.597+0000] {dagbag.py:587} INFO - Filling up the DagBag from /home/airflow/.local/lib/python3.12/site-packages/airflow/example_dags/example_bash_operator.py
[2024-09-15T19:12:25.606+0000] {processor.py:925} INFO - DAG(s) 'example_bash_operator' retrieved from /home/airflow/.local/lib/python3.12/site-packages/airflow/example_dags/example_bash_operator.py
[2024-09-15T19:12:25.622+0000] {logging_mixin.py:190} INFO - [2024-09-15T19:12:25.622+0000] {dag.py:3229} INFO - Sync 1 DAGs
[2024-09-15T19:12:25.637+0000] {logging_mixin.py:190} INFO - [2024-09-15T19:12:25.637+0000] {dag.py:4156} INFO - Setting next_dagrun for example_bash_operator to 2024-09-14 00:00:00+00:00, run_after=2024-09-15 00:00:00+00:00
[2024-09-15T19:12:25.647+0000] {processor.py:208} INFO - Processing /home/airflow/.local/lib/python3.12/site-packages/airflow/example_dags/example_bash_operator.py took 0.056 seconds
[2024-09-15T19:12:56.517+0000] {processor.py:186} INFO - Started process (PID=407) to work on /home/airflow/.local/lib/python3.12/site-packages/airflow/example_dags/example_bash_operator.py
[2024-09-15T19:12:56.520+0000] {processor.py:914} INFO - Processing file /home/airflow/.local/lib/python3.12/site-packages/airflow/example_dags/example_bash_operator.py for tasks to queue
[2024-09-15T19:12:56.522+0000] {logging_mixin.py:190} INFO - [2024-09-15T19:12:56.521+0000] {dagbag.py:587} INFO - Filling up the DagBag from /home/airflow/.local/lib/python3.12/site-packages/airflow/example_dags/example_bash_operator.py
[2024-09-15T19:12:56.531+0000] {processor.py:925} INFO - DAG(s) 'example_bash_operator' retrieved from /home/airflow/.local/lib/python3.12/site-packages/airflow/example_dags/example_bash_operator.py
[2024-09-15T19:12:56.548+0000] {logging_mixin.py:190} INFO - [2024-09-15T19:12:56.548+0000] {dag.py:3229} INFO - Sync 1 DAGs
[2024-09-15T19:12:56.562+0000] {logging_mixin.py:190} INFO - [2024-09-15T19:12:56.562+0000] {dag.py:4156} INFO - Setting next_dagrun for example_bash_operator to 2024-09-14 00:00:00+00:00, run_after=2024-09-15 00:00:00+00:00
[2024-09-15T19:12:56.577+0000] {processor.py:208} INFO - Processing /home/airflow/.local/lib/python3.12/site-packages/airflow/example_dags/example_bash_operator.py took 0.064 seconds
