[2024-09-15T19:08:20.308+0000] {processor.py:186} INFO - Started process (PID=30) to work on /home/airflow/.local/lib/python3.12/site-packages/airflow/example_dags/example_branch_labels.py
[2024-09-15T19:08:20.310+0000] {processor.py:914} INFO - Processing file /home/airflow/.local/lib/python3.12/site-packages/airflow/example_dags/example_branch_labels.py for tasks to queue
[2024-09-15T19:08:20.314+0000] {logging_mixin.py:190} INFO - [2024-09-15T19:08:20.313+0000] {dagbag.py:587} INFO - Filling up the DagBag from /home/airflow/.local/lib/python3.12/site-packages/airflow/example_dags/example_branch_labels.py
[2024-09-15T19:08:20.331+0000] {processor.py:925} INFO - DAG(s) 'example_branch_labels' retrieved from /home/airflow/.local/lib/python3.12/site-packages/airflow/example_dags/example_branch_labels.py
[2024-09-15T19:08:20.430+0000] {logging_mixin.py:190} INFO - [2024-09-15T19:08:20.430+0000] {override.py:1900} INFO - Created Permission View: can edit on DAG:example_branch_labels
[2024-09-15T19:08:20.438+0000] {logging_mixin.py:190} INFO - [2024-09-15T19:08:20.438+0000] {override.py:1900} INFO - Created Permission View: can delete on DAG:example_branch_labels
[2024-09-15T19:08:20.442+0000] {logging_mixin.py:190} INFO - [2024-09-15T19:08:20.442+0000] {override.py:1900} INFO - Created Permission View: can read on DAG:example_branch_labels
[2024-09-15T19:08:20.447+0000] {logging_mixin.py:190} INFO - [2024-09-15T19:08:20.447+0000] {override.py:1900} INFO - Created Permission View: can create on DAG Run:example_branch_labels
[2024-09-15T19:08:20.458+0000] {logging_mixin.py:190} INFO - [2024-09-15T19:08:20.457+0000] {override.py:1900} INFO - Created Permission View: can delete on DAG Run:example_branch_labels
[2024-09-15T19:08:20.466+0000] {logging_mixin.py:190} INFO - [2024-09-15T19:08:20.466+0000] {override.py:1900} INFO - Created Permission View: menu access on DAG Run:example_branch_labels
[2024-09-15T19:08:20.473+0000] {logging_mixin.py:190} INFO - [2024-09-15T19:08:20.473+0000] {override.py:1900} INFO - Created Permission View: can read on DAG Run:example_branch_labels
[2024-09-15T19:08:20.475+0000] {logging_mixin.py:190} INFO - [2024-09-15T19:08:20.474+0000] {dag.py:3229} INFO - Sync 1 DAGs
[2024-09-15T19:08:20.487+0000] {logging_mixin.py:190} INFO - [2024-09-15T19:08:20.487+0000] {dag.py:3252} INFO - Creating ORM DAG for example_branch_labels
[2024-09-15T19:08:20.498+0000] {logging_mixin.py:190} INFO - [2024-09-15T19:08:20.498+0000] {dag.py:4156} INFO - Setting next_dagrun for example_branch_labels to 2024-09-14 00:00:00+00:00, run_after=2024-09-15 00:00:00+00:00
[2024-09-15T19:08:20.530+0000] {processor.py:208} INFO - Processing /home/airflow/.local/lib/python3.12/site-packages/airflow/example_dags/example_branch_labels.py took 0.229 seconds
[2024-09-15T19:08:50.828+0000] {processor.py:186} INFO - Started process (PID=92) to work on /home/airflow/.local/lib/python3.12/site-packages/airflow/example_dags/example_branch_labels.py
[2024-09-15T19:08:50.831+0000] {processor.py:914} INFO - Processing file /home/airflow/.local/lib/python3.12/site-packages/airflow/example_dags/example_branch_labels.py for tasks to queue
[2024-09-15T19:08:50.835+0000] {logging_mixin.py:190} INFO - [2024-09-15T19:08:50.835+0000] {dagbag.py:587} INFO - Filling up the DagBag from /home/airflow/.local/lib/python3.12/site-packages/airflow/example_dags/example_branch_labels.py
[2024-09-15T19:08:50.842+0000] {processor.py:925} INFO - DAG(s) 'example_branch_labels' retrieved from /home/airflow/.local/lib/python3.12/site-packages/airflow/example_dags/example_branch_labels.py
[2024-09-15T19:08:50.855+0000] {logging_mixin.py:190} INFO - [2024-09-15T19:08:50.854+0000] {dag.py:3229} INFO - Sync 1 DAGs
[2024-09-15T19:08:50.867+0000] {logging_mixin.py:190} INFO - [2024-09-15T19:08:50.867+0000] {dag.py:4156} INFO - Setting next_dagrun for example_branch_labels to 2024-09-14 00:00:00+00:00, run_after=2024-09-15 00:00:00+00:00
[2024-09-15T19:08:50.876+0000] {processor.py:208} INFO - Processing /home/airflow/.local/lib/python3.12/site-packages/airflow/example_dags/example_branch_labels.py took 0.051 seconds
[2024-09-15T19:09:51.704+0000] {processor.py:186} INFO - Started process (PID=29) to work on /home/airflow/.local/lib/python3.12/site-packages/airflow/example_dags/example_branch_labels.py
[2024-09-15T19:09:51.711+0000] {processor.py:914} INFO - Processing file /home/airflow/.local/lib/python3.12/site-packages/airflow/example_dags/example_branch_labels.py for tasks to queue
[2024-09-15T19:09:51.734+0000] {logging_mixin.py:190} INFO - [2024-09-15T19:09:51.734+0000] {dagbag.py:587} INFO - Filling up the DagBag from /home/airflow/.local/lib/python3.12/site-packages/airflow/example_dags/example_branch_labels.py
[2024-09-15T19:09:51.754+0000] {processor.py:925} INFO - DAG(s) 'example_branch_labels' retrieved from /home/airflow/.local/lib/python3.12/site-packages/airflow/example_dags/example_branch_labels.py
[2024-09-15T19:09:51.797+0000] {logging_mixin.py:190} INFO - [2024-09-15T19:09:51.797+0000] {dag.py:3229} INFO - Sync 1 DAGs
[2024-09-15T19:09:51.832+0000] {logging_mixin.py:190} INFO - [2024-09-15T19:09:51.832+0000] {dag.py:4156} INFO - Setting next_dagrun for example_branch_labels to 2024-09-14 00:00:00+00:00, run_after=2024-09-15 00:00:00+00:00
[2024-09-15T19:09:51.848+0000] {processor.py:208} INFO - Processing /home/airflow/.local/lib/python3.12/site-packages/airflow/example_dags/example_branch_labels.py took 0.155 seconds
[2024-09-15T19:10:22.821+0000] {processor.py:186} INFO - Started process (PID=91) to work on /home/airflow/.local/lib/python3.12/site-packages/airflow/example_dags/example_branch_labels.py
[2024-09-15T19:10:22.822+0000] {processor.py:914} INFO - Processing file /home/airflow/.local/lib/python3.12/site-packages/airflow/example_dags/example_branch_labels.py for tasks to queue
[2024-09-15T19:10:22.824+0000] {logging_mixin.py:190} INFO - [2024-09-15T19:10:22.824+0000] {dagbag.py:587} INFO - Filling up the DagBag from /home/airflow/.local/lib/python3.12/site-packages/airflow/example_dags/example_branch_labels.py
[2024-09-15T19:10:22.829+0000] {processor.py:925} INFO - DAG(s) 'example_branch_labels' retrieved from /home/airflow/.local/lib/python3.12/site-packages/airflow/example_dags/example_branch_labels.py
[2024-09-15T19:10:22.841+0000] {logging_mixin.py:190} INFO - [2024-09-15T19:10:22.841+0000] {dag.py:3229} INFO - Sync 1 DAGs
[2024-09-15T19:10:22.852+0000] {logging_mixin.py:190} INFO - [2024-09-15T19:10:22.852+0000] {dag.py:4156} INFO - Setting next_dagrun for example_branch_labels to 2024-09-14 00:00:00+00:00, run_after=2024-09-15 00:00:00+00:00
[2024-09-15T19:10:22.861+0000] {processor.py:208} INFO - Processing /home/airflow/.local/lib/python3.12/site-packages/airflow/example_dags/example_branch_labels.py took 0.043 seconds
[2024-09-15T19:10:53.415+0000] {processor.py:186} INFO - Started process (PID=153) to work on /home/airflow/.local/lib/python3.12/site-packages/airflow/example_dags/example_branch_labels.py
[2024-09-15T19:10:53.416+0000] {processor.py:914} INFO - Processing file /home/airflow/.local/lib/python3.12/site-packages/airflow/example_dags/example_branch_labels.py for tasks to queue
[2024-09-15T19:10:53.417+0000] {logging_mixin.py:190} INFO - [2024-09-15T19:10:53.417+0000] {dagbag.py:587} INFO - Filling up the DagBag from /home/airflow/.local/lib/python3.12/site-packages/airflow/example_dags/example_branch_labels.py
[2024-09-15T19:10:53.423+0000] {processor.py:925} INFO - DAG(s) 'example_branch_labels' retrieved from /home/airflow/.local/lib/python3.12/site-packages/airflow/example_dags/example_branch_labels.py
[2024-09-15T19:10:53.435+0000] {logging_mixin.py:190} INFO - [2024-09-15T19:10:53.434+0000] {dag.py:3229} INFO - Sync 1 DAGs
[2024-09-15T19:10:53.447+0000] {logging_mixin.py:190} INFO - [2024-09-15T19:10:53.447+0000] {dag.py:4156} INFO - Setting next_dagrun for example_branch_labels to 2024-09-14 00:00:00+00:00, run_after=2024-09-15 00:00:00+00:00
[2024-09-15T19:10:53.456+0000] {processor.py:208} INFO - Processing /home/airflow/.local/lib/python3.12/site-packages/airflow/example_dags/example_branch_labels.py took 0.045 seconds
[2024-09-15T19:11:24.171+0000] {processor.py:186} INFO - Started process (PID=215) to work on /home/airflow/.local/lib/python3.12/site-packages/airflow/example_dags/example_branch_labels.py
[2024-09-15T19:11:24.173+0000] {processor.py:914} INFO - Processing file /home/airflow/.local/lib/python3.12/site-packages/airflow/example_dags/example_branch_labels.py for tasks to queue
[2024-09-15T19:11:24.174+0000] {logging_mixin.py:190} INFO - [2024-09-15T19:11:24.174+0000] {dagbag.py:587} INFO - Filling up the DagBag from /home/airflow/.local/lib/python3.12/site-packages/airflow/example_dags/example_branch_labels.py
[2024-09-15T19:11:24.180+0000] {processor.py:925} INFO - DAG(s) 'example_branch_labels' retrieved from /home/airflow/.local/lib/python3.12/site-packages/airflow/example_dags/example_branch_labels.py
[2024-09-15T19:11:24.191+0000] {logging_mixin.py:190} INFO - [2024-09-15T19:11:24.191+0000] {dag.py:3229} INFO - Sync 1 DAGs
[2024-09-15T19:11:24.203+0000] {logging_mixin.py:190} INFO - [2024-09-15T19:11:24.203+0000] {dag.py:4156} INFO - Setting next_dagrun for example_branch_labels to 2024-09-14 00:00:00+00:00, run_after=2024-09-15 00:00:00+00:00
[2024-09-15T19:11:24.211+0000] {processor.py:208} INFO - Processing /home/airflow/.local/lib/python3.12/site-packages/airflow/example_dags/example_branch_labels.py took 0.044 seconds
[2024-09-15T19:11:54.990+0000] {processor.py:186} INFO - Started process (PID=277) to work on /home/airflow/.local/lib/python3.12/site-packages/airflow/example_dags/example_branch_labels.py
[2024-09-15T19:11:54.992+0000] {processor.py:914} INFO - Processing file /home/airflow/.local/lib/python3.12/site-packages/airflow/example_dags/example_branch_labels.py for tasks to queue
[2024-09-15T19:11:54.994+0000] {logging_mixin.py:190} INFO - [2024-09-15T19:11:54.994+0000] {dagbag.py:587} INFO - Filling up the DagBag from /home/airflow/.local/lib/python3.12/site-packages/airflow/example_dags/example_branch_labels.py
[2024-09-15T19:11:55.005+0000] {processor.py:925} INFO - DAG(s) 'example_branch_labels' retrieved from /home/airflow/.local/lib/python3.12/site-packages/airflow/example_dags/example_branch_labels.py
[2024-09-15T19:11:55.020+0000] {logging_mixin.py:190} INFO - [2024-09-15T19:11:55.019+0000] {dag.py:3229} INFO - Sync 1 DAGs
[2024-09-15T19:11:55.033+0000] {logging_mixin.py:190} INFO - [2024-09-15T19:11:55.033+0000] {dag.py:4156} INFO - Setting next_dagrun for example_branch_labels to 2024-09-14 00:00:00+00:00, run_after=2024-09-15 00:00:00+00:00
[2024-09-15T19:11:55.043+0000] {processor.py:208} INFO - Processing /home/airflow/.local/lib/python3.12/site-packages/airflow/example_dags/example_branch_labels.py took 0.056 seconds
[2024-09-15T19:12:25.280+0000] {processor.py:186} INFO - Started process (PID=339) to work on /home/airflow/.local/lib/python3.12/site-packages/airflow/example_dags/example_branch_labels.py
[2024-09-15T19:12:25.282+0000] {processor.py:914} INFO - Processing file /home/airflow/.local/lib/python3.12/site-packages/airflow/example_dags/example_branch_labels.py for tasks to queue
[2024-09-15T19:12:25.284+0000] {logging_mixin.py:190} INFO - [2024-09-15T19:12:25.284+0000] {dagbag.py:587} INFO - Filling up the DagBag from /home/airflow/.local/lib/python3.12/site-packages/airflow/example_dags/example_branch_labels.py
[2024-09-15T19:12:25.291+0000] {processor.py:925} INFO - DAG(s) 'example_branch_labels' retrieved from /home/airflow/.local/lib/python3.12/site-packages/airflow/example_dags/example_branch_labels.py
[2024-09-15T19:12:25.307+0000] {logging_mixin.py:190} INFO - [2024-09-15T19:12:25.307+0000] {dag.py:3229} INFO - Sync 1 DAGs
[2024-09-15T19:12:25.323+0000] {logging_mixin.py:190} INFO - [2024-09-15T19:12:25.323+0000] {dag.py:4156} INFO - Setting next_dagrun for example_branch_labels to 2024-09-14 00:00:00+00:00, run_after=2024-09-15 00:00:00+00:00
[2024-09-15T19:12:25.334+0000] {processor.py:208} INFO - Processing /home/airflow/.local/lib/python3.12/site-packages/airflow/example_dags/example_branch_labels.py took 0.056 seconds
[2024-09-15T19:12:56.055+0000] {processor.py:186} INFO - Started process (PID=401) to work on /home/airflow/.local/lib/python3.12/site-packages/airflow/example_dags/example_branch_labels.py
[2024-09-15T19:12:56.058+0000] {processor.py:914} INFO - Processing file /home/airflow/.local/lib/python3.12/site-packages/airflow/example_dags/example_branch_labels.py for tasks to queue
[2024-09-15T19:12:56.062+0000] {logging_mixin.py:190} INFO - [2024-09-15T19:12:56.062+0000] {dagbag.py:587} INFO - Filling up the DagBag from /home/airflow/.local/lib/python3.12/site-packages/airflow/example_dags/example_branch_labels.py
[2024-09-15T19:12:56.084+0000] {processor.py:925} INFO - DAG(s) 'example_branch_labels' retrieved from /home/airflow/.local/lib/python3.12/site-packages/airflow/example_dags/example_branch_labels.py
[2024-09-15T19:12:56.099+0000] {logging_mixin.py:190} INFO - [2024-09-15T19:12:56.098+0000] {dag.py:3229} INFO - Sync 1 DAGs
[2024-09-15T19:12:56.111+0000] {logging_mixin.py:190} INFO - [2024-09-15T19:12:56.111+0000] {dag.py:4156} INFO - Setting next_dagrun for example_branch_labels to 2024-09-14 00:00:00+00:00, run_after=2024-09-15 00:00:00+00:00
[2024-09-15T19:12:56.121+0000] {processor.py:208} INFO - Processing /home/airflow/.local/lib/python3.12/site-packages/airflow/example_dags/example_branch_labels.py took 0.072 seconds
