[2024-09-15T19:08:24.397+0000] {processor.py:186} INFO - Started process (PID=60) to work on /home/airflow/.local/lib/python3.12/site-packages/airflow/example_dags/example_short_circuit_decorator.py
[2024-09-15T19:08:24.399+0000] {processor.py:914} INFO - Processing file /home/airflow/.local/lib/python3.12/site-packages/airflow/example_dags/example_short_circuit_decorator.py for tasks to queue
[2024-09-15T19:08:24.400+0000] {logging_mixin.py:190} INFO - [2024-09-15T19:08:24.400+0000] {dagbag.py:587} INFO - Filling up the DagBag from /home/airflow/.local/lib/python3.12/site-packages/airflow/example_dags/example_short_circuit_decorator.py
[2024-09-15T19:08:24.407+0000] {processor.py:925} INFO - DAG(s) 'example_short_circuit_decorator' retrieved from /home/airflow/.local/lib/python3.12/site-packages/airflow/example_dags/example_short_circuit_decorator.py
[2024-09-15T19:08:24.466+0000] {logging_mixin.py:190} INFO - [2024-09-15T19:08:24.466+0000] {override.py:1900} INFO - Created Permission View: can edit on DAG:example_short_circuit_decorator
[2024-09-15T19:08:24.472+0000] {logging_mixin.py:190} INFO - [2024-09-15T19:08:24.472+0000] {override.py:1900} INFO - Created Permission View: can delete on DAG:example_short_circuit_decorator
[2024-09-15T19:08:24.478+0000] {logging_mixin.py:190} INFO - [2024-09-15T19:08:24.478+0000] {override.py:1900} INFO - Created Permission View: can read on DAG:example_short_circuit_decorator
[2024-09-15T19:08:24.483+0000] {logging_mixin.py:190} INFO - [2024-09-15T19:08:24.483+0000] {override.py:1900} INFO - Created Permission View: can create on DAG Run:example_short_circuit_decorator
[2024-09-15T19:08:24.488+0000] {logging_mixin.py:190} INFO - [2024-09-15T19:08:24.488+0000] {override.py:1900} INFO - Created Permission View: can delete on DAG Run:example_short_circuit_decorator
[2024-09-15T19:08:24.493+0000] {logging_mixin.py:190} INFO - [2024-09-15T19:08:24.493+0000] {override.py:1900} INFO - Created Permission View: menu access on DAG Run:example_short_circuit_decorator
[2024-09-15T19:08:24.498+0000] {logging_mixin.py:190} INFO - [2024-09-15T19:08:24.497+0000] {override.py:1900} INFO - Created Permission View: can read on DAG Run:example_short_circuit_decorator
[2024-09-15T19:08:24.499+0000] {logging_mixin.py:190} INFO - [2024-09-15T19:08:24.498+0000] {dag.py:3229} INFO - Sync 1 DAGs
[2024-09-15T19:08:24.507+0000] {logging_mixin.py:190} INFO - [2024-09-15T19:08:24.507+0000] {dag.py:3252} INFO - Creating ORM DAG for example_short_circuit_decorator
[2024-09-15T19:08:24.508+0000] {logging_mixin.py:190} INFO - [2024-09-15T19:08:24.508+0000] {dag.py:4156} INFO - Setting next_dagrun for example_short_circuit_decorator to None, run_after=None
[2024-09-15T19:08:24.518+0000] {processor.py:208} INFO - Processing /home/airflow/.local/lib/python3.12/site-packages/airflow/example_dags/example_short_circuit_decorator.py took 0.124 seconds
[2024-09-15T19:08:55.456+0000] {processor.py:186} INFO - Started process (PID=122) to work on /home/airflow/.local/lib/python3.12/site-packages/airflow/example_dags/example_short_circuit_decorator.py
[2024-09-15T19:08:55.458+0000] {processor.py:914} INFO - Processing file /home/airflow/.local/lib/python3.12/site-packages/airflow/example_dags/example_short_circuit_decorator.py for tasks to queue
[2024-09-15T19:08:55.463+0000] {logging_mixin.py:190} INFO - [2024-09-15T19:08:55.462+0000] {dagbag.py:587} INFO - Filling up the DagBag from /home/airflow/.local/lib/python3.12/site-packages/airflow/example_dags/example_short_circuit_decorator.py
[2024-09-15T19:08:55.475+0000] {processor.py:925} INFO - DAG(s) 'example_short_circuit_decorator' retrieved from /home/airflow/.local/lib/python3.12/site-packages/airflow/example_dags/example_short_circuit_decorator.py
[2024-09-15T19:08:55.494+0000] {logging_mixin.py:190} INFO - [2024-09-15T19:08:55.494+0000] {dag.py:3229} INFO - Sync 1 DAGs
[2024-09-15T19:08:55.505+0000] {logging_mixin.py:190} INFO - [2024-09-15T19:08:55.505+0000] {dag.py:4156} INFO - Setting next_dagrun for example_short_circuit_decorator to None, run_after=None
[2024-09-15T19:08:55.516+0000] {processor.py:208} INFO - Processing /home/airflow/.local/lib/python3.12/site-packages/airflow/example_dags/example_short_circuit_decorator.py took 0.068 seconds
[2024-09-15T19:09:54.431+0000] {processor.py:186} INFO - Started process (PID=59) to work on /home/airflow/.local/lib/python3.12/site-packages/airflow/example_dags/example_short_circuit_decorator.py
[2024-09-15T19:09:54.433+0000] {processor.py:914} INFO - Processing file /home/airflow/.local/lib/python3.12/site-packages/airflow/example_dags/example_short_circuit_decorator.py for tasks to queue
[2024-09-15T19:09:54.435+0000] {logging_mixin.py:190} INFO - [2024-09-15T19:09:54.434+0000] {dagbag.py:587} INFO - Filling up the DagBag from /home/airflow/.local/lib/python3.12/site-packages/airflow/example_dags/example_short_circuit_decorator.py
[2024-09-15T19:09:54.440+0000] {processor.py:925} INFO - DAG(s) 'example_short_circuit_decorator' retrieved from /home/airflow/.local/lib/python3.12/site-packages/airflow/example_dags/example_short_circuit_decorator.py
[2024-09-15T19:09:54.454+0000] {logging_mixin.py:190} INFO - [2024-09-15T19:09:54.453+0000] {dag.py:3229} INFO - Sync 1 DAGs
[2024-09-15T19:09:54.462+0000] {logging_mixin.py:190} INFO - [2024-09-15T19:09:54.461+0000] {dag.py:4156} INFO - Setting next_dagrun for example_short_circuit_decorator to None, run_after=None
[2024-09-15T19:09:54.472+0000] {processor.py:208} INFO - Processing /home/airflow/.local/lib/python3.12/site-packages/airflow/example_dags/example_short_circuit_decorator.py took 0.044 seconds
[2024-09-15T19:10:25.081+0000] {processor.py:186} INFO - Started process (PID=121) to work on /home/airflow/.local/lib/python3.12/site-packages/airflow/example_dags/example_short_circuit_decorator.py
[2024-09-15T19:10:25.082+0000] {processor.py:914} INFO - Processing file /home/airflow/.local/lib/python3.12/site-packages/airflow/example_dags/example_short_circuit_decorator.py for tasks to queue
[2024-09-15T19:10:25.083+0000] {logging_mixin.py:190} INFO - [2024-09-15T19:10:25.083+0000] {dagbag.py:587} INFO - Filling up the DagBag from /home/airflow/.local/lib/python3.12/site-packages/airflow/example_dags/example_short_circuit_decorator.py
[2024-09-15T19:10:25.088+0000] {processor.py:925} INFO - DAG(s) 'example_short_circuit_decorator' retrieved from /home/airflow/.local/lib/python3.12/site-packages/airflow/example_dags/example_short_circuit_decorator.py
[2024-09-15T19:10:25.100+0000] {logging_mixin.py:190} INFO - [2024-09-15T19:10:25.100+0000] {dag.py:3229} INFO - Sync 1 DAGs
[2024-09-15T19:10:25.107+0000] {logging_mixin.py:190} INFO - [2024-09-15T19:10:25.107+0000] {dag.py:4156} INFO - Setting next_dagrun for example_short_circuit_decorator to None, run_after=None
[2024-09-15T19:10:25.117+0000] {processor.py:208} INFO - Processing /home/airflow/.local/lib/python3.12/site-packages/airflow/example_dags/example_short_circuit_decorator.py took 0.040 seconds
[2024-09-15T19:10:55.864+0000] {processor.py:186} INFO - Started process (PID=183) to work on /home/airflow/.local/lib/python3.12/site-packages/airflow/example_dags/example_short_circuit_decorator.py
[2024-09-15T19:10:55.865+0000] {processor.py:914} INFO - Processing file /home/airflow/.local/lib/python3.12/site-packages/airflow/example_dags/example_short_circuit_decorator.py for tasks to queue
[2024-09-15T19:10:55.867+0000] {logging_mixin.py:190} INFO - [2024-09-15T19:10:55.867+0000] {dagbag.py:587} INFO - Filling up the DagBag from /home/airflow/.local/lib/python3.12/site-packages/airflow/example_dags/example_short_circuit_decorator.py
[2024-09-15T19:10:55.873+0000] {processor.py:925} INFO - DAG(s) 'example_short_circuit_decorator' retrieved from /home/airflow/.local/lib/python3.12/site-packages/airflow/example_dags/example_short_circuit_decorator.py
[2024-09-15T19:10:55.914+0000] {logging_mixin.py:190} INFO - [2024-09-15T19:10:55.914+0000] {dag.py:3229} INFO - Sync 1 DAGs
[2024-09-15T19:10:55.924+0000] {logging_mixin.py:190} INFO - [2024-09-15T19:10:55.924+0000] {dag.py:4156} INFO - Setting next_dagrun for example_short_circuit_decorator to None, run_after=None
[2024-09-15T19:10:55.935+0000] {processor.py:208} INFO - Processing /home/airflow/.local/lib/python3.12/site-packages/airflow/example_dags/example_short_circuit_decorator.py took 0.074 seconds
[2024-09-15T19:11:26.568+0000] {processor.py:186} INFO - Started process (PID=245) to work on /home/airflow/.local/lib/python3.12/site-packages/airflow/example_dags/example_short_circuit_decorator.py
[2024-09-15T19:11:26.570+0000] {processor.py:914} INFO - Processing file /home/airflow/.local/lib/python3.12/site-packages/airflow/example_dags/example_short_circuit_decorator.py for tasks to queue
[2024-09-15T19:11:26.572+0000] {logging_mixin.py:190} INFO - [2024-09-15T19:11:26.572+0000] {dagbag.py:587} INFO - Filling up the DagBag from /home/airflow/.local/lib/python3.12/site-packages/airflow/example_dags/example_short_circuit_decorator.py
[2024-09-15T19:11:26.577+0000] {processor.py:925} INFO - DAG(s) 'example_short_circuit_decorator' retrieved from /home/airflow/.local/lib/python3.12/site-packages/airflow/example_dags/example_short_circuit_decorator.py
[2024-09-15T19:11:26.591+0000] {logging_mixin.py:190} INFO - [2024-09-15T19:11:26.591+0000] {dag.py:3229} INFO - Sync 1 DAGs
[2024-09-15T19:11:26.600+0000] {logging_mixin.py:190} INFO - [2024-09-15T19:11:26.600+0000] {dag.py:4156} INFO - Setting next_dagrun for example_short_circuit_decorator to None, run_after=None
[2024-09-15T19:11:26.611+0000] {processor.py:208} INFO - Processing /home/airflow/.local/lib/python3.12/site-packages/airflow/example_dags/example_short_circuit_decorator.py took 0.047 seconds
[2024-09-15T19:11:57.412+0000] {processor.py:186} INFO - Started process (PID=307) to work on /home/airflow/.local/lib/python3.12/site-packages/airflow/example_dags/example_short_circuit_decorator.py
[2024-09-15T19:11:57.413+0000] {processor.py:914} INFO - Processing file /home/airflow/.local/lib/python3.12/site-packages/airflow/example_dags/example_short_circuit_decorator.py for tasks to queue
[2024-09-15T19:11:57.414+0000] {logging_mixin.py:190} INFO - [2024-09-15T19:11:57.414+0000] {dagbag.py:587} INFO - Filling up the DagBag from /home/airflow/.local/lib/python3.12/site-packages/airflow/example_dags/example_short_circuit_decorator.py
[2024-09-15T19:11:57.419+0000] {processor.py:925} INFO - DAG(s) 'example_short_circuit_decorator' retrieved from /home/airflow/.local/lib/python3.12/site-packages/airflow/example_dags/example_short_circuit_decorator.py
[2024-09-15T19:11:57.431+0000] {logging_mixin.py:190} INFO - [2024-09-15T19:11:57.431+0000] {dag.py:3229} INFO - Sync 1 DAGs
[2024-09-15T19:11:57.438+0000] {logging_mixin.py:190} INFO - [2024-09-15T19:11:57.438+0000] {dag.py:4156} INFO - Setting next_dagrun for example_short_circuit_decorator to None, run_after=None
[2024-09-15T19:11:57.447+0000] {processor.py:208} INFO - Processing /home/airflow/.local/lib/python3.12/site-packages/airflow/example_dags/example_short_circuit_decorator.py took 0.038 seconds
[2024-09-15T19:12:27.787+0000] {processor.py:186} INFO - Started process (PID=369) to work on /home/airflow/.local/lib/python3.12/site-packages/airflow/example_dags/example_short_circuit_decorator.py
[2024-09-15T19:12:27.789+0000] {processor.py:914} INFO - Processing file /home/airflow/.local/lib/python3.12/site-packages/airflow/example_dags/example_short_circuit_decorator.py for tasks to queue
[2024-09-15T19:12:27.791+0000] {logging_mixin.py:190} INFO - [2024-09-15T19:12:27.791+0000] {dagbag.py:587} INFO - Filling up the DagBag from /home/airflow/.local/lib/python3.12/site-packages/airflow/example_dags/example_short_circuit_decorator.py
[2024-09-15T19:12:27.797+0000] {processor.py:925} INFO - DAG(s) 'example_short_circuit_decorator' retrieved from /home/airflow/.local/lib/python3.12/site-packages/airflow/example_dags/example_short_circuit_decorator.py
[2024-09-15T19:12:27.811+0000] {logging_mixin.py:190} INFO - [2024-09-15T19:12:27.811+0000] {dag.py:3229} INFO - Sync 1 DAGs
[2024-09-15T19:12:27.820+0000] {logging_mixin.py:190} INFO - [2024-09-15T19:12:27.819+0000] {dag.py:4156} INFO - Setting next_dagrun for example_short_circuit_decorator to None, run_after=None
[2024-09-15T19:12:27.832+0000] {processor.py:208} INFO - Processing /home/airflow/.local/lib/python3.12/site-packages/airflow/example_dags/example_short_circuit_decorator.py took 0.047 seconds
[2024-09-15T19:12:58.609+0000] {processor.py:186} INFO - Started process (PID=431) to work on /home/airflow/.local/lib/python3.12/site-packages/airflow/example_dags/example_short_circuit_decorator.py
[2024-09-15T19:12:58.611+0000] {processor.py:914} INFO - Processing file /home/airflow/.local/lib/python3.12/site-packages/airflow/example_dags/example_short_circuit_decorator.py for tasks to queue
[2024-09-15T19:12:58.613+0000] {logging_mixin.py:190} INFO - [2024-09-15T19:12:58.613+0000] {dagbag.py:587} INFO - Filling up the DagBag from /home/airflow/.local/lib/python3.12/site-packages/airflow/example_dags/example_short_circuit_decorator.py
[2024-09-15T19:12:58.620+0000] {processor.py:925} INFO - DAG(s) 'example_short_circuit_decorator' retrieved from /home/airflow/.local/lib/python3.12/site-packages/airflow/example_dags/example_short_circuit_decorator.py
[2024-09-15T19:12:58.633+0000] {logging_mixin.py:190} INFO - [2024-09-15T19:12:58.633+0000] {dag.py:3229} INFO - Sync 1 DAGs
[2024-09-15T19:12:58.641+0000] {logging_mixin.py:190} INFO - [2024-09-15T19:12:58.641+0000] {dag.py:4156} INFO - Setting next_dagrun for example_short_circuit_decorator to None, run_after=None
[2024-09-15T19:12:58.652+0000] {processor.py:208} INFO - Processing /home/airflow/.local/lib/python3.12/site-packages/airflow/example_dags/example_short_circuit_decorator.py took 0.046 seconds
