[2024-09-15T19:08:20.772+0000] {processor.py:186} INFO - Started process (PID=32) to work on /home/airflow/.local/lib/python3.12/site-packages/airflow/example_dags/example_local_kubernetes_executor.py
[2024-09-15T19:08:20.778+0000] {processor.py:914} INFO - Processing file /home/airflow/.local/lib/python3.12/site-packages/airflow/example_dags/example_local_kubernetes_executor.py for tasks to queue
[2024-09-15T19:08:20.786+0000] {logging_mixin.py:190} INFO - [2024-09-15T19:08:20.785+0000] {dagbag.py:587} INFO - Filling up the DagBag from /home/airflow/.local/lib/python3.12/site-packages/airflow/example_dags/example_local_kubernetes_executor.py
[2024-09-15T19:08:20.816+0000] {processor.py:925} INFO - DAG(s) 'example_local_kubernetes_executor' retrieved from /home/airflow/.local/lib/python3.12/site-packages/airflow/example_dags/example_local_kubernetes_executor.py
[2024-09-15T19:08:21.048+0000] {logging_mixin.py:190} INFO - [2024-09-15T19:08:21.046+0000] {override.py:1900} INFO - Created Permission View: can edit on DAG:example_local_kubernetes_executor
[2024-09-15T19:08:21.060+0000] {logging_mixin.py:190} INFO - [2024-09-15T19:08:21.059+0000] {override.py:1900} INFO - Created Permission View: can delete on DAG:example_local_kubernetes_executor
[2024-09-15T19:08:21.071+0000] {logging_mixin.py:190} INFO - [2024-09-15T19:08:21.071+0000] {override.py:1900} INFO - Created Permission View: can read on DAG:example_local_kubernetes_executor
[2024-09-15T19:08:21.089+0000] {logging_mixin.py:190} INFO - [2024-09-15T19:08:21.089+0000] {override.py:1900} INFO - Created Permission View: can create on DAG Run:example_local_kubernetes_executor
[2024-09-15T19:08:21.098+0000] {logging_mixin.py:190} INFO - [2024-09-15T19:08:21.098+0000] {override.py:1900} INFO - Created Permission View: can delete on DAG Run:example_local_kubernetes_executor
[2024-09-15T19:08:21.104+0000] {logging_mixin.py:190} INFO - [2024-09-15T19:08:21.104+0000] {override.py:1900} INFO - Created Permission View: menu access on DAG Run:example_local_kubernetes_executor
[2024-09-15T19:08:21.111+0000] {logging_mixin.py:190} INFO - [2024-09-15T19:08:21.111+0000] {override.py:1900} INFO - Created Permission View: can read on DAG Run:example_local_kubernetes_executor
[2024-09-15T19:08:21.113+0000] {logging_mixin.py:190} INFO - [2024-09-15T19:08:21.113+0000] {dag.py:3229} INFO - Sync 1 DAGs
[2024-09-15T19:08:21.124+0000] {logging_mixin.py:190} INFO - [2024-09-15T19:08:21.124+0000] {dag.py:3252} INFO - Creating ORM DAG for example_local_kubernetes_executor
[2024-09-15T19:08:21.125+0000] {logging_mixin.py:190} INFO - [2024-09-15T19:08:21.125+0000] {dag.py:4156} INFO - Setting next_dagrun for example_local_kubernetes_executor to None, run_after=None
[2024-09-15T19:08:21.141+0000] {processor.py:208} INFO - Processing /home/airflow/.local/lib/python3.12/site-packages/airflow/example_dags/example_local_kubernetes_executor.py took 0.374 seconds
[2024-09-15T19:08:51.867+0000] {processor.py:186} INFO - Started process (PID=94) to work on /home/airflow/.local/lib/python3.12/site-packages/airflow/example_dags/example_local_kubernetes_executor.py
[2024-09-15T19:08:51.869+0000] {processor.py:914} INFO - Processing file /home/airflow/.local/lib/python3.12/site-packages/airflow/example_dags/example_local_kubernetes_executor.py for tasks to queue
[2024-09-15T19:08:51.873+0000] {logging_mixin.py:190} INFO - [2024-09-15T19:08:51.872+0000] {dagbag.py:587} INFO - Filling up the DagBag from /home/airflow/.local/lib/python3.12/site-packages/airflow/example_dags/example_local_kubernetes_executor.py
[2024-09-15T19:08:51.883+0000] {processor.py:925} INFO - DAG(s) 'example_local_kubernetes_executor' retrieved from /home/airflow/.local/lib/python3.12/site-packages/airflow/example_dags/example_local_kubernetes_executor.py
[2024-09-15T19:08:51.911+0000] {logging_mixin.py:190} INFO - [2024-09-15T19:08:51.910+0000] {dag.py:3229} INFO - Sync 1 DAGs
[2024-09-15T19:08:51.922+0000] {logging_mixin.py:190} INFO - [2024-09-15T19:08:51.922+0000] {dag.py:4156} INFO - Setting next_dagrun for example_local_kubernetes_executor to None, run_after=None
[2024-09-15T19:08:51.935+0000] {processor.py:208} INFO - Processing /home/airflow/.local/lib/python3.12/site-packages/airflow/example_dags/example_local_kubernetes_executor.py took 0.074 seconds
[2024-09-15T19:09:51.914+0000] {processor.py:186} INFO - Started process (PID=31) to work on /home/airflow/.local/lib/python3.12/site-packages/airflow/example_dags/example_local_kubernetes_executor.py
[2024-09-15T19:09:51.920+0000] {processor.py:914} INFO - Processing file /home/airflow/.local/lib/python3.12/site-packages/airflow/example_dags/example_local_kubernetes_executor.py for tasks to queue
[2024-09-15T19:09:51.926+0000] {logging_mixin.py:190} INFO - [2024-09-15T19:09:51.925+0000] {dagbag.py:587} INFO - Filling up the DagBag from /home/airflow/.local/lib/python3.12/site-packages/airflow/example_dags/example_local_kubernetes_executor.py
[2024-09-15T19:09:51.942+0000] {processor.py:925} INFO - DAG(s) 'example_local_kubernetes_executor' retrieved from /home/airflow/.local/lib/python3.12/site-packages/airflow/example_dags/example_local_kubernetes_executor.py
[2024-09-15T19:09:51.999+0000] {logging_mixin.py:190} INFO - [2024-09-15T19:09:51.999+0000] {dag.py:3229} INFO - Sync 1 DAGs
[2024-09-15T19:09:52.015+0000] {logging_mixin.py:190} INFO - [2024-09-15T19:09:52.014+0000] {dag.py:4156} INFO - Setting next_dagrun for example_local_kubernetes_executor to None, run_after=None
[2024-09-15T19:09:52.092+0000] {processor.py:208} INFO - Processing /home/airflow/.local/lib/python3.12/site-packages/airflow/example_dags/example_local_kubernetes_executor.py took 0.191 seconds
[2024-09-15T19:10:22.881+0000] {processor.py:186} INFO - Started process (PID=93) to work on /home/airflow/.local/lib/python3.12/site-packages/airflow/example_dags/example_local_kubernetes_executor.py
[2024-09-15T19:10:22.882+0000] {processor.py:914} INFO - Processing file /home/airflow/.local/lib/python3.12/site-packages/airflow/example_dags/example_local_kubernetes_executor.py for tasks to queue
[2024-09-15T19:10:22.883+0000] {logging_mixin.py:190} INFO - [2024-09-15T19:10:22.883+0000] {dagbag.py:587} INFO - Filling up the DagBag from /home/airflow/.local/lib/python3.12/site-packages/airflow/example_dags/example_local_kubernetes_executor.py
[2024-09-15T19:10:22.889+0000] {processor.py:925} INFO - DAG(s) 'example_local_kubernetes_executor' retrieved from /home/airflow/.local/lib/python3.12/site-packages/airflow/example_dags/example_local_kubernetes_executor.py
[2024-09-15T19:10:22.908+0000] {logging_mixin.py:190} INFO - [2024-09-15T19:10:22.908+0000] {dag.py:3229} INFO - Sync 1 DAGs
[2024-09-15T19:10:22.916+0000] {logging_mixin.py:190} INFO - [2024-09-15T19:10:22.916+0000] {dag.py:4156} INFO - Setting next_dagrun for example_local_kubernetes_executor to None, run_after=None
[2024-09-15T19:10:22.928+0000] {processor.py:208} INFO - Processing /home/airflow/.local/lib/python3.12/site-packages/airflow/example_dags/example_local_kubernetes_executor.py took 0.051 seconds
[2024-09-15T19:10:53.488+0000] {processor.py:186} INFO - Started process (PID=155) to work on /home/airflow/.local/lib/python3.12/site-packages/airflow/example_dags/example_local_kubernetes_executor.py
[2024-09-15T19:10:53.489+0000] {processor.py:914} INFO - Processing file /home/airflow/.local/lib/python3.12/site-packages/airflow/example_dags/example_local_kubernetes_executor.py for tasks to queue
[2024-09-15T19:10:53.490+0000] {logging_mixin.py:190} INFO - [2024-09-15T19:10:53.490+0000] {dagbag.py:587} INFO - Filling up the DagBag from /home/airflow/.local/lib/python3.12/site-packages/airflow/example_dags/example_local_kubernetes_executor.py
[2024-09-15T19:10:53.496+0000] {processor.py:925} INFO - DAG(s) 'example_local_kubernetes_executor' retrieved from /home/airflow/.local/lib/python3.12/site-packages/airflow/example_dags/example_local_kubernetes_executor.py
[2024-09-15T19:10:53.515+0000] {logging_mixin.py:190} INFO - [2024-09-15T19:10:53.515+0000] {dag.py:3229} INFO - Sync 1 DAGs
[2024-09-15T19:10:53.524+0000] {logging_mixin.py:190} INFO - [2024-09-15T19:10:53.524+0000] {dag.py:4156} INFO - Setting next_dagrun for example_local_kubernetes_executor to None, run_after=None
[2024-09-15T19:10:53.535+0000] {processor.py:208} INFO - Processing /home/airflow/.local/lib/python3.12/site-packages/airflow/example_dags/example_local_kubernetes_executor.py took 0.051 seconds
[2024-09-15T19:11:24.235+0000] {processor.py:186} INFO - Started process (PID=217) to work on /home/airflow/.local/lib/python3.12/site-packages/airflow/example_dags/example_local_kubernetes_executor.py
[2024-09-15T19:11:24.237+0000] {processor.py:914} INFO - Processing file /home/airflow/.local/lib/python3.12/site-packages/airflow/example_dags/example_local_kubernetes_executor.py for tasks to queue
[2024-09-15T19:11:24.241+0000] {logging_mixin.py:190} INFO - [2024-09-15T19:11:24.240+0000] {dagbag.py:587} INFO - Filling up the DagBag from /home/airflow/.local/lib/python3.12/site-packages/airflow/example_dags/example_local_kubernetes_executor.py
[2024-09-15T19:11:24.248+0000] {processor.py:925} INFO - DAG(s) 'example_local_kubernetes_executor' retrieved from /home/airflow/.local/lib/python3.12/site-packages/airflow/example_dags/example_local_kubernetes_executor.py
[2024-09-15T19:11:24.269+0000] {logging_mixin.py:190} INFO - [2024-09-15T19:11:24.269+0000] {dag.py:3229} INFO - Sync 1 DAGs
[2024-09-15T19:11:24.278+0000] {logging_mixin.py:190} INFO - [2024-09-15T19:11:24.278+0000] {dag.py:4156} INFO - Setting next_dagrun for example_local_kubernetes_executor to None, run_after=None
[2024-09-15T19:11:24.293+0000] {processor.py:208} INFO - Processing /home/airflow/.local/lib/python3.12/site-packages/airflow/example_dags/example_local_kubernetes_executor.py took 0.064 seconds
[2024-09-15T19:11:55.062+0000] {processor.py:186} INFO - Started process (PID=279) to work on /home/airflow/.local/lib/python3.12/site-packages/airflow/example_dags/example_local_kubernetes_executor.py
[2024-09-15T19:11:55.063+0000] {processor.py:914} INFO - Processing file /home/airflow/.local/lib/python3.12/site-packages/airflow/example_dags/example_local_kubernetes_executor.py for tasks to queue
[2024-09-15T19:11:55.065+0000] {logging_mixin.py:190} INFO - [2024-09-15T19:11:55.065+0000] {dagbag.py:587} INFO - Filling up the DagBag from /home/airflow/.local/lib/python3.12/site-packages/airflow/example_dags/example_local_kubernetes_executor.py
[2024-09-15T19:11:55.073+0000] {processor.py:925} INFO - DAG(s) 'example_local_kubernetes_executor' retrieved from /home/airflow/.local/lib/python3.12/site-packages/airflow/example_dags/example_local_kubernetes_executor.py
[2024-09-15T19:11:55.092+0000] {logging_mixin.py:190} INFO - [2024-09-15T19:11:55.092+0000] {dag.py:3229} INFO - Sync 1 DAGs
[2024-09-15T19:11:55.101+0000] {logging_mixin.py:190} INFO - [2024-09-15T19:11:55.101+0000] {dag.py:4156} INFO - Setting next_dagrun for example_local_kubernetes_executor to None, run_after=None
[2024-09-15T19:11:55.113+0000] {processor.py:208} INFO - Processing /home/airflow/.local/lib/python3.12/site-packages/airflow/example_dags/example_local_kubernetes_executor.py took 0.054 seconds
[2024-09-15T19:12:25.437+0000] {processor.py:186} INFO - Started process (PID=341) to work on /home/airflow/.local/lib/python3.12/site-packages/airflow/example_dags/example_local_kubernetes_executor.py
[2024-09-15T19:12:25.438+0000] {processor.py:914} INFO - Processing file /home/airflow/.local/lib/python3.12/site-packages/airflow/example_dags/example_local_kubernetes_executor.py for tasks to queue
[2024-09-15T19:12:25.441+0000] {logging_mixin.py:190} INFO - [2024-09-15T19:12:25.441+0000] {dagbag.py:587} INFO - Filling up the DagBag from /home/airflow/.local/lib/python3.12/site-packages/airflow/example_dags/example_local_kubernetes_executor.py
[2024-09-15T19:12:25.449+0000] {processor.py:925} INFO - DAG(s) 'example_local_kubernetes_executor' retrieved from /home/airflow/.local/lib/python3.12/site-packages/airflow/example_dags/example_local_kubernetes_executor.py
[2024-09-15T19:12:25.471+0000] {logging_mixin.py:190} INFO - [2024-09-15T19:12:25.471+0000] {dag.py:3229} INFO - Sync 1 DAGs
[2024-09-15T19:12:25.482+0000] {logging_mixin.py:190} INFO - [2024-09-15T19:12:25.481+0000] {dag.py:4156} INFO - Setting next_dagrun for example_local_kubernetes_executor to None, run_after=None
[2024-09-15T19:12:25.497+0000] {processor.py:208} INFO - Processing /home/airflow/.local/lib/python3.12/site-packages/airflow/example_dags/example_local_kubernetes_executor.py took 0.067 seconds
[2024-09-15T19:12:56.143+0000] {processor.py:186} INFO - Started process (PID=403) to work on /home/airflow/.local/lib/python3.12/site-packages/airflow/example_dags/example_local_kubernetes_executor.py
[2024-09-15T19:12:56.145+0000] {processor.py:914} INFO - Processing file /home/airflow/.local/lib/python3.12/site-packages/airflow/example_dags/example_local_kubernetes_executor.py for tasks to queue
[2024-09-15T19:12:56.146+0000] {logging_mixin.py:190} INFO - [2024-09-15T19:12:56.146+0000] {dagbag.py:587} INFO - Filling up the DagBag from /home/airflow/.local/lib/python3.12/site-packages/airflow/example_dags/example_local_kubernetes_executor.py
[2024-09-15T19:12:56.153+0000] {processor.py:925} INFO - DAG(s) 'example_local_kubernetes_executor' retrieved from /home/airflow/.local/lib/python3.12/site-packages/airflow/example_dags/example_local_kubernetes_executor.py
[2024-09-15T19:12:56.174+0000] {logging_mixin.py:190} INFO - [2024-09-15T19:12:56.174+0000] {dag.py:3229} INFO - Sync 1 DAGs
[2024-09-15T19:12:56.183+0000] {logging_mixin.py:190} INFO - [2024-09-15T19:12:56.183+0000] {dag.py:4156} INFO - Setting next_dagrun for example_local_kubernetes_executor to None, run_after=None
[2024-09-15T19:12:56.200+0000] {processor.py:208} INFO - Processing /home/airflow/.local/lib/python3.12/site-packages/airflow/example_dags/example_local_kubernetes_executor.py took 0.060 seconds
