[2024-09-15T19:08:22.713+0000] {processor.py:186} INFO - Started process (PID=42) to work on /home/airflow/.local/lib/python3.12/site-packages/airflow/example_dags/example_nested_branch_dag.py
[2024-09-15T19:08:22.715+0000] {processor.py:914} INFO - Processing file /home/airflow/.local/lib/python3.12/site-packages/airflow/example_dags/example_nested_branch_dag.py for tasks to queue
[2024-09-15T19:08:22.717+0000] {logging_mixin.py:190} INFO - [2024-09-15T19:08:22.716+0000] {dagbag.py:587} INFO - Filling up the DagBag from /home/airflow/.local/lib/python3.12/site-packages/airflow/example_dags/example_nested_branch_dag.py
[2024-09-15T19:08:22.730+0000] {processor.py:925} INFO - DAG(s) 'example_nested_branch_dag' retrieved from /home/airflow/.local/lib/python3.12/site-packages/airflow/example_dags/example_nested_branch_dag.py
[2024-09-15T19:08:22.816+0000] {logging_mixin.py:190} INFO - [2024-09-15T19:08:22.816+0000] {override.py:1900} INFO - Created Permission View: can edit on DAG:example_nested_branch_dag
[2024-09-15T19:08:22.825+0000] {logging_mixin.py:190} INFO - [2024-09-15T19:08:22.825+0000] {override.py:1900} INFO - Created Permission View: can delete on DAG:example_nested_branch_dag
[2024-09-15T19:08:22.829+0000] {logging_mixin.py:190} INFO - [2024-09-15T19:08:22.829+0000] {override.py:1900} INFO - Created Permission View: can read on DAG:example_nested_branch_dag
[2024-09-15T19:08:22.837+0000] {logging_mixin.py:190} INFO - [2024-09-15T19:08:22.837+0000] {override.py:1900} INFO - Created Permission View: can create on DAG Run:example_nested_branch_dag
[2024-09-15T19:08:22.842+0000] {logging_mixin.py:190} INFO - [2024-09-15T19:08:22.842+0000] {override.py:1900} INFO - Created Permission View: can delete on DAG Run:example_nested_branch_dag
[2024-09-15T19:08:22.850+0000] {logging_mixin.py:190} INFO - [2024-09-15T19:08:22.850+0000] {override.py:1900} INFO - Created Permission View: menu access on DAG Run:example_nested_branch_dag
[2024-09-15T19:08:22.854+0000] {logging_mixin.py:190} INFO - [2024-09-15T19:08:22.853+0000] {override.py:1900} INFO - Created Permission View: can read on DAG Run:example_nested_branch_dag
[2024-09-15T19:08:22.855+0000] {logging_mixin.py:190} INFO - [2024-09-15T19:08:22.854+0000] {dag.py:3229} INFO - Sync 1 DAGs
[2024-09-15T19:08:22.863+0000] {logging_mixin.py:190} INFO - [2024-09-15T19:08:22.863+0000] {dag.py:3252} INFO - Creating ORM DAG for example_nested_branch_dag
[2024-09-15T19:08:22.872+0000] {logging_mixin.py:190} INFO - [2024-09-15T19:08:22.871+0000] {dag.py:4156} INFO - Setting next_dagrun for example_nested_branch_dag to 2024-09-14 00:00:00+00:00, run_after=2024-09-15 00:00:00+00:00
[2024-09-15T19:08:22.885+0000] {processor.py:208} INFO - Processing /home/airflow/.local/lib/python3.12/site-packages/airflow/example_dags/example_nested_branch_dag.py took 0.176 seconds
[2024-09-15T19:08:53.422+0000] {processor.py:186} INFO - Started process (PID=104) to work on /home/airflow/.local/lib/python3.12/site-packages/airflow/example_dags/example_nested_branch_dag.py
[2024-09-15T19:08:53.423+0000] {processor.py:914} INFO - Processing file /home/airflow/.local/lib/python3.12/site-packages/airflow/example_dags/example_nested_branch_dag.py for tasks to queue
[2024-09-15T19:08:53.425+0000] {logging_mixin.py:190} INFO - [2024-09-15T19:08:53.425+0000] {dagbag.py:587} INFO - Filling up the DagBag from /home/airflow/.local/lib/python3.12/site-packages/airflow/example_dags/example_nested_branch_dag.py
[2024-09-15T19:08:53.434+0000] {processor.py:925} INFO - DAG(s) 'example_nested_branch_dag' retrieved from /home/airflow/.local/lib/python3.12/site-packages/airflow/example_dags/example_nested_branch_dag.py
[2024-09-15T19:08:53.451+0000] {logging_mixin.py:190} INFO - [2024-09-15T19:08:53.450+0000] {dag.py:3229} INFO - Sync 1 DAGs
[2024-09-15T19:08:53.468+0000] {logging_mixin.py:190} INFO - [2024-09-15T19:08:53.468+0000] {dag.py:4156} INFO - Setting next_dagrun for example_nested_branch_dag to 2024-09-14 00:00:00+00:00, run_after=2024-09-15 00:00:00+00:00
[2024-09-15T19:08:53.487+0000] {processor.py:208} INFO - Processing /home/airflow/.local/lib/python3.12/site-packages/airflow/example_dags/example_nested_branch_dag.py took 0.068 seconds
[2024-09-15T19:09:53.478+0000] {processor.py:186} INFO - Started process (PID=41) to work on /home/airflow/.local/lib/python3.12/site-packages/airflow/example_dags/example_nested_branch_dag.py
[2024-09-15T19:09:53.484+0000] {processor.py:914} INFO - Processing file /home/airflow/.local/lib/python3.12/site-packages/airflow/example_dags/example_nested_branch_dag.py for tasks to queue
[2024-09-15T19:09:53.489+0000] {logging_mixin.py:190} INFO - [2024-09-15T19:09:53.488+0000] {dagbag.py:587} INFO - Filling up the DagBag from /home/airflow/.local/lib/python3.12/site-packages/airflow/example_dags/example_nested_branch_dag.py
[2024-09-15T19:09:53.502+0000] {processor.py:925} INFO - DAG(s) 'example_nested_branch_dag' retrieved from /home/airflow/.local/lib/python3.12/site-packages/airflow/example_dags/example_nested_branch_dag.py
[2024-09-15T19:09:53.523+0000] {logging_mixin.py:190} INFO - [2024-09-15T19:09:53.523+0000] {dag.py:3229} INFO - Sync 1 DAGs
[2024-09-15T19:09:53.569+0000] {logging_mixin.py:190} INFO - [2024-09-15T19:09:53.569+0000] {dag.py:4156} INFO - Setting next_dagrun for example_nested_branch_dag to 2024-09-14 00:00:00+00:00, run_after=2024-09-15 00:00:00+00:00
[2024-09-15T19:09:53.585+0000] {processor.py:208} INFO - Processing /home/airflow/.local/lib/python3.12/site-packages/airflow/example_dags/example_nested_branch_dag.py took 0.112 seconds
[2024-09-15T19:10:24.426+0000] {processor.py:186} INFO - Started process (PID=103) to work on /home/airflow/.local/lib/python3.12/site-packages/airflow/example_dags/example_nested_branch_dag.py
[2024-09-15T19:10:24.428+0000] {processor.py:914} INFO - Processing file /home/airflow/.local/lib/python3.12/site-packages/airflow/example_dags/example_nested_branch_dag.py for tasks to queue
[2024-09-15T19:10:24.430+0000] {logging_mixin.py:190} INFO - [2024-09-15T19:10:24.430+0000] {dagbag.py:587} INFO - Filling up the DagBag from /home/airflow/.local/lib/python3.12/site-packages/airflow/example_dags/example_nested_branch_dag.py
[2024-09-15T19:10:24.440+0000] {processor.py:925} INFO - DAG(s) 'example_nested_branch_dag' retrieved from /home/airflow/.local/lib/python3.12/site-packages/airflow/example_dags/example_nested_branch_dag.py
[2024-09-15T19:10:24.455+0000] {logging_mixin.py:190} INFO - [2024-09-15T19:10:24.455+0000] {dag.py:3229} INFO - Sync 1 DAGs
[2024-09-15T19:10:24.469+0000] {logging_mixin.py:190} INFO - [2024-09-15T19:10:24.469+0000] {dag.py:4156} INFO - Setting next_dagrun for example_nested_branch_dag to 2024-09-14 00:00:00+00:00, run_after=2024-09-15 00:00:00+00:00
[2024-09-15T19:10:24.482+0000] {processor.py:208} INFO - Processing /home/airflow/.local/lib/python3.12/site-packages/airflow/example_dags/example_nested_branch_dag.py took 0.061 seconds
[2024-09-15T19:10:55.123+0000] {processor.py:186} INFO - Started process (PID=165) to work on /home/airflow/.local/lib/python3.12/site-packages/airflow/example_dags/example_nested_branch_dag.py
[2024-09-15T19:10:55.125+0000] {processor.py:914} INFO - Processing file /home/airflow/.local/lib/python3.12/site-packages/airflow/example_dags/example_nested_branch_dag.py for tasks to queue
[2024-09-15T19:10:55.128+0000] {logging_mixin.py:190} INFO - [2024-09-15T19:10:55.127+0000] {dagbag.py:587} INFO - Filling up the DagBag from /home/airflow/.local/lib/python3.12/site-packages/airflow/example_dags/example_nested_branch_dag.py
[2024-09-15T19:10:55.137+0000] {processor.py:925} INFO - DAG(s) 'example_nested_branch_dag' retrieved from /home/airflow/.local/lib/python3.12/site-packages/airflow/example_dags/example_nested_branch_dag.py
[2024-09-15T19:10:55.152+0000] {logging_mixin.py:190} INFO - [2024-09-15T19:10:55.152+0000] {dag.py:3229} INFO - Sync 1 DAGs
[2024-09-15T19:10:55.165+0000] {logging_mixin.py:190} INFO - [2024-09-15T19:10:55.165+0000] {dag.py:4156} INFO - Setting next_dagrun for example_nested_branch_dag to 2024-09-14 00:00:00+00:00, run_after=2024-09-15 00:00:00+00:00
[2024-09-15T19:10:55.176+0000] {processor.py:208} INFO - Processing /home/airflow/.local/lib/python3.12/site-packages/airflow/example_dags/example_nested_branch_dag.py took 0.059 seconds
[2024-09-15T19:11:25.773+0000] {processor.py:186} INFO - Started process (PID=227) to work on /home/airflow/.local/lib/python3.12/site-packages/airflow/example_dags/example_nested_branch_dag.py
[2024-09-15T19:11:25.774+0000] {processor.py:914} INFO - Processing file /home/airflow/.local/lib/python3.12/site-packages/airflow/example_dags/example_nested_branch_dag.py for tasks to queue
[2024-09-15T19:11:25.776+0000] {logging_mixin.py:190} INFO - [2024-09-15T19:11:25.776+0000] {dagbag.py:587} INFO - Filling up the DagBag from /home/airflow/.local/lib/python3.12/site-packages/airflow/example_dags/example_nested_branch_dag.py
[2024-09-15T19:11:25.785+0000] {processor.py:925} INFO - DAG(s) 'example_nested_branch_dag' retrieved from /home/airflow/.local/lib/python3.12/site-packages/airflow/example_dags/example_nested_branch_dag.py
[2024-09-15T19:11:25.801+0000] {logging_mixin.py:190} INFO - [2024-09-15T19:11:25.801+0000] {dag.py:3229} INFO - Sync 1 DAGs
[2024-09-15T19:11:25.818+0000] {logging_mixin.py:190} INFO - [2024-09-15T19:11:25.818+0000] {dag.py:4156} INFO - Setting next_dagrun for example_nested_branch_dag to 2024-09-14 00:00:00+00:00, run_after=2024-09-15 00:00:00+00:00
[2024-09-15T19:11:25.830+0000] {processor.py:208} INFO - Processing /home/airflow/.local/lib/python3.12/site-packages/airflow/example_dags/example_nested_branch_dag.py took 0.061 seconds
[2024-09-15T19:11:56.532+0000] {processor.py:186} INFO - Started process (PID=289) to work on /home/airflow/.local/lib/python3.12/site-packages/airflow/example_dags/example_nested_branch_dag.py
[2024-09-15T19:11:56.535+0000] {processor.py:914} INFO - Processing file /home/airflow/.local/lib/python3.12/site-packages/airflow/example_dags/example_nested_branch_dag.py for tasks to queue
[2024-09-15T19:11:56.538+0000] {logging_mixin.py:190} INFO - [2024-09-15T19:11:56.537+0000] {dagbag.py:587} INFO - Filling up the DagBag from /home/airflow/.local/lib/python3.12/site-packages/airflow/example_dags/example_nested_branch_dag.py
[2024-09-15T19:11:56.550+0000] {processor.py:925} INFO - DAG(s) 'example_nested_branch_dag' retrieved from /home/airflow/.local/lib/python3.12/site-packages/airflow/example_dags/example_nested_branch_dag.py
[2024-09-15T19:11:56.566+0000] {logging_mixin.py:190} INFO - [2024-09-15T19:11:56.566+0000] {dag.py:3229} INFO - Sync 1 DAGs
[2024-09-15T19:11:56.581+0000] {logging_mixin.py:190} INFO - [2024-09-15T19:11:56.581+0000] {dag.py:4156} INFO - Setting next_dagrun for example_nested_branch_dag to 2024-09-14 00:00:00+00:00, run_after=2024-09-15 00:00:00+00:00
[2024-09-15T19:11:56.593+0000] {processor.py:208} INFO - Processing /home/airflow/.local/lib/python3.12/site-packages/airflow/example_dags/example_nested_branch_dag.py took 0.069 seconds
[2024-09-15T19:12:26.983+0000] {processor.py:186} INFO - Started process (PID=351) to work on /home/airflow/.local/lib/python3.12/site-packages/airflow/example_dags/example_nested_branch_dag.py
[2024-09-15T19:12:26.985+0000] {processor.py:914} INFO - Processing file /home/airflow/.local/lib/python3.12/site-packages/airflow/example_dags/example_nested_branch_dag.py for tasks to queue
[2024-09-15T19:12:26.988+0000] {logging_mixin.py:190} INFO - [2024-09-15T19:12:26.987+0000] {dagbag.py:587} INFO - Filling up the DagBag from /home/airflow/.local/lib/python3.12/site-packages/airflow/example_dags/example_nested_branch_dag.py
[2024-09-15T19:12:26.998+0000] {processor.py:925} INFO - DAG(s) 'example_nested_branch_dag' retrieved from /home/airflow/.local/lib/python3.12/site-packages/airflow/example_dags/example_nested_branch_dag.py
[2024-09-15T19:12:27.011+0000] {logging_mixin.py:190} INFO - [2024-09-15T19:12:27.011+0000] {dag.py:3229} INFO - Sync 1 DAGs
[2024-09-15T19:12:27.024+0000] {logging_mixin.py:190} INFO - [2024-09-15T19:12:27.024+0000] {dag.py:4156} INFO - Setting next_dagrun for example_nested_branch_dag to 2024-09-14 00:00:00+00:00, run_after=2024-09-15 00:00:00+00:00
[2024-09-15T19:12:27.036+0000] {processor.py:208} INFO - Processing /home/airflow/.local/lib/python3.12/site-packages/airflow/example_dags/example_nested_branch_dag.py took 0.057 seconds
[2024-09-15T19:12:57.806+0000] {processor.py:186} INFO - Started process (PID=413) to work on /home/airflow/.local/lib/python3.12/site-packages/airflow/example_dags/example_nested_branch_dag.py
[2024-09-15T19:12:57.808+0000] {processor.py:914} INFO - Processing file /home/airflow/.local/lib/python3.12/site-packages/airflow/example_dags/example_nested_branch_dag.py for tasks to queue
[2024-09-15T19:12:57.810+0000] {logging_mixin.py:190} INFO - [2024-09-15T19:12:57.810+0000] {dagbag.py:587} INFO - Filling up the DagBag from /home/airflow/.local/lib/python3.12/site-packages/airflow/example_dags/example_nested_branch_dag.py
[2024-09-15T19:12:57.819+0000] {processor.py:925} INFO - DAG(s) 'example_nested_branch_dag' retrieved from /home/airflow/.local/lib/python3.12/site-packages/airflow/example_dags/example_nested_branch_dag.py
[2024-09-15T19:12:57.835+0000] {logging_mixin.py:190} INFO - [2024-09-15T19:12:57.834+0000] {dag.py:3229} INFO - Sync 1 DAGs
[2024-09-15T19:12:57.851+0000] {logging_mixin.py:190} INFO - [2024-09-15T19:12:57.850+0000] {dag.py:4156} INFO - Setting next_dagrun for example_nested_branch_dag to 2024-09-14 00:00:00+00:00, run_after=2024-09-15 00:00:00+00:00
[2024-09-15T19:12:57.864+0000] {processor.py:208} INFO - Processing /home/airflow/.local/lib/python3.12/site-packages/airflow/example_dags/example_nested_branch_dag.py took 0.061 seconds
