[2024-09-15T19:08:21.829+0000] {processor.py:186} INFO - Started process (PID=37) to work on /home/airflow/.local/lib/python3.12/site-packages/airflow/example_dags/example_latest_only.py
[2024-09-15T19:08:21.830+0000] {processor.py:914} INFO - Processing file /home/airflow/.local/lib/python3.12/site-packages/airflow/example_dags/example_latest_only.py for tasks to queue
[2024-09-15T19:08:21.832+0000] {logging_mixin.py:190} INFO - [2024-09-15T19:08:21.832+0000] {dagbag.py:587} INFO - Filling up the DagBag from /home/airflow/.local/lib/python3.12/site-packages/airflow/example_dags/example_latest_only.py
[2024-09-15T19:08:21.842+0000] {processor.py:925} INFO - DAG(s) 'latest_only' retrieved from /home/airflow/.local/lib/python3.12/site-packages/airflow/example_dags/example_latest_only.py
[2024-09-15T19:08:21.916+0000] {logging_mixin.py:190} INFO - [2024-09-15T19:08:21.916+0000] {override.py:1900} INFO - Created Permission View: can edit on DAG:latest_only
[2024-09-15T19:08:21.923+0000] {logging_mixin.py:190} INFO - [2024-09-15T19:08:21.922+0000] {override.py:1900} INFO - Created Permission View: can delete on DAG:latest_only
[2024-09-15T19:08:21.927+0000] {logging_mixin.py:190} INFO - [2024-09-15T19:08:21.927+0000] {override.py:1900} INFO - Created Permission View: can read on DAG:latest_only
[2024-09-15T19:08:21.936+0000] {logging_mixin.py:190} INFO - [2024-09-15T19:08:21.935+0000] {override.py:1900} INFO - Created Permission View: can create on DAG Run:latest_only
[2024-09-15T19:08:21.947+0000] {logging_mixin.py:190} INFO - [2024-09-15T19:08:21.947+0000] {override.py:1900} INFO - Created Permission View: can delete on DAG Run:latest_only
[2024-09-15T19:08:21.954+0000] {logging_mixin.py:190} INFO - [2024-09-15T19:08:21.953+0000] {override.py:1900} INFO - Created Permission View: menu access on DAG Run:latest_only
[2024-09-15T19:08:21.959+0000] {logging_mixin.py:190} INFO - [2024-09-15T19:08:21.959+0000] {override.py:1900} INFO - Created Permission View: can read on DAG Run:latest_only
[2024-09-15T19:08:21.960+0000] {logging_mixin.py:190} INFO - [2024-09-15T19:08:21.960+0000] {dag.py:3229} INFO - Sync 1 DAGs
[2024-09-15T19:08:21.969+0000] {logging_mixin.py:190} INFO - [2024-09-15T19:08:21.969+0000] {dag.py:3252} INFO - Creating ORM DAG for latest_only
[2024-09-15T19:08:21.977+0000] {logging_mixin.py:190} INFO - [2024-09-15T19:08:21.977+0000] {dag.py:4156} INFO - Setting next_dagrun for latest_only to 2024-09-15 12:00:00+00:00, run_after=2024-09-15 16:00:00+00:00
[2024-09-15T19:08:21.989+0000] {processor.py:208} INFO - Processing /home/airflow/.local/lib/python3.12/site-packages/airflow/example_dags/example_latest_only.py took 0.165 seconds
[2024-09-15T19:08:52.027+0000] {processor.py:186} INFO - Started process (PID=98) to work on /home/airflow/.local/lib/python3.12/site-packages/airflow/example_dags/example_latest_only.py
[2024-09-15T19:08:52.028+0000] {processor.py:914} INFO - Processing file /home/airflow/.local/lib/python3.12/site-packages/airflow/example_dags/example_latest_only.py for tasks to queue
[2024-09-15T19:08:52.031+0000] {logging_mixin.py:190} INFO - [2024-09-15T19:08:52.031+0000] {dagbag.py:587} INFO - Filling up the DagBag from /home/airflow/.local/lib/python3.12/site-packages/airflow/example_dags/example_latest_only.py
[2024-09-15T19:08:52.036+0000] {processor.py:925} INFO - DAG(s) 'latest_only' retrieved from /home/airflow/.local/lib/python3.12/site-packages/airflow/example_dags/example_latest_only.py
[2024-09-15T19:08:52.048+0000] {logging_mixin.py:190} INFO - [2024-09-15T19:08:52.047+0000] {dag.py:3229} INFO - Sync 1 DAGs
[2024-09-15T19:08:52.061+0000] {logging_mixin.py:190} INFO - [2024-09-15T19:08:52.061+0000] {dag.py:4156} INFO - Setting next_dagrun for latest_only to 2024-09-15 12:00:00+00:00, run_after=2024-09-15 16:00:00+00:00
[2024-09-15T19:08:52.072+0000] {processor.py:208} INFO - Processing /home/airflow/.local/lib/python3.12/site-packages/airflow/example_dags/example_latest_only.py took 0.048 seconds
[2024-09-15T19:09:52.690+0000] {processor.py:186} INFO - Started process (PID=36) to work on /home/airflow/.local/lib/python3.12/site-packages/airflow/example_dags/example_latest_only.py
[2024-09-15T19:09:52.694+0000] {processor.py:914} INFO - Processing file /home/airflow/.local/lib/python3.12/site-packages/airflow/example_dags/example_latest_only.py for tasks to queue
[2024-09-15T19:09:52.713+0000] {logging_mixin.py:190} INFO - [2024-09-15T19:09:52.712+0000] {dagbag.py:587} INFO - Filling up the DagBag from /home/airflow/.local/lib/python3.12/site-packages/airflow/example_dags/example_latest_only.py
[2024-09-15T19:09:52.734+0000] {processor.py:925} INFO - DAG(s) 'latest_only' retrieved from /home/airflow/.local/lib/python3.12/site-packages/airflow/example_dags/example_latest_only.py
[2024-09-15T19:09:52.789+0000] {logging_mixin.py:190} INFO - [2024-09-15T19:09:52.789+0000] {dag.py:3229} INFO - Sync 1 DAGs
[2024-09-15T19:09:52.821+0000] {logging_mixin.py:190} INFO - [2024-09-15T19:09:52.820+0000] {dag.py:4156} INFO - Setting next_dagrun for latest_only to 2024-09-15 12:00:00+00:00, run_after=2024-09-15 16:00:00+00:00
[2024-09-15T19:09:52.866+0000] {processor.py:208} INFO - Processing /home/airflow/.local/lib/python3.12/site-packages/airflow/example_dags/example_latest_only.py took 0.185 seconds
[2024-09-15T19:10:23.113+0000] {processor.py:186} INFO - Started process (PID=98) to work on /home/airflow/.local/lib/python3.12/site-packages/airflow/example_dags/example_latest_only.py
[2024-09-15T19:10:23.118+0000] {processor.py:914} INFO - Processing file /home/airflow/.local/lib/python3.12/site-packages/airflow/example_dags/example_latest_only.py for tasks to queue
[2024-09-15T19:10:23.120+0000] {logging_mixin.py:190} INFO - [2024-09-15T19:10:23.120+0000] {dagbag.py:587} INFO - Filling up the DagBag from /home/airflow/.local/lib/python3.12/site-packages/airflow/example_dags/example_latest_only.py
[2024-09-15T19:10:23.124+0000] {processor.py:925} INFO - DAG(s) 'latest_only' retrieved from /home/airflow/.local/lib/python3.12/site-packages/airflow/example_dags/example_latest_only.py
[2024-09-15T19:10:23.136+0000] {logging_mixin.py:190} INFO - [2024-09-15T19:10:23.136+0000] {dag.py:3229} INFO - Sync 1 DAGs
[2024-09-15T19:10:23.151+0000] {logging_mixin.py:190} INFO - [2024-09-15T19:10:23.151+0000] {dag.py:4156} INFO - Setting next_dagrun for latest_only to 2024-09-15 12:00:00+00:00, run_after=2024-09-15 16:00:00+00:00
[2024-09-15T19:10:23.165+0000] {processor.py:208} INFO - Processing /home/airflow/.local/lib/python3.12/site-packages/airflow/example_dags/example_latest_only.py took 0.056 seconds
[2024-09-15T19:10:53.624+0000] {processor.py:186} INFO - Started process (PID=159) to work on /home/airflow/.local/lib/python3.12/site-packages/airflow/example_dags/example_latest_only.py
[2024-09-15T19:10:53.626+0000] {processor.py:914} INFO - Processing file /home/airflow/.local/lib/python3.12/site-packages/airflow/example_dags/example_latest_only.py for tasks to queue
[2024-09-15T19:10:53.628+0000] {logging_mixin.py:190} INFO - [2024-09-15T19:10:53.627+0000] {dagbag.py:587} INFO - Filling up the DagBag from /home/airflow/.local/lib/python3.12/site-packages/airflow/example_dags/example_latest_only.py
[2024-09-15T19:10:53.632+0000] {processor.py:925} INFO - DAG(s) 'latest_only' retrieved from /home/airflow/.local/lib/python3.12/site-packages/airflow/example_dags/example_latest_only.py
[2024-09-15T19:10:53.642+0000] {logging_mixin.py:190} INFO - [2024-09-15T19:10:53.642+0000] {dag.py:3229} INFO - Sync 1 DAGs
[2024-09-15T19:10:53.655+0000] {logging_mixin.py:190} INFO - [2024-09-15T19:10:53.655+0000] {dag.py:4156} INFO - Setting next_dagrun for latest_only to 2024-09-15 12:00:00+00:00, run_after=2024-09-15 16:00:00+00:00
[2024-09-15T19:10:53.669+0000] {processor.py:208} INFO - Processing /home/airflow/.local/lib/python3.12/site-packages/airflow/example_dags/example_latest_only.py took 0.047 seconds
[2024-09-15T19:11:24.548+0000] {processor.py:186} INFO - Started process (PID=222) to work on /home/airflow/.local/lib/python3.12/site-packages/airflow/example_dags/example_latest_only.py
[2024-09-15T19:11:24.549+0000] {processor.py:914} INFO - Processing file /home/airflow/.local/lib/python3.12/site-packages/airflow/example_dags/example_latest_only.py for tasks to queue
[2024-09-15T19:11:24.551+0000] {logging_mixin.py:190} INFO - [2024-09-15T19:11:24.551+0000] {dagbag.py:587} INFO - Filling up the DagBag from /home/airflow/.local/lib/python3.12/site-packages/airflow/example_dags/example_latest_only.py
[2024-09-15T19:11:24.555+0000] {processor.py:925} INFO - DAG(s) 'latest_only' retrieved from /home/airflow/.local/lib/python3.12/site-packages/airflow/example_dags/example_latest_only.py
[2024-09-15T19:11:24.566+0000] {logging_mixin.py:190} INFO - [2024-09-15T19:11:24.566+0000] {dag.py:3229} INFO - Sync 1 DAGs
[2024-09-15T19:11:24.580+0000] {logging_mixin.py:190} INFO - [2024-09-15T19:11:24.580+0000] {dag.py:4156} INFO - Setting next_dagrun for latest_only to 2024-09-15 12:00:00+00:00, run_after=2024-09-15 16:00:00+00:00
[2024-09-15T19:11:24.590+0000] {processor.py:208} INFO - Processing /home/airflow/.local/lib/python3.12/site-packages/airflow/example_dags/example_latest_only.py took 0.046 seconds
[2024-09-15T19:11:55.298+0000] {processor.py:186} INFO - Started process (PID=284) to work on /home/airflow/.local/lib/python3.12/site-packages/airflow/example_dags/example_latest_only.py
[2024-09-15T19:11:55.299+0000] {processor.py:914} INFO - Processing file /home/airflow/.local/lib/python3.12/site-packages/airflow/example_dags/example_latest_only.py for tasks to queue
[2024-09-15T19:11:55.301+0000] {logging_mixin.py:190} INFO - [2024-09-15T19:11:55.301+0000] {dagbag.py:587} INFO - Filling up the DagBag from /home/airflow/.local/lib/python3.12/site-packages/airflow/example_dags/example_latest_only.py
[2024-09-15T19:11:55.305+0000] {processor.py:925} INFO - DAG(s) 'latest_only' retrieved from /home/airflow/.local/lib/python3.12/site-packages/airflow/example_dags/example_latest_only.py
[2024-09-15T19:11:55.316+0000] {logging_mixin.py:190} INFO - [2024-09-15T19:11:55.316+0000] {dag.py:3229} INFO - Sync 1 DAGs
[2024-09-15T19:11:55.331+0000] {logging_mixin.py:190} INFO - [2024-09-15T19:11:55.331+0000] {dag.py:4156} INFO - Setting next_dagrun for latest_only to 2024-09-15 12:00:00+00:00, run_after=2024-09-15 16:00:00+00:00
[2024-09-15T19:11:55.342+0000] {processor.py:208} INFO - Processing /home/airflow/.local/lib/python3.12/site-packages/airflow/example_dags/example_latest_only.py took 0.048 seconds
[2024-09-15T19:12:25.668+0000] {processor.py:186} INFO - Started process (PID=346) to work on /home/airflow/.local/lib/python3.12/site-packages/airflow/example_dags/example_latest_only.py
[2024-09-15T19:12:25.669+0000] {processor.py:914} INFO - Processing file /home/airflow/.local/lib/python3.12/site-packages/airflow/example_dags/example_latest_only.py for tasks to queue
[2024-09-15T19:12:25.671+0000] {logging_mixin.py:190} INFO - [2024-09-15T19:12:25.671+0000] {dagbag.py:587} INFO - Filling up the DagBag from /home/airflow/.local/lib/python3.12/site-packages/airflow/example_dags/example_latest_only.py
[2024-09-15T19:12:25.676+0000] {processor.py:925} INFO - DAG(s) 'latest_only' retrieved from /home/airflow/.local/lib/python3.12/site-packages/airflow/example_dags/example_latest_only.py
[2024-09-15T19:12:25.687+0000] {logging_mixin.py:190} INFO - [2024-09-15T19:12:25.687+0000] {dag.py:3229} INFO - Sync 1 DAGs
[2024-09-15T19:12:25.702+0000] {logging_mixin.py:190} INFO - [2024-09-15T19:12:25.702+0000] {dag.py:4156} INFO - Setting next_dagrun for latest_only to 2024-09-15 12:00:00+00:00, run_after=2024-09-15 16:00:00+00:00
[2024-09-15T19:12:25.715+0000] {processor.py:208} INFO - Processing /home/airflow/.local/lib/python3.12/site-packages/airflow/example_dags/example_latest_only.py took 0.050 seconds
[2024-09-15T19:12:56.524+0000] {processor.py:186} INFO - Started process (PID=408) to work on /home/airflow/.local/lib/python3.12/site-packages/airflow/example_dags/example_latest_only.py
[2024-09-15T19:12:56.525+0000] {processor.py:914} INFO - Processing file /home/airflow/.local/lib/python3.12/site-packages/airflow/example_dags/example_latest_only.py for tasks to queue
[2024-09-15T19:12:56.527+0000] {logging_mixin.py:190} INFO - [2024-09-15T19:12:56.527+0000] {dagbag.py:587} INFO - Filling up the DagBag from /home/airflow/.local/lib/python3.12/site-packages/airflow/example_dags/example_latest_only.py
[2024-09-15T19:12:56.535+0000] {processor.py:925} INFO - DAG(s) 'latest_only' retrieved from /home/airflow/.local/lib/python3.12/site-packages/airflow/example_dags/example_latest_only.py
[2024-09-15T19:12:56.548+0000] {logging_mixin.py:190} INFO - [2024-09-15T19:12:56.548+0000] {dag.py:3229} INFO - Sync 1 DAGs
[2024-09-15T19:12:56.562+0000] {logging_mixin.py:190} INFO - [2024-09-15T19:12:56.562+0000] {dag.py:4156} INFO - Setting next_dagrun for latest_only to 2024-09-15 12:00:00+00:00, run_after=2024-09-15 16:00:00+00:00
[2024-09-15T19:12:56.577+0000] {processor.py:208} INFO - Processing /home/airflow/.local/lib/python3.12/site-packages/airflow/example_dags/example_latest_only.py took 0.057 seconds
