[2024-09-15T19:08:23.956+0000] {processor.py:186} INFO - Started process (PID=54) to work on /home/airflow/.local/lib/python3.12/site-packages/airflow/example_dags/example_dag_decorator.py
[2024-09-15T19:08:23.960+0000] {processor.py:914} INFO - Processing file /home/airflow/.local/lib/python3.12/site-packages/airflow/example_dags/example_dag_decorator.py for tasks to queue
[2024-09-15T19:08:23.964+0000] {logging_mixin.py:190} INFO - [2024-09-15T19:08:23.963+0000] {dagbag.py:587} INFO - Filling up the DagBag from /home/airflow/.local/lib/python3.12/site-packages/airflow/example_dags/example_dag_decorator.py
[2024-09-15T19:08:23.973+0000] {processor.py:925} INFO - DAG(s) 'example_dag_decorator' retrieved from /home/airflow/.local/lib/python3.12/site-packages/airflow/example_dags/example_dag_decorator.py
[2024-09-15T19:08:24.037+0000] {logging_mixin.py:190} INFO - [2024-09-15T19:08:24.036+0000] {override.py:1900} INFO - Created Permission View: can edit on DAG:example_dag_decorator
[2024-09-15T19:08:24.043+0000] {logging_mixin.py:190} INFO - [2024-09-15T19:08:24.043+0000] {override.py:1900} INFO - Created Permission View: can delete on DAG:example_dag_decorator
[2024-09-15T19:08:24.049+0000] {logging_mixin.py:190} INFO - [2024-09-15T19:08:24.048+0000] {override.py:1900} INFO - Created Permission View: can read on DAG:example_dag_decorator
[2024-09-15T19:08:24.054+0000] {logging_mixin.py:190} INFO - [2024-09-15T19:08:24.054+0000] {override.py:1900} INFO - Created Permission View: can create on DAG Run:example_dag_decorator
[2024-09-15T19:08:24.058+0000] {logging_mixin.py:190} INFO - [2024-09-15T19:08:24.057+0000] {override.py:1900} INFO - Created Permission View: can delete on DAG Run:example_dag_decorator
[2024-09-15T19:08:24.061+0000] {logging_mixin.py:190} INFO - [2024-09-15T19:08:24.061+0000] {override.py:1900} INFO - Created Permission View: menu access on DAG Run:example_dag_decorator
[2024-09-15T19:08:24.066+0000] {logging_mixin.py:190} INFO - [2024-09-15T19:08:24.065+0000] {override.py:1900} INFO - Created Permission View: can read on DAG Run:example_dag_decorator
[2024-09-15T19:08:24.067+0000] {logging_mixin.py:190} INFO - [2024-09-15T19:08:24.067+0000] {dag.py:3229} INFO - Sync 1 DAGs
[2024-09-15T19:08:24.074+0000] {logging_mixin.py:190} INFO - [2024-09-15T19:08:24.074+0000] {dag.py:3252} INFO - Creating ORM DAG for example_dag_decorator
[2024-09-15T19:08:24.075+0000] {logging_mixin.py:190} INFO - [2024-09-15T19:08:24.075+0000] {dag.py:4156} INFO - Setting next_dagrun for example_dag_decorator to None, run_after=None
[2024-09-15T19:08:24.085+0000] {processor.py:208} INFO - Processing /home/airflow/.local/lib/python3.12/site-packages/airflow/example_dags/example_dag_decorator.py took 0.135 seconds
[2024-09-15T19:08:54.180+0000] {processor.py:186} INFO - Started process (PID=116) to work on /home/airflow/.local/lib/python3.12/site-packages/airflow/example_dags/example_dag_decorator.py
[2024-09-15T19:08:54.182+0000] {processor.py:914} INFO - Processing file /home/airflow/.local/lib/python3.12/site-packages/airflow/example_dags/example_dag_decorator.py for tasks to queue
[2024-09-15T19:08:54.184+0000] {logging_mixin.py:190} INFO - [2024-09-15T19:08:54.184+0000] {dagbag.py:587} INFO - Filling up the DagBag from /home/airflow/.local/lib/python3.12/site-packages/airflow/example_dags/example_dag_decorator.py
[2024-09-15T19:08:54.192+0000] {processor.py:925} INFO - DAG(s) 'example_dag_decorator' retrieved from /home/airflow/.local/lib/python3.12/site-packages/airflow/example_dags/example_dag_decorator.py
[2024-09-15T19:08:54.252+0000] {logging_mixin.py:190} INFO - [2024-09-15T19:08:54.252+0000] {dag.py:3229} INFO - Sync 1 DAGs
[2024-09-15T19:08:54.260+0000] {logging_mixin.py:190} INFO - [2024-09-15T19:08:54.259+0000] {dag.py:4156} INFO - Setting next_dagrun for example_dag_decorator to None, run_after=None
[2024-09-15T19:08:54.270+0000] {processor.py:208} INFO - Processing /home/airflow/.local/lib/python3.12/site-packages/airflow/example_dags/example_dag_decorator.py took 0.094 seconds
[2024-09-15T19:09:54.223+0000] {processor.py:186} INFO - Started process (PID=53) to work on /home/airflow/.local/lib/python3.12/site-packages/airflow/example_dags/example_dag_decorator.py
[2024-09-15T19:09:54.225+0000] {processor.py:914} INFO - Processing file /home/airflow/.local/lib/python3.12/site-packages/airflow/example_dags/example_dag_decorator.py for tasks to queue
[2024-09-15T19:09:54.226+0000] {logging_mixin.py:190} INFO - [2024-09-15T19:09:54.226+0000] {dagbag.py:587} INFO - Filling up the DagBag from /home/airflow/.local/lib/python3.12/site-packages/airflow/example_dags/example_dag_decorator.py
[2024-09-15T19:09:54.233+0000] {processor.py:925} INFO - DAG(s) 'example_dag_decorator' retrieved from /home/airflow/.local/lib/python3.12/site-packages/airflow/example_dags/example_dag_decorator.py
[2024-09-15T19:09:54.289+0000] {logging_mixin.py:190} INFO - [2024-09-15T19:09:54.289+0000] {dag.py:3229} INFO - Sync 1 DAGs
[2024-09-15T19:09:54.297+0000] {logging_mixin.py:190} INFO - [2024-09-15T19:09:54.297+0000] {dag.py:4156} INFO - Setting next_dagrun for example_dag_decorator to None, run_after=None
[2024-09-15T19:09:54.307+0000] {processor.py:208} INFO - Processing /home/airflow/.local/lib/python3.12/site-packages/airflow/example_dags/example_dag_decorator.py took 0.088 seconds
[2024-09-15T19:10:24.860+0000] {processor.py:186} INFO - Started process (PID=115) to work on /home/airflow/.local/lib/python3.12/site-packages/airflow/example_dags/example_dag_decorator.py
[2024-09-15T19:10:24.861+0000] {processor.py:914} INFO - Processing file /home/airflow/.local/lib/python3.12/site-packages/airflow/example_dags/example_dag_decorator.py for tasks to queue
[2024-09-15T19:10:24.863+0000] {logging_mixin.py:190} INFO - [2024-09-15T19:10:24.863+0000] {dagbag.py:587} INFO - Filling up the DagBag from /home/airflow/.local/lib/python3.12/site-packages/airflow/example_dags/example_dag_decorator.py
[2024-09-15T19:10:24.870+0000] {processor.py:925} INFO - DAG(s) 'example_dag_decorator' retrieved from /home/airflow/.local/lib/python3.12/site-packages/airflow/example_dags/example_dag_decorator.py
[2024-09-15T19:10:24.936+0000] {logging_mixin.py:190} INFO - [2024-09-15T19:10:24.936+0000] {dag.py:3229} INFO - Sync 1 DAGs
[2024-09-15T19:10:24.944+0000] {logging_mixin.py:190} INFO - [2024-09-15T19:10:24.944+0000] {dag.py:4156} INFO - Setting next_dagrun for example_dag_decorator to None, run_after=None
[2024-09-15T19:10:24.954+0000] {processor.py:208} INFO - Processing /home/airflow/.local/lib/python3.12/site-packages/airflow/example_dags/example_dag_decorator.py took 0.097 seconds
[2024-09-15T19:10:55.639+0000] {processor.py:186} INFO - Started process (PID=177) to work on /home/airflow/.local/lib/python3.12/site-packages/airflow/example_dags/example_dag_decorator.py
[2024-09-15T19:10:55.640+0000] {processor.py:914} INFO - Processing file /home/airflow/.local/lib/python3.12/site-packages/airflow/example_dags/example_dag_decorator.py for tasks to queue
[2024-09-15T19:10:55.642+0000] {logging_mixin.py:190} INFO - [2024-09-15T19:10:55.642+0000] {dagbag.py:587} INFO - Filling up the DagBag from /home/airflow/.local/lib/python3.12/site-packages/airflow/example_dags/example_dag_decorator.py
[2024-09-15T19:10:55.650+0000] {processor.py:925} INFO - DAG(s) 'example_dag_decorator' retrieved from /home/airflow/.local/lib/python3.12/site-packages/airflow/example_dags/example_dag_decorator.py
[2024-09-15T19:10:55.713+0000] {logging_mixin.py:190} INFO - [2024-09-15T19:10:55.713+0000] {dag.py:3229} INFO - Sync 1 DAGs
[2024-09-15T19:10:55.721+0000] {logging_mixin.py:190} INFO - [2024-09-15T19:10:55.721+0000] {dag.py:4156} INFO - Setting next_dagrun for example_dag_decorator to None, run_after=None
[2024-09-15T19:10:55.732+0000] {processor.py:208} INFO - Processing /home/airflow/.local/lib/python3.12/site-packages/airflow/example_dags/example_dag_decorator.py took 0.096 seconds
[2024-09-15T19:11:26.277+0000] {processor.py:186} INFO - Started process (PID=239) to work on /home/airflow/.local/lib/python3.12/site-packages/airflow/example_dags/example_dag_decorator.py
[2024-09-15T19:11:26.279+0000] {processor.py:914} INFO - Processing file /home/airflow/.local/lib/python3.12/site-packages/airflow/example_dags/example_dag_decorator.py for tasks to queue
[2024-09-15T19:11:26.284+0000] {logging_mixin.py:190} INFO - [2024-09-15T19:11:26.283+0000] {dagbag.py:587} INFO - Filling up the DagBag from /home/airflow/.local/lib/python3.12/site-packages/airflow/example_dags/example_dag_decorator.py
[2024-09-15T19:11:26.293+0000] {processor.py:925} INFO - DAG(s) 'example_dag_decorator' retrieved from /home/airflow/.local/lib/python3.12/site-packages/airflow/example_dags/example_dag_decorator.py
[2024-09-15T19:11:26.367+0000] {logging_mixin.py:190} INFO - [2024-09-15T19:11:26.367+0000] {dag.py:3229} INFO - Sync 1 DAGs
[2024-09-15T19:11:26.375+0000] {logging_mixin.py:190} INFO - [2024-09-15T19:11:26.375+0000] {dag.py:4156} INFO - Setting next_dagrun for example_dag_decorator to None, run_after=None
[2024-09-15T19:11:26.389+0000] {processor.py:208} INFO - Processing /home/airflow/.local/lib/python3.12/site-packages/airflow/example_dags/example_dag_decorator.py took 0.115 seconds
[2024-09-15T19:11:57.114+0000] {processor.py:186} INFO - Started process (PID=301) to work on /home/airflow/.local/lib/python3.12/site-packages/airflow/example_dags/example_dag_decorator.py
[2024-09-15T19:11:57.116+0000] {processor.py:914} INFO - Processing file /home/airflow/.local/lib/python3.12/site-packages/airflow/example_dags/example_dag_decorator.py for tasks to queue
[2024-09-15T19:11:57.119+0000] {logging_mixin.py:190} INFO - [2024-09-15T19:11:57.118+0000] {dagbag.py:587} INFO - Filling up the DagBag from /home/airflow/.local/lib/python3.12/site-packages/airflow/example_dags/example_dag_decorator.py
[2024-09-15T19:11:57.125+0000] {processor.py:925} INFO - DAG(s) 'example_dag_decorator' retrieved from /home/airflow/.local/lib/python3.12/site-packages/airflow/example_dags/example_dag_decorator.py
[2024-09-15T19:11:57.209+0000] {logging_mixin.py:190} INFO - [2024-09-15T19:11:57.209+0000] {dag.py:3229} INFO - Sync 1 DAGs
[2024-09-15T19:11:57.215+0000] {logging_mixin.py:190} INFO - [2024-09-15T19:11:57.215+0000] {dag.py:4156} INFO - Setting next_dagrun for example_dag_decorator to None, run_after=None
[2024-09-15T19:11:57.225+0000] {processor.py:208} INFO - Processing /home/airflow/.local/lib/python3.12/site-packages/airflow/example_dags/example_dag_decorator.py took 0.114 seconds
[2024-09-15T19:12:27.515+0000] {processor.py:186} INFO - Started process (PID=363) to work on /home/airflow/.local/lib/python3.12/site-packages/airflow/example_dags/example_dag_decorator.py
[2024-09-15T19:12:27.516+0000] {processor.py:914} INFO - Processing file /home/airflow/.local/lib/python3.12/site-packages/airflow/example_dags/example_dag_decorator.py for tasks to queue
[2024-09-15T19:12:27.518+0000] {logging_mixin.py:190} INFO - [2024-09-15T19:12:27.518+0000] {dagbag.py:587} INFO - Filling up the DagBag from /home/airflow/.local/lib/python3.12/site-packages/airflow/example_dags/example_dag_decorator.py
[2024-09-15T19:12:27.525+0000] {processor.py:925} INFO - DAG(s) 'example_dag_decorator' retrieved from /home/airflow/.local/lib/python3.12/site-packages/airflow/example_dags/example_dag_decorator.py
[2024-09-15T19:12:27.595+0000] {logging_mixin.py:190} INFO - [2024-09-15T19:12:27.595+0000] {dag.py:3229} INFO - Sync 1 DAGs
[2024-09-15T19:12:27.603+0000] {logging_mixin.py:190} INFO - [2024-09-15T19:12:27.603+0000] {dag.py:4156} INFO - Setting next_dagrun for example_dag_decorator to None, run_after=None
[2024-09-15T19:12:27.622+0000] {processor.py:208} INFO - Processing /home/airflow/.local/lib/python3.12/site-packages/airflow/example_dags/example_dag_decorator.py took 0.110 seconds
[2024-09-15T19:12:58.340+0000] {processor.py:186} INFO - Started process (PID=425) to work on /home/airflow/.local/lib/python3.12/site-packages/airflow/example_dags/example_dag_decorator.py
[2024-09-15T19:12:58.342+0000] {processor.py:914} INFO - Processing file /home/airflow/.local/lib/python3.12/site-packages/airflow/example_dags/example_dag_decorator.py for tasks to queue
[2024-09-15T19:12:58.344+0000] {logging_mixin.py:190} INFO - [2024-09-15T19:12:58.343+0000] {dagbag.py:587} INFO - Filling up the DagBag from /home/airflow/.local/lib/python3.12/site-packages/airflow/example_dags/example_dag_decorator.py
[2024-09-15T19:12:58.353+0000] {processor.py:925} INFO - DAG(s) 'example_dag_decorator' retrieved from /home/airflow/.local/lib/python3.12/site-packages/airflow/example_dags/example_dag_decorator.py
[2024-09-15T19:12:58.432+0000] {logging_mixin.py:190} INFO - [2024-09-15T19:12:58.432+0000] {dag.py:3229} INFO - Sync 1 DAGs
[2024-09-15T19:12:58.440+0000] {logging_mixin.py:190} INFO - [2024-09-15T19:12:58.440+0000] {dag.py:4156} INFO - Setting next_dagrun for example_dag_decorator to None, run_after=None
[2024-09-15T19:12:58.453+0000] {processor.py:208} INFO - Processing /home/airflow/.local/lib/python3.12/site-packages/airflow/example_dags/example_dag_decorator.py took 0.116 seconds
