[2024-09-15T19:08:25.707+0000] {processor.py:186} INFO - Started process (PID=74) to work on /home/airflow/.local/lib/python3.12/site-packages/airflow/example_dags/example_params_ui_tutorial.py
[2024-09-15T19:08:25.709+0000] {processor.py:914} INFO - Processing file /home/airflow/.local/lib/python3.12/site-packages/airflow/example_dags/example_params_ui_tutorial.py for tasks to queue
[2024-09-15T19:08:25.712+0000] {logging_mixin.py:190} INFO - [2024-09-15T19:08:25.712+0000] {dagbag.py:587} INFO - Filling up the DagBag from /home/airflow/.local/lib/python3.12/site-packages/airflow/example_dags/example_params_ui_tutorial.py
[2024-09-15T19:08:25.726+0000] {processor.py:925} INFO - DAG(s) 'example_params_ui_tutorial' retrieved from /home/airflow/.local/lib/python3.12/site-packages/airflow/example_dags/example_params_ui_tutorial.py
[2024-09-15T19:08:25.794+0000] {logging_mixin.py:190} INFO - [2024-09-15T19:08:25.794+0000] {override.py:1900} INFO - Created Permission View: can edit on DAG:example_params_ui_tutorial
[2024-09-15T19:08:25.800+0000] {logging_mixin.py:190} INFO - [2024-09-15T19:08:25.800+0000] {override.py:1900} INFO - Created Permission View: can delete on DAG:example_params_ui_tutorial
[2024-09-15T19:08:25.805+0000] {logging_mixin.py:190} INFO - [2024-09-15T19:08:25.805+0000] {override.py:1900} INFO - Created Permission View: can read on DAG:example_params_ui_tutorial
[2024-09-15T19:08:25.809+0000] {logging_mixin.py:190} INFO - [2024-09-15T19:08:25.809+0000] {override.py:1900} INFO - Created Permission View: can create on DAG Run:example_params_ui_tutorial
[2024-09-15T19:08:25.812+0000] {logging_mixin.py:190} INFO - [2024-09-15T19:08:25.812+0000] {override.py:1900} INFO - Created Permission View: can delete on DAG Run:example_params_ui_tutorial
[2024-09-15T19:08:25.816+0000] {logging_mixin.py:190} INFO - [2024-09-15T19:08:25.816+0000] {override.py:1900} INFO - Created Permission View: menu access on DAG Run:example_params_ui_tutorial
[2024-09-15T19:08:25.820+0000] {logging_mixin.py:190} INFO - [2024-09-15T19:08:25.820+0000] {override.py:1900} INFO - Created Permission View: can read on DAG Run:example_params_ui_tutorial
[2024-09-15T19:08:25.820+0000] {logging_mixin.py:190} INFO - [2024-09-15T19:08:25.820+0000] {dag.py:3229} INFO - Sync 1 DAGs
[2024-09-15T19:08:25.827+0000] {logging_mixin.py:190} INFO - [2024-09-15T19:08:25.827+0000] {dag.py:3252} INFO - Creating ORM DAG for example_params_ui_tutorial
[2024-09-15T19:08:25.828+0000] {logging_mixin.py:190} INFO - [2024-09-15T19:08:25.828+0000] {dag.py:4156} INFO - Setting next_dagrun for example_params_ui_tutorial to None, run_after=None
[2024-09-15T19:08:25.838+0000] {processor.py:208} INFO - Processing /home/airflow/.local/lib/python3.12/site-packages/airflow/example_dags/example_params_ui_tutorial.py took 0.140 seconds
[2024-09-15T19:08:56.069+0000] {processor.py:186} INFO - Started process (PID=136) to work on /home/airflow/.local/lib/python3.12/site-packages/airflow/example_dags/example_params_ui_tutorial.py
[2024-09-15T19:08:56.070+0000] {processor.py:914} INFO - Processing file /home/airflow/.local/lib/python3.12/site-packages/airflow/example_dags/example_params_ui_tutorial.py for tasks to queue
[2024-09-15T19:08:56.072+0000] {logging_mixin.py:190} INFO - [2024-09-15T19:08:56.072+0000] {dagbag.py:587} INFO - Filling up the DagBag from /home/airflow/.local/lib/python3.12/site-packages/airflow/example_dags/example_params_ui_tutorial.py
[2024-09-15T19:08:56.077+0000] {processor.py:925} INFO - DAG(s) 'example_params_ui_tutorial' retrieved from /home/airflow/.local/lib/python3.12/site-packages/airflow/example_dags/example_params_ui_tutorial.py
[2024-09-15T19:08:56.105+0000] {logging_mixin.py:190} INFO - [2024-09-15T19:08:56.104+0000] {dag.py:3229} INFO - Sync 1 DAGs
[2024-09-15T19:08:56.113+0000] {logging_mixin.py:190} INFO - [2024-09-15T19:08:56.113+0000] {dag.py:4156} INFO - Setting next_dagrun for example_params_ui_tutorial to None, run_after=None
[2024-09-15T19:08:56.123+0000] {processor.py:208} INFO - Processing /home/airflow/.local/lib/python3.12/site-packages/airflow/example_dags/example_params_ui_tutorial.py took 0.057 seconds
[2024-09-15T19:09:55.032+0000] {processor.py:186} INFO - Started process (PID=73) to work on /home/airflow/.local/lib/python3.12/site-packages/airflow/example_dags/example_params_ui_tutorial.py
[2024-09-15T19:09:55.033+0000] {processor.py:914} INFO - Processing file /home/airflow/.local/lib/python3.12/site-packages/airflow/example_dags/example_params_ui_tutorial.py for tasks to queue
[2024-09-15T19:09:55.035+0000] {logging_mixin.py:190} INFO - [2024-09-15T19:09:55.035+0000] {dagbag.py:587} INFO - Filling up the DagBag from /home/airflow/.local/lib/python3.12/site-packages/airflow/example_dags/example_params_ui_tutorial.py
[2024-09-15T19:09:55.041+0000] {processor.py:925} INFO - DAG(s) 'example_params_ui_tutorial' retrieved from /home/airflow/.local/lib/python3.12/site-packages/airflow/example_dags/example_params_ui_tutorial.py
[2024-09-15T19:09:55.073+0000] {logging_mixin.py:190} INFO - [2024-09-15T19:09:55.073+0000] {dag.py:3229} INFO - Sync 1 DAGs
[2024-09-15T19:09:55.081+0000] {logging_mixin.py:190} INFO - [2024-09-15T19:09:55.081+0000] {dag.py:4156} INFO - Setting next_dagrun for example_params_ui_tutorial to None, run_after=None
[2024-09-15T19:09:55.091+0000] {processor.py:208} INFO - Processing /home/airflow/.local/lib/python3.12/site-packages/airflow/example_dags/example_params_ui_tutorial.py took 0.063 seconds
[2024-09-15T19:10:25.581+0000] {processor.py:186} INFO - Started process (PID=135) to work on /home/airflow/.local/lib/python3.12/site-packages/airflow/example_dags/example_params_ui_tutorial.py
[2024-09-15T19:10:25.582+0000] {processor.py:914} INFO - Processing file /home/airflow/.local/lib/python3.12/site-packages/airflow/example_dags/example_params_ui_tutorial.py for tasks to queue
[2024-09-15T19:10:25.584+0000] {logging_mixin.py:190} INFO - [2024-09-15T19:10:25.584+0000] {dagbag.py:587} INFO - Filling up the DagBag from /home/airflow/.local/lib/python3.12/site-packages/airflow/example_dags/example_params_ui_tutorial.py
[2024-09-15T19:10:25.589+0000] {processor.py:925} INFO - DAG(s) 'example_params_ui_tutorial' retrieved from /home/airflow/.local/lib/python3.12/site-packages/airflow/example_dags/example_params_ui_tutorial.py
[2024-09-15T19:10:25.610+0000] {logging_mixin.py:190} INFO - [2024-09-15T19:10:25.610+0000] {dag.py:3229} INFO - Sync 1 DAGs
[2024-09-15T19:10:25.619+0000] {logging_mixin.py:190} INFO - [2024-09-15T19:10:25.618+0000] {dag.py:4156} INFO - Setting next_dagrun for example_params_ui_tutorial to None, run_after=None
[2024-09-15T19:10:25.628+0000] {processor.py:208} INFO - Processing /home/airflow/.local/lib/python3.12/site-packages/airflow/example_dags/example_params_ui_tutorial.py took 0.050 seconds
[2024-09-15T19:10:56.355+0000] {processor.py:186} INFO - Started process (PID=197) to work on /home/airflow/.local/lib/python3.12/site-packages/airflow/example_dags/example_params_ui_tutorial.py
[2024-09-15T19:10:56.356+0000] {processor.py:914} INFO - Processing file /home/airflow/.local/lib/python3.12/site-packages/airflow/example_dags/example_params_ui_tutorial.py for tasks to queue
[2024-09-15T19:10:56.357+0000] {logging_mixin.py:190} INFO - [2024-09-15T19:10:56.357+0000] {dagbag.py:587} INFO - Filling up the DagBag from /home/airflow/.local/lib/python3.12/site-packages/airflow/example_dags/example_params_ui_tutorial.py
[2024-09-15T19:10:56.362+0000] {processor.py:925} INFO - DAG(s) 'example_params_ui_tutorial' retrieved from /home/airflow/.local/lib/python3.12/site-packages/airflow/example_dags/example_params_ui_tutorial.py
[2024-09-15T19:10:56.384+0000] {logging_mixin.py:190} INFO - [2024-09-15T19:10:56.384+0000] {dag.py:3229} INFO - Sync 1 DAGs
[2024-09-15T19:10:56.392+0000] {logging_mixin.py:190} INFO - [2024-09-15T19:10:56.392+0000] {dag.py:4156} INFO - Setting next_dagrun for example_params_ui_tutorial to None, run_after=None
[2024-09-15T19:10:56.404+0000] {processor.py:208} INFO - Processing /home/airflow/.local/lib/python3.12/site-packages/airflow/example_dags/example_params_ui_tutorial.py took 0.051 seconds
[2024-09-15T19:11:27.150+0000] {processor.py:186} INFO - Started process (PID=259) to work on /home/airflow/.local/lib/python3.12/site-packages/airflow/example_dags/example_params_ui_tutorial.py
[2024-09-15T19:11:27.153+0000] {processor.py:914} INFO - Processing file /home/airflow/.local/lib/python3.12/site-packages/airflow/example_dags/example_params_ui_tutorial.py for tasks to queue
[2024-09-15T19:11:27.155+0000] {logging_mixin.py:190} INFO - [2024-09-15T19:11:27.154+0000] {dagbag.py:587} INFO - Filling up the DagBag from /home/airflow/.local/lib/python3.12/site-packages/airflow/example_dags/example_params_ui_tutorial.py
[2024-09-15T19:11:27.160+0000] {processor.py:925} INFO - DAG(s) 'example_params_ui_tutorial' retrieved from /home/airflow/.local/lib/python3.12/site-packages/airflow/example_dags/example_params_ui_tutorial.py
[2024-09-15T19:11:27.186+0000] {logging_mixin.py:190} INFO - [2024-09-15T19:11:27.186+0000] {dag.py:3229} INFO - Sync 1 DAGs
[2024-09-15T19:11:27.195+0000] {logging_mixin.py:190} INFO - [2024-09-15T19:11:27.195+0000] {dag.py:4156} INFO - Setting next_dagrun for example_params_ui_tutorial to None, run_after=None
[2024-09-15T19:11:27.212+0000] {processor.py:208} INFO - Processing /home/airflow/.local/lib/python3.12/site-packages/airflow/example_dags/example_params_ui_tutorial.py took 0.066 seconds
[2024-09-15T19:11:58.447+0000] {processor.py:186} INFO - Started process (PID=321) to work on /home/airflow/.local/lib/python3.12/site-packages/airflow/example_dags/example_params_ui_tutorial.py
[2024-09-15T19:11:58.448+0000] {processor.py:914} INFO - Processing file /home/airflow/.local/lib/python3.12/site-packages/airflow/example_dags/example_params_ui_tutorial.py for tasks to queue
[2024-09-15T19:11:58.450+0000] {logging_mixin.py:190} INFO - [2024-09-15T19:11:58.450+0000] {dagbag.py:587} INFO - Filling up the DagBag from /home/airflow/.local/lib/python3.12/site-packages/airflow/example_dags/example_params_ui_tutorial.py
[2024-09-15T19:11:58.457+0000] {processor.py:925} INFO - DAG(s) 'example_params_ui_tutorial' retrieved from /home/airflow/.local/lib/python3.12/site-packages/airflow/example_dags/example_params_ui_tutorial.py
[2024-09-15T19:11:58.481+0000] {logging_mixin.py:190} INFO - [2024-09-15T19:11:58.481+0000] {dag.py:3229} INFO - Sync 1 DAGs
[2024-09-15T19:11:58.491+0000] {logging_mixin.py:190} INFO - [2024-09-15T19:11:58.491+0000] {dag.py:4156} INFO - Setting next_dagrun for example_params_ui_tutorial to None, run_after=None
[2024-09-15T19:11:58.502+0000] {processor.py:208} INFO - Processing /home/airflow/.local/lib/python3.12/site-packages/airflow/example_dags/example_params_ui_tutorial.py took 0.059 seconds
[2024-09-15T19:12:29.307+0000] {processor.py:186} INFO - Started process (PID=383) to work on /home/airflow/.local/lib/python3.12/site-packages/airflow/example_dags/example_params_ui_tutorial.py
[2024-09-15T19:12:29.308+0000] {processor.py:914} INFO - Processing file /home/airflow/.local/lib/python3.12/site-packages/airflow/example_dags/example_params_ui_tutorial.py for tasks to queue
[2024-09-15T19:12:29.310+0000] {logging_mixin.py:190} INFO - [2024-09-15T19:12:29.310+0000] {dagbag.py:587} INFO - Filling up the DagBag from /home/airflow/.local/lib/python3.12/site-packages/airflow/example_dags/example_params_ui_tutorial.py
[2024-09-15T19:12:29.315+0000] {processor.py:925} INFO - DAG(s) 'example_params_ui_tutorial' retrieved from /home/airflow/.local/lib/python3.12/site-packages/airflow/example_dags/example_params_ui_tutorial.py
[2024-09-15T19:12:29.336+0000] {logging_mixin.py:190} INFO - [2024-09-15T19:12:29.336+0000] {dag.py:3229} INFO - Sync 1 DAGs
[2024-09-15T19:12:29.344+0000] {logging_mixin.py:190} INFO - [2024-09-15T19:12:29.344+0000] {dag.py:4156} INFO - Setting next_dagrun for example_params_ui_tutorial to None, run_after=None
[2024-09-15T19:12:29.355+0000] {processor.py:208} INFO - Processing /home/airflow/.local/lib/python3.12/site-packages/airflow/example_dags/example_params_ui_tutorial.py took 0.051 seconds
[2024-09-15T19:13:00.229+0000] {processor.py:186} INFO - Started process (PID=445) to work on /home/airflow/.local/lib/python3.12/site-packages/airflow/example_dags/example_params_ui_tutorial.py
[2024-09-15T19:13:00.231+0000] {processor.py:914} INFO - Processing file /home/airflow/.local/lib/python3.12/site-packages/airflow/example_dags/example_params_ui_tutorial.py for tasks to queue
[2024-09-15T19:13:00.232+0000] {logging_mixin.py:190} INFO - [2024-09-15T19:13:00.232+0000] {dagbag.py:587} INFO - Filling up the DagBag from /home/airflow/.local/lib/python3.12/site-packages/airflow/example_dags/example_params_ui_tutorial.py
[2024-09-15T19:13:00.238+0000] {processor.py:925} INFO - DAG(s) 'example_params_ui_tutorial' retrieved from /home/airflow/.local/lib/python3.12/site-packages/airflow/example_dags/example_params_ui_tutorial.py
[2024-09-15T19:13:00.261+0000] {logging_mixin.py:190} INFO - [2024-09-15T19:13:00.261+0000] {dag.py:3229} INFO - Sync 1 DAGs
[2024-09-15T19:13:00.269+0000] {logging_mixin.py:190} INFO - [2024-09-15T19:13:00.269+0000] {dag.py:4156} INFO - Setting next_dagrun for example_params_ui_tutorial to None, run_after=None
[2024-09-15T19:13:00.283+0000] {processor.py:208} INFO - Processing /home/airflow/.local/lib/python3.12/site-packages/airflow/example_dags/example_params_ui_tutorial.py took 0.057 seconds
