[2024-09-15T19:08:23.876+0000] {processor.py:186} INFO - Started process (PID=53) to work on /home/airflow/.local/lib/python3.12/site-packages/airflow/example_dags/example_trigger_target_dag.py
[2024-09-15T19:08:23.878+0000] {processor.py:914} INFO - Processing file /home/airflow/.local/lib/python3.12/site-packages/airflow/example_dags/example_trigger_target_dag.py for tasks to queue
[2024-09-15T19:08:23.880+0000] {logging_mixin.py:190} INFO - [2024-09-15T19:08:23.879+0000] {dagbag.py:587} INFO - Filling up the DagBag from /home/airflow/.local/lib/python3.12/site-packages/airflow/example_dags/example_trigger_target_dag.py
[2024-09-15T19:08:23.886+0000] {processor.py:925} INFO - DAG(s) 'example_trigger_target_dag' retrieved from /home/airflow/.local/lib/python3.12/site-packages/airflow/example_dags/example_trigger_target_dag.py
[2024-09-15T19:08:23.961+0000] {logging_mixin.py:190} INFO - [2024-09-15T19:08:23.961+0000] {override.py:1900} INFO - Created Permission View: can edit on DAG:example_trigger_target_dag
[2024-09-15T19:08:23.968+0000] {logging_mixin.py:190} INFO - [2024-09-15T19:08:23.968+0000] {override.py:1900} INFO - Created Permission View: can delete on DAG:example_trigger_target_dag
[2024-09-15T19:08:23.973+0000] {logging_mixin.py:190} INFO - [2024-09-15T19:08:23.973+0000] {override.py:1900} INFO - Created Permission View: can read on DAG:example_trigger_target_dag
[2024-09-15T19:08:23.979+0000] {logging_mixin.py:190} INFO - [2024-09-15T19:08:23.979+0000] {override.py:1900} INFO - Created Permission View: can create on DAG Run:example_trigger_target_dag
[2024-09-15T19:08:23.983+0000] {logging_mixin.py:190} INFO - [2024-09-15T19:08:23.983+0000] {override.py:1900} INFO - Created Permission View: can delete on DAG Run:example_trigger_target_dag
[2024-09-15T19:08:23.990+0000] {logging_mixin.py:190} INFO - [2024-09-15T19:08:23.990+0000] {override.py:1900} INFO - Created Permission View: menu access on DAG Run:example_trigger_target_dag
[2024-09-15T19:08:23.994+0000] {logging_mixin.py:190} INFO - [2024-09-15T19:08:23.994+0000] {override.py:1900} INFO - Created Permission View: can read on DAG Run:example_trigger_target_dag
[2024-09-15T19:08:23.996+0000] {logging_mixin.py:190} INFO - [2024-09-15T19:08:23.995+0000] {dag.py:3229} INFO - Sync 1 DAGs
[2024-09-15T19:08:24.003+0000] {logging_mixin.py:190} INFO - [2024-09-15T19:08:24.003+0000] {dag.py:3252} INFO - Creating ORM DAG for example_trigger_target_dag
[2024-09-15T19:08:24.004+0000] {logging_mixin.py:190} INFO - [2024-09-15T19:08:24.004+0000] {dag.py:4156} INFO - Setting next_dagrun for example_trigger_target_dag to None, run_after=None
[2024-09-15T19:08:24.014+0000] {processor.py:208} INFO - Processing /home/airflow/.local/lib/python3.12/site-packages/airflow/example_dags/example_trigger_target_dag.py took 0.141 seconds
[2024-09-15T19:08:54.080+0000] {processor.py:186} INFO - Started process (PID=115) to work on /home/airflow/.local/lib/python3.12/site-packages/airflow/example_dags/example_trigger_target_dag.py
[2024-09-15T19:08:54.085+0000] {processor.py:914} INFO - Processing file /home/airflow/.local/lib/python3.12/site-packages/airflow/example_dags/example_trigger_target_dag.py for tasks to queue
[2024-09-15T19:08:54.089+0000] {logging_mixin.py:190} INFO - [2024-09-15T19:08:54.088+0000] {dagbag.py:587} INFO - Filling up the DagBag from /home/airflow/.local/lib/python3.12/site-packages/airflow/example_dags/example_trigger_target_dag.py
[2024-09-15T19:08:54.111+0000] {processor.py:925} INFO - DAG(s) 'example_trigger_target_dag' retrieved from /home/airflow/.local/lib/python3.12/site-packages/airflow/example_dags/example_trigger_target_dag.py
[2024-09-15T19:08:54.138+0000] {logging_mixin.py:190} INFO - [2024-09-15T19:08:54.138+0000] {dag.py:3229} INFO - Sync 1 DAGs
[2024-09-15T19:08:54.148+0000] {logging_mixin.py:190} INFO - [2024-09-15T19:08:54.148+0000] {dag.py:4156} INFO - Setting next_dagrun for example_trigger_target_dag to None, run_after=None
[2024-09-15T19:08:54.161+0000] {processor.py:208} INFO - Processing /home/airflow/.local/lib/python3.12/site-packages/airflow/example_dags/example_trigger_target_dag.py took 0.087 seconds
[2024-09-15T19:09:54.166+0000] {processor.py:186} INFO - Started process (PID=52) to work on /home/airflow/.local/lib/python3.12/site-packages/airflow/example_dags/example_trigger_target_dag.py
[2024-09-15T19:09:54.168+0000] {processor.py:914} INFO - Processing file /home/airflow/.local/lib/python3.12/site-packages/airflow/example_dags/example_trigger_target_dag.py for tasks to queue
[2024-09-15T19:09:54.169+0000] {logging_mixin.py:190} INFO - [2024-09-15T19:09:54.169+0000] {dagbag.py:587} INFO - Filling up the DagBag from /home/airflow/.local/lib/python3.12/site-packages/airflow/example_dags/example_trigger_target_dag.py
[2024-09-15T19:09:54.174+0000] {processor.py:925} INFO - DAG(s) 'example_trigger_target_dag' retrieved from /home/airflow/.local/lib/python3.12/site-packages/airflow/example_dags/example_trigger_target_dag.py
[2024-09-15T19:09:54.186+0000] {logging_mixin.py:190} INFO - [2024-09-15T19:09:54.186+0000] {dag.py:3229} INFO - Sync 1 DAGs
[2024-09-15T19:09:54.194+0000] {logging_mixin.py:190} INFO - [2024-09-15T19:09:54.194+0000] {dag.py:4156} INFO - Setting next_dagrun for example_trigger_target_dag to None, run_after=None
[2024-09-15T19:09:54.205+0000] {processor.py:208} INFO - Processing /home/airflow/.local/lib/python3.12/site-packages/airflow/example_dags/example_trigger_target_dag.py took 0.042 seconds
[2024-09-15T19:10:24.843+0000] {processor.py:186} INFO - Started process (PID=114) to work on /home/airflow/.local/lib/python3.12/site-packages/airflow/example_dags/example_trigger_target_dag.py
[2024-09-15T19:10:24.844+0000] {processor.py:914} INFO - Processing file /home/airflow/.local/lib/python3.12/site-packages/airflow/example_dags/example_trigger_target_dag.py for tasks to queue
[2024-09-15T19:10:24.846+0000] {logging_mixin.py:190} INFO - [2024-09-15T19:10:24.846+0000] {dagbag.py:587} INFO - Filling up the DagBag from /home/airflow/.local/lib/python3.12/site-packages/airflow/example_dags/example_trigger_target_dag.py
[2024-09-15T19:10:24.851+0000] {processor.py:925} INFO - DAG(s) 'example_trigger_target_dag' retrieved from /home/airflow/.local/lib/python3.12/site-packages/airflow/example_dags/example_trigger_target_dag.py
[2024-09-15T19:10:24.862+0000] {logging_mixin.py:190} INFO - [2024-09-15T19:10:24.862+0000] {dag.py:3229} INFO - Sync 1 DAGs
[2024-09-15T19:10:24.870+0000] {logging_mixin.py:190} INFO - [2024-09-15T19:10:24.870+0000] {dag.py:4156} INFO - Setting next_dagrun for example_trigger_target_dag to None, run_after=None
[2024-09-15T19:10:24.879+0000] {processor.py:208} INFO - Processing /home/airflow/.local/lib/python3.12/site-packages/airflow/example_dags/example_trigger_target_dag.py took 0.040 seconds
[2024-09-15T19:10:55.598+0000] {processor.py:186} INFO - Started process (PID=176) to work on /home/airflow/.local/lib/python3.12/site-packages/airflow/example_dags/example_trigger_target_dag.py
[2024-09-15T19:10:55.600+0000] {processor.py:914} INFO - Processing file /home/airflow/.local/lib/python3.12/site-packages/airflow/example_dags/example_trigger_target_dag.py for tasks to queue
[2024-09-15T19:10:55.604+0000] {logging_mixin.py:190} INFO - [2024-09-15T19:10:55.604+0000] {dagbag.py:587} INFO - Filling up the DagBag from /home/airflow/.local/lib/python3.12/site-packages/airflow/example_dags/example_trigger_target_dag.py
[2024-09-15T19:10:55.609+0000] {processor.py:925} INFO - DAG(s) 'example_trigger_target_dag' retrieved from /home/airflow/.local/lib/python3.12/site-packages/airflow/example_dags/example_trigger_target_dag.py
[2024-09-15T19:10:55.620+0000] {logging_mixin.py:190} INFO - [2024-09-15T19:10:55.620+0000] {dag.py:3229} INFO - Sync 1 DAGs
[2024-09-15T19:10:55.628+0000] {logging_mixin.py:190} INFO - [2024-09-15T19:10:55.628+0000] {dag.py:4156} INFO - Setting next_dagrun for example_trigger_target_dag to None, run_after=None
[2024-09-15T19:10:55.643+0000] {processor.py:208} INFO - Processing /home/airflow/.local/lib/python3.12/site-packages/airflow/example_dags/example_trigger_target_dag.py took 0.049 seconds
[2024-09-15T19:11:26.269+0000] {processor.py:186} INFO - Started process (PID=238) to work on /home/airflow/.local/lib/python3.12/site-packages/airflow/example_dags/example_trigger_target_dag.py
[2024-09-15T19:11:26.271+0000] {processor.py:914} INFO - Processing file /home/airflow/.local/lib/python3.12/site-packages/airflow/example_dags/example_trigger_target_dag.py for tasks to queue
[2024-09-15T19:11:26.274+0000] {logging_mixin.py:190} INFO - [2024-09-15T19:11:26.274+0000] {dagbag.py:587} INFO - Filling up the DagBag from /home/airflow/.local/lib/python3.12/site-packages/airflow/example_dags/example_trigger_target_dag.py
[2024-09-15T19:11:26.282+0000] {processor.py:925} INFO - DAG(s) 'example_trigger_target_dag' retrieved from /home/airflow/.local/lib/python3.12/site-packages/airflow/example_dags/example_trigger_target_dag.py
[2024-09-15T19:11:26.300+0000] {logging_mixin.py:190} INFO - [2024-09-15T19:11:26.300+0000] {dag.py:3229} INFO - Sync 1 DAGs
[2024-09-15T19:11:26.309+0000] {logging_mixin.py:190} INFO - [2024-09-15T19:11:26.309+0000] {dag.py:4156} INFO - Setting next_dagrun for example_trigger_target_dag to None, run_after=None
[2024-09-15T19:11:26.325+0000] {processor.py:208} INFO - Processing /home/airflow/.local/lib/python3.12/site-packages/airflow/example_dags/example_trigger_target_dag.py took 0.060 seconds
[2024-09-15T19:11:57.106+0000] {processor.py:186} INFO - Started process (PID=300) to work on /home/airflow/.local/lib/python3.12/site-packages/airflow/example_dags/example_trigger_target_dag.py
[2024-09-15T19:11:57.108+0000] {processor.py:914} INFO - Processing file /home/airflow/.local/lib/python3.12/site-packages/airflow/example_dags/example_trigger_target_dag.py for tasks to queue
[2024-09-15T19:11:57.110+0000] {logging_mixin.py:190} INFO - [2024-09-15T19:11:57.110+0000] {dagbag.py:587} INFO - Filling up the DagBag from /home/airflow/.local/lib/python3.12/site-packages/airflow/example_dags/example_trigger_target_dag.py
[2024-09-15T19:11:57.115+0000] {processor.py:925} INFO - DAG(s) 'example_trigger_target_dag' retrieved from /home/airflow/.local/lib/python3.12/site-packages/airflow/example_dags/example_trigger_target_dag.py
[2024-09-15T19:11:57.127+0000] {logging_mixin.py:190} INFO - [2024-09-15T19:11:57.127+0000] {dag.py:3229} INFO - Sync 1 DAGs
[2024-09-15T19:11:57.137+0000] {logging_mixin.py:190} INFO - [2024-09-15T19:11:57.137+0000] {dag.py:4156} INFO - Setting next_dagrun for example_trigger_target_dag to None, run_after=None
[2024-09-15T19:11:57.149+0000] {processor.py:208} INFO - Processing /home/airflow/.local/lib/python3.12/site-packages/airflow/example_dags/example_trigger_target_dag.py took 0.047 seconds
[2024-09-15T19:12:27.489+0000] {processor.py:186} INFO - Started process (PID=362) to work on /home/airflow/.local/lib/python3.12/site-packages/airflow/example_dags/example_trigger_target_dag.py
[2024-09-15T19:12:27.490+0000] {processor.py:914} INFO - Processing file /home/airflow/.local/lib/python3.12/site-packages/airflow/example_dags/example_trigger_target_dag.py for tasks to queue
[2024-09-15T19:12:27.492+0000] {logging_mixin.py:190} INFO - [2024-09-15T19:12:27.492+0000] {dagbag.py:587} INFO - Filling up the DagBag from /home/airflow/.local/lib/python3.12/site-packages/airflow/example_dags/example_trigger_target_dag.py
[2024-09-15T19:12:27.497+0000] {processor.py:925} INFO - DAG(s) 'example_trigger_target_dag' retrieved from /home/airflow/.local/lib/python3.12/site-packages/airflow/example_dags/example_trigger_target_dag.py
[2024-09-15T19:12:27.509+0000] {logging_mixin.py:190} INFO - [2024-09-15T19:12:27.508+0000] {dag.py:3229} INFO - Sync 1 DAGs
[2024-09-15T19:12:27.517+0000] {logging_mixin.py:190} INFO - [2024-09-15T19:12:27.516+0000] {dag.py:4156} INFO - Setting next_dagrun for example_trigger_target_dag to None, run_after=None
[2024-09-15T19:12:27.527+0000] {processor.py:208} INFO - Processing /home/airflow/.local/lib/python3.12/site-packages/airflow/example_dags/example_trigger_target_dag.py took 0.041 seconds
[2024-09-15T19:12:58.321+0000] {processor.py:186} INFO - Started process (PID=424) to work on /home/airflow/.local/lib/python3.12/site-packages/airflow/example_dags/example_trigger_target_dag.py
[2024-09-15T19:12:58.324+0000] {processor.py:914} INFO - Processing file /home/airflow/.local/lib/python3.12/site-packages/airflow/example_dags/example_trigger_target_dag.py for tasks to queue
[2024-09-15T19:12:58.329+0000] {logging_mixin.py:190} INFO - [2024-09-15T19:12:58.329+0000] {dagbag.py:587} INFO - Filling up the DagBag from /home/airflow/.local/lib/python3.12/site-packages/airflow/example_dags/example_trigger_target_dag.py
[2024-09-15T19:12:58.339+0000] {processor.py:925} INFO - DAG(s) 'example_trigger_target_dag' retrieved from /home/airflow/.local/lib/python3.12/site-packages/airflow/example_dags/example_trigger_target_dag.py
[2024-09-15T19:12:58.356+0000] {logging_mixin.py:190} INFO - [2024-09-15T19:12:58.355+0000] {dag.py:3229} INFO - Sync 1 DAGs
[2024-09-15T19:12:58.364+0000] {logging_mixin.py:190} INFO - [2024-09-15T19:12:58.364+0000] {dag.py:4156} INFO - Setting next_dagrun for example_trigger_target_dag to None, run_after=None
[2024-09-15T19:12:58.376+0000] {processor.py:208} INFO - Processing /home/airflow/.local/lib/python3.12/site-packages/airflow/example_dags/example_trigger_target_dag.py took 0.060 seconds
