[2024-09-15T19:08:24.541+0000] {processor.py:186} INFO - Started process (PID=62) to work on /home/airflow/.local/lib/python3.12/site-packages/airflow/example_dags/example_workday_timetable.py
[2024-09-15T19:08:24.542+0000] {processor.py:914} INFO - Processing file /home/airflow/.local/lib/python3.12/site-packages/airflow/example_dags/example_workday_timetable.py for tasks to queue
[2024-09-15T19:08:24.544+0000] {logging_mixin.py:190} INFO - [2024-09-15T19:08:24.544+0000] {dagbag.py:587} INFO - Filling up the DagBag from /home/airflow/.local/lib/python3.12/site-packages/airflow/example_dags/example_workday_timetable.py
[2024-09-15T19:08:24.549+0000] {processor.py:925} INFO - DAG(s) 'example_workday_timetable' retrieved from /home/airflow/.local/lib/python3.12/site-packages/airflow/example_dags/example_workday_timetable.py
[2024-09-15T19:08:24.632+0000] {logging_mixin.py:190} INFO - [2024-09-15T19:08:24.631+0000] {override.py:1900} INFO - Created Permission View: can edit on DAG:example_workday_timetable
[2024-09-15T19:08:24.640+0000] {logging_mixin.py:190} INFO - [2024-09-15T19:08:24.640+0000] {override.py:1900} INFO - Created Permission View: can delete on DAG:example_workday_timetable
[2024-09-15T19:08:24.644+0000] {logging_mixin.py:190} INFO - [2024-09-15T19:08:24.644+0000] {override.py:1900} INFO - Created Permission View: can read on DAG:example_workday_timetable
[2024-09-15T19:08:24.651+0000] {logging_mixin.py:190} INFO - [2024-09-15T19:08:24.651+0000] {override.py:1900} INFO - Created Permission View: can create on DAG Run:example_workday_timetable
[2024-09-15T19:08:24.657+0000] {logging_mixin.py:190} INFO - [2024-09-15T19:08:24.657+0000] {override.py:1900} INFO - Created Permission View: can delete on DAG Run:example_workday_timetable
[2024-09-15T19:08:24.663+0000] {logging_mixin.py:190} INFO - [2024-09-15T19:08:24.663+0000] {override.py:1900} INFO - Created Permission View: menu access on DAG Run:example_workday_timetable
[2024-09-15T19:08:24.674+0000] {logging_mixin.py:190} INFO - [2024-09-15T19:08:24.673+0000] {override.py:1900} INFO - Created Permission View: can read on DAG Run:example_workday_timetable
[2024-09-15T19:08:24.676+0000] {logging_mixin.py:190} INFO - [2024-09-15T19:08:24.676+0000] {dag.py:3229} INFO - Sync 1 DAGs
[2024-09-15T19:08:24.697+0000] {logging_mixin.py:190} INFO - [2024-09-15T19:08:24.696+0000] {dag.py:3252} INFO - Creating ORM DAG for example_workday_timetable
[2024-09-15T19:08:24.749+0000] {logging_mixin.py:190} INFO - [2024-09-15T19:08:24.749+0000] {dag.py:4156} INFO - Setting next_dagrun for example_workday_timetable to 2021-01-04 00:00:00+00:00, run_after=2021-01-05 00:00:00+00:00
[2024-09-15T19:08:24.761+0000] {processor.py:208} INFO - Processing /home/airflow/.local/lib/python3.12/site-packages/airflow/example_dags/example_workday_timetable.py took 0.223 seconds
[2024-09-15T19:08:55.606+0000] {processor.py:186} INFO - Started process (PID=124) to work on /home/airflow/.local/lib/python3.12/site-packages/airflow/example_dags/example_workday_timetable.py
[2024-09-15T19:08:55.608+0000] {processor.py:914} INFO - Processing file /home/airflow/.local/lib/python3.12/site-packages/airflow/example_dags/example_workday_timetable.py for tasks to queue
[2024-09-15T19:08:55.609+0000] {logging_mixin.py:190} INFO - [2024-09-15T19:08:55.609+0000] {dagbag.py:587} INFO - Filling up the DagBag from /home/airflow/.local/lib/python3.12/site-packages/airflow/example_dags/example_workday_timetable.py
[2024-09-15T19:08:55.613+0000] {processor.py:925} INFO - DAG(s) 'example_workday_timetable' retrieved from /home/airflow/.local/lib/python3.12/site-packages/airflow/example_dags/example_workday_timetable.py
[2024-09-15T19:08:55.624+0000] {logging_mixin.py:190} INFO - [2024-09-15T19:08:55.624+0000] {dag.py:3229} INFO - Sync 1 DAGs
[2024-09-15T19:08:55.665+0000] {logging_mixin.py:190} INFO - [2024-09-15T19:08:55.665+0000] {dag.py:4156} INFO - Setting next_dagrun for example_workday_timetable to 2021-01-04 00:00:00+00:00, run_after=2021-01-05 00:00:00+00:00
[2024-09-15T19:08:55.679+0000] {processor.py:208} INFO - Processing /home/airflow/.local/lib/python3.12/site-packages/airflow/example_dags/example_workday_timetable.py took 0.076 seconds
[2024-09-15T19:09:54.489+0000] {processor.py:186} INFO - Started process (PID=61) to work on /home/airflow/.local/lib/python3.12/site-packages/airflow/example_dags/example_workday_timetable.py
[2024-09-15T19:09:54.490+0000] {processor.py:914} INFO - Processing file /home/airflow/.local/lib/python3.12/site-packages/airflow/example_dags/example_workday_timetable.py for tasks to queue
[2024-09-15T19:09:54.491+0000] {logging_mixin.py:190} INFO - [2024-09-15T19:09:54.491+0000] {dagbag.py:587} INFO - Filling up the DagBag from /home/airflow/.local/lib/python3.12/site-packages/airflow/example_dags/example_workday_timetable.py
[2024-09-15T19:09:54.495+0000] {processor.py:925} INFO - DAG(s) 'example_workday_timetable' retrieved from /home/airflow/.local/lib/python3.12/site-packages/airflow/example_dags/example_workday_timetable.py
[2024-09-15T19:09:54.506+0000] {logging_mixin.py:190} INFO - [2024-09-15T19:09:54.506+0000] {dag.py:3229} INFO - Sync 1 DAGs
[2024-09-15T19:09:54.549+0000] {logging_mixin.py:190} INFO - [2024-09-15T19:09:54.549+0000] {dag.py:4156} INFO - Setting next_dagrun for example_workday_timetable to 2021-01-04 00:00:00+00:00, run_after=2021-01-05 00:00:00+00:00
[2024-09-15T19:09:54.560+0000] {processor.py:208} INFO - Processing /home/airflow/.local/lib/python3.12/site-packages/airflow/example_dags/example_workday_timetable.py took 0.074 seconds
[2024-09-15T19:10:25.136+0000] {processor.py:186} INFO - Started process (PID=123) to work on /home/airflow/.local/lib/python3.12/site-packages/airflow/example_dags/example_workday_timetable.py
[2024-09-15T19:10:25.137+0000] {processor.py:914} INFO - Processing file /home/airflow/.local/lib/python3.12/site-packages/airflow/example_dags/example_workday_timetable.py for tasks to queue
[2024-09-15T19:10:25.139+0000] {logging_mixin.py:190} INFO - [2024-09-15T19:10:25.139+0000] {dagbag.py:587} INFO - Filling up the DagBag from /home/airflow/.local/lib/python3.12/site-packages/airflow/example_dags/example_workday_timetable.py
[2024-09-15T19:10:25.143+0000] {processor.py:925} INFO - DAG(s) 'example_workday_timetable' retrieved from /home/airflow/.local/lib/python3.12/site-packages/airflow/example_dags/example_workday_timetable.py
[2024-09-15T19:10:25.154+0000] {logging_mixin.py:190} INFO - [2024-09-15T19:10:25.154+0000] {dag.py:3229} INFO - Sync 1 DAGs
[2024-09-15T19:10:25.198+0000] {logging_mixin.py:190} INFO - [2024-09-15T19:10:25.198+0000] {dag.py:4156} INFO - Setting next_dagrun for example_workday_timetable to 2021-01-04 00:00:00+00:00, run_after=2021-01-05 00:00:00+00:00
[2024-09-15T19:10:25.212+0000] {processor.py:208} INFO - Processing /home/airflow/.local/lib/python3.12/site-packages/airflow/example_dags/example_workday_timetable.py took 0.078 seconds
[2024-09-15T19:10:55.954+0000] {processor.py:186} INFO - Started process (PID=185) to work on /home/airflow/.local/lib/python3.12/site-packages/airflow/example_dags/example_workday_timetable.py
[2024-09-15T19:10:55.955+0000] {processor.py:914} INFO - Processing file /home/airflow/.local/lib/python3.12/site-packages/airflow/example_dags/example_workday_timetable.py for tasks to queue
[2024-09-15T19:10:55.957+0000] {logging_mixin.py:190} INFO - [2024-09-15T19:10:55.957+0000] {dagbag.py:587} INFO - Filling up the DagBag from /home/airflow/.local/lib/python3.12/site-packages/airflow/example_dags/example_workday_timetable.py
[2024-09-15T19:10:55.961+0000] {processor.py:925} INFO - DAG(s) 'example_workday_timetable' retrieved from /home/airflow/.local/lib/python3.12/site-packages/airflow/example_dags/example_workday_timetable.py
[2024-09-15T19:10:55.973+0000] {logging_mixin.py:190} INFO - [2024-09-15T19:10:55.973+0000] {dag.py:3229} INFO - Sync 1 DAGs
[2024-09-15T19:10:56.010+0000] {logging_mixin.py:190} INFO - [2024-09-15T19:10:56.010+0000] {dag.py:4156} INFO - Setting next_dagrun for example_workday_timetable to 2021-01-04 00:00:00+00:00, run_after=2021-01-05 00:00:00+00:00
[2024-09-15T19:10:56.020+0000] {processor.py:208} INFO - Processing /home/airflow/.local/lib/python3.12/site-packages/airflow/example_dags/example_workday_timetable.py took 0.069 seconds
[2024-09-15T19:11:26.636+0000] {processor.py:186} INFO - Started process (PID=247) to work on /home/airflow/.local/lib/python3.12/site-packages/airflow/example_dags/example_workday_timetable.py
[2024-09-15T19:11:26.637+0000] {processor.py:914} INFO - Processing file /home/airflow/.local/lib/python3.12/site-packages/airflow/example_dags/example_workday_timetable.py for tasks to queue
[2024-09-15T19:11:26.639+0000] {logging_mixin.py:190} INFO - [2024-09-15T19:11:26.639+0000] {dagbag.py:587} INFO - Filling up the DagBag from /home/airflow/.local/lib/python3.12/site-packages/airflow/example_dags/example_workday_timetable.py
[2024-09-15T19:11:26.642+0000] {processor.py:925} INFO - DAG(s) 'example_workday_timetable' retrieved from /home/airflow/.local/lib/python3.12/site-packages/airflow/example_dags/example_workday_timetable.py
[2024-09-15T19:11:26.653+0000] {logging_mixin.py:190} INFO - [2024-09-15T19:11:26.653+0000] {dag.py:3229} INFO - Sync 1 DAGs
[2024-09-15T19:11:26.689+0000] {logging_mixin.py:190} INFO - [2024-09-15T19:11:26.689+0000] {dag.py:4156} INFO - Setting next_dagrun for example_workday_timetable to 2021-01-04 00:00:00+00:00, run_after=2021-01-05 00:00:00+00:00
[2024-09-15T19:11:26.702+0000] {processor.py:208} INFO - Processing /home/airflow/.local/lib/python3.12/site-packages/airflow/example_dags/example_workday_timetable.py took 0.070 seconds
[2024-09-15T19:11:57.467+0000] {processor.py:186} INFO - Started process (PID=309) to work on /home/airflow/.local/lib/python3.12/site-packages/airflow/example_dags/example_workday_timetable.py
[2024-09-15T19:11:57.467+0000] {processor.py:914} INFO - Processing file /home/airflow/.local/lib/python3.12/site-packages/airflow/example_dags/example_workday_timetable.py for tasks to queue
[2024-09-15T19:11:57.469+0000] {logging_mixin.py:190} INFO - [2024-09-15T19:11:57.469+0000] {dagbag.py:587} INFO - Filling up the DagBag from /home/airflow/.local/lib/python3.12/site-packages/airflow/example_dags/example_workday_timetable.py
[2024-09-15T19:11:57.473+0000] {processor.py:925} INFO - DAG(s) 'example_workday_timetable' retrieved from /home/airflow/.local/lib/python3.12/site-packages/airflow/example_dags/example_workday_timetable.py
[2024-09-15T19:11:57.487+0000] {logging_mixin.py:190} INFO - [2024-09-15T19:11:57.487+0000] {dag.py:3229} INFO - Sync 1 DAGs
[2024-09-15T19:11:57.528+0000] {logging_mixin.py:190} INFO - [2024-09-15T19:11:57.528+0000] {dag.py:4156} INFO - Setting next_dagrun for example_workday_timetable to 2021-01-04 00:00:00+00:00, run_after=2021-01-05 00:00:00+00:00
[2024-09-15T19:11:57.550+0000] {processor.py:208} INFO - Processing /home/airflow/.local/lib/python3.12/site-packages/airflow/example_dags/example_workday_timetable.py took 0.087 seconds
[2024-09-15T19:12:27.849+0000] {processor.py:186} INFO - Started process (PID=371) to work on /home/airflow/.local/lib/python3.12/site-packages/airflow/example_dags/example_workday_timetable.py
[2024-09-15T19:12:27.850+0000] {processor.py:914} INFO - Processing file /home/airflow/.local/lib/python3.12/site-packages/airflow/example_dags/example_workday_timetable.py for tasks to queue
[2024-09-15T19:12:27.852+0000] {logging_mixin.py:190} INFO - [2024-09-15T19:12:27.852+0000] {dagbag.py:587} INFO - Filling up the DagBag from /home/airflow/.local/lib/python3.12/site-packages/airflow/example_dags/example_workday_timetable.py
[2024-09-15T19:12:27.855+0000] {processor.py:925} INFO - DAG(s) 'example_workday_timetable' retrieved from /home/airflow/.local/lib/python3.12/site-packages/airflow/example_dags/example_workday_timetable.py
[2024-09-15T19:12:27.866+0000] {logging_mixin.py:190} INFO - [2024-09-15T19:12:27.866+0000] {dag.py:3229} INFO - Sync 1 DAGs
[2024-09-15T19:12:27.903+0000] {logging_mixin.py:190} INFO - [2024-09-15T19:12:27.902+0000] {dag.py:4156} INFO - Setting next_dagrun for example_workday_timetable to 2021-01-04 00:00:00+00:00, run_after=2021-01-05 00:00:00+00:00
[2024-09-15T19:12:27.914+0000] {processor.py:208} INFO - Processing /home/airflow/.local/lib/python3.12/site-packages/airflow/example_dags/example_workday_timetable.py took 0.068 seconds
[2024-09-15T19:12:58.677+0000] {processor.py:186} INFO - Started process (PID=433) to work on /home/airflow/.local/lib/python3.12/site-packages/airflow/example_dags/example_workday_timetable.py
[2024-09-15T19:12:58.679+0000] {processor.py:914} INFO - Processing file /home/airflow/.local/lib/python3.12/site-packages/airflow/example_dags/example_workday_timetable.py for tasks to queue
[2024-09-15T19:12:58.682+0000] {logging_mixin.py:190} INFO - [2024-09-15T19:12:58.681+0000] {dagbag.py:587} INFO - Filling up the DagBag from /home/airflow/.local/lib/python3.12/site-packages/airflow/example_dags/example_workday_timetable.py
[2024-09-15T19:12:58.686+0000] {processor.py:925} INFO - DAG(s) 'example_workday_timetable' retrieved from /home/airflow/.local/lib/python3.12/site-packages/airflow/example_dags/example_workday_timetable.py
[2024-09-15T19:12:58.699+0000] {logging_mixin.py:190} INFO - [2024-09-15T19:12:58.699+0000] {dag.py:3229} INFO - Sync 1 DAGs
[2024-09-15T19:12:58.742+0000] {logging_mixin.py:190} INFO - [2024-09-15T19:12:58.742+0000] {dag.py:4156} INFO - Setting next_dagrun for example_workday_timetable to 2021-01-04 00:00:00+00:00, run_after=2021-01-05 00:00:00+00:00
[2024-09-15T19:12:58.759+0000] {processor.py:208} INFO - Processing /home/airflow/.local/lib/python3.12/site-packages/airflow/example_dags/example_workday_timetable.py took 0.086 seconds
