[2024-09-15T19:08:24.195+0000] {processor.py:186} INFO - Started process (PID=57) to work on /home/airflow/.local/lib/python3.12/site-packages/airflow/example_dags/example_setup_teardown_taskflow.py
[2024-09-15T19:08:24.196+0000] {processor.py:914} INFO - Processing file /home/airflow/.local/lib/python3.12/site-packages/airflow/example_dags/example_setup_teardown_taskflow.py for tasks to queue
[2024-09-15T19:08:24.198+0000] {logging_mixin.py:190} INFO - [2024-09-15T19:08:24.197+0000] {dagbag.py:587} INFO - Filling up the DagBag from /home/airflow/.local/lib/python3.12/site-packages/airflow/example_dags/example_setup_teardown_taskflow.py
[2024-09-15T19:08:24.207+0000] {processor.py:925} INFO - DAG(s) 'example_setup_teardown_taskflow' retrieved from /home/airflow/.local/lib/python3.12/site-packages/airflow/example_dags/example_setup_teardown_taskflow.py
[2024-09-15T19:08:24.270+0000] {logging_mixin.py:190} INFO - [2024-09-15T19:08:24.270+0000] {override.py:1900} INFO - Created Permission View: can edit on DAG:example_setup_teardown_taskflow
[2024-09-15T19:08:24.276+0000] {logging_mixin.py:190} INFO - [2024-09-15T19:08:24.276+0000] {override.py:1900} INFO - Created Permission View: can delete on DAG:example_setup_teardown_taskflow
[2024-09-15T19:08:24.280+0000] {logging_mixin.py:190} INFO - [2024-09-15T19:08:24.280+0000] {override.py:1900} INFO - Created Permission View: can read on DAG:example_setup_teardown_taskflow
[2024-09-15T19:08:24.283+0000] {logging_mixin.py:190} INFO - [2024-09-15T19:08:24.283+0000] {override.py:1900} INFO - Created Permission View: can create on DAG Run:example_setup_teardown_taskflow
[2024-09-15T19:08:24.286+0000] {logging_mixin.py:190} INFO - [2024-09-15T19:08:24.286+0000] {override.py:1900} INFO - Created Permission View: can delete on DAG Run:example_setup_teardown_taskflow
[2024-09-15T19:08:24.290+0000] {logging_mixin.py:190} INFO - [2024-09-15T19:08:24.289+0000] {override.py:1900} INFO - Created Permission View: menu access on DAG Run:example_setup_teardown_taskflow
[2024-09-15T19:08:24.293+0000] {logging_mixin.py:190} INFO - [2024-09-15T19:08:24.293+0000] {override.py:1900} INFO - Created Permission View: can read on DAG Run:example_setup_teardown_taskflow
[2024-09-15T19:08:24.294+0000] {logging_mixin.py:190} INFO - [2024-09-15T19:08:24.294+0000] {dag.py:3229} INFO - Sync 1 DAGs
[2024-09-15T19:08:24.301+0000] {logging_mixin.py:190} INFO - [2024-09-15T19:08:24.300+0000] {dag.py:3252} INFO - Creating ORM DAG for example_setup_teardown_taskflow
[2024-09-15T19:08:24.302+0000] {logging_mixin.py:190} INFO - [2024-09-15T19:08:24.302+0000] {dag.py:4156} INFO - Setting next_dagrun for example_setup_teardown_taskflow to None, run_after=None
[2024-09-15T19:08:24.312+0000] {processor.py:208} INFO - Processing /home/airflow/.local/lib/python3.12/site-packages/airflow/example_dags/example_setup_teardown_taskflow.py took 0.120 seconds
[2024-09-15T19:08:54.347+0000] {processor.py:186} INFO - Started process (PID=119) to work on /home/airflow/.local/lib/python3.12/site-packages/airflow/example_dags/example_setup_teardown_taskflow.py
[2024-09-15T19:08:54.348+0000] {processor.py:914} INFO - Processing file /home/airflow/.local/lib/python3.12/site-packages/airflow/example_dags/example_setup_teardown_taskflow.py for tasks to queue
[2024-09-15T19:08:54.349+0000] {logging_mixin.py:190} INFO - [2024-09-15T19:08:54.349+0000] {dagbag.py:587} INFO - Filling up the DagBag from /home/airflow/.local/lib/python3.12/site-packages/airflow/example_dags/example_setup_teardown_taskflow.py
[2024-09-15T19:08:54.355+0000] {processor.py:925} INFO - DAG(s) 'example_setup_teardown_taskflow' retrieved from /home/airflow/.local/lib/python3.12/site-packages/airflow/example_dags/example_setup_teardown_taskflow.py
[2024-09-15T19:08:54.366+0000] {logging_mixin.py:190} INFO - [2024-09-15T19:08:54.366+0000] {dag.py:3229} INFO - Sync 1 DAGs
[2024-09-15T19:08:54.374+0000] {logging_mixin.py:190} INFO - [2024-09-15T19:08:54.374+0000] {dag.py:4156} INFO - Setting next_dagrun for example_setup_teardown_taskflow to None, run_after=None
[2024-09-15T19:08:54.383+0000] {processor.py:208} INFO - Processing /home/airflow/.local/lib/python3.12/site-packages/airflow/example_dags/example_setup_teardown_taskflow.py took 0.039 seconds
[2024-09-15T19:09:54.325+0000] {processor.py:186} INFO - Started process (PID=56) to work on /home/airflow/.local/lib/python3.12/site-packages/airflow/example_dags/example_setup_teardown_taskflow.py
[2024-09-15T19:09:54.326+0000] {processor.py:914} INFO - Processing file /home/airflow/.local/lib/python3.12/site-packages/airflow/example_dags/example_setup_teardown_taskflow.py for tasks to queue
[2024-09-15T19:09:54.328+0000] {logging_mixin.py:190} INFO - [2024-09-15T19:09:54.327+0000] {dagbag.py:587} INFO - Filling up the DagBag from /home/airflow/.local/lib/python3.12/site-packages/airflow/example_dags/example_setup_teardown_taskflow.py
[2024-09-15T19:09:54.333+0000] {processor.py:925} INFO - DAG(s) 'example_setup_teardown_taskflow' retrieved from /home/airflow/.local/lib/python3.12/site-packages/airflow/example_dags/example_setup_teardown_taskflow.py
[2024-09-15T19:09:54.346+0000] {logging_mixin.py:190} INFO - [2024-09-15T19:09:54.346+0000] {dag.py:3229} INFO - Sync 1 DAGs
[2024-09-15T19:09:54.354+0000] {logging_mixin.py:190} INFO - [2024-09-15T19:09:54.353+0000] {dag.py:4156} INFO - Setting next_dagrun for example_setup_teardown_taskflow to None, run_after=None
[2024-09-15T19:09:54.365+0000] {processor.py:208} INFO - Processing /home/airflow/.local/lib/python3.12/site-packages/airflow/example_dags/example_setup_teardown_taskflow.py took 0.044 seconds
[2024-09-15T19:10:24.971+0000] {processor.py:186} INFO - Started process (PID=118) to work on /home/airflow/.local/lib/python3.12/site-packages/airflow/example_dags/example_setup_teardown_taskflow.py
[2024-09-15T19:10:24.973+0000] {processor.py:914} INFO - Processing file /home/airflow/.local/lib/python3.12/site-packages/airflow/example_dags/example_setup_teardown_taskflow.py for tasks to queue
[2024-09-15T19:10:24.975+0000] {logging_mixin.py:190} INFO - [2024-09-15T19:10:24.974+0000] {dagbag.py:587} INFO - Filling up the DagBag from /home/airflow/.local/lib/python3.12/site-packages/airflow/example_dags/example_setup_teardown_taskflow.py
[2024-09-15T19:10:24.980+0000] {processor.py:925} INFO - DAG(s) 'example_setup_teardown_taskflow' retrieved from /home/airflow/.local/lib/python3.12/site-packages/airflow/example_dags/example_setup_teardown_taskflow.py
[2024-09-15T19:10:24.992+0000] {logging_mixin.py:190} INFO - [2024-09-15T19:10:24.992+0000] {dag.py:3229} INFO - Sync 1 DAGs
[2024-09-15T19:10:25.000+0000] {logging_mixin.py:190} INFO - [2024-09-15T19:10:24.999+0000] {dag.py:4156} INFO - Setting next_dagrun for example_setup_teardown_taskflow to None, run_after=None
[2024-09-15T19:10:25.011+0000] {processor.py:208} INFO - Processing /home/airflow/.local/lib/python3.12/site-packages/airflow/example_dags/example_setup_teardown_taskflow.py took 0.043 seconds
[2024-09-15T19:10:55.754+0000] {processor.py:186} INFO - Started process (PID=180) to work on /home/airflow/.local/lib/python3.12/site-packages/airflow/example_dags/example_setup_teardown_taskflow.py
[2024-09-15T19:10:55.756+0000] {processor.py:914} INFO - Processing file /home/airflow/.local/lib/python3.12/site-packages/airflow/example_dags/example_setup_teardown_taskflow.py for tasks to queue
[2024-09-15T19:10:55.758+0000] {logging_mixin.py:190} INFO - [2024-09-15T19:10:55.757+0000] {dagbag.py:587} INFO - Filling up the DagBag from /home/airflow/.local/lib/python3.12/site-packages/airflow/example_dags/example_setup_teardown_taskflow.py
[2024-09-15T19:10:55.764+0000] {processor.py:925} INFO - DAG(s) 'example_setup_teardown_taskflow' retrieved from /home/airflow/.local/lib/python3.12/site-packages/airflow/example_dags/example_setup_teardown_taskflow.py
[2024-09-15T19:10:55.782+0000] {logging_mixin.py:190} INFO - [2024-09-15T19:10:55.782+0000] {dag.py:3229} INFO - Sync 1 DAGs
[2024-09-15T19:10:55.794+0000] {logging_mixin.py:190} INFO - [2024-09-15T19:10:55.794+0000] {dag.py:4156} INFO - Setting next_dagrun for example_setup_teardown_taskflow to None, run_after=None
[2024-09-15T19:10:55.809+0000] {processor.py:208} INFO - Processing /home/airflow/.local/lib/python3.12/site-packages/airflow/example_dags/example_setup_teardown_taskflow.py took 0.058 seconds
[2024-09-15T19:11:26.424+0000] {processor.py:186} INFO - Started process (PID=242) to work on /home/airflow/.local/lib/python3.12/site-packages/airflow/example_dags/example_setup_teardown_taskflow.py
[2024-09-15T19:11:26.425+0000] {processor.py:914} INFO - Processing file /home/airflow/.local/lib/python3.12/site-packages/airflow/example_dags/example_setup_teardown_taskflow.py for tasks to queue
[2024-09-15T19:11:26.427+0000] {logging_mixin.py:190} INFO - [2024-09-15T19:11:26.427+0000] {dagbag.py:587} INFO - Filling up the DagBag from /home/airflow/.local/lib/python3.12/site-packages/airflow/example_dags/example_setup_teardown_taskflow.py
[2024-09-15T19:11:26.433+0000] {processor.py:925} INFO - DAG(s) 'example_setup_teardown_taskflow' retrieved from /home/airflow/.local/lib/python3.12/site-packages/airflow/example_dags/example_setup_teardown_taskflow.py
[2024-09-15T19:11:26.447+0000] {logging_mixin.py:190} INFO - [2024-09-15T19:11:26.447+0000] {dag.py:3229} INFO - Sync 1 DAGs
[2024-09-15T19:11:26.455+0000] {logging_mixin.py:190} INFO - [2024-09-15T19:11:26.454+0000] {dag.py:4156} INFO - Setting next_dagrun for example_setup_teardown_taskflow to None, run_after=None
[2024-09-15T19:11:26.468+0000] {processor.py:208} INFO - Processing /home/airflow/.local/lib/python3.12/site-packages/airflow/example_dags/example_setup_teardown_taskflow.py took 0.048 seconds
[2024-09-15T19:11:57.296+0000] {processor.py:186} INFO - Started process (PID=304) to work on /home/airflow/.local/lib/python3.12/site-packages/airflow/example_dags/example_setup_teardown_taskflow.py
[2024-09-15T19:11:57.298+0000] {processor.py:914} INFO - Processing file /home/airflow/.local/lib/python3.12/site-packages/airflow/example_dags/example_setup_teardown_taskflow.py for tasks to queue
[2024-09-15T19:11:57.299+0000] {logging_mixin.py:190} INFO - [2024-09-15T19:11:57.299+0000] {dagbag.py:587} INFO - Filling up the DagBag from /home/airflow/.local/lib/python3.12/site-packages/airflow/example_dags/example_setup_teardown_taskflow.py
[2024-09-15T19:11:57.305+0000] {processor.py:925} INFO - DAG(s) 'example_setup_teardown_taskflow' retrieved from /home/airflow/.local/lib/python3.12/site-packages/airflow/example_dags/example_setup_teardown_taskflow.py
[2024-09-15T19:11:57.316+0000] {logging_mixin.py:190} INFO - [2024-09-15T19:11:57.316+0000] {dag.py:3229} INFO - Sync 1 DAGs
[2024-09-15T19:11:57.324+0000] {logging_mixin.py:190} INFO - [2024-09-15T19:11:57.323+0000] {dag.py:4156} INFO - Setting next_dagrun for example_setup_teardown_taskflow to None, run_after=None
[2024-09-15T19:11:57.334+0000] {processor.py:208} INFO - Processing /home/airflow/.local/lib/python3.12/site-packages/airflow/example_dags/example_setup_teardown_taskflow.py took 0.040 seconds
[2024-09-15T19:12:27.642+0000] {processor.py:186} INFO - Started process (PID=366) to work on /home/airflow/.local/lib/python3.12/site-packages/airflow/example_dags/example_setup_teardown_taskflow.py
[2024-09-15T19:12:27.644+0000] {processor.py:914} INFO - Processing file /home/airflow/.local/lib/python3.12/site-packages/airflow/example_dags/example_setup_teardown_taskflow.py for tasks to queue
[2024-09-15T19:12:27.646+0000] {logging_mixin.py:190} INFO - [2024-09-15T19:12:27.646+0000] {dagbag.py:587} INFO - Filling up the DagBag from /home/airflow/.local/lib/python3.12/site-packages/airflow/example_dags/example_setup_teardown_taskflow.py
[2024-09-15T19:12:27.652+0000] {processor.py:925} INFO - DAG(s) 'example_setup_teardown_taskflow' retrieved from /home/airflow/.local/lib/python3.12/site-packages/airflow/example_dags/example_setup_teardown_taskflow.py
[2024-09-15T19:12:27.668+0000] {logging_mixin.py:190} INFO - [2024-09-15T19:12:27.667+0000] {dag.py:3229} INFO - Sync 1 DAGs
[2024-09-15T19:12:27.690+0000] {logging_mixin.py:190} INFO - [2024-09-15T19:12:27.690+0000] {dag.py:4156} INFO - Setting next_dagrun for example_setup_teardown_taskflow to None, run_after=None
[2024-09-15T19:12:27.728+0000] {processor.py:208} INFO - Processing /home/airflow/.local/lib/python3.12/site-packages/airflow/example_dags/example_setup_teardown_taskflow.py took 0.090 seconds
[2024-09-15T19:12:58.478+0000] {processor.py:186} INFO - Started process (PID=428) to work on /home/airflow/.local/lib/python3.12/site-packages/airflow/example_dags/example_setup_teardown_taskflow.py
[2024-09-15T19:12:58.480+0000] {processor.py:914} INFO - Processing file /home/airflow/.local/lib/python3.12/site-packages/airflow/example_dags/example_setup_teardown_taskflow.py for tasks to queue
[2024-09-15T19:12:58.482+0000] {logging_mixin.py:190} INFO - [2024-09-15T19:12:58.482+0000] {dagbag.py:587} INFO - Filling up the DagBag from /home/airflow/.local/lib/python3.12/site-packages/airflow/example_dags/example_setup_teardown_taskflow.py
[2024-09-15T19:12:58.489+0000] {processor.py:925} INFO - DAG(s) 'example_setup_teardown_taskflow' retrieved from /home/airflow/.local/lib/python3.12/site-packages/airflow/example_dags/example_setup_teardown_taskflow.py
[2024-09-15T19:12:58.503+0000] {logging_mixin.py:190} INFO - [2024-09-15T19:12:58.503+0000] {dag.py:3229} INFO - Sync 1 DAGs
[2024-09-15T19:12:58.511+0000] {logging_mixin.py:190} INFO - [2024-09-15T19:12:58.511+0000] {dag.py:4156} INFO - Setting next_dagrun for example_setup_teardown_taskflow to None, run_after=None
[2024-09-15T19:12:58.524+0000] {processor.py:208} INFO - Processing /home/airflow/.local/lib/python3.12/site-packages/airflow/example_dags/example_setup_teardown_taskflow.py took 0.050 seconds
