[2024-09-15T19:08:24.335+0000] {processor.py:186} INFO - Started process (PID=59) to work on /home/airflow/.local/lib/python3.12/site-packages/airflow/example_dags/example_external_task_marker_dag.py
[2024-09-15T19:08:24.336+0000] {processor.py:914} INFO - Processing file /home/airflow/.local/lib/python3.12/site-packages/airflow/example_dags/example_external_task_marker_dag.py for tasks to queue
[2024-09-15T19:08:24.338+0000] {logging_mixin.py:190} INFO - [2024-09-15T19:08:24.338+0000] {dagbag.py:587} INFO - Filling up the DagBag from /home/airflow/.local/lib/python3.12/site-packages/airflow/example_dags/example_external_task_marker_dag.py
[2024-09-15T19:08:24.346+0000] {processor.py:925} INFO - DAG(s) 'example_external_task_marker_child', 'example_external_task_marker_parent' retrieved from /home/airflow/.local/lib/python3.12/site-packages/airflow/example_dags/example_external_task_marker_dag.py
[2024-09-15T19:08:24.409+0000] {logging_mixin.py:190} INFO - [2024-09-15T19:08:24.409+0000] {override.py:1900} INFO - Created Permission View: can edit on DAG:example_external_task_marker_child
[2024-09-15T19:08:24.415+0000] {logging_mixin.py:190} INFO - [2024-09-15T19:08:24.415+0000] {override.py:1900} INFO - Created Permission View: can delete on DAG:example_external_task_marker_child
[2024-09-15T19:08:24.420+0000] {logging_mixin.py:190} INFO - [2024-09-15T19:08:24.420+0000] {override.py:1900} INFO - Created Permission View: can read on DAG:example_external_task_marker_child
[2024-09-15T19:08:24.424+0000] {logging_mixin.py:190} INFO - [2024-09-15T19:08:24.424+0000] {override.py:1900} INFO - Created Permission View: can create on DAG Run:example_external_task_marker_child
[2024-09-15T19:08:24.428+0000] {logging_mixin.py:190} INFO - [2024-09-15T19:08:24.428+0000] {override.py:1900} INFO - Created Permission View: can delete on DAG Run:example_external_task_marker_child
[2024-09-15T19:08:24.432+0000] {logging_mixin.py:190} INFO - [2024-09-15T19:08:24.432+0000] {override.py:1900} INFO - Created Permission View: menu access on DAG Run:example_external_task_marker_child
[2024-09-15T19:08:24.436+0000] {logging_mixin.py:190} INFO - [2024-09-15T19:08:24.436+0000] {override.py:1900} INFO - Created Permission View: can read on DAG Run:example_external_task_marker_child
[2024-09-15T19:08:24.442+0000] {logging_mixin.py:190} INFO - [2024-09-15T19:08:24.442+0000] {override.py:1900} INFO - Created Permission View: can edit on DAG:example_external_task_marker_parent
[2024-09-15T19:08:24.446+0000] {logging_mixin.py:190} INFO - [2024-09-15T19:08:24.446+0000] {override.py:1900} INFO - Created Permission View: can delete on DAG:example_external_task_marker_parent
[2024-09-15T19:08:24.450+0000] {logging_mixin.py:190} INFO - [2024-09-15T19:08:24.450+0000] {override.py:1900} INFO - Created Permission View: can read on DAG:example_external_task_marker_parent
[2024-09-15T19:08:24.454+0000] {logging_mixin.py:190} INFO - [2024-09-15T19:08:24.454+0000] {override.py:1900} INFO - Created Permission View: can create on DAG Run:example_external_task_marker_parent
[2024-09-15T19:08:24.458+0000] {logging_mixin.py:190} INFO - [2024-09-15T19:08:24.458+0000] {override.py:1900} INFO - Created Permission View: can delete on DAG Run:example_external_task_marker_parent
[2024-09-15T19:08:24.464+0000] {logging_mixin.py:190} INFO - [2024-09-15T19:08:24.464+0000] {override.py:1900} INFO - Created Permission View: menu access on DAG Run:example_external_task_marker_parent
[2024-09-15T19:08:24.474+0000] {logging_mixin.py:190} INFO - [2024-09-15T19:08:24.474+0000] {override.py:1900} INFO - Created Permission View: can read on DAG Run:example_external_task_marker_parent
[2024-09-15T19:08:24.475+0000] {logging_mixin.py:190} INFO - [2024-09-15T19:08:24.474+0000] {dag.py:3229} INFO - Sync 2 DAGs
[2024-09-15T19:08:24.483+0000] {logging_mixin.py:190} INFO - [2024-09-15T19:08:24.483+0000] {dag.py:3252} INFO - Creating ORM DAG for example_external_task_marker_child
[2024-09-15T19:08:24.484+0000] {logging_mixin.py:190} INFO - [2024-09-15T19:08:24.484+0000] {dag.py:3252} INFO - Creating ORM DAG for example_external_task_marker_parent
[2024-09-15T19:08:24.485+0000] {logging_mixin.py:190} INFO - [2024-09-15T19:08:24.485+0000] {dag.py:4156} INFO - Setting next_dagrun for example_external_task_marker_child to None, run_after=None
[2024-09-15T19:08:24.486+0000] {logging_mixin.py:190} INFO - [2024-09-15T19:08:24.486+0000] {dag.py:4156} INFO - Setting next_dagrun for example_external_task_marker_parent to None, run_after=None
[2024-09-15T19:08:24.496+0000] {processor.py:208} INFO - Processing /home/airflow/.local/lib/python3.12/site-packages/airflow/example_dags/example_external_task_marker_dag.py took 0.164 seconds
[2024-09-15T19:08:55.455+0000] {processor.py:186} INFO - Started process (PID=121) to work on /home/airflow/.local/lib/python3.12/site-packages/airflow/example_dags/example_external_task_marker_dag.py
[2024-09-15T19:08:55.458+0000] {processor.py:914} INFO - Processing file /home/airflow/.local/lib/python3.12/site-packages/airflow/example_dags/example_external_task_marker_dag.py for tasks to queue
[2024-09-15T19:08:55.463+0000] {logging_mixin.py:190} INFO - [2024-09-15T19:08:55.462+0000] {dagbag.py:587} INFO - Filling up the DagBag from /home/airflow/.local/lib/python3.12/site-packages/airflow/example_dags/example_external_task_marker_dag.py
[2024-09-15T19:08:55.474+0000] {processor.py:925} INFO - DAG(s) 'example_external_task_marker_parent', 'example_external_task_marker_child' retrieved from /home/airflow/.local/lib/python3.12/site-packages/airflow/example_dags/example_external_task_marker_dag.py
[2024-09-15T19:08:55.495+0000] {logging_mixin.py:190} INFO - [2024-09-15T19:08:55.494+0000] {dag.py:3229} INFO - Sync 2 DAGs
[2024-09-15T19:08:55.505+0000] {logging_mixin.py:190} INFO - [2024-09-15T19:08:55.505+0000] {dag.py:4156} INFO - Setting next_dagrun for example_external_task_marker_child to None, run_after=None
[2024-09-15T19:08:55.508+0000] {logging_mixin.py:190} INFO - [2024-09-15T19:08:55.508+0000] {dag.py:4156} INFO - Setting next_dagrun for example_external_task_marker_parent to None, run_after=None
[2024-09-15T19:08:55.517+0000] {processor.py:208} INFO - Processing /home/airflow/.local/lib/python3.12/site-packages/airflow/example_dags/example_external_task_marker_dag.py took 0.074 seconds
[2024-09-15T19:09:54.385+0000] {processor.py:186} INFO - Started process (PID=58) to work on /home/airflow/.local/lib/python3.12/site-packages/airflow/example_dags/example_external_task_marker_dag.py
[2024-09-15T19:09:54.386+0000] {processor.py:914} INFO - Processing file /home/airflow/.local/lib/python3.12/site-packages/airflow/example_dags/example_external_task_marker_dag.py for tasks to queue
[2024-09-15T19:09:54.388+0000] {logging_mixin.py:190} INFO - [2024-09-15T19:09:54.388+0000] {dagbag.py:587} INFO - Filling up the DagBag from /home/airflow/.local/lib/python3.12/site-packages/airflow/example_dags/example_external_task_marker_dag.py
[2024-09-15T19:09:54.392+0000] {processor.py:925} INFO - DAG(s) 'example_external_task_marker_child', 'example_external_task_marker_parent' retrieved from /home/airflow/.local/lib/python3.12/site-packages/airflow/example_dags/example_external_task_marker_dag.py
[2024-09-15T19:09:54.406+0000] {logging_mixin.py:190} INFO - [2024-09-15T19:09:54.406+0000] {dag.py:3229} INFO - Sync 2 DAGs
[2024-09-15T19:09:54.414+0000] {logging_mixin.py:190} INFO - [2024-09-15T19:09:54.414+0000] {dag.py:4156} INFO - Setting next_dagrun for example_external_task_marker_child to None, run_after=None
[2024-09-15T19:09:54.417+0000] {logging_mixin.py:190} INFO - [2024-09-15T19:09:54.417+0000] {dag.py:4156} INFO - Setting next_dagrun for example_external_task_marker_parent to None, run_after=None
[2024-09-15T19:09:54.428+0000] {processor.py:208} INFO - Processing /home/airflow/.local/lib/python3.12/site-packages/airflow/example_dags/example_external_task_marker_dag.py took 0.046 seconds
[2024-09-15T19:10:25.028+0000] {processor.py:186} INFO - Started process (PID=120) to work on /home/airflow/.local/lib/python3.12/site-packages/airflow/example_dags/example_external_task_marker_dag.py
[2024-09-15T19:10:25.029+0000] {processor.py:914} INFO - Processing file /home/airflow/.local/lib/python3.12/site-packages/airflow/example_dags/example_external_task_marker_dag.py for tasks to queue
[2024-09-15T19:10:25.032+0000] {logging_mixin.py:190} INFO - [2024-09-15T19:10:25.031+0000] {dagbag.py:587} INFO - Filling up the DagBag from /home/airflow/.local/lib/python3.12/site-packages/airflow/example_dags/example_external_task_marker_dag.py
[2024-09-15T19:10:25.036+0000] {processor.py:925} INFO - DAG(s) 'example_external_task_marker_child', 'example_external_task_marker_parent' retrieved from /home/airflow/.local/lib/python3.12/site-packages/airflow/example_dags/example_external_task_marker_dag.py
[2024-09-15T19:10:25.048+0000] {logging_mixin.py:190} INFO - [2024-09-15T19:10:25.048+0000] {dag.py:3229} INFO - Sync 2 DAGs
[2024-09-15T19:10:25.055+0000] {logging_mixin.py:190} INFO - [2024-09-15T19:10:25.055+0000] {dag.py:4156} INFO - Setting next_dagrun for example_external_task_marker_child to None, run_after=None
[2024-09-15T19:10:25.058+0000] {logging_mixin.py:190} INFO - [2024-09-15T19:10:25.058+0000] {dag.py:4156} INFO - Setting next_dagrun for example_external_task_marker_parent to None, run_after=None
[2024-09-15T19:10:25.067+0000] {processor.py:208} INFO - Processing /home/airflow/.local/lib/python3.12/site-packages/airflow/example_dags/example_external_task_marker_dag.py took 0.042 seconds
[2024-09-15T19:10:55.830+0000] {processor.py:186} INFO - Started process (PID=182) to work on /home/airflow/.local/lib/python3.12/site-packages/airflow/example_dags/example_external_task_marker_dag.py
[2024-09-15T19:10:55.831+0000] {processor.py:914} INFO - Processing file /home/airflow/.local/lib/python3.12/site-packages/airflow/example_dags/example_external_task_marker_dag.py for tasks to queue
[2024-09-15T19:10:55.833+0000] {logging_mixin.py:190} INFO - [2024-09-15T19:10:55.833+0000] {dagbag.py:587} INFO - Filling up the DagBag from /home/airflow/.local/lib/python3.12/site-packages/airflow/example_dags/example_external_task_marker_dag.py
[2024-09-15T19:10:55.838+0000] {processor.py:925} INFO - DAG(s) 'example_external_task_marker_child', 'example_external_task_marker_parent' retrieved from /home/airflow/.local/lib/python3.12/site-packages/airflow/example_dags/example_external_task_marker_dag.py
[2024-09-15T19:10:55.851+0000] {logging_mixin.py:190} INFO - [2024-09-15T19:10:55.851+0000] {dag.py:3229} INFO - Sync 2 DAGs
[2024-09-15T19:10:55.861+0000] {logging_mixin.py:190} INFO - [2024-09-15T19:10:55.860+0000] {dag.py:4156} INFO - Setting next_dagrun for example_external_task_marker_child to None, run_after=None
[2024-09-15T19:10:55.864+0000] {logging_mixin.py:190} INFO - [2024-09-15T19:10:55.864+0000] {dag.py:4156} INFO - Setting next_dagrun for example_external_task_marker_parent to None, run_after=None
[2024-09-15T19:10:55.873+0000] {processor.py:208} INFO - Processing /home/airflow/.local/lib/python3.12/site-packages/airflow/example_dags/example_external_task_marker_dag.py took 0.047 seconds
[2024-09-15T19:11:26.493+0000] {processor.py:186} INFO - Started process (PID=244) to work on /home/airflow/.local/lib/python3.12/site-packages/airflow/example_dags/example_external_task_marker_dag.py
[2024-09-15T19:11:26.495+0000] {processor.py:914} INFO - Processing file /home/airflow/.local/lib/python3.12/site-packages/airflow/example_dags/example_external_task_marker_dag.py for tasks to queue
[2024-09-15T19:11:26.499+0000] {logging_mixin.py:190} INFO - [2024-09-15T19:11:26.498+0000] {dagbag.py:587} INFO - Filling up the DagBag from /home/airflow/.local/lib/python3.12/site-packages/airflow/example_dags/example_external_task_marker_dag.py
[2024-09-15T19:11:26.506+0000] {processor.py:925} INFO - DAG(s) 'example_external_task_marker_parent', 'example_external_task_marker_child' retrieved from /home/airflow/.local/lib/python3.12/site-packages/airflow/example_dags/example_external_task_marker_dag.py
[2024-09-15T19:11:26.524+0000] {logging_mixin.py:190} INFO - [2024-09-15T19:11:26.524+0000] {dag.py:3229} INFO - Sync 2 DAGs
[2024-09-15T19:11:26.535+0000] {logging_mixin.py:190} INFO - [2024-09-15T19:11:26.535+0000] {dag.py:4156} INFO - Setting next_dagrun for example_external_task_marker_child to None, run_after=None
[2024-09-15T19:11:26.539+0000] {logging_mixin.py:190} INFO - [2024-09-15T19:11:26.539+0000] {dag.py:4156} INFO - Setting next_dagrun for example_external_task_marker_parent to None, run_after=None
[2024-09-15T19:11:26.552+0000] {processor.py:208} INFO - Processing /home/airflow/.local/lib/python3.12/site-packages/airflow/example_dags/example_external_task_marker_dag.py took 0.065 seconds
[2024-09-15T19:11:57.353+0000] {processor.py:186} INFO - Started process (PID=306) to work on /home/airflow/.local/lib/python3.12/site-packages/airflow/example_dags/example_external_task_marker_dag.py
[2024-09-15T19:11:57.354+0000] {processor.py:914} INFO - Processing file /home/airflow/.local/lib/python3.12/site-packages/airflow/example_dags/example_external_task_marker_dag.py for tasks to queue
[2024-09-15T19:11:57.356+0000] {logging_mixin.py:190} INFO - [2024-09-15T19:11:57.355+0000] {dagbag.py:587} INFO - Filling up the DagBag from /home/airflow/.local/lib/python3.12/site-packages/airflow/example_dags/example_external_task_marker_dag.py
[2024-09-15T19:11:57.360+0000] {processor.py:925} INFO - DAG(s) 'example_external_task_marker_parent', 'example_external_task_marker_child' retrieved from /home/airflow/.local/lib/python3.12/site-packages/airflow/example_dags/example_external_task_marker_dag.py
[2024-09-15T19:11:57.374+0000] {logging_mixin.py:190} INFO - [2024-09-15T19:11:57.374+0000] {dag.py:3229} INFO - Sync 2 DAGs
[2024-09-15T19:11:57.382+0000] {logging_mixin.py:190} INFO - [2024-09-15T19:11:57.382+0000] {dag.py:4156} INFO - Setting next_dagrun for example_external_task_marker_child to None, run_after=None
[2024-09-15T19:11:57.385+0000] {logging_mixin.py:190} INFO - [2024-09-15T19:11:57.385+0000] {dag.py:4156} INFO - Setting next_dagrun for example_external_task_marker_parent to None, run_after=None
[2024-09-15T19:11:57.394+0000] {processor.py:208} INFO - Processing /home/airflow/.local/lib/python3.12/site-packages/airflow/example_dags/example_external_task_marker_dag.py took 0.043 seconds
[2024-09-15T19:12:27.751+0000] {processor.py:186} INFO - Started process (PID=368) to work on /home/airflow/.local/lib/python3.12/site-packages/airflow/example_dags/example_external_task_marker_dag.py
[2024-09-15T19:12:27.753+0000] {processor.py:914} INFO - Processing file /home/airflow/.local/lib/python3.12/site-packages/airflow/example_dags/example_external_task_marker_dag.py for tasks to queue
[2024-09-15T19:12:27.755+0000] {logging_mixin.py:190} INFO - [2024-09-15T19:12:27.754+0000] {dagbag.py:587} INFO - Filling up the DagBag from /home/airflow/.local/lib/python3.12/site-packages/airflow/example_dags/example_external_task_marker_dag.py
[2024-09-15T19:12:27.761+0000] {processor.py:925} INFO - DAG(s) 'example_external_task_marker_child', 'example_external_task_marker_parent' retrieved from /home/airflow/.local/lib/python3.12/site-packages/airflow/example_dags/example_external_task_marker_dag.py
[2024-09-15T19:12:27.776+0000] {logging_mixin.py:190} INFO - [2024-09-15T19:12:27.776+0000] {dag.py:3229} INFO - Sync 2 DAGs
[2024-09-15T19:12:27.787+0000] {logging_mixin.py:190} INFO - [2024-09-15T19:12:27.787+0000] {dag.py:4156} INFO - Setting next_dagrun for example_external_task_marker_child to None, run_after=None
[2024-09-15T19:12:27.791+0000] {logging_mixin.py:190} INFO - [2024-09-15T19:12:27.790+0000] {dag.py:4156} INFO - Setting next_dagrun for example_external_task_marker_parent to None, run_after=None
[2024-09-15T19:12:27.801+0000] {processor.py:208} INFO - Processing /home/airflow/.local/lib/python3.12/site-packages/airflow/example_dags/example_external_task_marker_dag.py took 0.054 seconds
[2024-09-15T19:12:58.544+0000] {processor.py:186} INFO - Started process (PID=430) to work on /home/airflow/.local/lib/python3.12/site-packages/airflow/example_dags/example_external_task_marker_dag.py
[2024-09-15T19:12:58.545+0000] {processor.py:914} INFO - Processing file /home/airflow/.local/lib/python3.12/site-packages/airflow/example_dags/example_external_task_marker_dag.py for tasks to queue
[2024-09-15T19:12:58.548+0000] {logging_mixin.py:190} INFO - [2024-09-15T19:12:58.548+0000] {dagbag.py:587} INFO - Filling up the DagBag from /home/airflow/.local/lib/python3.12/site-packages/airflow/example_dags/example_external_task_marker_dag.py
[2024-09-15T19:12:58.554+0000] {processor.py:925} INFO - DAG(s) 'example_external_task_marker_parent', 'example_external_task_marker_child' retrieved from /home/airflow/.local/lib/python3.12/site-packages/airflow/example_dags/example_external_task_marker_dag.py
[2024-09-15T19:12:58.569+0000] {logging_mixin.py:190} INFO - [2024-09-15T19:12:58.568+0000] {dag.py:3229} INFO - Sync 2 DAGs
[2024-09-15T19:12:58.577+0000] {logging_mixin.py:190} INFO - [2024-09-15T19:12:58.577+0000] {dag.py:4156} INFO - Setting next_dagrun for example_external_task_marker_child to None, run_after=None
[2024-09-15T19:12:58.581+0000] {logging_mixin.py:190} INFO - [2024-09-15T19:12:58.581+0000] {dag.py:4156} INFO - Setting next_dagrun for example_external_task_marker_parent to None, run_after=None
[2024-09-15T19:12:58.592+0000] {processor.py:208} INFO - Processing /home/airflow/.local/lib/python3.12/site-packages/airflow/example_dags/example_external_task_marker_dag.py took 0.052 seconds
