[2024-09-15T19:08:22.246+0000] {processor.py:186} INFO - Started process (PID=39) to work on /home/airflow/.local/lib/python3.12/site-packages/airflow/example_dags/example_dataset_alias.py
[2024-09-15T19:08:22.247+0000] {processor.py:914} INFO - Processing file /home/airflow/.local/lib/python3.12/site-packages/airflow/example_dags/example_dataset_alias.py for tasks to queue
[2024-09-15T19:08:22.250+0000] {logging_mixin.py:190} INFO - [2024-09-15T19:08:22.249+0000] {dagbag.py:587} INFO - Filling up the DagBag from /home/airflow/.local/lib/python3.12/site-packages/airflow/example_dags/example_dataset_alias.py
[2024-09-15T19:08:22.415+0000] {processor.py:925} INFO - DAG(s) 'dataset_alias_example_alias_consumer', 'dataset_alias_example_alias_producer', 'dataset_s3_bucket_consumer', 'dataset_s3_bucket_producer' retrieved from /home/airflow/.local/lib/python3.12/site-packages/airflow/example_dags/example_dataset_alias.py
[2024-09-15T19:08:22.486+0000] {logging_mixin.py:190} INFO - [2024-09-15T19:08:22.486+0000] {override.py:1900} INFO - Created Permission View: can edit on DAG:dataset_alias_example_alias_consumer
[2024-09-15T19:08:22.497+0000] {logging_mixin.py:190} INFO - [2024-09-15T19:08:22.497+0000] {override.py:1900} INFO - Created Permission View: can delete on DAG:dataset_alias_example_alias_consumer
[2024-09-15T19:08:22.505+0000] {logging_mixin.py:190} INFO - [2024-09-15T19:08:22.505+0000] {override.py:1900} INFO - Created Permission View: can read on DAG:dataset_alias_example_alias_consumer
[2024-09-15T19:08:22.510+0000] {logging_mixin.py:190} INFO - [2024-09-15T19:08:22.510+0000] {override.py:1900} INFO - Created Permission View: can create on DAG Run:dataset_alias_example_alias_consumer
[2024-09-15T19:08:22.516+0000] {logging_mixin.py:190} INFO - [2024-09-15T19:08:22.516+0000] {override.py:1900} INFO - Created Permission View: can delete on DAG Run:dataset_alias_example_alias_consumer
[2024-09-15T19:08:22.521+0000] {logging_mixin.py:190} INFO - [2024-09-15T19:08:22.521+0000] {override.py:1900} INFO - Created Permission View: menu access on DAG Run:dataset_alias_example_alias_consumer
[2024-09-15T19:08:22.530+0000] {logging_mixin.py:190} INFO - [2024-09-15T19:08:22.529+0000] {override.py:1900} INFO - Created Permission View: can read on DAG Run:dataset_alias_example_alias_consumer
[2024-09-15T19:08:22.539+0000] {logging_mixin.py:190} INFO - [2024-09-15T19:08:22.538+0000] {override.py:1900} INFO - Created Permission View: can edit on DAG:dataset_alias_example_alias_producer
[2024-09-15T19:08:22.543+0000] {logging_mixin.py:190} INFO - [2024-09-15T19:08:22.543+0000] {override.py:1900} INFO - Created Permission View: can delete on DAG:dataset_alias_example_alias_producer
[2024-09-15T19:08:22.548+0000] {logging_mixin.py:190} INFO - [2024-09-15T19:08:22.547+0000] {override.py:1900} INFO - Created Permission View: can read on DAG:dataset_alias_example_alias_producer
[2024-09-15T19:08:22.552+0000] {logging_mixin.py:190} INFO - [2024-09-15T19:08:22.552+0000] {override.py:1900} INFO - Created Permission View: can create on DAG Run:dataset_alias_example_alias_producer
[2024-09-15T19:08:22.556+0000] {logging_mixin.py:190} INFO - [2024-09-15T19:08:22.556+0000] {override.py:1900} INFO - Created Permission View: can delete on DAG Run:dataset_alias_example_alias_producer
[2024-09-15T19:08:22.560+0000] {logging_mixin.py:190} INFO - [2024-09-15T19:08:22.559+0000] {override.py:1900} INFO - Created Permission View: menu access on DAG Run:dataset_alias_example_alias_producer
[2024-09-15T19:08:22.563+0000] {logging_mixin.py:190} INFO - [2024-09-15T19:08:22.563+0000] {override.py:1900} INFO - Created Permission View: can read on DAG Run:dataset_alias_example_alias_producer
[2024-09-15T19:08:22.569+0000] {logging_mixin.py:190} INFO - [2024-09-15T19:08:22.569+0000] {override.py:1900} INFO - Created Permission View: can edit on DAG:dataset_s3_bucket_consumer
[2024-09-15T19:08:22.574+0000] {logging_mixin.py:190} INFO - [2024-09-15T19:08:22.573+0000] {override.py:1900} INFO - Created Permission View: can delete on DAG:dataset_s3_bucket_consumer
[2024-09-15T19:08:22.579+0000] {logging_mixin.py:190} INFO - [2024-09-15T19:08:22.579+0000] {override.py:1900} INFO - Created Permission View: can read on DAG:dataset_s3_bucket_consumer
[2024-09-15T19:08:22.583+0000] {logging_mixin.py:190} INFO - [2024-09-15T19:08:22.583+0000] {override.py:1900} INFO - Created Permission View: can create on DAG Run:dataset_s3_bucket_consumer
[2024-09-15T19:08:22.587+0000] {logging_mixin.py:190} INFO - [2024-09-15T19:08:22.587+0000] {override.py:1900} INFO - Created Permission View: can delete on DAG Run:dataset_s3_bucket_consumer
[2024-09-15T19:08:22.594+0000] {logging_mixin.py:190} INFO - [2024-09-15T19:08:22.594+0000] {override.py:1900} INFO - Created Permission View: menu access on DAG Run:dataset_s3_bucket_consumer
[2024-09-15T19:08:22.602+0000] {logging_mixin.py:190} INFO - [2024-09-15T19:08:22.601+0000] {override.py:1900} INFO - Created Permission View: can read on DAG Run:dataset_s3_bucket_consumer
[2024-09-15T19:08:22.613+0000] {logging_mixin.py:190} INFO - [2024-09-15T19:08:22.613+0000] {override.py:1900} INFO - Created Permission View: can edit on DAG:dataset_s3_bucket_producer
[2024-09-15T19:08:22.618+0000] {logging_mixin.py:190} INFO - [2024-09-15T19:08:22.618+0000] {override.py:1900} INFO - Created Permission View: can delete on DAG:dataset_s3_bucket_producer
[2024-09-15T19:08:22.622+0000] {logging_mixin.py:190} INFO - [2024-09-15T19:08:22.622+0000] {override.py:1900} INFO - Created Permission View: can read on DAG:dataset_s3_bucket_producer
[2024-09-15T19:08:22.626+0000] {logging_mixin.py:190} INFO - [2024-09-15T19:08:22.626+0000] {override.py:1900} INFO - Created Permission View: can create on DAG Run:dataset_s3_bucket_producer
[2024-09-15T19:08:22.631+0000] {logging_mixin.py:190} INFO - [2024-09-15T19:08:22.631+0000] {override.py:1900} INFO - Created Permission View: can delete on DAG Run:dataset_s3_bucket_producer
[2024-09-15T19:08:22.636+0000] {logging_mixin.py:190} INFO - [2024-09-15T19:08:22.635+0000] {override.py:1900} INFO - Created Permission View: menu access on DAG Run:dataset_s3_bucket_producer
[2024-09-15T19:08:22.640+0000] {logging_mixin.py:190} INFO - [2024-09-15T19:08:22.639+0000] {override.py:1900} INFO - Created Permission View: can read on DAG Run:dataset_s3_bucket_producer
[2024-09-15T19:08:22.641+0000] {logging_mixin.py:190} INFO - [2024-09-15T19:08:22.640+0000] {dag.py:3229} INFO - Sync 4 DAGs
[2024-09-15T19:08:22.650+0000] {logging_mixin.py:190} INFO - [2024-09-15T19:08:22.650+0000] {dag.py:3252} INFO - Creating ORM DAG for dataset_alias_example_alias_producer
[2024-09-15T19:08:22.651+0000] {logging_mixin.py:190} INFO - [2024-09-15T19:08:22.651+0000] {dag.py:3252} INFO - Creating ORM DAG for dataset_s3_bucket_consumer
[2024-09-15T19:08:22.652+0000] {logging_mixin.py:190} INFO - [2024-09-15T19:08:22.652+0000] {dag.py:3252} INFO - Creating ORM DAG for dataset_alias_example_alias_consumer
[2024-09-15T19:08:22.653+0000] {logging_mixin.py:190} INFO - [2024-09-15T19:08:22.653+0000] {dag.py:3252} INFO - Creating ORM DAG for dataset_s3_bucket_producer
[2024-09-15T19:08:22.659+0000] {logging_mixin.py:190} INFO - [2024-09-15T19:08:22.659+0000] {dag.py:4156} INFO - Setting next_dagrun for dataset_alias_example_alias_consumer to None, run_after=None
[2024-09-15T19:08:22.660+0000] {logging_mixin.py:190} INFO - [2024-09-15T19:08:22.660+0000] {dag.py:4156} INFO - Setting next_dagrun for dataset_alias_example_alias_producer to None, run_after=None
[2024-09-15T19:08:22.662+0000] {logging_mixin.py:190} INFO - [2024-09-15T19:08:22.662+0000] {dag.py:4156} INFO - Setting next_dagrun for dataset_s3_bucket_consumer to None, run_after=None
[2024-09-15T19:08:22.664+0000] {logging_mixin.py:190} INFO - [2024-09-15T19:08:22.664+0000] {dag.py:4156} INFO - Setting next_dagrun for dataset_s3_bucket_producer to None, run_after=None
[2024-09-15T19:08:22.684+0000] {processor.py:208} INFO - Processing /home/airflow/.local/lib/python3.12/site-packages/airflow/example_dags/example_dataset_alias.py took 0.442 seconds
[2024-09-15T19:08:53.219+0000] {processor.py:186} INFO - Started process (PID=101) to work on /home/airflow/.local/lib/python3.12/site-packages/airflow/example_dags/example_dataset_alias.py
[2024-09-15T19:08:53.221+0000] {processor.py:914} INFO - Processing file /home/airflow/.local/lib/python3.12/site-packages/airflow/example_dags/example_dataset_alias.py for tasks to queue
[2024-09-15T19:08:53.223+0000] {logging_mixin.py:190} INFO - [2024-09-15T19:08:53.223+0000] {dagbag.py:587} INFO - Filling up the DagBag from /home/airflow/.local/lib/python3.12/site-packages/airflow/example_dags/example_dataset_alias.py
[2024-09-15T19:08:53.328+0000] {processor.py:925} INFO - DAG(s) 'dataset_alias_example_alias_consumer', 'dataset_s3_bucket_producer', 'dataset_s3_bucket_consumer', 'dataset_alias_example_alias_producer' retrieved from /home/airflow/.local/lib/python3.12/site-packages/airflow/example_dags/example_dataset_alias.py
[2024-09-15T19:08:53.342+0000] {logging_mixin.py:190} INFO - [2024-09-15T19:08:53.342+0000] {dag.py:3229} INFO - Sync 4 DAGs
[2024-09-15T19:08:53.357+0000] {logging_mixin.py:190} INFO - [2024-09-15T19:08:53.357+0000] {dag.py:4156} INFO - Setting next_dagrun for dataset_alias_example_alias_consumer to None, run_after=None
[2024-09-15T19:08:53.360+0000] {logging_mixin.py:190} INFO - [2024-09-15T19:08:53.360+0000] {dag.py:4156} INFO - Setting next_dagrun for dataset_alias_example_alias_producer to None, run_after=None
[2024-09-15T19:08:53.361+0000] {logging_mixin.py:190} INFO - [2024-09-15T19:08:53.361+0000] {dag.py:4156} INFO - Setting next_dagrun for dataset_s3_bucket_consumer to None, run_after=None
[2024-09-15T19:08:53.362+0000] {logging_mixin.py:190} INFO - [2024-09-15T19:08:53.362+0000] {dag.py:4156} INFO - Setting next_dagrun for dataset_s3_bucket_producer to None, run_after=None
[2024-09-15T19:08:53.374+0000] {processor.py:208} INFO - Processing /home/airflow/.local/lib/python3.12/site-packages/airflow/example_dags/example_dataset_alias.py took 0.158 seconds
[2024-09-15T19:09:52.921+0000] {processor.py:186} INFO - Started process (PID=38) to work on /home/airflow/.local/lib/python3.12/site-packages/airflow/example_dags/example_dataset_alias.py
[2024-09-15T19:09:52.925+0000] {processor.py:914} INFO - Processing file /home/airflow/.local/lib/python3.12/site-packages/airflow/example_dags/example_dataset_alias.py for tasks to queue
[2024-09-15T19:09:52.932+0000] {logging_mixin.py:190} INFO - [2024-09-15T19:09:52.931+0000] {dagbag.py:587} INFO - Filling up the DagBag from /home/airflow/.local/lib/python3.12/site-packages/airflow/example_dags/example_dataset_alias.py
[2024-09-15T19:09:53.173+0000] {processor.py:925} INFO - DAG(s) 'dataset_s3_bucket_consumer', 'dataset_s3_bucket_producer', 'dataset_alias_example_alias_consumer', 'dataset_alias_example_alias_producer' retrieved from /home/airflow/.local/lib/python3.12/site-packages/airflow/example_dags/example_dataset_alias.py
[2024-09-15T19:09:53.197+0000] {logging_mixin.py:190} INFO - [2024-09-15T19:09:53.196+0000] {dag.py:3229} INFO - Sync 4 DAGs
[2024-09-15T19:09:53.234+0000] {logging_mixin.py:190} INFO - [2024-09-15T19:09:53.233+0000] {dag.py:4156} INFO - Setting next_dagrun for dataset_alias_example_alias_consumer to None, run_after=None
[2024-09-15T19:09:53.238+0000] {logging_mixin.py:190} INFO - [2024-09-15T19:09:53.238+0000] {dag.py:4156} INFO - Setting next_dagrun for dataset_alias_example_alias_producer to None, run_after=None
[2024-09-15T19:09:53.242+0000] {logging_mixin.py:190} INFO - [2024-09-15T19:09:53.242+0000] {dag.py:4156} INFO - Setting next_dagrun for dataset_s3_bucket_consumer to None, run_after=None
[2024-09-15T19:09:53.246+0000] {logging_mixin.py:190} INFO - [2024-09-15T19:09:53.245+0000] {dag.py:4156} INFO - Setting next_dagrun for dataset_s3_bucket_producer to None, run_after=None
[2024-09-15T19:09:53.270+0000] {processor.py:208} INFO - Processing /home/airflow/.local/lib/python3.12/site-packages/airflow/example_dags/example_dataset_alias.py took 0.362 seconds
[2024-09-15T19:10:23.313+0000] {processor.py:186} INFO - Started process (PID=100) to work on /home/airflow/.local/lib/python3.12/site-packages/airflow/example_dags/example_dataset_alias.py
[2024-09-15T19:10:23.315+0000] {processor.py:914} INFO - Processing file /home/airflow/.local/lib/python3.12/site-packages/airflow/example_dags/example_dataset_alias.py for tasks to queue
[2024-09-15T19:10:23.317+0000] {logging_mixin.py:190} INFO - [2024-09-15T19:10:23.317+0000] {dagbag.py:587} INFO - Filling up the DagBag from /home/airflow/.local/lib/python3.12/site-packages/airflow/example_dags/example_dataset_alias.py
[2024-09-15T19:10:23.397+0000] {processor.py:925} INFO - DAG(s) 'dataset_alias_example_alias_consumer', 'dataset_alias_example_alias_producer', 'dataset_s3_bucket_consumer', 'dataset_s3_bucket_producer' retrieved from /home/airflow/.local/lib/python3.12/site-packages/airflow/example_dags/example_dataset_alias.py
[2024-09-15T19:10:23.410+0000] {logging_mixin.py:190} INFO - [2024-09-15T19:10:23.410+0000] {dag.py:3229} INFO - Sync 4 DAGs
[2024-09-15T19:10:23.426+0000] {logging_mixin.py:190} INFO - [2024-09-15T19:10:23.426+0000] {dag.py:4156} INFO - Setting next_dagrun for dataset_alias_example_alias_consumer to None, run_after=None
[2024-09-15T19:10:23.428+0000] {logging_mixin.py:190} INFO - [2024-09-15T19:10:23.428+0000] {dag.py:4156} INFO - Setting next_dagrun for dataset_alias_example_alias_producer to None, run_after=None
[2024-09-15T19:10:23.429+0000] {logging_mixin.py:190} INFO - [2024-09-15T19:10:23.429+0000] {dag.py:4156} INFO - Setting next_dagrun for dataset_s3_bucket_consumer to None, run_after=None
[2024-09-15T19:10:23.430+0000] {logging_mixin.py:190} INFO - [2024-09-15T19:10:23.430+0000] {dag.py:4156} INFO - Setting next_dagrun for dataset_s3_bucket_producer to None, run_after=None
[2024-09-15T19:10:23.441+0000] {processor.py:208} INFO - Processing /home/airflow/.local/lib/python3.12/site-packages/airflow/example_dags/example_dataset_alias.py took 0.131 seconds
[2024-09-15T19:10:53.940+0000] {processor.py:186} INFO - Started process (PID=162) to work on /home/airflow/.local/lib/python3.12/site-packages/airflow/example_dags/example_dataset_alias.py
[2024-09-15T19:10:53.941+0000] {processor.py:914} INFO - Processing file /home/airflow/.local/lib/python3.12/site-packages/airflow/example_dags/example_dataset_alias.py for tasks to queue
[2024-09-15T19:10:53.943+0000] {logging_mixin.py:190} INFO - [2024-09-15T19:10:53.942+0000] {dagbag.py:587} INFO - Filling up the DagBag from /home/airflow/.local/lib/python3.12/site-packages/airflow/example_dags/example_dataset_alias.py
[2024-09-15T19:10:54.025+0000] {processor.py:925} INFO - DAG(s) 'dataset_s3_bucket_consumer', 'dataset_alias_example_alias_producer', 'dataset_s3_bucket_producer', 'dataset_alias_example_alias_consumer' retrieved from /home/airflow/.local/lib/python3.12/site-packages/airflow/example_dags/example_dataset_alias.py
[2024-09-15T19:10:54.037+0000] {logging_mixin.py:190} INFO - [2024-09-15T19:10:54.037+0000] {dag.py:3229} INFO - Sync 4 DAGs
[2024-09-15T19:10:54.050+0000] {logging_mixin.py:190} INFO - [2024-09-15T19:10:54.049+0000] {dag.py:4156} INFO - Setting next_dagrun for dataset_alias_example_alias_consumer to None, run_after=None
[2024-09-15T19:10:54.052+0000] {logging_mixin.py:190} INFO - [2024-09-15T19:10:54.052+0000] {dag.py:4156} INFO - Setting next_dagrun for dataset_alias_example_alias_producer to None, run_after=None
[2024-09-15T19:10:54.053+0000] {logging_mixin.py:190} INFO - [2024-09-15T19:10:54.053+0000] {dag.py:4156} INFO - Setting next_dagrun for dataset_s3_bucket_consumer to None, run_after=None
[2024-09-15T19:10:54.055+0000] {logging_mixin.py:190} INFO - [2024-09-15T19:10:54.055+0000] {dag.py:4156} INFO - Setting next_dagrun for dataset_s3_bucket_producer to None, run_after=None
[2024-09-15T19:10:54.066+0000] {processor.py:208} INFO - Processing /home/airflow/.local/lib/python3.12/site-packages/airflow/example_dags/example_dataset_alias.py took 0.129 seconds
[2024-09-15T19:11:24.626+0000] {processor.py:186} INFO - Started process (PID=224) to work on /home/airflow/.local/lib/python3.12/site-packages/airflow/example_dags/example_dataset_alias.py
[2024-09-15T19:11:24.627+0000] {processor.py:914} INFO - Processing file /home/airflow/.local/lib/python3.12/site-packages/airflow/example_dags/example_dataset_alias.py for tasks to queue
[2024-09-15T19:11:24.629+0000] {logging_mixin.py:190} INFO - [2024-09-15T19:11:24.629+0000] {dagbag.py:587} INFO - Filling up the DagBag from /home/airflow/.local/lib/python3.12/site-packages/airflow/example_dags/example_dataset_alias.py
[2024-09-15T19:11:24.712+0000] {processor.py:925} INFO - DAG(s) 'dataset_s3_bucket_consumer', 'dataset_alias_example_alias_consumer', 'dataset_alias_example_alias_producer', 'dataset_s3_bucket_producer' retrieved from /home/airflow/.local/lib/python3.12/site-packages/airflow/example_dags/example_dataset_alias.py
[2024-09-15T19:11:24.725+0000] {logging_mixin.py:190} INFO - [2024-09-15T19:11:24.725+0000] {dag.py:3229} INFO - Sync 4 DAGs
[2024-09-15T19:11:24.739+0000] {logging_mixin.py:190} INFO - [2024-09-15T19:11:24.739+0000] {dag.py:4156} INFO - Setting next_dagrun for dataset_alias_example_alias_consumer to None, run_after=None
[2024-09-15T19:11:24.741+0000] {logging_mixin.py:190} INFO - [2024-09-15T19:11:24.741+0000] {dag.py:4156} INFO - Setting next_dagrun for dataset_alias_example_alias_producer to None, run_after=None
[2024-09-15T19:11:24.742+0000] {logging_mixin.py:190} INFO - [2024-09-15T19:11:24.742+0000] {dag.py:4156} INFO - Setting next_dagrun for dataset_s3_bucket_consumer to None, run_after=None
[2024-09-15T19:11:24.743+0000] {logging_mixin.py:190} INFO - [2024-09-15T19:11:24.743+0000] {dag.py:4156} INFO - Setting next_dagrun for dataset_s3_bucket_producer to None, run_after=None
[2024-09-15T19:11:24.755+0000] {processor.py:208} INFO - Processing /home/airflow/.local/lib/python3.12/site-packages/airflow/example_dags/example_dataset_alias.py took 0.132 seconds
[2024-09-15T19:11:55.390+0000] {processor.py:186} INFO - Started process (PID=286) to work on /home/airflow/.local/lib/python3.12/site-packages/airflow/example_dags/example_dataset_alias.py
[2024-09-15T19:11:55.391+0000] {processor.py:914} INFO - Processing file /home/airflow/.local/lib/python3.12/site-packages/airflow/example_dags/example_dataset_alias.py for tasks to queue
[2024-09-15T19:11:55.393+0000] {logging_mixin.py:190} INFO - [2024-09-15T19:11:55.393+0000] {dagbag.py:587} INFO - Filling up the DagBag from /home/airflow/.local/lib/python3.12/site-packages/airflow/example_dags/example_dataset_alias.py
[2024-09-15T19:11:55.480+0000] {processor.py:925} INFO - DAG(s) 'dataset_alias_example_alias_consumer', 'dataset_s3_bucket_producer', 'dataset_s3_bucket_consumer', 'dataset_alias_example_alias_producer' retrieved from /home/airflow/.local/lib/python3.12/site-packages/airflow/example_dags/example_dataset_alias.py
[2024-09-15T19:11:55.494+0000] {logging_mixin.py:190} INFO - [2024-09-15T19:11:55.493+0000] {dag.py:3229} INFO - Sync 4 DAGs
[2024-09-15T19:11:55.505+0000] {logging_mixin.py:190} INFO - [2024-09-15T19:11:55.505+0000] {dag.py:4156} INFO - Setting next_dagrun for dataset_alias_example_alias_consumer to None, run_after=None
[2024-09-15T19:11:55.507+0000] {logging_mixin.py:190} INFO - [2024-09-15T19:11:55.507+0000] {dag.py:4156} INFO - Setting next_dagrun for dataset_alias_example_alias_producer to None, run_after=None
[2024-09-15T19:11:55.508+0000] {logging_mixin.py:190} INFO - [2024-09-15T19:11:55.508+0000] {dag.py:4156} INFO - Setting next_dagrun for dataset_s3_bucket_consumer to None, run_after=None
[2024-09-15T19:11:55.509+0000] {logging_mixin.py:190} INFO - [2024-09-15T19:11:55.509+0000] {dag.py:4156} INFO - Setting next_dagrun for dataset_s3_bucket_producer to None, run_after=None
[2024-09-15T19:11:55.519+0000] {processor.py:208} INFO - Processing /home/airflow/.local/lib/python3.12/site-packages/airflow/example_dags/example_dataset_alias.py took 0.133 seconds
[2024-09-15T19:12:25.816+0000] {processor.py:186} INFO - Started process (PID=348) to work on /home/airflow/.local/lib/python3.12/site-packages/airflow/example_dags/example_dataset_alias.py
[2024-09-15T19:12:25.818+0000] {processor.py:914} INFO - Processing file /home/airflow/.local/lib/python3.12/site-packages/airflow/example_dags/example_dataset_alias.py for tasks to queue
[2024-09-15T19:12:25.820+0000] {logging_mixin.py:190} INFO - [2024-09-15T19:12:25.819+0000] {dagbag.py:587} INFO - Filling up the DagBag from /home/airflow/.local/lib/python3.12/site-packages/airflow/example_dags/example_dataset_alias.py
[2024-09-15T19:12:25.893+0000] {processor.py:925} INFO - DAG(s) 'dataset_s3_bucket_producer', 'dataset_alias_example_alias_consumer', 'dataset_alias_example_alias_producer', 'dataset_s3_bucket_consumer' retrieved from /home/airflow/.local/lib/python3.12/site-packages/airflow/example_dags/example_dataset_alias.py
[2024-09-15T19:12:25.904+0000] {logging_mixin.py:190} INFO - [2024-09-15T19:12:25.904+0000] {dag.py:3229} INFO - Sync 4 DAGs
[2024-09-15T19:12:25.915+0000] {logging_mixin.py:190} INFO - [2024-09-15T19:12:25.915+0000] {dag.py:4156} INFO - Setting next_dagrun for dataset_alias_example_alias_consumer to None, run_after=None
[2024-09-15T19:12:25.917+0000] {logging_mixin.py:190} INFO - [2024-09-15T19:12:25.917+0000] {dag.py:4156} INFO - Setting next_dagrun for dataset_alias_example_alias_producer to None, run_after=None
[2024-09-15T19:12:25.918+0000] {logging_mixin.py:190} INFO - [2024-09-15T19:12:25.918+0000] {dag.py:4156} INFO - Setting next_dagrun for dataset_s3_bucket_consumer to None, run_after=None
[2024-09-15T19:12:25.919+0000] {logging_mixin.py:190} INFO - [2024-09-15T19:12:25.919+0000] {dag.py:4156} INFO - Setting next_dagrun for dataset_s3_bucket_producer to None, run_after=None
[2024-09-15T19:12:25.929+0000] {processor.py:208} INFO - Processing /home/airflow/.local/lib/python3.12/site-packages/airflow/example_dags/example_dataset_alias.py took 0.116 seconds
[2024-09-15T19:12:56.694+0000] {processor.py:186} INFO - Started process (PID=410) to work on /home/airflow/.local/lib/python3.12/site-packages/airflow/example_dags/example_dataset_alias.py
[2024-09-15T19:12:56.696+0000] {processor.py:914} INFO - Processing file /home/airflow/.local/lib/python3.12/site-packages/airflow/example_dags/example_dataset_alias.py for tasks to queue
[2024-09-15T19:12:56.699+0000] {logging_mixin.py:190} INFO - [2024-09-15T19:12:56.698+0000] {dagbag.py:587} INFO - Filling up the DagBag from /home/airflow/.local/lib/python3.12/site-packages/airflow/example_dags/example_dataset_alias.py
[2024-09-15T19:12:56.795+0000] {processor.py:925} INFO - DAG(s) 'dataset_alias_example_alias_consumer', 'dataset_s3_bucket_consumer', 'dataset_alias_example_alias_producer', 'dataset_s3_bucket_producer' retrieved from /home/airflow/.local/lib/python3.12/site-packages/airflow/example_dags/example_dataset_alias.py
[2024-09-15T19:12:56.809+0000] {logging_mixin.py:190} INFO - [2024-09-15T19:12:56.809+0000] {dag.py:3229} INFO - Sync 4 DAGs
[2024-09-15T19:12:56.823+0000] {logging_mixin.py:190} INFO - [2024-09-15T19:12:56.823+0000] {dag.py:4156} INFO - Setting next_dagrun for dataset_alias_example_alias_consumer to None, run_after=None
[2024-09-15T19:12:56.825+0000] {logging_mixin.py:190} INFO - [2024-09-15T19:12:56.825+0000] {dag.py:4156} INFO - Setting next_dagrun for dataset_alias_example_alias_producer to None, run_after=None
[2024-09-15T19:12:56.827+0000] {logging_mixin.py:190} INFO - [2024-09-15T19:12:56.827+0000] {dag.py:4156} INFO - Setting next_dagrun for dataset_s3_bucket_consumer to None, run_after=None
[2024-09-15T19:12:56.828+0000] {logging_mixin.py:190} INFO - [2024-09-15T19:12:56.828+0000] {dag.py:4156} INFO - Setting next_dagrun for dataset_s3_bucket_producer to None, run_after=None
[2024-09-15T19:12:56.841+0000] {processor.py:208} INFO - Processing /home/airflow/.local/lib/python3.12/site-packages/airflow/example_dags/example_dataset_alias.py took 0.151 seconds
