[2024-09-15T19:08:25.776+0000] {processor.py:186} INFO - Started process (PID=75) to work on /home/airflow/.local/lib/python3.12/site-packages/airflow/example_dags/example_latest_only_with_trigger.py
[2024-09-15T19:08:25.777+0000] {processor.py:914} INFO - Processing file /home/airflow/.local/lib/python3.12/site-packages/airflow/example_dags/example_latest_only_with_trigger.py for tasks to queue
[2024-09-15T19:08:25.779+0000] {logging_mixin.py:190} INFO - [2024-09-15T19:08:25.779+0000] {dagbag.py:587} INFO - Filling up the DagBag from /home/airflow/.local/lib/python3.12/site-packages/airflow/example_dags/example_latest_only_with_trigger.py
[2024-09-15T19:08:25.784+0000] {processor.py:925} INFO - DAG(s) 'latest_only_with_trigger' retrieved from /home/airflow/.local/lib/python3.12/site-packages/airflow/example_dags/example_latest_only_with_trigger.py
[2024-09-15T19:08:25.845+0000] {logging_mixin.py:190} INFO - [2024-09-15T19:08:25.844+0000] {override.py:1900} INFO - Created Permission View: can edit on DAG:latest_only_with_trigger
[2024-09-15T19:08:25.852+0000] {logging_mixin.py:190} INFO - [2024-09-15T19:08:25.852+0000] {override.py:1900} INFO - Created Permission View: can delete on DAG:latest_only_with_trigger
[2024-09-15T19:08:25.861+0000] {logging_mixin.py:190} INFO - [2024-09-15T19:08:25.860+0000] {override.py:1900} INFO - Created Permission View: can read on DAG:latest_only_with_trigger
[2024-09-15T19:08:25.868+0000] {logging_mixin.py:190} INFO - [2024-09-15T19:08:25.868+0000] {override.py:1900} INFO - Created Permission View: can create on DAG Run:latest_only_with_trigger
[2024-09-15T19:08:25.873+0000] {logging_mixin.py:190} INFO - [2024-09-15T19:08:25.872+0000] {override.py:1900} INFO - Created Permission View: can delete on DAG Run:latest_only_with_trigger
[2024-09-15T19:08:25.877+0000] {logging_mixin.py:190} INFO - [2024-09-15T19:08:25.877+0000] {override.py:1900} INFO - Created Permission View: menu access on DAG Run:latest_only_with_trigger
[2024-09-15T19:08:25.885+0000] {logging_mixin.py:190} INFO - [2024-09-15T19:08:25.884+0000] {override.py:1900} INFO - Created Permission View: can read on DAG Run:latest_only_with_trigger
[2024-09-15T19:08:25.886+0000] {logging_mixin.py:190} INFO - [2024-09-15T19:08:25.886+0000] {dag.py:3229} INFO - Sync 1 DAGs
[2024-09-15T19:08:25.895+0000] {logging_mixin.py:190} INFO - [2024-09-15T19:08:25.894+0000] {dag.py:3252} INFO - Creating ORM DAG for latest_only_with_trigger
[2024-09-15T19:08:25.901+0000] {logging_mixin.py:190} INFO - [2024-09-15T19:08:25.901+0000] {dag.py:4156} INFO - Setting next_dagrun for latest_only_with_trigger to 2024-09-15 12:00:00+00:00, run_after=2024-09-15 16:00:00+00:00
[2024-09-15T19:08:25.911+0000] {processor.py:208} INFO - Processing /home/airflow/.local/lib/python3.12/site-packages/airflow/example_dags/example_latest_only_with_trigger.py took 0.139 seconds
[2024-09-15T19:08:56.077+0000] {processor.py:186} INFO - Started process (PID=137) to work on /home/airflow/.local/lib/python3.12/site-packages/airflow/example_dags/example_latest_only_with_trigger.py
[2024-09-15T19:08:56.078+0000] {processor.py:914} INFO - Processing file /home/airflow/.local/lib/python3.12/site-packages/airflow/example_dags/example_latest_only_with_trigger.py for tasks to queue
[2024-09-15T19:08:56.080+0000] {logging_mixin.py:190} INFO - [2024-09-15T19:08:56.080+0000] {dagbag.py:587} INFO - Filling up the DagBag from /home/airflow/.local/lib/python3.12/site-packages/airflow/example_dags/example_latest_only_with_trigger.py
[2024-09-15T19:08:56.085+0000] {processor.py:925} INFO - DAG(s) 'latest_only_with_trigger' retrieved from /home/airflow/.local/lib/python3.12/site-packages/airflow/example_dags/example_latest_only_with_trigger.py
[2024-09-15T19:08:56.097+0000] {logging_mixin.py:190} INFO - [2024-09-15T19:08:56.097+0000] {dag.py:3229} INFO - Sync 1 DAGs
[2024-09-15T19:08:56.113+0000] {logging_mixin.py:190} INFO - [2024-09-15T19:08:56.112+0000] {dag.py:4156} INFO - Setting next_dagrun for latest_only_with_trigger to 2024-09-15 12:00:00+00:00, run_after=2024-09-15 16:00:00+00:00
[2024-09-15T19:08:56.123+0000] {processor.py:208} INFO - Processing /home/airflow/.local/lib/python3.12/site-packages/airflow/example_dags/example_latest_only_with_trigger.py took 0.049 seconds
[2024-09-15T19:09:55.040+0000] {processor.py:186} INFO - Started process (PID=74) to work on /home/airflow/.local/lib/python3.12/site-packages/airflow/example_dags/example_latest_only_with_trigger.py
[2024-09-15T19:09:55.042+0000] {processor.py:914} INFO - Processing file /home/airflow/.local/lib/python3.12/site-packages/airflow/example_dags/example_latest_only_with_trigger.py for tasks to queue
[2024-09-15T19:09:55.046+0000] {logging_mixin.py:190} INFO - [2024-09-15T19:09:55.046+0000] {dagbag.py:587} INFO - Filling up the DagBag from /home/airflow/.local/lib/python3.12/site-packages/airflow/example_dags/example_latest_only_with_trigger.py
[2024-09-15T19:09:55.053+0000] {processor.py:925} INFO - DAG(s) 'latest_only_with_trigger' retrieved from /home/airflow/.local/lib/python3.12/site-packages/airflow/example_dags/example_latest_only_with_trigger.py
[2024-09-15T19:09:55.068+0000] {logging_mixin.py:190} INFO - [2024-09-15T19:09:55.068+0000] {dag.py:3229} INFO - Sync 1 DAGs
[2024-09-15T19:09:55.082+0000] {logging_mixin.py:190} INFO - [2024-09-15T19:09:55.082+0000] {dag.py:4156} INFO - Setting next_dagrun for latest_only_with_trigger to 2024-09-15 12:00:00+00:00, run_after=2024-09-15 16:00:00+00:00
[2024-09-15T19:09:55.091+0000] {processor.py:208} INFO - Processing /home/airflow/.local/lib/python3.12/site-packages/airflow/example_dags/example_latest_only_with_trigger.py took 0.055 seconds
[2024-09-15T19:10:25.609+0000] {processor.py:186} INFO - Started process (PID=136) to work on /home/airflow/.local/lib/python3.12/site-packages/airflow/example_dags/example_latest_only_with_trigger.py
[2024-09-15T19:10:25.610+0000] {processor.py:914} INFO - Processing file /home/airflow/.local/lib/python3.12/site-packages/airflow/example_dags/example_latest_only_with_trigger.py for tasks to queue
[2024-09-15T19:10:25.612+0000] {logging_mixin.py:190} INFO - [2024-09-15T19:10:25.612+0000] {dagbag.py:587} INFO - Filling up the DagBag from /home/airflow/.local/lib/python3.12/site-packages/airflow/example_dags/example_latest_only_with_trigger.py
[2024-09-15T19:10:25.616+0000] {processor.py:925} INFO - DAG(s) 'latest_only_with_trigger' retrieved from /home/airflow/.local/lib/python3.12/site-packages/airflow/example_dags/example_latest_only_with_trigger.py
[2024-09-15T19:10:25.628+0000] {logging_mixin.py:190} INFO - [2024-09-15T19:10:25.628+0000] {dag.py:3229} INFO - Sync 1 DAGs
[2024-09-15T19:10:25.643+0000] {logging_mixin.py:190} INFO - [2024-09-15T19:10:25.643+0000] {dag.py:4156} INFO - Setting next_dagrun for latest_only_with_trigger to 2024-09-15 12:00:00+00:00, run_after=2024-09-15 16:00:00+00:00
[2024-09-15T19:10:25.653+0000] {processor.py:208} INFO - Processing /home/airflow/.local/lib/python3.12/site-packages/airflow/example_dags/example_latest_only_with_trigger.py took 0.048 seconds
[2024-09-15T19:10:56.412+0000] {processor.py:186} INFO - Started process (PID=198) to work on /home/airflow/.local/lib/python3.12/site-packages/airflow/example_dags/example_latest_only_with_trigger.py
[2024-09-15T19:10:56.413+0000] {processor.py:914} INFO - Processing file /home/airflow/.local/lib/python3.12/site-packages/airflow/example_dags/example_latest_only_with_trigger.py for tasks to queue
[2024-09-15T19:10:56.415+0000] {logging_mixin.py:190} INFO - [2024-09-15T19:10:56.415+0000] {dagbag.py:587} INFO - Filling up the DagBag from /home/airflow/.local/lib/python3.12/site-packages/airflow/example_dags/example_latest_only_with_trigger.py
[2024-09-15T19:10:56.420+0000] {processor.py:925} INFO - DAG(s) 'latest_only_with_trigger' retrieved from /home/airflow/.local/lib/python3.12/site-packages/airflow/example_dags/example_latest_only_with_trigger.py
[2024-09-15T19:10:56.432+0000] {logging_mixin.py:190} INFO - [2024-09-15T19:10:56.431+0000] {dag.py:3229} INFO - Sync 1 DAGs
[2024-09-15T19:10:56.445+0000] {logging_mixin.py:190} INFO - [2024-09-15T19:10:56.444+0000] {dag.py:4156} INFO - Setting next_dagrun for latest_only_with_trigger to 2024-09-15 12:00:00+00:00, run_after=2024-09-15 16:00:00+00:00
[2024-09-15T19:10:56.455+0000] {processor.py:208} INFO - Processing /home/airflow/.local/lib/python3.12/site-packages/airflow/example_dags/example_latest_only_with_trigger.py took 0.046 seconds
[2024-09-15T19:11:27.155+0000] {processor.py:186} INFO - Started process (PID=260) to work on /home/airflow/.local/lib/python3.12/site-packages/airflow/example_dags/example_latest_only_with_trigger.py
[2024-09-15T19:11:27.156+0000] {processor.py:914} INFO - Processing file /home/airflow/.local/lib/python3.12/site-packages/airflow/example_dags/example_latest_only_with_trigger.py for tasks to queue
[2024-09-15T19:11:27.158+0000] {logging_mixin.py:190} INFO - [2024-09-15T19:11:27.158+0000] {dagbag.py:587} INFO - Filling up the DagBag from /home/airflow/.local/lib/python3.12/site-packages/airflow/example_dags/example_latest_only_with_trigger.py
[2024-09-15T19:11:27.163+0000] {processor.py:925} INFO - DAG(s) 'latest_only_with_trigger' retrieved from /home/airflow/.local/lib/python3.12/site-packages/airflow/example_dags/example_latest_only_with_trigger.py
[2024-09-15T19:11:27.176+0000] {logging_mixin.py:190} INFO - [2024-09-15T19:11:27.176+0000] {dag.py:3229} INFO - Sync 1 DAGs
[2024-09-15T19:11:27.193+0000] {logging_mixin.py:190} INFO - [2024-09-15T19:11:27.192+0000] {dag.py:4156} INFO - Setting next_dagrun for latest_only_with_trigger to 2024-09-15 12:00:00+00:00, run_after=2024-09-15 16:00:00+00:00
[2024-09-15T19:11:27.209+0000] {processor.py:208} INFO - Processing /home/airflow/.local/lib/python3.12/site-packages/airflow/example_dags/example_latest_only_with_trigger.py took 0.057 seconds
[2024-09-15T19:11:58.489+0000] {processor.py:186} INFO - Started process (PID=322) to work on /home/airflow/.local/lib/python3.12/site-packages/airflow/example_dags/example_latest_only_with_trigger.py
[2024-09-15T19:11:58.490+0000] {processor.py:914} INFO - Processing file /home/airflow/.local/lib/python3.12/site-packages/airflow/example_dags/example_latest_only_with_trigger.py for tasks to queue
[2024-09-15T19:11:58.492+0000] {logging_mixin.py:190} INFO - [2024-09-15T19:11:58.492+0000] {dagbag.py:587} INFO - Filling up the DagBag from /home/airflow/.local/lib/python3.12/site-packages/airflow/example_dags/example_latest_only_with_trigger.py
[2024-09-15T19:11:58.498+0000] {processor.py:925} INFO - DAG(s) 'latest_only_with_trigger' retrieved from /home/airflow/.local/lib/python3.12/site-packages/airflow/example_dags/example_latest_only_with_trigger.py
[2024-09-15T19:11:58.516+0000] {logging_mixin.py:190} INFO - [2024-09-15T19:11:58.516+0000] {dag.py:3229} INFO - Sync 1 DAGs
[2024-09-15T19:11:58.534+0000] {logging_mixin.py:190} INFO - [2024-09-15T19:11:58.534+0000] {dag.py:4156} INFO - Setting next_dagrun for latest_only_with_trigger to 2024-09-15 12:00:00+00:00, run_after=2024-09-15 16:00:00+00:00
[2024-09-15T19:11:58.545+0000] {processor.py:208} INFO - Processing /home/airflow/.local/lib/python3.12/site-packages/airflow/example_dags/example_latest_only_with_trigger.py took 0.060 seconds
[2024-09-15T19:12:29.348+0000] {processor.py:186} INFO - Started process (PID=384) to work on /home/airflow/.local/lib/python3.12/site-packages/airflow/example_dags/example_latest_only_with_trigger.py
[2024-09-15T19:12:29.349+0000] {processor.py:914} INFO - Processing file /home/airflow/.local/lib/python3.12/site-packages/airflow/example_dags/example_latest_only_with_trigger.py for tasks to queue
[2024-09-15T19:12:29.351+0000] {logging_mixin.py:190} INFO - [2024-09-15T19:12:29.351+0000] {dagbag.py:587} INFO - Filling up the DagBag from /home/airflow/.local/lib/python3.12/site-packages/airflow/example_dags/example_latest_only_with_trigger.py
[2024-09-15T19:12:29.356+0000] {processor.py:925} INFO - DAG(s) 'latest_only_with_trigger' retrieved from /home/airflow/.local/lib/python3.12/site-packages/airflow/example_dags/example_latest_only_with_trigger.py
[2024-09-15T19:12:29.368+0000] {logging_mixin.py:190} INFO - [2024-09-15T19:12:29.368+0000] {dag.py:3229} INFO - Sync 1 DAGs
[2024-09-15T19:12:29.381+0000] {logging_mixin.py:190} INFO - [2024-09-15T19:12:29.381+0000] {dag.py:4156} INFO - Setting next_dagrun for latest_only_with_trigger to 2024-09-15 12:00:00+00:00, run_after=2024-09-15 16:00:00+00:00
[2024-09-15T19:12:29.392+0000] {processor.py:208} INFO - Processing /home/airflow/.local/lib/python3.12/site-packages/airflow/example_dags/example_latest_only_with_trigger.py took 0.047 seconds
[2024-09-15T19:13:00.251+0000] {processor.py:186} INFO - Started process (PID=446) to work on /home/airflow/.local/lib/python3.12/site-packages/airflow/example_dags/example_latest_only_with_trigger.py
[2024-09-15T19:13:00.252+0000] {processor.py:914} INFO - Processing file /home/airflow/.local/lib/python3.12/site-packages/airflow/example_dags/example_latest_only_with_trigger.py for tasks to queue
[2024-09-15T19:13:00.254+0000] {logging_mixin.py:190} INFO - [2024-09-15T19:13:00.254+0000] {dagbag.py:587} INFO - Filling up the DagBag from /home/airflow/.local/lib/python3.12/site-packages/airflow/example_dags/example_latest_only_with_trigger.py
[2024-09-15T19:13:00.259+0000] {processor.py:925} INFO - DAG(s) 'latest_only_with_trigger' retrieved from /home/airflow/.local/lib/python3.12/site-packages/airflow/example_dags/example_latest_only_with_trigger.py
[2024-09-15T19:13:00.271+0000] {logging_mixin.py:190} INFO - [2024-09-15T19:13:00.271+0000] {dag.py:3229} INFO - Sync 1 DAGs
[2024-09-15T19:13:00.288+0000] {logging_mixin.py:190} INFO - [2024-09-15T19:13:00.288+0000] {dag.py:4156} INFO - Setting next_dagrun for latest_only_with_trigger to 2024-09-15 12:00:00+00:00, run_after=2024-09-15 16:00:00+00:00
[2024-09-15T19:13:00.306+0000] {processor.py:208} INFO - Processing /home/airflow/.local/lib/python3.12/site-packages/airflow/example_dags/example_latest_only_with_trigger.py took 0.058 seconds
