[2024-09-15T19:08:25.864+0000] {processor.py:186} INFO - Started process (PID=76) to work on /home/airflow/.local/lib/python3.12/site-packages/airflow/example_dags/example_xcomargs.py
[2024-09-15T19:08:25.865+0000] {processor.py:914} INFO - Processing file /home/airflow/.local/lib/python3.12/site-packages/airflow/example_dags/example_xcomargs.py for tasks to queue
[2024-09-15T19:08:25.868+0000] {logging_mixin.py:190} INFO - [2024-09-15T19:08:25.868+0000] {dagbag.py:587} INFO - Filling up the DagBag from /home/airflow/.local/lib/python3.12/site-packages/airflow/example_dags/example_xcomargs.py
[2024-09-15T19:08:25.878+0000] {processor.py:925} INFO - DAG(s) 'example_xcom_args_with_operators', 'example_xcom_args' retrieved from /home/airflow/.local/lib/python3.12/site-packages/airflow/example_dags/example_xcomargs.py
[2024-09-15T19:08:25.944+0000] {logging_mixin.py:190} INFO - [2024-09-15T19:08:25.944+0000] {override.py:1900} INFO - Created Permission View: can edit on DAG:example_xcom_args_with_operators
[2024-09-15T19:08:25.952+0000] {logging_mixin.py:190} INFO - [2024-09-15T19:08:25.952+0000] {override.py:1900} INFO - Created Permission View: can delete on DAG:example_xcom_args_with_operators
[2024-09-15T19:08:25.964+0000] {logging_mixin.py:190} INFO - [2024-09-15T19:08:25.964+0000] {override.py:1900} INFO - Created Permission View: can read on DAG:example_xcom_args_with_operators
[2024-09-15T19:08:25.977+0000] {logging_mixin.py:190} INFO - [2024-09-15T19:08:25.976+0000] {override.py:1900} INFO - Created Permission View: can create on DAG Run:example_xcom_args_with_operators
[2024-09-15T19:08:25.990+0000] {logging_mixin.py:190} INFO - [2024-09-15T19:08:25.990+0000] {override.py:1900} INFO - Created Permission View: can delete on DAG Run:example_xcom_args_with_operators
[2024-09-15T19:08:26.000+0000] {logging_mixin.py:190} INFO - [2024-09-15T19:08:26.000+0000] {override.py:1900} INFO - Created Permission View: menu access on DAG Run:example_xcom_args_with_operators
[2024-09-15T19:08:26.007+0000] {logging_mixin.py:190} INFO - [2024-09-15T19:08:26.007+0000] {override.py:1900} INFO - Created Permission View: can read on DAG Run:example_xcom_args_with_operators
[2024-09-15T19:08:26.025+0000] {logging_mixin.py:190} INFO - [2024-09-15T19:08:26.025+0000] {override.py:1900} INFO - Created Permission View: can edit on DAG:example_xcom_args
[2024-09-15T19:08:26.035+0000] {logging_mixin.py:190} INFO - [2024-09-15T19:08:26.035+0000] {override.py:1900} INFO - Created Permission View: can delete on DAG:example_xcom_args
[2024-09-15T19:08:26.045+0000] {logging_mixin.py:190} INFO - [2024-09-15T19:08:26.045+0000] {override.py:1900} INFO - Created Permission View: can read on DAG:example_xcom_args
[2024-09-15T19:08:26.052+0000] {logging_mixin.py:190} INFO - [2024-09-15T19:08:26.051+0000] {override.py:1900} INFO - Created Permission View: can create on DAG Run:example_xcom_args
[2024-09-15T19:08:26.057+0000] {logging_mixin.py:190} INFO - [2024-09-15T19:08:26.057+0000] {override.py:1900} INFO - Created Permission View: can delete on DAG Run:example_xcom_args
[2024-09-15T19:08:26.061+0000] {logging_mixin.py:190} INFO - [2024-09-15T19:08:26.061+0000] {override.py:1900} INFO - Created Permission View: menu access on DAG Run:example_xcom_args
[2024-09-15T19:08:26.065+0000] {logging_mixin.py:190} INFO - [2024-09-15T19:08:26.065+0000] {override.py:1900} INFO - Created Permission View: can read on DAG Run:example_xcom_args
[2024-09-15T19:08:26.067+0000] {logging_mixin.py:190} INFO - [2024-09-15T19:08:26.066+0000] {dag.py:3229} INFO - Sync 2 DAGs
[2024-09-15T19:08:26.077+0000] {logging_mixin.py:190} INFO - [2024-09-15T19:08:26.077+0000] {dag.py:3252} INFO - Creating ORM DAG for example_xcom_args
[2024-09-15T19:08:26.078+0000] {logging_mixin.py:190} INFO - [2024-09-15T19:08:26.078+0000] {dag.py:3252} INFO - Creating ORM DAG for example_xcom_args_with_operators
[2024-09-15T19:08:26.079+0000] {logging_mixin.py:190} INFO - [2024-09-15T19:08:26.079+0000] {dag.py:4156} INFO - Setting next_dagrun for example_xcom_args to None, run_after=None
[2024-09-15T19:08:26.081+0000] {logging_mixin.py:190} INFO - [2024-09-15T19:08:26.080+0000] {dag.py:4156} INFO - Setting next_dagrun for example_xcom_args_with_operators to None, run_after=None
[2024-09-15T19:08:26.095+0000] {processor.py:208} INFO - Processing /home/airflow/.local/lib/python3.12/site-packages/airflow/example_dags/example_xcomargs.py took 0.238 seconds
[2024-09-15T19:08:56.140+0000] {processor.py:186} INFO - Started process (PID=138) to work on /home/airflow/.local/lib/python3.12/site-packages/airflow/example_dags/example_xcomargs.py
[2024-09-15T19:08:56.142+0000] {processor.py:914} INFO - Processing file /home/airflow/.local/lib/python3.12/site-packages/airflow/example_dags/example_xcomargs.py for tasks to queue
[2024-09-15T19:08:56.143+0000] {logging_mixin.py:190} INFO - [2024-09-15T19:08:56.143+0000] {dagbag.py:587} INFO - Filling up the DagBag from /home/airflow/.local/lib/python3.12/site-packages/airflow/example_dags/example_xcomargs.py
[2024-09-15T19:08:56.149+0000] {processor.py:925} INFO - DAG(s) 'example_xcom_args_with_operators', 'example_xcom_args' retrieved from /home/airflow/.local/lib/python3.12/site-packages/airflow/example_dags/example_xcomargs.py
[2024-09-15T19:08:56.162+0000] {logging_mixin.py:190} INFO - [2024-09-15T19:08:56.162+0000] {dag.py:3229} INFO - Sync 2 DAGs
[2024-09-15T19:08:56.171+0000] {logging_mixin.py:190} INFO - [2024-09-15T19:08:56.170+0000] {dag.py:4156} INFO - Setting next_dagrun for example_xcom_args to None, run_after=None
[2024-09-15T19:08:56.173+0000] {logging_mixin.py:190} INFO - [2024-09-15T19:08:56.173+0000] {dag.py:4156} INFO - Setting next_dagrun for example_xcom_args_with_operators to None, run_after=None
[2024-09-15T19:08:56.181+0000] {processor.py:208} INFO - Processing /home/airflow/.local/lib/python3.12/site-packages/airflow/example_dags/example_xcomargs.py took 0.044 seconds
[2024-09-15T19:09:55.112+0000] {processor.py:186} INFO - Started process (PID=75) to work on /home/airflow/.local/lib/python3.12/site-packages/airflow/example_dags/example_xcomargs.py
[2024-09-15T19:09:55.113+0000] {processor.py:914} INFO - Processing file /home/airflow/.local/lib/python3.12/site-packages/airflow/example_dags/example_xcomargs.py for tasks to queue
[2024-09-15T19:09:55.115+0000] {logging_mixin.py:190} INFO - [2024-09-15T19:09:55.114+0000] {dagbag.py:587} INFO - Filling up the DagBag from /home/airflow/.local/lib/python3.12/site-packages/airflow/example_dags/example_xcomargs.py
[2024-09-15T19:09:55.120+0000] {processor.py:925} INFO - DAG(s) 'example_xcom_args_with_operators', 'example_xcom_args' retrieved from /home/airflow/.local/lib/python3.12/site-packages/airflow/example_dags/example_xcomargs.py
[2024-09-15T19:09:55.133+0000] {logging_mixin.py:190} INFO - [2024-09-15T19:09:55.132+0000] {dag.py:3229} INFO - Sync 2 DAGs
[2024-09-15T19:09:55.141+0000] {logging_mixin.py:190} INFO - [2024-09-15T19:09:55.141+0000] {dag.py:4156} INFO - Setting next_dagrun for example_xcom_args to None, run_after=None
[2024-09-15T19:09:55.144+0000] {logging_mixin.py:190} INFO - [2024-09-15T19:09:55.144+0000] {dag.py:4156} INFO - Setting next_dagrun for example_xcom_args_with_operators to None, run_after=None
[2024-09-15T19:09:55.152+0000] {processor.py:208} INFO - Processing /home/airflow/.local/lib/python3.12/site-packages/airflow/example_dags/example_xcomargs.py took 0.043 seconds
[2024-09-15T19:10:25.646+0000] {processor.py:186} INFO - Started process (PID=137) to work on /home/airflow/.local/lib/python3.12/site-packages/airflow/example_dags/example_xcomargs.py
[2024-09-15T19:10:25.647+0000] {processor.py:914} INFO - Processing file /home/airflow/.local/lib/python3.12/site-packages/airflow/example_dags/example_xcomargs.py for tasks to queue
[2024-09-15T19:10:25.649+0000] {logging_mixin.py:190} INFO - [2024-09-15T19:10:25.649+0000] {dagbag.py:587} INFO - Filling up the DagBag from /home/airflow/.local/lib/python3.12/site-packages/airflow/example_dags/example_xcomargs.py
[2024-09-15T19:10:25.655+0000] {processor.py:925} INFO - DAG(s) 'example_xcom_args', 'example_xcom_args_with_operators' retrieved from /home/airflow/.local/lib/python3.12/site-packages/airflow/example_dags/example_xcomargs.py
[2024-09-15T19:10:25.671+0000] {logging_mixin.py:190} INFO - [2024-09-15T19:10:25.671+0000] {dag.py:3229} INFO - Sync 2 DAGs
[2024-09-15T19:10:25.679+0000] {logging_mixin.py:190} INFO - [2024-09-15T19:10:25.679+0000] {dag.py:4156} INFO - Setting next_dagrun for example_xcom_args to None, run_after=None
[2024-09-15T19:10:25.682+0000] {logging_mixin.py:190} INFO - [2024-09-15T19:10:25.682+0000] {dag.py:4156} INFO - Setting next_dagrun for example_xcom_args_with_operators to None, run_after=None
[2024-09-15T19:10:25.690+0000] {processor.py:208} INFO - Processing /home/airflow/.local/lib/python3.12/site-packages/airflow/example_dags/example_xcomargs.py took 0.048 seconds
[2024-09-15T19:10:56.423+0000] {processor.py:186} INFO - Started process (PID=199) to work on /home/airflow/.local/lib/python3.12/site-packages/airflow/example_dags/example_xcomargs.py
[2024-09-15T19:10:56.425+0000] {processor.py:914} INFO - Processing file /home/airflow/.local/lib/python3.12/site-packages/airflow/example_dags/example_xcomargs.py for tasks to queue
[2024-09-15T19:10:56.427+0000] {logging_mixin.py:190} INFO - [2024-09-15T19:10:56.427+0000] {dagbag.py:587} INFO - Filling up the DagBag from /home/airflow/.local/lib/python3.12/site-packages/airflow/example_dags/example_xcomargs.py
[2024-09-15T19:10:56.433+0000] {processor.py:925} INFO - DAG(s) 'example_xcom_args', 'example_xcom_args_with_operators' retrieved from /home/airflow/.local/lib/python3.12/site-packages/airflow/example_dags/example_xcomargs.py
[2024-09-15T19:10:56.446+0000] {logging_mixin.py:190} INFO - [2024-09-15T19:10:56.446+0000] {dag.py:3229} INFO - Sync 2 DAGs
[2024-09-15T19:10:56.455+0000] {logging_mixin.py:190} INFO - [2024-09-15T19:10:56.455+0000] {dag.py:4156} INFO - Setting next_dagrun for example_xcom_args to None, run_after=None
[2024-09-15T19:10:56.458+0000] {logging_mixin.py:190} INFO - [2024-09-15T19:10:56.458+0000] {dag.py:4156} INFO - Setting next_dagrun for example_xcom_args_with_operators to None, run_after=None
[2024-09-15T19:10:56.467+0000] {processor.py:208} INFO - Processing /home/airflow/.local/lib/python3.12/site-packages/airflow/example_dags/example_xcomargs.py took 0.047 seconds
[2024-09-15T19:11:27.230+0000] {processor.py:186} INFO - Started process (PID=261) to work on /home/airflow/.local/lib/python3.12/site-packages/airflow/example_dags/example_xcomargs.py
[2024-09-15T19:11:27.231+0000] {processor.py:914} INFO - Processing file /home/airflow/.local/lib/python3.12/site-packages/airflow/example_dags/example_xcomargs.py for tasks to queue
[2024-09-15T19:11:27.234+0000] {logging_mixin.py:190} INFO - [2024-09-15T19:11:27.234+0000] {dagbag.py:587} INFO - Filling up the DagBag from /home/airflow/.local/lib/python3.12/site-packages/airflow/example_dags/example_xcomargs.py
[2024-09-15T19:11:27.240+0000] {processor.py:925} INFO - DAG(s) 'example_xcom_args_with_operators', 'example_xcom_args' retrieved from /home/airflow/.local/lib/python3.12/site-packages/airflow/example_dags/example_xcomargs.py
[2024-09-15T19:11:27.254+0000] {logging_mixin.py:190} INFO - [2024-09-15T19:11:27.254+0000] {dag.py:3229} INFO - Sync 2 DAGs
[2024-09-15T19:11:27.263+0000] {logging_mixin.py:190} INFO - [2024-09-15T19:11:27.263+0000] {dag.py:4156} INFO - Setting next_dagrun for example_xcom_args to None, run_after=None
[2024-09-15T19:11:27.267+0000] {logging_mixin.py:190} INFO - [2024-09-15T19:11:27.267+0000] {dag.py:4156} INFO - Setting next_dagrun for example_xcom_args_with_operators to None, run_after=None
[2024-09-15T19:11:27.276+0000] {processor.py:208} INFO - Processing /home/airflow/.local/lib/python3.12/site-packages/airflow/example_dags/example_xcomargs.py took 0.050 seconds
[2024-09-15T19:11:58.523+0000] {processor.py:186} INFO - Started process (PID=323) to work on /home/airflow/.local/lib/python3.12/site-packages/airflow/example_dags/example_xcomargs.py
[2024-09-15T19:11:58.525+0000] {processor.py:914} INFO - Processing file /home/airflow/.local/lib/python3.12/site-packages/airflow/example_dags/example_xcomargs.py for tasks to queue
[2024-09-15T19:11:58.528+0000] {logging_mixin.py:190} INFO - [2024-09-15T19:11:58.528+0000] {dagbag.py:587} INFO - Filling up the DagBag from /home/airflow/.local/lib/python3.12/site-packages/airflow/example_dags/example_xcomargs.py
[2024-09-15T19:11:58.536+0000] {processor.py:925} INFO - DAG(s) 'example_xcom_args_with_operators', 'example_xcom_args' retrieved from /home/airflow/.local/lib/python3.12/site-packages/airflow/example_dags/example_xcomargs.py
[2024-09-15T19:11:58.550+0000] {logging_mixin.py:190} INFO - [2024-09-15T19:11:58.550+0000] {dag.py:3229} INFO - Sync 2 DAGs
[2024-09-15T19:11:58.561+0000] {logging_mixin.py:190} INFO - [2024-09-15T19:11:58.560+0000] {dag.py:4156} INFO - Setting next_dagrun for example_xcom_args to None, run_after=None
[2024-09-15T19:11:58.564+0000] {logging_mixin.py:190} INFO - [2024-09-15T19:11:58.564+0000] {dag.py:4156} INFO - Setting next_dagrun for example_xcom_args_with_operators to None, run_after=None
[2024-09-15T19:11:58.574+0000] {processor.py:208} INFO - Processing /home/airflow/.local/lib/python3.12/site-packages/airflow/example_dags/example_xcomargs.py took 0.055 seconds
[2024-09-15T19:12:29.373+0000] {processor.py:186} INFO - Started process (PID=385) to work on /home/airflow/.local/lib/python3.12/site-packages/airflow/example_dags/example_xcomargs.py
[2024-09-15T19:12:29.374+0000] {processor.py:914} INFO - Processing file /home/airflow/.local/lib/python3.12/site-packages/airflow/example_dags/example_xcomargs.py for tasks to queue
[2024-09-15T19:12:29.376+0000] {logging_mixin.py:190} INFO - [2024-09-15T19:12:29.376+0000] {dagbag.py:587} INFO - Filling up the DagBag from /home/airflow/.local/lib/python3.12/site-packages/airflow/example_dags/example_xcomargs.py
[2024-09-15T19:12:29.383+0000] {processor.py:925} INFO - DAG(s) 'example_xcom_args_with_operators', 'example_xcom_args' retrieved from /home/airflow/.local/lib/python3.12/site-packages/airflow/example_dags/example_xcomargs.py
[2024-09-15T19:12:29.396+0000] {logging_mixin.py:190} INFO - [2024-09-15T19:12:29.396+0000] {dag.py:3229} INFO - Sync 2 DAGs
[2024-09-15T19:12:29.406+0000] {logging_mixin.py:190} INFO - [2024-09-15T19:12:29.406+0000] {dag.py:4156} INFO - Setting next_dagrun for example_xcom_args to None, run_after=None
[2024-09-15T19:12:29.409+0000] {logging_mixin.py:190} INFO - [2024-09-15T19:12:29.409+0000] {dag.py:4156} INFO - Setting next_dagrun for example_xcom_args_with_operators to None, run_after=None
[2024-09-15T19:12:29.419+0000] {processor.py:208} INFO - Processing /home/airflow/.local/lib/python3.12/site-packages/airflow/example_dags/example_xcomargs.py took 0.049 seconds
[2024-09-15T19:13:00.311+0000] {processor.py:186} INFO - Started process (PID=447) to work on /home/airflow/.local/lib/python3.12/site-packages/airflow/example_dags/example_xcomargs.py
[2024-09-15T19:13:00.312+0000] {processor.py:914} INFO - Processing file /home/airflow/.local/lib/python3.12/site-packages/airflow/example_dags/example_xcomargs.py for tasks to queue
[2024-09-15T19:13:00.314+0000] {logging_mixin.py:190} INFO - [2024-09-15T19:13:00.314+0000] {dagbag.py:587} INFO - Filling up the DagBag from /home/airflow/.local/lib/python3.12/site-packages/airflow/example_dags/example_xcomargs.py
[2024-09-15T19:13:00.321+0000] {processor.py:925} INFO - DAG(s) 'example_xcom_args_with_operators', 'example_xcom_args' retrieved from /home/airflow/.local/lib/python3.12/site-packages/airflow/example_dags/example_xcomargs.py
[2024-09-15T19:13:00.334+0000] {logging_mixin.py:190} INFO - [2024-09-15T19:13:00.334+0000] {dag.py:3229} INFO - Sync 2 DAGs
[2024-09-15T19:13:00.343+0000] {logging_mixin.py:190} INFO - [2024-09-15T19:13:00.342+0000] {dag.py:4156} INFO - Setting next_dagrun for example_xcom_args to None, run_after=None
[2024-09-15T19:13:00.346+0000] {logging_mixin.py:190} INFO - [2024-09-15T19:13:00.345+0000] {dag.py:4156} INFO - Setting next_dagrun for example_xcom_args_with_operators to None, run_after=None
[2024-09-15T19:13:00.355+0000] {processor.py:208} INFO - Processing /home/airflow/.local/lib/python3.12/site-packages/airflow/example_dags/example_xcomargs.py took 0.049 seconds
