[2024-09-15T19:08:25.617+0000] {processor.py:186} INFO - Started process (PID=73) to work on /home/airflow/.local/lib/python3.12/site-packages/airflow/example_dags/tutorial_dag.py
[2024-09-15T19:08:25.618+0000] {processor.py:914} INFO - Processing file /home/airflow/.local/lib/python3.12/site-packages/airflow/example_dags/tutorial_dag.py for tasks to queue
[2024-09-15T19:08:25.621+0000] {logging_mixin.py:190} INFO - [2024-09-15T19:08:25.621+0000] {dagbag.py:587} INFO - Filling up the DagBag from /home/airflow/.local/lib/python3.12/site-packages/airflow/example_dags/tutorial_dag.py
[2024-09-15T19:08:25.630+0000] {processor.py:925} INFO - DAG(s) 'tutorial_dag' retrieved from /home/airflow/.local/lib/python3.12/site-packages/airflow/example_dags/tutorial_dag.py
[2024-09-15T19:08:25.702+0000] {logging_mixin.py:190} INFO - [2024-09-15T19:08:25.701+0000] {override.py:1900} INFO - Created Permission View: can edit on DAG:tutorial_dag
[2024-09-15T19:08:25.708+0000] {logging_mixin.py:190} INFO - [2024-09-15T19:08:25.708+0000] {override.py:1900} INFO - Created Permission View: can delete on DAG:tutorial_dag
[2024-09-15T19:08:25.714+0000] {logging_mixin.py:190} INFO - [2024-09-15T19:08:25.714+0000] {override.py:1900} INFO - Created Permission View: can read on DAG:tutorial_dag
[2024-09-15T19:08:25.719+0000] {logging_mixin.py:190} INFO - [2024-09-15T19:08:25.719+0000] {override.py:1900} INFO - Created Permission View: can create on DAG Run:tutorial_dag
[2024-09-15T19:08:25.723+0000] {logging_mixin.py:190} INFO - [2024-09-15T19:08:25.723+0000] {override.py:1900} INFO - Created Permission View: can delete on DAG Run:tutorial_dag
[2024-09-15T19:08:25.728+0000] {logging_mixin.py:190} INFO - [2024-09-15T19:08:25.728+0000] {override.py:1900} INFO - Created Permission View: menu access on DAG Run:tutorial_dag
[2024-09-15T19:08:25.734+0000] {logging_mixin.py:190} INFO - [2024-09-15T19:08:25.734+0000] {override.py:1900} INFO - Created Permission View: can read on DAG Run:tutorial_dag
[2024-09-15T19:08:25.735+0000] {logging_mixin.py:190} INFO - [2024-09-15T19:08:25.735+0000] {dag.py:3229} INFO - Sync 1 DAGs
[2024-09-15T19:08:25.743+0000] {logging_mixin.py:190} INFO - [2024-09-15T19:08:25.743+0000] {dag.py:3252} INFO - Creating ORM DAG for tutorial_dag
[2024-09-15T19:08:25.744+0000] {logging_mixin.py:190} INFO - [2024-09-15T19:08:25.744+0000] {dag.py:4156} INFO - Setting next_dagrun for tutorial_dag to None, run_after=None
[2024-09-15T19:08:25.754+0000] {processor.py:208} INFO - Processing /home/airflow/.local/lib/python3.12/site-packages/airflow/example_dags/tutorial_dag.py took 0.142 seconds
[2024-09-15T19:08:56.021+0000] {processor.py:186} INFO - Started process (PID=135) to work on /home/airflow/.local/lib/python3.12/site-packages/airflow/example_dags/tutorial_dag.py
[2024-09-15T19:08:56.022+0000] {processor.py:914} INFO - Processing file /home/airflow/.local/lib/python3.12/site-packages/airflow/example_dags/tutorial_dag.py for tasks to queue
[2024-09-15T19:08:56.024+0000] {logging_mixin.py:190} INFO - [2024-09-15T19:08:56.024+0000] {dagbag.py:587} INFO - Filling up the DagBag from /home/airflow/.local/lib/python3.12/site-packages/airflow/example_dags/tutorial_dag.py
[2024-09-15T19:08:56.029+0000] {processor.py:925} INFO - DAG(s) 'tutorial_dag' retrieved from /home/airflow/.local/lib/python3.12/site-packages/airflow/example_dags/tutorial_dag.py
[2024-09-15T19:08:56.040+0000] {logging_mixin.py:190} INFO - [2024-09-15T19:08:56.040+0000] {dag.py:3229} INFO - Sync 1 DAGs
[2024-09-15T19:08:56.048+0000] {logging_mixin.py:190} INFO - [2024-09-15T19:08:56.048+0000] {dag.py:4156} INFO - Setting next_dagrun for tutorial_dag to None, run_after=None
[2024-09-15T19:08:56.058+0000] {processor.py:208} INFO - Processing /home/airflow/.local/lib/python3.12/site-packages/airflow/example_dags/tutorial_dag.py took 0.041 seconds
[2024-09-15T19:09:54.979+0000] {processor.py:186} INFO - Started process (PID=72) to work on /home/airflow/.local/lib/python3.12/site-packages/airflow/example_dags/tutorial_dag.py
[2024-09-15T19:09:54.980+0000] {processor.py:914} INFO - Processing file /home/airflow/.local/lib/python3.12/site-packages/airflow/example_dags/tutorial_dag.py for tasks to queue
[2024-09-15T19:09:54.983+0000] {logging_mixin.py:190} INFO - [2024-09-15T19:09:54.983+0000] {dagbag.py:587} INFO - Filling up the DagBag from /home/airflow/.local/lib/python3.12/site-packages/airflow/example_dags/tutorial_dag.py
[2024-09-15T19:09:54.987+0000] {processor.py:925} INFO - DAG(s) 'tutorial_dag' retrieved from /home/airflow/.local/lib/python3.12/site-packages/airflow/example_dags/tutorial_dag.py
[2024-09-15T19:09:54.999+0000] {logging_mixin.py:190} INFO - [2024-09-15T19:09:54.999+0000] {dag.py:3229} INFO - Sync 1 DAGs
[2024-09-15T19:09:55.007+0000] {logging_mixin.py:190} INFO - [2024-09-15T19:09:55.007+0000] {dag.py:4156} INFO - Setting next_dagrun for tutorial_dag to None, run_after=None
[2024-09-15T19:09:55.017+0000] {processor.py:208} INFO - Processing /home/airflow/.local/lib/python3.12/site-packages/airflow/example_dags/tutorial_dag.py took 0.041 seconds
[2024-09-15T19:10:25.555+0000] {processor.py:186} INFO - Started process (PID=134) to work on /home/airflow/.local/lib/python3.12/site-packages/airflow/example_dags/tutorial_dag.py
[2024-09-15T19:10:25.556+0000] {processor.py:914} INFO - Processing file /home/airflow/.local/lib/python3.12/site-packages/airflow/example_dags/tutorial_dag.py for tasks to queue
[2024-09-15T19:10:25.558+0000] {logging_mixin.py:190} INFO - [2024-09-15T19:10:25.558+0000] {dagbag.py:587} INFO - Filling up the DagBag from /home/airflow/.local/lib/python3.12/site-packages/airflow/example_dags/tutorial_dag.py
[2024-09-15T19:10:25.562+0000] {processor.py:925} INFO - DAG(s) 'tutorial_dag' retrieved from /home/airflow/.local/lib/python3.12/site-packages/airflow/example_dags/tutorial_dag.py
[2024-09-15T19:10:25.573+0000] {logging_mixin.py:190} INFO - [2024-09-15T19:10:25.573+0000] {dag.py:3229} INFO - Sync 1 DAGs
[2024-09-15T19:10:25.582+0000] {logging_mixin.py:190} INFO - [2024-09-15T19:10:25.581+0000] {dag.py:4156} INFO - Setting next_dagrun for tutorial_dag to None, run_after=None
[2024-09-15T19:10:25.592+0000] {processor.py:208} INFO - Processing /home/airflow/.local/lib/python3.12/site-packages/airflow/example_dags/tutorial_dag.py took 0.040 seconds
[2024-09-15T19:10:56.354+0000] {processor.py:186} INFO - Started process (PID=196) to work on /home/airflow/.local/lib/python3.12/site-packages/airflow/example_dags/tutorial_dag.py
[2024-09-15T19:10:56.356+0000] {processor.py:914} INFO - Processing file /home/airflow/.local/lib/python3.12/site-packages/airflow/example_dags/tutorial_dag.py for tasks to queue
[2024-09-15T19:10:56.358+0000] {logging_mixin.py:190} INFO - [2024-09-15T19:10:56.358+0000] {dagbag.py:587} INFO - Filling up the DagBag from /home/airflow/.local/lib/python3.12/site-packages/airflow/example_dags/tutorial_dag.py
[2024-09-15T19:10:56.362+0000] {processor.py:925} INFO - DAG(s) 'tutorial_dag' retrieved from /home/airflow/.local/lib/python3.12/site-packages/airflow/example_dags/tutorial_dag.py
[2024-09-15T19:10:56.373+0000] {logging_mixin.py:190} INFO - [2024-09-15T19:10:56.373+0000] {dag.py:3229} INFO - Sync 1 DAGs
[2024-09-15T19:10:56.382+0000] {logging_mixin.py:190} INFO - [2024-09-15T19:10:56.382+0000] {dag.py:4156} INFO - Setting next_dagrun for tutorial_dag to None, run_after=None
[2024-09-15T19:10:56.393+0000] {processor.py:208} INFO - Processing /home/airflow/.local/lib/python3.12/site-packages/airflow/example_dags/tutorial_dag.py took 0.043 seconds
[2024-09-15T19:11:27.083+0000] {processor.py:186} INFO - Started process (PID=258) to work on /home/airflow/.local/lib/python3.12/site-packages/airflow/example_dags/tutorial_dag.py
[2024-09-15T19:11:27.085+0000] {processor.py:914} INFO - Processing file /home/airflow/.local/lib/python3.12/site-packages/airflow/example_dags/tutorial_dag.py for tasks to queue
[2024-09-15T19:11:27.087+0000] {logging_mixin.py:190} INFO - [2024-09-15T19:11:27.087+0000] {dagbag.py:587} INFO - Filling up the DagBag from /home/airflow/.local/lib/python3.12/site-packages/airflow/example_dags/tutorial_dag.py
[2024-09-15T19:11:27.091+0000] {processor.py:925} INFO - DAG(s) 'tutorial_dag' retrieved from /home/airflow/.local/lib/python3.12/site-packages/airflow/example_dags/tutorial_dag.py
[2024-09-15T19:11:27.106+0000] {logging_mixin.py:190} INFO - [2024-09-15T19:11:27.106+0000] {dag.py:3229} INFO - Sync 1 DAGs
[2024-09-15T19:11:27.116+0000] {logging_mixin.py:190} INFO - [2024-09-15T19:11:27.116+0000] {dag.py:4156} INFO - Setting next_dagrun for tutorial_dag to None, run_after=None
[2024-09-15T19:11:27.127+0000] {processor.py:208} INFO - Processing /home/airflow/.local/lib/python3.12/site-packages/airflow/example_dags/tutorial_dag.py took 0.048 seconds
[2024-09-15T19:11:58.425+0000] {processor.py:186} INFO - Started process (PID=320) to work on /home/airflow/.local/lib/python3.12/site-packages/airflow/example_dags/tutorial_dag.py
[2024-09-15T19:11:58.427+0000] {processor.py:914} INFO - Processing file /home/airflow/.local/lib/python3.12/site-packages/airflow/example_dags/tutorial_dag.py for tasks to queue
[2024-09-15T19:11:58.429+0000] {logging_mixin.py:190} INFO - [2024-09-15T19:11:58.429+0000] {dagbag.py:587} INFO - Filling up the DagBag from /home/airflow/.local/lib/python3.12/site-packages/airflow/example_dags/tutorial_dag.py
[2024-09-15T19:11:58.434+0000] {processor.py:925} INFO - DAG(s) 'tutorial_dag' retrieved from /home/airflow/.local/lib/python3.12/site-packages/airflow/example_dags/tutorial_dag.py
[2024-09-15T19:11:58.449+0000] {logging_mixin.py:190} INFO - [2024-09-15T19:11:58.448+0000] {dag.py:3229} INFO - Sync 1 DAGs
[2024-09-15T19:11:58.458+0000] {logging_mixin.py:190} INFO - [2024-09-15T19:11:58.458+0000] {dag.py:4156} INFO - Setting next_dagrun for tutorial_dag to None, run_after=None
[2024-09-15T19:11:58.469+0000] {processor.py:208} INFO - Processing /home/airflow/.local/lib/python3.12/site-packages/airflow/example_dags/tutorial_dag.py took 0.049 seconds
[2024-09-15T19:12:29.289+0000] {processor.py:186} INFO - Started process (PID=382) to work on /home/airflow/.local/lib/python3.12/site-packages/airflow/example_dags/tutorial_dag.py
[2024-09-15T19:12:29.290+0000] {processor.py:914} INFO - Processing file /home/airflow/.local/lib/python3.12/site-packages/airflow/example_dags/tutorial_dag.py for tasks to queue
[2024-09-15T19:12:29.294+0000] {logging_mixin.py:190} INFO - [2024-09-15T19:12:29.294+0000] {dagbag.py:587} INFO - Filling up the DagBag from /home/airflow/.local/lib/python3.12/site-packages/airflow/example_dags/tutorial_dag.py
[2024-09-15T19:12:29.300+0000] {processor.py:925} INFO - DAG(s) 'tutorial_dag' retrieved from /home/airflow/.local/lib/python3.12/site-packages/airflow/example_dags/tutorial_dag.py
[2024-09-15T19:12:29.313+0000] {logging_mixin.py:190} INFO - [2024-09-15T19:12:29.313+0000] {dag.py:3229} INFO - Sync 1 DAGs
[2024-09-15T19:12:29.320+0000] {logging_mixin.py:190} INFO - [2024-09-15T19:12:29.320+0000] {dag.py:4156} INFO - Setting next_dagrun for tutorial_dag to None, run_after=None
[2024-09-15T19:12:29.330+0000] {processor.py:208} INFO - Processing /home/airflow/.local/lib/python3.12/site-packages/airflow/example_dags/tutorial_dag.py took 0.045 seconds
[2024-09-15T19:13:00.188+0000] {processor.py:186} INFO - Started process (PID=444) to work on /home/airflow/.local/lib/python3.12/site-packages/airflow/example_dags/tutorial_dag.py
[2024-09-15T19:13:00.189+0000] {processor.py:914} INFO - Processing file /home/airflow/.local/lib/python3.12/site-packages/airflow/example_dags/tutorial_dag.py for tasks to queue
[2024-09-15T19:13:00.191+0000] {logging_mixin.py:190} INFO - [2024-09-15T19:13:00.191+0000] {dagbag.py:587} INFO - Filling up the DagBag from /home/airflow/.local/lib/python3.12/site-packages/airflow/example_dags/tutorial_dag.py
[2024-09-15T19:13:00.196+0000] {processor.py:925} INFO - DAG(s) 'tutorial_dag' retrieved from /home/airflow/.local/lib/python3.12/site-packages/airflow/example_dags/tutorial_dag.py
[2024-09-15T19:13:00.211+0000] {logging_mixin.py:190} INFO - [2024-09-15T19:13:00.211+0000] {dag.py:3229} INFO - Sync 1 DAGs
[2024-09-15T19:13:00.220+0000] {logging_mixin.py:190} INFO - [2024-09-15T19:13:00.220+0000] {dag.py:4156} INFO - Setting next_dagrun for tutorial_dag to None, run_after=None
[2024-09-15T19:13:00.233+0000] {processor.py:208} INFO - Processing /home/airflow/.local/lib/python3.12/site-packages/airflow/example_dags/tutorial_dag.py took 0.048 seconds
