[2024-09-15T19:08:24.890+0000] {processor.py:186} INFO - Started process (PID=65) to work on /home/airflow/.local/lib/python3.12/site-packages/airflow/example_dags/tutorial.py
[2024-09-15T19:08:24.892+0000] {processor.py:914} INFO - Processing file /home/airflow/.local/lib/python3.12/site-packages/airflow/example_dags/tutorial.py for tasks to queue
[2024-09-15T19:08:24.894+0000] {logging_mixin.py:190} INFO - [2024-09-15T19:08:24.894+0000] {dagbag.py:587} INFO - Filling up the DagBag from /home/airflow/.local/lib/python3.12/site-packages/airflow/example_dags/tutorial.py
[2024-09-15T19:08:24.902+0000] {processor.py:925} INFO - DAG(s) 'tutorial' retrieved from /home/airflow/.local/lib/python3.12/site-packages/airflow/example_dags/tutorial.py
[2024-09-15T19:08:24.981+0000] {logging_mixin.py:190} INFO - [2024-09-15T19:08:24.980+0000] {override.py:1900} INFO - Created Permission View: can edit on DAG:tutorial
[2024-09-15T19:08:24.987+0000] {logging_mixin.py:190} INFO - [2024-09-15T19:08:24.987+0000] {override.py:1900} INFO - Created Permission View: can delete on DAG:tutorial
[2024-09-15T19:08:24.991+0000] {logging_mixin.py:190} INFO - [2024-09-15T19:08:24.991+0000] {override.py:1900} INFO - Created Permission View: can read on DAG:tutorial
[2024-09-15T19:08:24.996+0000] {logging_mixin.py:190} INFO - [2024-09-15T19:08:24.995+0000] {override.py:1900} INFO - Created Permission View: can create on DAG Run:tutorial
[2024-09-15T19:08:25.000+0000] {logging_mixin.py:190} INFO - [2024-09-15T19:08:24.999+0000] {override.py:1900} INFO - Created Permission View: can delete on DAG Run:tutorial
[2024-09-15T19:08:25.005+0000] {logging_mixin.py:190} INFO - [2024-09-15T19:08:25.005+0000] {override.py:1900} INFO - Created Permission View: menu access on DAG Run:tutorial
[2024-09-15T19:08:25.011+0000] {logging_mixin.py:190} INFO - [2024-09-15T19:08:25.011+0000] {override.py:1900} INFO - Created Permission View: can read on DAG Run:tutorial
[2024-09-15T19:08:25.012+0000] {logging_mixin.py:190} INFO - [2024-09-15T19:08:25.012+0000] {dag.py:3229} INFO - Sync 1 DAGs
[2024-09-15T19:08:25.022+0000] {logging_mixin.py:190} INFO - [2024-09-15T19:08:25.022+0000] {dag.py:3252} INFO - Creating ORM DAG for tutorial
[2024-09-15T19:08:25.029+0000] {logging_mixin.py:190} INFO - [2024-09-15T19:08:25.029+0000] {dag.py:4156} INFO - Setting next_dagrun for tutorial to 2024-09-14 00:00:00+00:00, run_after=2024-09-15 00:00:00+00:00
[2024-09-15T19:08:25.039+0000] {processor.py:208} INFO - Processing /home/airflow/.local/lib/python3.12/site-packages/airflow/example_dags/tutorial.py took 0.153 seconds
[2024-09-15T19:08:55.697+0000] {processor.py:186} INFO - Started process (PID=127) to work on /home/airflow/.local/lib/python3.12/site-packages/airflow/example_dags/tutorial.py
[2024-09-15T19:08:55.698+0000] {processor.py:914} INFO - Processing file /home/airflow/.local/lib/python3.12/site-packages/airflow/example_dags/tutorial.py for tasks to queue
[2024-09-15T19:08:55.700+0000] {logging_mixin.py:190} INFO - [2024-09-15T19:08:55.700+0000] {dagbag.py:587} INFO - Filling up the DagBag from /home/airflow/.local/lib/python3.12/site-packages/airflow/example_dags/tutorial.py
[2024-09-15T19:08:55.705+0000] {processor.py:925} INFO - DAG(s) 'tutorial' retrieved from /home/airflow/.local/lib/python3.12/site-packages/airflow/example_dags/tutorial.py
[2024-09-15T19:08:55.718+0000] {logging_mixin.py:190} INFO - [2024-09-15T19:08:55.717+0000] {dag.py:3229} INFO - Sync 1 DAGs
[2024-09-15T19:08:55.732+0000] {logging_mixin.py:190} INFO - [2024-09-15T19:08:55.732+0000] {dag.py:4156} INFO - Setting next_dagrun for tutorial to 2024-09-14 00:00:00+00:00, run_after=2024-09-15 00:00:00+00:00
[2024-09-15T19:08:55.743+0000] {processor.py:208} INFO - Processing /home/airflow/.local/lib/python3.12/site-packages/airflow/example_dags/tutorial.py took 0.050 seconds
[2024-09-15T19:09:54.581+0000] {processor.py:186} INFO - Started process (PID=64) to work on /home/airflow/.local/lib/python3.12/site-packages/airflow/example_dags/tutorial.py
[2024-09-15T19:09:54.582+0000] {processor.py:914} INFO - Processing file /home/airflow/.local/lib/python3.12/site-packages/airflow/example_dags/tutorial.py for tasks to queue
[2024-09-15T19:09:54.584+0000] {logging_mixin.py:190} INFO - [2024-09-15T19:09:54.584+0000] {dagbag.py:587} INFO - Filling up the DagBag from /home/airflow/.local/lib/python3.12/site-packages/airflow/example_dags/tutorial.py
[2024-09-15T19:09:54.590+0000] {processor.py:925} INFO - DAG(s) 'tutorial' retrieved from /home/airflow/.local/lib/python3.12/site-packages/airflow/example_dags/tutorial.py
[2024-09-15T19:09:54.604+0000] {logging_mixin.py:190} INFO - [2024-09-15T19:09:54.604+0000] {dag.py:3229} INFO - Sync 1 DAGs
[2024-09-15T19:09:54.619+0000] {logging_mixin.py:190} INFO - [2024-09-15T19:09:54.619+0000] {dag.py:4156} INFO - Setting next_dagrun for tutorial to 2024-09-14 00:00:00+00:00, run_after=2024-09-15 00:00:00+00:00
[2024-09-15T19:09:54.631+0000] {processor.py:208} INFO - Processing /home/airflow/.local/lib/python3.12/site-packages/airflow/example_dags/tutorial.py took 0.054 seconds
[2024-09-15T19:10:25.264+0000] {processor.py:186} INFO - Started process (PID=126) to work on /home/airflow/.local/lib/python3.12/site-packages/airflow/example_dags/tutorial.py
[2024-09-15T19:10:25.265+0000] {processor.py:914} INFO - Processing file /home/airflow/.local/lib/python3.12/site-packages/airflow/example_dags/tutorial.py for tasks to queue
[2024-09-15T19:10:25.267+0000] {logging_mixin.py:190} INFO - [2024-09-15T19:10:25.267+0000] {dagbag.py:587} INFO - Filling up the DagBag from /home/airflow/.local/lib/python3.12/site-packages/airflow/example_dags/tutorial.py
[2024-09-15T19:10:25.272+0000] {processor.py:925} INFO - DAG(s) 'tutorial' retrieved from /home/airflow/.local/lib/python3.12/site-packages/airflow/example_dags/tutorial.py
[2024-09-15T19:10:25.284+0000] {logging_mixin.py:190} INFO - [2024-09-15T19:10:25.284+0000] {dag.py:3229} INFO - Sync 1 DAGs
[2024-09-15T19:10:25.297+0000] {logging_mixin.py:190} INFO - [2024-09-15T19:10:25.297+0000] {dag.py:4156} INFO - Setting next_dagrun for tutorial to 2024-09-14 00:00:00+00:00, run_after=2024-09-15 00:00:00+00:00
[2024-09-15T19:10:25.306+0000] {processor.py:208} INFO - Processing /home/airflow/.local/lib/python3.12/site-packages/airflow/example_dags/tutorial.py took 0.045 seconds
[2024-09-15T19:10:56.049+0000] {processor.py:186} INFO - Started process (PID=188) to work on /home/airflow/.local/lib/python3.12/site-packages/airflow/example_dags/tutorial.py
[2024-09-15T19:10:56.050+0000] {processor.py:914} INFO - Processing file /home/airflow/.local/lib/python3.12/site-packages/airflow/example_dags/tutorial.py for tasks to queue
[2024-09-15T19:10:56.051+0000] {logging_mixin.py:190} INFO - [2024-09-15T19:10:56.051+0000] {dagbag.py:587} INFO - Filling up the DagBag from /home/airflow/.local/lib/python3.12/site-packages/airflow/example_dags/tutorial.py
[2024-09-15T19:10:56.056+0000] {processor.py:925} INFO - DAG(s) 'tutorial' retrieved from /home/airflow/.local/lib/python3.12/site-packages/airflow/example_dags/tutorial.py
[2024-09-15T19:10:56.067+0000] {logging_mixin.py:190} INFO - [2024-09-15T19:10:56.067+0000] {dag.py:3229} INFO - Sync 1 DAGs
[2024-09-15T19:10:56.079+0000] {logging_mixin.py:190} INFO - [2024-09-15T19:10:56.079+0000] {dag.py:4156} INFO - Setting next_dagrun for tutorial to 2024-09-14 00:00:00+00:00, run_after=2024-09-15 00:00:00+00:00
[2024-09-15T19:10:56.091+0000] {processor.py:208} INFO - Processing /home/airflow/.local/lib/python3.12/site-packages/airflow/example_dags/tutorial.py took 0.046 seconds
[2024-09-15T19:11:26.761+0000] {processor.py:186} INFO - Started process (PID=250) to work on /home/airflow/.local/lib/python3.12/site-packages/airflow/example_dags/tutorial.py
[2024-09-15T19:11:26.762+0000] {processor.py:914} INFO - Processing file /home/airflow/.local/lib/python3.12/site-packages/airflow/example_dags/tutorial.py for tasks to queue
[2024-09-15T19:11:26.765+0000] {logging_mixin.py:190} INFO - [2024-09-15T19:11:26.765+0000] {dagbag.py:587} INFO - Filling up the DagBag from /home/airflow/.local/lib/python3.12/site-packages/airflow/example_dags/tutorial.py
[2024-09-15T19:11:26.772+0000] {processor.py:925} INFO - DAG(s) 'tutorial' retrieved from /home/airflow/.local/lib/python3.12/site-packages/airflow/example_dags/tutorial.py
[2024-09-15T19:11:26.786+0000] {logging_mixin.py:190} INFO - [2024-09-15T19:11:26.786+0000] {dag.py:3229} INFO - Sync 1 DAGs
[2024-09-15T19:11:26.804+0000] {logging_mixin.py:190} INFO - [2024-09-15T19:11:26.804+0000] {dag.py:4156} INFO - Setting next_dagrun for tutorial to 2024-09-14 00:00:00+00:00, run_after=2024-09-15 00:00:00+00:00
[2024-09-15T19:11:26.815+0000] {processor.py:208} INFO - Processing /home/airflow/.local/lib/python3.12/site-packages/airflow/example_dags/tutorial.py took 0.058 seconds
[2024-09-15T19:11:57.753+0000] {processor.py:186} INFO - Started process (PID=312) to work on /home/airflow/.local/lib/python3.12/site-packages/airflow/example_dags/tutorial.py
[2024-09-15T19:11:57.754+0000] {processor.py:914} INFO - Processing file /home/airflow/.local/lib/python3.12/site-packages/airflow/example_dags/tutorial.py for tasks to queue
[2024-09-15T19:11:57.756+0000] {logging_mixin.py:190} INFO - [2024-09-15T19:11:57.756+0000] {dagbag.py:587} INFO - Filling up the DagBag from /home/airflow/.local/lib/python3.12/site-packages/airflow/example_dags/tutorial.py
[2024-09-15T19:11:57.762+0000] {processor.py:925} INFO - DAG(s) 'tutorial' retrieved from /home/airflow/.local/lib/python3.12/site-packages/airflow/example_dags/tutorial.py
[2024-09-15T19:11:57.777+0000] {logging_mixin.py:190} INFO - [2024-09-15T19:11:57.777+0000] {dag.py:3229} INFO - Sync 1 DAGs
[2024-09-15T19:11:57.792+0000] {logging_mixin.py:190} INFO - [2024-09-15T19:11:57.792+0000] {dag.py:4156} INFO - Setting next_dagrun for tutorial to 2024-09-14 00:00:00+00:00, run_after=2024-09-15 00:00:00+00:00
[2024-09-15T19:11:57.805+0000] {processor.py:208} INFO - Processing /home/airflow/.local/lib/python3.12/site-packages/airflow/example_dags/tutorial.py took 0.057 seconds
[2024-09-15T19:12:27.952+0000] {processor.py:186} INFO - Started process (PID=374) to work on /home/airflow/.local/lib/python3.12/site-packages/airflow/example_dags/tutorial.py
[2024-09-15T19:12:27.953+0000] {processor.py:914} INFO - Processing file /home/airflow/.local/lib/python3.12/site-packages/airflow/example_dags/tutorial.py for tasks to queue
[2024-09-15T19:12:27.955+0000] {logging_mixin.py:190} INFO - [2024-09-15T19:12:27.955+0000] {dagbag.py:587} INFO - Filling up the DagBag from /home/airflow/.local/lib/python3.12/site-packages/airflow/example_dags/tutorial.py
[2024-09-15T19:12:27.960+0000] {processor.py:925} INFO - DAG(s) 'tutorial' retrieved from /home/airflow/.local/lib/python3.12/site-packages/airflow/example_dags/tutorial.py
[2024-09-15T19:12:27.972+0000] {logging_mixin.py:190} INFO - [2024-09-15T19:12:27.972+0000] {dag.py:3229} INFO - Sync 1 DAGs
[2024-09-15T19:12:27.983+0000] {logging_mixin.py:190} INFO - [2024-09-15T19:12:27.983+0000] {dag.py:4156} INFO - Setting next_dagrun for tutorial to 2024-09-14 00:00:00+00:00, run_after=2024-09-15 00:00:00+00:00
[2024-09-15T19:12:27.993+0000] {processor.py:208} INFO - Processing /home/airflow/.local/lib/python3.12/site-packages/airflow/example_dags/tutorial.py took 0.044 seconds
[2024-09-15T19:12:58.825+0000] {processor.py:186} INFO - Started process (PID=436) to work on /home/airflow/.local/lib/python3.12/site-packages/airflow/example_dags/tutorial.py
[2024-09-15T19:12:58.827+0000] {processor.py:914} INFO - Processing file /home/airflow/.local/lib/python3.12/site-packages/airflow/example_dags/tutorial.py for tasks to queue
[2024-09-15T19:12:58.830+0000] {logging_mixin.py:190} INFO - [2024-09-15T19:12:58.830+0000] {dagbag.py:587} INFO - Filling up the DagBag from /home/airflow/.local/lib/python3.12/site-packages/airflow/example_dags/tutorial.py
[2024-09-15T19:12:58.837+0000] {processor.py:925} INFO - DAG(s) 'tutorial' retrieved from /home/airflow/.local/lib/python3.12/site-packages/airflow/example_dags/tutorial.py
[2024-09-15T19:12:58.852+0000] {logging_mixin.py:190} INFO - [2024-09-15T19:12:58.852+0000] {dag.py:3229} INFO - Sync 1 DAGs
[2024-09-15T19:12:58.866+0000] {logging_mixin.py:190} INFO - [2024-09-15T19:12:58.866+0000] {dag.py:4156} INFO - Setting next_dagrun for tutorial to 2024-09-14 00:00:00+00:00, run_after=2024-09-15 00:00:00+00:00
[2024-09-15T19:12:58.879+0000] {processor.py:208} INFO - Processing /home/airflow/.local/lib/python3.12/site-packages/airflow/example_dags/tutorial.py took 0.057 seconds
