[2024-09-15T19:08:25.933+0000] {processor.py:186} INFO - Started process (PID=77) to work on /home/airflow/.local/lib/python3.12/site-packages/airflow/example_dags/tutorial_taskflow_api.py
[2024-09-15T19:08:25.935+0000] {processor.py:914} INFO - Processing file /home/airflow/.local/lib/python3.12/site-packages/airflow/example_dags/tutorial_taskflow_api.py for tasks to queue
[2024-09-15T19:08:25.936+0000] {logging_mixin.py:190} INFO - [2024-09-15T19:08:25.936+0000] {dagbag.py:587} INFO - Filling up the DagBag from /home/airflow/.local/lib/python3.12/site-packages/airflow/example_dags/tutorial_taskflow_api.py
[2024-09-15T19:08:25.942+0000] {processor.py:925} INFO - DAG(s) 'tutorial_taskflow_api' retrieved from /home/airflow/.local/lib/python3.12/site-packages/airflow/example_dags/tutorial_taskflow_api.py
[2024-09-15T19:08:26.051+0000] {logging_mixin.py:190} INFO - [2024-09-15T19:08:26.050+0000] {override.py:1900} INFO - Created Permission View: can edit on DAG:tutorial_taskflow_api
[2024-09-15T19:08:26.059+0000] {logging_mixin.py:190} INFO - [2024-09-15T19:08:26.059+0000] {override.py:1900} INFO - Created Permission View: can delete on DAG:tutorial_taskflow_api
[2024-09-15T19:08:26.063+0000] {logging_mixin.py:190} INFO - [2024-09-15T19:08:26.063+0000] {override.py:1900} INFO - Created Permission View: can read on DAG:tutorial_taskflow_api
[2024-09-15T19:08:26.071+0000] {logging_mixin.py:190} INFO - [2024-09-15T19:08:26.071+0000] {override.py:1900} INFO - Created Permission View: can create on DAG Run:tutorial_taskflow_api
[2024-09-15T19:08:26.077+0000] {logging_mixin.py:190} INFO - [2024-09-15T19:08:26.077+0000] {override.py:1900} INFO - Created Permission View: can delete on DAG Run:tutorial_taskflow_api
[2024-09-15T19:08:26.081+0000] {logging_mixin.py:190} INFO - [2024-09-15T19:08:26.081+0000] {override.py:1900} INFO - Created Permission View: menu access on DAG Run:tutorial_taskflow_api
[2024-09-15T19:08:26.086+0000] {logging_mixin.py:190} INFO - [2024-09-15T19:08:26.085+0000] {override.py:1900} INFO - Created Permission View: can read on DAG Run:tutorial_taskflow_api
[2024-09-15T19:08:26.087+0000] {logging_mixin.py:190} INFO - [2024-09-15T19:08:26.087+0000] {dag.py:3229} INFO - Sync 1 DAGs
[2024-09-15T19:08:26.097+0000] {logging_mixin.py:190} INFO - [2024-09-15T19:08:26.097+0000] {dag.py:3252} INFO - Creating ORM DAG for tutorial_taskflow_api
[2024-09-15T19:08:26.099+0000] {logging_mixin.py:190} INFO - [2024-09-15T19:08:26.098+0000] {dag.py:4156} INFO - Setting next_dagrun for tutorial_taskflow_api to None, run_after=None
[2024-09-15T19:08:26.110+0000] {processor.py:208} INFO - Processing /home/airflow/.local/lib/python3.12/site-packages/airflow/example_dags/tutorial_taskflow_api.py took 0.181 seconds
[2024-09-15T19:08:56.198+0000] {processor.py:186} INFO - Started process (PID=139) to work on /home/airflow/.local/lib/python3.12/site-packages/airflow/example_dags/tutorial_taskflow_api.py
[2024-09-15T19:08:56.199+0000] {processor.py:914} INFO - Processing file /home/airflow/.local/lib/python3.12/site-packages/airflow/example_dags/tutorial_taskflow_api.py for tasks to queue
[2024-09-15T19:08:56.201+0000] {logging_mixin.py:190} INFO - [2024-09-15T19:08:56.201+0000] {dagbag.py:587} INFO - Filling up the DagBag from /home/airflow/.local/lib/python3.12/site-packages/airflow/example_dags/tutorial_taskflow_api.py
[2024-09-15T19:08:56.206+0000] {processor.py:925} INFO - DAG(s) 'tutorial_taskflow_api' retrieved from /home/airflow/.local/lib/python3.12/site-packages/airflow/example_dags/tutorial_taskflow_api.py
[2024-09-15T19:08:56.217+0000] {logging_mixin.py:190} INFO - [2024-09-15T19:08:56.217+0000] {dag.py:3229} INFO - Sync 1 DAGs
[2024-09-15T19:08:56.224+0000] {logging_mixin.py:190} INFO - [2024-09-15T19:08:56.224+0000] {dag.py:4156} INFO - Setting next_dagrun for tutorial_taskflow_api to None, run_after=None
[2024-09-15T19:08:56.234+0000] {processor.py:208} INFO - Processing /home/airflow/.local/lib/python3.12/site-packages/airflow/example_dags/tutorial_taskflow_api.py took 0.039 seconds
[2024-09-15T19:09:55.170+0000] {processor.py:186} INFO - Started process (PID=76) to work on /home/airflow/.local/lib/python3.12/site-packages/airflow/example_dags/tutorial_taskflow_api.py
[2024-09-15T19:09:55.174+0000] {processor.py:914} INFO - Processing file /home/airflow/.local/lib/python3.12/site-packages/airflow/example_dags/tutorial_taskflow_api.py for tasks to queue
[2024-09-15T19:09:55.176+0000] {logging_mixin.py:190} INFO - [2024-09-15T19:09:55.175+0000] {dagbag.py:587} INFO - Filling up the DagBag from /home/airflow/.local/lib/python3.12/site-packages/airflow/example_dags/tutorial_taskflow_api.py
[2024-09-15T19:09:55.180+0000] {processor.py:925} INFO - DAG(s) 'tutorial_taskflow_api' retrieved from /home/airflow/.local/lib/python3.12/site-packages/airflow/example_dags/tutorial_taskflow_api.py
[2024-09-15T19:09:55.191+0000] {logging_mixin.py:190} INFO - [2024-09-15T19:09:55.191+0000] {dag.py:3229} INFO - Sync 1 DAGs
[2024-09-15T19:09:55.199+0000] {logging_mixin.py:190} INFO - [2024-09-15T19:09:55.199+0000] {dag.py:4156} INFO - Setting next_dagrun for tutorial_taskflow_api to None, run_after=None
[2024-09-15T19:09:55.209+0000] {processor.py:208} INFO - Processing /home/airflow/.local/lib/python3.12/site-packages/airflow/example_dags/tutorial_taskflow_api.py took 0.044 seconds
[2024-09-15T19:10:25.670+0000] {processor.py:186} INFO - Started process (PID=138) to work on /home/airflow/.local/lib/python3.12/site-packages/airflow/example_dags/tutorial_taskflow_api.py
[2024-09-15T19:10:25.671+0000] {processor.py:914} INFO - Processing file /home/airflow/.local/lib/python3.12/site-packages/airflow/example_dags/tutorial_taskflow_api.py for tasks to queue
[2024-09-15T19:10:25.673+0000] {logging_mixin.py:190} INFO - [2024-09-15T19:10:25.673+0000] {dagbag.py:587} INFO - Filling up the DagBag from /home/airflow/.local/lib/python3.12/site-packages/airflow/example_dags/tutorial_taskflow_api.py
[2024-09-15T19:10:25.678+0000] {processor.py:925} INFO - DAG(s) 'tutorial_taskflow_api' retrieved from /home/airflow/.local/lib/python3.12/site-packages/airflow/example_dags/tutorial_taskflow_api.py
[2024-09-15T19:10:25.689+0000] {logging_mixin.py:190} INFO - [2024-09-15T19:10:25.689+0000] {dag.py:3229} INFO - Sync 1 DAGs
[2024-09-15T19:10:25.697+0000] {logging_mixin.py:190} INFO - [2024-09-15T19:10:25.697+0000] {dag.py:4156} INFO - Setting next_dagrun for tutorial_taskflow_api to None, run_after=None
[2024-09-15T19:10:25.709+0000] {processor.py:208} INFO - Processing /home/airflow/.local/lib/python3.12/site-packages/airflow/example_dags/tutorial_taskflow_api.py took 0.042 seconds
[2024-09-15T19:10:56.474+0000] {processor.py:186} INFO - Started process (PID=200) to work on /home/airflow/.local/lib/python3.12/site-packages/airflow/example_dags/tutorial_taskflow_api.py
[2024-09-15T19:10:56.475+0000] {processor.py:914} INFO - Processing file /home/airflow/.local/lib/python3.12/site-packages/airflow/example_dags/tutorial_taskflow_api.py for tasks to queue
[2024-09-15T19:10:56.477+0000] {logging_mixin.py:190} INFO - [2024-09-15T19:10:56.477+0000] {dagbag.py:587} INFO - Filling up the DagBag from /home/airflow/.local/lib/python3.12/site-packages/airflow/example_dags/tutorial_taskflow_api.py
[2024-09-15T19:10:56.484+0000] {processor.py:925} INFO - DAG(s) 'tutorial_taskflow_api' retrieved from /home/airflow/.local/lib/python3.12/site-packages/airflow/example_dags/tutorial_taskflow_api.py
[2024-09-15T19:10:56.497+0000] {logging_mixin.py:190} INFO - [2024-09-15T19:10:56.497+0000] {dag.py:3229} INFO - Sync 1 DAGs
[2024-09-15T19:10:56.505+0000] {logging_mixin.py:190} INFO - [2024-09-15T19:10:56.505+0000] {dag.py:4156} INFO - Setting next_dagrun for tutorial_taskflow_api to None, run_after=None
[2024-09-15T19:10:56.516+0000] {processor.py:208} INFO - Processing /home/airflow/.local/lib/python3.12/site-packages/airflow/example_dags/tutorial_taskflow_api.py took 0.046 seconds
[2024-09-15T19:11:27.303+0000] {processor.py:186} INFO - Started process (PID=262) to work on /home/airflow/.local/lib/python3.12/site-packages/airflow/example_dags/tutorial_taskflow_api.py
[2024-09-15T19:11:27.305+0000] {processor.py:914} INFO - Processing file /home/airflow/.local/lib/python3.12/site-packages/airflow/example_dags/tutorial_taskflow_api.py for tasks to queue
[2024-09-15T19:11:27.308+0000] {logging_mixin.py:190} INFO - [2024-09-15T19:11:27.308+0000] {dagbag.py:587} INFO - Filling up the DagBag from /home/airflow/.local/lib/python3.12/site-packages/airflow/example_dags/tutorial_taskflow_api.py
[2024-09-15T19:11:27.315+0000] {processor.py:925} INFO - DAG(s) 'tutorial_taskflow_api' retrieved from /home/airflow/.local/lib/python3.12/site-packages/airflow/example_dags/tutorial_taskflow_api.py
[2024-09-15T19:11:27.329+0000] {logging_mixin.py:190} INFO - [2024-09-15T19:11:27.329+0000] {dag.py:3229} INFO - Sync 1 DAGs
[2024-09-15T19:11:27.338+0000] {logging_mixin.py:190} INFO - [2024-09-15T19:11:27.337+0000] {dag.py:4156} INFO - Setting next_dagrun for tutorial_taskflow_api to None, run_after=None
[2024-09-15T19:11:27.350+0000] {processor.py:208} INFO - Processing /home/airflow/.local/lib/python3.12/site-packages/airflow/example_dags/tutorial_taskflow_api.py took 0.053 seconds
[2024-09-15T19:11:58.563+0000] {processor.py:186} INFO - Started process (PID=324) to work on /home/airflow/.local/lib/python3.12/site-packages/airflow/example_dags/tutorial_taskflow_api.py
[2024-09-15T19:11:58.564+0000] {processor.py:914} INFO - Processing file /home/airflow/.local/lib/python3.12/site-packages/airflow/example_dags/tutorial_taskflow_api.py for tasks to queue
[2024-09-15T19:11:58.566+0000] {logging_mixin.py:190} INFO - [2024-09-15T19:11:58.565+0000] {dagbag.py:587} INFO - Filling up the DagBag from /home/airflow/.local/lib/python3.12/site-packages/airflow/example_dags/tutorial_taskflow_api.py
[2024-09-15T19:11:58.571+0000] {processor.py:925} INFO - DAG(s) 'tutorial_taskflow_api' retrieved from /home/airflow/.local/lib/python3.12/site-packages/airflow/example_dags/tutorial_taskflow_api.py
[2024-09-15T19:11:58.583+0000] {logging_mixin.py:190} INFO - [2024-09-15T19:11:58.583+0000] {dag.py:3229} INFO - Sync 1 DAGs
[2024-09-15T19:11:58.592+0000] {logging_mixin.py:190} INFO - [2024-09-15T19:11:58.592+0000] {dag.py:4156} INFO - Setting next_dagrun for tutorial_taskflow_api to None, run_after=None
[2024-09-15T19:11:58.604+0000] {processor.py:208} INFO - Processing /home/airflow/.local/lib/python3.12/site-packages/airflow/example_dags/tutorial_taskflow_api.py took 0.044 seconds
[2024-09-15T19:12:29.410+0000] {processor.py:186} INFO - Started process (PID=386) to work on /home/airflow/.local/lib/python3.12/site-packages/airflow/example_dags/tutorial_taskflow_api.py
[2024-09-15T19:12:29.411+0000] {processor.py:914} INFO - Processing file /home/airflow/.local/lib/python3.12/site-packages/airflow/example_dags/tutorial_taskflow_api.py for tasks to queue
[2024-09-15T19:12:29.413+0000] {logging_mixin.py:190} INFO - [2024-09-15T19:12:29.413+0000] {dagbag.py:587} INFO - Filling up the DagBag from /home/airflow/.local/lib/python3.12/site-packages/airflow/example_dags/tutorial_taskflow_api.py
[2024-09-15T19:12:29.418+0000] {processor.py:925} INFO - DAG(s) 'tutorial_taskflow_api' retrieved from /home/airflow/.local/lib/python3.12/site-packages/airflow/example_dags/tutorial_taskflow_api.py
[2024-09-15T19:12:29.431+0000] {logging_mixin.py:190} INFO - [2024-09-15T19:12:29.430+0000] {dag.py:3229} INFO - Sync 1 DAGs
[2024-09-15T19:12:29.442+0000] {logging_mixin.py:190} INFO - [2024-09-15T19:12:29.442+0000] {dag.py:4156} INFO - Setting next_dagrun for tutorial_taskflow_api to None, run_after=None
[2024-09-15T19:12:29.451+0000] {processor.py:208} INFO - Processing /home/airflow/.local/lib/python3.12/site-packages/airflow/example_dags/tutorial_taskflow_api.py took 0.044 seconds
[2024-09-15T19:13:00.327+0000] {processor.py:186} INFO - Started process (PID=448) to work on /home/airflow/.local/lib/python3.12/site-packages/airflow/example_dags/tutorial_taskflow_api.py
[2024-09-15T19:13:00.328+0000] {processor.py:914} INFO - Processing file /home/airflow/.local/lib/python3.12/site-packages/airflow/example_dags/tutorial_taskflow_api.py for tasks to queue
[2024-09-15T19:13:00.330+0000] {logging_mixin.py:190} INFO - [2024-09-15T19:13:00.330+0000] {dagbag.py:587} INFO - Filling up the DagBag from /home/airflow/.local/lib/python3.12/site-packages/airflow/example_dags/tutorial_taskflow_api.py
[2024-09-15T19:13:00.335+0000] {processor.py:925} INFO - DAG(s) 'tutorial_taskflow_api' retrieved from /home/airflow/.local/lib/python3.12/site-packages/airflow/example_dags/tutorial_taskflow_api.py
[2024-09-15T19:13:00.347+0000] {logging_mixin.py:190} INFO - [2024-09-15T19:13:00.347+0000] {dag.py:3229} INFO - Sync 1 DAGs
[2024-09-15T19:13:00.354+0000] {logging_mixin.py:190} INFO - [2024-09-15T19:13:00.354+0000] {dag.py:4156} INFO - Setting next_dagrun for tutorial_taskflow_api to None, run_after=None
[2024-09-15T19:13:00.368+0000] {processor.py:208} INFO - Processing /home/airflow/.local/lib/python3.12/site-packages/airflow/example_dags/tutorial_taskflow_api.py took 0.045 seconds
