[2024-09-15T19:08:25.062+0000] {processor.py:186} INFO - Started process (PID=67) to work on /home/airflow/.local/lib/python3.12/site-packages/airflow/example_dags/tutorial_objectstorage.py
[2024-09-15T19:08:25.063+0000] {processor.py:914} INFO - Processing file /home/airflow/.local/lib/python3.12/site-packages/airflow/example_dags/tutorial_objectstorage.py for tasks to queue
[2024-09-15T19:08:25.066+0000] {logging_mixin.py:190} INFO - [2024-09-15T19:08:25.066+0000] {dagbag.py:587} INFO - Filling up the DagBag from /home/airflow/.local/lib/python3.12/site-packages/airflow/example_dags/tutorial_objectstorage.py
[2024-09-15T19:08:25.072+0000] {processor.py:925} INFO - DAG(s) 'tutorial_objectstorage' retrieved from /home/airflow/.local/lib/python3.12/site-packages/airflow/example_dags/tutorial_objectstorage.py
[2024-09-15T19:08:25.129+0000] {logging_mixin.py:190} INFO - [2024-09-15T19:08:25.128+0000] {override.py:1900} INFO - Created Permission View: can edit on DAG:tutorial_objectstorage
[2024-09-15T19:08:25.135+0000] {logging_mixin.py:190} INFO - [2024-09-15T19:08:25.135+0000] {override.py:1900} INFO - Created Permission View: can delete on DAG:tutorial_objectstorage
[2024-09-15T19:08:25.139+0000] {logging_mixin.py:190} INFO - [2024-09-15T19:08:25.138+0000] {override.py:1900} INFO - Created Permission View: can read on DAG:tutorial_objectstorage
[2024-09-15T19:08:25.143+0000] {logging_mixin.py:190} INFO - [2024-09-15T19:08:25.143+0000] {override.py:1900} INFO - Created Permission View: can create on DAG Run:tutorial_objectstorage
[2024-09-15T19:08:25.148+0000] {logging_mixin.py:190} INFO - [2024-09-15T19:08:25.148+0000] {override.py:1900} INFO - Created Permission View: can delete on DAG Run:tutorial_objectstorage
[2024-09-15T19:08:25.152+0000] {logging_mixin.py:190} INFO - [2024-09-15T19:08:25.151+0000] {override.py:1900} INFO - Created Permission View: menu access on DAG Run:tutorial_objectstorage
[2024-09-15T19:08:25.156+0000] {logging_mixin.py:190} INFO - [2024-09-15T19:08:25.156+0000] {override.py:1900} INFO - Created Permission View: can read on DAG Run:tutorial_objectstorage
[2024-09-15T19:08:25.156+0000] {logging_mixin.py:190} INFO - [2024-09-15T19:08:25.156+0000] {dag.py:3229} INFO - Sync 1 DAGs
[2024-09-15T19:08:25.165+0000] {logging_mixin.py:190} INFO - [2024-09-15T19:08:25.165+0000] {dag.py:3252} INFO - Creating ORM DAG for tutorial_objectstorage
[2024-09-15T19:08:25.166+0000] {logging_mixin.py:190} INFO - [2024-09-15T19:08:25.166+0000] {dag.py:4156} INFO - Setting next_dagrun for tutorial_objectstorage to None, run_after=None
[2024-09-15T19:08:25.175+0000] {processor.py:208} INFO - Processing /home/airflow/.local/lib/python3.12/site-packages/airflow/example_dags/tutorial_objectstorage.py took 0.117 seconds
[2024-09-15T19:08:55.762+0000] {processor.py:186} INFO - Started process (PID=129) to work on /home/airflow/.local/lib/python3.12/site-packages/airflow/example_dags/tutorial_objectstorage.py
[2024-09-15T19:08:55.763+0000] {processor.py:914} INFO - Processing file /home/airflow/.local/lib/python3.12/site-packages/airflow/example_dags/tutorial_objectstorage.py for tasks to queue
[2024-09-15T19:08:55.765+0000] {logging_mixin.py:190} INFO - [2024-09-15T19:08:55.764+0000] {dagbag.py:587} INFO - Filling up the DagBag from /home/airflow/.local/lib/python3.12/site-packages/airflow/example_dags/tutorial_objectstorage.py
[2024-09-15T19:08:55.770+0000] {processor.py:925} INFO - DAG(s) 'tutorial_objectstorage' retrieved from /home/airflow/.local/lib/python3.12/site-packages/airflow/example_dags/tutorial_objectstorage.py
[2024-09-15T19:08:55.782+0000] {logging_mixin.py:190} INFO - [2024-09-15T19:08:55.782+0000] {dag.py:3229} INFO - Sync 1 DAGs
[2024-09-15T19:08:55.790+0000] {logging_mixin.py:190} INFO - [2024-09-15T19:08:55.790+0000] {dag.py:4156} INFO - Setting next_dagrun for tutorial_objectstorage to None, run_after=None
[2024-09-15T19:08:55.801+0000] {processor.py:208} INFO - Processing /home/airflow/.local/lib/python3.12/site-packages/airflow/example_dags/tutorial_objectstorage.py took 0.043 seconds
[2024-09-15T19:09:54.651+0000] {processor.py:186} INFO - Started process (PID=66) to work on /home/airflow/.local/lib/python3.12/site-packages/airflow/example_dags/tutorial_objectstorage.py
[2024-09-15T19:09:54.653+0000] {processor.py:914} INFO - Processing file /home/airflow/.local/lib/python3.12/site-packages/airflow/example_dags/tutorial_objectstorage.py for tasks to queue
[2024-09-15T19:09:54.655+0000] {logging_mixin.py:190} INFO - [2024-09-15T19:09:54.654+0000] {dagbag.py:587} INFO - Filling up the DagBag from /home/airflow/.local/lib/python3.12/site-packages/airflow/example_dags/tutorial_objectstorage.py
[2024-09-15T19:09:54.660+0000] {processor.py:925} INFO - DAG(s) 'tutorial_objectstorage' retrieved from /home/airflow/.local/lib/python3.12/site-packages/airflow/example_dags/tutorial_objectstorage.py
[2024-09-15T19:09:54.672+0000] {logging_mixin.py:190} INFO - [2024-09-15T19:09:54.671+0000] {dag.py:3229} INFO - Sync 1 DAGs
[2024-09-15T19:09:54.680+0000] {logging_mixin.py:190} INFO - [2024-09-15T19:09:54.680+0000] {dag.py:4156} INFO - Setting next_dagrun for tutorial_objectstorage to None, run_after=None
[2024-09-15T19:09:54.690+0000] {processor.py:208} INFO - Processing /home/airflow/.local/lib/python3.12/site-packages/airflow/example_dags/tutorial_objectstorage.py took 0.043 seconds
[2024-09-15T19:10:25.323+0000] {processor.py:186} INFO - Started process (PID=128) to work on /home/airflow/.local/lib/python3.12/site-packages/airflow/example_dags/tutorial_objectstorage.py
[2024-09-15T19:10:25.325+0000] {processor.py:914} INFO - Processing file /home/airflow/.local/lib/python3.12/site-packages/airflow/example_dags/tutorial_objectstorage.py for tasks to queue
[2024-09-15T19:10:25.327+0000] {logging_mixin.py:190} INFO - [2024-09-15T19:10:25.326+0000] {dagbag.py:587} INFO - Filling up the DagBag from /home/airflow/.local/lib/python3.12/site-packages/airflow/example_dags/tutorial_objectstorage.py
[2024-09-15T19:10:25.334+0000] {processor.py:925} INFO - DAG(s) 'tutorial_objectstorage' retrieved from /home/airflow/.local/lib/python3.12/site-packages/airflow/example_dags/tutorial_objectstorage.py
[2024-09-15T19:10:25.345+0000] {logging_mixin.py:190} INFO - [2024-09-15T19:10:25.345+0000] {dag.py:3229} INFO - Sync 1 DAGs
[2024-09-15T19:10:25.353+0000] {logging_mixin.py:190} INFO - [2024-09-15T19:10:25.352+0000] {dag.py:4156} INFO - Setting next_dagrun for tutorial_objectstorage to None, run_after=None
[2024-09-15T19:10:25.363+0000] {processor.py:208} INFO - Processing /home/airflow/.local/lib/python3.12/site-packages/airflow/example_dags/tutorial_objectstorage.py took 0.042 seconds
[2024-09-15T19:10:56.110+0000] {processor.py:186} INFO - Started process (PID=190) to work on /home/airflow/.local/lib/python3.12/site-packages/airflow/example_dags/tutorial_objectstorage.py
[2024-09-15T19:10:56.111+0000] {processor.py:914} INFO - Processing file /home/airflow/.local/lib/python3.12/site-packages/airflow/example_dags/tutorial_objectstorage.py for tasks to queue
[2024-09-15T19:10:56.113+0000] {logging_mixin.py:190} INFO - [2024-09-15T19:10:56.113+0000] {dagbag.py:587} INFO - Filling up the DagBag from /home/airflow/.local/lib/python3.12/site-packages/airflow/example_dags/tutorial_objectstorage.py
[2024-09-15T19:10:56.118+0000] {processor.py:925} INFO - DAG(s) 'tutorial_objectstorage' retrieved from /home/airflow/.local/lib/python3.12/site-packages/airflow/example_dags/tutorial_objectstorage.py
[2024-09-15T19:10:56.129+0000] {logging_mixin.py:190} INFO - [2024-09-15T19:10:56.129+0000] {dag.py:3229} INFO - Sync 1 DAGs
[2024-09-15T19:10:56.137+0000] {logging_mixin.py:190} INFO - [2024-09-15T19:10:56.137+0000] {dag.py:4156} INFO - Setting next_dagrun for tutorial_objectstorage to None, run_after=None
[2024-09-15T19:10:56.147+0000] {processor.py:208} INFO - Processing /home/airflow/.local/lib/python3.12/site-packages/airflow/example_dags/tutorial_objectstorage.py took 0.040 seconds
[2024-09-15T19:11:26.834+0000] {processor.py:186} INFO - Started process (PID=252) to work on /home/airflow/.local/lib/python3.12/site-packages/airflow/example_dags/tutorial_objectstorage.py
[2024-09-15T19:11:26.836+0000] {processor.py:914} INFO - Processing file /home/airflow/.local/lib/python3.12/site-packages/airflow/example_dags/tutorial_objectstorage.py for tasks to queue
[2024-09-15T19:11:26.838+0000] {logging_mixin.py:190} INFO - [2024-09-15T19:11:26.838+0000] {dagbag.py:587} INFO - Filling up the DagBag from /home/airflow/.local/lib/python3.12/site-packages/airflow/example_dags/tutorial_objectstorage.py
[2024-09-15T19:11:26.843+0000] {processor.py:925} INFO - DAG(s) 'tutorial_objectstorage' retrieved from /home/airflow/.local/lib/python3.12/site-packages/airflow/example_dags/tutorial_objectstorage.py
[2024-09-15T19:11:26.855+0000] {logging_mixin.py:190} INFO - [2024-09-15T19:11:26.855+0000] {dag.py:3229} INFO - Sync 1 DAGs
[2024-09-15T19:11:26.863+0000] {logging_mixin.py:190} INFO - [2024-09-15T19:11:26.863+0000] {dag.py:4156} INFO - Setting next_dagrun for tutorial_objectstorage to None, run_after=None
[2024-09-15T19:11:26.874+0000] {processor.py:208} INFO - Processing /home/airflow/.local/lib/python3.12/site-packages/airflow/example_dags/tutorial_objectstorage.py took 0.043 seconds
[2024-09-15T19:11:57.857+0000] {processor.py:186} INFO - Started process (PID=314) to work on /home/airflow/.local/lib/python3.12/site-packages/airflow/example_dags/tutorial_objectstorage.py
[2024-09-15T19:11:57.863+0000] {processor.py:914} INFO - Processing file /home/airflow/.local/lib/python3.12/site-packages/airflow/example_dags/tutorial_objectstorage.py for tasks to queue
[2024-09-15T19:11:57.869+0000] {logging_mixin.py:190} INFO - [2024-09-15T19:11:57.868+0000] {dagbag.py:587} INFO - Filling up the DagBag from /home/airflow/.local/lib/python3.12/site-packages/airflow/example_dags/tutorial_objectstorage.py
[2024-09-15T19:11:57.892+0000] {processor.py:925} INFO - DAG(s) 'tutorial_objectstorage' retrieved from /home/airflow/.local/lib/python3.12/site-packages/airflow/example_dags/tutorial_objectstorage.py
[2024-09-15T19:11:57.919+0000] {logging_mixin.py:190} INFO - [2024-09-15T19:11:57.919+0000] {dag.py:3229} INFO - Sync 1 DAGs
[2024-09-15T19:11:57.940+0000] {logging_mixin.py:190} INFO - [2024-09-15T19:11:57.940+0000] {dag.py:4156} INFO - Setting next_dagrun for tutorial_objectstorage to None, run_after=None
[2024-09-15T19:11:57.967+0000] {processor.py:208} INFO - Processing /home/airflow/.local/lib/python3.12/site-packages/airflow/example_dags/tutorial_objectstorage.py took 0.122 seconds
[2024-09-15T19:12:28.012+0000] {processor.py:186} INFO - Started process (PID=375) to work on /home/airflow/.local/lib/python3.12/site-packages/airflow/example_dags/tutorial_objectstorage.py
[2024-09-15T19:12:28.013+0000] {processor.py:914} INFO - Processing file /home/airflow/.local/lib/python3.12/site-packages/airflow/example_dags/tutorial_objectstorage.py for tasks to queue
[2024-09-15T19:12:28.014+0000] {logging_mixin.py:190} INFO - [2024-09-15T19:12:28.014+0000] {dagbag.py:587} INFO - Filling up the DagBag from /home/airflow/.local/lib/python3.12/site-packages/airflow/example_dags/tutorial_objectstorage.py
[2024-09-15T19:12:28.020+0000] {processor.py:925} INFO - DAG(s) 'tutorial_objectstorage' retrieved from /home/airflow/.local/lib/python3.12/site-packages/airflow/example_dags/tutorial_objectstorage.py
[2024-09-15T19:12:28.030+0000] {logging_mixin.py:190} INFO - [2024-09-15T19:12:28.030+0000] {dag.py:3229} INFO - Sync 1 DAGs
[2024-09-15T19:12:28.037+0000] {logging_mixin.py:190} INFO - [2024-09-15T19:12:28.037+0000] {dag.py:4156} INFO - Setting next_dagrun for tutorial_objectstorage to None, run_after=None
[2024-09-15T19:12:28.046+0000] {processor.py:208} INFO - Processing /home/airflow/.local/lib/python3.12/site-packages/airflow/example_dags/tutorial_objectstorage.py took 0.037 seconds
[2024-09-15T19:12:58.847+0000] {processor.py:186} INFO - Started process (PID=437) to work on /home/airflow/.local/lib/python3.12/site-packages/airflow/example_dags/tutorial_objectstorage.py
[2024-09-15T19:12:58.848+0000] {processor.py:914} INFO - Processing file /home/airflow/.local/lib/python3.12/site-packages/airflow/example_dags/tutorial_objectstorage.py for tasks to queue
[2024-09-15T19:12:58.851+0000] {logging_mixin.py:190} INFO - [2024-09-15T19:12:58.851+0000] {dagbag.py:587} INFO - Filling up the DagBag from /home/airflow/.local/lib/python3.12/site-packages/airflow/example_dags/tutorial_objectstorage.py
[2024-09-15T19:12:58.857+0000] {processor.py:925} INFO - DAG(s) 'tutorial_objectstorage' retrieved from /home/airflow/.local/lib/python3.12/site-packages/airflow/example_dags/tutorial_objectstorage.py
[2024-09-15T19:12:58.870+0000] {logging_mixin.py:190} INFO - [2024-09-15T19:12:58.870+0000] {dag.py:3229} INFO - Sync 1 DAGs
[2024-09-15T19:12:58.878+0000] {logging_mixin.py:190} INFO - [2024-09-15T19:12:58.877+0000] {dag.py:4156} INFO - Setting next_dagrun for tutorial_objectstorage to None, run_after=None
[2024-09-15T19:12:58.891+0000] {processor.py:208} INFO - Processing /home/airflow/.local/lib/python3.12/site-packages/airflow/example_dags/tutorial_objectstorage.py took 0.048 seconds
