[2024-09-22T11:39:03.026+0000] {local_task_job_runner.py:123} INFO - ::group::Pre task execution logs
[2024-09-22T11:39:03.044+0000] {taskinstance.py:2612} INFO - Dependencies all met for dep_context=non-requeueable deps ti=<TaskInstance: etl_dag.echo_task manual__2024-09-22T11:38:57.791553+00:00 [queued]>
[2024-09-22T11:39:03.055+0000] {taskinstance.py:2612} INFO - Dependencies all met for dep_context=requeueable deps ti=<TaskInstance: etl_dag.echo_task manual__2024-09-22T11:38:57.791553+00:00 [queued]>
[2024-09-22T11:39:03.056+0000] {taskinstance.py:2865} INFO - Starting attempt 1 of 2
[2024-09-22T11:39:03.069+0000] {taskinstance.py:2888} INFO - Executing <Task(BashOperator): echo_task> on 2024-09-22 11:38:57.791553+00:00
[2024-09-22T11:39:03.073+0000] {warnings.py:112} WARNING - /home/***/.local/lib/python3.12/site-packages/***/task/task_runner/standard_task_runner.py:70: DeprecationWarning: This process (pid=1222) is multi-threaded, use of fork() may lead to deadlocks in the child.
  pid = os.fork()

[2024-09-22T11:39:03.074+0000] {standard_task_runner.py:104} INFO - Running: ['***', 'tasks', 'run', 'etl_dag', 'echo_task', 'manual__2024-09-22T11:38:57.791553+00:00', '--job-id', '580', '--raw', '--subdir', 'DAGS_FOLDER/etl_dag.py', '--cfg-path', '/tmp/tmp4dqdtdtw']
[2024-09-22T11:39:03.075+0000] {standard_task_runner.py:72} INFO - Started process 1223 to run task
[2024-09-22T11:39:03.076+0000] {standard_task_runner.py:105} INFO - Job 580: Subtask echo_task
[2024-09-22T11:39:03.144+0000] {task_command.py:467} INFO - Running <TaskInstance: etl_dag.echo_task manual__2024-09-22T11:38:57.791553+00:00 [running]> on host 6e2558f7c62d
[2024-09-22T11:39:03.240+0000] {taskinstance.py:3131} INFO - Exporting env vars: AIRFLOW_CTX_DAG_OWNER='***' AIRFLOW_CTX_DAG_ID='etl_dag' AIRFLOW_CTX_TASK_ID='echo_task' AIRFLOW_CTX_EXECUTION_DATE='2024-09-22T11:38:57.791553+00:00' AIRFLOW_CTX_TRY_NUMBER='1' AIRFLOW_CTX_DAG_RUN_ID='manual__2024-09-22T11:38:57.791553+00:00'
[2024-09-22T11:39:03.241+0000] {taskinstance.py:731} INFO - ::endgroup::
[2024-09-22T11:39:03.244+0000] {subprocess.py:63} INFO - Tmp dir root location: /tmp
[2024-09-22T11:39:03.245+0000] {subprocess.py:75} INFO - Running command: ['/usr/bin/bash', '-c', "echo [{'cust_id': 'E53f3ca8f8fD5F6', 'name': 'Traci Hickman', 'sex': 'Female', 'age': 18, 'address': '1472 Gibson Fields Suite 455', 'phone': '+1-440-342-7691', 'job': 'Public relations account executive'}, {'cust_id': 'c1dfE3FF012B8dc', 'name': 'Mr. Shannon Pacheco', 'sex': 'Female', 'age': 40, 'address': '720 Irwin Cove', 'phone': '(508)695-4895x83118', 'job': 'Designer, furniture'}, {'cust_id': '6f295bfC45FAD7D', 'name': 'Darren Yang', 'sex': 'Male', 'age': 46, 'address': '2715 Richardson Heights Suite 917', 'phone': '(558)309-8405x20143', 'job': 'Call centre manager'}, {'cust_id': 'a9808DA0FACA2ce', 'name': 'Ms. Margaret Sparks DDS', 'sex': 'Female', 'age': 32, 'address': '697 Virginia Prairie Apt. 350', 'phone': '393.798.4928x259', 'job': 'Recruitment consultant'}, {'cust_id': '5c8EC63B305B000', 'name': 'Rodney Contreras', 'sex': 'Male', 'age': 37, 'address': '473 Arnold Trace', 'phone': '323-502-9748x9272', 'job': 'Petroleum engineer'}]"]
[2024-09-22T11:39:03.253+0000] {subprocess.py:86} INFO - Output:
[2024-09-22T11:39:03.256+0000] {subprocess.py:93} INFO - [{cust_id: E53f3ca8f8fD5F6, name: Traci Hickman, sex: Female, age: 18, address: 1472 Gibson Fields Suite 455, phone: +1-440-342-7691, job: Public relations account executive}, {cust_id: c1dfE3FF012B8dc, name: Mr. Shannon Pacheco, sex: Female, age: 40, address: 720 Irwin Cove, phone: (508)695-4895x83118, job: Designer, furniture}, {cust_id: 6f295bfC45FAD7D, name: Darren Yang, sex: Male, age: 46, address: 2715 Richardson Heights Suite 917, phone: (558)309-8405x20143, job: Call centre manager}, {cust_id: a9808DA0FACA2ce, name: Ms. Margaret Sparks DDS, sex: Female, age: 32, address: 697 Virginia Prairie Apt. 350, phone: 393.798.4928x259, job: Recruitment consultant}, {cust_id: 5c8EC63B305B000, name: Rodney Contreras, sex: Male, age: 37, address: 473 Arnold Trace, phone: 323-502-9748x9272, job: Petroleum engineer}]
[2024-09-22T11:39:03.258+0000] {subprocess.py:97} INFO - Command exited with return code 0
[2024-09-22T11:39:03.287+0000] {taskinstance.py:340} INFO - ::group::Post task execution logs
[2024-09-22T11:39:03.288+0000] {taskinstance.py:352} INFO - Marking task as SUCCESS. dag_id=etl_dag, task_id=echo_task, run_id=manual__2024-09-22T11:38:57.791553+00:00, execution_date=20240922T113857, start_date=20240922T113903, end_date=20240922T113903
[2024-09-22T11:39:03.346+0000] {local_task_job_runner.py:266} INFO - Task exited with return code 0
[2024-09-22T11:39:03.373+0000] {taskinstance.py:3900} INFO - 1 downstream tasks scheduled from follow-on schedule check
[2024-09-22T11:39:03.375+0000] {local_task_job_runner.py:245} INFO - ::endgroup::
