[2024-09-22T13:05:37.796+0000] {local_task_job_runner.py:123} INFO - ::group::Pre task execution logs
[2024-09-22T13:05:37.825+0000] {taskinstance.py:2612} INFO - Dependencies all met for dep_context=non-requeueable deps ti=<TaskInstance: create_table_dag.create_sum_table manual__2024-09-22T13:05:34.942796+00:00 [queued]>
[2024-09-22T13:05:37.850+0000] {taskinstance.py:2612} INFO - Dependencies all met for dep_context=requeueable deps ti=<TaskInstance: create_table_dag.create_sum_table manual__2024-09-22T13:05:34.942796+00:00 [queued]>
[2024-09-22T13:05:37.858+0000] {taskinstance.py:2865} INFO - Starting attempt 1 of 2
[2024-09-22T13:05:37.875+0000] {taskinstance.py:2888} INFO - Executing <Task(SQLExecuteQueryOperator): create_sum_table> on 2024-09-22 13:05:34.942796+00:00
[2024-09-22T13:05:37.881+0000] {warnings.py:112} WARNING - /home/***/.local/lib/python3.12/site-packages/***/task/task_runner/standard_task_runner.py:70: DeprecationWarning: This process (pid=3295) is multi-threaded, use of fork() may lead to deadlocks in the child.
  pid = os.fork()

[2024-09-22T13:05:37.887+0000] {standard_task_runner.py:72} INFO - Started process 3301 to run task
[2024-09-22T13:05:37.887+0000] {standard_task_runner.py:104} INFO - Running: ['***', 'tasks', 'run', 'create_table_dag', 'create_sum_table', 'manual__2024-09-22T13:05:34.942796+00:00', '--job-id', '895', '--raw', '--subdir', 'DAGS_FOLDER/create_table_dag.py', '--cfg-path', '/tmp/tmpmzp33dpa']
[2024-09-22T13:05:37.893+0000] {standard_task_runner.py:105} INFO - Job 895: Subtask create_sum_table
[2024-09-22T13:05:38.001+0000] {task_command.py:467} INFO - Running <TaskInstance: create_table_dag.create_sum_table manual__2024-09-22T13:05:34.942796+00:00 [running]> on host 6e2558f7c62d
[2024-09-22T13:05:38.097+0000] {taskinstance.py:3131} INFO - Exporting env vars: AIRFLOW_CTX_DAG_OWNER='***' AIRFLOW_CTX_DAG_ID='create_table_dag' AIRFLOW_CTX_TASK_ID='create_sum_table' AIRFLOW_CTX_EXECUTION_DATE='2024-09-22T13:05:34.942796+00:00' AIRFLOW_CTX_TRY_NUMBER='1' AIRFLOW_CTX_DAG_RUN_ID='manual__2024-09-22T13:05:34.942796+00:00'
[2024-09-22T13:05:38.099+0000] {taskinstance.py:731} INFO - ::endgroup::
[2024-09-22T13:05:38.101+0000] {sql.py:266} INFO - Executing: drop table if exists SUM;

create table SUM (
    cust_id varchar PRIMARY KEY,
    count smallint,
    sum real
);
[2024-09-22T13:05:38.110+0000] {base.py:84} INFO - Retrieving connection 'postgres_localhost'
[2024-09-22T13:05:38.122+0000] {base.py:84} INFO - Retrieving connection 'postgres_localhost'
[2024-09-22T13:05:38.129+0000] {sql.py:509} INFO - Running statement: drop table if exists SUM;

create table SUM (
    cust_id varchar PRIMARY KEY,
    count smallint,
    sum real
);, parameters: None
[2024-09-22T13:05:38.145+0000] {taskinstance.py:340} INFO - ::group::Post task execution logs
[2024-09-22T13:05:38.146+0000] {taskinstance.py:352} INFO - Marking task as SUCCESS. dag_id=create_table_dag, task_id=create_sum_table, run_id=manual__2024-09-22T13:05:34.942796+00:00, execution_date=20240922T130534, start_date=20240922T130537, end_date=20240922T130538
[2024-09-22T13:05:38.165+0000] {local_task_job_runner.py:266} INFO - Task exited with return code 0
[2024-09-22T13:05:38.186+0000] {taskinstance.py:3900} INFO - 1 downstream tasks scheduled from follow-on schedule check
[2024-09-22T13:05:38.187+0000] {local_task_job_runner.py:245} INFO - ::endgroup::
