[2024-09-19T10:45:39.296+0000] {local_task_job_runner.py:123} INFO - ::group::Pre task execution logs
[2024-09-19T10:45:39.465+0000] {taskinstance.py:2612} INFO - Dependencies all met for dep_context=non-requeueable deps ti=<TaskInstance: first_dag.third_task scheduled__2024-09-15T00:00:00+00:00 [queued]>
[2024-09-19T10:45:39.505+0000] {taskinstance.py:2612} INFO - Dependencies all met for dep_context=requeueable deps ti=<TaskInstance: first_dag.third_task scheduled__2024-09-15T00:00:00+00:00 [queued]>
[2024-09-19T10:45:39.509+0000] {taskinstance.py:2865} INFO - Starting attempt 1 of 6
[2024-09-19T10:45:39.623+0000] {taskinstance.py:2888} INFO - Executing <Task(BashOperator): third_task> on 2024-09-15 00:00:00+00:00
[2024-09-19T10:45:39.656+0000] {warnings.py:112} WARNING - /home/***/.local/lib/python3.12/site-packages/***/task/task_runner/standard_task_runner.py:70: DeprecationWarning: This process (pid=555) is multi-threaded, use of fork() may lead to deadlocks in the child.
  pid = os.fork()

[2024-09-19T10:45:39.695+0000] {standard_task_runner.py:72} INFO - Started process 570 to run task
[2024-09-19T10:45:39.686+0000] {standard_task_runner.py:104} INFO - Running: ['***', 'tasks', 'run', 'first_dag', 'third_task', 'scheduled__2024-09-15T00:00:00+00:00', '--job-id', '166', '--raw', '--subdir', 'DAGS_FOLDER/first_dag.py', '--cfg-path', '/tmp/tmp7tm4s6dx']
[2024-09-19T10:45:39.699+0000] {standard_task_runner.py:105} INFO - Job 166: Subtask third_task
[2024-09-19T10:45:39.928+0000] {task_command.py:467} INFO - Running <TaskInstance: first_dag.third_task scheduled__2024-09-15T00:00:00+00:00 [running]> on host 77aa4aabff6e
[2024-09-19T10:45:40.391+0000] {taskinstance.py:3131} INFO - Exporting env vars: AIRFLOW_CTX_DAG_OWNER='***' AIRFLOW_CTX_DAG_ID='first_dag' AIRFLOW_CTX_TASK_ID='third_task' AIRFLOW_CTX_EXECUTION_DATE='2024-09-15T00:00:00+00:00' AIRFLOW_CTX_TRY_NUMBER='1' AIRFLOW_CTX_DAG_RUN_ID='scheduled__2024-09-15T00:00:00+00:00'
[2024-09-19T10:45:40.442+0000] {taskinstance.py:731} INFO - ::endgroup::
[2024-09-19T10:45:40.495+0000] {subprocess.py:63} INFO - Tmp dir root location: /tmp
[2024-09-19T10:45:40.504+0000] {subprocess.py:75} INFO - Running command: ['/usr/bin/bash', '-c', 'echo this is task 3 and i will run after task 1']
[2024-09-19T10:45:40.536+0000] {subprocess.py:86} INFO - Output:
[2024-09-19T10:45:40.554+0000] {subprocess.py:93} INFO - this is task 3 and i will run after task 1
[2024-09-19T10:45:40.557+0000] {subprocess.py:97} INFO - Command exited with return code 0
[2024-09-19T10:45:40.909+0000] {taskinstance.py:340} INFO - ::group::Post task execution logs
[2024-09-19T10:45:40.926+0000] {taskinstance.py:352} INFO - Marking task as SUCCESS. dag_id=first_dag, task_id=third_task, run_id=scheduled__2024-09-15T00:00:00+00:00, execution_date=20240915T000000, start_date=20240919T104539, end_date=20240919T104540
[2024-09-19T10:45:41.286+0000] {local_task_job_runner.py:266} INFO - Task exited with return code 0
[2024-09-19T10:45:41.421+0000] {taskinstance.py:3900} INFO - 0 downstream tasks scheduled from follow-on schedule check
[2024-09-19T10:45:41.455+0000] {local_task_job_runner.py:245} INFO - ::endgroup::
