[2024-09-22T12:57:43.999+0000] {local_task_job_runner.py:123} INFO - ::group::Pre task execution logs
[2024-09-22T12:57:44.013+0000] {taskinstance.py:2612} INFO - Dependencies all met for dep_context=non-requeueable deps ti=<TaskInstance: etl_dag.load manual__2024-09-22T12:57:34.968657+00:00 [queued]>
[2024-09-22T12:57:44.020+0000] {taskinstance.py:2612} INFO - Dependencies all met for dep_context=requeueable deps ti=<TaskInstance: etl_dag.load manual__2024-09-22T12:57:34.968657+00:00 [queued]>
[2024-09-22T12:57:44.020+0000] {taskinstance.py:2865} INFO - Starting attempt 1 of 2
[2024-09-22T12:57:44.029+0000] {taskinstance.py:2888} INFO - Executing <Task(_PythonDecoratedOperator): load> on 2024-09-22 12:57:34.968657+00:00
[2024-09-22T12:57:44.033+0000] {warnings.py:112} WARNING - /home/***/.local/lib/python3.12/site-packages/***/task/task_runner/standard_task_runner.py:70: DeprecationWarning: This process (pid=3132) is multi-threaded, use of fork() may lead to deadlocks in the child.
  pid = os.fork()

[2024-09-22T12:57:44.035+0000] {standard_task_runner.py:72} INFO - Started process 3133 to run task
[2024-09-22T12:57:44.035+0000] {standard_task_runner.py:104} INFO - Running: ['***', 'tasks', 'run', 'etl_dag', 'load', 'manual__2024-09-22T12:57:34.968657+00:00', '--job-id', '872', '--raw', '--subdir', 'DAGS_FOLDER/etl_dag.py', '--cfg-path', '/tmp/tmpzqhjxf72']
[2024-09-22T12:57:44.037+0000] {standard_task_runner.py:105} INFO - Job 872: Subtask load
[2024-09-22T12:57:44.080+0000] {task_command.py:467} INFO - Running <TaskInstance: etl_dag.load manual__2024-09-22T12:57:34.968657+00:00 [running]> on host 6e2558f7c62d
[2024-09-22T12:57:44.137+0000] {taskinstance.py:3131} INFO - Exporting env vars: AIRFLOW_CTX_DAG_OWNER='***' AIRFLOW_CTX_DAG_ID='etl_dag' AIRFLOW_CTX_TASK_ID='load' AIRFLOW_CTX_EXECUTION_DATE='2024-09-22T12:57:34.968657+00:00' AIRFLOW_CTX_TRY_NUMBER='1' AIRFLOW_CTX_DAG_RUN_ID='manual__2024-09-22T12:57:34.968657+00:00'
[2024-09-22T12:57:44.138+0000] {taskinstance.py:731} INFO - ::endgroup::
[2024-09-22T12:57:44.171+0000] {logging_mixin.py:190} INFO - db ok
[2024-09-22T12:57:44.172+0000] {logging_mixin.py:190} INFO - {'cust_id': 'f07b5AD8Ac0e662', 'name': 'Mr. Cesar Stephenson Jr.', 'sex': 'Male', 'age': 10, 'address': '455 Barnes Coves Apt. 106', 'phone': '882-603-6180x08658', 'job': 'Investment banker, operational'}
[2024-09-22T12:57:44.173+0000] {logging_mixin.py:190} INFO - {'cust_id': '85203cd590E4cEa', 'name': 'Miss Misty Strickland DVM', 'sex': 'Male', 'age': 26, 'address': '9434 Park Place Apt. 768', 'phone': '001-224-522-8072x138', 'job': 'Runner, broadcasting/film/video'}
[2024-09-22T12:57:44.183+0000] {python.py:240} INFO - Done. Returned value was: None
[2024-09-22T12:57:44.194+0000] {taskinstance.py:340} INFO - ::group::Post task execution logs
[2024-09-22T12:57:44.195+0000] {taskinstance.py:352} INFO - Marking task as SUCCESS. dag_id=etl_dag, task_id=load, run_id=manual__2024-09-22T12:57:34.968657+00:00, execution_date=20240922T125734, start_date=20240922T125744, end_date=20240922T125744
[2024-09-22T12:57:44.215+0000] {local_task_job_runner.py:266} INFO - Task exited with return code 0
[2024-09-22T12:57:44.240+0000] {taskinstance.py:3900} INFO - 1 downstream tasks scheduled from follow-on schedule check
[2024-09-22T12:57:44.242+0000] {local_task_job_runner.py:245} INFO - ::endgroup::
