[2024-09-22T11:37:33.604+0000] {local_task_job_runner.py:123} INFO - ::group::Pre task execution logs
[2024-09-22T11:37:33.616+0000] {taskinstance.py:2612} INFO - Dependencies all met for dep_context=non-requeueable deps ti=<TaskInstance: etl_dag.echo_task manual__2024-09-22T11:37:28.630661+00:00 [queued]>
[2024-09-22T11:37:33.622+0000] {taskinstance.py:2612} INFO - Dependencies all met for dep_context=requeueable deps ti=<TaskInstance: etl_dag.echo_task manual__2024-09-22T11:37:28.630661+00:00 [queued]>
[2024-09-22T11:37:33.623+0000] {taskinstance.py:2865} INFO - Starting attempt 1 of 2
[2024-09-22T11:37:33.634+0000] {taskinstance.py:2888} INFO - Executing <Task(BashOperator): echo_task> on 2024-09-22 11:37:28.630661+00:00
[2024-09-22T11:37:33.638+0000] {warnings.py:112} WARNING - /home/***/.local/lib/python3.12/site-packages/***/task/task_runner/standard_task_runner.py:70: DeprecationWarning: This process (pid=1173) is multi-threaded, use of fork() may lead to deadlocks in the child.
  pid = os.fork()

[2024-09-22T11:37:33.639+0000] {standard_task_runner.py:72} INFO - Started process 1174 to run task
[2024-09-22T11:37:33.639+0000] {standard_task_runner.py:104} INFO - Running: ['***', 'tasks', 'run', 'etl_dag', 'echo_task', 'manual__2024-09-22T11:37:28.630661+00:00', '--job-id', '571', '--raw', '--subdir', 'DAGS_FOLDER/etl_dag.py', '--cfg-path', '/tmp/tmpmlwy1ekq']
[2024-09-22T11:37:33.641+0000] {standard_task_runner.py:105} INFO - Job 571: Subtask echo_task
[2024-09-22T11:37:33.677+0000] {task_command.py:467} INFO - Running <TaskInstance: etl_dag.echo_task manual__2024-09-22T11:37:28.630661+00:00 [running]> on host 6e2558f7c62d
[2024-09-22T11:37:33.751+0000] {taskinstance.py:3131} INFO - Exporting env vars: AIRFLOW_CTX_DAG_OWNER='***' AIRFLOW_CTX_DAG_ID='etl_dag' AIRFLOW_CTX_TASK_ID='echo_task' AIRFLOW_CTX_EXECUTION_DATE='2024-09-22T11:37:28.630661+00:00' AIRFLOW_CTX_TRY_NUMBER='1' AIRFLOW_CTX_DAG_RUN_ID='manual__2024-09-22T11:37:28.630661+00:00'
[2024-09-22T11:37:33.753+0000] {taskinstance.py:731} INFO - ::endgroup::
[2024-09-22T11:37:33.755+0000] {subprocess.py:63} INFO - Tmp dir root location: /tmp
[2024-09-22T11:37:33.756+0000] {subprocess.py:75} INFO - Running command: ['/usr/bin/bash', '-c', "echo [{'cust_id': 'E2deaBFe5fc3192', 'name': 'Miss Claudia Barajas DVM', 'sex': 'Male', 'age': 30, 'address': '5665 Jesus Mountains', 'phone': '851.288.9660', 'job': 'Lobbyist'}, {'cust_id': 'fcBF0ccaCd1bb76', 'name': 'Mrs. Mallory Wade DDS', 'sex': 'Male', 'age': 43, 'address': '37251 Gross Gateway Suite 955', 'phone': '250.988.9589x847', 'job': 'Geneticist, molecular'}, {'cust_id': 'FBcDaFf4AEE6eC2', 'name': 'Kent Randolph MD', 'sex': 'Female', 'age': 60, 'address': '21119 Snow Estate Apt. 553', 'phone': '001-638-684-0018x462', 'job': 'Air cabin crew'}, {'cust_id': 'cc95De6b3162E61', 'name': 'Dr. Devin Compton', 'sex': 'Male', 'age': 58, 'address': '24241 Alexandra Knolls', 'phone': '978.572.9667', 'job': 'Environmental manager'}, {'cust_id': '2D70A476F2997cC', 'name': 'Erik Andrade', 'sex': 'Male', 'age': 29, 'address': '88214 Jefferson Landing', 'phone': '(694)886-2168x03540', 'job': 'Magazine features editor'}]"]
[2024-09-22T11:37:33.761+0000] {subprocess.py:86} INFO - Output:
[2024-09-22T11:37:33.764+0000] {subprocess.py:93} INFO - [{cust_id: E2deaBFe5fc3192, name: Miss Claudia Barajas DVM, sex: Male, age: 30, address: 5665 Jesus Mountains, phone: 851.288.9660, job: Lobbyist}, {cust_id: fcBF0ccaCd1bb76, name: Mrs. Mallory Wade DDS, sex: Male, age: 43, address: 37251 Gross Gateway Suite 955, phone: 250.988.9589x847, job: Geneticist, molecular}, {cust_id: FBcDaFf4AEE6eC2, name: Kent Randolph MD, sex: Female, age: 60, address: 21119 Snow Estate Apt. 553, phone: 001-638-684-0018x462, job: Air cabin crew}, {cust_id: cc95De6b3162E61, name: Dr. Devin Compton, sex: Male, age: 58, address: 24241 Alexandra Knolls, phone: 978.572.9667, job: Environmental manager}, {cust_id: 2D70A476F2997cC, name: Erik Andrade, sex: Male, age: 29, address: 88214 Jefferson Landing, phone: (694)886-2168x03540, job: Magazine features editor}]
[2024-09-22T11:37:33.765+0000] {subprocess.py:97} INFO - Command exited with return code 0
[2024-09-22T11:37:33.788+0000] {taskinstance.py:340} INFO - ::group::Post task execution logs
[2024-09-22T11:37:33.788+0000] {taskinstance.py:352} INFO - Marking task as SUCCESS. dag_id=etl_dag, task_id=echo_task, run_id=manual__2024-09-22T11:37:28.630661+00:00, execution_date=20240922T113728, start_date=20240922T113733, end_date=20240922T113733
[2024-09-22T11:37:33.820+0000] {local_task_job_runner.py:266} INFO - Task exited with return code 0
[2024-09-22T11:37:33.837+0000] {taskinstance.py:3900} INFO - 1 downstream tasks scheduled from follow-on schedule check
[2024-09-22T11:37:33.839+0000] {local_task_job_runner.py:245} INFO - ::endgroup::
