[2024-09-21T13:06:18.359+0000] {processor.py:186} INFO - Started process (PID=33) to work on /opt/airflow/dags/create_table_dag.py
[2024-09-21T13:06:18.366+0000] {processor.py:914} INFO - Processing file /opt/airflow/dags/create_table_dag.py for tasks to queue
[2024-09-21T13:06:18.377+0000] {logging_mixin.py:190} INFO - [2024-09-21T13:06:18.369+0000] {dagbag.py:587} INFO - Filling up the DagBag from /opt/airflow/dags/create_table_dag.py
[2024-09-21T13:06:18.548+0000] {logging_mixin.py:190} INFO - [2024-09-21T13:06:18.537+0000] {templater.py:94} ERROR - Failed to resolve template field 'sql'
Traceback (most recent call last):
  File "/home/airflow/.local/lib/python3.12/site-packages/airflow/template/templater.py", line 92, in resolve_template_files
    setattr(self, field, env.loader.get_source(env, content)[0])  # type: ignore
                         ^^^^^^^^^^^^^^^^^^^^^^^^^^^^^^^^^^^
  File "/home/airflow/.local/lib/python3.12/site-packages/jinja2/loaders.py", line 207, in get_source
    raise TemplateNotFound(template)
jinja2.exceptions.TemplateNotFound: sql/create_production_table.sql
[2024-09-21T13:06:18.559+0000] {processor.py:925} INFO - DAG(s) 'create_table_dag' retrieved from /opt/airflow/dags/create_table_dag.py
[2024-09-21T13:06:21.521+0000] {logging_mixin.py:190} INFO - [2024-09-21T13:06:21.510+0000] {override.py:1900} INFO - Created Permission View: can delete on DAG:create_table_dag
[2024-09-21T13:06:21.606+0000] {logging_mixin.py:190} INFO - [2024-09-21T13:06:21.606+0000] {override.py:1900} INFO - Created Permission View: can read on DAG:create_table_dag
[2024-09-21T13:06:21.697+0000] {logging_mixin.py:190} INFO - [2024-09-21T13:06:21.687+0000] {override.py:1900} INFO - Created Permission View: can edit on DAG:create_table_dag
[2024-09-21T13:06:21.924+0000] {logging_mixin.py:190} INFO - [2024-09-21T13:06:21.912+0000] {override.py:1900} INFO - Created Permission View: can create on DAG Run:create_table_dag
[2024-09-21T13:06:22.081+0000] {logging_mixin.py:190} INFO - [2024-09-21T13:06:22.079+0000] {override.py:1900} INFO - Created Permission View: can delete on DAG Run:create_table_dag
[2024-09-21T13:06:22.394+0000] {logging_mixin.py:190} INFO - [2024-09-21T13:06:22.378+0000] {override.py:1900} INFO - Created Permission View: can read on DAG Run:create_table_dag
[2024-09-21T13:06:22.512+0000] {logging_mixin.py:190} INFO - [2024-09-21T13:06:22.504+0000] {override.py:1900} INFO - Created Permission View: menu access on DAG Run:create_table_dag
[2024-09-21T13:06:22.519+0000] {logging_mixin.py:190} INFO - [2024-09-21T13:06:22.518+0000] {dag.py:3229} INFO - Sync 1 DAGs
[2024-09-21T13:06:22.709+0000] {logging_mixin.py:190} INFO - [2024-09-21T13:06:22.705+0000] {dag.py:3252} INFO - Creating ORM DAG for create_table_dag
[2024-09-21T13:06:22.821+0000] {logging_mixin.py:190} INFO - [2024-09-21T13:06:22.821+0000] {dag.py:4156} INFO - Setting next_dagrun for create_table_dag to 2024-09-20 00:00:00+00:00, run_after=2024-09-21 00:00:00+00:00
[2024-09-21T13:06:23.032+0000] {processor.py:208} INFO - Processing /opt/airflow/dags/create_table_dag.py took 4.715 seconds
[2024-09-21T13:06:53.232+0000] {processor.py:186} INFO - Started process (PID=42) to work on /opt/airflow/dags/create_table_dag.py
[2024-09-21T13:06:53.234+0000] {processor.py:914} INFO - Processing file /opt/airflow/dags/create_table_dag.py for tasks to queue
[2024-09-21T13:06:53.236+0000] {logging_mixin.py:190} INFO - [2024-09-21T13:06:53.236+0000] {dagbag.py:587} INFO - Filling up the DagBag from /opt/airflow/dags/create_table_dag.py
[2024-09-21T13:06:53.264+0000] {logging_mixin.py:190} INFO - [2024-09-21T13:06:53.261+0000] {templater.py:94} ERROR - Failed to resolve template field 'sql'
Traceback (most recent call last):
  File "/home/airflow/.local/lib/python3.12/site-packages/airflow/template/templater.py", line 92, in resolve_template_files
    setattr(self, field, env.loader.get_source(env, content)[0])  # type: ignore
                         ^^^^^^^^^^^^^^^^^^^^^^^^^^^^^^^^^^^
  File "/home/airflow/.local/lib/python3.12/site-packages/jinja2/loaders.py", line 207, in get_source
    raise TemplateNotFound(template)
jinja2.exceptions.TemplateNotFound: sql/create_production_table.sql
[2024-09-21T13:06:53.274+0000] {processor.py:925} INFO - DAG(s) 'create_table_dag' retrieved from /opt/airflow/dags/create_table_dag.py
[2024-09-21T13:06:53.351+0000] {logging_mixin.py:190} INFO - [2024-09-21T13:06:53.351+0000] {dag.py:3229} INFO - Sync 1 DAGs
[2024-09-21T13:06:53.377+0000] {logging_mixin.py:190} INFO - [2024-09-21T13:06:53.377+0000] {dag.py:4156} INFO - Setting next_dagrun for create_table_dag to 2024-09-20 00:00:00+00:00, run_after=2024-09-21 00:00:00+00:00
[2024-09-21T13:06:53.393+0000] {processor.py:208} INFO - Processing /opt/airflow/dags/create_table_dag.py took 0.166 seconds
[2024-09-21T13:07:23.902+0000] {processor.py:186} INFO - Started process (PID=56) to work on /opt/airflow/dags/create_table_dag.py
[2024-09-21T13:07:23.905+0000] {processor.py:914} INFO - Processing file /opt/airflow/dags/create_table_dag.py for tasks to queue
[2024-09-21T13:07:23.909+0000] {logging_mixin.py:190} INFO - [2024-09-21T13:07:23.909+0000] {dagbag.py:587} INFO - Filling up the DagBag from /opt/airflow/dags/create_table_dag.py
[2024-09-21T13:07:23.932+0000] {logging_mixin.py:190} INFO - [2024-09-21T13:07:23.931+0000] {templater.py:94} ERROR - Failed to resolve template field 'sql'
Traceback (most recent call last):
  File "/home/airflow/.local/lib/python3.12/site-packages/airflow/template/templater.py", line 92, in resolve_template_files
    setattr(self, field, env.loader.get_source(env, content)[0])  # type: ignore
                         ^^^^^^^^^^^^^^^^^^^^^^^^^^^^^^^^^^^
  File "/home/airflow/.local/lib/python3.12/site-packages/jinja2/loaders.py", line 207, in get_source
    raise TemplateNotFound(template)
jinja2.exceptions.TemplateNotFound: sql/create_production_table.sql
[2024-09-21T13:07:23.935+0000] {processor.py:925} INFO - DAG(s) 'create_table_dag' retrieved from /opt/airflow/dags/create_table_dag.py
[2024-09-21T13:07:24.024+0000] {logging_mixin.py:190} INFO - [2024-09-21T13:07:24.024+0000] {dag.py:3229} INFO - Sync 1 DAGs
[2024-09-21T13:07:24.041+0000] {logging_mixin.py:190} INFO - [2024-09-21T13:07:24.041+0000] {dag.py:4156} INFO - Setting next_dagrun for create_table_dag to 2024-09-21 00:00:00+00:00, run_after=2024-09-22 00:00:00+00:00
[2024-09-21T13:07:24.248+0000] {processor.py:208} INFO - Processing /opt/airflow/dags/create_table_dag.py took 0.355 seconds
[2024-09-21T13:07:37.400+0000] {processor.py:186} INFO - Started process (PID=58) to work on /opt/airflow/dags/create_table_dag.py
[2024-09-21T13:07:37.402+0000] {processor.py:914} INFO - Processing file /opt/airflow/dags/create_table_dag.py for tasks to queue
[2024-09-21T13:07:37.407+0000] {logging_mixin.py:190} INFO - [2024-09-21T13:07:37.406+0000] {dagbag.py:587} INFO - Filling up the DagBag from /opt/airflow/dags/create_table_dag.py
[2024-09-21T13:07:37.432+0000] {logging_mixin.py:190} INFO - [2024-09-21T13:07:37.424+0000] {dagbag.py:386} ERROR - Failed to import: /opt/airflow/dags/create_table_dag.py
Traceback (most recent call last):
  File "/home/airflow/.local/lib/python3.12/site-packages/airflow/models/dagbag.py", line 382, in parse
    loader.exec_module(new_module)
  File "<frozen importlib._bootstrap_external>", line 995, in exec_module
  File "<frozen importlib._bootstrap>", line 488, in _call_with_frames_removed
  File "/opt/airflow/dags/create_table_dag.py", line 51, in <module>
    create_table_dag()
  File "/home/airflow/.local/lib/python3.12/site-packages/airflow/models/dag.py", line 4283, in factory
    f(**f_kwargs)
  File "/opt/airflow/dags/create_table_dag.py", line 49, in create_table_dag
    [create_customer_table, create_production_table, create_transactions_table] >> bash_echo
                            ^^^^^^^^^^^^^^^^^^^^^^^
NameError: name 'create_production_table' is not defined. Did you mean: 'create_product_table'?
[2024-09-21T13:07:37.434+0000] {processor.py:927} WARNING - No viable dags retrieved from /opt/airflow/dags/create_table_dag.py
[2024-09-21T13:07:37.469+0000] {processor.py:208} INFO - Processing /opt/airflow/dags/create_table_dag.py took 0.078 seconds
[2024-09-21T13:07:43.564+0000] {processor.py:186} INFO - Started process (PID=59) to work on /opt/airflow/dags/create_table_dag.py
[2024-09-21T13:07:43.568+0000] {processor.py:914} INFO - Processing file /opt/airflow/dags/create_table_dag.py for tasks to queue
[2024-09-21T13:07:43.575+0000] {logging_mixin.py:190} INFO - [2024-09-21T13:07:43.574+0000] {dagbag.py:587} INFO - Filling up the DagBag from /opt/airflow/dags/create_table_dag.py
[2024-09-21T13:07:43.600+0000] {logging_mixin.py:190} INFO - [2024-09-21T13:07:43.599+0000] {templater.py:94} ERROR - Failed to resolve template field 'sql'
Traceback (most recent call last):
  File "/home/airflow/.local/lib/python3.12/site-packages/airflow/template/templater.py", line 92, in resolve_template_files
    setattr(self, field, env.loader.get_source(env, content)[0])  # type: ignore
                         ^^^^^^^^^^^^^^^^^^^^^^^^^^^^^^^^^^^
  File "/home/airflow/.local/lib/python3.12/site-packages/jinja2/loaders.py", line 207, in get_source
    raise TemplateNotFound(template)
jinja2.exceptions.TemplateNotFound: sql/create_production_table.sql
[2024-09-21T13:07:43.605+0000] {processor.py:925} INFO - DAG(s) 'create_table_dag' retrieved from /opt/airflow/dags/create_table_dag.py
[2024-09-21T13:07:43.899+0000] {logging_mixin.py:190} INFO - [2024-09-21T13:07:43.899+0000] {dag.py:3229} INFO - Sync 1 DAGs
[2024-09-21T13:07:43.912+0000] {logging_mixin.py:190} INFO - [2024-09-21T13:07:43.912+0000] {dag.py:4156} INFO - Setting next_dagrun for create_table_dag to 2024-09-21 00:00:00+00:00, run_after=2024-09-22 00:00:00+00:00
[2024-09-21T13:07:43.932+0000] {processor.py:208} INFO - Processing /opt/airflow/dags/create_table_dag.py took 0.392 seconds
[2024-09-21T13:07:52.150+0000] {processor.py:186} INFO - Started process (PID=69) to work on /opt/airflow/dags/create_table_dag.py
[2024-09-21T13:07:52.152+0000] {processor.py:914} INFO - Processing file /opt/airflow/dags/create_table_dag.py for tasks to queue
[2024-09-21T13:07:52.156+0000] {logging_mixin.py:190} INFO - [2024-09-21T13:07:52.155+0000] {dagbag.py:587} INFO - Filling up the DagBag from /opt/airflow/dags/create_table_dag.py
[2024-09-21T13:07:52.201+0000] {processor.py:925} INFO - DAG(s) 'create_table_dag' retrieved from /opt/airflow/dags/create_table_dag.py
[2024-09-21T13:07:52.417+0000] {logging_mixin.py:190} INFO - [2024-09-21T13:07:52.412+0000] {dag.py:3229} INFO - Sync 1 DAGs
[2024-09-21T13:07:52.518+0000] {logging_mixin.py:190} INFO - [2024-09-21T13:07:52.518+0000] {dag.py:4156} INFO - Setting next_dagrun for create_table_dag to 2024-09-21 00:00:00+00:00, run_after=2024-09-22 00:00:00+00:00
[2024-09-21T13:07:52.745+0000] {processor.py:208} INFO - Processing /opt/airflow/dags/create_table_dag.py took 0.603 seconds
[2024-09-21T13:08:23.673+0000] {processor.py:186} INFO - Started process (PID=83) to work on /opt/airflow/dags/create_table_dag.py
[2024-09-21T13:08:23.676+0000] {processor.py:914} INFO - Processing file /opt/airflow/dags/create_table_dag.py for tasks to queue
[2024-09-21T13:08:23.684+0000] {logging_mixin.py:190} INFO - [2024-09-21T13:08:23.683+0000] {dagbag.py:587} INFO - Filling up the DagBag from /opt/airflow/dags/create_table_dag.py
[2024-09-21T13:08:23.722+0000] {processor.py:925} INFO - DAG(s) 'create_table_dag' retrieved from /opt/airflow/dags/create_table_dag.py
[2024-09-21T13:08:23.987+0000] {logging_mixin.py:190} INFO - [2024-09-21T13:08:23.986+0000] {dag.py:3229} INFO - Sync 1 DAGs
[2024-09-21T13:08:23.998+0000] {logging_mixin.py:190} INFO - [2024-09-21T13:08:23.998+0000] {dag.py:4156} INFO - Setting next_dagrun for create_table_dag to 2024-09-21 00:00:00+00:00, run_after=2024-09-22 00:00:00+00:00
[2024-09-21T13:08:24.012+0000] {processor.py:208} INFO - Processing /opt/airflow/dags/create_table_dag.py took 0.350 seconds
[2024-09-21T13:08:54.770+0000] {processor.py:186} INFO - Started process (PID=100) to work on /opt/airflow/dags/create_table_dag.py
[2024-09-21T13:08:54.773+0000] {processor.py:914} INFO - Processing file /opt/airflow/dags/create_table_dag.py for tasks to queue
[2024-09-21T13:08:54.778+0000] {logging_mixin.py:190} INFO - [2024-09-21T13:08:54.777+0000] {dagbag.py:587} INFO - Filling up the DagBag from /opt/airflow/dags/create_table_dag.py
[2024-09-21T13:08:54.800+0000] {processor.py:925} INFO - DAG(s) 'create_table_dag' retrieved from /opt/airflow/dags/create_table_dag.py
[2024-09-21T13:08:55.046+0000] {logging_mixin.py:190} INFO - [2024-09-21T13:08:55.046+0000] {dag.py:3229} INFO - Sync 1 DAGs
[2024-09-21T13:08:55.060+0000] {logging_mixin.py:190} INFO - [2024-09-21T13:08:55.060+0000] {dag.py:4156} INFO - Setting next_dagrun for create_table_dag to 2024-09-21 00:00:00+00:00, run_after=2024-09-22 00:00:00+00:00
[2024-09-21T13:08:55.076+0000] {processor.py:208} INFO - Processing /opt/airflow/dags/create_table_dag.py took 0.316 seconds
[2024-09-21T13:09:25.896+0000] {processor.py:186} INFO - Started process (PID=109) to work on /opt/airflow/dags/create_table_dag.py
[2024-09-21T13:09:25.900+0000] {processor.py:914} INFO - Processing file /opt/airflow/dags/create_table_dag.py for tasks to queue
[2024-09-21T13:09:26.117+0000] {logging_mixin.py:190} INFO - [2024-09-21T13:09:26.116+0000] {dagbag.py:587} INFO - Filling up the DagBag from /opt/airflow/dags/create_table_dag.py
[2024-09-21T13:09:26.129+0000] {processor.py:925} INFO - DAG(s) 'create_table_dag' retrieved from /opt/airflow/dags/create_table_dag.py
[2024-09-21T13:09:26.165+0000] {logging_mixin.py:190} INFO - [2024-09-21T13:09:26.165+0000] {dag.py:3229} INFO - Sync 1 DAGs
[2024-09-21T13:09:26.179+0000] {logging_mixin.py:190} INFO - [2024-09-21T13:09:26.179+0000] {dag.py:4156} INFO - Setting next_dagrun for create_table_dag to 2024-09-21 00:00:00+00:00, run_after=2024-09-22 00:00:00+00:00
[2024-09-21T13:09:26.194+0000] {processor.py:208} INFO - Processing /opt/airflow/dags/create_table_dag.py took 0.307 seconds
[2024-09-21T13:09:56.911+0000] {processor.py:186} INFO - Started process (PID=118) to work on /opt/airflow/dags/create_table_dag.py
[2024-09-21T13:09:56.914+0000] {processor.py:914} INFO - Processing file /opt/airflow/dags/create_table_dag.py for tasks to queue
[2024-09-21T13:09:56.919+0000] {logging_mixin.py:190} INFO - [2024-09-21T13:09:56.919+0000] {dagbag.py:587} INFO - Filling up the DagBag from /opt/airflow/dags/create_table_dag.py
[2024-09-21T13:09:56.944+0000] {processor.py:925} INFO - DAG(s) 'create_table_dag' retrieved from /opt/airflow/dags/create_table_dag.py
[2024-09-21T13:09:57.001+0000] {logging_mixin.py:190} INFO - [2024-09-21T13:09:57.000+0000] {dag.py:3229} INFO - Sync 1 DAGs
[2024-09-21T13:09:57.016+0000] {logging_mixin.py:190} INFO - [2024-09-21T13:09:57.016+0000] {dag.py:4156} INFO - Setting next_dagrun for create_table_dag to 2024-09-21 00:00:00+00:00, run_after=2024-09-22 00:00:00+00:00
[2024-09-21T13:09:57.033+0000] {processor.py:208} INFO - Processing /opt/airflow/dags/create_table_dag.py took 0.140 seconds
[2024-09-21T13:10:27.795+0000] {processor.py:186} INFO - Started process (PID=127) to work on /opt/airflow/dags/create_table_dag.py
[2024-09-21T13:10:27.798+0000] {processor.py:914} INFO - Processing file /opt/airflow/dags/create_table_dag.py for tasks to queue
[2024-09-21T13:10:27.803+0000] {logging_mixin.py:190} INFO - [2024-09-21T13:10:27.802+0000] {dagbag.py:587} INFO - Filling up the DagBag from /opt/airflow/dags/create_table_dag.py
[2024-09-21T13:10:27.834+0000] {processor.py:925} INFO - DAG(s) 'create_table_dag' retrieved from /opt/airflow/dags/create_table_dag.py
[2024-09-21T13:10:27.907+0000] {logging_mixin.py:190} INFO - [2024-09-21T13:10:27.906+0000] {dag.py:3229} INFO - Sync 1 DAGs
[2024-09-21T13:10:27.923+0000] {logging_mixin.py:190} INFO - [2024-09-21T13:10:27.923+0000] {dag.py:4156} INFO - Setting next_dagrun for create_table_dag to 2024-09-21 00:00:00+00:00, run_after=2024-09-22 00:00:00+00:00
[2024-09-21T13:10:27.937+0000] {processor.py:208} INFO - Processing /opt/airflow/dags/create_table_dag.py took 0.152 seconds
[2024-09-21T13:11:10.418+0000] {processor.py:186} INFO - Started process (PID=26) to work on /opt/airflow/dags/create_table_dag.py
[2024-09-21T13:11:10.423+0000] {processor.py:914} INFO - Processing file /opt/airflow/dags/create_table_dag.py for tasks to queue
[2024-09-21T13:11:10.435+0000] {logging_mixin.py:190} INFO - [2024-09-21T13:11:10.432+0000] {dagbag.py:587} INFO - Filling up the DagBag from /opt/airflow/dags/create_table_dag.py
[2024-09-21T13:11:10.498+0000] {processor.py:925} INFO - DAG(s) 'create_table_dag' retrieved from /opt/airflow/dags/create_table_dag.py
[2024-09-21T13:11:10.569+0000] {logging_mixin.py:190} INFO - [2024-09-21T13:11:10.569+0000] {dag.py:3229} INFO - Sync 1 DAGs
[2024-09-21T13:11:10.630+0000] {logging_mixin.py:190} INFO - [2024-09-21T13:11:10.630+0000] {dag.py:4156} INFO - Setting next_dagrun for create_table_dag to 2024-09-21 00:00:00+00:00, run_after=2024-09-22 00:00:00+00:00
[2024-09-21T13:11:10.675+0000] {processor.py:208} INFO - Processing /opt/airflow/dags/create_table_dag.py took 0.325 seconds
[2024-09-21T13:11:41.057+0000] {processor.py:186} INFO - Started process (PID=35) to work on /opt/airflow/dags/create_table_dag.py
[2024-09-21T13:11:41.059+0000] {processor.py:914} INFO - Processing file /opt/airflow/dags/create_table_dag.py for tasks to queue
[2024-09-21T13:11:41.068+0000] {logging_mixin.py:190} INFO - [2024-09-21T13:11:41.067+0000] {dagbag.py:587} INFO - Filling up the DagBag from /opt/airflow/dags/create_table_dag.py
[2024-09-21T13:11:41.118+0000] {processor.py:925} INFO - DAG(s) 'create_table_dag' retrieved from /opt/airflow/dags/create_table_dag.py
[2024-09-21T13:11:41.230+0000] {logging_mixin.py:190} INFO - [2024-09-21T13:11:41.230+0000] {dag.py:3229} INFO - Sync 1 DAGs
[2024-09-21T13:11:41.247+0000] {logging_mixin.py:190} INFO - [2024-09-21T13:11:41.247+0000] {dag.py:4156} INFO - Setting next_dagrun for create_table_dag to 2024-09-21 00:00:00+00:00, run_after=2024-09-22 00:00:00+00:00
[2024-09-21T13:11:41.267+0000] {processor.py:208} INFO - Processing /opt/airflow/dags/create_table_dag.py took 0.227 seconds
[2024-09-21T13:12:11.848+0000] {processor.py:186} INFO - Started process (PID=43) to work on /opt/airflow/dags/create_table_dag.py
[2024-09-21T13:12:11.856+0000] {processor.py:914} INFO - Processing file /opt/airflow/dags/create_table_dag.py for tasks to queue
[2024-09-21T13:12:11.866+0000] {logging_mixin.py:190} INFO - [2024-09-21T13:12:11.865+0000] {dagbag.py:587} INFO - Filling up the DagBag from /opt/airflow/dags/create_table_dag.py
[2024-09-21T13:12:11.892+0000] {processor.py:925} INFO - DAG(s) 'create_table_dag' retrieved from /opt/airflow/dags/create_table_dag.py
[2024-09-21T13:12:11.954+0000] {logging_mixin.py:190} INFO - [2024-09-21T13:12:11.954+0000] {dag.py:3229} INFO - Sync 1 DAGs
[2024-09-21T13:12:11.971+0000] {logging_mixin.py:190} INFO - [2024-09-21T13:12:11.971+0000] {dag.py:4156} INFO - Setting next_dagrun for create_table_dag to 2024-09-21 00:00:00+00:00, run_after=2024-09-22 00:00:00+00:00
[2024-09-21T13:12:12.178+0000] {processor.py:208} INFO - Processing /opt/airflow/dags/create_table_dag.py took 0.341 seconds
[2024-09-21T13:12:42.782+0000] {processor.py:186} INFO - Started process (PID=52) to work on /opt/airflow/dags/create_table_dag.py
[2024-09-21T13:12:42.784+0000] {processor.py:914} INFO - Processing file /opt/airflow/dags/create_table_dag.py for tasks to queue
[2024-09-21T13:12:42.788+0000] {logging_mixin.py:190} INFO - [2024-09-21T13:12:42.788+0000] {dagbag.py:587} INFO - Filling up the DagBag from /opt/airflow/dags/create_table_dag.py
[2024-09-21T13:12:42.830+0000] {processor.py:925} INFO - DAG(s) 'create_table_dag' retrieved from /opt/airflow/dags/create_table_dag.py
[2024-09-21T13:12:42.897+0000] {logging_mixin.py:190} INFO - [2024-09-21T13:12:42.897+0000] {dag.py:3229} INFO - Sync 1 DAGs
[2024-09-21T13:12:43.133+0000] {logging_mixin.py:190} INFO - [2024-09-21T13:12:43.133+0000] {dag.py:4156} INFO - Setting next_dagrun for create_table_dag to 2024-09-21 00:00:00+00:00, run_after=2024-09-22 00:00:00+00:00
[2024-09-21T13:12:43.178+0000] {processor.py:208} INFO - Processing /opt/airflow/dags/create_table_dag.py took 0.404 seconds
[2024-09-21T13:13:13.741+0000] {processor.py:186} INFO - Started process (PID=67) to work on /opt/airflow/dags/create_table_dag.py
[2024-09-21T13:13:13.742+0000] {processor.py:914} INFO - Processing file /opt/airflow/dags/create_table_dag.py for tasks to queue
[2024-09-21T13:13:13.747+0000] {logging_mixin.py:190} INFO - [2024-09-21T13:13:13.747+0000] {dagbag.py:587} INFO - Filling up the DagBag from /opt/airflow/dags/create_table_dag.py
[2024-09-21T13:13:13.763+0000] {processor.py:925} INFO - DAG(s) 'create_table_dag' retrieved from /opt/airflow/dags/create_table_dag.py
[2024-09-21T13:13:13.788+0000] {logging_mixin.py:190} INFO - [2024-09-21T13:13:13.788+0000] {dag.py:3229} INFO - Sync 1 DAGs
[2024-09-21T13:13:13.911+0000] {logging_mixin.py:190} INFO - [2024-09-21T13:13:13.911+0000] {dag.py:4156} INFO - Setting next_dagrun for create_table_dag to 2024-09-21 00:00:00+00:00, run_after=2024-09-22 00:00:00+00:00
[2024-09-21T13:13:13.926+0000] {processor.py:208} INFO - Processing /opt/airflow/dags/create_table_dag.py took 0.189 seconds
[2024-09-21T13:13:44.454+0000] {processor.py:186} INFO - Started process (PID=75) to work on /opt/airflow/dags/create_table_dag.py
[2024-09-21T13:13:44.456+0000] {processor.py:914} INFO - Processing file /opt/airflow/dags/create_table_dag.py for tasks to queue
[2024-09-21T13:13:44.460+0000] {logging_mixin.py:190} INFO - [2024-09-21T13:13:44.460+0000] {dagbag.py:587} INFO - Filling up the DagBag from /opt/airflow/dags/create_table_dag.py
[2024-09-21T13:13:44.519+0000] {processor.py:925} INFO - DAG(s) 'create_table_dag' retrieved from /opt/airflow/dags/create_table_dag.py
[2024-09-21T13:13:44.782+0000] {logging_mixin.py:190} INFO - [2024-09-21T13:13:44.782+0000] {dag.py:3229} INFO - Sync 1 DAGs
[2024-09-21T13:13:44.798+0000] {logging_mixin.py:190} INFO - [2024-09-21T13:13:44.798+0000] {dag.py:4156} INFO - Setting next_dagrun for create_table_dag to 2024-09-21 00:00:00+00:00, run_after=2024-09-22 00:00:00+00:00
[2024-09-21T13:13:44.820+0000] {processor.py:208} INFO - Processing /opt/airflow/dags/create_table_dag.py took 0.373 seconds
[2024-09-21T13:14:15.433+0000] {processor.py:186} INFO - Started process (PID=84) to work on /opt/airflow/dags/create_table_dag.py
[2024-09-21T13:14:15.434+0000] {processor.py:914} INFO - Processing file /opt/airflow/dags/create_table_dag.py for tasks to queue
[2024-09-21T13:14:15.438+0000] {logging_mixin.py:190} INFO - [2024-09-21T13:14:15.438+0000] {dagbag.py:587} INFO - Filling up the DagBag from /opt/airflow/dags/create_table_dag.py
[2024-09-21T13:14:15.637+0000] {processor.py:925} INFO - DAG(s) 'create_table_dag' retrieved from /opt/airflow/dags/create_table_dag.py
[2024-09-21T13:14:15.662+0000] {logging_mixin.py:190} INFO - [2024-09-21T13:14:15.662+0000] {dag.py:3229} INFO - Sync 1 DAGs
[2024-09-21T13:14:15.678+0000] {logging_mixin.py:190} INFO - [2024-09-21T13:14:15.677+0000] {dag.py:4156} INFO - Setting next_dagrun for create_table_dag to 2024-09-21 00:00:00+00:00, run_after=2024-09-22 00:00:00+00:00
[2024-09-21T13:14:15.697+0000] {processor.py:208} INFO - Processing /opt/airflow/dags/create_table_dag.py took 0.272 seconds
[2024-09-21T13:14:45.934+0000] {processor.py:186} INFO - Started process (PID=93) to work on /opt/airflow/dags/create_table_dag.py
[2024-09-21T13:14:45.936+0000] {processor.py:914} INFO - Processing file /opt/airflow/dags/create_table_dag.py for tasks to queue
[2024-09-21T13:14:45.939+0000] {logging_mixin.py:190} INFO - [2024-09-21T13:14:45.938+0000] {dagbag.py:587} INFO - Filling up the DagBag from /opt/airflow/dags/create_table_dag.py
[2024-09-21T13:14:45.957+0000] {processor.py:925} INFO - DAG(s) 'create_table_dag' retrieved from /opt/airflow/dags/create_table_dag.py
[2024-09-21T13:14:46.022+0000] {logging_mixin.py:190} INFO - [2024-09-21T13:14:46.021+0000] {dag.py:3229} INFO - Sync 1 DAGs
[2024-09-21T13:14:46.041+0000] {logging_mixin.py:190} INFO - [2024-09-21T13:14:46.040+0000] {dag.py:4156} INFO - Setting next_dagrun for create_table_dag to 2024-09-21 00:00:00+00:00, run_after=2024-09-22 00:00:00+00:00
[2024-09-21T13:14:46.058+0000] {processor.py:208} INFO - Processing /opt/airflow/dags/create_table_dag.py took 0.134 seconds
[2024-09-21T13:15:16.836+0000] {processor.py:186} INFO - Started process (PID=102) to work on /opt/airflow/dags/create_table_dag.py
[2024-09-21T13:15:16.838+0000] {processor.py:914} INFO - Processing file /opt/airflow/dags/create_table_dag.py for tasks to queue
[2024-09-21T13:15:16.848+0000] {logging_mixin.py:190} INFO - [2024-09-21T13:15:16.848+0000] {dagbag.py:587} INFO - Filling up the DagBag from /opt/airflow/dags/create_table_dag.py
[2024-09-21T13:15:16.914+0000] {processor.py:925} INFO - DAG(s) 'create_table_dag' retrieved from /opt/airflow/dags/create_table_dag.py
[2024-09-21T13:15:17.124+0000] {logging_mixin.py:190} INFO - [2024-09-21T13:15:17.124+0000] {dag.py:3229} INFO - Sync 1 DAGs
[2024-09-21T13:15:17.162+0000] {logging_mixin.py:190} INFO - [2024-09-21T13:15:17.161+0000] {dag.py:4156} INFO - Setting next_dagrun for create_table_dag to 2024-09-21 00:00:00+00:00, run_after=2024-09-22 00:00:00+00:00
[2024-09-21T13:15:17.216+0000] {processor.py:208} INFO - Processing /opt/airflow/dags/create_table_dag.py took 0.395 seconds
[2024-09-21T18:15:31.019+0000] {processor.py:186} INFO - Started process (PID=28) to work on /opt/airflow/dags/create_table_dag.py
[2024-09-21T18:15:31.031+0000] {processor.py:914} INFO - Processing file /opt/airflow/dags/create_table_dag.py for tasks to queue
[2024-09-21T18:15:31.072+0000] {logging_mixin.py:190} INFO - [2024-09-21T18:15:31.067+0000] {dagbag.py:587} INFO - Filling up the DagBag from /opt/airflow/dags/create_table_dag.py
[2024-09-21T18:15:31.136+0000] {processor.py:925} INFO - DAG(s) 'create_table_dag' retrieved from /opt/airflow/dags/create_table_dag.py
[2024-09-21T18:15:31.250+0000] {logging_mixin.py:190} INFO - [2024-09-21T18:15:31.249+0000] {dag.py:3229} INFO - Sync 1 DAGs
[2024-09-21T18:15:31.303+0000] {logging_mixin.py:190} INFO - [2024-09-21T18:15:31.303+0000] {dag.py:4156} INFO - Setting next_dagrun for create_table_dag to 2024-09-21 00:00:00+00:00, run_after=2024-09-22 00:00:00+00:00
[2024-09-21T18:15:31.342+0000] {processor.py:208} INFO - Processing /opt/airflow/dags/create_table_dag.py took 0.349 seconds
[2024-09-21T18:16:01.945+0000] {processor.py:186} INFO - Started process (PID=36) to work on /opt/airflow/dags/create_table_dag.py
[2024-09-21T18:16:01.950+0000] {processor.py:914} INFO - Processing file /opt/airflow/dags/create_table_dag.py for tasks to queue
[2024-09-21T18:16:01.955+0000] {logging_mixin.py:190} INFO - [2024-09-21T18:16:01.954+0000] {dagbag.py:587} INFO - Filling up the DagBag from /opt/airflow/dags/create_table_dag.py
[2024-09-21T18:16:02.122+0000] {processor.py:925} INFO - DAG(s) 'create_table_dag' retrieved from /opt/airflow/dags/create_table_dag.py
[2024-09-21T18:16:02.371+0000] {logging_mixin.py:190} INFO - [2024-09-21T18:16:02.371+0000] {dag.py:3229} INFO - Sync 1 DAGs
[2024-09-21T18:16:02.411+0000] {logging_mixin.py:190} INFO - [2024-09-21T18:16:02.411+0000] {dag.py:4156} INFO - Setting next_dagrun for create_table_dag to 2024-09-21 00:00:00+00:00, run_after=2024-09-22 00:00:00+00:00
[2024-09-21T18:16:02.439+0000] {processor.py:208} INFO - Processing /opt/airflow/dags/create_table_dag.py took 0.507 seconds
[2024-09-21T18:16:33.043+0000] {processor.py:186} INFO - Started process (PID=50) to work on /opt/airflow/dags/create_table_dag.py
[2024-09-21T18:16:33.045+0000] {processor.py:914} INFO - Processing file /opt/airflow/dags/create_table_dag.py for tasks to queue
[2024-09-21T18:16:33.054+0000] {logging_mixin.py:190} INFO - [2024-09-21T18:16:33.053+0000] {dagbag.py:587} INFO - Filling up the DagBag from /opt/airflow/dags/create_table_dag.py
[2024-09-21T18:16:33.120+0000] {processor.py:925} INFO - DAG(s) 'create_table_dag' retrieved from /opt/airflow/dags/create_table_dag.py
[2024-09-21T18:16:33.242+0000] {logging_mixin.py:190} INFO - [2024-09-21T18:16:33.242+0000] {dag.py:3229} INFO - Sync 1 DAGs
[2024-09-21T18:16:33.332+0000] {logging_mixin.py:190} INFO - [2024-09-21T18:16:33.331+0000] {dag.py:4156} INFO - Setting next_dagrun for create_table_dag to 2024-09-21 00:00:00+00:00, run_after=2024-09-22 00:00:00+00:00
[2024-09-21T18:16:33.418+0000] {processor.py:208} INFO - Processing /opt/airflow/dags/create_table_dag.py took 0.394 seconds
[2024-09-21T18:17:04.100+0000] {processor.py:186} INFO - Started process (PID=59) to work on /opt/airflow/dags/create_table_dag.py
[2024-09-21T18:17:04.102+0000] {processor.py:914} INFO - Processing file /opt/airflow/dags/create_table_dag.py for tasks to queue
[2024-09-21T18:17:04.106+0000] {logging_mixin.py:190} INFO - [2024-09-21T18:17:04.106+0000] {dagbag.py:587} INFO - Filling up the DagBag from /opt/airflow/dags/create_table_dag.py
[2024-09-21T18:17:04.129+0000] {processor.py:925} INFO - DAG(s) 'create_table_dag' retrieved from /opt/airflow/dags/create_table_dag.py
[2024-09-21T18:17:04.163+0000] {logging_mixin.py:190} INFO - [2024-09-21T18:17:04.163+0000] {dag.py:3229} INFO - Sync 1 DAGs
[2024-09-21T18:17:04.184+0000] {logging_mixin.py:190} INFO - [2024-09-21T18:17:04.183+0000] {dag.py:4156} INFO - Setting next_dagrun for create_table_dag to 2024-09-21 00:00:00+00:00, run_after=2024-09-22 00:00:00+00:00
[2024-09-21T18:17:04.199+0000] {processor.py:208} INFO - Processing /opt/airflow/dags/create_table_dag.py took 0.103 seconds
[2024-09-21T18:17:34.942+0000] {processor.py:186} INFO - Started process (PID=67) to work on /opt/airflow/dags/create_table_dag.py
[2024-09-21T18:17:34.944+0000] {processor.py:914} INFO - Processing file /opt/airflow/dags/create_table_dag.py for tasks to queue
[2024-09-21T18:17:34.948+0000] {logging_mixin.py:190} INFO - [2024-09-21T18:17:34.947+0000] {dagbag.py:587} INFO - Filling up the DagBag from /opt/airflow/dags/create_table_dag.py
[2024-09-21T18:17:34.973+0000] {processor.py:925} INFO - DAG(s) 'create_table_dag' retrieved from /opt/airflow/dags/create_table_dag.py
[2024-09-21T18:17:35.015+0000] {logging_mixin.py:190} INFO - [2024-09-21T18:17:35.015+0000] {dag.py:3229} INFO - Sync 1 DAGs
[2024-09-21T18:17:35.034+0000] {logging_mixin.py:190} INFO - [2024-09-21T18:17:35.033+0000] {dag.py:4156} INFO - Setting next_dagrun for create_table_dag to 2024-09-21 00:00:00+00:00, run_after=2024-09-22 00:00:00+00:00
[2024-09-21T18:17:35.050+0000] {processor.py:208} INFO - Processing /opt/airflow/dags/create_table_dag.py took 0.117 seconds
[2024-09-21T18:18:05.658+0000] {processor.py:186} INFO - Started process (PID=76) to work on /opt/airflow/dags/create_table_dag.py
[2024-09-21T18:18:05.660+0000] {processor.py:914} INFO - Processing file /opt/airflow/dags/create_table_dag.py for tasks to queue
[2024-09-21T18:18:05.665+0000] {logging_mixin.py:190} INFO - [2024-09-21T18:18:05.664+0000] {dagbag.py:587} INFO - Filling up the DagBag from /opt/airflow/dags/create_table_dag.py
[2024-09-21T18:18:05.691+0000] {processor.py:925} INFO - DAG(s) 'create_table_dag' retrieved from /opt/airflow/dags/create_table_dag.py
[2024-09-21T18:18:05.744+0000] {logging_mixin.py:190} INFO - [2024-09-21T18:18:05.744+0000] {dag.py:3229} INFO - Sync 1 DAGs
[2024-09-21T18:18:05.766+0000] {logging_mixin.py:190} INFO - [2024-09-21T18:18:05.765+0000] {dag.py:4156} INFO - Setting next_dagrun for create_table_dag to 2024-09-21 00:00:00+00:00, run_after=2024-09-22 00:00:00+00:00
[2024-09-21T18:18:05.786+0000] {processor.py:208} INFO - Processing /opt/airflow/dags/create_table_dag.py took 0.137 seconds
[2024-09-21T18:18:36.499+0000] {processor.py:186} INFO - Started process (PID=85) to work on /opt/airflow/dags/create_table_dag.py
[2024-09-21T18:18:36.501+0000] {processor.py:914} INFO - Processing file /opt/airflow/dags/create_table_dag.py for tasks to queue
[2024-09-21T18:18:36.506+0000] {logging_mixin.py:190} INFO - [2024-09-21T18:18:36.506+0000] {dagbag.py:587} INFO - Filling up the DagBag from /opt/airflow/dags/create_table_dag.py
[2024-09-21T18:18:36.536+0000] {processor.py:925} INFO - DAG(s) 'create_table_dag' retrieved from /opt/airflow/dags/create_table_dag.py
[2024-09-21T18:18:36.569+0000] {logging_mixin.py:190} INFO - [2024-09-21T18:18:36.569+0000] {dag.py:3229} INFO - Sync 1 DAGs
[2024-09-21T18:18:36.586+0000] {logging_mixin.py:190} INFO - [2024-09-21T18:18:36.586+0000] {dag.py:4156} INFO - Setting next_dagrun for create_table_dag to 2024-09-21 00:00:00+00:00, run_after=2024-09-22 00:00:00+00:00
[2024-09-21T18:18:36.604+0000] {processor.py:208} INFO - Processing /opt/airflow/dags/create_table_dag.py took 0.113 seconds
[2024-09-21T18:19:07.287+0000] {processor.py:186} INFO - Started process (PID=93) to work on /opt/airflow/dags/create_table_dag.py
[2024-09-21T18:19:07.291+0000] {processor.py:914} INFO - Processing file /opt/airflow/dags/create_table_dag.py for tasks to queue
[2024-09-21T18:19:07.294+0000] {logging_mixin.py:190} INFO - [2024-09-21T18:19:07.294+0000] {dagbag.py:587} INFO - Filling up the DagBag from /opt/airflow/dags/create_table_dag.py
[2024-09-21T18:19:07.314+0000] {processor.py:925} INFO - DAG(s) 'create_table_dag' retrieved from /opt/airflow/dags/create_table_dag.py
[2024-09-21T18:19:07.351+0000] {logging_mixin.py:190} INFO - [2024-09-21T18:19:07.351+0000] {dag.py:3229} INFO - Sync 1 DAGs
[2024-09-21T18:19:07.834+0000] {logging_mixin.py:190} INFO - [2024-09-21T18:19:07.833+0000] {dag.py:4156} INFO - Setting next_dagrun for create_table_dag to 2024-09-21 00:00:00+00:00, run_after=2024-09-22 00:00:00+00:00
[2024-09-21T18:19:07.859+0000] {processor.py:208} INFO - Processing /opt/airflow/dags/create_table_dag.py took 0.582 seconds
[2024-09-21T18:19:38.149+0000] {processor.py:186} INFO - Started process (PID=107) to work on /opt/airflow/dags/create_table_dag.py
[2024-09-21T18:19:38.151+0000] {processor.py:914} INFO - Processing file /opt/airflow/dags/create_table_dag.py for tasks to queue
[2024-09-21T18:19:38.164+0000] {logging_mixin.py:190} INFO - [2024-09-21T18:19:38.161+0000] {dagbag.py:587} INFO - Filling up the DagBag from /opt/airflow/dags/create_table_dag.py
[2024-09-21T18:19:38.189+0000] {processor.py:925} INFO - DAG(s) 'create_table_dag' retrieved from /opt/airflow/dags/create_table_dag.py
[2024-09-21T18:19:38.219+0000] {logging_mixin.py:190} INFO - [2024-09-21T18:19:38.219+0000] {dag.py:3229} INFO - Sync 1 DAGs
[2024-09-21T18:19:38.441+0000] {logging_mixin.py:190} INFO - [2024-09-21T18:19:38.441+0000] {dag.py:4156} INFO - Setting next_dagrun for create_table_dag to 2024-09-21 00:00:00+00:00, run_after=2024-09-22 00:00:00+00:00
[2024-09-21T18:19:38.455+0000] {processor.py:208} INFO - Processing /opt/airflow/dags/create_table_dag.py took 0.317 seconds
[2024-09-21T18:20:09.063+0000] {processor.py:186} INFO - Started process (PID=116) to work on /opt/airflow/dags/create_table_dag.py
[2024-09-21T18:20:09.067+0000] {processor.py:914} INFO - Processing file /opt/airflow/dags/create_table_dag.py for tasks to queue
[2024-09-21T18:20:09.083+0000] {logging_mixin.py:190} INFO - [2024-09-21T18:20:09.083+0000] {dagbag.py:587} INFO - Filling up the DagBag from /opt/airflow/dags/create_table_dag.py
[2024-09-21T18:20:09.112+0000] {processor.py:925} INFO - DAG(s) 'create_table_dag' retrieved from /opt/airflow/dags/create_table_dag.py
[2024-09-21T18:20:09.378+0000] {logging_mixin.py:190} INFO - [2024-09-21T18:20:09.378+0000] {dag.py:3229} INFO - Sync 1 DAGs
[2024-09-21T18:20:09.392+0000] {logging_mixin.py:190} INFO - [2024-09-21T18:20:09.392+0000] {dag.py:4156} INFO - Setting next_dagrun for create_table_dag to 2024-09-21 00:00:00+00:00, run_after=2024-09-22 00:00:00+00:00
[2024-09-21T18:20:09.406+0000] {processor.py:208} INFO - Processing /opt/airflow/dags/create_table_dag.py took 0.357 seconds
[2024-09-21T18:20:40.189+0000] {processor.py:186} INFO - Started process (PID=125) to work on /opt/airflow/dags/create_table_dag.py
[2024-09-21T18:20:40.192+0000] {processor.py:914} INFO - Processing file /opt/airflow/dags/create_table_dag.py for tasks to queue
[2024-09-21T18:20:40.199+0000] {logging_mixin.py:190} INFO - [2024-09-21T18:20:40.197+0000] {dagbag.py:587} INFO - Filling up the DagBag from /opt/airflow/dags/create_table_dag.py
[2024-09-21T18:20:40.696+0000] {processor.py:925} INFO - DAG(s) 'create_table_dag' retrieved from /opt/airflow/dags/create_table_dag.py
[2024-09-21T18:20:40.718+0000] {logging_mixin.py:190} INFO - [2024-09-21T18:20:40.718+0000] {dag.py:3229} INFO - Sync 1 DAGs
[2024-09-21T18:20:40.740+0000] {logging_mixin.py:190} INFO - [2024-09-21T18:20:40.740+0000] {dag.py:4156} INFO - Setting next_dagrun for create_table_dag to 2024-09-21 00:00:00+00:00, run_after=2024-09-22 00:00:00+00:00
[2024-09-21T18:20:40.761+0000] {processor.py:208} INFO - Processing /opt/airflow/dags/create_table_dag.py took 0.591 seconds
[2024-09-21T18:21:10.858+0000] {processor.py:186} INFO - Started process (PID=149) to work on /opt/airflow/dags/create_table_dag.py
[2024-09-21T18:21:10.860+0000] {processor.py:914} INFO - Processing file /opt/airflow/dags/create_table_dag.py for tasks to queue
[2024-09-21T18:21:10.865+0000] {logging_mixin.py:190} INFO - [2024-09-21T18:21:10.864+0000] {dagbag.py:587} INFO - Filling up the DagBag from /opt/airflow/dags/create_table_dag.py
[2024-09-21T18:21:10.900+0000] {processor.py:925} INFO - DAG(s) 'create_table_dag' retrieved from /opt/airflow/dags/create_table_dag.py
[2024-09-21T18:21:10.976+0000] {logging_mixin.py:190} INFO - [2024-09-21T18:21:10.976+0000] {dag.py:3229} INFO - Sync 1 DAGs
[2024-09-21T18:21:11.022+0000] {logging_mixin.py:190} INFO - [2024-09-21T18:21:11.022+0000] {dag.py:4156} INFO - Setting next_dagrun for create_table_dag to 2024-09-21 00:00:00+00:00, run_after=2024-09-22 00:00:00+00:00
[2024-09-21T18:21:11.042+0000] {processor.py:208} INFO - Processing /opt/airflow/dags/create_table_dag.py took 0.204 seconds
[2024-09-21T18:21:42.088+0000] {processor.py:186} INFO - Started process (PID=163) to work on /opt/airflow/dags/create_table_dag.py
[2024-09-21T18:21:42.090+0000] {processor.py:914} INFO - Processing file /opt/airflow/dags/create_table_dag.py for tasks to queue
[2024-09-21T18:21:42.095+0000] {logging_mixin.py:190} INFO - [2024-09-21T18:21:42.095+0000] {dagbag.py:587} INFO - Filling up the DagBag from /opt/airflow/dags/create_table_dag.py
[2024-09-21T18:21:42.143+0000] {processor.py:925} INFO - DAG(s) 'create_table_dag' retrieved from /opt/airflow/dags/create_table_dag.py
[2024-09-21T18:21:42.181+0000] {logging_mixin.py:190} INFO - [2024-09-21T18:21:42.181+0000] {dag.py:3229} INFO - Sync 1 DAGs
[2024-09-21T18:21:42.218+0000] {logging_mixin.py:190} INFO - [2024-09-21T18:21:42.218+0000] {dag.py:4156} INFO - Setting next_dagrun for create_table_dag to 2024-09-21 00:00:00+00:00, run_after=2024-09-22 00:00:00+00:00
[2024-09-21T18:21:42.238+0000] {processor.py:208} INFO - Processing /opt/airflow/dags/create_table_dag.py took 0.160 seconds
[2024-09-21T18:22:12.760+0000] {processor.py:186} INFO - Started process (PID=172) to work on /opt/airflow/dags/create_table_dag.py
[2024-09-21T18:22:12.763+0000] {processor.py:914} INFO - Processing file /opt/airflow/dags/create_table_dag.py for tasks to queue
[2024-09-21T18:22:12.769+0000] {logging_mixin.py:190} INFO - [2024-09-21T18:22:12.769+0000] {dagbag.py:587} INFO - Filling up the DagBag from /opt/airflow/dags/create_table_dag.py
[2024-09-21T18:22:12.836+0000] {processor.py:925} INFO - DAG(s) 'create_table_dag' retrieved from /opt/airflow/dags/create_table_dag.py
[2024-09-21T18:22:12.892+0000] {logging_mixin.py:190} INFO - [2024-09-21T18:22:12.892+0000] {dag.py:3229} INFO - Sync 1 DAGs
[2024-09-21T18:22:12.939+0000] {logging_mixin.py:190} INFO - [2024-09-21T18:22:12.938+0000] {dag.py:4156} INFO - Setting next_dagrun for create_table_dag to 2024-09-21 00:00:00+00:00, run_after=2024-09-22 00:00:00+00:00
[2024-09-21T18:22:12.967+0000] {processor.py:208} INFO - Processing /opt/airflow/dags/create_table_dag.py took 0.218 seconds
[2024-09-21T18:22:43.804+0000] {processor.py:186} INFO - Started process (PID=187) to work on /opt/airflow/dags/create_table_dag.py
[2024-09-21T18:22:43.810+0000] {processor.py:914} INFO - Processing file /opt/airflow/dags/create_table_dag.py for tasks to queue
[2024-09-21T18:22:43.826+0000] {logging_mixin.py:190} INFO - [2024-09-21T18:22:43.823+0000] {dagbag.py:587} INFO - Filling up the DagBag from /opt/airflow/dags/create_table_dag.py
[2024-09-21T18:22:43.932+0000] {processor.py:925} INFO - DAG(s) 'create_table_dag' retrieved from /opt/airflow/dags/create_table_dag.py
[2024-09-21T18:22:44.240+0000] {logging_mixin.py:190} INFO - [2024-09-21T18:22:44.237+0000] {dag.py:3229} INFO - Sync 1 DAGs
[2024-09-21T18:22:44.356+0000] {logging_mixin.py:190} INFO - [2024-09-21T18:22:44.355+0000] {dag.py:4156} INFO - Setting next_dagrun for create_table_dag to 2024-09-21 00:00:00+00:00, run_after=2024-09-22 00:00:00+00:00
[2024-09-21T18:22:44.429+0000] {processor.py:208} INFO - Processing /opt/airflow/dags/create_table_dag.py took 0.679 seconds
[2024-09-21T18:23:15.433+0000] {processor.py:186} INFO - Started process (PID=214) to work on /opt/airflow/dags/create_table_dag.py
[2024-09-21T18:23:15.437+0000] {processor.py:914} INFO - Processing file /opt/airflow/dags/create_table_dag.py for tasks to queue
[2024-09-21T18:23:15.445+0000] {logging_mixin.py:190} INFO - [2024-09-21T18:23:15.444+0000] {dagbag.py:587} INFO - Filling up the DagBag from /opt/airflow/dags/create_table_dag.py
[2024-09-21T18:23:15.502+0000] {processor.py:925} INFO - DAG(s) 'create_table_dag' retrieved from /opt/airflow/dags/create_table_dag.py
[2024-09-21T18:23:15.547+0000] {logging_mixin.py:190} INFO - [2024-09-21T18:23:15.547+0000] {dag.py:3229} INFO - Sync 1 DAGs
[2024-09-21T18:23:15.596+0000] {logging_mixin.py:190} INFO - [2024-09-21T18:23:15.596+0000] {dag.py:4156} INFO - Setting next_dagrun for create_table_dag to 2024-09-21 00:00:00+00:00, run_after=2024-09-22 00:00:00+00:00
[2024-09-21T18:23:15.618+0000] {processor.py:208} INFO - Processing /opt/airflow/dags/create_table_dag.py took 0.198 seconds
[2024-09-21T18:23:46.073+0000] {processor.py:186} INFO - Started process (PID=223) to work on /opt/airflow/dags/create_table_dag.py
[2024-09-21T18:23:46.075+0000] {processor.py:914} INFO - Processing file /opt/airflow/dags/create_table_dag.py for tasks to queue
[2024-09-21T18:23:46.081+0000] {logging_mixin.py:190} INFO - [2024-09-21T18:23:46.081+0000] {dagbag.py:587} INFO - Filling up the DagBag from /opt/airflow/dags/create_table_dag.py
[2024-09-21T18:23:46.109+0000] {processor.py:925} INFO - DAG(s) 'create_table_dag' retrieved from /opt/airflow/dags/create_table_dag.py
[2024-09-21T18:23:46.156+0000] {logging_mixin.py:190} INFO - [2024-09-21T18:23:46.155+0000] {dag.py:3229} INFO - Sync 1 DAGs
[2024-09-21T18:23:46.178+0000] {logging_mixin.py:190} INFO - [2024-09-21T18:23:46.178+0000] {dag.py:4156} INFO - Setting next_dagrun for create_table_dag to 2024-09-21 00:00:00+00:00, run_after=2024-09-22 00:00:00+00:00
[2024-09-21T18:23:46.196+0000] {processor.py:208} INFO - Processing /opt/airflow/dags/create_table_dag.py took 0.149 seconds
[2024-09-21T18:24:16.793+0000] {processor.py:186} INFO - Started process (PID=232) to work on /opt/airflow/dags/create_table_dag.py
[2024-09-21T18:24:16.803+0000] {processor.py:914} INFO - Processing file /opt/airflow/dags/create_table_dag.py for tasks to queue
[2024-09-21T18:24:16.819+0000] {logging_mixin.py:190} INFO - [2024-09-21T18:24:16.819+0000] {dagbag.py:587} INFO - Filling up the DagBag from /opt/airflow/dags/create_table_dag.py
[2024-09-21T18:24:16.855+0000] {processor.py:925} INFO - DAG(s) 'create_table_dag' retrieved from /opt/airflow/dags/create_table_dag.py
[2024-09-21T18:24:16.921+0000] {logging_mixin.py:190} INFO - [2024-09-21T18:24:16.921+0000] {dag.py:3229} INFO - Sync 1 DAGs
[2024-09-21T18:24:16.958+0000] {logging_mixin.py:190} INFO - [2024-09-21T18:24:16.958+0000] {dag.py:4156} INFO - Setting next_dagrun for create_table_dag to 2024-09-21 00:00:00+00:00, run_after=2024-09-22 00:00:00+00:00
[2024-09-21T18:24:16.983+0000] {processor.py:208} INFO - Processing /opt/airflow/dags/create_table_dag.py took 0.211 seconds
[2024-09-21T18:24:37.404+0000] {processor.py:186} INFO - Started process (PID=241) to work on /opt/airflow/dags/create_table_dag.py
[2024-09-21T18:24:37.407+0000] {processor.py:914} INFO - Processing file /opt/airflow/dags/create_table_dag.py for tasks to queue
[2024-09-21T18:24:37.412+0000] {logging_mixin.py:190} INFO - [2024-09-21T18:24:37.411+0000] {dagbag.py:587} INFO - Filling up the DagBag from /opt/airflow/dags/create_table_dag.py
[2024-09-21T18:24:37.454+0000] {processor.py:925} INFO - DAG(s) 'create_table_dag' retrieved from /opt/airflow/dags/create_table_dag.py
[2024-09-21T18:24:37.656+0000] {logging_mixin.py:190} INFO - [2024-09-21T18:24:37.656+0000] {dag.py:3229} INFO - Sync 1 DAGs
[2024-09-21T18:24:37.687+0000] {logging_mixin.py:190} INFO - [2024-09-21T18:24:37.687+0000] {dag.py:4156} INFO - Setting next_dagrun for create_table_dag to 2024-09-21 00:00:00+00:00, run_after=2024-09-22 00:00:00+00:00
[2024-09-21T18:24:37.709+0000] {processor.py:208} INFO - Processing /opt/airflow/dags/create_table_dag.py took 0.314 seconds
[2024-09-21T18:25:08.253+0000] {processor.py:186} INFO - Started process (PID=250) to work on /opt/airflow/dags/create_table_dag.py
[2024-09-21T18:25:08.257+0000] {processor.py:914} INFO - Processing file /opt/airflow/dags/create_table_dag.py for tasks to queue
[2024-09-21T18:25:08.265+0000] {logging_mixin.py:190} INFO - [2024-09-21T18:25:08.265+0000] {dagbag.py:587} INFO - Filling up the DagBag from /opt/airflow/dags/create_table_dag.py
[2024-09-21T18:25:08.311+0000] {processor.py:925} INFO - DAG(s) 'create_table_dag' retrieved from /opt/airflow/dags/create_table_dag.py
[2024-09-21T18:25:08.351+0000] {logging_mixin.py:190} INFO - [2024-09-21T18:25:08.351+0000] {dag.py:3229} INFO - Sync 1 DAGs
[2024-09-21T18:25:08.386+0000] {logging_mixin.py:190} INFO - [2024-09-21T18:25:08.385+0000] {dag.py:4156} INFO - Setting next_dagrun for create_table_dag to 2024-09-21 00:00:00+00:00, run_after=2024-09-22 00:00:00+00:00
[2024-09-21T18:25:08.402+0000] {processor.py:208} INFO - Processing /opt/airflow/dags/create_table_dag.py took 0.159 seconds
[2024-09-21T18:25:39.455+0000] {processor.py:186} INFO - Started process (PID=259) to work on /opt/airflow/dags/create_table_dag.py
[2024-09-21T18:25:39.457+0000] {processor.py:914} INFO - Processing file /opt/airflow/dags/create_table_dag.py for tasks to queue
[2024-09-21T18:25:39.461+0000] {logging_mixin.py:190} INFO - [2024-09-21T18:25:39.461+0000] {dagbag.py:587} INFO - Filling up the DagBag from /opt/airflow/dags/create_table_dag.py
[2024-09-21T18:25:39.500+0000] {processor.py:925} INFO - DAG(s) 'create_table_dag' retrieved from /opt/airflow/dags/create_table_dag.py
[2024-09-21T18:25:39.538+0000] {logging_mixin.py:190} INFO - [2024-09-21T18:25:39.538+0000] {dag.py:3229} INFO - Sync 1 DAGs
[2024-09-21T18:25:39.583+0000] {logging_mixin.py:190} INFO - [2024-09-21T18:25:39.583+0000] {dag.py:4156} INFO - Setting next_dagrun for create_table_dag to 2024-09-21 00:00:00+00:00, run_after=2024-09-22 00:00:00+00:00
[2024-09-21T18:25:39.602+0000] {processor.py:208} INFO - Processing /opt/airflow/dags/create_table_dag.py took 0.160 seconds
[2024-09-21T18:26:10.240+0000] {processor.py:186} INFO - Started process (PID=268) to work on /opt/airflow/dags/create_table_dag.py
[2024-09-21T18:26:10.248+0000] {processor.py:914} INFO - Processing file /opt/airflow/dags/create_table_dag.py for tasks to queue
[2024-09-21T18:26:10.254+0000] {logging_mixin.py:190} INFO - [2024-09-21T18:26:10.254+0000] {dagbag.py:587} INFO - Filling up the DagBag from /opt/airflow/dags/create_table_dag.py
[2024-09-21T18:26:10.318+0000] {processor.py:925} INFO - DAG(s) 'create_table_dag' retrieved from /opt/airflow/dags/create_table_dag.py
[2024-09-21T18:26:10.363+0000] {logging_mixin.py:190} INFO - [2024-09-21T18:26:10.363+0000] {dag.py:3229} INFO - Sync 1 DAGs
[2024-09-21T18:26:10.389+0000] {logging_mixin.py:190} INFO - [2024-09-21T18:26:10.389+0000] {dag.py:4156} INFO - Setting next_dagrun for create_table_dag to 2024-09-21 00:00:00+00:00, run_after=2024-09-22 00:00:00+00:00
[2024-09-21T18:26:10.414+0000] {processor.py:208} INFO - Processing /opt/airflow/dags/create_table_dag.py took 0.186 seconds
[2024-09-21T18:26:41.411+0000] {processor.py:186} INFO - Started process (PID=281) to work on /opt/airflow/dags/create_table_dag.py
[2024-09-21T18:26:41.415+0000] {processor.py:914} INFO - Processing file /opt/airflow/dags/create_table_dag.py for tasks to queue
[2024-09-21T18:26:41.421+0000] {logging_mixin.py:190} INFO - [2024-09-21T18:26:41.420+0000] {dagbag.py:587} INFO - Filling up the DagBag from /opt/airflow/dags/create_table_dag.py
[2024-09-21T18:26:41.483+0000] {processor.py:925} INFO - DAG(s) 'create_table_dag' retrieved from /opt/airflow/dags/create_table_dag.py
[2024-09-21T18:26:41.537+0000] {logging_mixin.py:190} INFO - [2024-09-21T18:26:41.537+0000] {dag.py:3229} INFO - Sync 1 DAGs
[2024-09-21T18:26:41.560+0000] {logging_mixin.py:190} INFO - [2024-09-21T18:26:41.560+0000] {dag.py:4156} INFO - Setting next_dagrun for create_table_dag to 2024-09-21 00:00:00+00:00, run_after=2024-09-22 00:00:00+00:00
[2024-09-21T18:26:41.579+0000] {processor.py:208} INFO - Processing /opt/airflow/dags/create_table_dag.py took 0.181 seconds
[2024-09-21T18:27:12.271+0000] {processor.py:186} INFO - Started process (PID=291) to work on /opt/airflow/dags/create_table_dag.py
[2024-09-21T18:27:12.284+0000] {processor.py:914} INFO - Processing file /opt/airflow/dags/create_table_dag.py for tasks to queue
[2024-09-21T18:27:12.311+0000] {logging_mixin.py:190} INFO - [2024-09-21T18:27:12.307+0000] {dagbag.py:587} INFO - Filling up the DagBag from /opt/airflow/dags/create_table_dag.py
[2024-09-21T18:27:12.342+0000] {processor.py:925} INFO - DAG(s) 'create_table_dag' retrieved from /opt/airflow/dags/create_table_dag.py
[2024-09-21T18:27:12.393+0000] {logging_mixin.py:190} INFO - [2024-09-21T18:27:12.392+0000] {dag.py:3229} INFO - Sync 1 DAGs
[2024-09-21T18:27:12.439+0000] {logging_mixin.py:190} INFO - [2024-09-21T18:27:12.439+0000] {dag.py:4156} INFO - Setting next_dagrun for create_table_dag to 2024-09-21 00:00:00+00:00, run_after=2024-09-22 00:00:00+00:00
[2024-09-21T18:27:12.509+0000] {processor.py:208} INFO - Processing /opt/airflow/dags/create_table_dag.py took 0.250 seconds
[2024-09-21T18:27:43.301+0000] {processor.py:186} INFO - Started process (PID=299) to work on /opt/airflow/dags/create_table_dag.py
[2024-09-21T18:27:43.303+0000] {processor.py:914} INFO - Processing file /opt/airflow/dags/create_table_dag.py for tasks to queue
[2024-09-21T18:27:43.309+0000] {logging_mixin.py:190} INFO - [2024-09-21T18:27:43.308+0000] {dagbag.py:587} INFO - Filling up the DagBag from /opt/airflow/dags/create_table_dag.py
[2024-09-21T18:27:43.361+0000] {processor.py:925} INFO - DAG(s) 'create_table_dag' retrieved from /opt/airflow/dags/create_table_dag.py
[2024-09-21T18:27:43.395+0000] {logging_mixin.py:190} INFO - [2024-09-21T18:27:43.395+0000] {dag.py:3229} INFO - Sync 1 DAGs
[2024-09-21T18:27:43.417+0000] {logging_mixin.py:190} INFO - [2024-09-21T18:27:43.416+0000] {dag.py:4156} INFO - Setting next_dagrun for create_table_dag to 2024-09-21 00:00:00+00:00, run_after=2024-09-22 00:00:00+00:00
[2024-09-21T18:27:43.437+0000] {processor.py:208} INFO - Processing /opt/airflow/dags/create_table_dag.py took 0.144 seconds
[2024-09-21T18:28:13.970+0000] {processor.py:186} INFO - Started process (PID=307) to work on /opt/airflow/dags/create_table_dag.py
[2024-09-21T18:28:13.972+0000] {processor.py:914} INFO - Processing file /opt/airflow/dags/create_table_dag.py for tasks to queue
[2024-09-21T18:28:13.976+0000] {logging_mixin.py:190} INFO - [2024-09-21T18:28:13.976+0000] {dagbag.py:587} INFO - Filling up the DagBag from /opt/airflow/dags/create_table_dag.py
[2024-09-21T18:28:14.008+0000] {processor.py:925} INFO - DAG(s) 'create_table_dag' retrieved from /opt/airflow/dags/create_table_dag.py
[2024-09-21T18:28:14.038+0000] {logging_mixin.py:190} INFO - [2024-09-21T18:28:14.038+0000] {dag.py:3229} INFO - Sync 1 DAGs
[2024-09-21T18:28:14.056+0000] {logging_mixin.py:190} INFO - [2024-09-21T18:28:14.056+0000] {dag.py:4156} INFO - Setting next_dagrun for create_table_dag to 2024-09-21 00:00:00+00:00, run_after=2024-09-22 00:00:00+00:00
[2024-09-21T18:28:14.073+0000] {processor.py:208} INFO - Processing /opt/airflow/dags/create_table_dag.py took 0.109 seconds
[2024-09-21T18:28:44.765+0000] {processor.py:186} INFO - Started process (PID=320) to work on /opt/airflow/dags/create_table_dag.py
[2024-09-21T18:28:44.770+0000] {processor.py:914} INFO - Processing file /opt/airflow/dags/create_table_dag.py for tasks to queue
[2024-09-21T18:28:44.775+0000] {logging_mixin.py:190} INFO - [2024-09-21T18:28:44.774+0000] {dagbag.py:587} INFO - Filling up the DagBag from /opt/airflow/dags/create_table_dag.py
[2024-09-21T18:28:44.807+0000] {processor.py:925} INFO - DAG(s) 'create_table_dag' retrieved from /opt/airflow/dags/create_table_dag.py
[2024-09-21T18:28:44.858+0000] {logging_mixin.py:190} INFO - [2024-09-21T18:28:44.858+0000] {dag.py:3229} INFO - Sync 1 DAGs
[2024-09-21T18:28:44.881+0000] {logging_mixin.py:190} INFO - [2024-09-21T18:28:44.880+0000] {dag.py:4156} INFO - Setting next_dagrun for create_table_dag to 2024-09-21 00:00:00+00:00, run_after=2024-09-22 00:00:00+00:00
[2024-09-21T18:28:44.900+0000] {processor.py:208} INFO - Processing /opt/airflow/dags/create_table_dag.py took 0.163 seconds
[2024-09-21T18:29:15.623+0000] {processor.py:186} INFO - Started process (PID=329) to work on /opt/airflow/dags/create_table_dag.py
[2024-09-21T18:29:15.629+0000] {processor.py:914} INFO - Processing file /opt/airflow/dags/create_table_dag.py for tasks to queue
[2024-09-21T18:29:15.635+0000] {logging_mixin.py:190} INFO - [2024-09-21T18:29:15.634+0000] {dagbag.py:587} INFO - Filling up the DagBag from /opt/airflow/dags/create_table_dag.py
[2024-09-21T18:29:15.668+0000] {processor.py:925} INFO - DAG(s) 'create_table_dag' retrieved from /opt/airflow/dags/create_table_dag.py
[2024-09-21T18:29:15.729+0000] {logging_mixin.py:190} INFO - [2024-09-21T18:29:15.729+0000] {dag.py:3229} INFO - Sync 1 DAGs
[2024-09-21T18:29:15.753+0000] {logging_mixin.py:190} INFO - [2024-09-21T18:29:15.753+0000] {dag.py:4156} INFO - Setting next_dagrun for create_table_dag to 2024-09-21 00:00:00+00:00, run_after=2024-09-22 00:00:00+00:00
[2024-09-21T18:29:15.772+0000] {processor.py:208} INFO - Processing /opt/airflow/dags/create_table_dag.py took 0.177 seconds
[2024-09-21T18:29:46.624+0000] {processor.py:186} INFO - Started process (PID=337) to work on /opt/airflow/dags/create_table_dag.py
[2024-09-21T18:29:46.627+0000] {processor.py:914} INFO - Processing file /opt/airflow/dags/create_table_dag.py for tasks to queue
[2024-09-21T18:29:46.633+0000] {logging_mixin.py:190} INFO - [2024-09-21T18:29:46.632+0000] {dagbag.py:587} INFO - Filling up the DagBag from /opt/airflow/dags/create_table_dag.py
[2024-09-21T18:29:46.669+0000] {processor.py:925} INFO - DAG(s) 'create_table_dag' retrieved from /opt/airflow/dags/create_table_dag.py
[2024-09-21T18:29:46.705+0000] {logging_mixin.py:190} INFO - [2024-09-21T18:29:46.705+0000] {dag.py:3229} INFO - Sync 1 DAGs
[2024-09-21T18:29:46.726+0000] {logging_mixin.py:190} INFO - [2024-09-21T18:29:46.726+0000] {dag.py:4156} INFO - Setting next_dagrun for create_table_dag to 2024-09-21 00:00:00+00:00, run_after=2024-09-22 00:00:00+00:00
[2024-09-21T18:29:46.743+0000] {processor.py:208} INFO - Processing /opt/airflow/dags/create_table_dag.py took 0.145 seconds
[2024-09-21T18:30:17.481+0000] {processor.py:186} INFO - Started process (PID=346) to work on /opt/airflow/dags/create_table_dag.py
[2024-09-21T18:30:17.484+0000] {processor.py:914} INFO - Processing file /opt/airflow/dags/create_table_dag.py for tasks to queue
[2024-09-21T18:30:17.492+0000] {logging_mixin.py:190} INFO - [2024-09-21T18:30:17.491+0000] {dagbag.py:587} INFO - Filling up the DagBag from /opt/airflow/dags/create_table_dag.py
[2024-09-21T18:30:17.537+0000] {processor.py:925} INFO - DAG(s) 'create_table_dag' retrieved from /opt/airflow/dags/create_table_dag.py
[2024-09-21T18:30:17.574+0000] {logging_mixin.py:190} INFO - [2024-09-21T18:30:17.574+0000] {dag.py:3229} INFO - Sync 1 DAGs
[2024-09-21T18:30:17.597+0000] {logging_mixin.py:190} INFO - [2024-09-21T18:30:17.597+0000] {dag.py:4156} INFO - Setting next_dagrun for create_table_dag to 2024-09-21 00:00:00+00:00, run_after=2024-09-22 00:00:00+00:00
[2024-09-21T18:30:17.624+0000] {processor.py:208} INFO - Processing /opt/airflow/dags/create_table_dag.py took 0.163 seconds
[2024-09-21T18:30:48.341+0000] {processor.py:186} INFO - Started process (PID=358) to work on /opt/airflow/dags/create_table_dag.py
[2024-09-21T18:30:48.344+0000] {processor.py:914} INFO - Processing file /opt/airflow/dags/create_table_dag.py for tasks to queue
[2024-09-21T18:30:48.354+0000] {logging_mixin.py:190} INFO - [2024-09-21T18:30:48.354+0000] {dagbag.py:587} INFO - Filling up the DagBag from /opt/airflow/dags/create_table_dag.py
[2024-09-21T18:30:48.393+0000] {processor.py:925} INFO - DAG(s) 'create_table_dag' retrieved from /opt/airflow/dags/create_table_dag.py
[2024-09-21T18:30:48.436+0000] {logging_mixin.py:190} INFO - [2024-09-21T18:30:48.436+0000] {dag.py:3229} INFO - Sync 1 DAGs
[2024-09-21T18:30:48.472+0000] {logging_mixin.py:190} INFO - [2024-09-21T18:30:48.472+0000] {dag.py:4156} INFO - Setting next_dagrun for create_table_dag to 2024-09-21 00:00:00+00:00, run_after=2024-09-22 00:00:00+00:00
[2024-09-21T18:30:48.489+0000] {processor.py:208} INFO - Processing /opt/airflow/dags/create_table_dag.py took 0.167 seconds
[2024-09-21T18:31:19.379+0000] {processor.py:186} INFO - Started process (PID=372) to work on /opt/airflow/dags/create_table_dag.py
[2024-09-21T18:31:19.381+0000] {processor.py:914} INFO - Processing file /opt/airflow/dags/create_table_dag.py for tasks to queue
[2024-09-21T18:31:19.387+0000] {logging_mixin.py:190} INFO - [2024-09-21T18:31:19.386+0000] {dagbag.py:587} INFO - Filling up the DagBag from /opt/airflow/dags/create_table_dag.py
[2024-09-21T18:31:19.412+0000] {processor.py:925} INFO - DAG(s) 'create_table_dag' retrieved from /opt/airflow/dags/create_table_dag.py
[2024-09-21T18:31:19.477+0000] {logging_mixin.py:190} INFO - [2024-09-21T18:31:19.477+0000] {dag.py:3229} INFO - Sync 1 DAGs
[2024-09-21T18:31:19.496+0000] {logging_mixin.py:190} INFO - [2024-09-21T18:31:19.496+0000] {dag.py:4156} INFO - Setting next_dagrun for create_table_dag to 2024-09-21 00:00:00+00:00, run_after=2024-09-22 00:00:00+00:00
[2024-09-21T18:31:19.511+0000] {processor.py:208} INFO - Processing /opt/airflow/dags/create_table_dag.py took 0.141 seconds
[2024-09-21T18:31:50.111+0000] {processor.py:186} INFO - Started process (PID=381) to work on /opt/airflow/dags/create_table_dag.py
[2024-09-21T18:31:50.114+0000] {processor.py:914} INFO - Processing file /opt/airflow/dags/create_table_dag.py for tasks to queue
[2024-09-21T18:31:50.128+0000] {logging_mixin.py:190} INFO - [2024-09-21T18:31:50.124+0000] {dagbag.py:587} INFO - Filling up the DagBag from /opt/airflow/dags/create_table_dag.py
[2024-09-21T18:31:50.174+0000] {processor.py:925} INFO - DAG(s) 'create_table_dag' retrieved from /opt/airflow/dags/create_table_dag.py
[2024-09-21T18:31:50.227+0000] {logging_mixin.py:190} INFO - [2024-09-21T18:31:50.227+0000] {dag.py:3229} INFO - Sync 1 DAGs
[2024-09-21T18:31:50.253+0000] {logging_mixin.py:190} INFO - [2024-09-21T18:31:50.253+0000] {dag.py:4156} INFO - Setting next_dagrun for create_table_dag to 2024-09-21 00:00:00+00:00, run_after=2024-09-22 00:00:00+00:00
[2024-09-21T18:31:50.275+0000] {processor.py:208} INFO - Processing /opt/airflow/dags/create_table_dag.py took 0.172 seconds
[2024-09-21T18:32:21.064+0000] {processor.py:186} INFO - Started process (PID=390) to work on /opt/airflow/dags/create_table_dag.py
[2024-09-21T18:32:21.066+0000] {processor.py:914} INFO - Processing file /opt/airflow/dags/create_table_dag.py for tasks to queue
[2024-09-21T18:32:21.071+0000] {logging_mixin.py:190} INFO - [2024-09-21T18:32:21.071+0000] {dagbag.py:587} INFO - Filling up the DagBag from /opt/airflow/dags/create_table_dag.py
[2024-09-21T18:32:21.119+0000] {processor.py:925} INFO - DAG(s) 'create_table_dag' retrieved from /opt/airflow/dags/create_table_dag.py
[2024-09-21T18:32:21.156+0000] {logging_mixin.py:190} INFO - [2024-09-21T18:32:21.156+0000] {dag.py:3229} INFO - Sync 1 DAGs
[2024-09-21T18:32:21.177+0000] {logging_mixin.py:190} INFO - [2024-09-21T18:32:21.177+0000] {dag.py:4156} INFO - Setting next_dagrun for create_table_dag to 2024-09-21 00:00:00+00:00, run_after=2024-09-22 00:00:00+00:00
[2024-09-21T18:32:21.194+0000] {processor.py:208} INFO - Processing /opt/airflow/dags/create_table_dag.py took 0.140 seconds
[2024-09-21T18:32:51.881+0000] {processor.py:186} INFO - Started process (PID=399) to work on /opt/airflow/dags/create_table_dag.py
[2024-09-21T18:32:51.884+0000] {processor.py:914} INFO - Processing file /opt/airflow/dags/create_table_dag.py for tasks to queue
[2024-09-21T18:32:51.890+0000] {logging_mixin.py:190} INFO - [2024-09-21T18:32:51.890+0000] {dagbag.py:587} INFO - Filling up the DagBag from /opt/airflow/dags/create_table_dag.py
[2024-09-21T18:32:51.929+0000] {processor.py:925} INFO - DAG(s) 'create_table_dag' retrieved from /opt/airflow/dags/create_table_dag.py
[2024-09-21T18:32:51.967+0000] {logging_mixin.py:190} INFO - [2024-09-21T18:32:51.967+0000] {dag.py:3229} INFO - Sync 1 DAGs
[2024-09-21T18:32:51.989+0000] {logging_mixin.py:190} INFO - [2024-09-21T18:32:51.989+0000] {dag.py:4156} INFO - Setting next_dagrun for create_table_dag to 2024-09-21 00:00:00+00:00, run_after=2024-09-22 00:00:00+00:00
[2024-09-21T18:32:52.005+0000] {processor.py:208} INFO - Processing /opt/airflow/dags/create_table_dag.py took 0.135 seconds
[2024-09-21T18:33:22.713+0000] {processor.py:186} INFO - Started process (PID=408) to work on /opt/airflow/dags/create_table_dag.py
[2024-09-21T18:33:22.716+0000] {processor.py:914} INFO - Processing file /opt/airflow/dags/create_table_dag.py for tasks to queue
[2024-09-21T18:33:22.721+0000] {logging_mixin.py:190} INFO - [2024-09-21T18:33:22.721+0000] {dagbag.py:587} INFO - Filling up the DagBag from /opt/airflow/dags/create_table_dag.py
[2024-09-21T18:33:22.768+0000] {processor.py:925} INFO - DAG(s) 'create_table_dag' retrieved from /opt/airflow/dags/create_table_dag.py
[2024-09-21T18:33:22.803+0000] {logging_mixin.py:190} INFO - [2024-09-21T18:33:22.802+0000] {dag.py:3229} INFO - Sync 1 DAGs
[2024-09-21T18:33:22.830+0000] {logging_mixin.py:190} INFO - [2024-09-21T18:33:22.830+0000] {dag.py:4156} INFO - Setting next_dagrun for create_table_dag to 2024-09-21 00:00:00+00:00, run_after=2024-09-22 00:00:00+00:00
[2024-09-21T18:33:22.851+0000] {processor.py:208} INFO - Processing /opt/airflow/dags/create_table_dag.py took 0.152 seconds
[2024-09-21T18:33:53.447+0000] {processor.py:186} INFO - Started process (PID=417) to work on /opt/airflow/dags/create_table_dag.py
[2024-09-21T18:33:53.449+0000] {processor.py:914} INFO - Processing file /opt/airflow/dags/create_table_dag.py for tasks to queue
[2024-09-21T18:33:53.452+0000] {logging_mixin.py:190} INFO - [2024-09-21T18:33:53.452+0000] {dagbag.py:587} INFO - Filling up the DagBag from /opt/airflow/dags/create_table_dag.py
[2024-09-21T18:33:53.469+0000] {processor.py:925} INFO - DAG(s) 'create_table_dag' retrieved from /opt/airflow/dags/create_table_dag.py
[2024-09-21T18:33:53.494+0000] {logging_mixin.py:190} INFO - [2024-09-21T18:33:53.494+0000] {dag.py:3229} INFO - Sync 1 DAGs
[2024-09-21T18:33:53.513+0000] {logging_mixin.py:190} INFO - [2024-09-21T18:33:53.513+0000] {dag.py:4156} INFO - Setting next_dagrun for create_table_dag to 2024-09-21 00:00:00+00:00, run_after=2024-09-22 00:00:00+00:00
[2024-09-21T18:33:53.529+0000] {processor.py:208} INFO - Processing /opt/airflow/dags/create_table_dag.py took 0.090 seconds
[2024-09-21T18:34:24.145+0000] {processor.py:186} INFO - Started process (PID=426) to work on /opt/airflow/dags/create_table_dag.py
[2024-09-21T18:34:24.148+0000] {processor.py:914} INFO - Processing file /opt/airflow/dags/create_table_dag.py for tasks to queue
[2024-09-21T18:34:24.152+0000] {logging_mixin.py:190} INFO - [2024-09-21T18:34:24.152+0000] {dagbag.py:587} INFO - Filling up the DagBag from /opt/airflow/dags/create_table_dag.py
[2024-09-21T18:34:24.172+0000] {processor.py:925} INFO - DAG(s) 'create_table_dag' retrieved from /opt/airflow/dags/create_table_dag.py
[2024-09-21T18:34:24.196+0000] {logging_mixin.py:190} INFO - [2024-09-21T18:34:24.196+0000] {dag.py:3229} INFO - Sync 1 DAGs
[2024-09-21T18:34:24.212+0000] {logging_mixin.py:190} INFO - [2024-09-21T18:34:24.212+0000] {dag.py:4156} INFO - Setting next_dagrun for create_table_dag to 2024-09-21 00:00:00+00:00, run_after=2024-09-22 00:00:00+00:00
[2024-09-21T18:34:24.226+0000] {processor.py:208} INFO - Processing /opt/airflow/dags/create_table_dag.py took 0.094 seconds
[2024-09-21T18:34:54.996+0000] {processor.py:186} INFO - Started process (PID=435) to work on /opt/airflow/dags/create_table_dag.py
[2024-09-21T18:34:55.001+0000] {processor.py:914} INFO - Processing file /opt/airflow/dags/create_table_dag.py for tasks to queue
[2024-09-21T18:34:55.008+0000] {logging_mixin.py:190} INFO - [2024-09-21T18:34:55.007+0000] {dagbag.py:587} INFO - Filling up the DagBag from /opt/airflow/dags/create_table_dag.py
[2024-09-21T18:34:55.035+0000] {processor.py:925} INFO - DAG(s) 'create_table_dag' retrieved from /opt/airflow/dags/create_table_dag.py
[2024-09-21T18:34:55.080+0000] {logging_mixin.py:190} INFO - [2024-09-21T18:34:55.080+0000] {dag.py:3229} INFO - Sync 1 DAGs
[2024-09-21T18:34:55.103+0000] {logging_mixin.py:190} INFO - [2024-09-21T18:34:55.103+0000] {dag.py:4156} INFO - Setting next_dagrun for create_table_dag to 2024-09-21 00:00:00+00:00, run_after=2024-09-22 00:00:00+00:00
[2024-09-21T18:34:55.118+0000] {processor.py:208} INFO - Processing /opt/airflow/dags/create_table_dag.py took 0.143 seconds
[2024-09-21T18:35:25.851+0000] {processor.py:186} INFO - Started process (PID=444) to work on /opt/airflow/dags/create_table_dag.py
[2024-09-21T18:35:25.854+0000] {processor.py:914} INFO - Processing file /opt/airflow/dags/create_table_dag.py for tasks to queue
[2024-09-21T18:35:25.860+0000] {logging_mixin.py:190} INFO - [2024-09-21T18:35:25.859+0000] {dagbag.py:587} INFO - Filling up the DagBag from /opt/airflow/dags/create_table_dag.py
[2024-09-21T18:35:25.904+0000] {processor.py:925} INFO - DAG(s) 'create_table_dag' retrieved from /opt/airflow/dags/create_table_dag.py
[2024-09-21T18:35:25.955+0000] {logging_mixin.py:190} INFO - [2024-09-21T18:35:25.955+0000] {dag.py:3229} INFO - Sync 1 DAGs
[2024-09-21T18:35:25.980+0000] {logging_mixin.py:190} INFO - [2024-09-21T18:35:25.980+0000] {dag.py:4156} INFO - Setting next_dagrun for create_table_dag to 2024-09-21 00:00:00+00:00, run_after=2024-09-22 00:00:00+00:00
[2024-09-21T18:35:26.013+0000] {processor.py:208} INFO - Processing /opt/airflow/dags/create_table_dag.py took 0.173 seconds
[2024-09-21T18:35:56.758+0000] {processor.py:186} INFO - Started process (PID=452) to work on /opt/airflow/dags/create_table_dag.py
[2024-09-21T18:35:56.761+0000] {processor.py:914} INFO - Processing file /opt/airflow/dags/create_table_dag.py for tasks to queue
[2024-09-21T18:35:56.770+0000] {logging_mixin.py:190} INFO - [2024-09-21T18:35:56.769+0000] {dagbag.py:587} INFO - Filling up the DagBag from /opt/airflow/dags/create_table_dag.py
[2024-09-21T18:35:56.806+0000] {processor.py:925} INFO - DAG(s) 'create_table_dag' retrieved from /opt/airflow/dags/create_table_dag.py
[2024-09-21T18:35:56.852+0000] {logging_mixin.py:190} INFO - [2024-09-21T18:35:56.852+0000] {dag.py:3229} INFO - Sync 1 DAGs
[2024-09-21T18:35:56.876+0000] {logging_mixin.py:190} INFO - [2024-09-21T18:35:56.876+0000] {dag.py:4156} INFO - Setting next_dagrun for create_table_dag to 2024-09-21 00:00:00+00:00, run_after=2024-09-22 00:00:00+00:00
[2024-09-21T18:35:56.908+0000] {processor.py:208} INFO - Processing /opt/airflow/dags/create_table_dag.py took 0.163 seconds
[2024-09-21T18:36:01.043+0000] {processor.py:186} INFO - Started process (PID=453) to work on /opt/airflow/dags/create_table_dag.py
[2024-09-21T18:36:01.045+0000] {processor.py:914} INFO - Processing file /opt/airflow/dags/create_table_dag.py for tasks to queue
[2024-09-21T18:36:01.051+0000] {logging_mixin.py:190} INFO - [2024-09-21T18:36:01.050+0000] {dagbag.py:587} INFO - Filling up the DagBag from /opt/airflow/dags/create_table_dag.py
[2024-09-21T18:36:01.108+0000] {processor.py:925} INFO - DAG(s) 'create_table_dag' retrieved from /opt/airflow/dags/create_table_dag.py
[2024-09-21T18:36:01.253+0000] {logging_mixin.py:190} INFO - [2024-09-21T18:36:01.252+0000] {dag.py:3229} INFO - Sync 1 DAGs
[2024-09-21T18:36:01.271+0000] {logging_mixin.py:190} INFO - [2024-09-21T18:36:01.271+0000] {dag.py:4156} INFO - Setting next_dagrun for create_table_dag to 2024-09-21 00:00:00+00:00, run_after=2024-09-22 00:00:00+00:00
[2024-09-21T18:36:01.290+0000] {processor.py:208} INFO - Processing /opt/airflow/dags/create_table_dag.py took 0.257 seconds
[2024-09-21T18:36:06.420+0000] {processor.py:186} INFO - Started process (PID=455) to work on /opt/airflow/dags/create_table_dag.py
[2024-09-21T18:36:06.424+0000] {processor.py:914} INFO - Processing file /opt/airflow/dags/create_table_dag.py for tasks to queue
[2024-09-21T18:36:06.430+0000] {logging_mixin.py:190} INFO - [2024-09-21T18:36:06.430+0000] {dagbag.py:587} INFO - Filling up the DagBag from /opt/airflow/dags/create_table_dag.py
[2024-09-21T18:36:06.463+0000] {processor.py:925} INFO - DAG(s) 'create_table_dag' retrieved from /opt/airflow/dags/create_table_dag.py
[2024-09-21T18:36:06.524+0000] {logging_mixin.py:190} INFO - [2024-09-21T18:36:06.524+0000] {dag.py:3229} INFO - Sync 1 DAGs
[2024-09-21T18:36:06.560+0000] {logging_mixin.py:190} INFO - [2024-09-21T18:36:06.560+0000] {dag.py:4156} INFO - Setting next_dagrun for create_table_dag to 2024-09-21 00:00:00+00:00, run_after=2024-09-22 00:00:00+00:00
[2024-09-21T18:36:06.578+0000] {processor.py:208} INFO - Processing /opt/airflow/dags/create_table_dag.py took 0.164 seconds
[2024-09-21T18:36:37.497+0000] {processor.py:186} INFO - Started process (PID=473) to work on /opt/airflow/dags/create_table_dag.py
[2024-09-21T18:36:37.503+0000] {processor.py:914} INFO - Processing file /opt/airflow/dags/create_table_dag.py for tasks to queue
[2024-09-21T18:36:37.527+0000] {logging_mixin.py:190} INFO - [2024-09-21T18:36:37.525+0000] {dagbag.py:587} INFO - Filling up the DagBag from /opt/airflow/dags/create_table_dag.py
[2024-09-21T18:36:37.570+0000] {processor.py:925} INFO - DAG(s) 'create_table_dag' retrieved from /opt/airflow/dags/create_table_dag.py
[2024-09-21T18:36:37.916+0000] {logging_mixin.py:190} INFO - [2024-09-21T18:36:37.916+0000] {dag.py:3229} INFO - Sync 1 DAGs
[2024-09-21T18:36:37.945+0000] {logging_mixin.py:190} INFO - [2024-09-21T18:36:37.945+0000] {dag.py:4156} INFO - Setting next_dagrun for create_table_dag to 2024-09-21 00:00:00+00:00, run_after=2024-09-22 00:00:00+00:00
[2024-09-21T18:36:37.993+0000] {processor.py:208} INFO - Processing /opt/airflow/dags/create_table_dag.py took 0.523 seconds
[2024-09-21T18:37:08.248+0000] {processor.py:186} INFO - Started process (PID=482) to work on /opt/airflow/dags/create_table_dag.py
[2024-09-21T18:37:08.250+0000] {processor.py:914} INFO - Processing file /opt/airflow/dags/create_table_dag.py for tasks to queue
[2024-09-21T18:37:08.255+0000] {logging_mixin.py:190} INFO - [2024-09-21T18:37:08.254+0000] {dagbag.py:587} INFO - Filling up the DagBag from /opt/airflow/dags/create_table_dag.py
[2024-09-21T18:37:08.276+0000] {processor.py:925} INFO - DAG(s) 'create_table_dag' retrieved from /opt/airflow/dags/create_table_dag.py
[2024-09-21T18:37:08.302+0000] {logging_mixin.py:190} INFO - [2024-09-21T18:37:08.302+0000] {dag.py:3229} INFO - Sync 1 DAGs
[2024-09-21T18:37:08.316+0000] {logging_mixin.py:190} INFO - [2024-09-21T18:37:08.316+0000] {dag.py:4156} INFO - Setting next_dagrun for create_table_dag to 2024-09-21 00:00:00+00:00, run_after=2024-09-22 00:00:00+00:00
[2024-09-21T18:37:08.331+0000] {processor.py:208} INFO - Processing /opt/airflow/dags/create_table_dag.py took 0.090 seconds
[2024-09-21T18:37:38.906+0000] {processor.py:186} INFO - Started process (PID=491) to work on /opt/airflow/dags/create_table_dag.py
[2024-09-21T18:37:38.908+0000] {processor.py:914} INFO - Processing file /opt/airflow/dags/create_table_dag.py for tasks to queue
[2024-09-21T18:37:38.911+0000] {logging_mixin.py:190} INFO - [2024-09-21T18:37:38.911+0000] {dagbag.py:587} INFO - Filling up the DagBag from /opt/airflow/dags/create_table_dag.py
[2024-09-21T18:37:38.930+0000] {processor.py:925} INFO - DAG(s) 'create_table_dag' retrieved from /opt/airflow/dags/create_table_dag.py
[2024-09-21T18:37:38.952+0000] {logging_mixin.py:190} INFO - [2024-09-21T18:37:38.952+0000] {dag.py:3229} INFO - Sync 1 DAGs
[2024-09-21T18:37:38.965+0000] {logging_mixin.py:190} INFO - [2024-09-21T18:37:38.965+0000] {dag.py:4156} INFO - Setting next_dagrun for create_table_dag to 2024-09-21 00:00:00+00:00, run_after=2024-09-22 00:00:00+00:00
[2024-09-21T18:37:38.981+0000] {processor.py:208} INFO - Processing /opt/airflow/dags/create_table_dag.py took 0.084 seconds
[2024-09-21T18:38:09.606+0000] {processor.py:186} INFO - Started process (PID=500) to work on /opt/airflow/dags/create_table_dag.py
[2024-09-21T18:38:09.608+0000] {processor.py:914} INFO - Processing file /opt/airflow/dags/create_table_dag.py for tasks to queue
[2024-09-21T18:38:09.611+0000] {logging_mixin.py:190} INFO - [2024-09-21T18:38:09.611+0000] {dagbag.py:587} INFO - Filling up the DagBag from /opt/airflow/dags/create_table_dag.py
[2024-09-21T18:38:09.637+0000] {processor.py:925} INFO - DAG(s) 'create_table_dag' retrieved from /opt/airflow/dags/create_table_dag.py
[2024-09-21T18:38:09.660+0000] {logging_mixin.py:190} INFO - [2024-09-21T18:38:09.660+0000] {dag.py:3229} INFO - Sync 1 DAGs
[2024-09-21T18:38:09.677+0000] {logging_mixin.py:190} INFO - [2024-09-21T18:38:09.677+0000] {dag.py:4156} INFO - Setting next_dagrun for create_table_dag to 2024-09-21 00:00:00+00:00, run_after=2024-09-22 00:00:00+00:00
[2024-09-21T18:38:09.693+0000] {processor.py:208} INFO - Processing /opt/airflow/dags/create_table_dag.py took 0.095 seconds
[2024-09-21T18:38:40.416+0000] {processor.py:186} INFO - Started process (PID=509) to work on /opt/airflow/dags/create_table_dag.py
[2024-09-21T18:38:40.419+0000] {processor.py:914} INFO - Processing file /opt/airflow/dags/create_table_dag.py for tasks to queue
[2024-09-21T18:38:40.422+0000] {logging_mixin.py:190} INFO - [2024-09-21T18:38:40.421+0000] {dagbag.py:587} INFO - Filling up the DagBag from /opt/airflow/dags/create_table_dag.py
[2024-09-21T18:38:40.442+0000] {processor.py:925} INFO - DAG(s) 'create_table_dag' retrieved from /opt/airflow/dags/create_table_dag.py
[2024-09-21T18:38:40.464+0000] {logging_mixin.py:190} INFO - [2024-09-21T18:38:40.464+0000] {dag.py:3229} INFO - Sync 1 DAGs
[2024-09-21T18:38:40.479+0000] {logging_mixin.py:190} INFO - [2024-09-21T18:38:40.479+0000] {dag.py:4156} INFO - Setting next_dagrun for create_table_dag to 2024-09-21 00:00:00+00:00, run_after=2024-09-22 00:00:00+00:00
[2024-09-21T18:38:40.495+0000] {processor.py:208} INFO - Processing /opt/airflow/dags/create_table_dag.py took 0.088 seconds
[2024-09-21T18:39:11.131+0000] {processor.py:186} INFO - Started process (PID=518) to work on /opt/airflow/dags/create_table_dag.py
[2024-09-21T18:39:11.134+0000] {processor.py:914} INFO - Processing file /opt/airflow/dags/create_table_dag.py for tasks to queue
[2024-09-21T18:39:11.138+0000] {logging_mixin.py:190} INFO - [2024-09-21T18:39:11.137+0000] {dagbag.py:587} INFO - Filling up the DagBag from /opt/airflow/dags/create_table_dag.py
[2024-09-21T18:39:11.161+0000] {processor.py:925} INFO - DAG(s) 'create_table_dag' retrieved from /opt/airflow/dags/create_table_dag.py
[2024-09-21T18:39:11.182+0000] {logging_mixin.py:190} INFO - [2024-09-21T18:39:11.181+0000] {dag.py:3229} INFO - Sync 1 DAGs
[2024-09-21T18:39:11.196+0000] {logging_mixin.py:190} INFO - [2024-09-21T18:39:11.196+0000] {dag.py:4156} INFO - Setting next_dagrun for create_table_dag to 2024-09-21 00:00:00+00:00, run_after=2024-09-22 00:00:00+00:00
[2024-09-21T18:39:11.209+0000] {processor.py:208} INFO - Processing /opt/airflow/dags/create_table_dag.py took 0.086 seconds
[2024-09-21T18:39:41.793+0000] {processor.py:186} INFO - Started process (PID=527) to work on /opt/airflow/dags/create_table_dag.py
[2024-09-21T18:39:41.796+0000] {processor.py:914} INFO - Processing file /opt/airflow/dags/create_table_dag.py for tasks to queue
[2024-09-21T18:39:41.800+0000] {logging_mixin.py:190} INFO - [2024-09-21T18:39:41.799+0000] {dagbag.py:587} INFO - Filling up the DagBag from /opt/airflow/dags/create_table_dag.py
[2024-09-21T18:39:41.820+0000] {processor.py:925} INFO - DAG(s) 'create_table_dag' retrieved from /opt/airflow/dags/create_table_dag.py
[2024-09-21T18:39:41.843+0000] {logging_mixin.py:190} INFO - [2024-09-21T18:39:41.843+0000] {dag.py:3229} INFO - Sync 1 DAGs
[2024-09-21T18:39:41.858+0000] {logging_mixin.py:190} INFO - [2024-09-21T18:39:41.858+0000] {dag.py:4156} INFO - Setting next_dagrun for create_table_dag to 2024-09-21 00:00:00+00:00, run_after=2024-09-22 00:00:00+00:00
[2024-09-21T18:39:41.875+0000] {processor.py:208} INFO - Processing /opt/airflow/dags/create_table_dag.py took 0.090 seconds
