[2024-09-21T13:06:18.322+0000] {processor.py:186} INFO - Started process (PID=32) to work on /opt/airflow/dags/etl_dag.py
[2024-09-21T13:06:18.327+0000] {processor.py:914} INFO - Processing file /opt/airflow/dags/etl_dag.py for tasks to queue
[2024-09-21T13:06:18.357+0000] {logging_mixin.py:190} INFO - [2024-09-21T13:06:18.357+0000] {dagbag.py:587} INFO - Filling up the DagBag from /opt/airflow/dags/etl_dag.py
[2024-09-21T13:06:18.470+0000] {processor.py:925} INFO - DAG(s) 'etl_dag' retrieved from /opt/airflow/dags/etl_dag.py
[2024-09-21T13:06:21.408+0000] {logging_mixin.py:190} INFO - [2024-09-21T13:06:21.407+0000] {dag.py:3229} INFO - Sync 1 DAGs
[2024-09-21T13:06:21.467+0000] {logging_mixin.py:190} INFO - [2024-09-21T13:06:21.466+0000] {dag.py:3252} INFO - Creating ORM DAG for etl_dag
[2024-09-21T13:06:21.578+0000] {logging_mixin.py:190} INFO - [2024-09-21T13:06:21.578+0000] {dag.py:4156} INFO - Setting next_dagrun for etl_dag to 2024-09-20 00:00:00+00:00, run_after=2024-09-21 00:00:00+00:00
[2024-09-21T13:06:21.967+0000] {processor.py:208} INFO - Processing /opt/airflow/dags/etl_dag.py took 3.671 seconds
[2024-09-21T13:06:52.216+0000] {processor.py:186} INFO - Started process (PID=41) to work on /opt/airflow/dags/etl_dag.py
[2024-09-21T13:06:52.219+0000] {processor.py:914} INFO - Processing file /opt/airflow/dags/etl_dag.py for tasks to queue
[2024-09-21T13:06:52.227+0000] {logging_mixin.py:190} INFO - [2024-09-21T13:06:52.226+0000] {dagbag.py:587} INFO - Filling up the DagBag from /opt/airflow/dags/etl_dag.py
[2024-09-21T13:06:52.251+0000] {processor.py:925} INFO - DAG(s) 'etl_dag' retrieved from /opt/airflow/dags/etl_dag.py
[2024-09-21T13:06:52.329+0000] {logging_mixin.py:190} INFO - [2024-09-21T13:06:52.328+0000] {dag.py:3229} INFO - Sync 1 DAGs
[2024-09-21T13:06:52.421+0000] {logging_mixin.py:190} INFO - [2024-09-21T13:06:52.421+0000] {dag.py:4156} INFO - Setting next_dagrun for etl_dag to 2024-09-20 00:00:00+00:00, run_after=2024-09-21 00:00:00+00:00
[2024-09-21T13:06:52.447+0000] {processor.py:208} INFO - Processing /opt/airflow/dags/etl_dag.py took 0.244 seconds
[2024-09-21T13:07:22.858+0000] {processor.py:186} INFO - Started process (PID=55) to work on /opt/airflow/dags/etl_dag.py
[2024-09-21T13:07:22.859+0000] {processor.py:914} INFO - Processing file /opt/airflow/dags/etl_dag.py for tasks to queue
[2024-09-21T13:07:22.865+0000] {logging_mixin.py:190} INFO - [2024-09-21T13:07:22.864+0000] {dagbag.py:587} INFO - Filling up the DagBag from /opt/airflow/dags/etl_dag.py
[2024-09-21T13:07:22.883+0000] {processor.py:925} INFO - DAG(s) 'etl_dag' retrieved from /opt/airflow/dags/etl_dag.py
[2024-09-21T13:07:22.924+0000] {logging_mixin.py:190} INFO - [2024-09-21T13:07:22.924+0000] {dag.py:3229} INFO - Sync 1 DAGs
[2024-09-21T13:07:22.949+0000] {logging_mixin.py:190} INFO - [2024-09-21T13:07:22.949+0000] {dag.py:4156} INFO - Setting next_dagrun for etl_dag to 2024-09-20 00:00:00+00:00, run_after=2024-09-21 00:00:00+00:00
[2024-09-21T13:07:22.966+0000] {processor.py:208} INFO - Processing /opt/airflow/dags/etl_dag.py took 0.118 seconds
[2024-09-21T13:07:53.769+0000] {processor.py:186} INFO - Started process (PID=70) to work on /opt/airflow/dags/etl_dag.py
[2024-09-21T13:07:53.771+0000] {processor.py:914} INFO - Processing file /opt/airflow/dags/etl_dag.py for tasks to queue
[2024-09-21T13:07:53.776+0000] {logging_mixin.py:190} INFO - [2024-09-21T13:07:53.775+0000] {dagbag.py:587} INFO - Filling up the DagBag from /opt/airflow/dags/etl_dag.py
[2024-09-21T13:07:53.788+0000] {processor.py:925} INFO - DAG(s) 'etl_dag' retrieved from /opt/airflow/dags/etl_dag.py
[2024-09-21T13:07:53.814+0000] {logging_mixin.py:190} INFO - [2024-09-21T13:07:53.814+0000] {dag.py:3229} INFO - Sync 1 DAGs
[2024-09-21T13:07:53.845+0000] {logging_mixin.py:190} INFO - [2024-09-21T13:07:53.845+0000] {dag.py:4156} INFO - Setting next_dagrun for etl_dag to 2024-09-20 00:00:00+00:00, run_after=2024-09-21 00:00:00+00:00
[2024-09-21T13:07:53.997+0000] {processor.py:208} INFO - Processing /opt/airflow/dags/etl_dag.py took 0.236 seconds
[2024-09-21T13:08:24.035+0000] {processor.py:186} INFO - Started process (PID=84) to work on /opt/airflow/dags/etl_dag.py
[2024-09-21T13:08:24.037+0000] {processor.py:914} INFO - Processing file /opt/airflow/dags/etl_dag.py for tasks to queue
[2024-09-21T13:08:24.039+0000] {logging_mixin.py:190} INFO - [2024-09-21T13:08:24.039+0000] {dagbag.py:587} INFO - Filling up the DagBag from /opt/airflow/dags/etl_dag.py
[2024-09-21T13:08:24.045+0000] {processor.py:925} INFO - DAG(s) 'etl_dag' retrieved from /opt/airflow/dags/etl_dag.py
[2024-09-21T13:08:24.061+0000] {logging_mixin.py:190} INFO - [2024-09-21T13:08:24.061+0000] {dag.py:3229} INFO - Sync 1 DAGs
[2024-09-21T13:08:24.155+0000] {logging_mixin.py:190} INFO - [2024-09-21T13:08:24.155+0000] {dag.py:4156} INFO - Setting next_dagrun for etl_dag to 2024-09-20 00:00:00+00:00, run_after=2024-09-21 00:00:00+00:00
[2024-09-21T13:08:24.171+0000] {processor.py:208} INFO - Processing /opt/airflow/dags/etl_dag.py took 0.139 seconds
[2024-09-21T13:08:54.771+0000] {processor.py:186} INFO - Started process (PID=101) to work on /opt/airflow/dags/etl_dag.py
[2024-09-21T13:08:54.773+0000] {processor.py:914} INFO - Processing file /opt/airflow/dags/etl_dag.py for tasks to queue
[2024-09-21T13:08:54.778+0000] {logging_mixin.py:190} INFO - [2024-09-21T13:08:54.777+0000] {dagbag.py:587} INFO - Filling up the DagBag from /opt/airflow/dags/etl_dag.py
[2024-09-21T13:08:54.791+0000] {processor.py:925} INFO - DAG(s) 'etl_dag' retrieved from /opt/airflow/dags/etl_dag.py
[2024-09-21T13:08:54.831+0000] {logging_mixin.py:190} INFO - [2024-09-21T13:08:54.831+0000] {dag.py:3229} INFO - Sync 1 DAGs
[2024-09-21T13:08:55.049+0000] {logging_mixin.py:190} INFO - [2024-09-21T13:08:55.049+0000] {dag.py:4156} INFO - Setting next_dagrun for etl_dag to 2024-09-20 00:00:00+00:00, run_after=2024-09-21 00:00:00+00:00
[2024-09-21T13:08:55.063+0000] {processor.py:208} INFO - Processing /opt/airflow/dags/etl_dag.py took 0.298 seconds
[2024-09-21T13:09:25.897+0000] {processor.py:186} INFO - Started process (PID=110) to work on /opt/airflow/dags/etl_dag.py
[2024-09-21T13:09:25.900+0000] {processor.py:914} INFO - Processing file /opt/airflow/dags/etl_dag.py for tasks to queue
[2024-09-21T13:09:26.116+0000] {logging_mixin.py:190} INFO - [2024-09-21T13:09:26.116+0000] {dagbag.py:587} INFO - Filling up the DagBag from /opt/airflow/dags/etl_dag.py
[2024-09-21T13:09:26.125+0000] {processor.py:925} INFO - DAG(s) 'etl_dag' retrieved from /opt/airflow/dags/etl_dag.py
[2024-09-21T13:09:26.157+0000] {logging_mixin.py:190} INFO - [2024-09-21T13:09:26.156+0000] {dag.py:3229} INFO - Sync 1 DAGs
[2024-09-21T13:09:26.174+0000] {logging_mixin.py:190} INFO - [2024-09-21T13:09:26.173+0000] {dag.py:4156} INFO - Setting next_dagrun for etl_dag to 2024-09-20 00:00:00+00:00, run_after=2024-09-21 00:00:00+00:00
[2024-09-21T13:09:26.189+0000] {processor.py:208} INFO - Processing /opt/airflow/dags/etl_dag.py took 0.298 seconds
[2024-09-21T13:09:56.911+0000] {processor.py:186} INFO - Started process (PID=119) to work on /opt/airflow/dags/etl_dag.py
[2024-09-21T13:09:56.914+0000] {processor.py:914} INFO - Processing file /opt/airflow/dags/etl_dag.py for tasks to queue
[2024-09-21T13:09:56.919+0000] {logging_mixin.py:190} INFO - [2024-09-21T13:09:56.919+0000] {dagbag.py:587} INFO - Filling up the DagBag from /opt/airflow/dags/etl_dag.py
[2024-09-21T13:09:56.933+0000] {processor.py:925} INFO - DAG(s) 'etl_dag' retrieved from /opt/airflow/dags/etl_dag.py
[2024-09-21T13:09:56.963+0000] {logging_mixin.py:190} INFO - [2024-09-21T13:09:56.963+0000] {dag.py:3229} INFO - Sync 1 DAGs
[2024-09-21T13:09:56.997+0000] {logging_mixin.py:190} INFO - [2024-09-21T13:09:56.997+0000] {dag.py:4156} INFO - Setting next_dagrun for etl_dag to 2024-09-20 00:00:00+00:00, run_after=2024-09-21 00:00:00+00:00
[2024-09-21T13:09:57.016+0000] {processor.py:208} INFO - Processing /opt/airflow/dags/etl_dag.py took 0.116 seconds
[2024-09-21T13:10:27.796+0000] {processor.py:186} INFO - Started process (PID=128) to work on /opt/airflow/dags/etl_dag.py
[2024-09-21T13:10:27.800+0000] {processor.py:914} INFO - Processing file /opt/airflow/dags/etl_dag.py for tasks to queue
[2024-09-21T13:10:27.803+0000] {logging_mixin.py:190} INFO - [2024-09-21T13:10:27.802+0000] {dagbag.py:587} INFO - Filling up the DagBag from /opt/airflow/dags/etl_dag.py
[2024-09-21T13:10:27.826+0000] {processor.py:925} INFO - DAG(s) 'etl_dag' retrieved from /opt/airflow/dags/etl_dag.py
[2024-09-21T13:10:27.863+0000] {logging_mixin.py:190} INFO - [2024-09-21T13:10:27.863+0000] {dag.py:3229} INFO - Sync 1 DAGs
[2024-09-21T13:10:27.902+0000] {logging_mixin.py:190} INFO - [2024-09-21T13:10:27.902+0000] {dag.py:4156} INFO - Setting next_dagrun for etl_dag to 2024-09-20 00:00:00+00:00, run_after=2024-09-21 00:00:00+00:00
[2024-09-21T13:10:27.919+0000] {processor.py:208} INFO - Processing /opt/airflow/dags/etl_dag.py took 0.130 seconds
[2024-09-21T13:11:10.415+0000] {processor.py:186} INFO - Started process (PID=27) to work on /opt/airflow/dags/etl_dag.py
[2024-09-21T13:11:10.424+0000] {processor.py:914} INFO - Processing file /opt/airflow/dags/etl_dag.py for tasks to queue
[2024-09-21T13:11:10.432+0000] {logging_mixin.py:190} INFO - [2024-09-21T13:11:10.431+0000] {dagbag.py:587} INFO - Filling up the DagBag from /opt/airflow/dags/etl_dag.py
[2024-09-21T13:11:10.447+0000] {processor.py:925} INFO - DAG(s) 'etl_dag' retrieved from /opt/airflow/dags/etl_dag.py
[2024-09-21T13:11:10.517+0000] {logging_mixin.py:190} INFO - [2024-09-21T13:11:10.517+0000] {dag.py:3229} INFO - Sync 1 DAGs
[2024-09-21T13:11:10.546+0000] {logging_mixin.py:190} INFO - [2024-09-21T13:11:10.546+0000] {dag.py:4156} INFO - Setting next_dagrun for etl_dag to 2024-09-20 00:00:00+00:00, run_after=2024-09-21 00:00:00+00:00
[2024-09-21T13:11:10.588+0000] {processor.py:208} INFO - Processing /opt/airflow/dags/etl_dag.py took 0.202 seconds
[2024-09-21T13:11:41.057+0000] {processor.py:186} INFO - Started process (PID=36) to work on /opt/airflow/dags/etl_dag.py
[2024-09-21T13:11:41.059+0000] {processor.py:914} INFO - Processing file /opt/airflow/dags/etl_dag.py for tasks to queue
[2024-09-21T13:11:41.068+0000] {logging_mixin.py:190} INFO - [2024-09-21T13:11:41.067+0000] {dagbag.py:587} INFO - Filling up the DagBag from /opt/airflow/dags/etl_dag.py
[2024-09-21T13:11:41.092+0000] {processor.py:925} INFO - DAG(s) 'etl_dag' retrieved from /opt/airflow/dags/etl_dag.py
[2024-09-21T13:11:41.160+0000] {logging_mixin.py:190} INFO - [2024-09-21T13:11:41.160+0000] {dag.py:3229} INFO - Sync 1 DAGs
[2024-09-21T13:11:41.193+0000] {logging_mixin.py:190} INFO - [2024-09-21T13:11:41.193+0000] {dag.py:4156} INFO - Setting next_dagrun for etl_dag to 2024-09-20 00:00:00+00:00, run_after=2024-09-21 00:00:00+00:00
[2024-09-21T13:11:41.210+0000] {processor.py:208} INFO - Processing /opt/airflow/dags/etl_dag.py took 0.170 seconds
[2024-09-21T13:12:11.863+0000] {processor.py:186} INFO - Started process (PID=44) to work on /opt/airflow/dags/etl_dag.py
[2024-09-21T13:12:11.866+0000] {processor.py:914} INFO - Processing file /opt/airflow/dags/etl_dag.py for tasks to queue
[2024-09-21T13:12:11.868+0000] {logging_mixin.py:190} INFO - [2024-09-21T13:12:11.868+0000] {dagbag.py:587} INFO - Filling up the DagBag from /opt/airflow/dags/etl_dag.py
[2024-09-21T13:12:11.881+0000] {processor.py:925} INFO - DAG(s) 'etl_dag' retrieved from /opt/airflow/dags/etl_dag.py
[2024-09-21T13:12:11.910+0000] {logging_mixin.py:190} INFO - [2024-09-21T13:12:11.910+0000] {dag.py:3229} INFO - Sync 1 DAGs
[2024-09-21T13:12:11.941+0000] {logging_mixin.py:190} INFO - [2024-09-21T13:12:11.941+0000] {dag.py:4156} INFO - Setting next_dagrun for etl_dag to 2024-09-20 00:00:00+00:00, run_after=2024-09-21 00:00:00+00:00
[2024-09-21T13:12:11.960+0000] {processor.py:208} INFO - Processing /opt/airflow/dags/etl_dag.py took 0.114 seconds
[2024-09-21T13:12:42.786+0000] {processor.py:186} INFO - Started process (PID=53) to work on /opt/airflow/dags/etl_dag.py
[2024-09-21T13:12:42.787+0000] {processor.py:914} INFO - Processing file /opt/airflow/dags/etl_dag.py for tasks to queue
[2024-09-21T13:12:42.789+0000] {logging_mixin.py:190} INFO - [2024-09-21T13:12:42.789+0000] {dagbag.py:587} INFO - Filling up the DagBag from /opt/airflow/dags/etl_dag.py
[2024-09-21T13:12:42.812+0000] {processor.py:925} INFO - DAG(s) 'etl_dag' retrieved from /opt/airflow/dags/etl_dag.py
[2024-09-21T13:12:42.851+0000] {logging_mixin.py:190} INFO - [2024-09-21T13:12:42.851+0000] {dag.py:3229} INFO - Sync 1 DAGs
[2024-09-21T13:12:42.875+0000] {logging_mixin.py:190} INFO - [2024-09-21T13:12:42.875+0000] {dag.py:4156} INFO - Setting next_dagrun for etl_dag to 2024-09-20 00:00:00+00:00, run_after=2024-09-21 00:00:00+00:00
[2024-09-21T13:12:43.144+0000] {processor.py:208} INFO - Processing /opt/airflow/dags/etl_dag.py took 0.363 seconds
[2024-09-21T13:13:13.228+0000] {processor.py:186} INFO - Started process (PID=66) to work on /opt/airflow/dags/etl_dag.py
[2024-09-21T13:13:13.230+0000] {processor.py:914} INFO - Processing file /opt/airflow/dags/etl_dag.py for tasks to queue
[2024-09-21T13:13:13.238+0000] {logging_mixin.py:190} INFO - [2024-09-21T13:13:13.237+0000] {dagbag.py:587} INFO - Filling up the DagBag from /opt/airflow/dags/etl_dag.py
[2024-09-21T13:13:13.261+0000] {processor.py:925} INFO - DAG(s) 'etl_dag' retrieved from /opt/airflow/dags/etl_dag.py
[2024-09-21T13:13:13.309+0000] {logging_mixin.py:190} INFO - [2024-09-21T13:13:13.309+0000] {dag.py:3229} INFO - Sync 1 DAGs
[2024-09-21T13:13:13.702+0000] {logging_mixin.py:190} INFO - [2024-09-21T13:13:13.702+0000] {dag.py:4156} INFO - Setting next_dagrun for etl_dag to 2024-09-20 00:00:00+00:00, run_after=2024-09-21 00:00:00+00:00
[2024-09-21T13:13:13.715+0000] {processor.py:208} INFO - Processing /opt/airflow/dags/etl_dag.py took 0.496 seconds
[2024-09-21T13:13:44.454+0000] {processor.py:186} INFO - Started process (PID=76) to work on /opt/airflow/dags/etl_dag.py
[2024-09-21T13:13:44.456+0000] {processor.py:914} INFO - Processing file /opt/airflow/dags/etl_dag.py for tasks to queue
[2024-09-21T13:13:44.460+0000] {logging_mixin.py:190} INFO - [2024-09-21T13:13:44.460+0000] {dagbag.py:587} INFO - Filling up the DagBag from /opt/airflow/dags/etl_dag.py
[2024-09-21T13:13:44.497+0000] {processor.py:925} INFO - DAG(s) 'etl_dag' retrieved from /opt/airflow/dags/etl_dag.py
[2024-09-21T13:13:44.540+0000] {logging_mixin.py:190} INFO - [2024-09-21T13:13:44.540+0000] {dag.py:3229} INFO - Sync 1 DAGs
[2024-09-21T13:13:44.786+0000] {logging_mixin.py:190} INFO - [2024-09-21T13:13:44.786+0000] {dag.py:4156} INFO - Setting next_dagrun for etl_dag to 2024-09-20 00:00:00+00:00, run_after=2024-09-21 00:00:00+00:00
[2024-09-21T13:13:44.806+0000] {processor.py:208} INFO - Processing /opt/airflow/dags/etl_dag.py took 0.358 seconds
[2024-09-21T13:14:15.433+0000] {processor.py:186} INFO - Started process (PID=85) to work on /opt/airflow/dags/etl_dag.py
[2024-09-21T13:14:15.434+0000] {processor.py:914} INFO - Processing file /opt/airflow/dags/etl_dag.py for tasks to queue
[2024-09-21T13:14:15.629+0000] {logging_mixin.py:190} INFO - [2024-09-21T13:14:15.438+0000] {dagbag.py:587} INFO - Filling up the DagBag from /opt/airflow/dags/etl_dag.py
[2024-09-21T13:14:15.637+0000] {processor.py:925} INFO - DAG(s) 'etl_dag' retrieved from /opt/airflow/dags/etl_dag.py
[2024-09-21T13:14:15.655+0000] {logging_mixin.py:190} INFO - [2024-09-21T13:14:15.654+0000] {dag.py:3229} INFO - Sync 1 DAGs
[2024-09-21T13:14:15.669+0000] {logging_mixin.py:190} INFO - [2024-09-21T13:14:15.669+0000] {dag.py:4156} INFO - Setting next_dagrun for etl_dag to 2024-09-20 00:00:00+00:00, run_after=2024-09-21 00:00:00+00:00
[2024-09-21T13:14:15.686+0000] {processor.py:208} INFO - Processing /opt/airflow/dags/etl_dag.py took 0.258 seconds
[2024-09-21T13:14:45.934+0000] {processor.py:186} INFO - Started process (PID=94) to work on /opt/airflow/dags/etl_dag.py
[2024-09-21T13:14:45.936+0000] {processor.py:914} INFO - Processing file /opt/airflow/dags/etl_dag.py for tasks to queue
[2024-09-21T13:14:45.939+0000] {logging_mixin.py:190} INFO - [2024-09-21T13:14:45.938+0000] {dagbag.py:587} INFO - Filling up the DagBag from /opt/airflow/dags/etl_dag.py
[2024-09-21T13:14:45.949+0000] {processor.py:925} INFO - DAG(s) 'etl_dag' retrieved from /opt/airflow/dags/etl_dag.py
[2024-09-21T13:14:45.977+0000] {logging_mixin.py:190} INFO - [2024-09-21T13:14:45.977+0000] {dag.py:3229} INFO - Sync 1 DAGs
[2024-09-21T13:14:46.012+0000] {logging_mixin.py:190} INFO - [2024-09-21T13:14:46.012+0000] {dag.py:4156} INFO - Setting next_dagrun for etl_dag to 2024-09-20 00:00:00+00:00, run_after=2024-09-21 00:00:00+00:00
[2024-09-21T13:14:46.034+0000] {processor.py:208} INFO - Processing /opt/airflow/dags/etl_dag.py took 0.109 seconds
[2024-09-21T13:15:16.834+0000] {processor.py:186} INFO - Started process (PID=103) to work on /opt/airflow/dags/etl_dag.py
[2024-09-21T13:15:16.836+0000] {processor.py:914} INFO - Processing file /opt/airflow/dags/etl_dag.py for tasks to queue
[2024-09-21T13:15:16.848+0000] {logging_mixin.py:190} INFO - [2024-09-21T13:15:16.848+0000] {dagbag.py:587} INFO - Filling up the DagBag from /opt/airflow/dags/etl_dag.py
[2024-09-21T13:15:16.892+0000] {processor.py:925} INFO - DAG(s) 'etl_dag' retrieved from /opt/airflow/dags/etl_dag.py
[2024-09-21T13:15:16.992+0000] {logging_mixin.py:190} INFO - [2024-09-21T13:15:16.992+0000] {dag.py:3229} INFO - Sync 1 DAGs
[2024-09-21T13:15:17.088+0000] {logging_mixin.py:190} INFO - [2024-09-21T13:15:17.087+0000] {dag.py:4156} INFO - Setting next_dagrun for etl_dag to 2024-09-20 00:00:00+00:00, run_after=2024-09-21 00:00:00+00:00
[2024-09-21T13:15:17.144+0000] {processor.py:208} INFO - Processing /opt/airflow/dags/etl_dag.py took 0.323 seconds
[2024-09-21T18:15:31.001+0000] {processor.py:186} INFO - Started process (PID=27) to work on /opt/airflow/dags/etl_dag.py
[2024-09-21T18:15:31.003+0000] {processor.py:914} INFO - Processing file /opt/airflow/dags/etl_dag.py for tasks to queue
[2024-09-21T18:15:31.016+0000] {logging_mixin.py:190} INFO - [2024-09-21T18:15:31.015+0000] {dagbag.py:587} INFO - Filling up the DagBag from /opt/airflow/dags/etl_dag.py
[2024-09-21T18:15:31.102+0000] {processor.py:925} INFO - DAG(s) 'etl_dag' retrieved from /opt/airflow/dags/etl_dag.py
[2024-09-21T18:15:31.194+0000] {logging_mixin.py:190} INFO - [2024-09-21T18:15:31.193+0000] {dag.py:3229} INFO - Sync 1 DAGs
[2024-09-21T18:15:31.252+0000] {logging_mixin.py:190} INFO - [2024-09-21T18:15:31.252+0000] {dag.py:4156} INFO - Setting next_dagrun for etl_dag to 2024-09-20 00:00:00+00:00, run_after=2024-09-21 00:00:00+00:00
[2024-09-21T18:15:31.303+0000] {processor.py:208} INFO - Processing /opt/airflow/dags/etl_dag.py took 0.340 seconds
[2024-09-21T18:16:01.943+0000] {processor.py:186} INFO - Started process (PID=35) to work on /opt/airflow/dags/etl_dag.py
[2024-09-21T18:16:01.948+0000] {processor.py:914} INFO - Processing file /opt/airflow/dags/etl_dag.py for tasks to queue
[2024-09-21T18:16:01.955+0000] {logging_mixin.py:190} INFO - [2024-09-21T18:16:01.954+0000] {dagbag.py:587} INFO - Filling up the DagBag from /opt/airflow/dags/etl_dag.py
[2024-09-21T18:16:02.039+0000] {processor.py:925} INFO - DAG(s) 'etl_dag' retrieved from /opt/airflow/dags/etl_dag.py
[2024-09-21T18:16:02.348+0000] {logging_mixin.py:190} INFO - [2024-09-21T18:16:02.347+0000] {dag.py:3229} INFO - Sync 1 DAGs
[2024-09-21T18:16:02.408+0000] {logging_mixin.py:190} INFO - [2024-09-21T18:16:02.408+0000] {dag.py:4156} INFO - Setting next_dagrun for etl_dag to 2024-09-20 00:00:00+00:00, run_after=2024-09-21 00:00:00+00:00
[2024-09-21T18:16:02.439+0000] {processor.py:208} INFO - Processing /opt/airflow/dags/etl_dag.py took 0.519 seconds
[2024-09-21T18:16:33.015+0000] {processor.py:186} INFO - Started process (PID=49) to work on /opt/airflow/dags/etl_dag.py
[2024-09-21T18:16:33.018+0000] {processor.py:914} INFO - Processing file /opt/airflow/dags/etl_dag.py for tasks to queue
[2024-09-21T18:16:33.023+0000] {logging_mixin.py:190} INFO - [2024-09-21T18:16:33.023+0000] {dagbag.py:587} INFO - Filling up the DagBag from /opt/airflow/dags/etl_dag.py
[2024-09-21T18:16:33.061+0000] {processor.py:925} INFO - DAG(s) 'etl_dag' retrieved from /opt/airflow/dags/etl_dag.py
[2024-09-21T18:16:33.150+0000] {logging_mixin.py:190} INFO - [2024-09-21T18:16:33.149+0000] {dag.py:3229} INFO - Sync 1 DAGs
[2024-09-21T18:16:33.275+0000] {logging_mixin.py:190} INFO - [2024-09-21T18:16:33.274+0000] {dag.py:4156} INFO - Setting next_dagrun for etl_dag to 2024-09-20 00:00:00+00:00, run_after=2024-09-21 00:00:00+00:00
[2024-09-21T18:16:33.374+0000] {processor.py:208} INFO - Processing /opt/airflow/dags/etl_dag.py took 0.368 seconds
[2024-09-21T18:17:04.099+0000] {processor.py:186} INFO - Started process (PID=58) to work on /opt/airflow/dags/etl_dag.py
[2024-09-21T18:17:04.102+0000] {processor.py:914} INFO - Processing file /opt/airflow/dags/etl_dag.py for tasks to queue
[2024-09-21T18:17:04.106+0000] {logging_mixin.py:190} INFO - [2024-09-21T18:17:04.106+0000] {dagbag.py:587} INFO - Filling up the DagBag from /opt/airflow/dags/etl_dag.py
[2024-09-21T18:17:04.118+0000] {processor.py:925} INFO - DAG(s) 'etl_dag' retrieved from /opt/airflow/dags/etl_dag.py
[2024-09-21T18:17:04.148+0000] {logging_mixin.py:190} INFO - [2024-09-21T18:17:04.148+0000] {dag.py:3229} INFO - Sync 1 DAGs
[2024-09-21T18:17:04.177+0000] {logging_mixin.py:190} INFO - [2024-09-21T18:17:04.177+0000] {dag.py:4156} INFO - Setting next_dagrun for etl_dag to 2024-09-20 00:00:00+00:00, run_after=2024-09-21 00:00:00+00:00
[2024-09-21T18:17:04.193+0000] {processor.py:208} INFO - Processing /opt/airflow/dags/etl_dag.py took 0.105 seconds
[2024-09-21T18:17:34.942+0000] {processor.py:186} INFO - Started process (PID=66) to work on /opt/airflow/dags/etl_dag.py
[2024-09-21T18:17:34.944+0000] {processor.py:914} INFO - Processing file /opt/airflow/dags/etl_dag.py for tasks to queue
[2024-09-21T18:17:34.948+0000] {logging_mixin.py:190} INFO - [2024-09-21T18:17:34.947+0000] {dagbag.py:587} INFO - Filling up the DagBag from /opt/airflow/dags/etl_dag.py
[2024-09-21T18:17:34.963+0000] {processor.py:925} INFO - DAG(s) 'etl_dag' retrieved from /opt/airflow/dags/etl_dag.py
[2024-09-21T18:17:34.996+0000] {logging_mixin.py:190} INFO - [2024-09-21T18:17:34.996+0000] {dag.py:3229} INFO - Sync 1 DAGs
[2024-09-21T18:17:35.027+0000] {logging_mixin.py:190} INFO - [2024-09-21T18:17:35.027+0000] {dag.py:4156} INFO - Setting next_dagrun for etl_dag to 2024-09-20 00:00:00+00:00, run_after=2024-09-21 00:00:00+00:00
[2024-09-21T18:17:35.044+0000] {processor.py:208} INFO - Processing /opt/airflow/dags/etl_dag.py took 0.133 seconds
[2024-09-21T18:18:05.658+0000] {processor.py:186} INFO - Started process (PID=75) to work on /opt/airflow/dags/etl_dag.py
[2024-09-21T18:18:05.660+0000] {processor.py:914} INFO - Processing file /opt/airflow/dags/etl_dag.py for tasks to queue
[2024-09-21T18:18:05.665+0000] {logging_mixin.py:190} INFO - [2024-09-21T18:18:05.664+0000] {dagbag.py:587} INFO - Filling up the DagBag from /opt/airflow/dags/etl_dag.py
[2024-09-21T18:18:05.679+0000] {processor.py:925} INFO - DAG(s) 'etl_dag' retrieved from /opt/airflow/dags/etl_dag.py
[2024-09-21T18:18:05.727+0000] {logging_mixin.py:190} INFO - [2024-09-21T18:18:05.727+0000] {dag.py:3229} INFO - Sync 1 DAGs
[2024-09-21T18:18:05.758+0000] {logging_mixin.py:190} INFO - [2024-09-21T18:18:05.757+0000] {dag.py:4156} INFO - Setting next_dagrun for etl_dag to 2024-09-20 00:00:00+00:00, run_after=2024-09-21 00:00:00+00:00
[2024-09-21T18:18:05.775+0000] {processor.py:208} INFO - Processing /opt/airflow/dags/etl_dag.py took 0.126 seconds
[2024-09-21T18:18:36.499+0000] {processor.py:186} INFO - Started process (PID=84) to work on /opt/airflow/dags/etl_dag.py
[2024-09-21T18:18:36.501+0000] {processor.py:914} INFO - Processing file /opt/airflow/dags/etl_dag.py for tasks to queue
[2024-09-21T18:18:36.506+0000] {logging_mixin.py:190} INFO - [2024-09-21T18:18:36.506+0000] {dagbag.py:587} INFO - Filling up the DagBag from /opt/airflow/dags/etl_dag.py
[2024-09-21T18:18:36.521+0000] {processor.py:925} INFO - DAG(s) 'etl_dag' retrieved from /opt/airflow/dags/etl_dag.py
[2024-09-21T18:18:36.562+0000] {logging_mixin.py:190} INFO - [2024-09-21T18:18:36.562+0000] {dag.py:3229} INFO - Sync 1 DAGs
[2024-09-21T18:18:36.586+0000] {logging_mixin.py:190} INFO - [2024-09-21T18:18:36.585+0000] {dag.py:4156} INFO - Setting next_dagrun for etl_dag to 2024-09-20 00:00:00+00:00, run_after=2024-09-21 00:00:00+00:00
[2024-09-21T18:18:36.603+0000] {processor.py:208} INFO - Processing /opt/airflow/dags/etl_dag.py took 0.112 seconds
[2024-09-21T18:19:07.278+0000] {processor.py:186} INFO - Started process (PID=92) to work on /opt/airflow/dags/etl_dag.py
[2024-09-21T18:19:07.280+0000] {processor.py:914} INFO - Processing file /opt/airflow/dags/etl_dag.py for tasks to queue
[2024-09-21T18:19:07.284+0000] {logging_mixin.py:190} INFO - [2024-09-21T18:19:07.283+0000] {dagbag.py:587} INFO - Filling up the DagBag from /opt/airflow/dags/etl_dag.py
[2024-09-21T18:19:07.299+0000] {processor.py:925} INFO - DAG(s) 'etl_dag' retrieved from /opt/airflow/dags/etl_dag.py
[2024-09-21T18:19:07.339+0000] {logging_mixin.py:190} INFO - [2024-09-21T18:19:07.339+0000] {dag.py:3229} INFO - Sync 1 DAGs
[2024-09-21T18:19:07.362+0000] {logging_mixin.py:190} INFO - [2024-09-21T18:19:07.362+0000] {dag.py:4156} INFO - Setting next_dagrun for etl_dag to 2024-09-20 00:00:00+00:00, run_after=2024-09-21 00:00:00+00:00
[2024-09-21T18:19:07.377+0000] {processor.py:208} INFO - Processing /opt/airflow/dags/etl_dag.py took 0.110 seconds
[2024-09-21T18:19:12.515+0000] {processor.py:186} INFO - Started process (PID=95) to work on /opt/airflow/dags/etl_dag.py
[2024-09-21T18:19:12.518+0000] {processor.py:914} INFO - Processing file /opt/airflow/dags/etl_dag.py for tasks to queue
[2024-09-21T18:19:12.531+0000] {logging_mixin.py:190} INFO - [2024-09-21T18:19:12.531+0000] {dagbag.py:587} INFO - Filling up the DagBag from /opt/airflow/dags/etl_dag.py
[2024-09-21T18:19:12.544+0000] {logging_mixin.py:190} INFO - [2024-09-21T18:19:12.541+0000] {dagbag.py:386} ERROR - Failed to import: /opt/airflow/dags/etl_dag.py
Traceback (most recent call last):
  File "/home/airflow/.local/lib/python3.12/site-packages/airflow/models/dagbag.py", line 382, in parse
    loader.exec_module(new_module)
  File "<frozen importlib._bootstrap_external>", line 991, in exec_module
  File "<frozen importlib._bootstrap_external>", line 1129, in get_code
  File "<frozen importlib._bootstrap_external>", line 1059, in source_to_code
  File "<frozen importlib._bootstrap>", line 488, in _call_with_frames_removed
  File "/opt/airflow/dags/etl_dag.py", line 16
    'max_active_runs: 1,
    ^
SyntaxError: unterminated string literal (detected at line 16)
[2024-09-21T18:19:12.545+0000] {processor.py:927} WARNING - No viable dags retrieved from /opt/airflow/dags/etl_dag.py
[2024-09-21T18:19:12.586+0000] {processor.py:208} INFO - Processing /opt/airflow/dags/etl_dag.py took 0.081 seconds
[2024-09-21T18:19:14.566+0000] {processor.py:186} INFO - Started process (PID=96) to work on /opt/airflow/dags/etl_dag.py
[2024-09-21T18:19:14.568+0000] {processor.py:914} INFO - Processing file /opt/airflow/dags/etl_dag.py for tasks to queue
[2024-09-21T18:19:14.571+0000] {logging_mixin.py:190} INFO - [2024-09-21T18:19:14.571+0000] {dagbag.py:587} INFO - Filling up the DagBag from /opt/airflow/dags/etl_dag.py
[2024-09-21T18:19:14.591+0000] {processor.py:925} INFO - DAG(s) 'etl_dag' retrieved from /opt/airflow/dags/etl_dag.py
[2024-09-21T18:19:15.396+0000] {logging_mixin.py:190} INFO - [2024-09-21T18:19:15.393+0000] {dag.py:3229} INFO - Sync 1 DAGs
[2024-09-21T18:19:15.418+0000] {logging_mixin.py:190} INFO - [2024-09-21T18:19:15.417+0000] {dag.py:4156} INFO - Setting next_dagrun for etl_dag to 2024-09-20 00:00:00+00:00, run_after=2024-09-21 00:00:00+00:00
[2024-09-21T18:19:15.554+0000] {processor.py:208} INFO - Processing /opt/airflow/dags/etl_dag.py took 0.992 seconds
[2024-09-21T18:19:46.400+0000] {processor.py:186} INFO - Started process (PID=115) to work on /opt/airflow/dags/etl_dag.py
[2024-09-21T18:19:46.403+0000] {processor.py:914} INFO - Processing file /opt/airflow/dags/etl_dag.py for tasks to queue
[2024-09-21T18:19:46.409+0000] {logging_mixin.py:190} INFO - [2024-09-21T18:19:46.408+0000] {dagbag.py:587} INFO - Filling up the DagBag from /opt/airflow/dags/etl_dag.py
[2024-09-21T18:19:46.429+0000] {processor.py:925} INFO - DAG(s) 'etl_dag' retrieved from /opt/airflow/dags/etl_dag.py
[2024-09-21T18:19:46.481+0000] {logging_mixin.py:190} INFO - [2024-09-21T18:19:46.481+0000] {dag.py:3229} INFO - Sync 1 DAGs
[2024-09-21T18:19:46.736+0000] {logging_mixin.py:190} INFO - [2024-09-21T18:19:46.736+0000] {dag.py:4156} INFO - Setting next_dagrun for etl_dag to 2024-09-20 00:00:00+00:00, run_after=2024-09-21 00:00:00+00:00
[2024-09-21T18:19:46.751+0000] {processor.py:208} INFO - Processing /opt/airflow/dags/etl_dag.py took 0.359 seconds
[2024-09-21T18:20:17.291+0000] {processor.py:186} INFO - Started process (PID=124) to work on /opt/airflow/dags/etl_dag.py
[2024-09-21T18:20:17.293+0000] {processor.py:914} INFO - Processing file /opt/airflow/dags/etl_dag.py for tasks to queue
[2024-09-21T18:20:17.297+0000] {logging_mixin.py:190} INFO - [2024-09-21T18:20:17.296+0000] {dagbag.py:587} INFO - Filling up the DagBag from /opt/airflow/dags/etl_dag.py
[2024-09-21T18:20:17.309+0000] {processor.py:925} INFO - DAG(s) 'etl_dag' retrieved from /opt/airflow/dags/etl_dag.py
[2024-09-21T18:20:17.333+0000] {logging_mixin.py:190} INFO - [2024-09-21T18:20:17.333+0000] {dag.py:3229} INFO - Sync 1 DAGs
[2024-09-21T18:20:17.561+0000] {logging_mixin.py:190} INFO - [2024-09-21T18:20:17.561+0000] {dag.py:4156} INFO - Setting next_dagrun for etl_dag to 2024-09-20 00:00:00+00:00, run_after=2024-09-21 00:00:00+00:00
[2024-09-21T18:20:17.591+0000] {processor.py:208} INFO - Processing /opt/airflow/dags/etl_dag.py took 0.305 seconds
[2024-09-21T18:20:47.910+0000] {processor.py:186} INFO - Started process (PID=133) to work on /opt/airflow/dags/etl_dag.py
[2024-09-21T18:20:47.913+0000] {processor.py:914} INFO - Processing file /opt/airflow/dags/etl_dag.py for tasks to queue
[2024-09-21T18:20:48.157+0000] {logging_mixin.py:190} INFO - [2024-09-21T18:20:48.156+0000] {dagbag.py:587} INFO - Filling up the DagBag from /opt/airflow/dags/etl_dag.py
[2024-09-21T18:20:48.170+0000] {processor.py:925} INFO - DAG(s) 'etl_dag' retrieved from /opt/airflow/dags/etl_dag.py
[2024-09-21T18:20:48.190+0000] {logging_mixin.py:190} INFO - [2024-09-21T18:20:48.190+0000] {dag.py:3229} INFO - Sync 1 DAGs
[2024-09-21T18:20:48.204+0000] {logging_mixin.py:190} INFO - [2024-09-21T18:20:48.204+0000] {dag.py:4156} INFO - Setting next_dagrun for etl_dag to 2024-09-20 00:00:00+00:00, run_after=2024-09-21 00:00:00+00:00
[2024-09-21T18:20:48.215+0000] {processor.py:208} INFO - Processing /opt/airflow/dags/etl_dag.py took 0.313 seconds
[2024-09-21T18:21:19.291+0000] {processor.py:186} INFO - Started process (PID=157) to work on /opt/airflow/dags/etl_dag.py
[2024-09-21T18:21:19.297+0000] {processor.py:914} INFO - Processing file /opt/airflow/dags/etl_dag.py for tasks to queue
[2024-09-21T18:21:19.312+0000] {logging_mixin.py:190} INFO - [2024-09-21T18:21:19.308+0000] {dagbag.py:587} INFO - Filling up the DagBag from /opt/airflow/dags/etl_dag.py
[2024-09-21T18:21:19.357+0000] {processor.py:925} INFO - DAG(s) 'etl_dag' retrieved from /opt/airflow/dags/etl_dag.py
[2024-09-21T18:21:19.401+0000] {logging_mixin.py:190} INFO - [2024-09-21T18:21:19.401+0000] {dag.py:3229} INFO - Sync 1 DAGs
[2024-09-21T18:21:19.429+0000] {logging_mixin.py:190} INFO - [2024-09-21T18:21:19.429+0000] {dag.py:4156} INFO - Setting next_dagrun for etl_dag to 2024-09-20 00:00:00+00:00, run_after=2024-09-21 00:00:00+00:00
[2024-09-21T18:21:19.463+0000] {processor.py:208} INFO - Processing /opt/airflow/dags/etl_dag.py took 0.205 seconds
[2024-09-21T18:21:50.340+0000] {processor.py:186} INFO - Started process (PID=171) to work on /opt/airflow/dags/etl_dag.py
[2024-09-21T18:21:50.343+0000] {processor.py:914} INFO - Processing file /opt/airflow/dags/etl_dag.py for tasks to queue
[2024-09-21T18:21:50.347+0000] {logging_mixin.py:190} INFO - [2024-09-21T18:21:50.347+0000] {dagbag.py:587} INFO - Filling up the DagBag from /opt/airflow/dags/etl_dag.py
[2024-09-21T18:21:50.377+0000] {processor.py:925} INFO - DAG(s) 'etl_dag' retrieved from /opt/airflow/dags/etl_dag.py
[2024-09-21T18:21:50.409+0000] {logging_mixin.py:190} INFO - [2024-09-21T18:21:50.408+0000] {dag.py:3229} INFO - Sync 1 DAGs
[2024-09-21T18:21:50.431+0000] {logging_mixin.py:190} INFO - [2024-09-21T18:21:50.431+0000] {dag.py:4156} INFO - Setting next_dagrun for etl_dag to 2024-09-20 00:00:00+00:00, run_after=2024-09-21 00:00:00+00:00
[2024-09-21T18:21:50.448+0000] {processor.py:208} INFO - Processing /opt/airflow/dags/etl_dag.py took 0.119 seconds
[2024-09-21T18:22:21.014+0000] {processor.py:186} INFO - Started process (PID=181) to work on /opt/airflow/dags/etl_dag.py
[2024-09-21T18:22:21.017+0000] {processor.py:914} INFO - Processing file /opt/airflow/dags/etl_dag.py for tasks to queue
[2024-09-21T18:22:21.024+0000] {logging_mixin.py:190} INFO - [2024-09-21T18:22:21.023+0000] {dagbag.py:587} INFO - Filling up the DagBag from /opt/airflow/dags/etl_dag.py
[2024-09-21T18:22:21.041+0000] {processor.py:925} INFO - DAG(s) 'etl_dag' retrieved from /opt/airflow/dags/etl_dag.py
[2024-09-21T18:22:21.083+0000] {logging_mixin.py:190} INFO - [2024-09-21T18:22:21.082+0000] {dag.py:3229} INFO - Sync 1 DAGs
[2024-09-21T18:22:21.107+0000] {logging_mixin.py:190} INFO - [2024-09-21T18:22:21.107+0000] {dag.py:4156} INFO - Setting next_dagrun for etl_dag to 2024-09-20 00:00:00+00:00, run_after=2024-09-21 00:00:00+00:00
[2024-09-21T18:22:21.130+0000] {processor.py:208} INFO - Processing /opt/airflow/dags/etl_dag.py took 0.130 seconds
[2024-09-21T18:22:52.370+0000] {processor.py:186} INFO - Started process (PID=195) to work on /opt/airflow/dags/etl_dag.py
[2024-09-21T18:22:52.391+0000] {processor.py:914} INFO - Processing file /opt/airflow/dags/etl_dag.py for tasks to queue
[2024-09-21T18:22:52.420+0000] {logging_mixin.py:190} INFO - [2024-09-21T18:22:52.415+0000] {dagbag.py:587} INFO - Filling up the DagBag from /opt/airflow/dags/etl_dag.py
[2024-09-21T18:22:52.503+0000] {processor.py:925} INFO - DAG(s) 'etl_dag' retrieved from /opt/airflow/dags/etl_dag.py
[2024-09-21T18:22:52.963+0000] {logging_mixin.py:190} INFO - [2024-09-21T18:22:52.960+0000] {dag.py:3229} INFO - Sync 1 DAGs
[2024-09-21T18:22:53.535+0000] {logging_mixin.py:190} INFO - [2024-09-21T18:22:53.534+0000] {dag.py:4156} INFO - Setting next_dagrun for etl_dag to 2024-09-20 00:00:00+00:00, run_after=2024-09-21 00:00:00+00:00
[2024-09-21T18:22:53.767+0000] {processor.py:208} INFO - Processing /opt/airflow/dags/etl_dag.py took 1.453 seconds
[2024-09-21T18:23:24.659+0000] {processor.py:186} INFO - Started process (PID=222) to work on /opt/airflow/dags/etl_dag.py
[2024-09-21T18:23:24.661+0000] {processor.py:914} INFO - Processing file /opt/airflow/dags/etl_dag.py for tasks to queue
[2024-09-21T18:23:24.665+0000] {logging_mixin.py:190} INFO - [2024-09-21T18:23:24.665+0000] {dagbag.py:587} INFO - Filling up the DagBag from /opt/airflow/dags/etl_dag.py
[2024-09-21T18:23:24.689+0000] {processor.py:925} INFO - DAG(s) 'etl_dag' retrieved from /opt/airflow/dags/etl_dag.py
[2024-09-21T18:23:24.734+0000] {logging_mixin.py:190} INFO - [2024-09-21T18:23:24.733+0000] {dag.py:3229} INFO - Sync 1 DAGs
[2024-09-21T18:23:24.764+0000] {logging_mixin.py:190} INFO - [2024-09-21T18:23:24.764+0000] {dag.py:4156} INFO - Setting next_dagrun for etl_dag to 2024-09-20 00:00:00+00:00, run_after=2024-09-21 00:00:00+00:00
[2024-09-21T18:23:24.787+0000] {processor.py:208} INFO - Processing /opt/airflow/dags/etl_dag.py took 0.136 seconds
[2024-09-21T18:23:55.294+0000] {processor.py:186} INFO - Started process (PID=231) to work on /opt/airflow/dags/etl_dag.py
[2024-09-21T18:23:55.298+0000] {processor.py:914} INFO - Processing file /opt/airflow/dags/etl_dag.py for tasks to queue
[2024-09-21T18:23:55.305+0000] {logging_mixin.py:190} INFO - [2024-09-21T18:23:55.304+0000] {dagbag.py:587} INFO - Filling up the DagBag from /opt/airflow/dags/etl_dag.py
[2024-09-21T18:23:55.344+0000] {processor.py:925} INFO - DAG(s) 'etl_dag' retrieved from /opt/airflow/dags/etl_dag.py
[2024-09-21T18:23:55.376+0000] {logging_mixin.py:190} INFO - [2024-09-21T18:23:55.376+0000] {dag.py:3229} INFO - Sync 1 DAGs
[2024-09-21T18:23:55.405+0000] {logging_mixin.py:190} INFO - [2024-09-21T18:23:55.404+0000] {dag.py:4156} INFO - Setting next_dagrun for etl_dag to 2024-09-20 00:00:00+00:00, run_after=2024-09-21 00:00:00+00:00
[2024-09-21T18:23:55.433+0000] {processor.py:208} INFO - Processing /opt/airflow/dags/etl_dag.py took 0.177 seconds
[2024-09-21T18:24:26.072+0000] {processor.py:186} INFO - Started process (PID=240) to work on /opt/airflow/dags/etl_dag.py
[2024-09-21T18:24:26.075+0000] {processor.py:914} INFO - Processing file /opt/airflow/dags/etl_dag.py for tasks to queue
[2024-09-21T18:24:26.083+0000] {logging_mixin.py:190} INFO - [2024-09-21T18:24:26.082+0000] {dagbag.py:587} INFO - Filling up the DagBag from /opt/airflow/dags/etl_dag.py
[2024-09-21T18:24:26.098+0000] {processor.py:925} INFO - DAG(s) 'etl_dag' retrieved from /opt/airflow/dags/etl_dag.py
[2024-09-21T18:24:26.143+0000] {logging_mixin.py:190} INFO - [2024-09-21T18:24:26.143+0000] {dag.py:3229} INFO - Sync 1 DAGs
[2024-09-21T18:24:26.166+0000] {logging_mixin.py:190} INFO - [2024-09-21T18:24:26.166+0000] {dag.py:4156} INFO - Setting next_dagrun for etl_dag to 2024-09-20 00:00:00+00:00, run_after=2024-09-21 00:00:00+00:00
[2024-09-21T18:24:26.183+0000] {processor.py:208} INFO - Processing /opt/airflow/dags/etl_dag.py took 0.124 seconds
[2024-09-21T18:24:56.910+0000] {processor.py:186} INFO - Started process (PID=249) to work on /opt/airflow/dags/etl_dag.py
[2024-09-21T18:24:56.915+0000] {processor.py:914} INFO - Processing file /opt/airflow/dags/etl_dag.py for tasks to queue
[2024-09-21T18:24:56.923+0000] {logging_mixin.py:190} INFO - [2024-09-21T18:24:56.922+0000] {dagbag.py:587} INFO - Filling up the DagBag from /opt/airflow/dags/etl_dag.py
[2024-09-21T18:24:56.944+0000] {processor.py:925} INFO - DAG(s) 'etl_dag' retrieved from /opt/airflow/dags/etl_dag.py
[2024-09-21T18:24:57.005+0000] {logging_mixin.py:190} INFO - [2024-09-21T18:24:57.004+0000] {dag.py:3229} INFO - Sync 1 DAGs
[2024-09-21T18:24:57.035+0000] {logging_mixin.py:190} INFO - [2024-09-21T18:24:57.035+0000] {dag.py:4156} INFO - Setting next_dagrun for etl_dag to 2024-09-20 00:00:00+00:00, run_after=2024-09-21 00:00:00+00:00
[2024-09-21T18:24:57.060+0000] {processor.py:208} INFO - Processing /opt/airflow/dags/etl_dag.py took 0.165 seconds
[2024-09-21T18:25:27.827+0000] {processor.py:186} INFO - Started process (PID=258) to work on /opt/airflow/dags/etl_dag.py
[2024-09-21T18:25:27.830+0000] {processor.py:914} INFO - Processing file /opt/airflow/dags/etl_dag.py for tasks to queue
[2024-09-21T18:25:27.836+0000] {logging_mixin.py:190} INFO - [2024-09-21T18:25:27.835+0000] {dagbag.py:587} INFO - Filling up the DagBag from /opt/airflow/dags/etl_dag.py
[2024-09-21T18:25:27.854+0000] {processor.py:925} INFO - DAG(s) 'etl_dag' retrieved from /opt/airflow/dags/etl_dag.py
[2024-09-21T18:25:27.897+0000] {logging_mixin.py:190} INFO - [2024-09-21T18:25:27.897+0000] {dag.py:3229} INFO - Sync 1 DAGs
[2024-09-21T18:25:27.923+0000] {logging_mixin.py:190} INFO - [2024-09-21T18:25:27.922+0000] {dag.py:4156} INFO - Setting next_dagrun for etl_dag to 2024-09-20 00:00:00+00:00, run_after=2024-09-21 00:00:00+00:00
[2024-09-21T18:25:27.973+0000] {processor.py:208} INFO - Processing /opt/airflow/dags/etl_dag.py took 0.176 seconds
[2024-09-21T18:25:58.963+0000] {processor.py:186} INFO - Started process (PID=267) to work on /opt/airflow/dags/etl_dag.py
[2024-09-21T18:25:58.966+0000] {processor.py:914} INFO - Processing file /opt/airflow/dags/etl_dag.py for tasks to queue
[2024-09-21T18:25:58.971+0000] {logging_mixin.py:190} INFO - [2024-09-21T18:25:58.971+0000] {dagbag.py:587} INFO - Filling up the DagBag from /opt/airflow/dags/etl_dag.py
[2024-09-21T18:25:58.994+0000] {processor.py:925} INFO - DAG(s) 'etl_dag' retrieved from /opt/airflow/dags/etl_dag.py
[2024-09-21T18:25:59.050+0000] {logging_mixin.py:190} INFO - [2024-09-21T18:25:59.050+0000] {dag.py:3229} INFO - Sync 1 DAGs
[2024-09-21T18:25:59.084+0000] {logging_mixin.py:190} INFO - [2024-09-21T18:25:59.084+0000] {dag.py:4156} INFO - Setting next_dagrun for etl_dag to 2024-09-20 00:00:00+00:00, run_after=2024-09-21 00:00:00+00:00
[2024-09-21T18:25:59.112+0000] {processor.py:208} INFO - Processing /opt/airflow/dags/etl_dag.py took 0.159 seconds
[2024-09-21T18:26:30.015+0000] {processor.py:186} INFO - Started process (PID=276) to work on /opt/airflow/dags/etl_dag.py
[2024-09-21T18:26:30.019+0000] {processor.py:914} INFO - Processing file /opt/airflow/dags/etl_dag.py for tasks to queue
[2024-09-21T18:26:30.034+0000] {logging_mixin.py:190} INFO - [2024-09-21T18:26:30.031+0000] {dagbag.py:587} INFO - Filling up the DagBag from /opt/airflow/dags/etl_dag.py
[2024-09-21T18:26:30.054+0000] {processor.py:925} INFO - DAG(s) 'etl_dag' retrieved from /opt/airflow/dags/etl_dag.py
[2024-09-21T18:26:30.085+0000] {logging_mixin.py:190} INFO - [2024-09-21T18:26:30.084+0000] {dag.py:3229} INFO - Sync 1 DAGs
[2024-09-21T18:26:30.108+0000] {logging_mixin.py:190} INFO - [2024-09-21T18:26:30.108+0000] {dag.py:4156} INFO - Setting next_dagrun for etl_dag to 2024-09-20 00:00:00+00:00, run_after=2024-09-21 00:00:00+00:00
[2024-09-21T18:26:30.145+0000] {processor.py:208} INFO - Processing /opt/airflow/dags/etl_dag.py took 0.141 seconds
[2024-09-21T18:27:00.973+0000] {processor.py:186} INFO - Started process (PID=290) to work on /opt/airflow/dags/etl_dag.py
[2024-09-21T18:27:00.979+0000] {processor.py:914} INFO - Processing file /opt/airflow/dags/etl_dag.py for tasks to queue
[2024-09-21T18:27:00.987+0000] {logging_mixin.py:190} INFO - [2024-09-21T18:27:00.987+0000] {dagbag.py:587} INFO - Filling up the DagBag from /opt/airflow/dags/etl_dag.py
[2024-09-21T18:27:01.004+0000] {processor.py:925} INFO - DAG(s) 'etl_dag' retrieved from /opt/airflow/dags/etl_dag.py
[2024-09-21T18:27:01.033+0000] {logging_mixin.py:190} INFO - [2024-09-21T18:27:01.033+0000] {dag.py:3229} INFO - Sync 1 DAGs
[2024-09-21T18:27:01.064+0000] {logging_mixin.py:190} INFO - [2024-09-21T18:27:01.064+0000] {dag.py:4156} INFO - Setting next_dagrun for etl_dag to 2024-09-20 00:00:00+00:00, run_after=2024-09-21 00:00:00+00:00
[2024-09-21T18:27:01.081+0000] {processor.py:208} INFO - Processing /opt/airflow/dags/etl_dag.py took 0.136 seconds
[2024-09-21T18:27:32.078+0000] {processor.py:186} INFO - Started process (PID=298) to work on /opt/airflow/dags/etl_dag.py
[2024-09-21T18:27:32.082+0000] {processor.py:914} INFO - Processing file /opt/airflow/dags/etl_dag.py for tasks to queue
[2024-09-21T18:27:32.088+0000] {logging_mixin.py:190} INFO - [2024-09-21T18:27:32.087+0000] {dagbag.py:587} INFO - Filling up the DagBag from /opt/airflow/dags/etl_dag.py
[2024-09-21T18:27:32.102+0000] {processor.py:925} INFO - DAG(s) 'etl_dag' retrieved from /opt/airflow/dags/etl_dag.py
[2024-09-21T18:27:32.145+0000] {logging_mixin.py:190} INFO - [2024-09-21T18:27:32.145+0000] {dag.py:3229} INFO - Sync 1 DAGs
[2024-09-21T18:27:32.174+0000] {logging_mixin.py:190} INFO - [2024-09-21T18:27:32.174+0000] {dag.py:4156} INFO - Setting next_dagrun for etl_dag to 2024-09-20 00:00:00+00:00, run_after=2024-09-21 00:00:00+00:00
[2024-09-21T18:27:32.192+0000] {processor.py:208} INFO - Processing /opt/airflow/dags/etl_dag.py took 0.124 seconds
[2024-09-21T18:28:02.753+0000] {processor.py:186} INFO - Started process (PID=306) to work on /opt/airflow/dags/etl_dag.py
[2024-09-21T18:28:02.754+0000] {processor.py:914} INFO - Processing file /opt/airflow/dags/etl_dag.py for tasks to queue
[2024-09-21T18:28:02.758+0000] {logging_mixin.py:190} INFO - [2024-09-21T18:28:02.757+0000] {dagbag.py:587} INFO - Filling up the DagBag from /opt/airflow/dags/etl_dag.py
[2024-09-21T18:28:02.769+0000] {processor.py:925} INFO - DAG(s) 'etl_dag' retrieved from /opt/airflow/dags/etl_dag.py
[2024-09-21T18:28:02.791+0000] {logging_mixin.py:190} INFO - [2024-09-21T18:28:02.790+0000] {dag.py:3229} INFO - Sync 1 DAGs
[2024-09-21T18:28:02.812+0000] {logging_mixin.py:190} INFO - [2024-09-21T18:28:02.812+0000] {dag.py:4156} INFO - Setting next_dagrun for etl_dag to 2024-09-20 00:00:00+00:00, run_after=2024-09-21 00:00:00+00:00
[2024-09-21T18:28:02.828+0000] {processor.py:208} INFO - Processing /opt/airflow/dags/etl_dag.py took 0.083 seconds
[2024-09-21T18:28:33.497+0000] {processor.py:186} INFO - Started process (PID=319) to work on /opt/airflow/dags/etl_dag.py
[2024-09-21T18:28:33.499+0000] {processor.py:914} INFO - Processing file /opt/airflow/dags/etl_dag.py for tasks to queue
[2024-09-21T18:28:33.505+0000] {logging_mixin.py:190} INFO - [2024-09-21T18:28:33.505+0000] {dagbag.py:587} INFO - Filling up the DagBag from /opt/airflow/dags/etl_dag.py
[2024-09-21T18:28:33.518+0000] {processor.py:925} INFO - DAG(s) 'etl_dag' retrieved from /opt/airflow/dags/etl_dag.py
[2024-09-21T18:28:33.558+0000] {logging_mixin.py:190} INFO - [2024-09-21T18:28:33.557+0000] {dag.py:3229} INFO - Sync 1 DAGs
[2024-09-21T18:28:33.578+0000] {logging_mixin.py:190} INFO - [2024-09-21T18:28:33.577+0000] {dag.py:4156} INFO - Setting next_dagrun for etl_dag to 2024-09-20 00:00:00+00:00, run_after=2024-09-21 00:00:00+00:00
[2024-09-21T18:28:33.600+0000] {processor.py:208} INFO - Processing /opt/airflow/dags/etl_dag.py took 0.111 seconds
[2024-09-21T18:29:04.326+0000] {processor.py:186} INFO - Started process (PID=328) to work on /opt/airflow/dags/etl_dag.py
[2024-09-21T18:29:04.329+0000] {processor.py:914} INFO - Processing file /opt/airflow/dags/etl_dag.py for tasks to queue
[2024-09-21T18:29:04.348+0000] {logging_mixin.py:190} INFO - [2024-09-21T18:29:04.343+0000] {dagbag.py:587} INFO - Filling up the DagBag from /opt/airflow/dags/etl_dag.py
[2024-09-21T18:29:04.375+0000] {processor.py:925} INFO - DAG(s) 'etl_dag' retrieved from /opt/airflow/dags/etl_dag.py
[2024-09-21T18:29:04.425+0000] {logging_mixin.py:190} INFO - [2024-09-21T18:29:04.425+0000] {dag.py:3229} INFO - Sync 1 DAGs
[2024-09-21T18:29:04.450+0000] {logging_mixin.py:190} INFO - [2024-09-21T18:29:04.450+0000] {dag.py:4156} INFO - Setting next_dagrun for etl_dag to 2024-09-20 00:00:00+00:00, run_after=2024-09-21 00:00:00+00:00
[2024-09-21T18:29:04.467+0000] {processor.py:208} INFO - Processing /opt/airflow/dags/etl_dag.py took 0.156 seconds
[2024-09-21T18:29:35.184+0000] {processor.py:186} INFO - Started process (PID=336) to work on /opt/airflow/dags/etl_dag.py
[2024-09-21T18:29:35.188+0000] {processor.py:914} INFO - Processing file /opt/airflow/dags/etl_dag.py for tasks to queue
[2024-09-21T18:29:35.195+0000] {logging_mixin.py:190} INFO - [2024-09-21T18:29:35.195+0000] {dagbag.py:587} INFO - Filling up the DagBag from /opt/airflow/dags/etl_dag.py
[2024-09-21T18:29:35.214+0000] {processor.py:925} INFO - DAG(s) 'etl_dag' retrieved from /opt/airflow/dags/etl_dag.py
[2024-09-21T18:29:35.267+0000] {logging_mixin.py:190} INFO - [2024-09-21T18:29:35.266+0000] {dag.py:3229} INFO - Sync 1 DAGs
[2024-09-21T18:29:35.302+0000] {logging_mixin.py:190} INFO - [2024-09-21T18:29:35.302+0000] {dag.py:4156} INFO - Setting next_dagrun for etl_dag to 2024-09-20 00:00:00+00:00, run_after=2024-09-21 00:00:00+00:00
[2024-09-21T18:29:35.325+0000] {processor.py:208} INFO - Processing /opt/airflow/dags/etl_dag.py took 0.152 seconds
[2024-09-21T18:30:06.125+0000] {processor.py:186} INFO - Started process (PID=345) to work on /opt/airflow/dags/etl_dag.py
[2024-09-21T18:30:06.127+0000] {processor.py:914} INFO - Processing file /opt/airflow/dags/etl_dag.py for tasks to queue
[2024-09-21T18:30:06.133+0000] {logging_mixin.py:190} INFO - [2024-09-21T18:30:06.133+0000] {dagbag.py:587} INFO - Filling up the DagBag from /opt/airflow/dags/etl_dag.py
[2024-09-21T18:30:06.166+0000] {processor.py:925} INFO - DAG(s) 'etl_dag' retrieved from /opt/airflow/dags/etl_dag.py
[2024-09-21T18:30:06.198+0000] {logging_mixin.py:190} INFO - [2024-09-21T18:30:06.198+0000] {dag.py:3229} INFO - Sync 1 DAGs
[2024-09-21T18:30:06.231+0000] {logging_mixin.py:190} INFO - [2024-09-21T18:30:06.231+0000] {dag.py:4156} INFO - Setting next_dagrun for etl_dag to 2024-09-20 00:00:00+00:00, run_after=2024-09-21 00:00:00+00:00
[2024-09-21T18:30:06.248+0000] {processor.py:208} INFO - Processing /opt/airflow/dags/etl_dag.py took 0.134 seconds
[2024-09-21T18:30:37.089+0000] {processor.py:186} INFO - Started process (PID=357) to work on /opt/airflow/dags/etl_dag.py
[2024-09-21T18:30:37.092+0000] {processor.py:914} INFO - Processing file /opt/airflow/dags/etl_dag.py for tasks to queue
[2024-09-21T18:30:37.097+0000] {logging_mixin.py:190} INFO - [2024-09-21T18:30:37.096+0000] {dagbag.py:587} INFO - Filling up the DagBag from /opt/airflow/dags/etl_dag.py
[2024-09-21T18:30:37.113+0000] {processor.py:925} INFO - DAG(s) 'etl_dag' retrieved from /opt/airflow/dags/etl_dag.py
[2024-09-21T18:30:37.151+0000] {logging_mixin.py:190} INFO - [2024-09-21T18:30:37.151+0000] {dag.py:3229} INFO - Sync 1 DAGs
[2024-09-21T18:30:37.173+0000] {logging_mixin.py:190} INFO - [2024-09-21T18:30:37.173+0000] {dag.py:4156} INFO - Setting next_dagrun for etl_dag to 2024-09-20 00:00:00+00:00, run_after=2024-09-21 00:00:00+00:00
[2024-09-21T18:30:37.188+0000] {processor.py:208} INFO - Processing /opt/airflow/dags/etl_dag.py took 0.110 seconds
[2024-09-21T18:31:08.019+0000] {processor.py:186} INFO - Started process (PID=366) to work on /opt/airflow/dags/etl_dag.py
[2024-09-21T18:31:08.022+0000] {processor.py:914} INFO - Processing file /opt/airflow/dags/etl_dag.py for tasks to queue
[2024-09-21T18:31:08.027+0000] {logging_mixin.py:190} INFO - [2024-09-21T18:31:08.026+0000] {dagbag.py:587} INFO - Filling up the DagBag from /opt/airflow/dags/etl_dag.py
[2024-09-21T18:31:08.063+0000] {processor.py:925} INFO - DAG(s) 'etl_dag' retrieved from /opt/airflow/dags/etl_dag.py
[2024-09-21T18:31:08.094+0000] {logging_mixin.py:190} INFO - [2024-09-21T18:31:08.094+0000] {dag.py:3229} INFO - Sync 1 DAGs
[2024-09-21T18:31:08.115+0000] {logging_mixin.py:190} INFO - [2024-09-21T18:31:08.115+0000] {dag.py:4156} INFO - Setting next_dagrun for etl_dag to 2024-09-20 00:00:00+00:00, run_after=2024-09-21 00:00:00+00:00
[2024-09-21T18:31:08.132+0000] {processor.py:208} INFO - Processing /opt/airflow/dags/etl_dag.py took 0.123 seconds
[2024-09-21T18:31:38.873+0000] {processor.py:186} INFO - Started process (PID=374) to work on /opt/airflow/dags/etl_dag.py
[2024-09-21T18:31:38.876+0000] {processor.py:914} INFO - Processing file /opt/airflow/dags/etl_dag.py for tasks to queue
[2024-09-21T18:31:38.882+0000] {logging_mixin.py:190} INFO - [2024-09-21T18:31:38.881+0000] {dagbag.py:587} INFO - Filling up the DagBag from /opt/airflow/dags/etl_dag.py
[2024-09-21T18:31:38.912+0000] {processor.py:925} INFO - DAG(s) 'etl_dag' retrieved from /opt/airflow/dags/etl_dag.py
[2024-09-21T18:31:38.967+0000] {logging_mixin.py:190} INFO - [2024-09-21T18:31:38.966+0000] {dag.py:3229} INFO - Sync 1 DAGs
[2024-09-21T18:31:38.992+0000] {logging_mixin.py:190} INFO - [2024-09-21T18:31:38.992+0000] {dag.py:4156} INFO - Setting next_dagrun for etl_dag to 2024-09-20 00:00:00+00:00, run_after=2024-09-21 00:00:00+00:00
[2024-09-21T18:31:39.007+0000] {processor.py:208} INFO - Processing /opt/airflow/dags/etl_dag.py took 0.145 seconds
[2024-09-21T18:32:09.732+0000] {processor.py:186} INFO - Started process (PID=383) to work on /opt/airflow/dags/etl_dag.py
[2024-09-21T18:32:09.735+0000] {processor.py:914} INFO - Processing file /opt/airflow/dags/etl_dag.py for tasks to queue
[2024-09-21T18:32:09.741+0000] {logging_mixin.py:190} INFO - [2024-09-21T18:32:09.740+0000] {dagbag.py:587} INFO - Filling up the DagBag from /opt/airflow/dags/etl_dag.py
[2024-09-21T18:32:09.757+0000] {processor.py:925} INFO - DAG(s) 'etl_dag' retrieved from /opt/airflow/dags/etl_dag.py
[2024-09-21T18:32:09.789+0000] {logging_mixin.py:190} INFO - [2024-09-21T18:32:09.788+0000] {dag.py:3229} INFO - Sync 1 DAGs
[2024-09-21T18:32:09.811+0000] {logging_mixin.py:190} INFO - [2024-09-21T18:32:09.811+0000] {dag.py:4156} INFO - Setting next_dagrun for etl_dag to 2024-09-20 00:00:00+00:00, run_after=2024-09-21 00:00:00+00:00
[2024-09-21T18:32:09.828+0000] {processor.py:208} INFO - Processing /opt/airflow/dags/etl_dag.py took 0.107 seconds
[2024-09-21T18:32:40.532+0000] {processor.py:186} INFO - Started process (PID=392) to work on /opt/airflow/dags/etl_dag.py
[2024-09-21T18:32:40.535+0000] {processor.py:914} INFO - Processing file /opt/airflow/dags/etl_dag.py for tasks to queue
[2024-09-21T18:32:40.541+0000] {logging_mixin.py:190} INFO - [2024-09-21T18:32:40.541+0000] {dagbag.py:587} INFO - Filling up the DagBag from /opt/airflow/dags/etl_dag.py
[2024-09-21T18:32:40.553+0000] {processor.py:925} INFO - DAG(s) 'etl_dag' retrieved from /opt/airflow/dags/etl_dag.py
[2024-09-21T18:32:40.577+0000] {logging_mixin.py:190} INFO - [2024-09-21T18:32:40.577+0000] {dag.py:3229} INFO - Sync 1 DAGs
[2024-09-21T18:32:40.597+0000] {logging_mixin.py:190} INFO - [2024-09-21T18:32:40.597+0000] {dag.py:4156} INFO - Setting next_dagrun for etl_dag to 2024-09-20 00:00:00+00:00, run_after=2024-09-21 00:00:00+00:00
[2024-09-21T18:32:40.624+0000] {processor.py:208} INFO - Processing /opt/airflow/dags/etl_dag.py took 0.102 seconds
[2024-09-21T18:33:11.399+0000] {processor.py:186} INFO - Started process (PID=401) to work on /opt/airflow/dags/etl_dag.py
[2024-09-21T18:33:11.402+0000] {processor.py:914} INFO - Processing file /opt/airflow/dags/etl_dag.py for tasks to queue
[2024-09-21T18:33:11.407+0000] {logging_mixin.py:190} INFO - [2024-09-21T18:33:11.406+0000] {dagbag.py:587} INFO - Filling up the DagBag from /opt/airflow/dags/etl_dag.py
[2024-09-21T18:33:11.438+0000] {processor.py:925} INFO - DAG(s) 'etl_dag' retrieved from /opt/airflow/dags/etl_dag.py
[2024-09-21T18:33:11.467+0000] {logging_mixin.py:190} INFO - [2024-09-21T18:33:11.467+0000] {dag.py:3229} INFO - Sync 1 DAGs
[2024-09-21T18:33:11.488+0000] {logging_mixin.py:190} INFO - [2024-09-21T18:33:11.488+0000] {dag.py:4156} INFO - Setting next_dagrun for etl_dag to 2024-09-20 00:00:00+00:00, run_after=2024-09-21 00:00:00+00:00
[2024-09-21T18:33:11.505+0000] {processor.py:208} INFO - Processing /opt/airflow/dags/etl_dag.py took 0.120 seconds
[2024-09-21T18:33:42.252+0000] {processor.py:186} INFO - Started process (PID=410) to work on /opt/airflow/dags/etl_dag.py
[2024-09-21T18:33:42.254+0000] {processor.py:914} INFO - Processing file /opt/airflow/dags/etl_dag.py for tasks to queue
[2024-09-21T18:33:42.261+0000] {logging_mixin.py:190} INFO - [2024-09-21T18:33:42.261+0000] {dagbag.py:587} INFO - Filling up the DagBag from /opt/airflow/dags/etl_dag.py
[2024-09-21T18:33:42.279+0000] {processor.py:925} INFO - DAG(s) 'etl_dag' retrieved from /opt/airflow/dags/etl_dag.py
[2024-09-21T18:33:42.311+0000] {logging_mixin.py:190} INFO - [2024-09-21T18:33:42.311+0000] {dag.py:3229} INFO - Sync 1 DAGs
[2024-09-21T18:33:42.345+0000] {logging_mixin.py:190} INFO - [2024-09-21T18:33:42.345+0000] {dag.py:4156} INFO - Setting next_dagrun for etl_dag to 2024-09-20 00:00:00+00:00, run_after=2024-09-21 00:00:00+00:00
[2024-09-21T18:33:42.362+0000] {processor.py:208} INFO - Processing /opt/airflow/dags/etl_dag.py took 0.120 seconds
[2024-09-21T18:34:12.881+0000] {processor.py:186} INFO - Started process (PID=419) to work on /opt/airflow/dags/etl_dag.py
[2024-09-21T18:34:12.884+0000] {processor.py:914} INFO - Processing file /opt/airflow/dags/etl_dag.py for tasks to queue
[2024-09-21T18:34:12.889+0000] {logging_mixin.py:190} INFO - [2024-09-21T18:34:12.889+0000] {dagbag.py:587} INFO - Filling up the DagBag from /opt/airflow/dags/etl_dag.py
[2024-09-21T18:34:12.904+0000] {processor.py:925} INFO - DAG(s) 'etl_dag' retrieved from /opt/airflow/dags/etl_dag.py
[2024-09-21T18:34:12.926+0000] {logging_mixin.py:190} INFO - [2024-09-21T18:34:12.926+0000] {dag.py:3229} INFO - Sync 1 DAGs
[2024-09-21T18:34:12.946+0000] {logging_mixin.py:190} INFO - [2024-09-21T18:34:12.945+0000] {dag.py:4156} INFO - Setting next_dagrun for etl_dag to 2024-09-20 00:00:00+00:00, run_after=2024-09-21 00:00:00+00:00
[2024-09-21T18:34:12.961+0000] {processor.py:208} INFO - Processing /opt/airflow/dags/etl_dag.py took 0.094 seconds
[2024-09-21T18:34:43.620+0000] {processor.py:186} INFO - Started process (PID=428) to work on /opt/airflow/dags/etl_dag.py
[2024-09-21T18:34:43.623+0000] {processor.py:914} INFO - Processing file /opt/airflow/dags/etl_dag.py for tasks to queue
[2024-09-21T18:34:43.627+0000] {logging_mixin.py:190} INFO - [2024-09-21T18:34:43.626+0000] {dagbag.py:587} INFO - Filling up the DagBag from /opt/airflow/dags/etl_dag.py
[2024-09-21T18:34:43.641+0000] {processor.py:925} INFO - DAG(s) 'etl_dag' retrieved from /opt/airflow/dags/etl_dag.py
[2024-09-21T18:34:43.670+0000] {logging_mixin.py:190} INFO - [2024-09-21T18:34:43.670+0000] {dag.py:3229} INFO - Sync 1 DAGs
[2024-09-21T18:34:43.697+0000] {logging_mixin.py:190} INFO - [2024-09-21T18:34:43.697+0000] {dag.py:4156} INFO - Setting next_dagrun for etl_dag to 2024-09-20 00:00:00+00:00, run_after=2024-09-21 00:00:00+00:00
[2024-09-21T18:34:43.712+0000] {processor.py:208} INFO - Processing /opt/airflow/dags/etl_dag.py took 0.100 seconds
[2024-09-21T18:35:14.492+0000] {processor.py:186} INFO - Started process (PID=437) to work on /opt/airflow/dags/etl_dag.py
[2024-09-21T18:35:14.502+0000] {processor.py:914} INFO - Processing file /opt/airflow/dags/etl_dag.py for tasks to queue
[2024-09-21T18:35:14.515+0000] {logging_mixin.py:190} INFO - [2024-09-21T18:35:14.514+0000] {dagbag.py:587} INFO - Filling up the DagBag from /opt/airflow/dags/etl_dag.py
[2024-09-21T18:35:14.529+0000] {processor.py:925} INFO - DAG(s) 'etl_dag' retrieved from /opt/airflow/dags/etl_dag.py
[2024-09-21T18:35:14.576+0000] {logging_mixin.py:190} INFO - [2024-09-21T18:35:14.576+0000] {dag.py:3229} INFO - Sync 1 DAGs
[2024-09-21T18:35:14.601+0000] {logging_mixin.py:190} INFO - [2024-09-21T18:35:14.601+0000] {dag.py:4156} INFO - Setting next_dagrun for etl_dag to 2024-09-20 00:00:00+00:00, run_after=2024-09-21 00:00:00+00:00
[2024-09-21T18:35:14.621+0000] {processor.py:208} INFO - Processing /opt/airflow/dags/etl_dag.py took 0.142 seconds
[2024-09-21T18:35:45.529+0000] {processor.py:186} INFO - Started process (PID=446) to work on /opt/airflow/dags/etl_dag.py
[2024-09-21T18:35:45.532+0000] {processor.py:914} INFO - Processing file /opt/airflow/dags/etl_dag.py for tasks to queue
[2024-09-21T18:35:45.537+0000] {logging_mixin.py:190} INFO - [2024-09-21T18:35:45.536+0000] {dagbag.py:587} INFO - Filling up the DagBag from /opt/airflow/dags/etl_dag.py
[2024-09-21T18:35:45.550+0000] {processor.py:925} INFO - DAG(s) 'etl_dag' retrieved from /opt/airflow/dags/etl_dag.py
[2024-09-21T18:35:45.576+0000] {logging_mixin.py:190} INFO - [2024-09-21T18:35:45.576+0000] {dag.py:3229} INFO - Sync 1 DAGs
[2024-09-21T18:35:45.596+0000] {logging_mixin.py:190} INFO - [2024-09-21T18:35:45.596+0000] {dag.py:4156} INFO - Setting next_dagrun for etl_dag to 2024-09-20 00:00:00+00:00, run_after=2024-09-21 00:00:00+00:00
[2024-09-21T18:35:45.625+0000] {processor.py:208} INFO - Processing /opt/airflow/dags/etl_dag.py took 0.120 seconds
[2024-09-21T18:36:15.920+0000] {processor.py:186} INFO - Started process (PID=461) to work on /opt/airflow/dags/etl_dag.py
[2024-09-21T18:36:15.924+0000] {processor.py:914} INFO - Processing file /opt/airflow/dags/etl_dag.py for tasks to queue
[2024-09-21T18:36:15.933+0000] {logging_mixin.py:190} INFO - [2024-09-21T18:36:15.932+0000] {dagbag.py:587} INFO - Filling up the DagBag from /opt/airflow/dags/etl_dag.py
[2024-09-21T18:36:15.984+0000] {processor.py:925} INFO - DAG(s) 'etl_dag' retrieved from /opt/airflow/dags/etl_dag.py
[2024-09-21T18:36:16.162+0000] {logging_mixin.py:190} INFO - [2024-09-21T18:36:16.162+0000] {dag.py:3229} INFO - Sync 1 DAGs
[2024-09-21T18:36:16.301+0000] {logging_mixin.py:190} INFO - [2024-09-21T18:36:16.299+0000] {dag.py:4156} INFO - Setting next_dagrun for etl_dag to 2024-09-20 00:00:00+00:00, run_after=2024-09-21 00:00:00+00:00
[2024-09-21T18:36:16.408+0000] {processor.py:208} INFO - Processing /opt/airflow/dags/etl_dag.py took 0.530 seconds
[2024-09-21T18:36:46.809+0000] {processor.py:186} INFO - Started process (PID=474) to work on /opt/airflow/dags/etl_dag.py
[2024-09-21T18:36:46.811+0000] {processor.py:914} INFO - Processing file /opt/airflow/dags/etl_dag.py for tasks to queue
[2024-09-21T18:36:46.816+0000] {logging_mixin.py:190} INFO - [2024-09-21T18:36:46.816+0000] {dagbag.py:587} INFO - Filling up the DagBag from /opt/airflow/dags/etl_dag.py
[2024-09-21T18:36:46.830+0000] {processor.py:925} INFO - DAG(s) 'etl_dag' retrieved from /opt/airflow/dags/etl_dag.py
[2024-09-21T18:36:46.861+0000] {logging_mixin.py:190} INFO - [2024-09-21T18:36:46.861+0000] {dag.py:3229} INFO - Sync 1 DAGs
[2024-09-21T18:36:46.893+0000] {logging_mixin.py:190} INFO - [2024-09-21T18:36:46.892+0000] {dag.py:4156} INFO - Setting next_dagrun for etl_dag to 2024-09-20 00:00:00+00:00, run_after=2024-09-21 00:00:00+00:00
[2024-09-21T18:36:46.910+0000] {processor.py:208} INFO - Processing /opt/airflow/dags/etl_dag.py took 0.112 seconds
[2024-09-21T18:37:17.385+0000] {processor.py:186} INFO - Started process (PID=483) to work on /opt/airflow/dags/etl_dag.py
[2024-09-21T18:37:17.387+0000] {processor.py:914} INFO - Processing file /opt/airflow/dags/etl_dag.py for tasks to queue
[2024-09-21T18:37:17.391+0000] {logging_mixin.py:190} INFO - [2024-09-21T18:37:17.391+0000] {dagbag.py:587} INFO - Filling up the DagBag from /opt/airflow/dags/etl_dag.py
[2024-09-21T18:37:17.403+0000] {processor.py:925} INFO - DAG(s) 'etl_dag' retrieved from /opt/airflow/dags/etl_dag.py
[2024-09-21T18:37:17.440+0000] {logging_mixin.py:190} INFO - [2024-09-21T18:37:17.440+0000] {dag.py:3229} INFO - Sync 1 DAGs
[2024-09-21T18:37:17.461+0000] {logging_mixin.py:190} INFO - [2024-09-21T18:37:17.461+0000] {dag.py:4156} INFO - Setting next_dagrun for etl_dag to 2024-09-20 00:00:00+00:00, run_after=2024-09-21 00:00:00+00:00
[2024-09-21T18:37:17.483+0000] {processor.py:208} INFO - Processing /opt/airflow/dags/etl_dag.py took 0.105 seconds
[2024-09-21T18:37:48.118+0000] {processor.py:186} INFO - Started process (PID=492) to work on /opt/airflow/dags/etl_dag.py
[2024-09-21T18:37:48.120+0000] {processor.py:914} INFO - Processing file /opt/airflow/dags/etl_dag.py for tasks to queue
[2024-09-21T18:37:48.125+0000] {logging_mixin.py:190} INFO - [2024-09-21T18:37:48.124+0000] {dagbag.py:587} INFO - Filling up the DagBag from /opt/airflow/dags/etl_dag.py
[2024-09-21T18:37:48.140+0000] {processor.py:925} INFO - DAG(s) 'etl_dag' retrieved from /opt/airflow/dags/etl_dag.py
[2024-09-21T18:37:48.179+0000] {logging_mixin.py:190} INFO - [2024-09-21T18:37:48.178+0000] {dag.py:3229} INFO - Sync 1 DAGs
[2024-09-21T18:37:48.201+0000] {logging_mixin.py:190} INFO - [2024-09-21T18:37:48.200+0000] {dag.py:4156} INFO - Setting next_dagrun for etl_dag to 2024-09-20 00:00:00+00:00, run_after=2024-09-21 00:00:00+00:00
[2024-09-21T18:37:48.218+0000] {processor.py:208} INFO - Processing /opt/airflow/dags/etl_dag.py took 0.111 seconds
[2024-09-21T18:38:18.917+0000] {processor.py:186} INFO - Started process (PID=501) to work on /opt/airflow/dags/etl_dag.py
[2024-09-21T18:38:18.919+0000] {processor.py:914} INFO - Processing file /opt/airflow/dags/etl_dag.py for tasks to queue
[2024-09-21T18:38:18.926+0000] {logging_mixin.py:190} INFO - [2024-09-21T18:38:18.926+0000] {dagbag.py:587} INFO - Filling up the DagBag from /opt/airflow/dags/etl_dag.py
[2024-09-21T18:38:18.938+0000] {processor.py:925} INFO - DAG(s) 'etl_dag' retrieved from /opt/airflow/dags/etl_dag.py
[2024-09-21T18:38:18.960+0000] {logging_mixin.py:190} INFO - [2024-09-21T18:38:18.960+0000] {dag.py:3229} INFO - Sync 1 DAGs
[2024-09-21T18:38:18.982+0000] {logging_mixin.py:190} INFO - [2024-09-21T18:38:18.982+0000] {dag.py:4156} INFO - Setting next_dagrun for etl_dag to 2024-09-20 00:00:00+00:00, run_after=2024-09-21 00:00:00+00:00
[2024-09-21T18:38:19.000+0000] {processor.py:208} INFO - Processing /opt/airflow/dags/etl_dag.py took 0.095 seconds
[2024-09-21T18:38:49.608+0000] {processor.py:186} INFO - Started process (PID=510) to work on /opt/airflow/dags/etl_dag.py
[2024-09-21T18:38:49.611+0000] {processor.py:914} INFO - Processing file /opt/airflow/dags/etl_dag.py for tasks to queue
[2024-09-21T18:38:49.616+0000] {logging_mixin.py:190} INFO - [2024-09-21T18:38:49.616+0000] {dagbag.py:587} INFO - Filling up the DagBag from /opt/airflow/dags/etl_dag.py
[2024-09-21T18:38:49.631+0000] {processor.py:925} INFO - DAG(s) 'etl_dag' retrieved from /opt/airflow/dags/etl_dag.py
[2024-09-21T18:38:49.651+0000] {logging_mixin.py:190} INFO - [2024-09-21T18:38:49.650+0000] {dag.py:3229} INFO - Sync 1 DAGs
[2024-09-21T18:38:49.665+0000] {logging_mixin.py:190} INFO - [2024-09-21T18:38:49.665+0000] {dag.py:4156} INFO - Setting next_dagrun for etl_dag to 2024-09-20 00:00:00+00:00, run_after=2024-09-21 00:00:00+00:00
[2024-09-21T18:38:49.679+0000] {processor.py:208} INFO - Processing /opt/airflow/dags/etl_dag.py took 0.081 seconds
[2024-09-21T18:39:20.313+0000] {processor.py:186} INFO - Started process (PID=519) to work on /opt/airflow/dags/etl_dag.py
[2024-09-21T18:39:20.316+0000] {processor.py:914} INFO - Processing file /opt/airflow/dags/etl_dag.py for tasks to queue
[2024-09-21T18:39:20.319+0000] {logging_mixin.py:190} INFO - [2024-09-21T18:39:20.319+0000] {dagbag.py:587} INFO - Filling up the DagBag from /opt/airflow/dags/etl_dag.py
[2024-09-21T18:39:20.328+0000] {processor.py:925} INFO - DAG(s) 'etl_dag' retrieved from /opt/airflow/dags/etl_dag.py
[2024-09-21T18:39:20.346+0000] {logging_mixin.py:190} INFO - [2024-09-21T18:39:20.346+0000] {dag.py:3229} INFO - Sync 1 DAGs
[2024-09-21T18:39:20.361+0000] {logging_mixin.py:190} INFO - [2024-09-21T18:39:20.361+0000] {dag.py:4156} INFO - Setting next_dagrun for etl_dag to 2024-09-20 00:00:00+00:00, run_after=2024-09-21 00:00:00+00:00
[2024-09-21T18:39:20.375+0000] {processor.py:208} INFO - Processing /opt/airflow/dags/etl_dag.py took 0.070 seconds
[2024-09-21T18:39:51.125+0000] {processor.py:186} INFO - Started process (PID=534) to work on /opt/airflow/dags/etl_dag.py
[2024-09-21T18:39:51.128+0000] {processor.py:914} INFO - Processing file /opt/airflow/dags/etl_dag.py for tasks to queue
[2024-09-21T18:39:51.134+0000] {logging_mixin.py:190} INFO - [2024-09-21T18:39:51.133+0000] {dagbag.py:587} INFO - Filling up the DagBag from /opt/airflow/dags/etl_dag.py
[2024-09-21T18:39:51.152+0000] {processor.py:925} INFO - DAG(s) 'etl_dag' retrieved from /opt/airflow/dags/etl_dag.py
[2024-09-21T18:39:51.194+0000] {logging_mixin.py:190} INFO - [2024-09-21T18:39:51.194+0000] {dag.py:3229} INFO - Sync 1 DAGs
[2024-09-21T18:39:51.224+0000] {logging_mixin.py:190} INFO - [2024-09-21T18:39:51.223+0000] {dag.py:4156} INFO - Setting next_dagrun for etl_dag to 2024-09-20 00:00:00+00:00, run_after=2024-09-21 00:00:00+00:00
[2024-09-21T18:39:51.242+0000] {processor.py:208} INFO - Processing /opt/airflow/dags/etl_dag.py took 0.129 seconds
