[2024-09-21T13:06:23.187+0000] {processor.py:186} INFO - Started process (PID=34) to work on /opt/airflow/dags/first_dag.py
[2024-09-21T13:06:23.196+0000] {processor.py:914} INFO - Processing file /opt/airflow/dags/first_dag.py for tasks to queue
[2024-09-21T13:06:23.214+0000] {logging_mixin.py:190} INFO - [2024-09-21T13:06:23.213+0000] {dagbag.py:587} INFO - Filling up the DagBag from /opt/airflow/dags/first_dag.py
[2024-09-21T13:06:23.296+0000] {processor.py:925} INFO - DAG(s) 'first_dag' retrieved from /opt/airflow/dags/first_dag.py
[2024-09-21T13:06:23.549+0000] {logging_mixin.py:190} INFO - [2024-09-21T13:06:23.548+0000] {dag.py:3229} INFO - Sync 1 DAGs
[2024-09-21T13:06:23.692+0000] {logging_mixin.py:190} INFO - [2024-09-21T13:06:23.686+0000] {dag.py:4156} INFO - Setting next_dagrun for first_dag to 2024-09-14 00:00:00+00:00, run_after=2024-09-15 00:00:00+00:00
[2024-09-21T13:06:23.825+0000] {processor.py:208} INFO - Processing /opt/airflow/dags/first_dag.py took 0.670 seconds
[2024-09-21T13:06:54.249+0000] {processor.py:186} INFO - Started process (PID=43) to work on /opt/airflow/dags/first_dag.py
[2024-09-21T13:06:54.251+0000] {processor.py:914} INFO - Processing file /opt/airflow/dags/first_dag.py for tasks to queue
[2024-09-21T13:06:54.253+0000] {logging_mixin.py:190} INFO - [2024-09-21T13:06:54.253+0000] {dagbag.py:587} INFO - Filling up the DagBag from /opt/airflow/dags/first_dag.py
[2024-09-21T13:06:54.265+0000] {processor.py:925} INFO - DAG(s) 'first_dag' retrieved from /opt/airflow/dags/first_dag.py
[2024-09-21T13:06:54.287+0000] {logging_mixin.py:190} INFO - [2024-09-21T13:06:54.287+0000] {dag.py:3229} INFO - Sync 1 DAGs
[2024-09-21T13:06:54.300+0000] {logging_mixin.py:190} INFO - [2024-09-21T13:06:54.300+0000] {dag.py:4156} INFO - Setting next_dagrun for first_dag to 2024-09-14 00:00:00+00:00, run_after=2024-09-15 00:00:00+00:00
[2024-09-21T13:06:54.312+0000] {processor.py:208} INFO - Processing /opt/airflow/dags/first_dag.py took 0.067 seconds
[2024-09-21T13:07:25.037+0000] {processor.py:186} INFO - Started process (PID=57) to work on /opt/airflow/dags/first_dag.py
[2024-09-21T13:07:25.040+0000] {processor.py:914} INFO - Processing file /opt/airflow/dags/first_dag.py for tasks to queue
[2024-09-21T13:07:25.043+0000] {logging_mixin.py:190} INFO - [2024-09-21T13:07:25.043+0000] {dagbag.py:587} INFO - Filling up the DagBag from /opt/airflow/dags/first_dag.py
[2024-09-21T13:07:25.056+0000] {processor.py:925} INFO - DAG(s) 'first_dag' retrieved from /opt/airflow/dags/first_dag.py
[2024-09-21T13:07:25.082+0000] {logging_mixin.py:190} INFO - [2024-09-21T13:07:25.082+0000] {dag.py:3229} INFO - Sync 1 DAGs
[2024-09-21T13:07:25.094+0000] {logging_mixin.py:190} INFO - [2024-09-21T13:07:25.094+0000] {dag.py:4156} INFO - Setting next_dagrun for first_dag to 2024-09-14 00:00:00+00:00, run_after=2024-09-15 00:00:00+00:00
[2024-09-21T13:07:25.184+0000] {processor.py:208} INFO - Processing /opt/airflow/dags/first_dag.py took 0.155 seconds
[2024-09-21T13:07:55.880+0000] {processor.py:186} INFO - Started process (PID=71) to work on /opt/airflow/dags/first_dag.py
[2024-09-21T13:07:55.883+0000] {processor.py:914} INFO - Processing file /opt/airflow/dags/first_dag.py for tasks to queue
[2024-09-21T13:07:55.886+0000] {logging_mixin.py:190} INFO - [2024-09-21T13:07:55.885+0000] {dagbag.py:587} INFO - Filling up the DagBag from /opt/airflow/dags/first_dag.py
[2024-09-21T13:07:55.898+0000] {processor.py:925} INFO - DAG(s) 'first_dag' retrieved from /opt/airflow/dags/first_dag.py
[2024-09-21T13:07:55.929+0000] {logging_mixin.py:190} INFO - [2024-09-21T13:07:55.929+0000] {dag.py:3229} INFO - Sync 1 DAGs
[2024-09-21T13:07:56.189+0000] {logging_mixin.py:190} INFO - [2024-09-21T13:07:56.189+0000] {dag.py:4156} INFO - Setting next_dagrun for first_dag to 2024-09-14 00:00:00+00:00, run_after=2024-09-15 00:00:00+00:00
[2024-09-21T13:07:56.214+0000] {processor.py:208} INFO - Processing /opt/airflow/dags/first_dag.py took 0.341 seconds
[2024-09-21T13:08:27.123+0000] {processor.py:186} INFO - Started process (PID=85) to work on /opt/airflow/dags/first_dag.py
[2024-09-21T13:08:27.127+0000] {processor.py:914} INFO - Processing file /opt/airflow/dags/first_dag.py for tasks to queue
[2024-09-21T13:08:27.131+0000] {logging_mixin.py:190} INFO - [2024-09-21T13:08:27.130+0000] {dagbag.py:587} INFO - Filling up the DagBag from /opt/airflow/dags/first_dag.py
[2024-09-21T13:08:27.144+0000] {processor.py:925} INFO - DAG(s) 'first_dag' retrieved from /opt/airflow/dags/first_dag.py
[2024-09-21T13:08:27.170+0000] {logging_mixin.py:190} INFO - [2024-09-21T13:08:27.170+0000] {dag.py:3229} INFO - Sync 1 DAGs
[2024-09-21T13:08:27.260+0000] {logging_mixin.py:190} INFO - [2024-09-21T13:08:27.260+0000] {dag.py:4156} INFO - Setting next_dagrun for first_dag to 2024-09-14 00:00:00+00:00, run_after=2024-09-15 00:00:00+00:00
[2024-09-21T13:08:27.273+0000] {processor.py:208} INFO - Processing /opt/airflow/dags/first_dag.py took 0.158 seconds
[2024-09-21T13:08:58.148+0000] {processor.py:186} INFO - Started process (PID=102) to work on /opt/airflow/dags/first_dag.py
[2024-09-21T13:08:58.150+0000] {processor.py:914} INFO - Processing file /opt/airflow/dags/first_dag.py for tasks to queue
[2024-09-21T13:08:58.152+0000] {logging_mixin.py:190} INFO - [2024-09-21T13:08:58.152+0000] {dagbag.py:587} INFO - Filling up the DagBag from /opt/airflow/dags/first_dag.py
[2024-09-21T13:08:58.161+0000] {processor.py:925} INFO - DAG(s) 'first_dag' retrieved from /opt/airflow/dags/first_dag.py
[2024-09-21T13:08:58.263+0000] {logging_mixin.py:190} INFO - [2024-09-21T13:08:58.262+0000] {dag.py:3229} INFO - Sync 1 DAGs
[2024-09-21T13:08:58.274+0000] {logging_mixin.py:190} INFO - [2024-09-21T13:08:58.274+0000] {dag.py:4156} INFO - Setting next_dagrun for first_dag to 2024-09-14 00:00:00+00:00, run_after=2024-09-15 00:00:00+00:00
[2024-09-21T13:08:58.286+0000] {processor.py:208} INFO - Processing /opt/airflow/dags/first_dag.py took 0.141 seconds
[2024-09-21T13:09:29.272+0000] {processor.py:186} INFO - Started process (PID=111) to work on /opt/airflow/dags/first_dag.py
[2024-09-21T13:09:29.275+0000] {processor.py:914} INFO - Processing file /opt/airflow/dags/first_dag.py for tasks to queue
[2024-09-21T13:09:29.372+0000] {logging_mixin.py:190} INFO - [2024-09-21T13:09:29.371+0000] {dagbag.py:587} INFO - Filling up the DagBag from /opt/airflow/dags/first_dag.py
[2024-09-21T13:09:29.378+0000] {processor.py:925} INFO - DAG(s) 'first_dag' retrieved from /opt/airflow/dags/first_dag.py
[2024-09-21T13:09:29.403+0000] {logging_mixin.py:190} INFO - [2024-09-21T13:09:29.403+0000] {dag.py:3229} INFO - Sync 1 DAGs
[2024-09-21T13:09:29.414+0000] {logging_mixin.py:190} INFO - [2024-09-21T13:09:29.414+0000] {dag.py:4156} INFO - Setting next_dagrun for first_dag to 2024-09-14 00:00:00+00:00, run_after=2024-09-15 00:00:00+00:00
[2024-09-21T13:09:29.427+0000] {processor.py:208} INFO - Processing /opt/airflow/dags/first_dag.py took 0.162 seconds
[2024-09-21T13:10:00.100+0000] {processor.py:186} INFO - Started process (PID=120) to work on /opt/airflow/dags/first_dag.py
[2024-09-21T13:10:00.103+0000] {processor.py:914} INFO - Processing file /opt/airflow/dags/first_dag.py for tasks to queue
[2024-09-21T13:10:00.107+0000] {logging_mixin.py:190} INFO - [2024-09-21T13:10:00.107+0000] {dagbag.py:587} INFO - Filling up the DagBag from /opt/airflow/dags/first_dag.py
[2024-09-21T13:10:00.123+0000] {processor.py:925} INFO - DAG(s) 'first_dag' retrieved from /opt/airflow/dags/first_dag.py
[2024-09-21T13:10:00.152+0000] {logging_mixin.py:190} INFO - [2024-09-21T13:10:00.152+0000] {dag.py:3229} INFO - Sync 1 DAGs
[2024-09-21T13:10:00.166+0000] {logging_mixin.py:190} INFO - [2024-09-21T13:10:00.166+0000] {dag.py:4156} INFO - Setting next_dagrun for first_dag to 2024-09-14 00:00:00+00:00, run_after=2024-09-15 00:00:00+00:00
[2024-09-21T13:10:00.180+0000] {processor.py:208} INFO - Processing /opt/airflow/dags/first_dag.py took 0.091 seconds
[2024-09-21T13:11:10.647+0000] {processor.py:186} INFO - Started process (PID=28) to work on /opt/airflow/dags/first_dag.py
[2024-09-21T13:11:10.649+0000] {processor.py:914} INFO - Processing file /opt/airflow/dags/first_dag.py for tasks to queue
[2024-09-21T13:11:10.654+0000] {logging_mixin.py:190} INFO - [2024-09-21T13:11:10.654+0000] {dagbag.py:587} INFO - Filling up the DagBag from /opt/airflow/dags/first_dag.py
[2024-09-21T13:11:10.695+0000] {processor.py:925} INFO - DAG(s) 'first_dag' retrieved from /opt/airflow/dags/first_dag.py
[2024-09-21T13:11:10.729+0000] {logging_mixin.py:190} INFO - [2024-09-21T13:11:10.729+0000] {dag.py:3229} INFO - Sync 1 DAGs
[2024-09-21T13:11:10.748+0000] {logging_mixin.py:190} INFO - [2024-09-21T13:11:10.747+0000] {dag.py:4156} INFO - Setting next_dagrun for first_dag to 2024-09-14 00:00:00+00:00, run_after=2024-09-15 00:00:00+00:00
[2024-09-21T13:11:10.765+0000] {processor.py:208} INFO - Processing /opt/airflow/dags/first_dag.py took 0.125 seconds
[2024-09-21T13:11:41.238+0000] {processor.py:186} INFO - Started process (PID=37) to work on /opt/airflow/dags/first_dag.py
[2024-09-21T13:11:41.240+0000] {processor.py:914} INFO - Processing file /opt/airflow/dags/first_dag.py for tasks to queue
[2024-09-21T13:11:41.242+0000] {logging_mixin.py:190} INFO - [2024-09-21T13:11:41.242+0000] {dagbag.py:587} INFO - Filling up the DagBag from /opt/airflow/dags/first_dag.py
[2024-09-21T13:11:41.255+0000] {processor.py:925} INFO - DAG(s) 'first_dag' retrieved from /opt/airflow/dags/first_dag.py
[2024-09-21T13:11:41.282+0000] {logging_mixin.py:190} INFO - [2024-09-21T13:11:41.282+0000] {dag.py:3229} INFO - Sync 1 DAGs
[2024-09-21T13:11:41.295+0000] {logging_mixin.py:190} INFO - [2024-09-21T13:11:41.295+0000] {dag.py:4156} INFO - Setting next_dagrun for first_dag to 2024-09-14 00:00:00+00:00, run_after=2024-09-15 00:00:00+00:00
[2024-09-21T13:11:41.308+0000] {processor.py:208} INFO - Processing /opt/airflow/dags/first_dag.py took 0.074 seconds
[2024-09-21T13:12:11.983+0000] {processor.py:186} INFO - Started process (PID=45) to work on /opt/airflow/dags/first_dag.py
[2024-09-21T13:12:11.985+0000] {processor.py:914} INFO - Processing file /opt/airflow/dags/first_dag.py for tasks to queue
[2024-09-21T13:12:11.989+0000] {logging_mixin.py:190} INFO - [2024-09-21T13:12:11.988+0000] {dagbag.py:587} INFO - Filling up the DagBag from /opt/airflow/dags/first_dag.py
[2024-09-21T13:12:12.005+0000] {processor.py:925} INFO - DAG(s) 'first_dag' retrieved from /opt/airflow/dags/first_dag.py
[2024-09-21T13:12:12.040+0000] {logging_mixin.py:190} INFO - [2024-09-21T13:12:12.040+0000] {dag.py:3229} INFO - Sync 1 DAGs
[2024-09-21T13:12:12.058+0000] {logging_mixin.py:190} INFO - [2024-09-21T13:12:12.058+0000] {dag.py:4156} INFO - Setting next_dagrun for first_dag to 2024-09-14 00:00:00+00:00, run_after=2024-09-15 00:00:00+00:00
[2024-09-21T13:12:12.229+0000] {processor.py:208} INFO - Processing /opt/airflow/dags/first_dag.py took 0.251 seconds
[2024-09-21T13:12:43.233+0000] {processor.py:186} INFO - Started process (PID=54) to work on /opt/airflow/dags/first_dag.py
[2024-09-21T13:12:43.243+0000] {processor.py:914} INFO - Processing file /opt/airflow/dags/first_dag.py for tasks to queue
[2024-09-21T13:12:43.254+0000] {logging_mixin.py:190} INFO - [2024-09-21T13:12:43.253+0000] {dagbag.py:587} INFO - Filling up the DagBag from /opt/airflow/dags/first_dag.py
[2024-09-21T13:12:43.269+0000] {processor.py:925} INFO - DAG(s) 'first_dag' retrieved from /opt/airflow/dags/first_dag.py
[2024-09-21T13:12:43.301+0000] {logging_mixin.py:190} INFO - [2024-09-21T13:12:43.301+0000] {dag.py:3229} INFO - Sync 1 DAGs
[2024-09-21T13:12:43.397+0000] {logging_mixin.py:190} INFO - [2024-09-21T13:12:43.396+0000] {dag.py:4156} INFO - Setting next_dagrun for first_dag to 2024-09-14 00:00:00+00:00, run_after=2024-09-15 00:00:00+00:00
[2024-09-21T13:12:43.410+0000] {processor.py:208} INFO - Processing /opt/airflow/dags/first_dag.py took 0.190 seconds
[2024-09-21T13:13:13.748+0000] {processor.py:186} INFO - Started process (PID=68) to work on /opt/airflow/dags/first_dag.py
[2024-09-21T13:13:13.750+0000] {processor.py:914} INFO - Processing file /opt/airflow/dags/first_dag.py for tasks to queue
[2024-09-21T13:13:13.752+0000] {logging_mixin.py:190} INFO - [2024-09-21T13:13:13.751+0000] {dagbag.py:587} INFO - Filling up the DagBag from /opt/airflow/dags/first_dag.py
[2024-09-21T13:13:13.764+0000] {processor.py:925} INFO - DAG(s) 'first_dag' retrieved from /opt/airflow/dags/first_dag.py
[2024-09-21T13:13:13.788+0000] {logging_mixin.py:190} INFO - [2024-09-21T13:13:13.788+0000] {dag.py:3229} INFO - Sync 1 DAGs
[2024-09-21T13:13:13.911+0000] {logging_mixin.py:190} INFO - [2024-09-21T13:13:13.911+0000] {dag.py:4156} INFO - Setting next_dagrun for first_dag to 2024-09-14 00:00:00+00:00, run_after=2024-09-15 00:00:00+00:00
[2024-09-21T13:13:13.926+0000] {processor.py:208} INFO - Processing /opt/airflow/dags/first_dag.py took 0.182 seconds
[2024-09-21T13:13:44.840+0000] {processor.py:186} INFO - Started process (PID=77) to work on /opt/airflow/dags/first_dag.py
[2024-09-21T13:13:44.841+0000] {processor.py:914} INFO - Processing file /opt/airflow/dags/first_dag.py for tasks to queue
[2024-09-21T13:13:44.844+0000] {logging_mixin.py:190} INFO - [2024-09-21T13:13:44.844+0000] {dagbag.py:587} INFO - Filling up the DagBag from /opt/airflow/dags/first_dag.py
[2024-09-21T13:13:44.855+0000] {processor.py:925} INFO - DAG(s) 'first_dag' retrieved from /opt/airflow/dags/first_dag.py
[2024-09-21T13:13:44.989+0000] {logging_mixin.py:190} INFO - [2024-09-21T13:13:44.989+0000] {dag.py:3229} INFO - Sync 1 DAGs
[2024-09-21T13:13:45.002+0000] {logging_mixin.py:190} INFO - [2024-09-21T13:13:45.002+0000] {dag.py:4156} INFO - Setting next_dagrun for first_dag to 2024-09-14 00:00:00+00:00, run_after=2024-09-15 00:00:00+00:00
[2024-09-21T13:13:45.016+0000] {processor.py:208} INFO - Processing /opt/airflow/dags/first_dag.py took 0.181 seconds
[2024-09-21T13:14:15.716+0000] {processor.py:186} INFO - Started process (PID=86) to work on /opt/airflow/dags/first_dag.py
[2024-09-21T13:14:15.718+0000] {processor.py:914} INFO - Processing file /opt/airflow/dags/first_dag.py for tasks to queue
[2024-09-21T13:14:15.803+0000] {logging_mixin.py:190} INFO - [2024-09-21T13:14:15.803+0000] {dagbag.py:587} INFO - Filling up the DagBag from /opt/airflow/dags/first_dag.py
[2024-09-21T13:14:15.811+0000] {processor.py:925} INFO - DAG(s) 'first_dag' retrieved from /opt/airflow/dags/first_dag.py
[2024-09-21T13:14:15.829+0000] {logging_mixin.py:190} INFO - [2024-09-21T13:14:15.829+0000] {dag.py:3229} INFO - Sync 1 DAGs
[2024-09-21T13:14:15.840+0000] {logging_mixin.py:190} INFO - [2024-09-21T13:14:15.840+0000] {dag.py:4156} INFO - Setting next_dagrun for first_dag to 2024-09-14 00:00:00+00:00, run_after=2024-09-15 00:00:00+00:00
[2024-09-21T13:14:15.853+0000] {processor.py:208} INFO - Processing /opt/airflow/dags/first_dag.py took 0.143 seconds
[2024-09-21T13:14:46.058+0000] {processor.py:186} INFO - Started process (PID=95) to work on /opt/airflow/dags/first_dag.py
[2024-09-21T13:14:46.060+0000] {processor.py:914} INFO - Processing file /opt/airflow/dags/first_dag.py for tasks to queue
[2024-09-21T13:14:46.063+0000] {logging_mixin.py:190} INFO - [2024-09-21T13:14:46.063+0000] {dagbag.py:587} INFO - Filling up the DagBag from /opt/airflow/dags/first_dag.py
[2024-09-21T13:14:46.074+0000] {processor.py:925} INFO - DAG(s) 'first_dag' retrieved from /opt/airflow/dags/first_dag.py
[2024-09-21T13:14:46.099+0000] {logging_mixin.py:190} INFO - [2024-09-21T13:14:46.098+0000] {dag.py:3229} INFO - Sync 1 DAGs
[2024-09-21T13:14:46.115+0000] {logging_mixin.py:190} INFO - [2024-09-21T13:14:46.114+0000] {dag.py:4156} INFO - Setting next_dagrun for first_dag to 2024-09-14 00:00:00+00:00, run_after=2024-09-15 00:00:00+00:00
[2024-09-21T13:14:46.129+0000] {processor.py:208} INFO - Processing /opt/airflow/dags/first_dag.py took 0.074 seconds
[2024-09-21T13:15:17.220+0000] {processor.py:186} INFO - Started process (PID=104) to work on /opt/airflow/dags/first_dag.py
[2024-09-21T13:15:17.223+0000] {processor.py:914} INFO - Processing file /opt/airflow/dags/first_dag.py for tasks to queue
[2024-09-21T13:15:17.227+0000] {logging_mixin.py:190} INFO - [2024-09-21T13:15:17.226+0000] {dagbag.py:587} INFO - Filling up the DagBag from /opt/airflow/dags/first_dag.py
[2024-09-21T13:15:17.250+0000] {processor.py:925} INFO - DAG(s) 'first_dag' retrieved from /opt/airflow/dags/first_dag.py
[2024-09-21T13:15:17.313+0000] {logging_mixin.py:190} INFO - [2024-09-21T13:15:17.313+0000] {dag.py:3229} INFO - Sync 1 DAGs
[2024-09-21T13:15:17.331+0000] {logging_mixin.py:190} INFO - [2024-09-21T13:15:17.331+0000] {dag.py:4156} INFO - Setting next_dagrun for first_dag to 2024-09-14 00:00:00+00:00, run_after=2024-09-15 00:00:00+00:00
[2024-09-21T13:15:17.360+0000] {processor.py:208} INFO - Processing /opt/airflow/dags/first_dag.py took 0.153 seconds
[2024-09-21T18:15:31.359+0000] {processor.py:186} INFO - Started process (PID=29) to work on /opt/airflow/dags/first_dag.py
[2024-09-21T18:15:31.361+0000] {processor.py:914} INFO - Processing file /opt/airflow/dags/first_dag.py for tasks to queue
[2024-09-21T18:15:31.367+0000] {logging_mixin.py:190} INFO - [2024-09-21T18:15:31.365+0000] {dagbag.py:587} INFO - Filling up the DagBag from /opt/airflow/dags/first_dag.py
[2024-09-21T18:15:31.419+0000] {processor.py:925} INFO - DAG(s) 'first_dag' retrieved from /opt/airflow/dags/first_dag.py
[2024-09-21T18:15:31.504+0000] {logging_mixin.py:190} INFO - [2024-09-21T18:15:31.503+0000] {dag.py:3229} INFO - Sync 1 DAGs
[2024-09-21T18:15:31.548+0000] {logging_mixin.py:190} INFO - [2024-09-21T18:15:31.548+0000] {dag.py:4156} INFO - Setting next_dagrun for first_dag to 2024-09-14 00:00:00+00:00, run_after=2024-09-15 00:00:00+00:00
[2024-09-21T18:15:31.636+0000] {processor.py:208} INFO - Processing /opt/airflow/dags/first_dag.py took 0.289 seconds
[2024-09-21T18:16:02.483+0000] {processor.py:186} INFO - Started process (PID=37) to work on /opt/airflow/dags/first_dag.py
[2024-09-21T18:16:02.485+0000] {processor.py:914} INFO - Processing file /opt/airflow/dags/first_dag.py for tasks to queue
[2024-09-21T18:16:02.499+0000] {logging_mixin.py:190} INFO - [2024-09-21T18:16:02.497+0000] {dagbag.py:587} INFO - Filling up the DagBag from /opt/airflow/dags/first_dag.py
[2024-09-21T18:16:02.520+0000] {processor.py:925} INFO - DAG(s) 'first_dag' retrieved from /opt/airflow/dags/first_dag.py
[2024-09-21T18:16:02.557+0000] {logging_mixin.py:190} INFO - [2024-09-21T18:16:02.556+0000] {dag.py:3229} INFO - Sync 1 DAGs
[2024-09-21T18:16:02.583+0000] {logging_mixin.py:190} INFO - [2024-09-21T18:16:02.583+0000] {dag.py:4156} INFO - Setting next_dagrun for first_dag to 2024-09-14 00:00:00+00:00, run_after=2024-09-15 00:00:00+00:00
[2024-09-21T18:16:02.616+0000] {processor.py:208} INFO - Processing /opt/airflow/dags/first_dag.py took 0.139 seconds
[2024-09-21T18:16:33.441+0000] {processor.py:186} INFO - Started process (PID=51) to work on /opt/airflow/dags/first_dag.py
[2024-09-21T18:16:33.443+0000] {processor.py:914} INFO - Processing file /opt/airflow/dags/first_dag.py for tasks to queue
[2024-09-21T18:16:33.447+0000] {logging_mixin.py:190} INFO - [2024-09-21T18:16:33.446+0000] {dagbag.py:587} INFO - Filling up the DagBag from /opt/airflow/dags/first_dag.py
[2024-09-21T18:16:33.465+0000] {processor.py:925} INFO - DAG(s) 'first_dag' retrieved from /opt/airflow/dags/first_dag.py
[2024-09-21T18:16:33.511+0000] {logging_mixin.py:190} INFO - [2024-09-21T18:16:33.511+0000] {dag.py:3229} INFO - Sync 1 DAGs
[2024-09-21T18:16:33.542+0000] {logging_mixin.py:190} INFO - [2024-09-21T18:16:33.542+0000] {dag.py:4156} INFO - Setting next_dagrun for first_dag to 2024-09-14 00:00:00+00:00, run_after=2024-09-15 00:00:00+00:00
[2024-09-21T18:16:33.565+0000] {processor.py:208} INFO - Processing /opt/airflow/dags/first_dag.py took 0.133 seconds
[2024-09-21T18:17:04.214+0000] {processor.py:186} INFO - Started process (PID=60) to work on /opt/airflow/dags/first_dag.py
[2024-09-21T18:17:04.215+0000] {processor.py:914} INFO - Processing file /opt/airflow/dags/first_dag.py for tasks to queue
[2024-09-21T18:17:04.217+0000] {logging_mixin.py:190} INFO - [2024-09-21T18:17:04.217+0000] {dagbag.py:587} INFO - Filling up the DagBag from /opt/airflow/dags/first_dag.py
[2024-09-21T18:17:04.225+0000] {processor.py:925} INFO - DAG(s) 'first_dag' retrieved from /opt/airflow/dags/first_dag.py
[2024-09-21T18:17:04.246+0000] {logging_mixin.py:190} INFO - [2024-09-21T18:17:04.245+0000] {dag.py:3229} INFO - Sync 1 DAGs
[2024-09-21T18:17:04.258+0000] {logging_mixin.py:190} INFO - [2024-09-21T18:17:04.258+0000] {dag.py:4156} INFO - Setting next_dagrun for first_dag to 2024-09-14 00:00:00+00:00, run_after=2024-09-15 00:00:00+00:00
[2024-09-21T18:17:04.270+0000] {processor.py:208} INFO - Processing /opt/airflow/dags/first_dag.py took 0.059 seconds
[2024-09-21T18:17:35.065+0000] {processor.py:186} INFO - Started process (PID=68) to work on /opt/airflow/dags/first_dag.py
[2024-09-21T18:17:35.066+0000] {processor.py:914} INFO - Processing file /opt/airflow/dags/first_dag.py for tasks to queue
[2024-09-21T18:17:35.068+0000] {logging_mixin.py:190} INFO - [2024-09-21T18:17:35.068+0000] {dagbag.py:587} INFO - Filling up the DagBag from /opt/airflow/dags/first_dag.py
[2024-09-21T18:17:35.080+0000] {processor.py:925} INFO - DAG(s) 'first_dag' retrieved from /opt/airflow/dags/first_dag.py
[2024-09-21T18:17:35.103+0000] {logging_mixin.py:190} INFO - [2024-09-21T18:17:35.103+0000] {dag.py:3229} INFO - Sync 1 DAGs
[2024-09-21T18:17:35.125+0000] {logging_mixin.py:190} INFO - [2024-09-21T18:17:35.125+0000] {dag.py:4156} INFO - Setting next_dagrun for first_dag to 2024-09-14 00:00:00+00:00, run_after=2024-09-15 00:00:00+00:00
[2024-09-21T18:17:35.140+0000] {processor.py:208} INFO - Processing /opt/airflow/dags/first_dag.py took 0.078 seconds
[2024-09-21T18:18:05.801+0000] {processor.py:186} INFO - Started process (PID=77) to work on /opt/airflow/dags/first_dag.py
[2024-09-21T18:18:05.803+0000] {processor.py:914} INFO - Processing file /opt/airflow/dags/first_dag.py for tasks to queue
[2024-09-21T18:18:05.805+0000] {logging_mixin.py:190} INFO - [2024-09-21T18:18:05.805+0000] {dagbag.py:587} INFO - Filling up the DagBag from /opt/airflow/dags/first_dag.py
[2024-09-21T18:18:05.816+0000] {processor.py:925} INFO - DAG(s) 'first_dag' retrieved from /opt/airflow/dags/first_dag.py
[2024-09-21T18:18:05.836+0000] {logging_mixin.py:190} INFO - [2024-09-21T18:18:05.836+0000] {dag.py:3229} INFO - Sync 1 DAGs
[2024-09-21T18:18:05.851+0000] {logging_mixin.py:190} INFO - [2024-09-21T18:18:05.850+0000] {dag.py:4156} INFO - Setting next_dagrun for first_dag to 2024-09-14 00:00:00+00:00, run_after=2024-09-15 00:00:00+00:00
[2024-09-21T18:18:05.865+0000] {processor.py:208} INFO - Processing /opt/airflow/dags/first_dag.py took 0.067 seconds
[2024-09-21T18:18:36.627+0000] {processor.py:186} INFO - Started process (PID=86) to work on /opt/airflow/dags/first_dag.py
[2024-09-21T18:18:36.628+0000] {processor.py:914} INFO - Processing file /opt/airflow/dags/first_dag.py for tasks to queue
[2024-09-21T18:18:36.631+0000] {logging_mixin.py:190} INFO - [2024-09-21T18:18:36.630+0000] {dagbag.py:587} INFO - Filling up the DagBag from /opt/airflow/dags/first_dag.py
[2024-09-21T18:18:36.639+0000] {processor.py:925} INFO - DAG(s) 'first_dag' retrieved from /opt/airflow/dags/first_dag.py
[2024-09-21T18:18:36.661+0000] {logging_mixin.py:190} INFO - [2024-09-21T18:18:36.661+0000] {dag.py:3229} INFO - Sync 1 DAGs
[2024-09-21T18:18:36.675+0000] {logging_mixin.py:190} INFO - [2024-09-21T18:18:36.675+0000] {dag.py:4156} INFO - Setting next_dagrun for first_dag to 2024-09-14 00:00:00+00:00, run_after=2024-09-15 00:00:00+00:00
[2024-09-21T18:18:36.689+0000] {processor.py:208} INFO - Processing /opt/airflow/dags/first_dag.py took 0.065 seconds
[2024-09-21T18:19:07.397+0000] {processor.py:186} INFO - Started process (PID=94) to work on /opt/airflow/dags/first_dag.py
[2024-09-21T18:19:07.399+0000] {processor.py:914} INFO - Processing file /opt/airflow/dags/first_dag.py for tasks to queue
[2024-09-21T18:19:07.401+0000] {logging_mixin.py:190} INFO - [2024-09-21T18:19:07.401+0000] {dagbag.py:587} INFO - Filling up the DagBag from /opt/airflow/dags/first_dag.py
[2024-09-21T18:19:07.412+0000] {processor.py:925} INFO - DAG(s) 'first_dag' retrieved from /opt/airflow/dags/first_dag.py
[2024-09-21T18:19:07.451+0000] {logging_mixin.py:190} INFO - [2024-09-21T18:19:07.450+0000] {dag.py:3229} INFO - Sync 1 DAGs
[2024-09-21T18:19:07.477+0000] {logging_mixin.py:190} INFO - [2024-09-21T18:19:07.476+0000] {dag.py:4156} INFO - Setting next_dagrun for first_dag to 2024-09-14 00:00:00+00:00, run_after=2024-09-15 00:00:00+00:00
[2024-09-21T18:19:07.854+0000] {processor.py:208} INFO - Processing /opt/airflow/dags/first_dag.py took 0.459 seconds
[2024-09-21T18:19:38.148+0000] {processor.py:186} INFO - Started process (PID=108) to work on /opt/airflow/dags/first_dag.py
[2024-09-21T18:19:38.151+0000] {processor.py:914} INFO - Processing file /opt/airflow/dags/first_dag.py for tasks to queue
[2024-09-21T18:19:38.164+0000] {logging_mixin.py:190} INFO - [2024-09-21T18:19:38.161+0000] {dagbag.py:587} INFO - Filling up the DagBag from /opt/airflow/dags/first_dag.py
[2024-09-21T18:19:38.182+0000] {processor.py:925} INFO - DAG(s) 'first_dag' retrieved from /opt/airflow/dags/first_dag.py
[2024-09-21T18:19:38.219+0000] {logging_mixin.py:190} INFO - [2024-09-21T18:19:38.219+0000] {dag.py:3229} INFO - Sync 1 DAGs
[2024-09-21T18:19:38.441+0000] {logging_mixin.py:190} INFO - [2024-09-21T18:19:38.441+0000] {dag.py:4156} INFO - Setting next_dagrun for first_dag to 2024-09-14 00:00:00+00:00, run_after=2024-09-15 00:00:00+00:00
[2024-09-21T18:19:38.455+0000] {processor.py:208} INFO - Processing /opt/airflow/dags/first_dag.py took 0.318 seconds
[2024-09-21T18:20:09.063+0000] {processor.py:186} INFO - Started process (PID=117) to work on /opt/airflow/dags/first_dag.py
[2024-09-21T18:20:09.067+0000] {processor.py:914} INFO - Processing file /opt/airflow/dags/first_dag.py for tasks to queue
[2024-09-21T18:20:09.083+0000] {logging_mixin.py:190} INFO - [2024-09-21T18:20:09.083+0000] {dagbag.py:587} INFO - Filling up the DagBag from /opt/airflow/dags/first_dag.py
[2024-09-21T18:20:09.101+0000] {processor.py:925} INFO - DAG(s) 'first_dag' retrieved from /opt/airflow/dags/first_dag.py
[2024-09-21T18:20:09.376+0000] {logging_mixin.py:190} INFO - [2024-09-21T18:20:09.376+0000] {dag.py:3229} INFO - Sync 1 DAGs
[2024-09-21T18:20:09.392+0000] {logging_mixin.py:190} INFO - [2024-09-21T18:20:09.392+0000] {dag.py:4156} INFO - Setting next_dagrun for first_dag to 2024-09-14 00:00:00+00:00, run_after=2024-09-15 00:00:00+00:00
[2024-09-21T18:20:09.408+0000] {processor.py:208} INFO - Processing /opt/airflow/dags/first_dag.py took 0.355 seconds
[2024-09-21T18:20:40.189+0000] {processor.py:186} INFO - Started process (PID=126) to work on /opt/airflow/dags/first_dag.py
[2024-09-21T18:20:40.192+0000] {processor.py:914} INFO - Processing file /opt/airflow/dags/first_dag.py for tasks to queue
[2024-09-21T18:20:40.199+0000] {logging_mixin.py:190} INFO - [2024-09-21T18:20:40.197+0000] {dagbag.py:587} INFO - Filling up the DagBag from /opt/airflow/dags/first_dag.py
[2024-09-21T18:20:40.680+0000] {processor.py:925} INFO - DAG(s) 'first_dag' retrieved from /opt/airflow/dags/first_dag.py
[2024-09-21T18:20:40.718+0000] {logging_mixin.py:190} INFO - [2024-09-21T18:20:40.718+0000] {dag.py:3229} INFO - Sync 1 DAGs
[2024-09-21T18:20:40.739+0000] {logging_mixin.py:190} INFO - [2024-09-21T18:20:40.739+0000] {dag.py:4156} INFO - Setting next_dagrun for first_dag to 2024-09-14 00:00:00+00:00, run_after=2024-09-15 00:00:00+00:00
[2024-09-21T18:20:40.761+0000] {processor.py:208} INFO - Processing /opt/airflow/dags/first_dag.py took 0.582 seconds
[2024-09-21T18:21:10.860+0000] {processor.py:186} INFO - Started process (PID=150) to work on /opt/airflow/dags/first_dag.py
[2024-09-21T18:21:10.861+0000] {processor.py:914} INFO - Processing file /opt/airflow/dags/first_dag.py for tasks to queue
[2024-09-21T18:21:10.865+0000] {logging_mixin.py:190} INFO - [2024-09-21T18:21:10.865+0000] {dagbag.py:587} INFO - Filling up the DagBag from /opt/airflow/dags/first_dag.py
[2024-09-21T18:21:10.892+0000] {processor.py:925} INFO - DAG(s) 'first_dag' retrieved from /opt/airflow/dags/first_dag.py
[2024-09-21T18:21:10.977+0000] {logging_mixin.py:190} INFO - [2024-09-21T18:21:10.977+0000] {dag.py:3229} INFO - Sync 1 DAGs
[2024-09-21T18:21:11.024+0000] {logging_mixin.py:190} INFO - [2024-09-21T18:21:11.024+0000] {dag.py:4156} INFO - Setting next_dagrun for first_dag to 2024-09-14 00:00:00+00:00, run_after=2024-09-15 00:00:00+00:00
[2024-09-21T18:21:11.051+0000] {processor.py:208} INFO - Processing /opt/airflow/dags/first_dag.py took 0.198 seconds
[2024-09-21T18:21:42.090+0000] {processor.py:186} INFO - Started process (PID=164) to work on /opt/airflow/dags/first_dag.py
[2024-09-21T18:21:42.092+0000] {processor.py:914} INFO - Processing file /opt/airflow/dags/first_dag.py for tasks to queue
[2024-09-21T18:21:42.095+0000] {logging_mixin.py:190} INFO - [2024-09-21T18:21:42.095+0000] {dagbag.py:587} INFO - Filling up the DagBag from /opt/airflow/dags/first_dag.py
[2024-09-21T18:21:42.139+0000] {processor.py:925} INFO - DAG(s) 'first_dag' retrieved from /opt/airflow/dags/first_dag.py
[2024-09-21T18:21:42.181+0000] {logging_mixin.py:190} INFO - [2024-09-21T18:21:42.181+0000] {dag.py:3229} INFO - Sync 1 DAGs
[2024-09-21T18:21:42.218+0000] {logging_mixin.py:190} INFO - [2024-09-21T18:21:42.218+0000] {dag.py:4156} INFO - Setting next_dagrun for first_dag to 2024-09-14 00:00:00+00:00, run_after=2024-09-15 00:00:00+00:00
[2024-09-21T18:21:42.237+0000] {processor.py:208} INFO - Processing /opt/airflow/dags/first_dag.py took 0.154 seconds
[2024-09-21T18:22:12.779+0000] {processor.py:186} INFO - Started process (PID=173) to work on /opt/airflow/dags/first_dag.py
[2024-09-21T18:22:12.781+0000] {processor.py:914} INFO - Processing file /opt/airflow/dags/first_dag.py for tasks to queue
[2024-09-21T18:22:12.793+0000] {logging_mixin.py:190} INFO - [2024-09-21T18:22:12.792+0000] {dagbag.py:587} INFO - Filling up the DagBag from /opt/airflow/dags/first_dag.py
[2024-09-21T18:22:12.824+0000] {processor.py:925} INFO - DAG(s) 'first_dag' retrieved from /opt/airflow/dags/first_dag.py
[2024-09-21T18:22:12.892+0000] {logging_mixin.py:190} INFO - [2024-09-21T18:22:12.892+0000] {dag.py:3229} INFO - Sync 1 DAGs
[2024-09-21T18:22:12.939+0000] {logging_mixin.py:190} INFO - [2024-09-21T18:22:12.939+0000] {dag.py:4156} INFO - Setting next_dagrun for first_dag to 2024-09-14 00:00:00+00:00, run_after=2024-09-15 00:00:00+00:00
[2024-09-21T18:22:12.968+0000] {processor.py:208} INFO - Processing /opt/airflow/dags/first_dag.py took 0.204 seconds
[2024-09-21T18:22:43.843+0000] {processor.py:186} INFO - Started process (PID=188) to work on /opt/airflow/dags/first_dag.py
[2024-09-21T18:22:43.851+0000] {processor.py:914} INFO - Processing file /opt/airflow/dags/first_dag.py for tasks to queue
[2024-09-21T18:22:43.870+0000] {logging_mixin.py:190} INFO - [2024-09-21T18:22:43.869+0000] {dagbag.py:587} INFO - Filling up the DagBag from /opt/airflow/dags/first_dag.py
[2024-09-21T18:22:43.935+0000] {processor.py:925} INFO - DAG(s) 'first_dag' retrieved from /opt/airflow/dags/first_dag.py
[2024-09-21T18:22:44.238+0000] {logging_mixin.py:190} INFO - [2024-09-21T18:22:44.238+0000] {dag.py:3229} INFO - Sync 1 DAGs
[2024-09-21T18:22:44.323+0000] {logging_mixin.py:190} INFO - [2024-09-21T18:22:44.322+0000] {dag.py:4156} INFO - Setting next_dagrun for first_dag to 2024-09-14 00:00:00+00:00, run_after=2024-09-15 00:00:00+00:00
[2024-09-21T18:22:44.448+0000] {processor.py:208} INFO - Processing /opt/airflow/dags/first_dag.py took 0.646 seconds
[2024-09-21T18:23:15.445+0000] {processor.py:186} INFO - Started process (PID=215) to work on /opt/airflow/dags/first_dag.py
[2024-09-21T18:23:15.448+0000] {processor.py:914} INFO - Processing file /opt/airflow/dags/first_dag.py for tasks to queue
[2024-09-21T18:23:15.452+0000] {logging_mixin.py:190} INFO - [2024-09-21T18:23:15.452+0000] {dagbag.py:587} INFO - Filling up the DagBag from /opt/airflow/dags/first_dag.py
[2024-09-21T18:23:15.490+0000] {processor.py:925} INFO - DAG(s) 'first_dag' retrieved from /opt/airflow/dags/first_dag.py
[2024-09-21T18:23:15.547+0000] {logging_mixin.py:190} INFO - [2024-09-21T18:23:15.547+0000] {dag.py:3229} INFO - Sync 1 DAGs
[2024-09-21T18:23:15.596+0000] {logging_mixin.py:190} INFO - [2024-09-21T18:23:15.596+0000] {dag.py:4156} INFO - Setting next_dagrun for first_dag to 2024-09-14 00:00:00+00:00, run_after=2024-09-15 00:00:00+00:00
[2024-09-21T18:23:15.618+0000] {processor.py:208} INFO - Processing /opt/airflow/dags/first_dag.py took 0.180 seconds
[2024-09-21T18:23:46.073+0000] {processor.py:186} INFO - Started process (PID=224) to work on /opt/airflow/dags/first_dag.py
[2024-09-21T18:23:46.075+0000] {processor.py:914} INFO - Processing file /opt/airflow/dags/first_dag.py for tasks to queue
[2024-09-21T18:23:46.081+0000] {logging_mixin.py:190} INFO - [2024-09-21T18:23:46.081+0000] {dagbag.py:587} INFO - Filling up the DagBag from /opt/airflow/dags/first_dag.py
[2024-09-21T18:23:46.102+0000] {processor.py:925} INFO - DAG(s) 'first_dag' retrieved from /opt/airflow/dags/first_dag.py
[2024-09-21T18:23:46.156+0000] {logging_mixin.py:190} INFO - [2024-09-21T18:23:46.155+0000] {dag.py:3229} INFO - Sync 1 DAGs
[2024-09-21T18:23:46.179+0000] {logging_mixin.py:190} INFO - [2024-09-21T18:23:46.178+0000] {dag.py:4156} INFO - Setting next_dagrun for first_dag to 2024-09-14 00:00:00+00:00, run_after=2024-09-15 00:00:00+00:00
[2024-09-21T18:23:46.196+0000] {processor.py:208} INFO - Processing /opt/airflow/dags/first_dag.py took 0.145 seconds
[2024-09-21T18:24:16.793+0000] {processor.py:186} INFO - Started process (PID=233) to work on /opt/airflow/dags/first_dag.py
[2024-09-21T18:24:16.801+0000] {processor.py:914} INFO - Processing file /opt/airflow/dags/first_dag.py for tasks to queue
[2024-09-21T18:24:16.819+0000] {logging_mixin.py:190} INFO - [2024-09-21T18:24:16.819+0000] {dagbag.py:587} INFO - Filling up the DagBag from /opt/airflow/dags/first_dag.py
[2024-09-21T18:24:16.843+0000] {processor.py:925} INFO - DAG(s) 'first_dag' retrieved from /opt/airflow/dags/first_dag.py
[2024-09-21T18:24:16.920+0000] {logging_mixin.py:190} INFO - [2024-09-21T18:24:16.920+0000] {dag.py:3229} INFO - Sync 1 DAGs
[2024-09-21T18:24:16.957+0000] {logging_mixin.py:190} INFO - [2024-09-21T18:24:16.956+0000] {dag.py:4156} INFO - Setting next_dagrun for first_dag to 2024-09-14 00:00:00+00:00, run_after=2024-09-15 00:00:00+00:00
[2024-09-21T18:24:16.978+0000] {processor.py:208} INFO - Processing /opt/airflow/dags/first_dag.py took 0.200 seconds
[2024-09-21T18:24:47.674+0000] {processor.py:186} INFO - Started process (PID=248) to work on /opt/airflow/dags/first_dag.py
[2024-09-21T18:24:47.678+0000] {processor.py:914} INFO - Processing file /opt/airflow/dags/first_dag.py for tasks to queue
[2024-09-21T18:24:47.684+0000] {logging_mixin.py:190} INFO - [2024-09-21T18:24:47.683+0000] {dagbag.py:587} INFO - Filling up the DagBag from /opt/airflow/dags/first_dag.py
[2024-09-21T18:24:47.721+0000] {processor.py:925} INFO - DAG(s) 'first_dag' retrieved from /opt/airflow/dags/first_dag.py
[2024-09-21T18:24:47.795+0000] {logging_mixin.py:190} INFO - [2024-09-21T18:24:47.793+0000] {dag.py:3229} INFO - Sync 1 DAGs
[2024-09-21T18:24:47.834+0000] {logging_mixin.py:190} INFO - [2024-09-21T18:24:47.834+0000] {dag.py:4156} INFO - Setting next_dagrun for first_dag to 2024-09-14 00:00:00+00:00, run_after=2024-09-15 00:00:00+00:00
[2024-09-21T18:24:47.862+0000] {processor.py:208} INFO - Processing /opt/airflow/dags/first_dag.py took 0.195 seconds
[2024-09-21T18:25:18.479+0000] {processor.py:186} INFO - Started process (PID=257) to work on /opt/airflow/dags/first_dag.py
[2024-09-21T18:25:18.481+0000] {processor.py:914} INFO - Processing file /opt/airflow/dags/first_dag.py for tasks to queue
[2024-09-21T18:25:18.486+0000] {logging_mixin.py:190} INFO - [2024-09-21T18:25:18.486+0000] {dagbag.py:587} INFO - Filling up the DagBag from /opt/airflow/dags/first_dag.py
[2024-09-21T18:25:18.509+0000] {processor.py:925} INFO - DAG(s) 'first_dag' retrieved from /opt/airflow/dags/first_dag.py
[2024-09-21T18:25:18.550+0000] {logging_mixin.py:190} INFO - [2024-09-21T18:25:18.549+0000] {dag.py:3229} INFO - Sync 1 DAGs
[2024-09-21T18:25:18.598+0000] {logging_mixin.py:190} INFO - [2024-09-21T18:25:18.598+0000] {dag.py:4156} INFO - Setting next_dagrun for first_dag to 2024-09-14 00:00:00+00:00, run_after=2024-09-15 00:00:00+00:00
[2024-09-21T18:25:18.620+0000] {processor.py:208} INFO - Processing /opt/airflow/dags/first_dag.py took 0.159 seconds
[2024-09-21T18:25:48.699+0000] {processor.py:186} INFO - Started process (PID=266) to work on /opt/airflow/dags/first_dag.py
[2024-09-21T18:25:48.702+0000] {processor.py:914} INFO - Processing file /opt/airflow/dags/first_dag.py for tasks to queue
[2024-09-21T18:25:48.708+0000] {logging_mixin.py:190} INFO - [2024-09-21T18:25:48.707+0000] {dagbag.py:587} INFO - Filling up the DagBag from /opt/airflow/dags/first_dag.py
[2024-09-21T18:25:48.722+0000] {processor.py:925} INFO - DAG(s) 'first_dag' retrieved from /opt/airflow/dags/first_dag.py
[2024-09-21T18:25:48.770+0000] {logging_mixin.py:190} INFO - [2024-09-21T18:25:48.770+0000] {dag.py:3229} INFO - Sync 1 DAGs
[2024-09-21T18:25:48.798+0000] {logging_mixin.py:190} INFO - [2024-09-21T18:25:48.798+0000] {dag.py:4156} INFO - Setting next_dagrun for first_dag to 2024-09-14 00:00:00+00:00, run_after=2024-09-15 00:00:00+00:00
[2024-09-21T18:25:48.814+0000] {processor.py:208} INFO - Processing /opt/airflow/dags/first_dag.py took 0.125 seconds
[2024-09-21T18:26:19.717+0000] {processor.py:186} INFO - Started process (PID=275) to work on /opt/airflow/dags/first_dag.py
[2024-09-21T18:26:19.721+0000] {processor.py:914} INFO - Processing file /opt/airflow/dags/first_dag.py for tasks to queue
[2024-09-21T18:26:19.733+0000] {logging_mixin.py:190} INFO - [2024-09-21T18:26:19.730+0000] {dagbag.py:587} INFO - Filling up the DagBag from /opt/airflow/dags/first_dag.py
[2024-09-21T18:26:19.767+0000] {processor.py:925} INFO - DAG(s) 'first_dag' retrieved from /opt/airflow/dags/first_dag.py
[2024-09-21T18:26:19.815+0000] {logging_mixin.py:190} INFO - [2024-09-21T18:26:19.815+0000] {dag.py:3229} INFO - Sync 1 DAGs
[2024-09-21T18:26:19.845+0000] {logging_mixin.py:190} INFO - [2024-09-21T18:26:19.845+0000] {dag.py:4156} INFO - Setting next_dagrun for first_dag to 2024-09-14 00:00:00+00:00, run_after=2024-09-15 00:00:00+00:00
[2024-09-21T18:26:19.881+0000] {processor.py:208} INFO - Processing /opt/airflow/dags/first_dag.py took 0.186 seconds
[2024-09-21T18:26:50.729+0000] {processor.py:186} INFO - Started process (PID=289) to work on /opt/airflow/dags/first_dag.py
[2024-09-21T18:26:50.732+0000] {processor.py:914} INFO - Processing file /opt/airflow/dags/first_dag.py for tasks to queue
[2024-09-21T18:26:50.738+0000] {logging_mixin.py:190} INFO - [2024-09-21T18:26:50.737+0000] {dagbag.py:587} INFO - Filling up the DagBag from /opt/airflow/dags/first_dag.py
[2024-09-21T18:26:50.757+0000] {processor.py:925} INFO - DAG(s) 'first_dag' retrieved from /opt/airflow/dags/first_dag.py
[2024-09-21T18:26:50.807+0000] {logging_mixin.py:190} INFO - [2024-09-21T18:26:50.807+0000] {dag.py:3229} INFO - Sync 1 DAGs
[2024-09-21T18:26:50.831+0000] {logging_mixin.py:190} INFO - [2024-09-21T18:26:50.831+0000] {dag.py:4156} INFO - Setting next_dagrun for first_dag to 2024-09-14 00:00:00+00:00, run_after=2024-09-15 00:00:00+00:00
[2024-09-21T18:26:50.848+0000] {processor.py:208} INFO - Processing /opt/airflow/dags/first_dag.py took 0.133 seconds
[2024-09-21T18:27:21.609+0000] {processor.py:186} INFO - Started process (PID=297) to work on /opt/airflow/dags/first_dag.py
[2024-09-21T18:27:21.612+0000] {processor.py:914} INFO - Processing file /opt/airflow/dags/first_dag.py for tasks to queue
[2024-09-21T18:27:21.618+0000] {logging_mixin.py:190} INFO - [2024-09-21T18:27:21.618+0000] {dagbag.py:587} INFO - Filling up the DagBag from /opt/airflow/dags/first_dag.py
[2024-09-21T18:27:21.653+0000] {processor.py:925} INFO - DAG(s) 'first_dag' retrieved from /opt/airflow/dags/first_dag.py
[2024-09-21T18:27:21.733+0000] {logging_mixin.py:190} INFO - [2024-09-21T18:27:21.733+0000] {dag.py:3229} INFO - Sync 1 DAGs
[2024-09-21T18:27:21.796+0000] {logging_mixin.py:190} INFO - [2024-09-21T18:27:21.795+0000] {dag.py:4156} INFO - Setting next_dagrun for first_dag to 2024-09-14 00:00:00+00:00, run_after=2024-09-15 00:00:00+00:00
[2024-09-21T18:27:21.813+0000] {processor.py:208} INFO - Processing /opt/airflow/dags/first_dag.py took 0.211 seconds
[2024-09-21T18:27:52.571+0000] {processor.py:186} INFO - Started process (PID=305) to work on /opt/airflow/dags/first_dag.py
[2024-09-21T18:27:52.574+0000] {processor.py:914} INFO - Processing file /opt/airflow/dags/first_dag.py for tasks to queue
[2024-09-21T18:27:52.579+0000] {logging_mixin.py:190} INFO - [2024-09-21T18:27:52.579+0000] {dagbag.py:587} INFO - Filling up the DagBag from /opt/airflow/dags/first_dag.py
[2024-09-21T18:27:52.596+0000] {processor.py:925} INFO - DAG(s) 'first_dag' retrieved from /opt/airflow/dags/first_dag.py
[2024-09-21T18:27:52.629+0000] {logging_mixin.py:190} INFO - [2024-09-21T18:27:52.629+0000] {dag.py:3229} INFO - Sync 1 DAGs
[2024-09-21T18:27:52.650+0000] {logging_mixin.py:190} INFO - [2024-09-21T18:27:52.650+0000] {dag.py:4156} INFO - Setting next_dagrun for first_dag to 2024-09-14 00:00:00+00:00, run_after=2024-09-15 00:00:00+00:00
[2024-09-21T18:27:52.665+0000] {processor.py:208} INFO - Processing /opt/airflow/dags/first_dag.py took 0.107 seconds
[2024-09-21T18:28:23.244+0000] {processor.py:186} INFO - Started process (PID=314) to work on /opt/airflow/dags/first_dag.py
[2024-09-21T18:28:23.247+0000] {processor.py:914} INFO - Processing file /opt/airflow/dags/first_dag.py for tasks to queue
[2024-09-21T18:28:23.253+0000] {logging_mixin.py:190} INFO - [2024-09-21T18:28:23.252+0000] {dagbag.py:587} INFO - Filling up the DagBag from /opt/airflow/dags/first_dag.py
[2024-09-21T18:28:23.273+0000] {processor.py:925} INFO - DAG(s) 'first_dag' retrieved from /opt/airflow/dags/first_dag.py
[2024-09-21T18:28:23.324+0000] {logging_mixin.py:190} INFO - [2024-09-21T18:28:23.324+0000] {dag.py:3229} INFO - Sync 1 DAGs
[2024-09-21T18:28:23.345+0000] {logging_mixin.py:190} INFO - [2024-09-21T18:28:23.345+0000] {dag.py:4156} INFO - Setting next_dagrun for first_dag to 2024-09-14 00:00:00+00:00, run_after=2024-09-15 00:00:00+00:00
[2024-09-21T18:28:23.360+0000] {processor.py:208} INFO - Processing /opt/airflow/dags/first_dag.py took 0.128 seconds
[2024-09-21T18:28:54.050+0000] {processor.py:186} INFO - Started process (PID=327) to work on /opt/airflow/dags/first_dag.py
[2024-09-21T18:28:54.059+0000] {processor.py:914} INFO - Processing file /opt/airflow/dags/first_dag.py for tasks to queue
[2024-09-21T18:28:54.066+0000] {logging_mixin.py:190} INFO - [2024-09-21T18:28:54.065+0000] {dagbag.py:587} INFO - Filling up the DagBag from /opt/airflow/dags/first_dag.py
[2024-09-21T18:28:54.085+0000] {processor.py:925} INFO - DAG(s) 'first_dag' retrieved from /opt/airflow/dags/first_dag.py
[2024-09-21T18:28:54.134+0000] {logging_mixin.py:190} INFO - [2024-09-21T18:28:54.134+0000] {dag.py:3229} INFO - Sync 1 DAGs
[2024-09-21T18:28:54.157+0000] {logging_mixin.py:190} INFO - [2024-09-21T18:28:54.157+0000] {dag.py:4156} INFO - Setting next_dagrun for first_dag to 2024-09-14 00:00:00+00:00, run_after=2024-09-15 00:00:00+00:00
[2024-09-21T18:28:54.173+0000] {processor.py:208} INFO - Processing /opt/airflow/dags/first_dag.py took 0.142 seconds
[2024-09-21T18:29:24.885+0000] {processor.py:186} INFO - Started process (PID=335) to work on /opt/airflow/dags/first_dag.py
[2024-09-21T18:29:24.887+0000] {processor.py:914} INFO - Processing file /opt/airflow/dags/first_dag.py for tasks to queue
[2024-09-21T18:29:24.895+0000] {logging_mixin.py:190} INFO - [2024-09-21T18:29:24.894+0000] {dagbag.py:587} INFO - Filling up the DagBag from /opt/airflow/dags/first_dag.py
[2024-09-21T18:29:24.916+0000] {processor.py:925} INFO - DAG(s) 'first_dag' retrieved from /opt/airflow/dags/first_dag.py
[2024-09-21T18:29:24.983+0000] {logging_mixin.py:190} INFO - [2024-09-21T18:29:24.982+0000] {dag.py:3229} INFO - Sync 1 DAGs
[2024-09-21T18:29:25.030+0000] {logging_mixin.py:190} INFO - [2024-09-21T18:29:25.029+0000] {dag.py:4156} INFO - Setting next_dagrun for first_dag to 2024-09-14 00:00:00+00:00, run_after=2024-09-15 00:00:00+00:00
[2024-09-21T18:29:25.084+0000] {processor.py:208} INFO - Processing /opt/airflow/dags/first_dag.py took 0.211 seconds
[2024-09-21T18:29:55.850+0000] {processor.py:186} INFO - Started process (PID=344) to work on /opt/airflow/dags/first_dag.py
[2024-09-21T18:29:55.854+0000] {processor.py:914} INFO - Processing file /opt/airflow/dags/first_dag.py for tasks to queue
[2024-09-21T18:29:55.860+0000] {logging_mixin.py:190} INFO - [2024-09-21T18:29:55.859+0000] {dagbag.py:587} INFO - Filling up the DagBag from /opt/airflow/dags/first_dag.py
[2024-09-21T18:29:55.886+0000] {processor.py:925} INFO - DAG(s) 'first_dag' retrieved from /opt/airflow/dags/first_dag.py
[2024-09-21T18:29:55.941+0000] {logging_mixin.py:190} INFO - [2024-09-21T18:29:55.941+0000] {dag.py:3229} INFO - Sync 1 DAGs
[2024-09-21T18:29:55.965+0000] {logging_mixin.py:190} INFO - [2024-09-21T18:29:55.965+0000] {dag.py:4156} INFO - Setting next_dagrun for first_dag to 2024-09-14 00:00:00+00:00, run_after=2024-09-15 00:00:00+00:00
[2024-09-21T18:29:55.986+0000] {processor.py:208} INFO - Processing /opt/airflow/dags/first_dag.py took 0.173 seconds
[2024-09-21T18:30:26.670+0000] {processor.py:186} INFO - Started process (PID=356) to work on /opt/airflow/dags/first_dag.py
[2024-09-21T18:30:26.672+0000] {processor.py:914} INFO - Processing file /opt/airflow/dags/first_dag.py for tasks to queue
[2024-09-21T18:30:26.678+0000] {logging_mixin.py:190} INFO - [2024-09-21T18:30:26.678+0000] {dagbag.py:587} INFO - Filling up the DagBag from /opt/airflow/dags/first_dag.py
[2024-09-21T18:30:26.696+0000] {processor.py:925} INFO - DAG(s) 'first_dag' retrieved from /opt/airflow/dags/first_dag.py
[2024-09-21T18:30:26.747+0000] {logging_mixin.py:190} INFO - [2024-09-21T18:30:26.747+0000] {dag.py:3229} INFO - Sync 1 DAGs
[2024-09-21T18:30:26.772+0000] {logging_mixin.py:190} INFO - [2024-09-21T18:30:26.772+0000] {dag.py:4156} INFO - Setting next_dagrun for first_dag to 2024-09-14 00:00:00+00:00, run_after=2024-09-15 00:00:00+00:00
[2024-09-21T18:30:26.786+0000] {processor.py:208} INFO - Processing /opt/airflow/dags/first_dag.py took 0.121 seconds
[2024-09-21T18:30:57.755+0000] {processor.py:186} INFO - Started process (PID=365) to work on /opt/airflow/dags/first_dag.py
[2024-09-21T18:30:57.759+0000] {processor.py:914} INFO - Processing file /opt/airflow/dags/first_dag.py for tasks to queue
[2024-09-21T18:30:57.767+0000] {logging_mixin.py:190} INFO - [2024-09-21T18:30:57.767+0000] {dagbag.py:587} INFO - Filling up the DagBag from /opt/airflow/dags/first_dag.py
[2024-09-21T18:30:57.795+0000] {processor.py:925} INFO - DAG(s) 'first_dag' retrieved from /opt/airflow/dags/first_dag.py
[2024-09-21T18:30:57.839+0000] {logging_mixin.py:190} INFO - [2024-09-21T18:30:57.839+0000] {dag.py:3229} INFO - Sync 1 DAGs
[2024-09-21T18:30:57.878+0000] {logging_mixin.py:190} INFO - [2024-09-21T18:30:57.878+0000] {dag.py:4156} INFO - Setting next_dagrun for first_dag to 2024-09-14 00:00:00+00:00, run_after=2024-09-15 00:00:00+00:00
[2024-09-21T18:30:57.897+0000] {processor.py:208} INFO - Processing /opt/airflow/dags/first_dag.py took 0.155 seconds
[2024-09-21T18:31:28.506+0000] {processor.py:186} INFO - Started process (PID=373) to work on /opt/airflow/dags/first_dag.py
[2024-09-21T18:31:28.509+0000] {processor.py:914} INFO - Processing file /opt/airflow/dags/first_dag.py for tasks to queue
[2024-09-21T18:31:28.513+0000] {logging_mixin.py:190} INFO - [2024-09-21T18:31:28.512+0000] {dagbag.py:587} INFO - Filling up the DagBag from /opt/airflow/dags/first_dag.py
[2024-09-21T18:31:28.529+0000] {processor.py:925} INFO - DAG(s) 'first_dag' retrieved from /opt/airflow/dags/first_dag.py
[2024-09-21T18:31:28.576+0000] {logging_mixin.py:190} INFO - [2024-09-21T18:31:28.576+0000] {dag.py:3229} INFO - Sync 1 DAGs
[2024-09-21T18:31:28.595+0000] {logging_mixin.py:190} INFO - [2024-09-21T18:31:28.595+0000] {dag.py:4156} INFO - Setting next_dagrun for first_dag to 2024-09-14 00:00:00+00:00, run_after=2024-09-15 00:00:00+00:00
[2024-09-21T18:31:28.611+0000] {processor.py:208} INFO - Processing /opt/airflow/dags/first_dag.py took 0.110 seconds
[2024-09-21T18:31:59.374+0000] {processor.py:186} INFO - Started process (PID=382) to work on /opt/airflow/dags/first_dag.py
[2024-09-21T18:31:59.377+0000] {processor.py:914} INFO - Processing file /opt/airflow/dags/first_dag.py for tasks to queue
[2024-09-21T18:31:59.382+0000] {logging_mixin.py:190} INFO - [2024-09-21T18:31:59.382+0000] {dagbag.py:587} INFO - Filling up the DagBag from /opt/airflow/dags/first_dag.py
[2024-09-21T18:31:59.398+0000] {processor.py:925} INFO - DAG(s) 'first_dag' retrieved from /opt/airflow/dags/first_dag.py
[2024-09-21T18:31:59.435+0000] {logging_mixin.py:190} INFO - [2024-09-21T18:31:59.435+0000] {dag.py:3229} INFO - Sync 1 DAGs
[2024-09-21T18:31:59.452+0000] {logging_mixin.py:190} INFO - [2024-09-21T18:31:59.452+0000] {dag.py:4156} INFO - Setting next_dagrun for first_dag to 2024-09-14 00:00:00+00:00, run_after=2024-09-15 00:00:00+00:00
[2024-09-21T18:31:59.469+0000] {processor.py:208} INFO - Processing /opt/airflow/dags/first_dag.py took 0.106 seconds
[2024-09-21T18:32:30.253+0000] {processor.py:186} INFO - Started process (PID=391) to work on /opt/airflow/dags/first_dag.py
[2024-09-21T18:32:30.255+0000] {processor.py:914} INFO - Processing file /opt/airflow/dags/first_dag.py for tasks to queue
[2024-09-21T18:32:30.258+0000] {logging_mixin.py:190} INFO - [2024-09-21T18:32:30.258+0000] {dagbag.py:587} INFO - Filling up the DagBag from /opt/airflow/dags/first_dag.py
[2024-09-21T18:32:30.271+0000] {processor.py:925} INFO - DAG(s) 'first_dag' retrieved from /opt/airflow/dags/first_dag.py
[2024-09-21T18:32:30.302+0000] {logging_mixin.py:190} INFO - [2024-09-21T18:32:30.302+0000] {dag.py:3229} INFO - Sync 1 DAGs
[2024-09-21T18:32:30.322+0000] {logging_mixin.py:190} INFO - [2024-09-21T18:32:30.321+0000] {dag.py:4156} INFO - Setting next_dagrun for first_dag to 2024-09-14 00:00:00+00:00, run_after=2024-09-15 00:00:00+00:00
[2024-09-21T18:32:30.337+0000] {processor.py:208} INFO - Processing /opt/airflow/dags/first_dag.py took 0.090 seconds
[2024-09-21T18:33:01.103+0000] {processor.py:186} INFO - Started process (PID=400) to work on /opt/airflow/dags/first_dag.py
[2024-09-21T18:33:01.106+0000] {processor.py:914} INFO - Processing file /opt/airflow/dags/first_dag.py for tasks to queue
[2024-09-21T18:33:01.111+0000] {logging_mixin.py:190} INFO - [2024-09-21T18:33:01.110+0000] {dagbag.py:587} INFO - Filling up the DagBag from /opt/airflow/dags/first_dag.py
[2024-09-21T18:33:01.131+0000] {processor.py:925} INFO - DAG(s) 'first_dag' retrieved from /opt/airflow/dags/first_dag.py
[2024-09-21T18:33:01.196+0000] {logging_mixin.py:190} INFO - [2024-09-21T18:33:01.195+0000] {dag.py:3229} INFO - Sync 1 DAGs
[2024-09-21T18:33:01.237+0000] {logging_mixin.py:190} INFO - [2024-09-21T18:33:01.237+0000] {dag.py:4156} INFO - Setting next_dagrun for first_dag to 2024-09-14 00:00:00+00:00, run_after=2024-09-15 00:00:00+00:00
[2024-09-21T18:33:01.277+0000] {processor.py:208} INFO - Processing /opt/airflow/dags/first_dag.py took 0.184 seconds
[2024-09-21T18:33:31.943+0000] {processor.py:186} INFO - Started process (PID=409) to work on /opt/airflow/dags/first_dag.py
[2024-09-21T18:33:31.946+0000] {processor.py:914} INFO - Processing file /opt/airflow/dags/first_dag.py for tasks to queue
[2024-09-21T18:33:31.955+0000] {logging_mixin.py:190} INFO - [2024-09-21T18:33:31.954+0000] {dagbag.py:587} INFO - Filling up the DagBag from /opt/airflow/dags/first_dag.py
[2024-09-21T18:33:31.989+0000] {processor.py:925} INFO - DAG(s) 'first_dag' retrieved from /opt/airflow/dags/first_dag.py
[2024-09-21T18:33:32.048+0000] {logging_mixin.py:190} INFO - [2024-09-21T18:33:32.047+0000] {dag.py:3229} INFO - Sync 1 DAGs
[2024-09-21T18:33:32.076+0000] {logging_mixin.py:190} INFO - [2024-09-21T18:33:32.076+0000] {dag.py:4156} INFO - Setting next_dagrun for first_dag to 2024-09-14 00:00:00+00:00, run_after=2024-09-15 00:00:00+00:00
[2024-09-21T18:33:32.097+0000] {processor.py:208} INFO - Processing /opt/airflow/dags/first_dag.py took 0.168 seconds
[2024-09-21T18:34:02.676+0000] {processor.py:186} INFO - Started process (PID=418) to work on /opt/airflow/dags/first_dag.py
[2024-09-21T18:34:02.679+0000] {processor.py:914} INFO - Processing file /opt/airflow/dags/first_dag.py for tasks to queue
[2024-09-21T18:34:02.684+0000] {logging_mixin.py:190} INFO - [2024-09-21T18:34:02.684+0000] {dagbag.py:587} INFO - Filling up the DagBag from /opt/airflow/dags/first_dag.py
[2024-09-21T18:34:02.704+0000] {processor.py:925} INFO - DAG(s) 'first_dag' retrieved from /opt/airflow/dags/first_dag.py
[2024-09-21T18:34:02.738+0000] {logging_mixin.py:190} INFO - [2024-09-21T18:34:02.737+0000] {dag.py:3229} INFO - Sync 1 DAGs
[2024-09-21T18:34:02.758+0000] {logging_mixin.py:190} INFO - [2024-09-21T18:34:02.758+0000] {dag.py:4156} INFO - Setting next_dagrun for first_dag to 2024-09-14 00:00:00+00:00, run_after=2024-09-15 00:00:00+00:00
[2024-09-21T18:34:02.773+0000] {processor.py:208} INFO - Processing /opt/airflow/dags/first_dag.py took 0.109 seconds
[2024-09-21T18:34:33.420+0000] {processor.py:186} INFO - Started process (PID=427) to work on /opt/airflow/dags/first_dag.py
[2024-09-21T18:34:33.423+0000] {processor.py:914} INFO - Processing file /opt/airflow/dags/first_dag.py for tasks to queue
[2024-09-21T18:34:33.429+0000] {logging_mixin.py:190} INFO - [2024-09-21T18:34:33.428+0000] {dagbag.py:587} INFO - Filling up the DagBag from /opt/airflow/dags/first_dag.py
[2024-09-21T18:34:33.448+0000] {processor.py:925} INFO - DAG(s) 'first_dag' retrieved from /opt/airflow/dags/first_dag.py
[2024-09-21T18:34:33.484+0000] {logging_mixin.py:190} INFO - [2024-09-21T18:34:33.484+0000] {dag.py:3229} INFO - Sync 1 DAGs
[2024-09-21T18:34:33.528+0000] {logging_mixin.py:190} INFO - [2024-09-21T18:34:33.528+0000] {dag.py:4156} INFO - Setting next_dagrun for first_dag to 2024-09-14 00:00:00+00:00, run_after=2024-09-15 00:00:00+00:00
[2024-09-21T18:34:33.547+0000] {processor.py:208} INFO - Processing /opt/airflow/dags/first_dag.py took 0.156 seconds
[2024-09-21T18:35:04.261+0000] {processor.py:186} INFO - Started process (PID=436) to work on /opt/airflow/dags/first_dag.py
[2024-09-21T18:35:04.270+0000] {processor.py:914} INFO - Processing file /opt/airflow/dags/first_dag.py for tasks to queue
[2024-09-21T18:35:04.286+0000] {logging_mixin.py:190} INFO - [2024-09-21T18:35:04.285+0000] {dagbag.py:587} INFO - Filling up the DagBag from /opt/airflow/dags/first_dag.py
[2024-09-21T18:35:04.306+0000] {processor.py:925} INFO - DAG(s) 'first_dag' retrieved from /opt/airflow/dags/first_dag.py
[2024-09-21T18:35:04.341+0000] {logging_mixin.py:190} INFO - [2024-09-21T18:35:04.341+0000] {dag.py:3229} INFO - Sync 1 DAGs
[2024-09-21T18:35:04.380+0000] {logging_mixin.py:190} INFO - [2024-09-21T18:35:04.380+0000] {dag.py:4156} INFO - Setting next_dagrun for first_dag to 2024-09-14 00:00:00+00:00, run_after=2024-09-15 00:00:00+00:00
[2024-09-21T18:35:04.399+0000] {processor.py:208} INFO - Processing /opt/airflow/dags/first_dag.py took 0.166 seconds
[2024-09-21T18:35:35.150+0000] {processor.py:186} INFO - Started process (PID=445) to work on /opt/airflow/dags/first_dag.py
[2024-09-21T18:35:35.154+0000] {processor.py:914} INFO - Processing file /opt/airflow/dags/first_dag.py for tasks to queue
[2024-09-21T18:35:35.164+0000] {logging_mixin.py:190} INFO - [2024-09-21T18:35:35.163+0000] {dagbag.py:587} INFO - Filling up the DagBag from /opt/airflow/dags/first_dag.py
[2024-09-21T18:35:35.189+0000] {processor.py:925} INFO - DAG(s) 'first_dag' retrieved from /opt/airflow/dags/first_dag.py
[2024-09-21T18:35:35.240+0000] {logging_mixin.py:190} INFO - [2024-09-21T18:35:35.240+0000] {dag.py:3229} INFO - Sync 1 DAGs
[2024-09-21T18:35:35.262+0000] {logging_mixin.py:190} INFO - [2024-09-21T18:35:35.262+0000] {dag.py:4156} INFO - Setting next_dagrun for first_dag to 2024-09-14 00:00:00+00:00, run_after=2024-09-15 00:00:00+00:00
[2024-09-21T18:35:35.285+0000] {processor.py:208} INFO - Processing /opt/airflow/dags/first_dag.py took 0.148 seconds
[2024-09-21T18:36:05.394+0000] {processor.py:186} INFO - Started process (PID=454) to work on /opt/airflow/dags/first_dag.py
[2024-09-21T18:36:05.397+0000] {processor.py:914} INFO - Processing file /opt/airflow/dags/first_dag.py for tasks to queue
[2024-09-21T18:36:05.420+0000] {logging_mixin.py:190} INFO - [2024-09-21T18:36:05.417+0000] {dagbag.py:587} INFO - Filling up the DagBag from /opt/airflow/dags/first_dag.py
[2024-09-21T18:36:05.442+0000] {processor.py:925} INFO - DAG(s) 'first_dag' retrieved from /opt/airflow/dags/first_dag.py
[2024-09-21T18:36:05.477+0000] {logging_mixin.py:190} INFO - [2024-09-21T18:36:05.477+0000] {dag.py:3229} INFO - Sync 1 DAGs
[2024-09-21T18:36:05.515+0000] {logging_mixin.py:190} INFO - [2024-09-21T18:36:05.515+0000] {dag.py:4156} INFO - Setting next_dagrun for first_dag to 2024-09-14 00:00:00+00:00, run_after=2024-09-15 00:00:00+00:00
[2024-09-21T18:36:05.539+0000] {processor.py:208} INFO - Processing /opt/airflow/dags/first_dag.py took 0.156 seconds
[2024-09-21T18:36:36.025+0000] {processor.py:186} INFO - Started process (PID=472) to work on /opt/airflow/dags/first_dag.py
[2024-09-21T18:36:36.029+0000] {processor.py:914} INFO - Processing file /opt/airflow/dags/first_dag.py for tasks to queue
[2024-09-21T18:36:36.039+0000] {logging_mixin.py:190} INFO - [2024-09-21T18:36:36.039+0000] {dagbag.py:587} INFO - Filling up the DagBag from /opt/airflow/dags/first_dag.py
[2024-09-21T18:36:36.066+0000] {processor.py:925} INFO - DAG(s) 'first_dag' retrieved from /opt/airflow/dags/first_dag.py
[2024-09-21T18:36:36.272+0000] {logging_mixin.py:190} INFO - [2024-09-21T18:36:36.272+0000] {dag.py:3229} INFO - Sync 1 DAGs
[2024-09-21T18:36:36.422+0000] {logging_mixin.py:190} INFO - [2024-09-21T18:36:36.421+0000] {dag.py:4156} INFO - Setting next_dagrun for first_dag to 2024-09-14 00:00:00+00:00, run_after=2024-09-15 00:00:00+00:00
[2024-09-21T18:36:36.487+0000] {processor.py:208} INFO - Processing /opt/airflow/dags/first_dag.py took 0.482 seconds
[2024-09-21T18:37:07.238+0000] {processor.py:186} INFO - Started process (PID=481) to work on /opt/airflow/dags/first_dag.py
[2024-09-21T18:37:07.242+0000] {processor.py:914} INFO - Processing file /opt/airflow/dags/first_dag.py for tasks to queue
[2024-09-21T18:37:07.255+0000] {logging_mixin.py:190} INFO - [2024-09-21T18:37:07.254+0000] {dagbag.py:587} INFO - Filling up the DagBag from /opt/airflow/dags/first_dag.py
[2024-09-21T18:37:07.274+0000] {processor.py:925} INFO - DAG(s) 'first_dag' retrieved from /opt/airflow/dags/first_dag.py
[2024-09-21T18:37:07.310+0000] {logging_mixin.py:190} INFO - [2024-09-21T18:37:07.310+0000] {dag.py:3229} INFO - Sync 1 DAGs
[2024-09-21T18:37:07.331+0000] {logging_mixin.py:190} INFO - [2024-09-21T18:37:07.331+0000] {dag.py:4156} INFO - Setting next_dagrun for first_dag to 2024-09-14 00:00:00+00:00, run_after=2024-09-15 00:00:00+00:00
[2024-09-21T18:37:07.351+0000] {processor.py:208} INFO - Processing /opt/airflow/dags/first_dag.py took 0.138 seconds
[2024-09-21T18:37:37.859+0000] {processor.py:186} INFO - Started process (PID=490) to work on /opt/airflow/dags/first_dag.py
[2024-09-21T18:37:37.863+0000] {processor.py:914} INFO - Processing file /opt/airflow/dags/first_dag.py for tasks to queue
[2024-09-21T18:37:37.874+0000] {logging_mixin.py:190} INFO - [2024-09-21T18:37:37.872+0000] {dagbag.py:587} INFO - Filling up the DagBag from /opt/airflow/dags/first_dag.py
[2024-09-21T18:37:37.896+0000] {processor.py:925} INFO - DAG(s) 'first_dag' retrieved from /opt/airflow/dags/first_dag.py
[2024-09-21T18:37:37.928+0000] {logging_mixin.py:190} INFO - [2024-09-21T18:37:37.928+0000] {dag.py:3229} INFO - Sync 1 DAGs
[2024-09-21T18:37:37.948+0000] {logging_mixin.py:190} INFO - [2024-09-21T18:37:37.948+0000] {dag.py:4156} INFO - Setting next_dagrun for first_dag to 2024-09-14 00:00:00+00:00, run_after=2024-09-15 00:00:00+00:00
[2024-09-21T18:37:37.974+0000] {processor.py:208} INFO - Processing /opt/airflow/dags/first_dag.py took 0.139 seconds
[2024-09-21T18:38:08.561+0000] {processor.py:186} INFO - Started process (PID=499) to work on /opt/airflow/dags/first_dag.py
[2024-09-21T18:38:08.563+0000] {processor.py:914} INFO - Processing file /opt/airflow/dags/first_dag.py for tasks to queue
[2024-09-21T18:38:08.571+0000] {logging_mixin.py:190} INFO - [2024-09-21T18:38:08.570+0000] {dagbag.py:587} INFO - Filling up the DagBag from /opt/airflow/dags/first_dag.py
[2024-09-21T18:38:08.597+0000] {processor.py:925} INFO - DAG(s) 'first_dag' retrieved from /opt/airflow/dags/first_dag.py
[2024-09-21T18:38:08.636+0000] {logging_mixin.py:190} INFO - [2024-09-21T18:38:08.636+0000] {dag.py:3229} INFO - Sync 1 DAGs
[2024-09-21T18:38:08.657+0000] {logging_mixin.py:190} INFO - [2024-09-21T18:38:08.657+0000] {dag.py:4156} INFO - Setting next_dagrun for first_dag to 2024-09-14 00:00:00+00:00, run_after=2024-09-15 00:00:00+00:00
[2024-09-21T18:38:08.675+0000] {processor.py:208} INFO - Processing /opt/airflow/dags/first_dag.py took 0.135 seconds
[2024-09-21T18:38:39.372+0000] {processor.py:186} INFO - Started process (PID=508) to work on /opt/airflow/dags/first_dag.py
[2024-09-21T18:38:39.375+0000] {processor.py:914} INFO - Processing file /opt/airflow/dags/first_dag.py for tasks to queue
[2024-09-21T18:38:39.380+0000] {logging_mixin.py:190} INFO - [2024-09-21T18:38:39.379+0000] {dagbag.py:587} INFO - Filling up the DagBag from /opt/airflow/dags/first_dag.py
[2024-09-21T18:38:39.398+0000] {processor.py:925} INFO - DAG(s) 'first_dag' retrieved from /opt/airflow/dags/first_dag.py
[2024-09-21T18:38:39.454+0000] {logging_mixin.py:190} INFO - [2024-09-21T18:38:39.454+0000] {dag.py:3229} INFO - Sync 1 DAGs
[2024-09-21T18:38:39.476+0000] {logging_mixin.py:190} INFO - [2024-09-21T18:38:39.476+0000] {dag.py:4156} INFO - Setting next_dagrun for first_dag to 2024-09-14 00:00:00+00:00, run_after=2024-09-15 00:00:00+00:00
[2024-09-21T18:38:39.492+0000] {processor.py:208} INFO - Processing /opt/airflow/dags/first_dag.py took 0.128 seconds
[2024-09-21T18:39:10.086+0000] {processor.py:186} INFO - Started process (PID=517) to work on /opt/airflow/dags/first_dag.py
[2024-09-21T18:39:10.089+0000] {processor.py:914} INFO - Processing file /opt/airflow/dags/first_dag.py for tasks to queue
[2024-09-21T18:39:10.094+0000] {logging_mixin.py:190} INFO - [2024-09-21T18:39:10.094+0000] {dagbag.py:587} INFO - Filling up the DagBag from /opt/airflow/dags/first_dag.py
[2024-09-21T18:39:10.114+0000] {processor.py:925} INFO - DAG(s) 'first_dag' retrieved from /opt/airflow/dags/first_dag.py
[2024-09-21T18:39:10.153+0000] {logging_mixin.py:190} INFO - [2024-09-21T18:39:10.153+0000] {dag.py:3229} INFO - Sync 1 DAGs
[2024-09-21T18:39:10.175+0000] {logging_mixin.py:190} INFO - [2024-09-21T18:39:10.175+0000] {dag.py:4156} INFO - Setting next_dagrun for first_dag to 2024-09-14 00:00:00+00:00, run_after=2024-09-15 00:00:00+00:00
[2024-09-21T18:39:10.202+0000] {processor.py:208} INFO - Processing /opt/airflow/dags/first_dag.py took 0.131 seconds
[2024-09-21T18:39:40.740+0000] {processor.py:186} INFO - Started process (PID=526) to work on /opt/airflow/dags/first_dag.py
[2024-09-21T18:39:40.743+0000] {processor.py:914} INFO - Processing file /opt/airflow/dags/first_dag.py for tasks to queue
[2024-09-21T18:39:40.748+0000] {logging_mixin.py:190} INFO - [2024-09-21T18:39:40.747+0000] {dagbag.py:587} INFO - Filling up the DagBag from /opt/airflow/dags/first_dag.py
[2024-09-21T18:39:40.764+0000] {processor.py:925} INFO - DAG(s) 'first_dag' retrieved from /opt/airflow/dags/first_dag.py
[2024-09-21T18:39:40.818+0000] {logging_mixin.py:190} INFO - [2024-09-21T18:39:40.818+0000] {dag.py:3229} INFO - Sync 1 DAGs
[2024-09-21T18:39:40.840+0000] {logging_mixin.py:190} INFO - [2024-09-21T18:39:40.840+0000] {dag.py:4156} INFO - Setting next_dagrun for first_dag to 2024-09-14 00:00:00+00:00, run_after=2024-09-15 00:00:00+00:00
[2024-09-21T18:39:40.855+0000] {processor.py:208} INFO - Processing /opt/airflow/dags/first_dag.py took 0.125 seconds
