[2024-09-22T12:50:55.849+0000] {local_task_job_runner.py:123} INFO - ::group::Pre task execution logs
[2024-09-22T12:50:55.867+0000] {taskinstance.py:2612} INFO - Dependencies all met for dep_context=non-requeueable deps ti=<TaskInstance: etl_dag.server_api_active manual__2024-09-22T12:50:54.366572+00:00 [queued]>
[2024-09-22T12:50:55.874+0000] {taskinstance.py:2612} INFO - Dependencies all met for dep_context=requeueable deps ti=<TaskInstance: etl_dag.server_api_active manual__2024-09-22T12:50:54.366572+00:00 [queued]>
[2024-09-22T12:50:55.875+0000] {taskinstance.py:2865} INFO - Starting attempt 1 of 2
[2024-09-22T12:50:55.884+0000] {taskinstance.py:2888} INFO - Executing <Task(HttpSensor): server_api_active> on 2024-09-22 12:50:54.366572+00:00
[2024-09-22T12:50:55.889+0000] {warnings.py:112} WARNING - /home/***/.local/lib/python3.12/site-packages/***/task/task_runner/standard_task_runner.py:70: DeprecationWarning: This process (pid=2866) is multi-threaded, use of fork() may lead to deadlocks in the child.
  pid = os.fork()

[2024-09-22T12:50:55.890+0000] {standard_task_runner.py:104} INFO - Running: ['***', 'tasks', 'run', 'etl_dag', 'server_api_active', 'manual__2024-09-22T12:50:54.366572+00:00', '--job-id', '815', '--raw', '--subdir', 'DAGS_FOLDER/etl_dag.py', '--cfg-path', '/tmp/tmpidm6v87e']
[2024-09-22T12:50:55.891+0000] {standard_task_runner.py:72} INFO - Started process 2867 to run task
[2024-09-22T12:50:55.892+0000] {standard_task_runner.py:105} INFO - Job 815: Subtask server_api_active
[2024-09-22T12:50:55.940+0000] {task_command.py:467} INFO - Running <TaskInstance: etl_dag.server_api_active manual__2024-09-22T12:50:54.366572+00:00 [running]> on host 6e2558f7c62d
[2024-09-22T12:50:55.997+0000] {taskinstance.py:3131} INFO - Exporting env vars: AIRFLOW_CTX_DAG_OWNER='***' AIRFLOW_CTX_DAG_ID='etl_dag' AIRFLOW_CTX_TASK_ID='server_api_active' AIRFLOW_CTX_EXECUTION_DATE='2024-09-22T12:50:54.366572+00:00' AIRFLOW_CTX_TRY_NUMBER='1' AIRFLOW_CTX_DAG_RUN_ID='manual__2024-09-22T12:50:54.366572+00:00'
[2024-09-22T12:50:55.998+0000] {taskinstance.py:731} INFO - ::endgroup::
[2024-09-22T12:50:56.000+0000] {baseoperator.py:405} WARNING - HttpSensor.execute cannot be called outside TaskInstance!
[2024-09-22T12:50:56.001+0000] {http.py:137} INFO - Poking: generate_data/customers
[2024-09-22T12:50:56.028+0000] {base.py:84} INFO - Retrieving connection 'http_localhost'
[2024-09-22T12:50:56.049+0000] {base.py:336} INFO - Success criteria met. Exiting.
[2024-09-22T12:50:56.059+0000] {taskinstance.py:340} INFO - ::group::Post task execution logs
[2024-09-22T12:50:56.060+0000] {taskinstance.py:352} INFO - Marking task as SUCCESS. dag_id=etl_dag, task_id=server_api_active, run_id=manual__2024-09-22T12:50:54.366572+00:00, execution_date=20240922T125054, start_date=20240922T125055, end_date=20240922T125056
[2024-09-22T12:50:56.075+0000] {local_task_job_runner.py:266} INFO - Task exited with return code 0
[2024-09-22T12:50:56.105+0000] {taskinstance.py:3900} INFO - 3 downstream tasks scheduled from follow-on schedule check
[2024-09-22T12:50:56.107+0000] {local_task_job_runner.py:245} INFO - ::endgroup::
