[2024-09-22T12:28:27.323+0000] {local_task_job_runner.py:123} INFO - ::group::Pre task execution logs
[2024-09-22T12:28:27.339+0000] {taskinstance.py:2612} INFO - Dependencies all met for dep_context=non-requeueable deps ti=<TaskInstance: etl_dag.load manual__2024-09-22T12:27:16.456103+00:00 [queued]>
[2024-09-22T12:28:27.346+0000] {taskinstance.py:2612} INFO - Dependencies all met for dep_context=requeueable deps ti=<TaskInstance: etl_dag.load manual__2024-09-22T12:27:16.456103+00:00 [queued]>
[2024-09-22T12:28:27.347+0000] {taskinstance.py:2865} INFO - Starting attempt 2 of 2
[2024-09-22T12:28:27.356+0000] {taskinstance.py:2888} INFO - Executing <Task(_PythonDecoratedOperator): load> on 2024-09-22 12:27:16.456103+00:00
[2024-09-22T12:28:27.360+0000] {warnings.py:112} WARNING - /home/***/.local/lib/python3.12/site-packages/***/task/task_runner/standard_task_runner.py:70: DeprecationWarning: This process (pid=2481) is multi-threaded, use of fork() may lead to deadlocks in the child.
  pid = os.fork()

[2024-09-22T12:28:27.363+0000] {standard_task_runner.py:72} INFO - Started process 2482 to run task
[2024-09-22T12:28:27.362+0000] {standard_task_runner.py:104} INFO - Running: ['***', 'tasks', 'run', 'etl_dag', 'load', 'manual__2024-09-22T12:27:16.456103+00:00', '--job-id', '781', '--raw', '--subdir', 'DAGS_FOLDER/etl_dag.py', '--cfg-path', '/tmp/tmp92tz447v']
[2024-09-22T12:28:27.365+0000] {standard_task_runner.py:105} INFO - Job 781: Subtask load
[2024-09-22T12:28:27.408+0000] {task_command.py:467} INFO - Running <TaskInstance: etl_dag.load manual__2024-09-22T12:27:16.456103+00:00 [running]> on host 6e2558f7c62d
[2024-09-22T12:28:27.471+0000] {taskinstance.py:3131} INFO - Exporting env vars: AIRFLOW_CTX_DAG_OWNER='***' AIRFLOW_CTX_DAG_ID='etl_dag' AIRFLOW_CTX_TASK_ID='load' AIRFLOW_CTX_EXECUTION_DATE='2024-09-22T12:27:16.456103+00:00' AIRFLOW_CTX_TRY_NUMBER='2' AIRFLOW_CTX_DAG_RUN_ID='manual__2024-09-22T12:27:16.456103+00:00'
[2024-09-22T12:28:27.473+0000] {taskinstance.py:731} INFO - ::endgroup::
[2024-09-22T12:28:27.504+0000] {logging_mixin.py:190} INFO - db ok
[2024-09-22T12:28:27.505+0000] {logging_mixin.py:190} INFO - {'cust_id': '9dFEbd04bDAC6C8', 'name': 'Miss Holly Thomas', 'sex': 'Male', 'age': 36, 'address': '301 Kim Street Suite 166', 'phone': '+1-990-507-7287', 'job': 'Engineer, electronics'}
[2024-09-22T12:28:27.506+0000] {logging_mixin.py:190} INFO - {'cust_id': 'FBD0EbEd5D0Faa9', 'name': 'Ms. Diane Chang MD', 'sex': 'Female', 'age': 60, 'address': '601 Mack Port Apt. 014', 'phone': '+1-531-426-4096', 'job': 'Chief of Staff'}
[2024-09-22T12:28:27.512+0000] {python.py:240} INFO - Done. Returned value was: None
[2024-09-22T12:28:27.520+0000] {taskinstance.py:340} INFO - ::group::Post task execution logs
[2024-09-22T12:28:27.521+0000] {taskinstance.py:352} INFO - Marking task as SUCCESS. dag_id=etl_dag, task_id=load, run_id=manual__2024-09-22T12:27:16.456103+00:00, execution_date=20240922T122716, start_date=20240922T122827, end_date=20240922T122827
[2024-09-22T12:28:27.543+0000] {local_task_job_runner.py:266} INFO - Task exited with return code 0
[2024-09-22T12:28:27.556+0000] {taskinstance.py:3900} INFO - 0 downstream tasks scheduled from follow-on schedule check
[2024-09-22T12:28:27.558+0000] {local_task_job_runner.py:245} INFO - ::endgroup::
