[2024-09-22T12:39:20.550+0000] {local_task_job_runner.py:123} INFO - ::group::Pre task execution logs
[2024-09-22T12:39:20.613+0000] {taskinstance.py:2612} INFO - Dependencies all met for dep_context=non-requeueable deps ti=<TaskInstance: create_table_dag.create_order_table manual__2024-09-22T12:39:18.722932+00:00 [queued]>
[2024-09-22T12:39:20.629+0000] {taskinstance.py:2612} INFO - Dependencies all met for dep_context=requeueable deps ti=<TaskInstance: create_table_dag.create_order_table manual__2024-09-22T12:39:18.722932+00:00 [queued]>
[2024-09-22T12:39:20.630+0000] {taskinstance.py:2865} INFO - Starting attempt 1 of 2
[2024-09-22T12:39:20.647+0000] {taskinstance.py:2888} INFO - Executing <Task(SQLExecuteQueryOperator): create_order_table> on 2024-09-22 12:39:18.722932+00:00
[2024-09-22T12:39:20.681+0000] {warnings.py:112} WARNING - /home/***/.local/lib/python3.12/site-packages/***/task/task_runner/standard_task_runner.py:70: DeprecationWarning: This process (pid=2667) is multi-threaded, use of fork() may lead to deadlocks in the child.
  pid = os.fork()

[2024-09-22T12:39:20.693+0000] {standard_task_runner.py:72} INFO - Started process 2672 to run task
[2024-09-22T12:39:20.689+0000] {standard_task_runner.py:104} INFO - Running: ['***', 'tasks', 'run', 'create_table_dag', 'create_order_table', 'manual__2024-09-22T12:39:18.722932+00:00', '--job-id', '798', '--raw', '--subdir', 'DAGS_FOLDER/create_table_dag.py', '--cfg-path', '/tmp/tmpejbe_fey']
[2024-09-22T12:39:20.698+0000] {standard_task_runner.py:105} INFO - Job 798: Subtask create_order_table
[2024-09-22T12:39:20.896+0000] {task_command.py:467} INFO - Running <TaskInstance: create_table_dag.create_order_table manual__2024-09-22T12:39:18.722932+00:00 [running]> on host 6e2558f7c62d
[2024-09-22T12:39:21.115+0000] {taskinstance.py:3131} INFO - Exporting env vars: AIRFLOW_CTX_DAG_OWNER='***' AIRFLOW_CTX_DAG_ID='create_table_dag' AIRFLOW_CTX_TASK_ID='create_order_table' AIRFLOW_CTX_EXECUTION_DATE='2024-09-22T12:39:18.722932+00:00' AIRFLOW_CTX_TRY_NUMBER='1' AIRFLOW_CTX_DAG_RUN_ID='manual__2024-09-22T12:39:18.722932+00:00'
[2024-09-22T12:39:21.118+0000] {taskinstance.py:731} INFO - ::endgroup::
[2024-09-22T12:39:21.121+0000] {sql.py:266} INFO - Executing: drop table if exists ORDERS;

create table ORDERS (
    ord_id varchar PRIMARY KEY,
    cust_id varchar,
    prod_id varchar,
    count numeric
);
[2024-09-22T12:39:21.150+0000] {base.py:84} INFO - Retrieving connection 'postgres_localhost'
[2024-09-22T12:39:21.197+0000] {base.py:84} INFO - Retrieving connection 'postgres_localhost'
[2024-09-22T12:39:21.208+0000] {sql.py:509} INFO - Running statement: drop table if exists ORDERS;

create table ORDERS (
    ord_id varchar PRIMARY KEY,
    cust_id varchar,
    prod_id varchar,
    count numeric
);, parameters: None
[2024-09-22T12:39:21.330+0000] {taskinstance.py:340} INFO - ::group::Post task execution logs
[2024-09-22T12:39:21.334+0000] {taskinstance.py:352} INFO - Marking task as SUCCESS. dag_id=create_table_dag, task_id=create_order_table, run_id=manual__2024-09-22T12:39:18.722932+00:00, execution_date=20240922T123918, start_date=20240922T123920, end_date=20240922T123921
[2024-09-22T12:39:21.405+0000] {local_task_job_runner.py:266} INFO - Task exited with return code 0
[2024-09-22T12:39:21.722+0000] {taskinstance.py:3900} INFO - 0 downstream tasks scheduled from follow-on schedule check
[2024-09-22T12:39:21.760+0000] {local_task_job_runner.py:245} INFO - ::endgroup::
