[2024-09-21T18:23:03.215+0000] {local_task_job_runner.py:123} INFO - ::group::Pre task execution logs
[2024-09-21T18:23:03.377+0000] {taskinstance.py:2612} INFO - Dependencies all met for dep_context=non-requeueable deps ti=<TaskInstance: create_table_dag.create_product_table manual__2024-09-21T18:19:22.634523+00:00 [queued]>
[2024-09-21T18:23:03.473+0000] {taskinstance.py:2612} INFO - Dependencies all met for dep_context=requeueable deps ti=<TaskInstance: create_table_dag.create_product_table manual__2024-09-21T18:19:22.634523+00:00 [queued]>
[2024-09-21T18:23:03.477+0000] {taskinstance.py:2865} INFO - Starting attempt 2 of 3
[2024-09-21T18:23:03.623+0000] {taskinstance.py:2888} INFO - Executing <Task(SQLExecuteQueryOperator): create_product_table> on 2024-09-21 18:19:22.634523+00:00
[2024-09-21T18:23:03.654+0000] {warnings.py:112} WARNING - /home/***/.local/lib/python3.12/site-packages/***/task/task_runner/standard_task_runner.py:70: DeprecationWarning: This process (pid=265) is multi-threaded, use of fork() may lead to deadlocks in the child.
  pid = os.fork()

[2024-09-21T18:23:03.666+0000] {standard_task_runner.py:72} INFO - Started process 295 to run task
[2024-09-21T18:23:03.672+0000] {standard_task_runner.py:104} INFO - Running: ['***', 'tasks', 'run', 'create_table_dag', 'create_product_table', 'manual__2024-09-21T18:19:22.634523+00:00', '--job-id', '210', '--raw', '--subdir', 'DAGS_FOLDER/create_table_dag.py', '--cfg-path', '/tmp/tmph669l3mx']
[2024-09-21T18:23:03.687+0000] {standard_task_runner.py:105} INFO - Job 210: Subtask create_product_table
[2024-09-21T18:23:04.307+0000] {task_command.py:467} INFO - Running <TaskInstance: create_table_dag.create_product_table manual__2024-09-21T18:19:22.634523+00:00 [running]> on host 6e2558f7c62d
[2024-09-21T18:23:05.289+0000] {taskinstance.py:3131} INFO - Exporting env vars: AIRFLOW_CTX_DAG_OWNER='***' AIRFLOW_CTX_DAG_ID='create_table_dag' AIRFLOW_CTX_TASK_ID='create_product_table' AIRFLOW_CTX_EXECUTION_DATE='2024-09-21T18:19:22.634523+00:00' AIRFLOW_CTX_TRY_NUMBER='2' AIRFLOW_CTX_DAG_RUN_ID='manual__2024-09-21T18:19:22.634523+00:00'
[2024-09-21T18:23:05.354+0000] {taskinstance.py:731} INFO - ::endgroup::
[2024-09-21T18:23:05.409+0000] {sql.py:266} INFO - Executing: drop table if exists PRODUCT;

create table PRODUCT (
    prod_id varchar PRIMARY KEY,
    name varchar,
    price numeric(2)
);

-- insert into PRODUCT(prod_id, name, size, price) values('94E559c49d887e6','Pizza Napoletana',5.5);
-- insert into PRODUCT(prod_id, name, size, price) values('57fDe21a4748Da3','Pizza alla diavola',21.75);
-- insert into PRODUCT(prod_id, name, size, price) values('bA03cfAcCf64FDb','Fugazza - durian',5.25);
-- insert into PRODUCT(prod_id, name, size, price) values('527E4aDFfcEBc48','VN Pizza - sausages',9.25);
-- insert into PRODUCT(prod_id, name, size, price) values('46dE3AbbcaC08FA','Tandoori Paneer pizza - pineapples',8.5);
-- insert into PRODUCT(prod_id, name, size, price) values('b29aB0C87a3edef','Fugazza - tacos',8.75);
[2024-09-21T18:23:05.608+0000] {base.py:84} INFO - Retrieving connection 'postgres_localhost'
[2024-09-21T18:23:05.787+0000] {base.py:84} INFO - Retrieving connection 'postgres_localhost'
[2024-09-21T18:23:05.835+0000] {sql.py:509} INFO - Running statement: drop table if exists PRODUCT;

create table PRODUCT (
    prod_id varchar PRIMARY KEY,
    name varchar,
    price numeric(2)
);

-- insert into PRODUCT(prod_id, name, size, price) values('94E559c49d887e6','Pizza Napoletana',5.5);
-- insert into PRODUCT(prod_id, name, size, price) values('57fDe21a4748Da3','Pizza alla diavola',21.75);
-- insert into PRODUCT(prod_id, name, size, price) values('bA03cfAcCf64FDb','Fugazza - durian',5.25);
-- insert into PRODUCT(prod_id, name, size, price) values('527E4aDFfcEBc48','VN Pizza - sausages',9.25);
-- insert into PRODUCT(prod_id, name, size, price) values('46dE3AbbcaC08FA','Tandoori Paneer pizza - pineapples',8.5);
-- insert into PRODUCT(prod_id, name, size, price) values('b29aB0C87a3edef','Fugazza - tacos',8.75);, parameters: None
[2024-09-21T18:23:06.083+0000] {taskinstance.py:340} INFO - ::group::Post task execution logs
[2024-09-21T18:23:06.090+0000] {taskinstance.py:352} INFO - Marking task as SUCCESS. dag_id=create_table_dag, task_id=create_product_table, run_id=manual__2024-09-21T18:19:22.634523+00:00, execution_date=20240921T181922, start_date=20240921T182303, end_date=20240921T182306
[2024-09-21T18:23:06.352+0000] {local_task_job_runner.py:266} INFO - Task exited with return code 0
[2024-09-21T18:23:07.044+0000] {taskinstance.py:3900} INFO - 0 downstream tasks scheduled from follow-on schedule check
[2024-09-21T18:23:07.071+0000] {local_task_job_runner.py:245} INFO - ::endgroup::
