[2024-09-22T11:48:01.276+0000] {local_task_job_runner.py:123} INFO - ::group::Pre task execution logs
[2024-09-22T11:48:01.289+0000] {taskinstance.py:2612} INFO - Dependencies all met for dep_context=non-requeueable deps ti=<TaskInstance: etl_dag.echo_task manual__2024-09-22T11:47:56.580019+00:00 [queued]>
[2024-09-22T11:48:01.295+0000] {taskinstance.py:2612} INFO - Dependencies all met for dep_context=requeueable deps ti=<TaskInstance: etl_dag.echo_task manual__2024-09-22T11:47:56.580019+00:00 [queued]>
[2024-09-22T11:48:01.296+0000] {taskinstance.py:2865} INFO - Starting attempt 1 of 2
[2024-09-22T11:48:01.304+0000] {taskinstance.py:2888} INFO - Executing <Task(BashOperator): echo_task> on 2024-09-22 11:47:56.580019+00:00
[2024-09-22T11:48:01.307+0000] {warnings.py:112} WARNING - /home/***/.local/lib/python3.12/site-packages/***/task/task_runner/standard_task_runner.py:70: DeprecationWarning: This process (pid=1457) is multi-threaded, use of fork() may lead to deadlocks in the child.
  pid = os.fork()

[2024-09-22T11:48:01.309+0000] {standard_task_runner.py:72} INFO - Started process 1458 to run task
[2024-09-22T11:48:01.309+0000] {standard_task_runner.py:104} INFO - Running: ['***', 'tasks', 'run', 'etl_dag', 'echo_task', 'manual__2024-09-22T11:47:56.580019+00:00', '--job-id', '620', '--raw', '--subdir', 'DAGS_FOLDER/etl_dag.py', '--cfg-path', '/tmp/tmp9rpa3pn_']
[2024-09-22T11:48:01.310+0000] {standard_task_runner.py:105} INFO - Job 620: Subtask echo_task
[2024-09-22T11:48:01.353+0000] {task_command.py:467} INFO - Running <TaskInstance: etl_dag.echo_task manual__2024-09-22T11:47:56.580019+00:00 [running]> on host 6e2558f7c62d
[2024-09-22T11:48:01.437+0000] {taskinstance.py:3131} INFO - Exporting env vars: AIRFLOW_CTX_DAG_OWNER='***' AIRFLOW_CTX_DAG_ID='etl_dag' AIRFLOW_CTX_TASK_ID='echo_task' AIRFLOW_CTX_EXECUTION_DATE='2024-09-22T11:47:56.580019+00:00' AIRFLOW_CTX_TRY_NUMBER='1' AIRFLOW_CTX_DAG_RUN_ID='manual__2024-09-22T11:47:56.580019+00:00'
[2024-09-22T11:48:01.438+0000] {taskinstance.py:731} INFO - ::endgroup::
[2024-09-22T11:48:01.440+0000] {subprocess.py:63} INFO - Tmp dir root location: /tmp
[2024-09-22T11:48:01.441+0000] {subprocess.py:75} INFO - Running command: ['/usr/bin/bash', '-c', "echo [{'cust_id': 'BF6c52142528FC7', 'name': 'Mr. Alexis Everett', 'sex': 'Female', 'age': 33, 'address': '589 Barbara Plaza', 'phone': '998.607.6332x394', 'job': 'Accountant, chartered management'}, {'cust_id': 'e244E409FF5B158', 'name': 'Mr. Casey Villegas', 'sex': 'Female', 'age': 33, 'address': '106 Omar Pines', 'phone': '779.272.5642x570', 'job': 'IT trainer'}, {'cust_id': 'bDB5De5E3f6f069', 'name': 'Mr. Jamie Munoz MD', 'sex': 'Male', 'age': 60, 'address': '926 Beth Shores Apt. 940', 'phone': '992.723.8685', 'job': 'Probation officer'}, {'cust_id': 'eDFbe88C3EaddD9', 'name': 'Olivia Roberson', 'sex': 'Female', 'age': 21, 'address': '653 George River', 'phone': '270.848.0859', 'job': 'Seismic interpreter'}, {'cust_id': 'CA8Fb7e2aE7b145', 'name': 'Mr. Kevin Dalton II', 'sex': 'Male', 'age': 66, 'address': '3964 Bruce Dam Apt. 802', 'phone': '(866)498-6665x2050', 'job': 'Occupational psychologist'}]"]
[2024-09-22T11:48:01.446+0000] {subprocess.py:86} INFO - Output:
[2024-09-22T11:48:01.449+0000] {subprocess.py:93} INFO - [{cust_id: BF6c52142528FC7, name: Mr. Alexis Everett, sex: Female, age: 33, address: 589 Barbara Plaza, phone: 998.607.6332x394, job: Accountant, chartered management}, {cust_id: e244E409FF5B158, name: Mr. Casey Villegas, sex: Female, age: 33, address: 106 Omar Pines, phone: 779.272.5642x570, job: IT trainer}, {cust_id: bDB5De5E3f6f069, name: Mr. Jamie Munoz MD, sex: Male, age: 60, address: 926 Beth Shores Apt. 940, phone: 992.723.8685, job: Probation officer}, {cust_id: eDFbe88C3EaddD9, name: Olivia Roberson, sex: Female, age: 21, address: 653 George River, phone: 270.848.0859, job: Seismic interpreter}, {cust_id: CA8Fb7e2aE7b145, name: Mr. Kevin Dalton II, sex: Male, age: 66, address: 3964 Bruce Dam Apt. 802, phone: (866)498-6665x2050, job: Occupational psychologist}]
[2024-09-22T11:48:01.450+0000] {subprocess.py:97} INFO - Command exited with return code 0
[2024-09-22T11:48:01.470+0000] {taskinstance.py:340} INFO - ::group::Post task execution logs
[2024-09-22T11:48:01.471+0000] {taskinstance.py:352} INFO - Marking task as SUCCESS. dag_id=etl_dag, task_id=echo_task, run_id=manual__2024-09-22T11:47:56.580019+00:00, execution_date=20240922T114756, start_date=20240922T114801, end_date=20240922T114801
[2024-09-22T11:48:01.490+0000] {local_task_job_runner.py:266} INFO - Task exited with return code 0
[2024-09-22T11:48:01.505+0000] {taskinstance.py:3900} INFO - 1 downstream tasks scheduled from follow-on schedule check
[2024-09-22T11:48:01.508+0000] {local_task_job_runner.py:245} INFO - ::endgroup::
