[2024-09-22T12:27:24.074+0000] {local_task_job_runner.py:123} INFO - ::group::Pre task execution logs
[2024-09-22T12:27:24.117+0000] {taskinstance.py:2612} INFO - Dependencies all met for dep_context=non-requeueable deps ti=<TaskInstance: etl_dag.echo_task manual__2024-09-22T12:27:16.456103+00:00 [queued]>
[2024-09-22T12:27:24.130+0000] {taskinstance.py:2612} INFO - Dependencies all met for dep_context=requeueable deps ti=<TaskInstance: etl_dag.echo_task manual__2024-09-22T12:27:16.456103+00:00 [queued]>
[2024-09-22T12:27:24.131+0000] {taskinstance.py:2865} INFO - Starting attempt 1 of 2
[2024-09-22T12:27:24.147+0000] {taskinstance.py:2888} INFO - Executing <Task(BashOperator): echo_task> on 2024-09-22 12:27:16.456103+00:00
[2024-09-22T12:27:24.166+0000] {warnings.py:112} WARNING - /home/***/.local/lib/python3.12/site-packages/***/task/task_runner/standard_task_runner.py:70: DeprecationWarning: This process (pid=2435) is multi-threaded, use of fork() may lead to deadlocks in the child.
  pid = os.fork()

[2024-09-22T12:27:24.169+0000] {standard_task_runner.py:104} INFO - Running: ['***', 'tasks', 'run', 'etl_dag', 'echo_task', 'manual__2024-09-22T12:27:16.456103+00:00', '--job-id', '771', '--raw', '--subdir', 'DAGS_FOLDER/etl_dag.py', '--cfg-path', '/tmp/tmpq_6fuwbn']
[2024-09-22T12:27:24.170+0000] {standard_task_runner.py:72} INFO - Started process 2436 to run task
[2024-09-22T12:27:24.173+0000] {standard_task_runner.py:105} INFO - Job 771: Subtask echo_task
[2024-09-22T12:27:24.255+0000] {task_command.py:467} INFO - Running <TaskInstance: etl_dag.echo_task manual__2024-09-22T12:27:16.456103+00:00 [running]> on host 6e2558f7c62d
[2024-09-22T12:27:24.357+0000] {taskinstance.py:3131} INFO - Exporting env vars: AIRFLOW_CTX_DAG_OWNER='***' AIRFLOW_CTX_DAG_ID='etl_dag' AIRFLOW_CTX_TASK_ID='echo_task' AIRFLOW_CTX_EXECUTION_DATE='2024-09-22T12:27:16.456103+00:00' AIRFLOW_CTX_TRY_NUMBER='1' AIRFLOW_CTX_DAG_RUN_ID='manual__2024-09-22T12:27:16.456103+00:00'
[2024-09-22T12:27:24.362+0000] {taskinstance.py:731} INFO - ::endgroup::
[2024-09-22T12:27:24.368+0000] {subprocess.py:63} INFO - Tmp dir root location: /tmp
[2024-09-22T12:27:24.370+0000] {subprocess.py:75} INFO - Running command: ['/usr/bin/bash', '-c', "echo [{'cust_id': 'd8b10a0F1B3eEeD', 'name': 'Nancy Howell', 'sex': 'Female', 'age': 61, 'address': '99130 Garcia Fort', 'phone': '001-558-573-7551', 'job': 'Clinical molecular geneticist'}, {'cust_id': '9dFEbd04bDAC6C8', 'name': 'Miss Holly Thomas', 'sex': 'Male', 'age': 36, 'address': '301 Kim Street Suite 166', 'phone': '+1-990-507-7287', 'job': 'Engineer, electronics'}, {'cust_id': 'FBD0EbEd5D0Faa9', 'name': 'Ms. Diane Chang MD', 'sex': 'Female', 'age': 60, 'address': '601 Mack Port Apt. 014', 'phone': '+1-531-426-4096', 'job': 'Chief of Staff'}, {'cust_id': 'D9DB267ce5FfE5b', 'name': 'Dr. Carlos Stone II', 'sex': 'Male', 'age': 51, 'address': '233 Foster Road', 'phone': '001-241-552-9062x72401', 'job': 'Police officer'}, {'cust_id': '6Cb2AaF75ec42c0', 'name': 'Laura Suarez', 'sex': 'Male', 'age': 15, 'address': '35957 Mikayla Fall', 'phone': '(941)559-6882x78627', 'job': 'Surveyor, minerals'}]"]
[2024-09-22T12:27:24.382+0000] {subprocess.py:86} INFO - Output:
[2024-09-22T12:27:24.394+0000] {subprocess.py:93} INFO - [{cust_id: d8b10a0F1B3eEeD, name: Nancy Howell, sex: Female, age: 61, address: 99130 Garcia Fort, phone: 001-558-573-7551, job: Clinical molecular geneticist}, {cust_id: 9dFEbd04bDAC6C8, name: Miss Holly Thomas, sex: Male, age: 36, address: 301 Kim Street Suite 166, phone: +1-990-507-7287, job: Engineer, electronics}, {cust_id: FBD0EbEd5D0Faa9, name: Ms. Diane Chang MD, sex: Female, age: 60, address: 601 Mack Port Apt. 014, phone: +1-531-426-4096, job: Chief of Staff}, {cust_id: D9DB267ce5FfE5b, name: Dr. Carlos Stone II, sex: Male, age: 51, address: 233 Foster Road, phone: 001-241-552-9062x72401, job: Police officer}, {cust_id: 6Cb2AaF75ec42c0, name: Laura Suarez, sex: Male, age: 15, address: 35957 Mikayla Fall, phone: (941)559-6882x78627, job: Surveyor, minerals}]
[2024-09-22T12:27:24.399+0000] {subprocess.py:97} INFO - Command exited with return code 0
[2024-09-22T12:27:24.437+0000] {taskinstance.py:340} INFO - ::group::Post task execution logs
[2024-09-22T12:27:24.439+0000] {taskinstance.py:352} INFO - Marking task as SUCCESS. dag_id=etl_dag, task_id=echo_task, run_id=manual__2024-09-22T12:27:16.456103+00:00, execution_date=20240922T122716, start_date=20240922T122724, end_date=20240922T122724
[2024-09-22T12:27:24.488+0000] {local_task_job_runner.py:266} INFO - Task exited with return code 0
[2024-09-22T12:27:24.516+0000] {taskinstance.py:3900} INFO - 1 downstream tasks scheduled from follow-on schedule check
[2024-09-22T12:27:24.518+0000] {local_task_job_runner.py:245} INFO - ::endgroup::
