[2024-09-22T12:16:59.723+0000] {local_task_job_runner.py:123} INFO - ::group::Pre task execution logs
[2024-09-22T12:16:59.744+0000] {taskinstance.py:2612} INFO - Dependencies all met for dep_context=non-requeueable deps ti=<TaskInstance: etl_dag.load scheduled__2024-09-21T00:00:00+00:00 [queued]>
[2024-09-22T12:16:59.753+0000] {taskinstance.py:2612} INFO - Dependencies all met for dep_context=requeueable deps ti=<TaskInstance: etl_dag.load scheduled__2024-09-21T00:00:00+00:00 [queued]>
[2024-09-22T12:16:59.754+0000] {taskinstance.py:2865} INFO - Starting attempt 1 of 2
[2024-09-22T12:16:59.768+0000] {taskinstance.py:2888} INFO - Executing <Task(_PythonDecoratedOperator): load> on 2024-09-21 00:00:00+00:00
[2024-09-22T12:16:59.773+0000] {warnings.py:112} WARNING - /home/***/.local/lib/python3.12/site-packages/***/task/task_runner/standard_task_runner.py:70: DeprecationWarning: This process (pid=2136) is multi-threaded, use of fork() may lead to deadlocks in the child.
  pid = os.fork()

[2024-09-22T12:16:59.776+0000] {standard_task_runner.py:72} INFO - Started process 2138 to run task
[2024-09-22T12:16:59.776+0000] {standard_task_runner.py:104} INFO - Running: ['***', 'tasks', 'run', 'etl_dag', 'load', 'scheduled__2024-09-21T00:00:00+00:00', '--job-id', '719', '--raw', '--subdir', 'DAGS_FOLDER/etl_dag.py', '--cfg-path', '/tmp/tmpb2o5a5ky']
[2024-09-22T12:16:59.779+0000] {standard_task_runner.py:105} INFO - Job 719: Subtask load
[2024-09-22T12:16:59.835+0000] {task_command.py:467} INFO - Running <TaskInstance: etl_dag.load scheduled__2024-09-21T00:00:00+00:00 [running]> on host 6e2558f7c62d
[2024-09-22T12:16:59.989+0000] {taskinstance.py:3131} INFO - Exporting env vars: AIRFLOW_CTX_DAG_OWNER='***' AIRFLOW_CTX_DAG_ID='etl_dag' AIRFLOW_CTX_TASK_ID='load' AIRFLOW_CTX_EXECUTION_DATE='2024-09-21T00:00:00+00:00' AIRFLOW_CTX_TRY_NUMBER='1' AIRFLOW_CTX_DAG_RUN_ID='scheduled__2024-09-21T00:00:00+00:00'
[2024-09-22T12:16:59.993+0000] {taskinstance.py:731} INFO - ::endgroup::
[2024-09-22T12:20:45.199+0000] {local_task_job_runner.py:346} WARNING - State of this instance has been externally set to failed. Terminating instance.
[2024-09-22T12:20:45.208+0000] {local_task_job_runner.py:245} INFO - ::endgroup::
[2024-09-22T12:20:45.212+0000] {process_utils.py:132} INFO - Sending 15 to group 2138. PIDs of all processes in the group: [2138]
[2024-09-22T12:20:45.213+0000] {process_utils.py:87} INFO - Sending the signal 15 to group 2138
[2024-09-22T12:21:45.255+0000] {process_utils.py:150} WARNING - process psutil.Process(pid=2138, name='airflow task runner: etl_dag load scheduled__2024-09-21T00:00:00+00:00 719', status='sleeping', started='12:16:59') did not respond to SIGTERM. Trying SIGKILL
[2024-09-22T12:21:45.274+0000] {process_utils.py:87} INFO - Sending the signal 9 to group 2138
[2024-09-22T12:21:45.286+0000] {process_utils.py:80} INFO - Process psutil.Process(pid=2138, name='airflow task runner: etl_dag load scheduled__2024-09-21T00:00:00+00:00 719', status='terminated', exitcode=<Negsignal.SIGKILL: -9>, started='12:16:59') (2138) terminated with exit code -9
[2024-09-22T12:21:45.287+0000] {standard_task_runner.py:190} ERROR - ('Job 719 was killed before it finished (likely due to running out of memory)', 'For more information, see https://***.apache.org/docs/apache-***/stable/troubleshooting.html#LocalTaskJob-killed')
