[2024-09-19T07:46:29.360+0000] {local_task_job_runner.py:123} INFO - ::group::Pre task execution logs
[2024-09-19T07:46:29.395+0000] {taskinstance.py:2612} INFO - Dependencies all met for dep_context=non-requeueable deps ti=<TaskInstance: first_dag.third_task scheduled__2024-09-18T00:00:00+00:00 [queued]>
[2024-09-19T07:46:29.409+0000] {taskinstance.py:2612} INFO - Dependencies all met for dep_context=requeueable deps ti=<TaskInstance: first_dag.third_task scheduled__2024-09-18T00:00:00+00:00 [queued]>
[2024-09-19T07:46:29.411+0000] {taskinstance.py:2865} INFO - Starting attempt 1 of 6
[2024-09-19T07:46:29.441+0000] {taskinstance.py:2888} INFO - Executing <Task(BashOperator): third_task> on 2024-09-18 00:00:00+00:00
[2024-09-19T07:46:29.448+0000] {warnings.py:112} WARNING - /home/***/.local/lib/python3.12/site-packages/***/task/task_runner/standard_task_runner.py:70: DeprecationWarning: This process (pid=54) is multi-threaded, use of fork() may lead to deadlocks in the child.
  pid = os.fork()

[2024-09-19T07:46:29.451+0000] {standard_task_runner.py:104} INFO - Running: ['***', 'tasks', 'run', 'first_dag', 'third_task', 'scheduled__2024-09-18T00:00:00+00:00', '--job-id', '59', '--raw', '--subdir', 'DAGS_FOLDER/first_dag.py', '--cfg-path', '/tmp/tmp9a4pxzl3']
[2024-09-19T07:46:29.451+0000] {standard_task_runner.py:72} INFO - Started process 62 to run task
[2024-09-19T07:46:29.455+0000] {standard_task_runner.py:105} INFO - Job 59: Subtask third_task
[2024-09-19T07:46:29.515+0000] {task_command.py:467} INFO - Running <TaskInstance: first_dag.third_task scheduled__2024-09-18T00:00:00+00:00 [running]> on host 7c2c6c4cfe77
[2024-09-19T07:46:29.582+0000] {taskinstance.py:3131} INFO - Exporting env vars: AIRFLOW_CTX_DAG_OWNER='***' AIRFLOW_CTX_DAG_ID='first_dag' AIRFLOW_CTX_TASK_ID='third_task' AIRFLOW_CTX_EXECUTION_DATE='2024-09-18T00:00:00+00:00' AIRFLOW_CTX_TRY_NUMBER='1' AIRFLOW_CTX_DAG_RUN_ID='scheduled__2024-09-18T00:00:00+00:00'
[2024-09-19T07:46:29.584+0000] {taskinstance.py:731} INFO - ::endgroup::
[2024-09-19T07:46:29.586+0000] {subprocess.py:63} INFO - Tmp dir root location: /tmp
[2024-09-19T07:46:29.588+0000] {subprocess.py:75} INFO - Running command: ['/usr/bin/bash', '-c', 'echo this is task 3 and i will run after task 1']
[2024-09-19T07:46:29.594+0000] {subprocess.py:86} INFO - Output:
[2024-09-19T07:46:29.596+0000] {subprocess.py:93} INFO - this is task 3 and i will run after task 1
[2024-09-19T07:46:29.597+0000] {subprocess.py:97} INFO - Command exited with return code 0
[2024-09-19T07:46:29.618+0000] {taskinstance.py:340} INFO - ::group::Post task execution logs
[2024-09-19T07:46:29.619+0000] {taskinstance.py:352} INFO - Marking task as SUCCESS. dag_id=first_dag, task_id=third_task, run_id=scheduled__2024-09-18T00:00:00+00:00, execution_date=20240918T000000, start_date=20240919T074629, end_date=20240919T074629
[2024-09-19T07:46:29.642+0000] {local_task_job_runner.py:266} INFO - Task exited with return code 0
[2024-09-19T07:46:29.653+0000] {local_task_job_runner.py:245} INFO - ::endgroup::
[2024-09-19T10:45:42.641+0000] {local_task_job_runner.py:123} INFO - ::group::Pre task execution logs
[2024-09-19T10:45:42.752+0000] {taskinstance.py:2612} INFO - Dependencies all met for dep_context=non-requeueable deps ti=<TaskInstance: first_dag.third_task scheduled__2024-09-18T00:00:00+00:00 [queued]>
[2024-09-19T10:45:42.785+0000] {taskinstance.py:2612} INFO - Dependencies all met for dep_context=requeueable deps ti=<TaskInstance: first_dag.third_task scheduled__2024-09-18T00:00:00+00:00 [queued]>
[2024-09-19T10:45:42.788+0000] {taskinstance.py:2865} INFO - Starting attempt 1 of 6
[2024-09-19T10:45:42.816+0000] {taskinstance.py:2888} INFO - Executing <Task(BashOperator): third_task> on 2024-09-18 00:00:00+00:00
[2024-09-19T10:45:42.829+0000] {warnings.py:112} WARNING - /home/***/.local/lib/python3.12/site-packages/***/task/task_runner/standard_task_runner.py:70: DeprecationWarning: This process (pid=573) is multi-threaded, use of fork() may lead to deadlocks in the child.
  pid = os.fork()

[2024-09-19T10:45:42.834+0000] {standard_task_runner.py:72} INFO - Started process 596 to run task
[2024-09-19T10:45:42.834+0000] {standard_task_runner.py:104} INFO - Running: ['***', 'tasks', 'run', 'first_dag', 'third_task', 'scheduled__2024-09-18T00:00:00+00:00', '--job-id', '173', '--raw', '--subdir', 'DAGS_FOLDER/first_dag.py', '--cfg-path', '/tmp/tmptaaufjgo']
[2024-09-19T10:45:42.839+0000] {standard_task_runner.py:105} INFO - Job 173: Subtask third_task
[2024-09-19T10:45:43.000+0000] {task_command.py:467} INFO - Running <TaskInstance: first_dag.third_task scheduled__2024-09-18T00:00:00+00:00 [running]> on host 77aa4aabff6e
[2024-09-19T10:45:43.254+0000] {taskinstance.py:3131} INFO - Exporting env vars: AIRFLOW_CTX_DAG_OWNER='***' AIRFLOW_CTX_DAG_ID='first_dag' AIRFLOW_CTX_TASK_ID='third_task' AIRFLOW_CTX_EXECUTION_DATE='2024-09-18T00:00:00+00:00' AIRFLOW_CTX_TRY_NUMBER='1' AIRFLOW_CTX_DAG_RUN_ID='scheduled__2024-09-18T00:00:00+00:00'
[2024-09-19T10:45:43.263+0000] {taskinstance.py:731} INFO - ::endgroup::
[2024-09-19T10:45:43.273+0000] {subprocess.py:63} INFO - Tmp dir root location: /tmp
[2024-09-19T10:45:43.278+0000] {subprocess.py:75} INFO - Running command: ['/usr/bin/bash', '-c', 'echo this is task 3 and i will run after task 1']
[2024-09-19T10:45:43.295+0000] {subprocess.py:86} INFO - Output:
[2024-09-19T10:45:43.299+0000] {subprocess.py:93} INFO - this is task 3 and i will run after task 1
[2024-09-19T10:45:43.300+0000] {subprocess.py:97} INFO - Command exited with return code 0
[2024-09-19T10:45:43.332+0000] {taskinstance.py:340} INFO - ::group::Post task execution logs
[2024-09-19T10:45:43.333+0000] {taskinstance.py:352} INFO - Marking task as SUCCESS. dag_id=first_dag, task_id=third_task, run_id=scheduled__2024-09-18T00:00:00+00:00, execution_date=20240918T000000, start_date=20240919T104542, end_date=20240919T104543
[2024-09-19T10:45:43.403+0000] {local_task_job_runner.py:266} INFO - Task exited with return code 0
[2024-09-19T10:45:43.432+0000] {taskinstance.py:3900} INFO - 0 downstream tasks scheduled from follow-on schedule check
[2024-09-19T10:45:43.439+0000] {local_task_job_runner.py:245} INFO - ::endgroup::
