[2024-09-21T18:26:25.848+0000] {local_task_job_runner.py:123} INFO - ::group::Pre task execution logs
[2024-09-21T18:26:25.867+0000] {taskinstance.py:2612} INFO - Dependencies all met for dep_context=non-requeueable deps ti=<TaskInstance: create_table_dag.echo_task manual__2024-09-21T18:21:36.811509+00:00 [queued]>
[2024-09-21T18:26:25.877+0000] {taskinstance.py:2612} INFO - Dependencies all met for dep_context=requeueable deps ti=<TaskInstance: create_table_dag.echo_task manual__2024-09-21T18:21:36.811509+00:00 [queued]>
[2024-09-21T18:26:25.879+0000] {taskinstance.py:2865} INFO - Starting attempt 5 of 6
[2024-09-21T18:26:25.890+0000] {taskinstance.py:2888} INFO - Executing <Task(BashOperator): echo_task> on 2024-09-21 18:21:36.811509+00:00
[2024-09-21T18:26:25.898+0000] {warnings.py:112} WARNING - /home/***/.local/lib/python3.12/site-packages/***/task/task_runner/standard_task_runner.py:70: DeprecationWarning: This process (pid=402) is multi-threaded, use of fork() may lead to deadlocks in the child.
  pid = os.fork()

[2024-09-21T18:26:25.901+0000] {standard_task_runner.py:72} INFO - Started process 403 to run task
[2024-09-21T18:26:25.901+0000] {standard_task_runner.py:104} INFO - Running: ['***', 'tasks', 'run', 'create_table_dag', 'echo_task', 'manual__2024-09-21T18:21:36.811509+00:00', '--job-id', '233', '--raw', '--subdir', 'DAGS_FOLDER/create_table_dag.py', '--cfg-path', '/tmp/tmpab7ylr0y']
[2024-09-21T18:26:25.903+0000] {standard_task_runner.py:105} INFO - Job 233: Subtask echo_task
[2024-09-21T18:26:26.004+0000] {task_command.py:467} INFO - Running <TaskInstance: create_table_dag.echo_task manual__2024-09-21T18:21:36.811509+00:00 [running]> on host 6e2558f7c62d
[2024-09-21T18:26:26.114+0000] {taskinstance.py:3131} INFO - Exporting env vars: AIRFLOW_CTX_DAG_OWNER='***' AIRFLOW_CTX_DAG_ID='create_table_dag' AIRFLOW_CTX_TASK_ID='echo_task' AIRFLOW_CTX_EXECUTION_DATE='2024-09-21T18:21:36.811509+00:00' AIRFLOW_CTX_TRY_NUMBER='5' AIRFLOW_CTX_DAG_RUN_ID='manual__2024-09-21T18:21:36.811509+00:00'
[2024-09-21T18:26:26.117+0000] {taskinstance.py:731} INFO - ::endgroup::
[2024-09-21T18:26:26.121+0000] {subprocess.py:63} INFO - Tmp dir root location: /tmp
[2024-09-21T18:26:26.124+0000] {subprocess.py:75} INFO - Running command: ['/usr/bin/bash', '-c', 'echo created table successfully']
[2024-09-21T18:26:26.148+0000] {subprocess.py:86} INFO - Output:
[2024-09-21T18:26:26.151+0000] {subprocess.py:93} INFO - created table successfully
[2024-09-21T18:26:26.153+0000] {subprocess.py:97} INFO - Command exited with return code 0
[2024-09-21T18:26:26.186+0000] {taskinstance.py:340} INFO - ::group::Post task execution logs
[2024-09-21T18:26:26.187+0000] {taskinstance.py:352} INFO - Marking task as SUCCESS. dag_id=create_table_dag, task_id=echo_task, run_id=manual__2024-09-21T18:21:36.811509+00:00, execution_date=20240921T182136, start_date=20240921T182625, end_date=20240921T182626
[2024-09-21T18:26:26.209+0000] {local_task_job_runner.py:266} INFO - Task exited with return code 0
[2024-09-21T18:26:26.226+0000] {taskinstance.py:3900} INFO - 0 downstream tasks scheduled from follow-on schedule check
[2024-09-21T18:26:26.228+0000] {local_task_job_runner.py:245} INFO - ::endgroup::
