[2024-09-22T12:35:31.250+0000] {local_task_job_runner.py:123} INFO - ::group::Pre task execution logs
[2024-09-22T12:35:31.271+0000] {taskinstance.py:2612} INFO - Dependencies all met for dep_context=non-requeueable deps ti=<TaskInstance: etl_dag.echo_task manual__2024-09-22T12:35:24.267036+00:00 [queued]>
[2024-09-22T12:35:31.280+0000] {taskinstance.py:2612} INFO - Dependencies all met for dep_context=requeueable deps ti=<TaskInstance: etl_dag.echo_task manual__2024-09-22T12:35:24.267036+00:00 [queued]>
[2024-09-22T12:35:31.281+0000] {taskinstance.py:2865} INFO - Starting attempt 1 of 2
[2024-09-22T12:35:31.293+0000] {taskinstance.py:2888} INFO - Executing <Task(BashOperator): echo_task> on 2024-09-22 12:35:24.267036+00:00
[2024-09-22T12:35:31.298+0000] {warnings.py:112} WARNING - /home/***/.local/lib/python3.12/site-packages/***/task/task_runner/standard_task_runner.py:70: DeprecationWarning: This process (pid=2611) is multi-threaded, use of fork() may lead to deadlocks in the child.
  pid = os.fork()

[2024-09-22T12:35:31.300+0000] {standard_task_runner.py:72} INFO - Started process 2612 to run task
[2024-09-22T12:35:31.299+0000] {standard_task_runner.py:104} INFO - Running: ['***', 'tasks', 'run', 'etl_dag', 'echo_task', 'manual__2024-09-22T12:35:24.267036+00:00', '--job-id', '794', '--raw', '--subdir', 'DAGS_FOLDER/etl_dag.py', '--cfg-path', '/tmp/tmpqxkvlx5_']
[2024-09-22T12:35:31.302+0000] {standard_task_runner.py:105} INFO - Job 794: Subtask echo_task
[2024-09-22T12:35:31.364+0000] {task_command.py:467} INFO - Running <TaskInstance: etl_dag.echo_task manual__2024-09-22T12:35:24.267036+00:00 [running]> on host 6e2558f7c62d
[2024-09-22T12:35:31.445+0000] {taskinstance.py:3131} INFO - Exporting env vars: AIRFLOW_CTX_DAG_OWNER='***' AIRFLOW_CTX_DAG_ID='etl_dag' AIRFLOW_CTX_TASK_ID='echo_task' AIRFLOW_CTX_EXECUTION_DATE='2024-09-22T12:35:24.267036+00:00' AIRFLOW_CTX_TRY_NUMBER='1' AIRFLOW_CTX_DAG_RUN_ID='manual__2024-09-22T12:35:24.267036+00:00'
[2024-09-22T12:35:31.448+0000] {taskinstance.py:731} INFO - ::endgroup::
[2024-09-22T12:35:31.458+0000] {subprocess.py:63} INFO - Tmp dir root location: /tmp
[2024-09-22T12:35:31.465+0000] {subprocess.py:75} INFO - Running command: ['/usr/bin/bash', '-c', "echo [{'cust_id': 'bCC6CE18A51b45f', 'name': 'Todd Banks II', 'sex': 'Male', 'age': 61, 'address': '706 Debbie Ferry', 'phone': '840-987-8244x8191', 'job': 'Psychiatrist'}, {'cust_id': 'E69d0F519821Cd6', 'name': 'Cheryl Grimes DDS', 'sex': 'Male', 'age': 58, 'address': '7645 Manning Plains', 'phone': '001-672-990-0585x2470', 'job': 'Radio broadcast assistant'}, {'cust_id': 'baEfB3Fcf2cd540', 'name': 'Adrienne Arellano', 'sex': 'Female', 'age': 61, 'address': '570 Manuel Mountain Apt. 968', 'phone': '335-777-8757x15881', 'job': 'Conservation officer, historic buildings'}, {'cust_id': '158c1Bc362Ef0fE', 'name': 'Mr. Daryl Bullock DVM', 'sex': 'Male', 'age': 52, 'address': '9251 Debra Place Apt. 410', 'phone': '+1-222-261-7488x2167', 'job': 'Farm manager'}, {'cust_id': 'bd5dA927C7a8FF8', 'name': 'Sherry Bush', 'sex': 'Female', 'age': 63, 'address': '603 Stanton Flats', 'phone': '+1-694-954-5556', 'job': 'Pathologist'}]"]
[2024-09-22T12:35:31.477+0000] {subprocess.py:86} INFO - Output:
[2024-09-22T12:35:31.483+0000] {subprocess.py:93} INFO - [{cust_id: bCC6CE18A51b45f, name: Todd Banks II, sex: Male, age: 61, address: 706 Debbie Ferry, phone: 840-987-8244x8191, job: Psychiatrist}, {cust_id: E69d0F519821Cd6, name: Cheryl Grimes DDS, sex: Male, age: 58, address: 7645 Manning Plains, phone: 001-672-990-0585x2470, job: Radio broadcast assistant}, {cust_id: baEfB3Fcf2cd540, name: Adrienne Arellano, sex: Female, age: 61, address: 570 Manuel Mountain Apt. 968, phone: 335-777-8757x15881, job: Conservation officer, historic buildings}, {cust_id: 158c1Bc362Ef0fE, name: Mr. Daryl Bullock DVM, sex: Male, age: 52, address: 9251 Debra Place Apt. 410, phone: +1-222-261-7488x2167, job: Farm manager}, {cust_id: bd5dA927C7a8FF8, name: Sherry Bush, sex: Female, age: 63, address: 603 Stanton Flats, phone: +1-694-954-5556, job: Pathologist}]
[2024-09-22T12:35:31.485+0000] {subprocess.py:97} INFO - Command exited with return code 0
[2024-09-22T12:35:31.515+0000] {taskinstance.py:340} INFO - ::group::Post task execution logs
[2024-09-22T12:35:31.516+0000] {taskinstance.py:352} INFO - Marking task as SUCCESS. dag_id=etl_dag, task_id=echo_task, run_id=manual__2024-09-22T12:35:24.267036+00:00, execution_date=20240922T123524, start_date=20240922T123531, end_date=20240922T123531
[2024-09-22T12:35:31.568+0000] {local_task_job_runner.py:266} INFO - Task exited with return code 0
[2024-09-22T12:35:31.593+0000] {taskinstance.py:3900} INFO - 1 downstream tasks scheduled from follow-on schedule check
[2024-09-22T12:35:31.595+0000] {local_task_job_runner.py:245} INFO - ::endgroup::
