[2024-09-22T13:07:04.348+0000] {local_task_job_runner.py:123} INFO - ::group::Pre task execution logs
[2024-09-22T13:07:04.362+0000] {taskinstance.py:2612} INFO - Dependencies all met for dep_context=non-requeueable deps ti=<TaskInstance: etl_dag.load manual__2024-09-22T13:06:59.239419+00:00 [queued]>
[2024-09-22T13:07:04.368+0000] {taskinstance.py:2612} INFO - Dependencies all met for dep_context=requeueable deps ti=<TaskInstance: etl_dag.load manual__2024-09-22T13:06:59.239419+00:00 [queued]>
[2024-09-22T13:07:04.369+0000] {taskinstance.py:2865} INFO - Starting attempt 1 of 2
[2024-09-22T13:07:04.376+0000] {taskinstance.py:2888} INFO - Executing <Task(_PythonDecoratedOperator): load> on 2024-09-22 13:06:59.239419+00:00
[2024-09-22T13:07:04.380+0000] {warnings.py:112} WARNING - /home/***/.local/lib/python3.12/site-packages/***/task/task_runner/standard_task_runner.py:70: DeprecationWarning: This process (pid=3377) is multi-threaded, use of fork() may lead to deadlocks in the child.
  pid = os.fork()

[2024-09-22T13:07:04.382+0000] {standard_task_runner.py:72} INFO - Started process 3378 to run task
[2024-09-22T13:07:04.382+0000] {standard_task_runner.py:104} INFO - Running: ['***', 'tasks', 'run', 'etl_dag', 'load', 'manual__2024-09-22T13:06:59.239419+00:00', '--job-id', '913', '--raw', '--subdir', 'DAGS_FOLDER/etl_dag.py', '--cfg-path', '/tmp/tmpj8pndtz2']
[2024-09-22T13:07:04.383+0000] {standard_task_runner.py:105} INFO - Job 913: Subtask load
[2024-09-22T13:07:04.427+0000] {task_command.py:467} INFO - Running <TaskInstance: etl_dag.load manual__2024-09-22T13:06:59.239419+00:00 [running]> on host 6e2558f7c62d
[2024-09-22T13:07:04.483+0000] {taskinstance.py:3131} INFO - Exporting env vars: AIRFLOW_CTX_DAG_OWNER='***' AIRFLOW_CTX_DAG_ID='etl_dag' AIRFLOW_CTX_TASK_ID='load' AIRFLOW_CTX_EXECUTION_DATE='2024-09-22T13:06:59.239419+00:00' AIRFLOW_CTX_TRY_NUMBER='1' AIRFLOW_CTX_DAG_RUN_ID='manual__2024-09-22T13:06:59.239419+00:00'
[2024-09-22T13:07:04.485+0000] {taskinstance.py:731} INFO - ::endgroup::
[2024-09-22T13:07:04.520+0000] {logging_mixin.py:190} INFO - db ok
[2024-09-22T13:07:04.521+0000] {logging_mixin.py:190} INFO - {'cust_id': 'b1a0bcf2fd3d162', 'name': 'Dr. Bryce Cuevas MD', 'sex': 'Female', 'age': 42, 'address': '4402 Winters Vista Apt. 432', 'phone': '9133385654', 'job': 'Transport planner'}
[2024-09-22T13:07:04.522+0000] {logging_mixin.py:190} INFO - {'cust_id': 'eaeCad4a38c8EFE', 'name': 'Mr. Dale Francis', 'sex': 'Female', 'age': 63, 'address': '1281 Leonard Orchard', 'phone': '597-250-6539x110', 'job': 'Brewing technologist'}
[2024-09-22T13:07:04.531+0000] {python.py:240} INFO - Done. Returned value was: None
[2024-09-22T13:07:04.549+0000] {taskinstance.py:340} INFO - ::group::Post task execution logs
[2024-09-22T13:07:04.550+0000] {taskinstance.py:352} INFO - Marking task as SUCCESS. dag_id=etl_dag, task_id=load, run_id=manual__2024-09-22T13:06:59.239419+00:00, execution_date=20240922T130659, start_date=20240922T130704, end_date=20240922T130704
[2024-09-22T13:07:04.564+0000] {local_task_job_runner.py:266} INFO - Task exited with return code 0
[2024-09-22T13:07:04.584+0000] {taskinstance.py:3900} INFO - 1 downstream tasks scheduled from follow-on schedule check
[2024-09-22T13:07:04.585+0000] {local_task_job_runner.py:245} INFO - ::endgroup::
