[2024-09-22T12:28:09.588+0000] {local_task_job_runner.py:123} INFO - ::group::Pre task execution logs
[2024-09-22T12:28:09.662+0000] {taskinstance.py:2612} INFO - Dependencies all met for dep_context=non-requeueable deps ti=<TaskInstance: etl_dag.load manual__2024-09-22T12:28:01.863208+00:00 [queued]>
[2024-09-22T12:28:09.692+0000] {taskinstance.py:2612} INFO - Dependencies all met for dep_context=requeueable deps ti=<TaskInstance: etl_dag.load manual__2024-09-22T12:28:01.863208+00:00 [queued]>
[2024-09-22T12:28:09.694+0000] {taskinstance.py:2865} INFO - Starting attempt 1 of 2
[2024-09-22T12:28:09.719+0000] {taskinstance.py:2888} INFO - Executing <Task(_PythonDecoratedOperator): load> on 2024-09-22 12:28:01.863208+00:00
[2024-09-22T12:28:09.728+0000] {warnings.py:112} WARNING - /home/***/.local/lib/python3.12/site-packages/***/task/task_runner/standard_task_runner.py:70: DeprecationWarning: This process (pid=2471) is multi-threaded, use of fork() may lead to deadlocks in the child.
  pid = os.fork()

[2024-09-22T12:28:09.731+0000] {standard_task_runner.py:72} INFO - Started process 2472 to run task
[2024-09-22T12:28:09.733+0000] {standard_task_runner.py:104} INFO - Running: ['***', 'tasks', 'run', 'etl_dag', 'load', 'manual__2024-09-22T12:28:01.863208+00:00', '--job-id', '780', '--raw', '--subdir', 'DAGS_FOLDER/etl_dag.py', '--cfg-path', '/tmp/tmp6_2hgf3w']
[2024-09-22T12:28:09.740+0000] {standard_task_runner.py:105} INFO - Job 780: Subtask load
[2024-09-22T12:28:09.829+0000] {task_command.py:467} INFO - Running <TaskInstance: etl_dag.load manual__2024-09-22T12:28:01.863208+00:00 [running]> on host 6e2558f7c62d
[2024-09-22T12:28:09.892+0000] {taskinstance.py:3131} INFO - Exporting env vars: AIRFLOW_CTX_DAG_OWNER='***' AIRFLOW_CTX_DAG_ID='etl_dag' AIRFLOW_CTX_TASK_ID='load' AIRFLOW_CTX_EXECUTION_DATE='2024-09-22T12:28:01.863208+00:00' AIRFLOW_CTX_TRY_NUMBER='1' AIRFLOW_CTX_DAG_RUN_ID='manual__2024-09-22T12:28:01.863208+00:00'
[2024-09-22T12:28:09.894+0000] {taskinstance.py:731} INFO - ::endgroup::
[2024-09-22T12:28:09.941+0000] {logging_mixin.py:190} INFO - db ok
[2024-09-22T12:28:09.942+0000] {logging_mixin.py:190} INFO - {'cust_id': 'f1E56cBd9f7F9Ab', 'name': 'Ashlee Knox DDS', 'sex': 'Female', 'age': 54, 'address': '30329 Baker Club', 'phone': '543.939.6697', 'job': 'Product/process development scientist'}
[2024-09-22T12:28:09.943+0000] {logging_mixin.py:190} INFO - {'cust_id': 'Ac0D53e0ec0ccFa', 'name': 'Caitlyn Gomez PhD', 'sex': 'Female', 'age': 17, 'address': '1778 Aimee Views', 'phone': '001-664-358-0075x2541', 'job': 'Scientist, product/process development'}
[2024-09-22T12:28:09.952+0000] {python.py:240} INFO - Done. Returned value was: None
[2024-09-22T12:28:09.961+0000] {taskinstance.py:340} INFO - ::group::Post task execution logs
[2024-09-22T12:28:09.962+0000] {taskinstance.py:352} INFO - Marking task as SUCCESS. dag_id=etl_dag, task_id=load, run_id=manual__2024-09-22T12:28:01.863208+00:00, execution_date=20240922T122801, start_date=20240922T122809, end_date=20240922T122809
[2024-09-22T12:28:10.008+0000] {local_task_job_runner.py:266} INFO - Task exited with return code 0
[2024-09-22T12:28:10.026+0000] {taskinstance.py:3900} INFO - 0 downstream tasks scheduled from follow-on schedule check
[2024-09-22T12:28:10.028+0000] {local_task_job_runner.py:245} INFO - ::endgroup::
