[2024-09-22T12:52:21.480+0000] {local_task_job_runner.py:123} INFO - ::group::Pre task execution logs
[2024-09-22T12:52:21.509+0000] {taskinstance.py:2612} INFO - Dependencies all met for dep_context=non-requeueable deps ti=<TaskInstance: create_table_dag.create_sum_table manual__2024-09-22T12:52:19.000256+00:00 [queued]>
[2024-09-22T12:52:21.534+0000] {taskinstance.py:2612} INFO - Dependencies all met for dep_context=requeueable deps ti=<TaskInstance: create_table_dag.create_sum_table manual__2024-09-22T12:52:19.000256+00:00 [queued]>
[2024-09-22T12:52:21.539+0000] {taskinstance.py:2865} INFO - Starting attempt 1 of 2
[2024-09-22T12:52:21.569+0000] {taskinstance.py:2888} INFO - Executing <Task(SQLExecuteQueryOperator): create_sum_table> on 2024-09-22 12:52:19.000256+00:00
[2024-09-22T12:52:21.607+0000] {warnings.py:112} WARNING - /home/***/.local/lib/python3.12/site-packages/***/task/task_runner/standard_task_runner.py:70: DeprecationWarning: This process (pid=2914) is multi-threaded, use of fork() may lead to deadlocks in the child.
  pid = os.fork()

[2024-09-22T12:52:21.613+0000] {standard_task_runner.py:72} INFO - Started process 2921 to run task
[2024-09-22T12:52:21.629+0000] {standard_task_runner.py:104} INFO - Running: ['***', 'tasks', 'run', 'create_table_dag', 'create_sum_table', 'manual__2024-09-22T12:52:19.000256+00:00', '--job-id', '826', '--raw', '--subdir', 'DAGS_FOLDER/create_table_dag.py', '--cfg-path', '/tmp/tmp85m7005z']
[2024-09-22T12:52:21.632+0000] {standard_task_runner.py:105} INFO - Job 826: Subtask create_sum_table
[2024-09-22T12:52:21.769+0000] {task_command.py:467} INFO - Running <TaskInstance: create_table_dag.create_sum_table manual__2024-09-22T12:52:19.000256+00:00 [running]> on host 6e2558f7c62d
[2024-09-22T12:52:21.910+0000] {taskinstance.py:3131} INFO - Exporting env vars: AIRFLOW_CTX_DAG_OWNER='***' AIRFLOW_CTX_DAG_ID='create_table_dag' AIRFLOW_CTX_TASK_ID='create_sum_table' AIRFLOW_CTX_EXECUTION_DATE='2024-09-22T12:52:19.000256+00:00' AIRFLOW_CTX_TRY_NUMBER='1' AIRFLOW_CTX_DAG_RUN_ID='manual__2024-09-22T12:52:19.000256+00:00'
[2024-09-22T12:52:21.912+0000] {taskinstance.py:731} INFO - ::endgroup::
[2024-09-22T12:52:21.915+0000] {sql.py:266} INFO - Executing: drop table if exists SUM;

create table SUM (
    cust_id varchar PRIMARY KEY,
    count decimal,
    sum numeric(2)
);
[2024-09-22T12:52:21.928+0000] {base.py:84} INFO - Retrieving connection 'postgres_localhost'
[2024-09-22T12:52:21.953+0000] {base.py:84} INFO - Retrieving connection 'postgres_localhost'
[2024-09-22T12:52:21.960+0000] {sql.py:509} INFO - Running statement: drop table if exists SUM;

create table SUM (
    cust_id varchar PRIMARY KEY,
    count decimal,
    sum numeric(2)
);, parameters: None
[2024-09-22T12:52:21.979+0000] {taskinstance.py:340} INFO - ::group::Post task execution logs
[2024-09-22T12:52:21.980+0000] {taskinstance.py:352} INFO - Marking task as SUCCESS. dag_id=create_table_dag, task_id=create_sum_table, run_id=manual__2024-09-22T12:52:19.000256+00:00, execution_date=20240922T125219, start_date=20240922T125221, end_date=20240922T125221
[2024-09-22T12:52:22.015+0000] {local_task_job_runner.py:266} INFO - Task exited with return code 0
[2024-09-22T12:52:22.037+0000] {taskinstance.py:3900} INFO - 1 downstream tasks scheduled from follow-on schedule check
[2024-09-22T12:52:22.039+0000] {local_task_job_runner.py:245} INFO - ::endgroup::
