[2024-09-22T13:05:54.518+0000] {local_task_job_runner.py:123} INFO - ::group::Pre task execution logs
[2024-09-22T13:05:54.537+0000] {taskinstance.py:2612} INFO - Dependencies all met for dep_context=non-requeueable deps ti=<TaskInstance: etl_dag.load manual__2024-09-22T13:05:49.831361+00:00 [queued]>
[2024-09-22T13:05:54.544+0000] {taskinstance.py:2612} INFO - Dependencies all met for dep_context=requeueable deps ti=<TaskInstance: etl_dag.load manual__2024-09-22T13:05:49.831361+00:00 [queued]>
[2024-09-22T13:05:54.544+0000] {taskinstance.py:2865} INFO - Starting attempt 1 of 2
[2024-09-22T13:05:54.554+0000] {taskinstance.py:2888} INFO - Executing <Task(_PythonDecoratedOperator): load> on 2024-09-22 13:05:49.831361+00:00
[2024-09-22T13:05:54.558+0000] {warnings.py:112} WARNING - /home/***/.local/lib/python3.12/site-packages/***/task/task_runner/standard_task_runner.py:70: DeprecationWarning: This process (pid=3328) is multi-threaded, use of fork() may lead to deadlocks in the child.
  pid = os.fork()

[2024-09-22T13:05:54.560+0000] {standard_task_runner.py:72} INFO - Started process 3329 to run task
[2024-09-22T13:05:54.561+0000] {standard_task_runner.py:104} INFO - Running: ['***', 'tasks', 'run', 'etl_dag', 'load', 'manual__2024-09-22T13:05:49.831361+00:00', '--job-id', '902', '--raw', '--subdir', 'DAGS_FOLDER/etl_dag.py', '--cfg-path', '/tmp/tmpgypc18q6']
[2024-09-22T13:05:54.562+0000] {standard_task_runner.py:105} INFO - Job 902: Subtask load
[2024-09-22T13:05:54.606+0000] {task_command.py:467} INFO - Running <TaskInstance: etl_dag.load manual__2024-09-22T13:05:49.831361+00:00 [running]> on host 6e2558f7c62d
[2024-09-22T13:05:54.660+0000] {taskinstance.py:3131} INFO - Exporting env vars: AIRFLOW_CTX_DAG_OWNER='***' AIRFLOW_CTX_DAG_ID='etl_dag' AIRFLOW_CTX_TASK_ID='load' AIRFLOW_CTX_EXECUTION_DATE='2024-09-22T13:05:49.831361+00:00' AIRFLOW_CTX_TRY_NUMBER='1' AIRFLOW_CTX_DAG_RUN_ID='manual__2024-09-22T13:05:49.831361+00:00'
[2024-09-22T13:05:54.662+0000] {taskinstance.py:731} INFO - ::endgroup::
[2024-09-22T13:05:54.692+0000] {logging_mixin.py:190} INFO - db ok
[2024-09-22T13:05:54.692+0000] {logging_mixin.py:190} INFO - {'cust_id': 'c466fE139AD94e6', 'name': 'Randall Rush', 'sex': 'Female', 'age': 17, 'address': '73191 Yoder Plaza Suite 093', 'phone': '4897252920', 'job': 'Engineer, communications'}
[2024-09-22T13:05:54.694+0000] {logging_mixin.py:190} INFO - {'cust_id': '0e424038Ec0bA1d', 'name': 'Dr. Troy Brock', 'sex': 'Female', 'age': 22, 'address': '2616 Joyce Estate', 'phone': '(800)588-5578', 'job': 'Conference centre manager'}
[2024-09-22T13:05:54.705+0000] {python.py:240} INFO - Done. Returned value was: None
[2024-09-22T13:05:54.715+0000] {taskinstance.py:340} INFO - ::group::Post task execution logs
[2024-09-22T13:05:54.721+0000] {taskinstance.py:352} INFO - Marking task as SUCCESS. dag_id=etl_dag, task_id=load, run_id=manual__2024-09-22T13:05:49.831361+00:00, execution_date=20240922T130549, start_date=20240922T130554, end_date=20240922T130554
[2024-09-22T13:05:54.784+0000] {local_task_job_runner.py:266} INFO - Task exited with return code 0
[2024-09-22T13:05:54.809+0000] {taskinstance.py:3900} INFO - 1 downstream tasks scheduled from follow-on schedule check
[2024-09-22T13:05:54.811+0000] {local_task_job_runner.py:245} INFO - ::endgroup::
