[2024-09-22T12:52:55.458+0000] {local_task_job_runner.py:123} INFO - ::group::Pre task execution logs
[2024-09-22T12:52:55.472+0000] {taskinstance.py:2612} INFO - Dependencies all met for dep_context=non-requeueable deps ti=<TaskInstance: etl_dag.load manual__2024-09-22T12:52:50.598091+00:00 [queued]>
[2024-09-22T12:52:55.480+0000] {taskinstance.py:2612} INFO - Dependencies all met for dep_context=requeueable deps ti=<TaskInstance: etl_dag.load manual__2024-09-22T12:52:50.598091+00:00 [queued]>
[2024-09-22T12:52:55.481+0000] {taskinstance.py:2865} INFO - Starting attempt 1 of 2
[2024-09-22T12:52:55.490+0000] {taskinstance.py:2888} INFO - Executing <Task(_PythonDecoratedOperator): load> on 2024-09-22 12:52:50.598091+00:00
[2024-09-22T12:52:55.493+0000] {warnings.py:112} WARNING - /home/***/.local/lib/python3.12/site-packages/***/task/task_runner/standard_task_runner.py:70: DeprecationWarning: This process (pid=2961) is multi-threaded, use of fork() may lead to deadlocks in the child.
  pid = os.fork()

[2024-09-22T12:52:55.494+0000] {standard_task_runner.py:72} INFO - Started process 2962 to run task
[2024-09-22T12:52:55.495+0000] {standard_task_runner.py:104} INFO - Running: ['***', 'tasks', 'run', 'etl_dag', 'load', 'manual__2024-09-22T12:52:50.598091+00:00', '--job-id', '837', '--raw', '--subdir', 'DAGS_FOLDER/etl_dag.py', '--cfg-path', '/tmp/tmpdw8cyy_3']
[2024-09-22T12:52:55.496+0000] {standard_task_runner.py:105} INFO - Job 837: Subtask load
[2024-09-22T12:52:55.535+0000] {task_command.py:467} INFO - Running <TaskInstance: etl_dag.load manual__2024-09-22T12:52:50.598091+00:00 [running]> on host 6e2558f7c62d
[2024-09-22T12:52:55.593+0000] {taskinstance.py:3131} INFO - Exporting env vars: AIRFLOW_CTX_DAG_OWNER='***' AIRFLOW_CTX_DAG_ID='etl_dag' AIRFLOW_CTX_TASK_ID='load' AIRFLOW_CTX_EXECUTION_DATE='2024-09-22T12:52:50.598091+00:00' AIRFLOW_CTX_TRY_NUMBER='1' AIRFLOW_CTX_DAG_RUN_ID='manual__2024-09-22T12:52:50.598091+00:00'
[2024-09-22T12:52:55.595+0000] {taskinstance.py:731} INFO - ::endgroup::
[2024-09-22T12:52:55.623+0000] {logging_mixin.py:190} INFO - db ok
[2024-09-22T12:52:55.624+0000] {logging_mixin.py:190} INFO - {'cust_id': '7F134BcC9aC3626', 'name': 'Gregory Hays DVM', 'sex': 'Male', 'age': 13, 'address': '3779 Coffey River Apt. 804', 'phone': '(475)397-3709x93428', 'job': 'Television floor manager'}
[2024-09-22T12:52:55.625+0000] {logging_mixin.py:190} INFO - {'cust_id': 'E4fC1B2EeDccD3f', 'name': 'Mr. Francis Wise PhD', 'sex': 'Male', 'age': 65, 'address': '3051 Phillip Harbor Apt. 548', 'phone': '2248878183', 'job': 'Research officer, government'}
[2024-09-22T12:52:55.638+0000] {python.py:240} INFO - Done. Returned value was: None
[2024-09-22T12:52:55.648+0000] {taskinstance.py:340} INFO - ::group::Post task execution logs
[2024-09-22T12:52:55.649+0000] {taskinstance.py:352} INFO - Marking task as SUCCESS. dag_id=etl_dag, task_id=load, run_id=manual__2024-09-22T12:52:50.598091+00:00, execution_date=20240922T125250, start_date=20240922T125255, end_date=20240922T125255
[2024-09-22T12:52:55.677+0000] {local_task_job_runner.py:266} INFO - Task exited with return code 0
[2024-09-22T12:52:55.698+0000] {taskinstance.py:3900} INFO - 1 downstream tasks scheduled from follow-on schedule check
[2024-09-22T12:52:55.700+0000] {local_task_job_runner.py:245} INFO - ::endgroup::
