[2024-09-21T18:23:08.957+0000] {local_task_job_runner.py:123} INFO - ::group::Pre task execution logs
[2024-09-21T18:23:09.247+0000] {taskinstance.py:2612} INFO - Dependencies all met for dep_context=non-requeueable deps ti=<TaskInstance: create_table_dag.echo_task scheduled__2024-09-20T00:00:00+00:00 [queued]>
[2024-09-21T18:23:09.354+0000] {taskinstance.py:2612} INFO - Dependencies all met for dep_context=requeueable deps ti=<TaskInstance: create_table_dag.echo_task scheduled__2024-09-20T00:00:00+00:00 [queued]>
[2024-09-21T18:23:09.363+0000] {taskinstance.py:2865} INFO - Starting attempt 3 of 4
[2024-09-21T18:23:09.663+0000] {taskinstance.py:2888} INFO - Executing <Task(BashOperator): echo_task> on 2024-09-20 00:00:00+00:00
[2024-09-21T18:23:09.697+0000] {warnings.py:112} WARNING - /home/***/.local/lib/python3.12/site-packages/***/task/task_runner/standard_task_runner.py:70: DeprecationWarning: This process (pid=297) is multi-threaded, use of fork() may lead to deadlocks in the child.
  pid = os.fork()

[2024-09-21T18:23:09.707+0000] {standard_task_runner.py:72} INFO - Started process 318 to run task
[2024-09-21T18:23:09.711+0000] {standard_task_runner.py:104} INFO - Running: ['***', 'tasks', 'run', 'create_table_dag', 'echo_task', 'scheduled__2024-09-20T00:00:00+00:00', '--job-id', '220', '--raw', '--subdir', 'DAGS_FOLDER/create_table_dag.py', '--cfg-path', '/tmp/tmphg2wsvnm']
[2024-09-21T18:23:09.721+0000] {standard_task_runner.py:105} INFO - Job 220: Subtask echo_task
[2024-09-21T18:23:10.355+0000] {task_command.py:467} INFO - Running <TaskInstance: create_table_dag.echo_task scheduled__2024-09-20T00:00:00+00:00 [running]> on host 6e2558f7c62d
[2024-09-21T18:23:11.079+0000] {taskinstance.py:3131} INFO - Exporting env vars: AIRFLOW_CTX_DAG_OWNER='***' AIRFLOW_CTX_DAG_ID='create_table_dag' AIRFLOW_CTX_TASK_ID='echo_task' AIRFLOW_CTX_EXECUTION_DATE='2024-09-20T00:00:00+00:00' AIRFLOW_CTX_TRY_NUMBER='3' AIRFLOW_CTX_DAG_RUN_ID='scheduled__2024-09-20T00:00:00+00:00'
[2024-09-21T18:23:11.087+0000] {taskinstance.py:731} INFO - ::endgroup::
[2024-09-21T18:23:11.094+0000] {subprocess.py:63} INFO - Tmp dir root location: /tmp
[2024-09-21T18:23:11.097+0000] {subprocess.py:75} INFO - Running command: ['/usr/bin/bash', '-c', 'echo created table successfully']
[2024-09-21T18:23:11.125+0000] {subprocess.py:86} INFO - Output:
[2024-09-21T18:23:11.134+0000] {subprocess.py:93} INFO - created table successfully
[2024-09-21T18:23:11.143+0000] {subprocess.py:97} INFO - Command exited with return code 0
[2024-09-21T18:23:11.286+0000] {taskinstance.py:340} INFO - ::group::Post task execution logs
[2024-09-21T18:23:11.289+0000] {taskinstance.py:352} INFO - Marking task as SUCCESS. dag_id=create_table_dag, task_id=echo_task, run_id=scheduled__2024-09-20T00:00:00+00:00, execution_date=20240920T000000, start_date=20240921T182309, end_date=20240921T182311
[2024-09-21T18:23:11.411+0000] {local_task_job_runner.py:266} INFO - Task exited with return code 0
[2024-09-21T18:23:11.530+0000] {taskinstance.py:3900} INFO - 0 downstream tasks scheduled from follow-on schedule check
[2024-09-21T18:23:11.538+0000] {local_task_job_runner.py:245} INFO - ::endgroup::
