[2024-09-21T13:08:47.344+0000] {local_task_job_runner.py:123} INFO - ::group::Pre task execution logs
[2024-09-21T13:08:47.361+0000] {taskinstance.py:2612} INFO - Dependencies all met for dep_context=non-requeueable deps ti=<TaskInstance: create_table_dag.echo_task scheduled__2024-09-20T00:00:00+00:00 [queued]>
[2024-09-21T13:08:47.370+0000] {taskinstance.py:2612} INFO - Dependencies all met for dep_context=requeueable deps ti=<TaskInstance: create_table_dag.echo_task scheduled__2024-09-20T00:00:00+00:00 [queued]>
[2024-09-21T13:08:47.371+0000] {taskinstance.py:2865} INFO - Starting attempt 1 of 2
[2024-09-21T13:08:47.381+0000] {taskinstance.py:2888} INFO - Executing <Task(BashOperator): echo_task> on 2024-09-20 00:00:00+00:00
[2024-09-21T13:08:47.391+0000] {warnings.py:112} WARNING - /home/***/.local/lib/python3.12/site-packages/***/task/task_runner/standard_task_runner.py:70: DeprecationWarning: This process (pid=122) is multi-threaded, use of fork() may lead to deadlocks in the child.
  pid = os.fork()

[2024-09-21T13:08:47.393+0000] {standard_task_runner.py:72} INFO - Started process 125 to run task
[2024-09-21T13:08:47.396+0000] {standard_task_runner.py:104} INFO - Running: ['***', 'tasks', 'run', 'create_table_dag', 'echo_task', 'scheduled__2024-09-20T00:00:00+00:00', '--job-id', '156', '--raw', '--subdir', 'DAGS_FOLDER/create_table_dag.py', '--cfg-path', '/tmp/tmp0qcsyg6p']
[2024-09-21T13:08:47.398+0000] {standard_task_runner.py:105} INFO - Job 156: Subtask echo_task
[2024-09-21T13:08:47.457+0000] {task_command.py:467} INFO - Running <TaskInstance: create_table_dag.echo_task scheduled__2024-09-20T00:00:00+00:00 [running]> on host 3bdb6061b78c
[2024-09-21T13:08:47.518+0000] {taskinstance.py:3131} INFO - Exporting env vars: AIRFLOW_CTX_DAG_OWNER='***' AIRFLOW_CTX_DAG_ID='create_table_dag' AIRFLOW_CTX_TASK_ID='echo_task' AIRFLOW_CTX_EXECUTION_DATE='2024-09-20T00:00:00+00:00' AIRFLOW_CTX_TRY_NUMBER='1' AIRFLOW_CTX_DAG_RUN_ID='scheduled__2024-09-20T00:00:00+00:00'
[2024-09-21T13:08:47.520+0000] {taskinstance.py:731} INFO - ::endgroup::
[2024-09-21T13:08:47.522+0000] {subprocess.py:63} INFO - Tmp dir root location: /tmp
[2024-09-21T13:08:47.523+0000] {subprocess.py:75} INFO - Running command: ['/usr/bin/bash', '-c', 'echo created table successfully']
[2024-09-21T13:08:47.529+0000] {subprocess.py:86} INFO - Output:
[2024-09-21T13:08:47.530+0000] {subprocess.py:93} INFO - created table successfully
[2024-09-21T13:08:47.531+0000] {subprocess.py:97} INFO - Command exited with return code 0
[2024-09-21T13:08:47.554+0000] {taskinstance.py:340} INFO - ::group::Post task execution logs
[2024-09-21T13:08:47.555+0000] {taskinstance.py:352} INFO - Marking task as SUCCESS. dag_id=create_table_dag, task_id=echo_task, run_id=scheduled__2024-09-20T00:00:00+00:00, execution_date=20240920T000000, start_date=20240921T130847, end_date=20240921T130847
[2024-09-21T13:08:47.577+0000] {local_task_job_runner.py:266} INFO - Task exited with return code 0
[2024-09-21T13:08:47.594+0000] {taskinstance.py:3900} INFO - 0 downstream tasks scheduled from follow-on schedule check
[2024-09-21T13:08:47.595+0000] {local_task_job_runner.py:245} INFO - ::endgroup::
