[2024-09-22T12:40:31.238+0000] {local_task_job_runner.py:123} INFO - ::group::Pre task execution logs
[2024-09-22T12:40:31.260+0000] {taskinstance.py:2612} INFO - Dependencies all met for dep_context=non-requeueable deps ti=<TaskInstance: etl_dag.load manual__2024-09-22T12:40:24.083801+00:00 [queued]>
[2024-09-22T12:40:31.271+0000] {taskinstance.py:2612} INFO - Dependencies all met for dep_context=requeueable deps ti=<TaskInstance: etl_dag.load manual__2024-09-22T12:40:24.083801+00:00 [queued]>
[2024-09-22T12:40:31.272+0000] {taskinstance.py:2865} INFO - Starting attempt 1 of 2
[2024-09-22T12:40:31.283+0000] {taskinstance.py:2888} INFO - Executing <Task(_PythonDecoratedOperator): load> on 2024-09-22 12:40:24.083801+00:00
[2024-09-22T12:40:31.289+0000] {standard_task_runner.py:104} INFO - Running: ['***', 'tasks', 'run', 'etl_dag', 'load', 'manual__2024-09-22T12:40:24.083801+00:00', '--job-id', '806', '--raw', '--subdir', 'DAGS_FOLDER/etl_dag.py', '--cfg-path', '/tmp/tmpwe3iq12u']
[2024-09-22T12:40:31.288+0000] {warnings.py:112} WARNING - /home/***/.local/lib/python3.12/site-packages/***/task/task_runner/standard_task_runner.py:70: DeprecationWarning: This process (pid=2710) is multi-threaded, use of fork() may lead to deadlocks in the child.
  pid = os.fork()

[2024-09-22T12:40:31.291+0000] {standard_task_runner.py:72} INFO - Started process 2712 to run task
[2024-09-22T12:40:31.291+0000] {standard_task_runner.py:105} INFO - Job 806: Subtask load
[2024-09-22T12:40:31.334+0000] {task_command.py:467} INFO - Running <TaskInstance: etl_dag.load manual__2024-09-22T12:40:24.083801+00:00 [running]> on host 6e2558f7c62d
[2024-09-22T12:40:31.400+0000] {taskinstance.py:3131} INFO - Exporting env vars: AIRFLOW_CTX_DAG_OWNER='***' AIRFLOW_CTX_DAG_ID='etl_dag' AIRFLOW_CTX_TASK_ID='load' AIRFLOW_CTX_EXECUTION_DATE='2024-09-22T12:40:24.083801+00:00' AIRFLOW_CTX_TRY_NUMBER='1' AIRFLOW_CTX_DAG_RUN_ID='manual__2024-09-22T12:40:24.083801+00:00'
[2024-09-22T12:40:31.402+0000] {taskinstance.py:731} INFO - ::endgroup::
[2024-09-22T12:40:31.435+0000] {logging_mixin.py:190} INFO - db ok
[2024-09-22T12:40:31.436+0000] {logging_mixin.py:190} INFO - {'cust_id': '3a4BEEB98B4d4EA', 'name': 'Patty Henderson DDS', 'sex': 'Female', 'age': 65, 'address': '678 Marissa Grove', 'phone': '788.422.6491x9738', 'job': 'Chief Operating Officer'}
[2024-09-22T12:40:31.436+0000] {logging_mixin.py:190} INFO - {'cust_id': 'D0a22Cb7fAb6a7b', 'name': 'Toni Sanchez MD', 'sex': 'Male', 'age': 36, 'address': '97481 Hodges Corner', 'phone': '655-300-1273', 'job': 'Food technologist'}
[2024-09-22T12:40:31.444+0000] {python.py:240} INFO - Done. Returned value was: None
[2024-09-22T12:40:31.452+0000] {taskinstance.py:340} INFO - ::group::Post task execution logs
[2024-09-22T12:40:31.453+0000] {taskinstance.py:352} INFO - Marking task as SUCCESS. dag_id=etl_dag, task_id=load, run_id=manual__2024-09-22T12:40:24.083801+00:00, execution_date=20240922T124024, start_date=20240922T124031, end_date=20240922T124031
[2024-09-22T12:40:31.474+0000] {local_task_job_runner.py:266} INFO - Task exited with return code 0
[2024-09-22T12:40:31.527+0000] {taskinstance.py:3900} INFO - 0 downstream tasks scheduled from follow-on schedule check
[2024-09-22T12:40:31.542+0000] {local_task_job_runner.py:245} INFO - ::endgroup::
