[2024-09-22T12:07:51.245+0000] {local_task_job_runner.py:123} INFO - ::group::Pre task execution logs
[2024-09-22T12:07:51.261+0000] {taskinstance.py:2612} INFO - Dependencies all met for dep_context=non-requeueable deps ti=<TaskInstance: etl_dag.load manual__2024-09-22T12:07:43.664275+00:00 [queued]>
[2024-09-22T12:07:51.268+0000] {taskinstance.py:2612} INFO - Dependencies all met for dep_context=requeueable deps ti=<TaskInstance: etl_dag.load manual__2024-09-22T12:07:43.664275+00:00 [queued]>
[2024-09-22T12:07:51.269+0000] {taskinstance.py:2865} INFO - Starting attempt 1 of 2
[2024-09-22T12:07:51.292+0000] {taskinstance.py:2888} INFO - Executing <Task(_PythonDecoratedOperator): load> on 2024-09-22 12:07:43.664275+00:00
[2024-09-22T12:07:51.305+0000] {warnings.py:112} WARNING - /home/***/.local/lib/python3.12/site-packages/***/task/task_runner/standard_task_runner.py:70: DeprecationWarning: This process (pid=1951) is multi-threaded, use of fork() may lead to deadlocks in the child.
  pid = os.fork()

[2024-09-22T12:07:51.311+0000] {standard_task_runner.py:104} INFO - Running: ['***', 'tasks', 'run', 'etl_dag', 'load', 'manual__2024-09-22T12:07:43.664275+00:00', '--job-id', '698', '--raw', '--subdir', 'DAGS_FOLDER/etl_dag.py', '--cfg-path', '/tmp/tmp_ph4wogs']
[2024-09-22T12:07:51.314+0000] {standard_task_runner.py:72} INFO - Started process 1952 to run task
[2024-09-22T12:07:51.316+0000] {standard_task_runner.py:105} INFO - Job 698: Subtask load
[2024-09-22T12:07:51.560+0000] {task_command.py:467} INFO - Running <TaskInstance: etl_dag.load manual__2024-09-22T12:07:43.664275+00:00 [running]> on host 6e2558f7c62d
[2024-09-22T12:07:51.624+0000] {taskinstance.py:3131} INFO - Exporting env vars: AIRFLOW_CTX_DAG_OWNER='***' AIRFLOW_CTX_DAG_ID='etl_dag' AIRFLOW_CTX_TASK_ID='load' AIRFLOW_CTX_EXECUTION_DATE='2024-09-22T12:07:43.664275+00:00' AIRFLOW_CTX_TRY_NUMBER='1' AIRFLOW_CTX_DAG_RUN_ID='manual__2024-09-22T12:07:43.664275+00:00'
[2024-09-22T12:07:51.626+0000] {taskinstance.py:731} INFO - ::endgroup::
[2024-09-22T12:15:54.051+0000] {local_task_job_runner.py:346} WARNING - State of this instance has been externally set to restarting. Terminating instance.
[2024-09-22T12:15:54.061+0000] {local_task_job_runner.py:245} INFO - ::endgroup::
[2024-09-22T12:15:54.069+0000] {process_utils.py:132} INFO - Sending 15 to group 1952. PIDs of all processes in the group: [1952]
[2024-09-22T12:15:54.073+0000] {process_utils.py:87} INFO - Sending the signal 15 to group 1952
[2024-09-22T12:16:54.100+0000] {process_utils.py:150} WARNING - process psutil.Process(pid=1952, name='airflow task ru', status='sleeping', started='12:07:51') did not respond to SIGTERM. Trying SIGKILL
[2024-09-22T12:16:54.146+0000] {process_utils.py:87} INFO - Sending the signal 9 to group 1952
[2024-09-22T12:16:54.194+0000] {process_utils.py:80} INFO - Process psutil.Process(pid=1952, name='airflow task ru', status='terminated', exitcode=<Negsignal.SIGKILL: -9>, started='12:07:51') (1952) terminated with exit code -9
[2024-09-22T12:16:54.203+0000] {standard_task_runner.py:190} ERROR - ('Job 698 was killed before it finished (likely due to running out of memory)', 'For more information, see https://***.apache.org/docs/apache-***/stable/troubleshooting.html#LocalTaskJob-killed')
