[2024-09-22T11:45:29.715+0000] {local_task_job_runner.py:123} INFO - ::group::Pre task execution logs
[2024-09-22T11:45:29.727+0000] {taskinstance.py:2612} INFO - Dependencies all met for dep_context=non-requeueable deps ti=<TaskInstance: etl_dag.echo_task manual__2024-09-22T11:45:20.333013+00:00 [queued]>
[2024-09-22T11:45:29.734+0000] {taskinstance.py:2612} INFO - Dependencies all met for dep_context=requeueable deps ti=<TaskInstance: etl_dag.echo_task manual__2024-09-22T11:45:20.333013+00:00 [queued]>
[2024-09-22T11:45:29.735+0000] {taskinstance.py:2865} INFO - Starting attempt 1 of 2
[2024-09-22T11:45:29.743+0000] {taskinstance.py:2888} INFO - Executing <Task(BashOperator): echo_task> on 2024-09-22 11:45:20.333013+00:00
[2024-09-22T11:45:29.747+0000] {warnings.py:112} WARNING - /home/***/.local/lib/python3.12/site-packages/***/task/task_runner/standard_task_runner.py:70: DeprecationWarning: This process (pid=1380) is multi-threaded, use of fork() may lead to deadlocks in the child.
  pid = os.fork()

[2024-09-22T11:45:29.748+0000] {standard_task_runner.py:72} INFO - Started process 1381 to run task
[2024-09-22T11:45:29.748+0000] {standard_task_runner.py:104} INFO - Running: ['***', 'tasks', 'run', 'etl_dag', 'echo_task', 'manual__2024-09-22T11:45:20.333013+00:00', '--job-id', '604', '--raw', '--subdir', 'DAGS_FOLDER/etl_dag.py', '--cfg-path', '/tmp/tmpccit_kz2']
[2024-09-22T11:45:29.750+0000] {standard_task_runner.py:105} INFO - Job 604: Subtask echo_task
[2024-09-22T11:45:29.793+0000] {task_command.py:467} INFO - Running <TaskInstance: etl_dag.echo_task manual__2024-09-22T11:45:20.333013+00:00 [running]> on host 6e2558f7c62d
[2024-09-22T11:45:30.028+0000] {taskinstance.py:3131} INFO - Exporting env vars: AIRFLOW_CTX_DAG_OWNER='***' AIRFLOW_CTX_DAG_ID='etl_dag' AIRFLOW_CTX_TASK_ID='echo_task' AIRFLOW_CTX_EXECUTION_DATE='2024-09-22T11:45:20.333013+00:00' AIRFLOW_CTX_TRY_NUMBER='1' AIRFLOW_CTX_DAG_RUN_ID='manual__2024-09-22T11:45:20.333013+00:00'
[2024-09-22T11:45:30.032+0000] {taskinstance.py:731} INFO - ::endgroup::
[2024-09-22T11:45:30.037+0000] {subprocess.py:63} INFO - Tmp dir root location: /tmp
[2024-09-22T11:45:30.041+0000] {subprocess.py:75} INFO - Running command: ['/usr/bin/bash', '-c', "echo [{'cust_id': '2350FB0Cb0caFCF', 'name': 'Kristin Medina', 'sex': 'Female', 'age': 56, 'address': '4611 Mcdaniel Union Suite 364', 'phone': '+1-948-871-0724x743', 'job': 'Civil engineer, consulting'}, {'cust_id': 'c5475a282Cbb0b9', 'name': 'Ms. Alyssa Walker', 'sex': 'Male', 'age': 54, 'address': '26264 Jonathan Estates Suite 895', 'phone': '001-620-573-3578', 'job': 'Chiropodist'}, {'cust_id': '489cB12fc00B3Ad', 'name': 'Dr. Barbara Gomez DVM', 'sex': 'Male', 'age': 47, 'address': '42644 Derrick Ridges', 'phone': '(807)600-8137x303', 'job': 'Surveyor, building'}, {'cust_id': '8e58c84e203eAef', 'name': 'Traci Fitzpatrick', 'sex': 'Female', 'age': 51, 'address': '3351 Jones Brooks', 'phone': '001-658-268-2367x099', 'job': 'Arts administrator'}, {'cust_id': 'dDB8c403fe3c44d', 'name': 'Jeremy Stewart', 'sex': 'Female', 'age': 45, 'address': '322 Veronica Pass', 'phone': '685.525.3708', 'job': 'Information systems manager'}]"]
[2024-09-22T11:45:30.072+0000] {subprocess.py:86} INFO - Output:
[2024-09-22T11:45:30.092+0000] {subprocess.py:93} INFO - [{cust_id: 2350FB0Cb0caFCF, name: Kristin Medina, sex: Female, age: 56, address: 4611 Mcdaniel Union Suite 364, phone: +1-948-871-0724x743, job: Civil engineer, consulting}, {cust_id: c5475a282Cbb0b9, name: Ms. Alyssa Walker, sex: Male, age: 54, address: 26264 Jonathan Estates Suite 895, phone: 001-620-573-3578, job: Chiropodist}, {cust_id: 489cB12fc00B3Ad, name: Dr. Barbara Gomez DVM, sex: Male, age: 47, address: 42644 Derrick Ridges, phone: (807)600-8137x303, job: Surveyor, building}, {cust_id: 8e58c84e203eAef, name: Traci Fitzpatrick, sex: Female, age: 51, address: 3351 Jones Brooks, phone: 001-658-268-2367x099, job: Arts administrator}, {cust_id: dDB8c403fe3c44d, name: Jeremy Stewart, sex: Female, age: 45, address: 322 Veronica Pass, phone: 685.525.3708, job: Information systems manager}]
[2024-09-22T11:45:30.096+0000] {subprocess.py:97} INFO - Command exited with return code 0
[2024-09-22T11:45:30.135+0000] {taskinstance.py:340} INFO - ::group::Post task execution logs
[2024-09-22T11:45:30.136+0000] {taskinstance.py:352} INFO - Marking task as SUCCESS. dag_id=etl_dag, task_id=echo_task, run_id=manual__2024-09-22T11:45:20.333013+00:00, execution_date=20240922T114520, start_date=20240922T114529, end_date=20240922T114530
[2024-09-22T11:45:30.178+0000] {local_task_job_runner.py:266} INFO - Task exited with return code 0
[2024-09-22T11:45:30.209+0000] {taskinstance.py:3900} INFO - 1 downstream tasks scheduled from follow-on schedule check
[2024-09-22T11:45:30.211+0000] {local_task_job_runner.py:245} INFO - ::endgroup::
