[2024-09-22T12:52:56.459+0000] {local_task_job_runner.py:123} INFO - ::group::Pre task execution logs
[2024-09-22T12:52:56.472+0000] {taskinstance.py:2612} INFO - Dependencies all met for dep_context=non-requeueable deps ti=<TaskInstance: etl_dag.echo_task manual__2024-09-22T12:52:50.598091+00:00 [queued]>
[2024-09-22T12:52:56.484+0000] {taskinstance.py:2612} INFO - Dependencies all met for dep_context=requeueable deps ti=<TaskInstance: etl_dag.echo_task manual__2024-09-22T12:52:50.598091+00:00 [queued]>
[2024-09-22T12:52:56.486+0000] {taskinstance.py:2865} INFO - Starting attempt 1 of 2
[2024-09-22T12:52:56.499+0000] {taskinstance.py:2888} INFO - Executing <Task(BashOperator): echo_task> on 2024-09-22 12:52:50.598091+00:00
[2024-09-22T12:52:56.503+0000] {warnings.py:112} WARNING - /home/***/.local/lib/python3.12/site-packages/***/task/task_runner/standard_task_runner.py:70: DeprecationWarning: This process (pid=2964) is multi-threaded, use of fork() may lead to deadlocks in the child.
  pid = os.fork()

[2024-09-22T12:52:56.505+0000] {standard_task_runner.py:72} INFO - Started process 2965 to run task
[2024-09-22T12:52:56.505+0000] {standard_task_runner.py:104} INFO - Running: ['***', 'tasks', 'run', 'etl_dag', 'echo_task', 'manual__2024-09-22T12:52:50.598091+00:00', '--job-id', '838', '--raw', '--subdir', 'DAGS_FOLDER/etl_dag.py', '--cfg-path', '/tmp/tmpuc42_otj']
[2024-09-22T12:52:56.508+0000] {standard_task_runner.py:105} INFO - Job 838: Subtask echo_task
[2024-09-22T12:52:56.554+0000] {task_command.py:467} INFO - Running <TaskInstance: etl_dag.echo_task manual__2024-09-22T12:52:50.598091+00:00 [running]> on host 6e2558f7c62d
[2024-09-22T12:52:56.613+0000] {taskinstance.py:3131} INFO - Exporting env vars: AIRFLOW_CTX_DAG_OWNER='***' AIRFLOW_CTX_DAG_ID='etl_dag' AIRFLOW_CTX_TASK_ID='echo_task' AIRFLOW_CTX_EXECUTION_DATE='2024-09-22T12:52:50.598091+00:00' AIRFLOW_CTX_TRY_NUMBER='1' AIRFLOW_CTX_DAG_RUN_ID='manual__2024-09-22T12:52:50.598091+00:00'
[2024-09-22T12:52:56.614+0000] {taskinstance.py:731} INFO - ::endgroup::
[2024-09-22T12:52:56.617+0000] {subprocess.py:63} INFO - Tmp dir root location: /tmp
[2024-09-22T12:52:56.618+0000] {subprocess.py:75} INFO - Running command: ['/usr/bin/bash', '-c', 'echo Successfully']
[2024-09-22T12:52:56.624+0000] {subprocess.py:86} INFO - Output:
[2024-09-22T12:52:56.626+0000] {subprocess.py:93} INFO - Successfully
[2024-09-22T12:52:56.627+0000] {subprocess.py:97} INFO - Command exited with return code 0
[2024-09-22T12:52:56.655+0000] {taskinstance.py:340} INFO - ::group::Post task execution logs
[2024-09-22T12:52:56.656+0000] {taskinstance.py:352} INFO - Marking task as SUCCESS. dag_id=etl_dag, task_id=echo_task, run_id=manual__2024-09-22T12:52:50.598091+00:00, execution_date=20240922T125250, start_date=20240922T125256, end_date=20240922T125256
[2024-09-22T12:52:56.689+0000] {local_task_job_runner.py:266} INFO - Task exited with return code 0
[2024-09-22T12:52:56.704+0000] {taskinstance.py:3900} INFO - 0 downstream tasks scheduled from follow-on schedule check
[2024-09-22T12:52:56.706+0000] {local_task_job_runner.py:245} INFO - ::endgroup::
