[2024-09-22T13:09:47.014+0000] {local_task_job_runner.py:123} INFO - ::group::Pre task execution logs
[2024-09-22T13:09:47.026+0000] {taskinstance.py:2612} INFO - Dependencies all met for dep_context=non-requeueable deps ti=<TaskInstance: etl_dag.echo_task manual__2024-09-22T13:09:41.212416+00:00 [queued]>
[2024-09-22T13:09:47.033+0000] {taskinstance.py:2612} INFO - Dependencies all met for dep_context=requeueable deps ti=<TaskInstance: etl_dag.echo_task manual__2024-09-22T13:09:41.212416+00:00 [queued]>
[2024-09-22T13:09:47.034+0000] {taskinstance.py:2865} INFO - Starting attempt 1 of 2
[2024-09-22T13:09:47.042+0000] {taskinstance.py:2888} INFO - Executing <Task(BashOperator): echo_task> on 2024-09-22 13:09:41.212416+00:00
[2024-09-22T13:09:47.045+0000] {warnings.py:112} WARNING - /home/***/.local/lib/python3.12/site-packages/***/task/task_runner/standard_task_runner.py:70: DeprecationWarning: This process (pid=3450) is multi-threaded, use of fork() may lead to deadlocks in the child.
  pid = os.fork()

[2024-09-22T13:09:47.046+0000] {standard_task_runner.py:72} INFO - Started process 3451 to run task
[2024-09-22T13:09:47.046+0000] {standard_task_runner.py:104} INFO - Running: ['***', 'tasks', 'run', 'etl_dag', 'echo_task', 'manual__2024-09-22T13:09:41.212416+00:00', '--job-id', '925', '--raw', '--subdir', 'DAGS_FOLDER/etl_dag.py', '--cfg-path', '/tmp/tmpj2xtutyg']
[2024-09-22T13:09:47.048+0000] {standard_task_runner.py:105} INFO - Job 925: Subtask echo_task
[2024-09-22T13:09:47.085+0000] {task_command.py:467} INFO - Running <TaskInstance: etl_dag.echo_task manual__2024-09-22T13:09:41.212416+00:00 [running]> on host 6e2558f7c62d
[2024-09-22T13:09:47.143+0000] {taskinstance.py:3131} INFO - Exporting env vars: AIRFLOW_CTX_DAG_OWNER='***' AIRFLOW_CTX_DAG_ID='etl_dag' AIRFLOW_CTX_TASK_ID='echo_task' AIRFLOW_CTX_EXECUTION_DATE='2024-09-22T13:09:41.212416+00:00' AIRFLOW_CTX_TRY_NUMBER='1' AIRFLOW_CTX_DAG_RUN_ID='manual__2024-09-22T13:09:41.212416+00:00'
[2024-09-22T13:09:47.146+0000] {taskinstance.py:731} INFO - ::endgroup::
[2024-09-22T13:09:47.150+0000] {subprocess.py:63} INFO - Tmp dir root location: /tmp
[2024-09-22T13:09:47.153+0000] {subprocess.py:75} INFO - Running command: ['/usr/bin/bash', '-c', 'echo Successfully']
[2024-09-22T13:09:47.161+0000] {subprocess.py:86} INFO - Output:
[2024-09-22T13:09:47.165+0000] {subprocess.py:93} INFO - Successfully
[2024-09-22T13:09:47.166+0000] {subprocess.py:97} INFO - Command exited with return code 0
[2024-09-22T13:09:47.188+0000] {taskinstance.py:340} INFO - ::group::Post task execution logs
[2024-09-22T13:09:47.189+0000] {taskinstance.py:352} INFO - Marking task as SUCCESS. dag_id=etl_dag, task_id=echo_task, run_id=manual__2024-09-22T13:09:41.212416+00:00, execution_date=20240922T130941, start_date=20240922T130947, end_date=20240922T130947
[2024-09-22T13:09:47.227+0000] {local_task_job_runner.py:266} INFO - Task exited with return code 0
[2024-09-22T13:09:47.242+0000] {taskinstance.py:3900} INFO - 0 downstream tasks scheduled from follow-on schedule check
[2024-09-22T13:09:47.244+0000] {local_task_job_runner.py:245} INFO - ::endgroup::
