[2024-09-22T13:02:10.260+0000] {local_task_job_runner.py:123} INFO - ::group::Pre task execution logs
[2024-09-22T13:02:10.277+0000] {taskinstance.py:2612} INFO - Dependencies all met for dep_context=non-requeueable deps ti=<TaskInstance: create_table_dag.echo_task manual__2024-09-22T13:02:01.191600+00:00 [queued]>
[2024-09-22T13:02:10.291+0000] {taskinstance.py:2612} INFO - Dependencies all met for dep_context=requeueable deps ti=<TaskInstance: create_table_dag.echo_task manual__2024-09-22T13:02:01.191600+00:00 [queued]>
[2024-09-22T13:02:10.292+0000] {taskinstance.py:2865} INFO - Starting attempt 1 of 2
[2024-09-22T13:02:10.303+0000] {taskinstance.py:2888} INFO - Executing <Task(BashOperator): echo_task> on 2024-09-22 13:02:01.191600+00:00
[2024-09-22T13:02:10.318+0000] {standard_task_runner.py:104} INFO - Running: ['***', 'tasks', 'run', 'create_table_dag', 'echo_task', 'manual__2024-09-22T13:02:01.191600+00:00', '--job-id', '878', '--raw', '--subdir', 'DAGS_FOLDER/create_table_dag.py', '--cfg-path', '/tmp/tmpzbpiu8x4']
[2024-09-22T13:02:10.318+0000] {warnings.py:112} WARNING - /home/***/.local/lib/python3.12/site-packages/***/task/task_runner/standard_task_runner.py:70: DeprecationWarning: This process (pid=3205) is multi-threaded, use of fork() may lead to deadlocks in the child.
  pid = os.fork()

[2024-09-22T13:02:10.322+0000] {standard_task_runner.py:72} INFO - Started process 3206 to run task
[2024-09-22T13:02:10.321+0000] {standard_task_runner.py:105} INFO - Job 878: Subtask echo_task
[2024-09-22T13:02:10.419+0000] {task_command.py:467} INFO - Running <TaskInstance: create_table_dag.echo_task manual__2024-09-22T13:02:01.191600+00:00 [running]> on host 6e2558f7c62d
[2024-09-22T13:02:10.477+0000] {taskinstance.py:3131} INFO - Exporting env vars: AIRFLOW_CTX_DAG_OWNER='***' AIRFLOW_CTX_DAG_ID='create_table_dag' AIRFLOW_CTX_TASK_ID='echo_task' AIRFLOW_CTX_EXECUTION_DATE='2024-09-22T13:02:01.191600+00:00' AIRFLOW_CTX_TRY_NUMBER='1' AIRFLOW_CTX_DAG_RUN_ID='manual__2024-09-22T13:02:01.191600+00:00'
[2024-09-22T13:02:10.478+0000] {taskinstance.py:731} INFO - ::endgroup::
[2024-09-22T13:02:10.481+0000] {subprocess.py:63} INFO - Tmp dir root location: /tmp
[2024-09-22T13:02:10.484+0000] {subprocess.py:75} INFO - Running command: ['/usr/bin/bash', '-c', 'echo created table successfully']
[2024-09-22T13:02:10.507+0000] {subprocess.py:86} INFO - Output:
[2024-09-22T13:02:10.519+0000] {subprocess.py:93} INFO - created table successfully
[2024-09-22T13:02:10.521+0000] {subprocess.py:97} INFO - Command exited with return code 0
[2024-09-22T13:02:10.787+0000] {taskinstance.py:340} INFO - ::group::Post task execution logs
[2024-09-22T13:02:10.790+0000] {taskinstance.py:352} INFO - Marking task as SUCCESS. dag_id=create_table_dag, task_id=echo_task, run_id=manual__2024-09-22T13:02:01.191600+00:00, execution_date=20240922T130201, start_date=20240922T130210, end_date=20240922T130210
[2024-09-22T13:02:10.843+0000] {local_task_job_runner.py:266} INFO - Task exited with return code 0
[2024-09-22T13:02:10.874+0000] {taskinstance.py:3900} INFO - 0 downstream tasks scheduled from follow-on schedule check
[2024-09-22T13:02:10.877+0000] {local_task_job_runner.py:245} INFO - ::endgroup::
