[2024-09-22T11:57:41.979+0000] {local_task_job_runner.py:123} INFO - ::group::Pre task execution logs
[2024-09-22T11:57:41.994+0000] {taskinstance.py:2612} INFO - Dependencies all met for dep_context=non-requeueable deps ti=<TaskInstance: etl_dag.echo_task manual__2024-09-22T11:57:37.572892+00:00 [queued]>
[2024-09-22T11:57:42.000+0000] {taskinstance.py:2612} INFO - Dependencies all met for dep_context=requeueable deps ti=<TaskInstance: etl_dag.echo_task manual__2024-09-22T11:57:37.572892+00:00 [queued]>
[2024-09-22T11:57:42.001+0000] {taskinstance.py:2865} INFO - Starting attempt 1 of 2
[2024-09-22T11:57:42.010+0000] {taskinstance.py:2888} INFO - Executing <Task(BashOperator): echo_task> on 2024-09-22 11:57:37.572892+00:00
[2024-09-22T11:57:42.013+0000] {warnings.py:112} WARNING - /home/***/.local/lib/python3.12/site-packages/***/task/task_runner/standard_task_runner.py:70: DeprecationWarning: This process (pid=1644) is multi-threaded, use of fork() may lead to deadlocks in the child.
  pid = os.fork()

[2024-09-22T11:57:42.015+0000] {standard_task_runner.py:72} INFO - Started process 1645 to run task
[2024-09-22T11:57:42.015+0000] {standard_task_runner.py:104} INFO - Running: ['***', 'tasks', 'run', 'etl_dag', 'echo_task', 'manual__2024-09-22T11:57:37.572892+00:00', '--job-id', '642', '--raw', '--subdir', 'DAGS_FOLDER/etl_dag.py', '--cfg-path', '/tmp/tmpm9iihj9w']
[2024-09-22T11:57:42.016+0000] {standard_task_runner.py:105} INFO - Job 642: Subtask echo_task
[2024-09-22T11:57:42.054+0000] {task_command.py:467} INFO - Running <TaskInstance: etl_dag.echo_task manual__2024-09-22T11:57:37.572892+00:00 [running]> on host 6e2558f7c62d
[2024-09-22T11:57:42.185+0000] {taskinstance.py:3131} INFO - Exporting env vars: AIRFLOW_CTX_DAG_OWNER='***' AIRFLOW_CTX_DAG_ID='etl_dag' AIRFLOW_CTX_TASK_ID='echo_task' AIRFLOW_CTX_EXECUTION_DATE='2024-09-22T11:57:37.572892+00:00' AIRFLOW_CTX_TRY_NUMBER='1' AIRFLOW_CTX_DAG_RUN_ID='manual__2024-09-22T11:57:37.572892+00:00'
[2024-09-22T11:57:42.187+0000] {taskinstance.py:731} INFO - ::endgroup::
[2024-09-22T11:57:42.192+0000] {subprocess.py:63} INFO - Tmp dir root location: /tmp
[2024-09-22T11:57:42.193+0000] {subprocess.py:75} INFO - Running command: ['/usr/bin/bash', '-c', "echo [{'cust_id': 'e14eFB2C7Df50fe', 'name': 'Mr. Lawrence Stuart', 'sex': 'Male', 'age': 13, 'address': '49335 Fry Mountain Apt. 839', 'phone': '397.412.7790x1821', 'job': 'Training and development officer'}, {'cust_id': 'eB3B3cDEf58a3dF', 'name': 'Mr. Evan Black', 'sex': 'Male', 'age': 22, 'address': '322 Terrence Stravenue', 'phone': '443.674.9704', 'job': 'Textile designer'}, {'cust_id': 'B3AB5e0Cf8d86E7', 'name': 'Dr. Cory Schmitt', 'sex': 'Female', 'age': 48, 'address': '69535 Kelli Prairie', 'phone': '589.360.7181x2353', 'job': 'Psychiatric nurse'}, {'cust_id': '3093cDcae16FdEd', 'name': 'Mrs. Sara Davies PhD', 'sex': 'Male', 'age': 47, 'address': '14038 Kaitlyn Vista Suite 922', 'phone': '(252)843-6926', 'job': 'Sales executive'}, {'cust_id': '3C8E16BBB4EBEc8', 'name': 'Mercedes Blake', 'sex': 'Female', 'age': 32, 'address': '891 Allison Shore', 'phone': '+1-280-424-4241x91062', 'job': 'Osteopath'}]"]
[2024-09-22T11:57:42.199+0000] {subprocess.py:86} INFO - Output:
[2024-09-22T11:57:42.201+0000] {subprocess.py:93} INFO - [{cust_id: e14eFB2C7Df50fe, name: Mr. Lawrence Stuart, sex: Male, age: 13, address: 49335 Fry Mountain Apt. 839, phone: 397.412.7790x1821, job: Training and development officer}, {cust_id: eB3B3cDEf58a3dF, name: Mr. Evan Black, sex: Male, age: 22, address: 322 Terrence Stravenue, phone: 443.674.9704, job: Textile designer}, {cust_id: B3AB5e0Cf8d86E7, name: Dr. Cory Schmitt, sex: Female, age: 48, address: 69535 Kelli Prairie, phone: 589.360.7181x2353, job: Psychiatric nurse}, {cust_id: 3093cDcae16FdEd, name: Mrs. Sara Davies PhD, sex: Male, age: 47, address: 14038 Kaitlyn Vista Suite 922, phone: (252)843-6926, job: Sales executive}, {cust_id: 3C8E16BBB4EBEc8, name: Mercedes Blake, sex: Female, age: 32, address: 891 Allison Shore, phone: +1-280-424-4241x91062, job: Osteopath}]
[2024-09-22T11:57:42.202+0000] {subprocess.py:97} INFO - Command exited with return code 0
[2024-09-22T11:57:42.226+0000] {taskinstance.py:340} INFO - ::group::Post task execution logs
[2024-09-22T11:57:42.228+0000] {taskinstance.py:352} INFO - Marking task as SUCCESS. dag_id=etl_dag, task_id=echo_task, run_id=manual__2024-09-22T11:57:37.572892+00:00, execution_date=20240922T115737, start_date=20240922T115741, end_date=20240922T115742
[2024-09-22T11:57:42.283+0000] {local_task_job_runner.py:266} INFO - Task exited with return code 0
[2024-09-22T11:57:42.301+0000] {taskinstance.py:3900} INFO - 1 downstream tasks scheduled from follow-on schedule check
[2024-09-22T11:57:42.303+0000] {local_task_job_runner.py:245} INFO - ::endgroup::
