[2024-09-22T12:33:48.167+0000] {local_task_job_runner.py:123} INFO - ::group::Pre task execution logs
[2024-09-22T12:33:48.191+0000] {taskinstance.py:2612} INFO - Dependencies all met for dep_context=non-requeueable deps ti=<TaskInstance: etl_dag.load manual__2024-09-22T12:33:39.942928+00:00 [queued]>
[2024-09-22T12:33:48.205+0000] {taskinstance.py:2612} INFO - Dependencies all met for dep_context=requeueable deps ti=<TaskInstance: etl_dag.load manual__2024-09-22T12:33:39.942928+00:00 [queued]>
[2024-09-22T12:33:48.207+0000] {taskinstance.py:2865} INFO - Starting attempt 1 of 2
[2024-09-22T12:33:48.219+0000] {taskinstance.py:2888} INFO - Executing <Task(_PythonDecoratedOperator): load> on 2024-09-22 12:33:39.942928+00:00
[2024-09-22T12:33:48.226+0000] {warnings.py:112} WARNING - /home/***/.local/lib/python3.12/site-packages/***/task/task_runner/standard_task_runner.py:70: DeprecationWarning: This process (pid=2572) is multi-threaded, use of fork() may lead to deadlocks in the child.
  pid = os.fork()

[2024-09-22T12:33:48.229+0000] {standard_task_runner.py:104} INFO - Running: ['***', 'tasks', 'run', 'etl_dag', 'load', 'manual__2024-09-22T12:33:39.942928+00:00', '--job-id', '788', '--raw', '--subdir', 'DAGS_FOLDER/etl_dag.py', '--cfg-path', '/tmp/tmppbu1co2e']
[2024-09-22T12:33:48.231+0000] {standard_task_runner.py:105} INFO - Job 788: Subtask load
[2024-09-22T12:33:48.230+0000] {standard_task_runner.py:72} INFO - Started process 2573 to run task
[2024-09-22T12:33:48.283+0000] {task_command.py:467} INFO - Running <TaskInstance: etl_dag.load manual__2024-09-22T12:33:39.942928+00:00 [running]> on host 6e2558f7c62d
[2024-09-22T12:33:48.338+0000] {taskinstance.py:3131} INFO - Exporting env vars: AIRFLOW_CTX_DAG_OWNER='***' AIRFLOW_CTX_DAG_ID='etl_dag' AIRFLOW_CTX_TASK_ID='load' AIRFLOW_CTX_EXECUTION_DATE='2024-09-22T12:33:39.942928+00:00' AIRFLOW_CTX_TRY_NUMBER='1' AIRFLOW_CTX_DAG_RUN_ID='manual__2024-09-22T12:33:39.942928+00:00'
[2024-09-22T12:33:48.340+0000] {taskinstance.py:731} INFO - ::endgroup::
[2024-09-22T12:33:48.382+0000] {logging_mixin.py:190} INFO - db ok
[2024-09-22T12:33:48.383+0000] {logging_mixin.py:190} INFO - {'cust_id': 'EfaAAFDdc8b4BA6', 'name': 'Marcus Fox II', 'sex': 'Male', 'age': 58, 'address': '767 Foster Turnpike', 'phone': '(767)245-0873x5649', 'job': 'Conservation officer, nature'}
[2024-09-22T12:33:48.385+0000] {logging_mixin.py:190} INFO - {'cust_id': 'fccDB3a302ACc6E', 'name': 'Miguel Ryan', 'sex': 'Female', 'age': 18, 'address': '9503 Levine Courts Suite 370', 'phone': '798.324.9253', 'job': 'Development worker, community'}
[2024-09-22T12:33:48.393+0000] {python.py:240} INFO - Done. Returned value was: None
[2024-09-22T12:33:48.402+0000] {taskinstance.py:340} INFO - ::group::Post task execution logs
[2024-09-22T12:33:48.403+0000] {taskinstance.py:352} INFO - Marking task as SUCCESS. dag_id=etl_dag, task_id=load, run_id=manual__2024-09-22T12:33:39.942928+00:00, execution_date=20240922T123339, start_date=20240922T123348, end_date=20240922T123348
[2024-09-22T12:33:48.414+0000] {local_task_job_runner.py:266} INFO - Task exited with return code 0
[2024-09-22T12:33:48.427+0000] {taskinstance.py:3900} INFO - 0 downstream tasks scheduled from follow-on schedule check
[2024-09-22T12:33:48.429+0000] {local_task_job_runner.py:245} INFO - ::endgroup::
