[2024-09-17T18:55:10.123+0000] {local_task_job_runner.py:123} INFO - ::group::Pre task execution logs
[2024-09-17T18:55:10.134+0000] {taskinstance.py:2612} INFO - Dependencies all met for dep_context=non-requeueable deps ti=<TaskInstance: first_dag.second_task manual__2024-09-17T18:55:07.983655+00:00 [queued]>
[2024-09-17T18:55:10.140+0000] {taskinstance.py:2612} INFO - Dependencies all met for dep_context=requeueable deps ti=<TaskInstance: first_dag.second_task manual__2024-09-17T18:55:07.983655+00:00 [queued]>
[2024-09-17T18:55:10.141+0000] {taskinstance.py:2865} INFO - Starting attempt 1 of 6
[2024-09-17T18:55:10.149+0000] {taskinstance.py:2888} INFO - Executing <Task(BashOperator): second_task> on 2024-09-17 18:55:07.983655+00:00
[2024-09-17T18:55:10.154+0000] {warnings.py:112} WARNING - /home/***/.local/lib/python3.12/site-packages/***/task/task_runner/standard_task_runner.py:70: DeprecationWarning: This process (pid=337) is multi-threaded, use of fork() may lead to deadlocks in the child.
  pid = os.fork()

[2024-09-17T18:55:10.156+0000] {standard_task_runner.py:72} INFO - Started process 338 to run task
[2024-09-17T18:55:10.156+0000] {standard_task_runner.py:104} INFO - Running: ['***', 'tasks', 'run', 'first_dag', 'second_task', 'manual__2024-09-17T18:55:07.983655+00:00', '--job-id', '45', '--raw', '--subdir', 'DAGS_FOLDER/first_dag.py', '--cfg-path', '/tmp/tmpi78dm613']
[2024-09-17T18:55:10.158+0000] {standard_task_runner.py:105} INFO - Job 45: Subtask second_task
[2024-09-17T18:55:10.190+0000] {task_command.py:467} INFO - Running <TaskInstance: first_dag.second_task manual__2024-09-17T18:55:07.983655+00:00 [running]> on host 7c2c6c4cfe77
[2024-09-17T18:55:10.266+0000] {taskinstance.py:3131} INFO - Exporting env vars: AIRFLOW_CTX_DAG_OWNER='***' AIRFLOW_CTX_DAG_ID='first_dag' AIRFLOW_CTX_TASK_ID='second_task' AIRFLOW_CTX_EXECUTION_DATE='2024-09-17T18:55:07.983655+00:00' AIRFLOW_CTX_TRY_NUMBER='1' AIRFLOW_CTX_DAG_RUN_ID='manual__2024-09-17T18:55:07.983655+00:00'
[2024-09-17T18:55:10.268+0000] {taskinstance.py:731} INFO - ::endgroup::
[2024-09-17T18:55:10.271+0000] {subprocess.py:63} INFO - Tmp dir root location: /tmp
[2024-09-17T18:55:10.272+0000] {subprocess.py:75} INFO - Running command: ['/usr/bin/bash', '-c', 'echo hey am task 2 and will be running after task 1']
[2024-09-17T18:55:10.279+0000] {subprocess.py:86} INFO - Output:
[2024-09-17T18:55:10.281+0000] {subprocess.py:93} INFO - hey am task 2 and will be running after task 1
[2024-09-17T18:55:10.282+0000] {subprocess.py:97} INFO - Command exited with return code 0
[2024-09-17T18:55:10.300+0000] {taskinstance.py:340} INFO - ::group::Post task execution logs
[2024-09-17T18:55:10.302+0000] {taskinstance.py:352} INFO - Marking task as SUCCESS. dag_id=first_dag, task_id=second_task, run_id=manual__2024-09-17T18:55:07.983655+00:00, execution_date=20240917T185507, start_date=20240917T185510, end_date=20240917T185510
[2024-09-17T18:55:10.341+0000] {local_task_job_runner.py:266} INFO - Task exited with return code 0
[2024-09-17T18:55:10.360+0000] {taskinstance.py:3900} INFO - 0 downstream tasks scheduled from follow-on schedule check
[2024-09-17T18:55:10.363+0000] {local_task_job_runner.py:245} INFO - ::endgroup::
