[2024-09-22T11:48:02.393+0000] {local_task_job_runner.py:123} INFO - ::group::Pre task execution logs
[2024-09-22T11:48:02.407+0000] {taskinstance.py:2612} INFO - Dependencies all met for dep_context=non-requeueable deps ti=<TaskInstance: etl_dag.load manual__2024-09-22T11:47:56.580019+00:00 [queued]>
[2024-09-22T11:48:02.413+0000] {taskinstance.py:2612} INFO - Dependencies all met for dep_context=requeueable deps ti=<TaskInstance: etl_dag.load manual__2024-09-22T11:47:56.580019+00:00 [queued]>
[2024-09-22T11:48:02.415+0000] {taskinstance.py:2865} INFO - Starting attempt 1 of 2
[2024-09-22T11:48:02.425+0000] {taskinstance.py:2888} INFO - Executing <Task(_PythonDecoratedOperator): load> on 2024-09-22 11:47:56.580019+00:00
[2024-09-22T11:48:02.431+0000] {warnings.py:112} WARNING - /home/***/.local/lib/python3.12/site-packages/***/task/task_runner/standard_task_runner.py:70: DeprecationWarning: This process (pid=1461) is multi-threaded, use of fork() may lead to deadlocks in the child.
  pid = os.fork()

[2024-09-22T11:48:02.433+0000] {standard_task_runner.py:72} INFO - Started process 1462 to run task
[2024-09-22T11:48:02.433+0000] {standard_task_runner.py:104} INFO - Running: ['***', 'tasks', 'run', 'etl_dag', 'load', 'manual__2024-09-22T11:47:56.580019+00:00', '--job-id', '621', '--raw', '--subdir', 'DAGS_FOLDER/etl_dag.py', '--cfg-path', '/tmp/tmpt75_zegn']
[2024-09-22T11:48:02.434+0000] {standard_task_runner.py:105} INFO - Job 621: Subtask load
[2024-09-22T11:48:02.469+0000] {task_command.py:467} INFO - Running <TaskInstance: etl_dag.load manual__2024-09-22T11:47:56.580019+00:00 [running]> on host 6e2558f7c62d
[2024-09-22T11:48:02.524+0000] {taskinstance.py:3131} INFO - Exporting env vars: AIRFLOW_CTX_DAG_OWNER='***' AIRFLOW_CTX_DAG_ID='etl_dag' AIRFLOW_CTX_TASK_ID='load' AIRFLOW_CTX_EXECUTION_DATE='2024-09-22T11:47:56.580019+00:00' AIRFLOW_CTX_TRY_NUMBER='1' AIRFLOW_CTX_DAG_RUN_ID='manual__2024-09-22T11:47:56.580019+00:00'
[2024-09-22T11:48:02.525+0000] {taskinstance.py:731} INFO - ::endgroup::
[2024-09-22T11:48:02.527+0000] {logging_mixin.py:190} INFO - {{ task_instance.xcom_pull(task_ids='extract_customers_api', dag_id='etl_dag', key='return_value') }}
[2024-09-22T11:48:02.528+0000] {logging_mixin.py:190} INFO - {{ task_instance.xcom_pull(task_ids='extract_customers_api', dag_id='etl_dag', key='return_value') }}
[2024-09-22T11:48:02.529+0000] {python.py:240} INFO - Done. Returned value was: None
[2024-09-22T11:48:02.537+0000] {taskinstance.py:340} INFO - ::group::Post task execution logs
[2024-09-22T11:48:02.538+0000] {taskinstance.py:352} INFO - Marking task as SUCCESS. dag_id=etl_dag, task_id=load, run_id=manual__2024-09-22T11:47:56.580019+00:00, execution_date=20240922T114756, start_date=20240922T114802, end_date=20240922T114802
[2024-09-22T11:48:02.573+0000] {local_task_job_runner.py:266} INFO - Task exited with return code 0
[2024-09-22T11:48:02.592+0000] {taskinstance.py:3900} INFO - 0 downstream tasks scheduled from follow-on schedule check
[2024-09-22T11:48:02.594+0000] {local_task_job_runner.py:245} INFO - ::endgroup::
