[2024-09-22T09:39:05.747+0000] {local_task_job_runner.py:123} INFO - ::group::Pre task execution logs
[2024-09-22T09:39:05.765+0000] {taskinstance.py:2612} INFO - Dependencies all met for dep_context=non-requeueable deps ti=<TaskInstance: etl_dag.echo_task manual__2024-09-22T09:39:04.407458+00:00 [queued]>
[2024-09-22T09:39:05.783+0000] {taskinstance.py:2612} INFO - Dependencies all met for dep_context=requeueable deps ti=<TaskInstance: etl_dag.echo_task manual__2024-09-22T09:39:04.407458+00:00 [queued]>
[2024-09-22T09:39:05.784+0000] {taskinstance.py:2865} INFO - Starting attempt 1 of 2
[2024-09-22T09:39:05.796+0000] {taskinstance.py:2888} INFO - Executing <Task(BashOperator): echo_task> on 2024-09-22 09:39:04.407458+00:00
[2024-09-22T09:39:05.801+0000] {warnings.py:112} WARNING - /home/***/.local/lib/python3.12/site-packages/***/task/task_runner/standard_task_runner.py:70: DeprecationWarning: This process (pid=1254) is multi-threaded, use of fork() may lead to deadlocks in the child.
  pid = os.fork()

[2024-09-22T09:39:05.803+0000] {standard_task_runner.py:72} INFO - Started process 1257 to run task
[2024-09-22T09:39:05.805+0000] {standard_task_runner.py:104} INFO - Running: ['***', 'tasks', 'run', 'etl_dag', 'echo_task', 'manual__2024-09-22T09:39:04.407458+00:00', '--job-id', '376', '--raw', '--subdir', 'DAGS_FOLDER/etl_dag.py', '--cfg-path', '/tmp/tmpobw65nrr']
[2024-09-22T09:39:05.806+0000] {standard_task_runner.py:105} INFO - Job 376: Subtask echo_task
[2024-09-22T09:39:05.860+0000] {task_command.py:467} INFO - Running <TaskInstance: etl_dag.echo_task manual__2024-09-22T09:39:04.407458+00:00 [running]> on host 6e2558f7c62d
[2024-09-22T09:39:05.934+0000] {taskinstance.py:3131} INFO - Exporting env vars: AIRFLOW_CTX_DAG_OWNER='***' AIRFLOW_CTX_DAG_ID='etl_dag' AIRFLOW_CTX_TASK_ID='echo_task' AIRFLOW_CTX_EXECUTION_DATE='2024-09-22T09:39:04.407458+00:00' AIRFLOW_CTX_TRY_NUMBER='1' AIRFLOW_CTX_DAG_RUN_ID='manual__2024-09-22T09:39:04.407458+00:00'
[2024-09-22T09:39:05.939+0000] {taskinstance.py:731} INFO - ::endgroup::
[2024-09-22T09:39:05.943+0000] {subprocess.py:63} INFO - Tmp dir root location: /tmp
[2024-09-22T09:39:05.945+0000] {subprocess.py:75} INFO - Running command: ['/usr/bin/bash', '-c', 'echo created table successfully']
[2024-09-22T09:39:05.952+0000] {subprocess.py:86} INFO - Output:
[2024-09-22T09:39:05.957+0000] {subprocess.py:93} INFO - created table successfully
[2024-09-22T09:39:05.959+0000] {subprocess.py:97} INFO - Command exited with return code 0
[2024-09-22T09:39:05.985+0000] {taskinstance.py:340} INFO - ::group::Post task execution logs
[2024-09-22T09:39:05.986+0000] {taskinstance.py:352} INFO - Marking task as SUCCESS. dag_id=etl_dag, task_id=echo_task, run_id=manual__2024-09-22T09:39:04.407458+00:00, execution_date=20240922T093904, start_date=20240922T093905, end_date=20240922T093905
[2024-09-22T09:39:06.025+0000] {local_task_job_runner.py:266} INFO - Task exited with return code 0
[2024-09-22T09:39:06.040+0000] {taskinstance.py:3900} INFO - 0 downstream tasks scheduled from follow-on schedule check
[2024-09-22T09:39:06.043+0000] {local_task_job_runner.py:245} INFO - ::endgroup::
