[2024-09-17T18:24:42.114+0000] {local_task_job_runner.py:123} INFO - ::group::Pre task execution logs
[2024-09-17T18:24:42.123+0000] {taskinstance.py:2612} INFO - Dependencies all met for dep_context=non-requeueable deps ti=<TaskInstance: dataset_produces_1.producing_task_1 scheduled__2024-09-16T00:00:00+00:00 [queued]>
[2024-09-17T18:24:42.128+0000] {taskinstance.py:2612} INFO - Dependencies all met for dep_context=requeueable deps ti=<TaskInstance: dataset_produces_1.producing_task_1 scheduled__2024-09-16T00:00:00+00:00 [queued]>
[2024-09-17T18:24:42.129+0000] {taskinstance.py:2865} INFO - Starting attempt 1 of 1
[2024-09-17T18:24:42.136+0000] {taskinstance.py:2888} INFO - Executing <Task(BashOperator): producing_task_1> on 2024-09-16 00:00:00+00:00
[2024-09-17T18:24:42.141+0000] {warnings.py:112} WARNING - /home/***/.local/lib/python3.12/site-packages/***/task/task_runner/standard_task_runner.py:70: DeprecationWarning: This process (pid=45) is multi-threaded, use of fork() may lead to deadlocks in the child.
  pid = os.fork()

[2024-09-17T18:24:42.144+0000] {standard_task_runner.py:72} INFO - Started process 46 to run task
[2024-09-17T18:24:42.143+0000] {standard_task_runner.py:104} INFO - Running: ['***', 'tasks', 'run', 'dataset_produces_1', 'producing_task_1', 'scheduled__2024-09-16T00:00:00+00:00', '--job-id', '6', '--raw', '--subdir', '/home/***/.local/lib/python3.12/site-packages/***/example_dags/example_datasets.py', '--cfg-path', '/tmp/tmpjg_wkoqx']
[2024-09-17T18:24:42.146+0000] {standard_task_runner.py:105} INFO - Job 6: Subtask producing_task_1
[2024-09-17T18:24:42.208+0000] {task_command.py:467} INFO - Running <TaskInstance: dataset_produces_1.producing_task_1 scheduled__2024-09-16T00:00:00+00:00 [running]> on host 5032f80a863c
[2024-09-17T18:24:42.263+0000] {taskinstance.py:3131} INFO - Exporting env vars: AIRFLOW_CTX_DAG_OWNER='***' AIRFLOW_CTX_DAG_ID='dataset_produces_1' AIRFLOW_CTX_TASK_ID='producing_task_1' AIRFLOW_CTX_EXECUTION_DATE='2024-09-16T00:00:00+00:00' AIRFLOW_CTX_TRY_NUMBER='1' AIRFLOW_CTX_DAG_RUN_ID='scheduled__2024-09-16T00:00:00+00:00'
[2024-09-17T18:24:42.266+0000] {taskinstance.py:731} INFO - ::endgroup::
[2024-09-17T18:24:42.283+0000] {subprocess.py:63} INFO - Tmp dir root location: /tmp
[2024-09-17T18:24:42.285+0000] {subprocess.py:75} INFO - Running command: ['/usr/bin/bash', '-c', 'sleep 5']
[2024-09-17T18:24:42.291+0000] {subprocess.py:86} INFO - Output:
[2024-09-17T18:24:47.309+0000] {subprocess.py:97} INFO - Command exited with return code 0
[2024-09-17T18:24:47.351+0000] {taskinstance.py:340} INFO - ::group::Post task execution logs
[2024-09-17T18:24:47.352+0000] {taskinstance.py:352} INFO - Marking task as SUCCESS. dag_id=dataset_produces_1, task_id=producing_task_1, run_id=scheduled__2024-09-16T00:00:00+00:00, execution_date=20240916T000000, start_date=20240917T182442, end_date=20240917T182447
[2024-09-17T18:24:47.417+0000] {local_task_job_runner.py:266} INFO - Task exited with return code 0
[2024-09-17T18:24:47.429+0000] {taskinstance.py:3900} INFO - 0 downstream tasks scheduled from follow-on schedule check
[2024-09-17T18:24:47.431+0000] {local_task_job_runner.py:245} INFO - ::endgroup::
