[2024-09-22T11:36:39.367+0000] {local_task_job_runner.py:123} INFO - ::group::Pre task execution logs
[2024-09-22T11:36:39.730+0000] {taskinstance.py:2612} INFO - Dependencies all met for dep_context=non-requeueable deps ti=<TaskInstance: etl_dag.echo_task manual__2024-09-22T11:36:03.363373+00:00 [queued]>
[2024-09-22T11:36:39.787+0000] {taskinstance.py:2612} INFO - Dependencies all met for dep_context=requeueable deps ti=<TaskInstance: etl_dag.echo_task manual__2024-09-22T11:36:03.363373+00:00 [queued]>
[2024-09-22T11:36:39.792+0000] {taskinstance.py:2865} INFO - Starting attempt 1 of 2
[2024-09-22T11:36:39.844+0000] {taskinstance.py:2888} INFO - Executing <Task(BashOperator): echo_task> on 2024-09-22 11:36:03.363373+00:00
[2024-09-22T11:36:39.891+0000] {warnings.py:112} WARNING - /home/***/.local/lib/python3.12/site-packages/***/task/task_runner/standard_task_runner.py:70: DeprecationWarning: This process (pid=1115) is multi-threaded, use of fork() may lead to deadlocks in the child.
  pid = os.fork()

[2024-09-22T11:36:39.915+0000] {standard_task_runner.py:72} INFO - Started process 1116 to run task
[2024-09-22T11:36:39.928+0000] {standard_task_runner.py:104} INFO - Running: ['***', 'tasks', 'run', 'etl_dag', 'echo_task', 'manual__2024-09-22T11:36:03.363373+00:00', '--job-id', '557', '--raw', '--subdir', 'DAGS_FOLDER/etl_dag.py', '--cfg-path', '/tmp/tmptq126tc5']
[2024-09-22T11:36:39.935+0000] {standard_task_runner.py:105} INFO - Job 557: Subtask echo_task
[2024-09-22T11:36:40.053+0000] {task_command.py:467} INFO - Running <TaskInstance: etl_dag.echo_task manual__2024-09-22T11:36:03.363373+00:00 [running]> on host 6e2558f7c62d
[2024-09-22T11:36:40.185+0000] {taskinstance.py:3131} INFO - Exporting env vars: AIRFLOW_CTX_DAG_OWNER='***' AIRFLOW_CTX_DAG_ID='etl_dag' AIRFLOW_CTX_TASK_ID='echo_task' AIRFLOW_CTX_EXECUTION_DATE='2024-09-22T11:36:03.363373+00:00' AIRFLOW_CTX_TRY_NUMBER='1' AIRFLOW_CTX_DAG_RUN_ID='manual__2024-09-22T11:36:03.363373+00:00'
[2024-09-22T11:36:40.187+0000] {taskinstance.py:731} INFO - ::endgroup::
[2024-09-22T11:36:40.204+0000] {subprocess.py:63} INFO - Tmp dir root location: /tmp
[2024-09-22T11:36:40.207+0000] {subprocess.py:75} INFO - Running command: ['/usr/bin/bash', '-c', "echo [{'cust_id': 'e8801C09Bd0Aa9d', 'name': 'Mrs. Kelli Bowen PhD', 'sex': 'Male', 'age': 40, 'address': '9424 Adams Springs', 'phone': '001-728-633-1624x44718', 'job': 'Accountant, chartered certified'}, {'cust_id': '2Ec98a8F768c062', 'name': 'Connor Lindsey DVM', 'sex': 'Male', 'age': 39, 'address': '877 Gloria Harbors Apt. 622', 'phone': '(866)281-4276x52304', 'job': 'Analytical chemist'}, {'cust_id': '0DBABbc7A638a1F', 'name': 'Ms. Diane Spence', 'sex': 'Female', 'age': 68, 'address': '1424 Levy Points', 'phone': '(235)926-2749x763', 'job': 'Quarry manager'}, {'cust_id': '8f7c8F9fB6284E5', 'name': 'Mr. Mason Moody', 'sex': 'Female', 'age': 28, 'address': '280 Pratt Ferry Apt. 103', 'phone': '945.736.6258x8791', 'job': 'Engineer, aeronautical'}, {'cust_id': 'bDD74BE0E7c1d3c', 'name': 'Dr. William Mckee DDS', 'sex': 'Male', 'age': 29, 'address': '89421 Carrie Streets', 'phone': '5145404737', 'job': 'Lecturer, further education'}]"]
[2024-09-22T11:36:40.216+0000] {subprocess.py:86} INFO - Output:
[2024-09-22T11:36:40.222+0000] {subprocess.py:93} INFO - [{cust_id: e8801C09Bd0Aa9d, name: Mrs. Kelli Bowen PhD, sex: Male, age: 40, address: 9424 Adams Springs, phone: 001-728-633-1624x44718, job: Accountant, chartered certified}, {cust_id: 2Ec98a8F768c062, name: Connor Lindsey DVM, sex: Male, age: 39, address: 877 Gloria Harbors Apt. 622, phone: (866)281-4276x52304, job: Analytical chemist}, {cust_id: 0DBABbc7A638a1F, name: Ms. Diane Spence, sex: Female, age: 68, address: 1424 Levy Points, phone: (235)926-2749x763, job: Quarry manager}, {cust_id: 8f7c8F9fB6284E5, name: Mr. Mason Moody, sex: Female, age: 28, address: 280 Pratt Ferry Apt. 103, phone: 945.736.6258x8791, job: Engineer, aeronautical}, {cust_id: bDD74BE0E7c1d3c, name: Dr. William Mckee DDS, sex: Male, age: 29, address: 89421 Carrie Streets, phone: 5145404737, job: Lecturer, further education}]
[2024-09-22T11:36:40.224+0000] {subprocess.py:97} INFO - Command exited with return code 0
[2024-09-22T11:36:40.265+0000] {taskinstance.py:340} INFO - ::group::Post task execution logs
[2024-09-22T11:36:40.268+0000] {taskinstance.py:352} INFO - Marking task as SUCCESS. dag_id=etl_dag, task_id=echo_task, run_id=manual__2024-09-22T11:36:03.363373+00:00, execution_date=20240922T113603, start_date=20240922T113639, end_date=20240922T113640
[2024-09-22T11:36:40.324+0000] {local_task_job_runner.py:266} INFO - Task exited with return code 0
[2024-09-22T11:36:40.357+0000] {taskinstance.py:3900} INFO - 0 downstream tasks scheduled from follow-on schedule check
[2024-09-22T11:36:40.361+0000] {local_task_job_runner.py:245} INFO - ::endgroup::
