[2024-09-22T13:05:37.803+0000] {local_task_job_runner.py:123} INFO - ::group::Pre task execution logs
[2024-09-22T13:05:37.856+0000] {taskinstance.py:2612} INFO - Dependencies all met for dep_context=non-requeueable deps ti=<TaskInstance: create_table_dag.create_product_table manual__2024-09-22T13:05:34.942796+00:00 [queued]>
[2024-09-22T13:05:37.867+0000] {taskinstance.py:2612} INFO - Dependencies all met for dep_context=requeueable deps ti=<TaskInstance: create_table_dag.create_product_table manual__2024-09-22T13:05:34.942796+00:00 [queued]>
[2024-09-22T13:05:37.868+0000] {taskinstance.py:2865} INFO - Starting attempt 1 of 2
[2024-09-22T13:05:37.888+0000] {taskinstance.py:2888} INFO - Executing <Task(SQLExecuteQueryOperator): create_product_table> on 2024-09-22 13:05:34.942796+00:00
[2024-09-22T13:05:37.900+0000] {warnings.py:112} WARNING - /home/***/.local/lib/python3.12/site-packages/***/task/task_runner/standard_task_runner.py:70: DeprecationWarning: This process (pid=3296) is multi-threaded, use of fork() may lead to deadlocks in the child.
  pid = os.fork()

[2024-09-22T13:05:37.907+0000] {standard_task_runner.py:72} INFO - Started process 3302 to run task
[2024-09-22T13:05:37.907+0000] {standard_task_runner.py:104} INFO - Running: ['***', 'tasks', 'run', 'create_table_dag', 'create_product_table', 'manual__2024-09-22T13:05:34.942796+00:00', '--job-id', '896', '--raw', '--subdir', 'DAGS_FOLDER/create_table_dag.py', '--cfg-path', '/tmp/tmp2imr9_1v']
[2024-09-22T13:05:37.911+0000] {standard_task_runner.py:105} INFO - Job 896: Subtask create_product_table
[2024-09-22T13:05:38.015+0000] {task_command.py:467} INFO - Running <TaskInstance: create_table_dag.create_product_table manual__2024-09-22T13:05:34.942796+00:00 [running]> on host 6e2558f7c62d
[2024-09-22T13:05:38.117+0000] {taskinstance.py:3131} INFO - Exporting env vars: AIRFLOW_CTX_DAG_OWNER='***' AIRFLOW_CTX_DAG_ID='create_table_dag' AIRFLOW_CTX_TASK_ID='create_product_table' AIRFLOW_CTX_EXECUTION_DATE='2024-09-22T13:05:34.942796+00:00' AIRFLOW_CTX_TRY_NUMBER='1' AIRFLOW_CTX_DAG_RUN_ID='manual__2024-09-22T13:05:34.942796+00:00'
[2024-09-22T13:05:38.119+0000] {taskinstance.py:731} INFO - ::endgroup::
[2024-09-22T13:05:38.121+0000] {sql.py:266} INFO - Executing: drop table if exists PRODUCT;

create table PRODUCT (
    prod_id varchar PRIMARY KEY,
    name varchar,
    price real
);

-- insert into PRODUCT(prod_id, name, size, price) values('94E559c49d887e6','Pizza Napoletana',5.5);
-- insert into PRODUCT(prod_id, name, size, price) values('57fDe21a4748Da3','Pizza alla diavola',21.75);
-- insert into PRODUCT(prod_id, name, size, price) values('bA03cfAcCf64FDb','Fugazza - durian',5.25);
-- insert into PRODUCT(prod_id, name, size, price) values('527E4aDFfcEBc48','VN Pizza - sausages',9.25);
-- insert into PRODUCT(prod_id, name, size, price) values('46dE3AbbcaC08FA','Tandoori Paneer pizza - pineapples',8.5);
-- insert into PRODUCT(prod_id, name, size, price) values('b29aB0C87a3edef','Fugazza - tacos',8.75);
[2024-09-22T13:05:38.132+0000] {base.py:84} INFO - Retrieving connection 'postgres_localhost'
[2024-09-22T13:05:38.144+0000] {base.py:84} INFO - Retrieving connection 'postgres_localhost'
[2024-09-22T13:05:38.150+0000] {sql.py:509} INFO - Running statement: drop table if exists PRODUCT;

create table PRODUCT (
    prod_id varchar PRIMARY KEY,
    name varchar,
    price real
);

-- insert into PRODUCT(prod_id, name, size, price) values('94E559c49d887e6','Pizza Napoletana',5.5);
-- insert into PRODUCT(prod_id, name, size, price) values('57fDe21a4748Da3','Pizza alla diavola',21.75);
-- insert into PRODUCT(prod_id, name, size, price) values('bA03cfAcCf64FDb','Fugazza - durian',5.25);
-- insert into PRODUCT(prod_id, name, size, price) values('527E4aDFfcEBc48','VN Pizza - sausages',9.25);
-- insert into PRODUCT(prod_id, name, size, price) values('46dE3AbbcaC08FA','Tandoori Paneer pizza - pineapples',8.5);
-- insert into PRODUCT(prod_id, name, size, price) values('b29aB0C87a3edef','Fugazza - tacos',8.75);, parameters: None
[2024-09-22T13:05:38.165+0000] {taskinstance.py:340} INFO - ::group::Post task execution logs
[2024-09-22T13:05:38.167+0000] {taskinstance.py:352} INFO - Marking task as SUCCESS. dag_id=create_table_dag, task_id=create_product_table, run_id=manual__2024-09-22T13:05:34.942796+00:00, execution_date=20240922T130534, start_date=20240922T130537, end_date=20240922T130538
[2024-09-22T13:05:38.218+0000] {local_task_job_runner.py:266} INFO - Task exited with return code 0
[2024-09-22T13:05:38.244+0000] {taskinstance.py:3900} INFO - 0 downstream tasks scheduled from follow-on schedule check
[2024-09-22T13:05:38.250+0000] {local_task_job_runner.py:245} INFO - ::endgroup::
