[2024-09-22T12:15:55.646+0000] {local_task_job_runner.py:123} INFO - ::group::Pre task execution logs
[2024-09-22T12:15:55.660+0000] {taskinstance.py:2612} INFO - Dependencies all met for dep_context=non-requeueable deps ti=<TaskInstance: etl_dag.load manual__2024-09-22T12:07:06.908148+00:00 [queued]>
[2024-09-22T12:15:55.667+0000] {taskinstance.py:2612} INFO - Dependencies all met for dep_context=requeueable deps ti=<TaskInstance: etl_dag.load manual__2024-09-22T12:07:06.908148+00:00 [queued]>
[2024-09-22T12:15:55.668+0000] {taskinstance.py:2865} INFO - Starting attempt 3 of 4
[2024-09-22T12:15:55.679+0000] {taskinstance.py:2888} INFO - Executing <Task(_PythonDecoratedOperator): load> on 2024-09-22 12:07:06.908148+00:00
[2024-09-22T12:15:55.682+0000] {warnings.py:112} WARNING - /home/***/.local/lib/python3.12/site-packages/***/task/task_runner/standard_task_runner.py:70: DeprecationWarning: This process (pid=2078) is multi-threaded, use of fork() may lead to deadlocks in the child.
  pid = os.fork()

[2024-09-22T12:15:55.684+0000] {standard_task_runner.py:72} INFO - Started process 2079 to run task
[2024-09-22T12:15:55.684+0000] {standard_task_runner.py:104} INFO - Running: ['***', 'tasks', 'run', 'etl_dag', 'load', 'manual__2024-09-22T12:07:06.908148+00:00', '--job-id', '705', '--raw', '--subdir', 'DAGS_FOLDER/etl_dag.py', '--cfg-path', '/tmp/tmpuo9zkx8j']
[2024-09-22T12:15:55.685+0000] {standard_task_runner.py:105} INFO - Job 705: Subtask load
[2024-09-22T12:15:55.737+0000] {task_command.py:467} INFO - Running <TaskInstance: etl_dag.load manual__2024-09-22T12:07:06.908148+00:00 [running]> on host 6e2558f7c62d
[2024-09-22T12:15:55.806+0000] {taskinstance.py:3131} INFO - Exporting env vars: AIRFLOW_CTX_DAG_OWNER='***' AIRFLOW_CTX_DAG_ID='etl_dag' AIRFLOW_CTX_TASK_ID='load' AIRFLOW_CTX_EXECUTION_DATE='2024-09-22T12:07:06.908148+00:00' AIRFLOW_CTX_TRY_NUMBER='3' AIRFLOW_CTX_DAG_RUN_ID='manual__2024-09-22T12:07:06.908148+00:00'
[2024-09-22T12:15:55.808+0000] {taskinstance.py:731} INFO - ::endgroup::
[2024-09-22T12:16:10.963+0000] {local_task_job_runner.py:346} WARNING - State of this instance has been externally set to restarting. Terminating instance.
[2024-09-22T12:16:10.967+0000] {local_task_job_runner.py:245} INFO - ::endgroup::
[2024-09-22T12:16:10.971+0000] {process_utils.py:132} INFO - Sending 15 to group 2079. PIDs of all processes in the group: [2079]
[2024-09-22T12:16:10.972+0000] {process_utils.py:87} INFO - Sending the signal 15 to group 2079
[2024-09-22T12:17:10.977+0000] {process_utils.py:150} WARNING - process psutil.Process(pid=2079, name='airflow task ru', status='sleeping', started='12:15:55') did not respond to SIGTERM. Trying SIGKILL
[2024-09-22T12:17:11.011+0000] {process_utils.py:87} INFO - Sending the signal 9 to group 2079
[2024-09-22T12:17:11.045+0000] {process_utils.py:80} INFO - Process psutil.Process(pid=2079, name='airflow task ru', status='terminated', exitcode=<Negsignal.SIGKILL: -9>, started='12:15:55') (2079) terminated with exit code -9
[2024-09-22T12:17:11.049+0000] {standard_task_runner.py:190} ERROR - ('Job 705 was killed before it finished (likely due to running out of memory)', 'For more information, see https://***.apache.org/docs/apache-***/stable/troubleshooting.html#LocalTaskJob-killed')
