[2024-09-17T19:01:56.850+0000] {local_task_job_runner.py:123} INFO - ::group::Pre task execution logs
[2024-09-17T19:01:56.861+0000] {taskinstance.py:2612} INFO - Dependencies all met for dep_context=non-requeueable deps ti=<TaskInstance: first_dag.first_task manual__2024-09-17T19:01:55.765528+00:00 [queued]>
[2024-09-17T19:01:56.868+0000] {taskinstance.py:2612} INFO - Dependencies all met for dep_context=requeueable deps ti=<TaskInstance: first_dag.first_task manual__2024-09-17T19:01:55.765528+00:00 [queued]>
[2024-09-17T19:01:56.869+0000] {taskinstance.py:2865} INFO - Starting attempt 1 of 6
[2024-09-17T19:01:56.878+0000] {taskinstance.py:2888} INFO - Executing <Task(BashOperator): first_task> on 2024-09-17 19:01:55.765528+00:00
[2024-09-17T19:01:56.882+0000] {warnings.py:112} WARNING - /home/***/.local/lib/python3.12/site-packages/***/task/task_runner/standard_task_runner.py:70: DeprecationWarning: This process (pid=435) is multi-threaded, use of fork() may lead to deadlocks in the child.
  pid = os.fork()

[2024-09-17T19:01:56.883+0000] {standard_task_runner.py:104} INFO - Running: ['***', 'tasks', 'run', 'first_dag', 'first_task', 'manual__2024-09-17T19:01:55.765528+00:00', '--job-id', '49', '--raw', '--subdir', 'DAGS_FOLDER/first_dag.py', '--cfg-path', '/tmp/tmpokomvvq8']
[2024-09-17T19:01:56.885+0000] {standard_task_runner.py:72} INFO - Started process 436 to run task
[2024-09-17T19:01:56.886+0000] {standard_task_runner.py:105} INFO - Job 49: Subtask first_task
[2024-09-17T19:01:56.938+0000] {task_command.py:467} INFO - Running <TaskInstance: first_dag.first_task manual__2024-09-17T19:01:55.765528+00:00 [running]> on host 7c2c6c4cfe77
[2024-09-17T19:01:56.989+0000] {taskinstance.py:3131} INFO - Exporting env vars: AIRFLOW_CTX_DAG_OWNER='***' AIRFLOW_CTX_DAG_ID='first_dag' AIRFLOW_CTX_TASK_ID='first_task' AIRFLOW_CTX_EXECUTION_DATE='2024-09-17T19:01:55.765528+00:00' AIRFLOW_CTX_TRY_NUMBER='1' AIRFLOW_CTX_DAG_RUN_ID='manual__2024-09-17T19:01:55.765528+00:00'
[2024-09-17T19:01:56.990+0000] {taskinstance.py:731} INFO - ::endgroup::
[2024-09-17T19:01:56.992+0000] {subprocess.py:63} INFO - Tmp dir root location: /tmp
[2024-09-17T19:01:56.994+0000] {subprocess.py:75} INFO - Running command: ['/usr/bin/bash', '-c', 'echo hello world, this is my first task']
[2024-09-17T19:01:57.001+0000] {subprocess.py:86} INFO - Output:
[2024-09-17T19:01:57.004+0000] {subprocess.py:93} INFO - hello world, this is my first task
[2024-09-17T19:01:57.005+0000] {subprocess.py:97} INFO - Command exited with return code 0
[2024-09-17T19:01:57.024+0000] {taskinstance.py:340} INFO - ::group::Post task execution logs
[2024-09-17T19:01:57.025+0000] {taskinstance.py:352} INFO - Marking task as SUCCESS. dag_id=first_dag, task_id=first_task, run_id=manual__2024-09-17T19:01:55.765528+00:00, execution_date=20240917T190155, start_date=20240917T190156, end_date=20240917T190157
[2024-09-17T19:01:57.070+0000] {local_task_job_runner.py:266} INFO - Task exited with return code 0
[2024-09-17T19:01:57.088+0000] {taskinstance.py:3900} INFO - 2 downstream tasks scheduled from follow-on schedule check
[2024-09-17T19:01:57.091+0000] {local_task_job_runner.py:245} INFO - ::endgroup::
