[2024-09-19T07:46:29.242+0000] {local_task_job_runner.py:123} INFO - ::group::Pre task execution logs
[2024-09-19T07:46:29.272+0000] {taskinstance.py:2612} INFO - Dependencies all met for dep_context=non-requeueable deps ti=<TaskInstance: first_dag.second_task scheduled__2024-09-18T00:00:00+00:00 [queued]>
[2024-09-19T07:46:29.279+0000] {taskinstance.py:2612} INFO - Dependencies all met for dep_context=requeueable deps ti=<TaskInstance: first_dag.second_task scheduled__2024-09-18T00:00:00+00:00 [queued]>
[2024-09-19T07:46:29.280+0000] {taskinstance.py:2865} INFO - Starting attempt 1 of 6
[2024-09-19T07:46:29.292+0000] {taskinstance.py:2888} INFO - Executing <Task(BashOperator): second_task> on 2024-09-18 00:00:00+00:00
[2024-09-19T07:46:29.299+0000] {warnings.py:112} WARNING - /home/***/.local/lib/python3.12/site-packages/***/task/task_runner/standard_task_runner.py:70: DeprecationWarning: This process (pid=53) is multi-threaded, use of fork() may lead to deadlocks in the child.
  pid = os.fork()

[2024-09-19T07:46:29.303+0000] {standard_task_runner.py:104} INFO - Running: ['***', 'tasks', 'run', 'first_dag', 'second_task', 'scheduled__2024-09-18T00:00:00+00:00', '--job-id', '56', '--raw', '--subdir', 'DAGS_FOLDER/first_dag.py', '--cfg-path', '/tmp/tmpuwfs52yl']
[2024-09-19T07:46:29.310+0000] {standard_task_runner.py:105} INFO - Job 56: Subtask second_task
[2024-09-19T07:46:29.307+0000] {standard_task_runner.py:72} INFO - Started process 56 to run task
[2024-09-19T07:46:29.419+0000] {task_command.py:467} INFO - Running <TaskInstance: first_dag.second_task scheduled__2024-09-18T00:00:00+00:00 [running]> on host 7c2c6c4cfe77
[2024-09-19T07:46:29.527+0000] {taskinstance.py:3131} INFO - Exporting env vars: AIRFLOW_CTX_DAG_OWNER='***' AIRFLOW_CTX_DAG_ID='first_dag' AIRFLOW_CTX_TASK_ID='second_task' AIRFLOW_CTX_EXECUTION_DATE='2024-09-18T00:00:00+00:00' AIRFLOW_CTX_TRY_NUMBER='1' AIRFLOW_CTX_DAG_RUN_ID='scheduled__2024-09-18T00:00:00+00:00'
[2024-09-19T07:46:29.529+0000] {taskinstance.py:731} INFO - ::endgroup::
[2024-09-19T07:46:29.532+0000] {subprocess.py:63} INFO - Tmp dir root location: /tmp
[2024-09-19T07:46:29.534+0000] {subprocess.py:75} INFO - Running command: ['/usr/bin/bash', '-c', 'echo hey am task 2 and will be running after task 1']
[2024-09-19T07:46:29.541+0000] {subprocess.py:86} INFO - Output:
[2024-09-19T07:46:29.543+0000] {subprocess.py:93} INFO - hey am task 2 and will be running after task 1
[2024-09-19T07:46:29.544+0000] {subprocess.py:97} INFO - Command exited with return code 0
[2024-09-19T07:46:29.579+0000] {taskinstance.py:340} INFO - ::group::Post task execution logs
[2024-09-19T07:46:29.580+0000] {taskinstance.py:352} INFO - Marking task as SUCCESS. dag_id=first_dag, task_id=second_task, run_id=scheduled__2024-09-18T00:00:00+00:00, execution_date=20240918T000000, start_date=20240919T074629, end_date=20240919T074629
[2024-09-19T07:46:29.625+0000] {local_task_job_runner.py:266} INFO - Task exited with return code 0
[2024-09-19T07:46:29.651+0000] {taskinstance.py:3900} INFO - 0 downstream tasks scheduled from follow-on schedule check
[2024-09-19T07:46:29.657+0000] {local_task_job_runner.py:245} INFO - ::endgroup::
[2024-09-19T10:45:42.262+0000] {local_task_job_runner.py:123} INFO - ::group::Pre task execution logs
[2024-09-19T10:45:42.379+0000] {taskinstance.py:2612} INFO - Dependencies all met for dep_context=non-requeueable deps ti=<TaskInstance: first_dag.second_task scheduled__2024-09-18T00:00:00+00:00 [queued]>
[2024-09-19T10:45:42.519+0000] {taskinstance.py:2612} INFO - Dependencies all met for dep_context=requeueable deps ti=<TaskInstance: first_dag.second_task scheduled__2024-09-18T00:00:00+00:00 [queued]>
[2024-09-19T10:45:42.525+0000] {taskinstance.py:2865} INFO - Starting attempt 1 of 6
[2024-09-19T10:45:42.710+0000] {taskinstance.py:2888} INFO - Executing <Task(BashOperator): second_task> on 2024-09-18 00:00:00+00:00
[2024-09-19T10:45:42.734+0000] {warnings.py:112} WARNING - /home/***/.local/lib/python3.12/site-packages/***/task/task_runner/standard_task_runner.py:70: DeprecationWarning: This process (pid=569) is multi-threaded, use of fork() may lead to deadlocks in the child.
  pid = os.fork()

[2024-09-19T10:45:42.740+0000] {standard_task_runner.py:72} INFO - Started process 594 to run task
[2024-09-19T10:45:42.750+0000] {standard_task_runner.py:104} INFO - Running: ['***', 'tasks', 'run', 'first_dag', 'second_task', 'scheduled__2024-09-18T00:00:00+00:00', '--job-id', '172', '--raw', '--subdir', 'DAGS_FOLDER/first_dag.py', '--cfg-path', '/tmp/tmpks14djbv']
[2024-09-19T10:45:42.754+0000] {standard_task_runner.py:105} INFO - Job 172: Subtask second_task
[2024-09-19T10:45:42.868+0000] {task_command.py:467} INFO - Running <TaskInstance: first_dag.second_task scheduled__2024-09-18T00:00:00+00:00 [running]> on host 77aa4aabff6e
[2024-09-19T10:45:43.167+0000] {taskinstance.py:3131} INFO - Exporting env vars: AIRFLOW_CTX_DAG_OWNER='***' AIRFLOW_CTX_DAG_ID='first_dag' AIRFLOW_CTX_TASK_ID='second_task' AIRFLOW_CTX_EXECUTION_DATE='2024-09-18T00:00:00+00:00' AIRFLOW_CTX_TRY_NUMBER='1' AIRFLOW_CTX_DAG_RUN_ID='scheduled__2024-09-18T00:00:00+00:00'
[2024-09-19T10:45:43.179+0000] {taskinstance.py:731} INFO - ::endgroup::
[2024-09-19T10:45:43.193+0000] {subprocess.py:63} INFO - Tmp dir root location: /tmp
[2024-09-19T10:45:43.199+0000] {subprocess.py:75} INFO - Running command: ['/usr/bin/bash', '-c', 'echo hey am task 2 and will be running after task 1']
[2024-09-19T10:45:43.216+0000] {subprocess.py:86} INFO - Output:
[2024-09-19T10:45:43.222+0000] {subprocess.py:93} INFO - hey am task 2 and will be running after task 1
[2024-09-19T10:45:43.223+0000] {subprocess.py:97} INFO - Command exited with return code 0
[2024-09-19T10:45:43.282+0000] {taskinstance.py:340} INFO - ::group::Post task execution logs
[2024-09-19T10:45:43.286+0000] {taskinstance.py:352} INFO - Marking task as SUCCESS. dag_id=first_dag, task_id=second_task, run_id=scheduled__2024-09-18T00:00:00+00:00, execution_date=20240918T000000, start_date=20240919T104542, end_date=20240919T104543
[2024-09-19T10:45:43.356+0000] {local_task_job_runner.py:266} INFO - Task exited with return code 0
[2024-09-19T10:45:43.397+0000] {taskinstance.py:3900} INFO - 0 downstream tasks scheduled from follow-on schedule check
[2024-09-19T10:45:43.400+0000] {local_task_job_runner.py:245} INFO - ::endgroup::
